<?xml version="1.0"?>
<bookstore name="The Great Book">
  <book year="2015" isbn="ISBN0000000">
    <Authors>
      <Author>
        <Name>Fred</Name>
        <Email>fweasley@hogwarts.co.uk</Email>
      </Author>
      <Author>
        <Name>George</Name>
        <Email>gweasley@hogwarts.co.uk</Email>
      </Author>
    </Authors>
    <name>Book1</name>
  </book>
  <book>
    <Authors>
      <Author>
        <Name>Fred</Name>
        <Email>fweasley@hogwarts.co.uk</Email>
      </Author>
      <Author>
        <Name>George</Name>
        <Email>gweasley@hogwarts.co.uk</Email>
      </Author>
    </Authors>
    <name>Book1</name>
  </book>
  <book>
    <Authors>
      <Author>
        <Name>Fred</Name>
        <Email>fweasley@hogwarts.co.uk</Email>
      </Author>
      <Author>
        <Name>George</Name>
        <Email>gweasley@hogwarts.co.uk</Email>
      </Author>
    </Authors>
    <name>Book1</name>
  </book>
  <book>
    <Authors>
      <Author>
        <Name>Fred</Name>
        <Email>fweasley@hogwarts.co.uk</Email>
      </Author>
      <Author>
        <Name>George</Name>
        <Email>gweasley@hogwarts.co.uk</Email>
      </Author>
    </Authors>
    <name>Book1</name>
  </book>
  <book>
    <Authors>
      <Author>
        <Name>Fred</Name>
        <Email>fweasley@hogwarts.co.uk</Email>
      </Author>
      <Author>
        <Name>George</Name>
        <Email>gweasley@hogwarts.co.uk</Email>
      </Author>
    </Authors>
    <name>Book1</name>
  </book>
  <book>
    <Authors>
      <Author>
        <Name>Fred</Name>
        <Email>fweasley@hogwarts.co.uk</Email>
      </Author>
      <Author>
        <Name>George</Name>
        <Email>gweasley@hogwarts.co.uk</Email>
      </Author>
    </Authors>
    <name>Book1</name>
  </book>
  <book>
    <Authors>
      <Author>
        <Name>Fred</Name>
        <Email>fweasley@hogwarts.co.uk</Email>
      </Author>
      <Author>
        <Name>George</Name>
        <Email>gweasley@hogwarts.co.uk</Email>
      </Author>
    </Authors>
    <name>Book1</name>
  </book>
  <book>
    <Authors>
      <Author>
        <Name>Fred</Name>
        <Email>fweasley@hogwarts.co.uk</Email>
      </Author>
      <Author>
        <Name>George</Name>
        <Email>gweasley@hogwarts.co.uk</Email>
      </Author>
    </Authors>
    <name>Book1</name>
  </book>
  <book>
    <Authors>
      <Author>
        <Name>Fred</Name>
        <Email>fweasley@hogwarts.co.uk</Email>
      </Author>
      <Author>
        <Name>George</Name>
        <Email>gweasley@hogwarts.co.uk</Email>
      </Author>
    </Authors>
    <name>Book1</name>
  </book>
  <book>
    <Authors>
      <Author>
        <Name>Fred</Name>
        <Email>fweasley@hogwarts.co.uk</Email>
      </Author>
      <Author>
        <Name>George</Name>
        <Email>gweasley@hogwarts.co.uk</Email>
      </Author>
    </Authors>
    <name>Book1</name>
  </book>
  <book>
    <Authors>
      <Author>
        <Name>Fred</Name>
        <Email>fweasley@hogwarts.co.uk</Email>
      </Author>
      <Author>
        <Name>George</Name>
        <Email>gweasley@hogwarts.co.uk</Email>
      </Author>
    </Authors>
    <name>Book1</name>
  </book>
  <book>
    <Authors>
      <Author>
        <Name>Fred</Name>
        <Email>fweasley@hogwarts.co.uk</Email>
      </Author>
      <Author>
        <Name>George</Name>
        <Email>gweasley@hogwarts.co.uk</Email>
      </Author>
    </Authors>
    <name>Book1</name>
  </book>
  <book>
    <Authors>
      <Author>
        <Name>Fred</Name>
        <Email>fweasley@hogwarts.co.uk</Email>
      </Author>
      <Author>
        <Name>George</Name>
        <Email>gweasley@hogwarts.co.uk</Email>
      </Author>
    </Authors>
    <name>Book1</name>
  </book>
  <book>
    <Authors>
      <Author>
        <Name>Fred</Name>
        <Email>fweasley@hogwarts.co.uk</Email>
      </Author>
      <Author>
        <Name>George</Name>
        <Email>gweasley@hogwarts.co.uk</Email>
      </Author>
    </Authors>
    <name>Book1</name>
  </book>
  <book>
    <Authors>
      <Author>
        <Name>Fred</Name>
        <Email>fweasley@hogwarts.co.uk</Email>
      </Author>
      <Author>
        <Name>George</Name>
        <Email>gweasley@hogwarts.co.uk</Email>
      </Author>
    </Authors>
    <name>Book1</name>
  </book>
  <book>
    <Authors>
      <Author>
        <Name>Fred</Name>
        <Email>fweasley@hogwarts.co.uk</Email>
      </Author>
      <Author>
        <Name>George</Name>
        <Email>gweasley@hogwarts.co.uk</Email>
      </Author>
    </Authors>
    <name>Book1</name>
  </book>
  <book>
    <Authors>
      <Author>
        <Name>Fred</Name>
        <Email>fweasley@hogwarts.co.uk</Email>
      </Author>
      <Author>
        <Name>George</Name>
        <Email>gweasley@hogwarts.co.uk</Email>
      </Author>
    </Authors>
    <name>Book1</name>
  </book>
  <book>
    <Authors>
      <Author>
        <Name>Fred</Name>
        <Email>fweasley@hogwarts.co.uk</Email>
      </Author>
      <Author>
        <Name>George</Name>
        <Email>gweasley@hogwarts.co.uk</Email>
      </Author>
    </Authors>
    <name>Book1</name>
  </book>
  <book>
    <Authors>
      <Author>
        <Name>Fred</Name>
        <Email>fweasley@hogwarts.co.uk</Email>
      </Author>
      <Author>
        <Name>George</Name>
        <Email>gweasley@hogwarts.co.uk</Email>
      </Author>
    </Authors>
    <name>Book1</name>
  </book>
  <book>
    <Authors>
      <Author>
        <Name>Fred</Name>
        <Email>fweasley@hogwarts.co.uk</Email>
      </Author>
      <Author>
        <Name>George</Name>
        <Email>gweasley@hogwarts.co.uk</Email>
      </Author>
    </Authors>
    <name>Book1</name>
  </book>
  <book>
    <Authors>
      <Author>
        <Name>Fred</Name>
        <Email>fweasley@hogwarts.co.uk</Email>
      </Author>
      <Author>
        <Name>George</Name>
        <Email>gweasley@hogwarts.co.uk</Email>
      </Author>
    </Authors>
    <name>Book1</name>
  </book>
  <book>
    <Authors>
      <Author>
        <Name>Fred</Name>
        <Email>fweasley@hogwarts.co.uk</Email>
      </Author>
      <Author>
        <Name>George</Name>
        <Email>gweasley@hogwarts.co.uk</Email>
      </Author>
    </Authors>
    <name>Book1</name>
  </book>
  <book>
    <Authors>
      <Author>
        <Name>Fred</Name>
        <Email>fweasley@hogwarts.co.uk</Email>
      </Author>
      <Author>
        <Name>George</Name>
        <Email>gweasley@hogwarts.co.uk</Email>
      </Author>
    </Authors>
    <name>Book1</name>
  </book>
  <book>
    <Authors>
      <Author>
        <Name>Fred</Name>
        <Email>fweasley@hogwarts.co.uk</Email>
      </Author>
      <Author>
        <Name>George</Name>
        <Email>gweasley@hogwarts.co.uk</Email>
      </Author>
    </Authors>
    <name>Book1</name>
  </book>
  <book>
    <Authors>
      <Author>
        <Name>Fred</Name>
        <Email>fweasley@hogwarts.co.uk</Email>
      </Author>
      <Author>
        <Name>George</Name>
        <Email>gweasley@hogwarts.co.uk</Email>
      </Author>
    </Authors>
    <name>Book1</name>
  </book>
  <book>
    <Authors>
      <Author>
        <Name>Fred</Name>
        <Email>fweasley@hogwarts.co.uk</Email>
      </Author>
      <Author>
        <Name>George</Name>
        <Email>gweasley@hogwarts.co.uk</Email>
      </Author>
    </Authors>
    <name>Book1</name>
  </book>
  <book>
    <Authors>
      <Author>
        <Name>Fred</Name>
        <Email>fweasley@hogwarts.co.uk</Email>
      </Author>
      <Author>
        <Name>George</Name>
        <Email>gweasley@hogwarts.co.uk</Email>
      </Author>
    </Authors>
    <name>Book1</name>
  </book>
  <book>
    <Authors>
      <Author>
        <Name>Fred</Name>
        <Email>fweasley@hogwarts.co.uk</Email>
      </Author>
      <Author>
        <Name>George</Name>
        <Email>gweasley@hogwarts.co.uk</Email>
      </Author>
    </Authors>
    <name>Book1</name>
  </book>
  <book>
    <Authors>
      <Author>
        <Name>Fred</Name>
        <Email>fweasley@hogwarts.co.uk</Email>
      </Author>
      <Author>
        <Name>George</Name>
        <Email>gweasley@hogwarts.co.uk</Email>
      </Author>
    </Authors>
    <name>Book1</name>
  </book>
  <book>
    <Authors>
      <Author>
        <Name>Fred</Name>
        <Email>fweasley@hogwarts.co.uk</Email>
      </Author>
      <Author>
        <Name>George</Name>
        <Email>gweasley@hogwarts.co.uk</Email>
      </Author>
    </Authors>
    <name>Book1</name>
  </book>
  <book>
    <Authors>
      <Author>
        <Name>Fred</Name>
        <Email>fweasley@hogwarts.co.uk</Email>
      </Author>
      <Author>
        <Name>George</Name>
        <Email>gweasley@hogwarts.co.uk</Email>
      </Author>
    </Authors>
    <name>Book1</name>
  </book>
  <book>
    <Authors>
      <Author>
        <Name>Fred</Name>
        <Email>fweasley@hogwarts.co.uk</Email>
      </Author>
      <Author>
        <Name>George</Name>
        <Email>gweasley@hogwarts.co.uk</Email>
      </Author>
    </Authors>
    <name>Book1</name>
  </book>
  <book>
    <Authors>
      <Author>
        <Name>Fred</Name>
        <Email>fweasley@hogwarts.co.uk</Email>
      </Author>
      <Author>
        <Name>George</Name>
        <Email>gweasley@hogwarts.co.uk</Email>
      </Author>
    </Authors>
    <name>Book1</name>
  </book>
  <book>
    <Authors>
      <Author>
        <Name>Fred</Name>
        <Email>fweasley@hogwarts.co.uk</Email>
      </Author>
      <Author>
        <Name>George</Name>
        <Email>gweasley@hogwarts.co.uk</Email>
      </Author>
    </Authors>
    <name>Book1</name>
  </book>
  <book>
    <Authors>
      <Author>
        <Name>Fred</Name>
        <Email>fweasley@hogwarts.co.uk</Email>
      </Author>
      <Author>
        <Name>George</Name>
        <Email>gweasley@hogwarts.co.uk</Email>
      </Author>
    </Authors>
    <name>Book1</name>
  </book>
  <book>
    <Authors>
      <Author>
        <Name>Fred</Name>
        <Email>fweasley@hogwarts.co.uk</Email>
      </Author>
      <Author>
        <Name>George</Name>
        <Email>gweasley@hogwarts.co.uk</Email>
      </Author>
    </Authors>
    <name>Book1</name>
  </book>
  <book>
    <Authors>
      <Author>
        <Name>Fred</Name>
        <Email>fweasley@hogwarts.co.uk</Email>
      </Author>
      <Author>
        <Name>George</Name>
        <Email>gweasley@hogwarts.co.uk</Email>
      </Author>
    </Authors>
    <name>Book1</name>
  </book>
  <book>
    <Authors>
      <Author>
        <Name>Fred</Name>
        <Email>fweasley@hogwarts.co.uk</Email>
      </Author>
      <Author>
        <Name>George</Name>
        <Email>gweasley@hogwarts.co.uk</Email>
      </Author>
    </Authors>
    <name>Book1</name>
  </book>
  <book>
    <Authors>
      <Author>
        <Name>Fred</Name>
        <Email>fweasley@hogwarts.co.uk</Email>
      </Author>
      <Author>
        <Name>George</Name>
        <Email>gweasley@hogwarts.co.uk</Email>
      </Author>
    </Authors>
    <name>Book1</name>
  </book>
  <book>
    <Authors>
      <Author>
        <Name>Fred</Name>
        <Email>fweasley@hogwarts.co.uk</Email>
      </Author>
      <Author>
        <Name>George</Name>
        <Email>gweasley@hogwarts.co.uk</Email>
      </Author>
    </Authors>
    <name>Book1</name>
  </book>
  <book>
    <Authors>
      <Author>
        <Name>Fred</Name>
        <Email>fweasley@hogwarts.co.uk</Email>
      </Author>
      <Author>
        <Name>George</Name>
        <Email>gweasley@hogwarts.co.uk</Email>
      </Author>
    </Authors>
    <name>Book1</name>
  </book>
  <book>
    <Authors>
      <Author>
        <Name>Fred</Name>
        <Email>fweasley@hogwarts.co.uk</Email>
      </Author>
      <Author>
        <Name>George</Name>
        <Email>gweasley@hogwarts.co.uk</Email>
      </Author>
    </Authors>
    <name>Book1</name>
  </book>
  <book>
    <Authors>
      <Author>
        <Name>Fred</Name>
        <Email>fweasley@hogwarts.co.uk</Email>
      </Author>
      <Author>
        <Name>George</Name>
        <Email>gweasley@hogwarts.co.uk</Email>
      </Author>
    </Authors>
    <name>Book1</name>
  </book>
  <book>
    <Authors>
      <Author>
        <Name>Fred</Name>
        <Email>fweasley@hogwarts.co.uk</Email>
      </Author>
      <Author>
        <Name>George</Name>
        <Email>gweasley@hogwarts.co.uk</Email>
      </Author>
    </Authors>
    <name>Book1</name>
  </book>
  <book>
    <Authors>
      <Author>
        <Name>Fred</Name>
        <Email>fweasley@hogwarts.co.uk</Email>
      </Author>
      <Author>
        <Name>George</Name>
        <Email>gweasley@hogwarts.co.uk</Email>
      </Author>
    </Authors>
    <name>Book1</name>
  </book>
  <book>
    <Authors>
      <Author>
        <Name>Fred</Name>
        <Email>fweasley@hogwarts.co.uk</Email>
      </Author>
      <Author>
        <Name>George</Name>
        <Email>gweasley@hogwarts.co.uk</Email>
      </Author>
    </Authors>
    <name>Book1</name>
  </book>
  <book>
    <Authors>
      <Author>
        <Name>Fred</Name>
        <Email>fweasley@hogwarts.co.uk</Email>
      </Author>
      <Author>
        <Name>George</Name>
        <Email>gweasley@hogwarts.co.uk</Email>
      </Author>
    </Authors>
    <name>Book1</name>
  </book>
  <book>
    <Authors>
      <Author>
        <Name>Fred</Name>
        <Email>fweasley@hogwarts.co.uk</Email>
      </Author>
      <Author>
        <Name>George</Name>
        <Email>gweasley@hogwarts.co.uk</Email>
      </Author>
    </Authors>
    <name>Book1</name>
  </book>
  <book>
    <Authors>
      <Author>
        <Name>Fred</Name>
        <Email>fweasley@hogwarts.co.uk</Email>
      </Author>
      <Author>
        <Name>George</Name>
        <Email>gweasley@hogwarts.co.uk</Email>
      </Author>
    </Authors>
    <name>Book1</name>
  </book>
  <book>
    <Authors>
      <Author>
        <Name>Fred</Name>
        <Email>fweasley@hogwarts.co.uk</Email>
      </Author>
      <Author>
        <Name>George</Name>
        <Email>gweasley@hogwarts.co.uk</Email>
      </Author>
    </Authors>
    <name>Book1</name>
  </book>
  <book>
    <Authors>
      <Author>
        <Name>Fred</Name>
        <Email>fweasley@hogwarts.co.uk</Email>
      </Author>
      <Author>
        <Name>George</Name>
        <Email>gweasley@hogwarts.co.uk</Email>
      </Author>
    </Authors>
    <name>Book1</name>
  </book>
  <book>
    <Authors>
      <Author>
        <Name>Fred</Name>
        <Email>fweasley@hogwarts.co.uk</Email>
      </Author>
      <Author>
        <Name>George</Name>
        <Email>gweasley@hogwarts.co.uk</Email>
      </Author>
    </Authors>
    <name>Book1</name>
  </book>
  <book>
    <Authors>
      <Author>
        <Name>Fred</Name>
        <Email>fweasley@hogwarts.co.uk</Email>
      </Author>
      <Author>
        <Name>George</Name>
        <Email>gweasley@hogwarts.co.uk</Email>
      </Author>
    </Authors>
    <name>Book1</name>
  </book>
  <book>
    <Authors>
      <Author>
        <Name>Fred</Name>
        <Email>fweasley@hogwarts.co.uk</Email>
      </Author>
      <Author>
        <Name>George</Name>
        <Email>gweasley@hogwarts.co.uk</Email>
      </Author>
    </Authors>
    <name>Book1</name>
  </book>
  <book>
    <Authors>
      <Author>
        <Name>Fred</Name>
        <Email>fweasley@hogwarts.co.uk</Email>
      </Author>
      <Author>
        <Name>George</Name>
        <Email>gweasley@hogwarts.co.uk</Email>
      </Author>
    </Authors>
    <name>Book1</name>
  </book>
  <book>
    <Authors>
      <Author>
        <Name>Fred</Name>
        <Email>fweasley@hogwarts.co.uk</Email>
      </Author>
      <Author>
        <Name>George</Name>
        <Email>gweasley@hogwarts.co.uk</Email>
      </Author>
    </Authors>
    <name>Book1</name>
  </book>
  <book>
    <Authors>
      <Author>
        <Name>Fred</Name>
        <Email>fweasley@hogwarts.co.uk</Email>
      </Author>
      <Author>
        <Name>George</Name>
        <Email>gweasley@hogwarts.co.uk</Email>
      </Author>
    </Authors>
    <name>Book1</name>
  </book>
  <book>
    <Authors>
      <Author>
        <Name>Fred</Name>
        <Email>fweasley@hogwarts.co.uk</Email>
      </Author>
      <Author>
        <Name>George</Name>
        <Email>gweasley@hogwarts.co.uk</Email>
      </Author>
    </Authors>
    <name>Book1</name>
  </book>
  <book>
    <Authors>
      <Author>
        <Name>Fred</Name>
        <Email>fweasley@hogwarts.co.uk</Email>
      </Author>
      <Author>
        <Name>George</Name>
        <Email>gweasley@hogwarts.co.uk</Email>
      </Author>
    </Authors>
    <name>Book1</name>
  </book>
  <book>
    <Authors>
      <Author>
        <Name>Fred</Name>
        <Email>fweasley@hogwarts.co.uk</Email>
      </Author>
      <Author>
        <Name>George</Name>
        <Email>gweasley@hogwarts.co.uk</Email>
      </Author>
    </Authors>
    <name>Book1</name>
  </book>
  <book>
    <Authors>
      <Author>
        <Name>Fred</Name>
        <Email>fweasley@hogwarts.co.uk</Email>
      </Author>
      <Author>
        <Name>George</Name>
        <Email>gweasley@hogwarts.co.uk</Email>
      </Author>
    </Authors>
    <name>Book1</name>
  </book>
  <book>
    <Authors>
      <Author>
        <Name>Fred</Name>
        <Email>fweasley@hogwarts.co.uk</Email>
      </Author>
      <Author>
        <Name>George</Name>
        <Email>gweasley@hogwarts.co.uk</Email>
      </Author>
    </Authors>
    <name>Book1</name>
  </book>
  <book>
    <Authors>
      <Author>
        <Name>Fred</Name>
        <Email>fweasley@hogwarts.co.uk</Email>
      </Author>
      <Author>
        <Name>George</Name>
        <Email>gweasley@hogwarts.co.uk</Email>
      </Author>
    </Authors>
    <name>Book1</name>
  </book>
  <book>
    <Authors>
      <Author>
        <Name>Fred</Name>
        <Email>fweasley@hogwarts.co.uk</Email>
      </Author>
      <Author>
        <Name>George</Name>
        <Email>gweasley@hogwarts.co.uk</Email>
      </Author>
    </Authors>
    <name>Book1</name>
  </book>
  <book>
    <Authors>
      <Author>
        <Name>Fred</Name>
        <Email>fweasley@hogwarts.co.uk</Email>
      </Author>
      <Author>
        <Name>George</Name>
        <Email>gweasley@hogwarts.co.uk</Email>
      </Author>
    </Authors>
    <name>Book1</name>
  </book>
  <book>
    <Authors>
      <Author>
        <Name>Fred</Name>
        <Email>fweasley@hogwarts.co.uk</Email>
      </Author>
      <Author>
        <Name>George</Name>
        <Email>gweasley@hogwarts.co.uk</Email>
      </Author>
    </Authors>
    <name>Book1</name>
  </book>
  <book>
    <Authors>
      <Author>
        <Name>Fred</Name>
        <Email>fweasley@hogwarts.co.uk</Email>
      </Author>
      <Author>
        <Name>George</Name>
        <Email>gweasley@hogwarts.co.uk</Email>
      </Author>
    </Authors>
    <name>Book1</name>
  </book>
  <book>
    <Authors>
      <Author>
        <Name>Fred</Name>
        <Email>fweasley@hogwarts.co.uk</Email>
      </Author>
      <Author>
        <Name>George</Name>
        <Email>gweasley@hogwarts.co.uk</Email>
      </Author>
    </Authors>
    <name>Book1</name>
  </book>
  <book>
    <Authors>
      <Author>
        <Name>Fred</Name>
        <Email>fweasley@hogwarts.co.uk</Email>
      </Author>
      <Author>
        <Name>George</Name>
        <Email>gweasley@hogwarts.co.uk</Email>
      </Author>
    </Authors>
    <name>Book1</name>
  </book>
  <book>
    <Authors>
      <Author>
        <Name>Fred</Name>
        <Email>fweasley@hogwarts.co.uk</Email>
      </Author>
      <Author>
        <Name>George</Name>
        <Email>gweasley@hogwarts.co.uk</Email>
      </Author>
    </Authors>
    <name>Book1</name>
  </book>
  <book>
    <Authors>
      <Author>
        <Name>Fred</Name>
        <Email>fweasley@hogwarts.co.uk</Email>
      </Author>
      <Author>
        <Name>George</Name>
        <Email>gweasley@hogwarts.co.uk</Email>
      </Author>
    </Authors>
    <name>Book1</name>
  </book>
  <book>
    <Authors>
      <Author>
        <Name>Fred</Name>
        <Email>fweasley@hogwarts.co.uk</Email>
      </Author>
      <Author>
        <Name>George</Name>
        <Email>gweasley@hogwarts.co.uk</Email>
      </Author>
    </Authors>
    <name>Book1</name>
  </book>
  <book>
    <Authors>
      <Author>
        <Name>Fred</Name>
        <Email>fweasley@hogwarts.co.uk</Email>
      </Author>
      <Author>
        <Name>George</Name>
        <Email>gweasley@hogwarts.co.uk</Email>
      </Author>
    </Authors>
    <name>Book1</name>
  </book>
  <book>
    <Authors>
      <Author>
        <Name>Fred</Name>
        <Email>fweasley@hogwarts.co.uk</Email>
      </Author>
      <Author>
        <Name>George</Name>
        <Email>gweasley@hogwarts.co.uk</Email>
      </Author>
    </Authors>
    <name>Book1</name>
  </book>
  <book>
    <Authors>
      <Author>
        <Name>Fred</Name>
        <Email>fweasley@hogwarts.co.uk</Email>
      </Author>
      <Author>
        <Name>George</Name>
        <Email>gweasley@hogwarts.co.uk</Email>
      </Author>
    </Authors>
    <name>Book1</name>
  </book>
  <book>
    <Authors>
      <Author>
        <Name>Fred</Name>
        <Email>fweasley@hogwarts.co.uk</Email>
      </Author>
      <Author>
        <Name>George</Name>
        <Email>gweasley@hogwarts.co.uk</Email>
      </Author>
    </Authors>
    <name>Book1</name>
  </book>
  <book>
    <Authors>
      <Author>
        <Name>Fred</Name>
        <Email>fweasley@hogwarts.co.uk</Email>
      </Author>
      <Author>
        <Name>George</Name>
        <Email>gweasley@hogwarts.co.uk</Email>
      </Author>
    </Authors>
    <name>Book1</name>
  </book>
  <book>
    <Authors>
      <Author>
        <Name>Fred</Name>
        <Email>fweasley@hogwarts.co.uk</Email>
      </Author>
      <Author>
        <Name>George</Name>
        <Email>gweasley@hogwarts.co.uk</Email>
      </Author>
    </Authors>
    <name>Book1</name>
  </book>
  <book>
    <Authors>
      <Author>
        <Name>Fred</Name>
        <Email>fweasley@hogwarts.co.uk</Email>
      </Author>
      <Author>
        <Name>George</Name>
        <Email>gweasley@hogwarts.co.uk</Email>
      </Author>
    </Authors>
    <name>Book1</name>
  </book>
  <book>
    <Authors>
      <Author>
        <Name>Fred</Name>
        <Email>fweasley@hogwarts.co.uk</Email>
      </Author>
      <Author>
        <Name>George</Name>
        <Email>gweasley@hogwarts.co.uk</Email>
      </Author>
    </Authors>
    <name>Book1</name>
  </book>
  <book>
    <Authors>
      <Author>
        <Name>Fred</Name>
        <Email>fweasley@hogwarts.co.uk</Email>
      </Author>
      <Author>
        <Name>George</Name>
        <Email>gweasley@hogwarts.co.uk</Email>
      </Author>
    </Authors>
    <name>Book1</name>
  </book>
  <book>
    <Authors>
      <Author>
        <Name>Fred</Name>
        <Email>fweasley@hogwarts.co.uk</Email>
      </Author>
      <Author>
        <Name>George</Name>
        <Email>gweasley@hogwarts.co.uk</Email>
      </Author>
    </Authors>
    <name>Book1</name>
  </book>
  <book>
    <Authors>
      <Author>
        <Name>Fred</Name>
        <Email>fweasley@hogwarts.co.uk</Email>
      </Author>
      <Author>
        <Name>George</Name>
        <Email>gweasley@hogwarts.co.uk</Email>
      </Author>
    </Authors>
    <name>Book1</name>
  </book>
  <book>
    <Authors>
      <Author>
        <Name>Fred</Name>
        <Email>fweasley@hogwarts.co.uk</Email>
      </Author>
      <Author>
        <Name>George</Name>
        <Email>gweasley@hogwarts.co.uk</Email>
      </Author>
    </Authors>
    <name>Book1</name>
  </book>
  <book>
    <Authors>
      <Author>
        <Name>Fred</Name>
        <Email>fweasley@hogwarts.co.uk</Email>
      </Author>
      <Author>
        <Name>George</Name>
        <Email>gweasley@hogwarts.co.uk</Email>
      </Author>
    </Authors>
    <name>Book1</name>
  </book>
  <book>
    <Authors>
      <Author>
        <Name>Fred</Name>
        <Email>fweasley@hogwarts.co.uk</Email>
      </Author>
      <Author>
        <Name>George</Name>
        <Email>gweasley@hogwarts.co.uk</Email>
      </Author>
    </Authors>
    <name>Book1</name>
  </book>
  <book>
    <Authors>
      <Author>
        <Name>Fred</Name>
        <Email>fweasley@hogwarts.co.uk</Email>
      </Author>
      <Author>
        <Name>George</Name>
        <Email>gweasley@hogwarts.co.uk</Email>
      </Author>
    </Authors>
    <name>Book1</name>
  </book>
  <book>
    <Authors>
      <Author>
        <Name>Fred</Name>
        <Email>fweasley@hogwarts.co.uk</Email>
      </Author>
      <Author>
        <Name>George</Name>
        <Email>gweasley@hogwarts.co.uk</Email>
      </Author>
    </Authors>
    <name>Book1</name>
  </book>
  <book>
    <Authors>
      <Author>
        <Name>Fred</Name>
        <Email>fweasley@hogwarts.co.uk</Email>
      </Author>
      <Author>
        <Name>George</Name>
        <Email>gweasley@hogwarts.co.uk</Email>
      </Author>
    </Authors>
    <name>Book1</name>
  </book>
  <book>
    <Authors>
      <Author>
        <Name>Fred</Name>
        <Email>fweasley@hogwarts.co.uk</Email>
      </Author>
      <Author>
        <Name>George</Name>
        <Email>gweasley@hogwarts.co.uk</Email>
      </Author>
    </Authors>
    <name>Book1</name>
  </book>
  <book>
    <Authors>
      <Author>
        <Name>Fred</Name>
        <Email>fweasley@hogwarts.co.uk</Email>
      </Author>
      <Author>
        <Name>George</Name>
        <Email>gweasley@hogwarts.co.uk</Email>
      </Author>
    </Authors>
    <name>Book1</name>
  </book>
  <book>
    <Authors>
      <Author>
        <Name>Fred</Name>
        <Email>fweasley@hogwarts.co.uk</Email>
      </Author>
      <Author>
        <Name>George</Name>
        <Email>gweasley@hogwarts.co.uk</Email>
      </Author>
    </Authors>
    <name>Book1</name>
  </book>
  <book>
    <Authors>
      <Author>
        <Name>Fred</Name>
        <Email>fweasley@hogwarts.co.uk</Email>
      </Author>
      <Author>
        <Name>George</Name>
        <Email>gweasley@hogwarts.co.uk</Email>
      </Author>
    </Authors>
    <name>Book1</name>
  </book>
  <book>
    <Authors>
      <Author>
        <Name>Fred</Name>
        <Email>fweasley@hogwarts.co.uk</Email>
      </Author>
      <Author>
        <Name>George</Name>
        <Email>gweasley@hogwarts.co.uk</Email>
      </Author>
    </Authors>
    <name>Book1</name>
  </book>
  <book>
    <Authors>
      <Author>
        <Name>Fred</Name>
        <Email>fweasley@hogwarts.co.uk</Email>
      </Author>
      <Author>
        <Name>George</Name>
        <Email>gweasley@hogwarts.co.uk</Email>
      </Author>
    </Authors>
    <name>Book1</name>
  </book>
  <book>
    <Authors>
      <Author>
        <Name>Fred</Name>
        <Email>fweasley@hogwarts.co.uk</Email>
      </Author>
      <Author>
        <Name>George</Name>
        <Email>gweasley@hogwarts.co.uk</Email>
      </Author>
    </Authors>
    <name>Book1</name>
  </book>
  <book>
    <Authors>
      <Author>
        <Name>Fred</Name>
        <Email>fweasley@hogwarts.co.uk</Email>
      </Author>
      <Author>
        <Name>George</Name>
        <Email>gweasley@hogwarts.co.uk</Email>
      </Author>
    </Authors>
    <name>Book1</name>
  </book>
  <book>
    <Authors>
      <Author>
        <Name>Fred</Name>
        <Email>fweasley@hogwarts.co.uk</Email>
      </Author>
      <Author>
        <Name>George</Name>
        <Email>gweasley@hogwarts.co.uk</Email>
      </Author>
    </Authors>
    <name>Book1</name>
  </book>
  <book>
    <Authors>
      <Author>
        <Name>Fred</Name>
        <Email>fweasley@hogwarts.co.uk</Email>
      </Author>
      <Author>
        <Name>George</Name>
        <Email>gweasley@hogwarts.co.uk</Email>
      </Author>
    </Authors>
    <name>Book1</name>
  </book>
  <book>
    <Authors>
      <Author>
        <Name>Fred</Name>
        <Email>fweasley@hogwarts.co.uk</Email>
      </Author>
      <Author>
        <Name>George</Name>
        <Email>gweasley@hogwarts.co.uk</Email>
      </Author>
    </Authors>
    <name>Book1</name>
  </book>
  <book>
    <Authors>
      <Author>
        <Name>Fred</Name>
        <Email>fweasley@hogwarts.co.uk</Email>
      </Author>
      <Author>
        <Name>George</Name>
        <Email>gweasley@hogwarts.co.uk</Email>
      </Author>
    </Authors>
    <name>Book1</name>
  </book>
  <book>
    <Authors>
      <Author>
        <Name>Fred</Name>
        <Email>fweasley@hogwarts.co.uk</Email>
      </Author>
      <Author>
        <Name>George</Name>
        <Email>gweasley@hogwarts.co.uk</Email>
      </Author>
    </Authors>
    <name>Book1</name>
  </book>
  <book>
    <Authors>
      <Author>
        <Name>Fred</Name>
        <Email>fweasley@hogwarts.co.uk</Email>
      </Author>
      <Author>
        <Name>George</Name>
        <Email>gweasley@hogwarts.co.uk</Email>
      </Author>
    </Authors>
    <name>Book1</name>
  </book>
  <book>
    <Authors>
      <Author>
        <Name>Fred</Name>
        <Email>fweasley@hogwarts.co.uk</Email>
      </Author>
      <Author>
        <Name>George</Name>
        <Email>gweasley@hogwarts.co.uk</Email>
      </Author>
    </Authors>
    <name>Book1</name>
  </book>
  <book>
    <Authors>
      <Author>
        <Name>Fred</Name>
        <Email>fweasley@hogwarts.co.uk</Email>
      </Author>
      <Author>
        <Name>George</Name>
        <Email>gweasley@hogwarts.co.uk</Email>
      </Author>
    </Authors>
    <name>Book1</name>
  </book>
  <book>
    <Authors>
      <Author>
        <Name>Fred</Name>
        <Email>fweasley@hogwarts.co.uk</Email>
      </Author>
      <Author>
        <Name>George</Name>
        <Email>gweasley@hogwarts.co.uk</Email>
      </Author>
    </Authors>
    <name>Book1</name>
  </book>
  <book>
    <Authors>
      <Author>
        <Name>Fred</Name>
        <Email>fweasley@hogwarts.co.uk</Email>
      </Author>
      <Author>
        <Name>George</Name>
        <Email>gweasley@hogwarts.co.uk</Email>
      </Author>
    </Authors>
    <name>Book1</name>
  </book>
  <book>
    <Authors>
      <Author>
        <Name>Fred</Name>
        <Email>fweasley@hogwarts.co.uk</Email>
      </Author>
      <Author>
        <Name>George</Name>
        <Email>gweasley@hogwarts.co.uk</Email>
      </Author>
    </Authors>
    <name>Book1</name>
  </book>
  <book>
    <Authors>
      <Author>
        <Name>Fred</Name>
        <Email>fweasley@hogwarts.co.uk</Email>
      </Author>
      <Author>
        <Name>George</Name>
        <Email>gweasley@hogwarts.co.uk</Email>
      </Author>
    </Authors>
    <name>Book1</name>
  </book>
  <book>
    <Authors>
      <Author>
        <Name>Fred</Name>
        <Email>fweasley@hogwarts.co.uk</Email>
      </Author>
      <Author>
        <Name>George</Name>
        <Email>gweasley@hogwarts.co.uk</Email>
      </Author>
    </Authors>
    <name>Book1</name>
  </book>
  <book>
    <Authors>
      <Author>
        <Name>Fred</Name>
        <Email>fweasley@hogwarts.co.uk</Email>
      </Author>
      <Author>
        <Name>George</Name>
        <Email>gweasley@hogwarts.co.uk</Email>
      </Author>
    </Authors>
    <name>Book1</name>
  </book>
  <book>
    <Authors>
      <Author>
        <Name>Fred</Name>
        <Email>fweasley@hogwarts.co.uk</Email>
      </Author>
      <Author>
        <Name>George</Name>
        <Email>gweasley@hogwarts.co.uk</Email>
      </Author>
    </Authors>
    <name>Book1</name>
  </book>
  <book>
    <Authors>
      <Author>
        <Name>Fred</Name>
        <Email>fweasley@hogwarts.co.uk</Email>
      </Author>
      <Author>
        <Name>George</Name>
        <Email>gweasley@hogwarts.co.uk</Email>
      </Author>
    </Authors>
    <name>Book1</name>
  </book>
  <book>
    <Authors>
      <Author>
        <Name>Fred</Name>
        <Email>fweasley@hogwarts.co.uk</Email>
      </Author>
      <Author>
        <Name>George</Name>
        <Email>gweasley@hogwarts.co.uk</Email>
      </Author>
    </Authors>
    <name>Book1</name>
  </book>
  <book>
    <Authors>
      <Author>
        <Name>Fred</Name>
        <Email>fweasley@hogwarts.co.uk</Email>
      </Author>
      <Author>
        <Name>George</Name>
        <Email>gweasley@hogwarts.co.uk</Email>
      </Author>
    </Authors>
    <name>Book1</name>
  </book>
  <book>
    <Authors>
      <Author>
        <Name>Fred</Name>
        <Email>fweasley@hogwarts.co.uk</Email>
      </Author>
      <Author>
        <Name>George</Name>
        <Email>gweasley@hogwarts.co.uk</Email>
      </Author>
    </Authors>
    <name>Book1</name>
  </book>
  <book>
    <Authors>
      <Author>
        <Name>Fred</Name>
        <Email>fweasley@hogwarts.co.uk</Email>
      </Author>
      <Author>
        <Name>George</Name>
        <Email>gweasley@hogwarts.co.uk</Email>
      </Author>
    </Authors>
    <name>Book1</name>
  </book>
  <book>
    <Authors>
      <Author>
        <Name>Fred</Name>
        <Email>fweasley@hogwarts.co.uk</Email>
      </Author>
      <Author>
        <Name>George</Name>
        <Email>gweasley@hogwarts.co.uk</Email>
      </Author>
    </Authors>
    <name>Book1</name>
  </book>
  <book>
    <Authors>
      <Author>
        <Name>Fred</Name>
        <Email>fweasley@hogwarts.co.uk</Email>
      </Author>
      <Author>
        <Name>George</Name>
        <Email>gweasley@hogwarts.co.uk</Email>
      </Author>
    </Authors>
    <name>Book1</name>
  </book>
  <book>
    <Authors>
      <Author>
        <Name>Fred</Name>
        <Email>fweasley@hogwarts.co.uk</Email>
      </Author>
      <Author>
        <Name>George</Name>
        <Email>gweasley@hogwarts.co.uk</Email>
      </Author>
    </Authors>
    <name>Book1</name>
  </book>
  <book>
    <Authors>
      <Author>
        <Name>Fred</Name>
        <Email>fweasley@hogwarts.co.uk</Email>
      </Author>
      <Author>
        <Name>George</Name>
        <Email>gweasley@hogwarts.co.uk</Email>
      </Author>
    </Authors>
    <name>Book1</name>
  </book>
  <book>
    <Authors>
      <Author>
        <Name>Fred</Name>
        <Email>fweasley@hogwarts.co.uk</Email>
      </Author>
      <Author>
        <Name>George</Name>
        <Email>gweasley@hogwarts.co.uk</Email>
      </Author>
    </Authors>
    <name>Book1</name>
  </book>
  <book>
    <Authors>
      <Author>
        <Name>Fred</Name>
        <Email>fweasley@hogwarts.co.uk</Email>
      </Author>
      <Author>
        <Name>George</Name>
        <Email>gweasley@hogwarts.co.uk</Email>
      </Author>
    </Authors>
    <name>Book1</name>
  </book>
  <book>
    <Authors>
      <Author>
        <Name>Fred</Name>
        <Email>fweasley@hogwarts.co.uk</Email>
      </Author>
      <Author>
        <Name>George</Name>
        <Email>gweasley@hogwarts.co.uk</Email>
      </Author>
    </Authors>
    <name>Book1</name>
  </book>
  <book>
    <Authors>
      <Author>
        <Name>Fred</Name>
        <Email>fweasley@hogwarts.co.uk</Email>
      </Author>
      <Author>
        <Name>George</Name>
        <Email>gweasley@hogwarts.co.uk</Email>
      </Author>
    </Authors>
    <name>Book1</name>
  </book>
  <book>
    <Authors>
      <Author>
        <Name>Fred</Name>
        <Email>fweasley@hogwarts.co.uk</Email>
      </Author>
      <Author>
        <Name>George</Name>
        <Email>gweasley@hogwarts.co.uk</Email>
      </Author>
    </Authors>
    <name>Book1</name>
  </book>
  <book>
    <Authors>
      <Author>
        <Name>Fred</Name>
        <Email>fweasley@hogwarts.co.uk</Email>
      </Author>
      <Author>
        <Name>George</Name>
        <Email>gweasley@hogwarts.co.uk</Email>
      </Author>
    </Authors>
    <name>Book1</name>
  </book>
  <book>
    <Authors>
      <Author>
        <Name>Fred</Name>
        <Email>fweasley@hogwarts.co.uk</Email>
      </Author>
      <Author>
        <Name>George</Name>
        <Email>gweasley@hogwarts.co.uk</Email>
      </Author>
    </Authors>
    <name>Book1</name>
  </book>
  <book>
    <Authors>
      <Author>
        <Name>Fred</Name>
        <Email>fweasley@hogwarts.co.uk</Email>
      </Author>
      <Author>
        <Name>George</Name>
        <Email>gweasley@hogwarts.co.uk</Email>
      </Author>
    </Authors>
    <name>Book1</name>
  </book>
  <book>
    <Authors>
      <Author>
        <Name>Fred</Name>
        <Email>fweasley@hogwarts.co.uk</Email>
      </Author>
      <Author>
        <Name>George</Name>
        <Email>gweasley@hogwarts.co.uk</Email>
      </Author>
    </Authors>
    <name>Book1</name>
  </book>
  <book>
    <Authors>
      <Author>
        <Name>Fred</Name>
        <Email>fweasley@hogwarts.co.uk</Email>
      </Author>
      <Author>
        <Name>George</Name>
        <Email>gweasley@hogwarts.co.uk</Email>
      </Author>
    </Authors>
    <name>Book1</name>
  </book>
  <book>
    <Authors>
      <Author>
        <Name>Fred</Name>
        <Email>fweasley@hogwarts.co.uk</Email>
      </Author>
      <Author>
        <Name>George</Name>
        <Email>gweasley@hogwarts.co.uk</Email>
      </Author>
    </Authors>
    <name>Book1</name>
  </book>
  <book>
    <Authors>
      <Author>
        <Name>Fred</Name>
        <Email>fweasley@hogwarts.co.uk</Email>
      </Author>
      <Author>
        <Name>George</Name>
        <Email>gweasley@hogwarts.co.uk</Email>
      </Author>
    </Authors>
    <name>Book1</name>
  </book>
  <book>
    <Authors>
      <Author>
        <Name>Fred</Name>
        <Email>fweasley@hogwarts.co.uk</Email>
      </Author>
      <Author>
        <Name>George</Name>
        <Email>gweasley@hogwarts.co.uk</Email>
      </Author>
    </Authors>
    <name>Book1</name>
  </book>
  <book>
    <Authors>
      <Author>
        <Name>Fred</Name>
        <Email>fweasley@hogwarts.co.uk</Email>
      </Author>
      <Author>
        <Name>George</Name>
        <Email>gweasley@hogwarts.co.uk</Email>
      </Author>
    </Authors>
    <name>Book1</name>
  </book>
  <book>
    <Authors>
      <Author>
        <Name>Fred</Name>
        <Email>fweasley@hogwarts.co.uk</Email>
      </Author>
      <Author>
        <Name>George</Name>
        <Email>gweasley@hogwarts.co.uk</Email>
      </Author>
    </Authors>
    <name>Book1</name>
  </book>
  <book>
    <Authors>
      <Author>
        <Name>Fred</Name>
        <Email>fweasley@hogwarts.co.uk</Email>
      </Author>
      <Author>
        <Name>George</Name>
        <Email>gweasley@hogwarts.co.uk</Email>
      </Author>
    </Authors>
    <name>Book1</name>
  </book>
  <book>
    <Authors>
      <Author>
        <Name>Fred</Name>
        <Email>fweasley@hogwarts.co.uk</Email>
      </Author>
      <Author>
        <Name>George</Name>
        <Email>gweasley@hogwarts.co.uk</Email>
      </Author>
    </Authors>
    <name>Book1</name>
  </book>
  <book>
    <Authors>
      <Author>
        <Name>Fred</Name>
        <Email>fweasley@hogwarts.co.uk</Email>
      </Author>
      <Author>
        <Name>George</Name>
        <Email>gweasley@hogwarts.co.uk</Email>
      </Author>
    </Authors>
    <name>Book1</name>
  </book>
  <book>
    <Authors>
      <Author>
        <Name>Fred</Name>
        <Email>fweasley@hogwarts.co.uk</Email>
      </Author>
      <Author>
        <Name>George</Name>
        <Email>gweasley@hogwarts.co.uk</Email>
      </Author>
    </Authors>
    <name>Book1</name>
  </book>
  <book>
    <Authors>
      <Author>
        <Name>Fred</Name>
        <Email>fweasley@hogwarts.co.uk</Email>
      </Author>
      <Author>
        <Name>George</Name>
        <Email>gweasley@hogwarts.co.uk</Email>
      </Author>
    </Authors>
    <name>Book1</name>
  </book>
  <book>
    <Authors>
      <Author>
        <Name>Fred</Name>
        <Email>fweasley@hogwarts.co.uk</Email>
      </Author>
      <Author>
        <Name>George</Name>
        <Email>gweasley@hogwarts.co.uk</Email>
      </Author>
    </Authors>
    <name>Book1</name>
  </book>
  <book>
    <Authors>
      <Author>
        <Name>Fred</Name>
        <Email>fweasley@hogwarts.co.uk</Email>
      </Author>
      <Author>
        <Name>George</Name>
        <Email>gweasley@hogwarts.co.uk</Email>
      </Author>
    </Authors>
    <name>Book1</name>
  </book>
  <book>
    <Authors>
      <Author>
        <Name>Fred</Name>
        <Email>fweasley@hogwarts.co.uk</Email>
      </Author>
      <Author>
        <Name>George</Name>
        <Email>gweasley@hogwarts.co.uk</Email>
      </Author>
    </Authors>
    <name>Book1</name>
  </book>
  <book>
    <Authors>
      <Author>
        <Name>Fred</Name>
        <Email>fweasley@hogwarts.co.uk</Email>
      </Author>
      <Author>
        <Name>George</Name>
        <Email>gweasley@hogwarts.co.uk</Email>
      </Author>
    </Authors>
    <name>Book1</name>
  </book>
  <book>
    <Authors>
      <Author>
        <Name>Fred</Name>
        <Email>fweasley@hogwarts.co.uk</Email>
      </Author>
      <Author>
        <Name>George</Name>
        <Email>gweasley@hogwarts.co.uk</Email>
      </Author>
    </Authors>
    <name>Book1</name>
  </book>
  <book>
    <Authors>
      <Author>
        <Name>Fred</Name>
        <Email>fweasley@hogwarts.co.uk</Email>
      </Author>
      <Author>
        <Name>George</Name>
        <Email>gweasley@hogwarts.co.uk</Email>
      </Author>
    </Authors>
    <name>Book1</name>
  </book>
  <book>
    <Authors>
      <Author>
        <Name>Fred</Name>
        <Email>fweasley@hogwarts.co.uk</Email>
      </Author>
      <Author>
        <Name>George</Name>
        <Email>gweasley@hogwarts.co.uk</Email>
      </Author>
    </Authors>
    <name>Book1</name>
  </book>
  <book>
    <Authors>
      <Author>
        <Name>Fred</Name>
        <Email>fweasley@hogwarts.co.uk</Email>
      </Author>
      <Author>
        <Name>George</Name>
        <Email>gweasley@hogwarts.co.uk</Email>
      </Author>
    </Authors>
    <name>Book1</name>
  </book>
  <book>
    <Authors>
      <Author>
        <Name>Fred</Name>
        <Email>fweasley@hogwarts.co.uk</Email>
      </Author>
      <Author>
        <Name>George</Name>
        <Email>gweasley@hogwarts.co.uk</Email>
      </Author>
    </Authors>
    <name>Book1</name>
  </book>
  <book>
    <Authors>
      <Author>
        <Name>Fred</Name>
        <Email>fweasley@hogwarts.co.uk</Email>
      </Author>
      <Author>
        <Name>George</Name>
        <Email>gweasley@hogwarts.co.uk</Email>
      </Author>
    </Authors>
    <name>Book1</name>
  </book>
  <book>
    <Authors>
      <Author>
        <Name>Fred</Name>
        <Email>fweasley@hogwarts.co.uk</Email>
      </Author>
      <Author>
        <Name>George</Name>
        <Email>gweasley@hogwarts.co.uk</Email>
      </Author>
    </Authors>
    <name>Book1</name>
  </book>
  <book year="2014" isbn="ISBN83763550019---11">
    <Authors>
      <Author>
        <Name>Fred</Name>
        <Email>fweasley@hogwarts.co.uk</Email>
      </Author>
      <Author>
        <Name>George</Name>
        <Email>gweasley@hogwarts.co.uk</Email>
      </Author>
    </Authors>
    <name>Book1</name>
  </book>
  <book year="2014" isbn="ISBN83763550019---11">
    <Authors>
      <Author>
        <Name>Fred</Name>
        <Email>fweasley@hogwarts.co.uk</Email>
      </Author>
      <Author>
        <Name>George</Name>
        <Email>gweasley@hogwarts.co.uk</Email>
      </Author>
    </Authors>
    <name>Book2</name>
  </book>
  <book year="2014" isbn="ISBN83763550019---11">
    <Authors>
      <Author>
        <Name>Fred</Name>
        <Email>fweasley@hogwarts.co.uk</Email>
      </Author>
      <Author>
        <Name>George</Name>
        <Email>gweasley@hogwarts.co.uk</Email>
      </Author>
    </Authors>
    <name>Book1</name>
  </book>
  <book year="2014" isbn="ISBN83763550019---11">
    <Authors>
      <Author>
        <Name>Fred</Name>
        <Email>fweasley@hogwarts.co.uk</Email>
      </Author>
      <Author>
        <Name>George</Name>
        <Email>gweasley@hogwarts.co.uk</Email>
      </Author>
    </Authors>
    <name>Book2</name>
  </book>
  <book year="2014" isbn="ISBN83763550019---11">
    <Authors>
      <Author>
        <Name>Fred</Name>
        <Email>fweasley@hogwarts.co.uk</Email>
      </Author>
      <Author>
        <Name>George</Name>
        <Email>gweasley@hogwarts.co.uk</Email>
      </Author>
    </Authors>
    <name>Book1</name>
  </book>
  <book year="2014" isbn="ISBN83763550019---11">
    <Authors>
      <Author>
        <Name>Fred</Name>
        <Email>fweasley@hogwarts.co.uk</Email>
      </Author>
      <Author>
        <Name>George</Name>
        <Email>gweasley@hogwarts.co.uk</Email>
      </Author>
    </Authors>
    <name>Book2</name>
  </book>
  <book year="2014" isbn="ISBN83763550019---11">
    <Authors>
      <Author>
        <Name>Fred</Name>
        <Email>fweasley@hogwarts.co.uk</Email>
      </Author>
      <Author>
        <Name>George</Name>
        <Email>gweasley@hogwarts.co.uk</Email>
      </Author>
    </Authors>
    <name>Book1</name>
  </book>
  <book year="2014" isbn="ISBN83763550019---11">
    <Authors>
      <Author>
        <Name>Fred</Name>
        <Email>fweasley@hogwarts.co.uk</Email>
      </Author>
      <Author>
        <Name>George</Name>
        <Email>gweasley@hogwarts.co.uk</Email>
      </Author>
    </Authors>
    <name>Book2</name>
  </book>
  <book year="2014" isbn="ISBN83763550019---11">
    <Authors>
      <Author>
        <Name>Fred</Name>
        <Email>fweasley@hogwarts.co.uk</Email>
      </Author>
      <Author>
        <Name>George</Name>
        <Email>gweasley@hogwarts.co.uk</Email>
      </Author>
    </Authors>
    <name>Book1</name>
  </book>
  <book year="2014" isbn="ISBN83763550019---11">
    <Authors>
      <Author>
        <Name>Fred</Name>
        <Email>fweasley@hogwarts.co.uk</Email>
      </Author>
      <Author>
        <Name>George</Name>
        <Email>gweasley@hogwarts.co.uk</Email>
      </Author>
    </Authors>
    <name>Book2</name>
  </book>
  <book year="2014" isbn="ISBN83763550019---11">
    <Authors>
      <Author>
        <Name>Fred</Name>
        <Email>fweasley@hogwarts.co.uk</Email>
      </Author>
      <Author>
        <Name>George</Name>
        <Email>gweasley@hogwarts.co.uk</Email>
      </Author>
    </Authors>
    <name>Book1</name>
  </book>
  <book year="2014" isbn="ISBN83763550019---11">
    <Authors>
      <Author>
        <Name>Fred</Name>
        <Email>fweasley@hogwarts.co.uk</Email>
      </Author>
      <Author>
        <Name>George</Name>
        <Email>gweasley@hogwarts.co.uk</Email>
      </Author>
    </Authors>
    <name>Book2</name>
  </book>
  <book year="2014" isbn="ISBN83763550019---11">
    <Authors>
      <Author>
        <Name>Fred</Name>
        <Email>fweasley@hogwarts.co.uk</Email>
      </Author>
      <Author>
        <Name>George</Name>
        <Email>gweasley@hogwarts.co.uk</Email>
      </Author>
    </Authors>
    <name>Book1</name>
  </book>
  <book year="2014" isbn="ISBN83763550019---11">
    <Authors>
      <Author>
        <Name>Fred</Name>
        <Email>fweasley@hogwarts.co.uk</Email>
      </Author>
      <Author>
        <Name>George</Name>
        <Email>gweasley@hogwarts.co.uk</Email>
      </Author>
    </Authors>
    <name>Book2</name>
  </book>
  <book year="2014" isbn="ISBN83763550019---11">
    <Authors>
      <Author>
        <Name>Fred</Name>
        <Email>fweasley@hogwarts.co.uk</Email>
      </Author>
      <Author>
        <Name>George</Name>
        <Email>gweasley@hogwarts.co.uk</Email>
      </Author>
    </Authors>
    <name>Book1</name>
  </book>
  <book year="2014" isbn="ISBN83763550019---11">
    <Authors>
      <Author>
        <Name>Fred</Name>
        <Email>fweasley@hogwarts.co.uk</Email>
      </Author>
      <Author>
        <Name>George</Name>
        <Email>gweasley@hogwarts.co.uk</Email>
      </Author>
    </Authors>
    <name>Book2</name>
  </book>
  <book year="2014" isbn="ISBN83763550019---11">
    <Authors>
      <Author>
        <Name>Fred</Name>
        <Email>fweasley@hogwarts.co.uk</Email>
      </Author>
      <Author>
        <Name>George</Name>
        <Email>gweasley@hogwarts.co.uk</Email>
      </Author>
    </Authors>
    <name>Book1</name>
  </book>
  <book year="2014" isbn="ISBN83763550019---11">
    <Authors>
      <Author>
        <Name>Fred</Name>
        <Email>fweasley@hogwarts.co.uk</Email>
      </Author>
      <Author>
        <Name>George</Name>
        <Email>gweasley@hogwarts.co.uk</Email>
      </Author>
    </Authors>
    <name>Book2</name>
  </book>
  <book year="2014" isbn="ISBN83763550019---11">
    <Authors>
      <Author>
        <Name>Fred</Name>
        <Email>fweasley@hogwarts.co.uk</Email>
      </Author>
      <Author>
        <Name>George</Name>
        <Email>gweasley@hogwarts.co.uk</Email>
      </Author>
    </Authors>
    <name>Book1</name>
  </book>
  <book year="2014" isbn="ISBN83763550019---11">
    <Authors>
      <Author>
        <Name>Fred</Name>
        <Email>fweasley@hogwarts.co.uk</Email>
      </Author>
      <Author>
        <Name>George</Name>
        <Email>gweasley@hogwarts.co.uk</Email>
      </Author>
    </Authors>
    <name>Book2</name>
  </book>
  <book year="2014" isbn="ISBN83763550019---11">
    <Authors>
      <Author>
        <Name>Fred</Name>
        <Email>fweasley@hogwarts.co.uk</Email>
      </Author>
      <Author>
        <Name>George</Name>
        <Email>gweasley@hogwarts.co.uk</Email>
      </Author>
    </Authors>
    <name>Book1</name>
  </book>
  <book year="2014" isbn="ISBN83763550019---11">
    <Authors>
      <Author>
        <Name>Fred</Name>
        <Email>fweasley@hogwarts.co.uk</Email>
      </Author>
      <Author>
        <Name>George</Name>
        <Email>gweasley@hogwarts.co.uk</Email>
      </Author>
    </Authors>
    <name>Book2</name>
  </book>
  <book year="2014" isbn="ISBN83763550019---11">
    <Authors>
      <Author>
        <Name>Fred</Name>
        <Email>fweasley@hogwarts.co.uk</Email>
      </Author>
      <Author>
        <Name>George</Name>
        <Email>gweasley@hogwarts.co.uk</Email>
      </Author>
    </Authors>
    <name>Book1</name>
  </book>
  <book year="2014" isbn="ISBN83763550019---11">
    <Authors>
      <Author>
        <Name>Fred</Name>
        <Email>fweasley@hogwarts.co.uk</Email>
      </Author>
      <Author>
        <Name>George</Name>
        <Email>gweasley@hogwarts.co.uk</Email>
      </Author>
    </Authors>
    <name>Book2</name>
  </book>
  <book year="2014" isbn="ISBN83763550019---11">
    <Authors>
      <Author>
        <Name>Fred</Name>
        <Email>fweasley@hogwarts.co.uk</Email>
      </Author>
      <Author>
        <Name>George</Name>
        <Email>gweasley@hogwarts.co.uk</Email>
      </Author>
    </Authors>
    <name>Book1</name>
  </book>
  <book year="2014" isbn="ISBN83763550019---11">
    <Authors>
      <Author>
        <Name>Fred</Name>
        <Email>fweasley@hogwarts.co.uk</Email>
      </Author>
      <Author>
        <Name>George</Name>
        <Email>gweasley@hogwarts.co.uk</Email>
      </Author>
    </Authors>
    <name>Book2</name>
  </book>
  <book year="2014" isbn="ISBN83763550019---11">
    <Authors>
      <Author>
        <Name>Fred</Name>
        <Email>fweasley@hogwarts.co.uk</Email>
      </Author>
      <Author>
        <Name>George</Name>
        <Email>gweasley@hogwarts.co.uk</Email>
      </Author>
    </Authors>
    <name>Book1</name>
  </book>
  <book year="2014" isbn="ISBN83763550019---11">
    <Authors>
      <Author>
        <Name>Fred</Name>
        <Email>fweasley@hogwarts.co.uk</Email>
      </Author>
      <Author>
        <Name>George</Name>
        <Email>gweasley@hogwarts.co.uk</Email>
      </Author>
    </Authors>
    <name>Book2</name>
  </book>
  <book year="2014" isbn="ISBN83763550019---11">
    <Authors>
      <Author>
        <Name>Fred</Name>
        <Email>fweasley@hogwarts.co.uk</Email>
      </Author>
      <Author>
        <Name>George</Name>
        <Email>gweasley@hogwarts.co.uk</Email>
      </Author>
    </Authors>
    <name>Book1</name>
  </book>
  <book year="2014" isbn="ISBN83763550019---11">
    <Authors>
      <Author>
        <Name>Fred</Name>
        <Email>fweasley@hogwarts.co.uk</Email>
      </Author>
      <Author>
        <Name>George</Name>
        <Email>gweasley@hogwarts.co.uk</Email>
      </Author>
    </Authors>
    <name>Book2</name>
  </book>
  <book year="2014" isbn="ISBN83763550019---11">
    <Authors>
      <Author>
        <Name>Fred</Name>
        <Email>fweasley@hogwarts.co.uk</Email>
      </Author>
      <Author>
        <Name>George</Name>
        <Email>gweasley@hogwarts.co.uk</Email>
      </Author>
    </Authors>
    <name>Book1</name>
  </book>
  <book year="2014" isbn="ISBN83763550019---11">
    <Authors>
      <Author>
        <Name>Fred</Name>
        <Email>fweasley@hogwarts.co.uk</Email>
      </Author>
      <Author>
        <Name>George</Name>
        <Email>gweasley@hogwarts.co.uk</Email>
      </Author>
    </Authors>
    <name>Book2</name>
  </book>
  <book year="2014" isbn="ISBN83763550019---11">
    <Authors>
      <Author>
        <Name>Fred</Name>
        <Email>fweasley@hogwarts.co.uk</Email>
      </Author>
      <Author>
        <Name>George</Name>
        <Email>gweasley@hogwarts.co.uk</Email>
      </Author>
    </Authors>
    <name>Book1</name>
  </book>
  <book year="2014" isbn="ISBN83763550019---11">
    <Authors>
      <Author>
        <Name>Fred</Name>
        <Email>fweasley@hogwarts.co.uk</Email>
      </Author>
      <Author>
        <Name>George</Name>
        <Email>gweasley@hogwarts.co.uk</Email>
      </Author>
    </Authors>
    <name>Book2</name>
  </book>
  <book year="2014" isbn="ISBN83763550019---11">
    <Authors>
      <Author>
        <Name>Fred</Name>
        <Email>fweasley@hogwarts.co.uk</Email>
      </Author>
      <Author>
        <Name>George</Name>
        <Email>gweasley@hogwarts.co.uk</Email>
      </Author>
    </Authors>
    <name>Book1</name>
  </book>
  <book year="2014" isbn="ISBN83763550019---11">
    <Authors>
      <Author>
        <Name>Fred</Name>
        <Email>fweasley@hogwarts.co.uk</Email>
      </Author>
      <Author>
        <Name>George</Name>
        <Email>gweasley@hogwarts.co.uk</Email>
      </Author>
    </Authors>
    <name>Book2</name>
  </book>
  <book year="2014" isbn="ISBN83763550019---11">
    <Authors>
      <Author>
        <Name>Fred</Name>
        <Email>fweasley@hogwarts.co.uk</Email>
      </Author>
      <Author>
        <Name>George</Name>
        <Email>gweasley@hogwarts.co.uk</Email>
      </Author>
    </Authors>
    <name>Book1</name>
  </book>
  <book year="2014" isbn="ISBN83763550019---11">
    <Authors>
      <Author>
        <Name>Fred</Name>
        <Email>fweasley@hogwarts.co.uk</Email>
      </Author>
      <Author>
        <Name>George</Name>
        <Email>gweasley@hogwarts.co.uk</Email>
      </Author>
    </Authors>
    <name>Book2</name>
  </book>
  <book year="2014" isbn="ISBN83763550019---11">
    <Authors>
      <Author>
        <Name>Fred</Name>
        <Email>fweasley@hogwarts.co.uk</Email>
      </Author>
      <Author>
        <Name>George</Name>
        <Email>gweasley@hogwarts.co.uk</Email>
      </Author>
    </Authors>
    <name>Book1</name>
  </book>
  <book year="2014" isbn="ISBN83763550019---11">
    <Authors>
      <Author>
        <Name>Fred</Name>
        <Email>fweasley@hogwarts.co.uk</Email>
      </Author>
      <Author>
        <Name>George</Name>
        <Email>gweasley@hogwarts.co.uk</Email>
      </Author>
    </Authors>
    <name>Book2</name>
  </book>
  <book year="2014" isbn="ISBN83763550019---11">
    <Authors>
      <Author>
        <Name>Fred</Name>
        <Email>fweasley@hogwarts.co.uk</Email>
      </Author>
      <Author>
        <Name>George</Name>
        <Email>gweasley@hogwarts.co.uk</Email>
      </Author>
    </Authors>
    <name>Book1</name>
  </book>
  <book year="2014" isbn="ISBN83763550019---11">
    <Authors>
      <Author>
        <Name>Fred</Name>
        <Email>fweasley@hogwarts.co.uk</Email>
      </Author>
      <Author>
        <Name>George</Name>
        <Email>gweasley@hogwarts.co.uk</Email>
      </Author>
    </Authors>
    <name>Book2</name>
  </book>
  <book year="2014" isbn="ISBN83763550019---11">
    <Authors>
      <Author>
        <Name>Fred</Name>
        <Email>fweasley@hogwarts.co.uk</Email>
      </Author>
      <Author>
        <Name>George</Name>
        <Email>gweasley@hogwarts.co.uk</Email>
      </Author>
    </Authors>
    <name>Book1</name>
  </book>
  <book year="2014" isbn="ISBN83763550019---11">
    <Authors>
      <Author>
        <Name>Fred</Name>
        <Email>fweasley@hogwarts.co.uk</Email>
      </Author>
      <Author>
        <Name>George</Name>
        <Email>gweasley@hogwarts.co.uk</Email>
      </Author>
    </Authors>
    <name>Book2</name>
  </book>
  <book year="2014" isbn="ISBN83763550019---11">
    <Authors>
      <Author>
        <Name>Fred</Name>
        <Email>fweasley@hogwarts.co.uk</Email>
      </Author>
      <Author>
        <Name>George</Name>
        <Email>gweasley@hogwarts.co.uk</Email>
      </Author>
    </Authors>
    <name>Book1</name>
  </book>
  <book year="2014" isbn="ISBN83763550019---11">
    <Authors>
      <Author>
        <Name>Fred</Name>
        <Email>fweasley@hogwarts.co.uk</Email>
      </Author>
      <Author>
        <Name>George</Name>
        <Email>gweasley@hogwarts.co.uk</Email>
      </Author>
    </Authors>
    <name>Book2</name>
  </book>
  <book year="2014" isbn="ISBN83763550019---11">
    <Authors>
      <Author>
        <Name>Fred</Name>
        <Email>fweasley@hogwarts.co.uk</Email>
      </Author>
      <Author>
        <Name>George</Name>
        <Email>gweasley@hogwarts.co.uk</Email>
      </Author>
    </Authors>
    <name>Book1</name>
  </book>
  <book year="2014" isbn="ISBN83763550019---11">
    <Authors>
      <Author>
        <Name>Fred</Name>
        <Email>fweasley@hogwarts.co.uk</Email>
      </Author>
      <Author>
        <Name>George</Name>
        <Email>gweasley@hogwarts.co.uk</Email>
      </Author>
    </Authors>
    <name>Book2</name>
  </book>
  <book year="2014" isbn="ISBN83763550019---11">
    <Authors>
      <Author>
        <Name>Fred</Name>
        <Email>fweasley@hogwarts.co.uk</Email>
      </Author>
      <Author>
        <Name>George</Name>
        <Email>gweasley@hogwarts.co.uk</Email>
      </Author>
    </Authors>
    <name>Book1</name>
  </book>
  <book year="2014" isbn="ISBN83763550019---11">
    <Authors>
      <Author>
        <Name>Fred</Name>
        <Email>fweasley@hogwarts.co.uk</Email>
      </Author>
      <Author>
        <Name>George</Name>
        <Email>gweasley@hogwarts.co.uk</Email>
      </Author>
    </Authors>
    <name>Book2</name>
  </book>
  <book year="2014" isbn="ISBN83763550019---11">
    <Authors>
      <Author>
        <Name>Fred</Name>
        <Email>fweasley@hogwarts.co.uk</Email>
      </Author>
      <Author>
        <Name>George</Name>
        <Email>gweasley@hogwarts.co.uk</Email>
      </Author>
    </Authors>
    <name>Book1</name>
  </book>
  <book year="2014" isbn="ISBN83763550019---11">
    <Authors>
      <Author>
        <Name>Fred</Name>
        <Email>fweasley@hogwarts.co.uk</Email>
      </Author>
      <Author>
        <Name>George</Name>
        <Email>gweasley@hogwarts.co.uk</Email>
      </Author>
    </Authors>
    <name>Book2</name>
  </book>
  <book year="2014" isbn="ISBN83763550019---11">
    <Authors>
      <Author>
        <Name>Fred</Name>
        <Email>fweasley@hogwarts.co.uk</Email>
      </Author>
      <Author>
        <Name>George</Name>
        <Email>gweasley@hogwarts.co.uk</Email>
      </Author>
    </Authors>
    <name>Book1</name>
  </book>
  <book year="2014" isbn="ISBN83763550019---11">
    <Authors>
      <Author>
        <Name>Fred</Name>
        <Email>fweasley@hogwarts.co.uk</Email>
      </Author>
      <Author>
        <Name>George</Name>
        <Email>gweasley@hogwarts.co.uk</Email>
      </Author>
    </Authors>
    <name>Book2</name>
  </book>
  <book year="2014" isbn="ISBN83763550019---11">
    <Authors>
      <Author>
        <Name>Fred</Name>
        <Email>fweasley@hogwarts.co.uk</Email>
      </Author>
      <Author>
        <Name>George</Name>
        <Email>gweasley@hogwarts.co.uk</Email>
      </Author>
    </Authors>
    <name>Book1</name>
  </book>
  <book year="2014" isbn="ISBN83763550019---11">
    <Authors>
      <Author>
        <Name>Fred</Name>
        <Email>fweasley@hogwarts.co.uk</Email>
      </Author>
      <Author>
        <Name>George</Name>
        <Email>gweasley@hogwarts.co.uk</Email>
      </Author>
    </Authors>
    <name>Book2</name>
  </book>
  <book year="2014" isbn="ISBN83763550019---11">
    <Authors>
      <Author>
        <Name>Fred</Name>
        <Email>fweasley@hogwarts.co.uk</Email>
      </Author>
      <Author>
        <Name>George</Name>
        <Email>gweasley@hogwarts.co.uk</Email>
      </Author>
    </Authors>
    <name>Book1</name>
  </book>
  <book year="2014" isbn="ISBN83763550019---11">
    <Authors>
      <Author>
        <Name>Fred</Name>
        <Email>fweasley@hogwarts.co.uk</Email>
      </Author>
      <Author>
        <Name>George</Name>
        <Email>gweasley@hogwarts.co.uk</Email>
      </Author>
    </Authors>
    <name>Book2</name>
  </book>
  <book year="2014" isbn="ISBN83763550019---11">
    <Authors>
      <Author>
        <Name>Fred</Name>
        <Email>fweasley@hogwarts.co.uk</Email>
      </Author>
      <Author>
        <Name>George</Name>
        <Email>gweasley@hogwarts.co.uk</Email>
      </Author>
    </Authors>
    <name>Book1</name>
  </book>
  <book year="2014" isbn="ISBN83763550019---11">
    <Authors>
      <Author>
        <Name>Fred</Name>
        <Email>fweasley@hogwarts.co.uk</Email>
      </Author>
      <Author>
        <Name>George</Name>
        <Email>gweasley@hogwarts.co.uk</Email>
      </Author>
    </Authors>
    <name>Book2</name>
  </book>
  <book year="2014" isbn="ISBN83763550019---11">
    <Authors>
      <Author>
        <Name>Fred</Name>
        <Email>fweasley@hogwarts.co.uk</Email>
      </Author>
      <Author>
        <Name>George</Name>
        <Email>gweasley@hogwarts.co.uk</Email>
      </Author>
    </Authors>
    <name>Book1</name>
  </book>
  <book year="2014" isbn="ISBN83763550019---11">
    <Authors>
      <Author>
        <Name>Fred</Name>
        <Email>fweasley@hogwarts.co.uk</Email>
      </Author>
      <Author>
        <Name>George</Name>
        <Email>gweasley@hogwarts.co.uk</Email>
      </Author>
    </Authors>
    <name>Book2</name>
  </book>
  <book year="2014" isbn="ISBN83763550019---11">
    <Authors>
      <Author>
        <Name>Fred</Name>
        <Email>fweasley@hogwarts.co.uk</Email>
      </Author>
      <Author>
        <Name>George</Name>
        <Email>gweasley@hogwarts.co.uk</Email>
      </Author>
    </Authors>
    <name>Book1</name>
  </book>
  <book year="2014" isbn="ISBN83763550019---11">
    <Authors>
      <Author>
        <Name>Fred</Name>
        <Email>fweasley@hogwarts.co.uk</Email>
      </Author>
      <Author>
        <Name>George</Name>
        <Email>gweasley@hogwarts.co.uk</Email>
      </Author>
    </Authors>
    <name>Book2</name>
  </book>
  <book year="2014" isbn="ISBN83763550019---11">
    <Authors>
      <Author>
        <Name>Fred</Name>
        <Email>fweasley@hogwarts.co.uk</Email>
      </Author>
      <Author>
        <Name>George</Name>
        <Email>gweasley@hogwarts.co.uk</Email>
      </Author>
    </Authors>
    <name>Book1</name>
  </book>
  <book year="2014" isbn="ISBN83763550019---11">
    <Authors>
      <Author>
        <Name>Fred</Name>
        <Email>fweasley@hogwarts.co.uk</Email>
      </Author>
      <Author>
        <Name>George</Name>
        <Email>gweasley@hogwarts.co.uk</Email>
      </Author>
    </Authors>
    <name>Book2</name>
  </book>
  <book year="2014" isbn="ISBN83763550019---11">
    <Authors>
      <Author>
        <Name>Fred</Name>
        <Email>fweasley@hogwarts.co.uk</Email>
      </Author>
      <Author>
        <Name>George</Name>
        <Email>gweasley@hogwarts.co.uk</Email>
      </Author>
    </Authors>
    <name>Book1</name>
  </book>
  <book year="2014" isbn="ISBN83763550019---11">
    <Authors>
      <Author>
        <Name>Fred</Name>
        <Email>fweasley@hogwarts.co.uk</Email>
      </Author>
      <Author>
        <Name>George</Name>
        <Email>gweasley@hogwarts.co.uk</Email>
      </Author>
    </Authors>
    <name>Book2</name>
  </book>
  <book year="2014" isbn="ISBN83763550019---11">
    <Authors>
      <Author>
        <Name>Fred</Name>
        <Email>fweasley@hogwarts.co.uk</Email>
      </Author>
      <Author>
        <Name>George</Name>
        <Email>gweasley@hogwarts.co.uk</Email>
      </Author>
    </Authors>
    <name>Book1</name>
  </book>
  <book year="2014" isbn="ISBN83763550019---11">
    <Authors>
      <Author>
        <Name>Fred</Name>
        <Email>fweasley@hogwarts.co.uk</Email>
      </Author>
      <Author>
        <Name>George</Name>
        <Email>gweasley@hogwarts.co.uk</Email>
      </Author>
    </Authors>
    <name>Book2</name>
  </book>
  <book year="2014" isbn="ISBN83763550019---11">
    <Authors>
      <Author>
        <Name>Fred</Name>
        <Email>fweasley@hogwarts.co.uk</Email>
      </Author>
      <Author>
        <Name>George</Name>
        <Email>gweasley@hogwarts.co.uk</Email>
      </Author>
    </Authors>
    <name>Book1</name>
  </book>
  <book year="2014" isbn="ISBN83763550019---11">
    <Authors>
      <Author>
        <Name>Fred</Name>
        <Email>fweasley@hogwarts.co.uk</Email>
      </Author>
      <Author>
        <Name>George</Name>
        <Email>gweasley@hogwarts.co.uk</Email>
      </Author>
    </Authors>
    <name>Book2</name>
  </book>
  <book year="2014" isbn="ISBN83763550019---11">
    <Authors>
      <Author>
        <Name>Fred</Name>
        <Email>fweasley@hogwarts.co.uk</Email>
      </Author>
      <Author>
        <Name>George</Name>
        <Email>gweasley@hogwarts.co.uk</Email>
      </Author>
    </Authors>
    <name>Book1</name>
  </book>
  <book year="2014" isbn="ISBN83763550019---11">
    <Authors>
      <Author>
        <Name>Fred</Name>
        <Email>fweasley@hogwarts.co.uk</Email>
      </Author>
      <Author>
        <Name>George</Name>
        <Email>gweasley@hogwarts.co.uk</Email>
      </Author>
    </Authors>
    <name>Book2</name>
  </book>
  <book year="2014" isbn="ISBN83763550019---11">
    <Authors>
      <Author>
        <Name>Fred</Name>
        <Email>fweasley@hogwarts.co.uk</Email>
      </Author>
      <Author>
        <Name>George</Name>
        <Email>gweasley@hogwarts.co.uk</Email>
      </Author>
    </Authors>
    <name>Book1</name>
  </book>
  <book year="2014" isbn="ISBN83763550019---11">
    <Authors>
      <Author>
        <Name>Fred</Name>
        <Email>fweasley@hogwarts.co.uk</Email>
      </Author>
      <Author>
        <Name>George</Name>
        <Email>gweasley@hogwarts.co.uk</Email>
      </Author>
    </Authors>
    <name>Book2</name>
  </book>
  <book year="2014" isbn="ISBN83763550019---11">
    <Authors>
      <Author>
        <Name>Fred</Name>
        <Email>fweasley@hogwarts.co.uk</Email>
      </Author>
      <Author>
        <Name>George</Name>
        <Email>gweasley@hogwarts.co.uk</Email>
      </Author>
    </Authors>
    <name>Book1</name>
  </book>
  <book year="2014" isbn="ISBN83763550019---11">
    <Authors>
      <Author>
        <Name>Fred</Name>
        <Email>fweasley@hogwarts.co.uk</Email>
      </Author>
      <Author>
        <Name>George</Name>
        <Email>gweasley@hogwarts.co.uk</Email>
      </Author>
    </Authors>
    <name>Book2</name>
  </book>
  <book year="2014" isbn="ISBN83763550019---11">
    <Authors>
      <Author>
        <Name>Fred</Name>
        <Email>fweasley@hogwarts.co.uk</Email>
      </Author>
      <Author>
        <Name>George</Name>
        <Email>gweasley@hogwarts.co.uk</Email>
      </Author>
    </Authors>
    <name>Book1</name>
  </book>
  <book year="2014" isbn="ISBN83763550019---11">
    <Authors>
      <Author>
        <Name>Fred</Name>
        <Email>fweasley@hogwarts.co.uk</Email>
      </Author>
      <Author>
        <Name>George</Name>
        <Email>gweasley@hogwarts.co.uk</Email>
      </Author>
    </Authors>
    <name>Book2</name>
  </book>
  <book year="2014" isbn="ISBN83763550019---11">
    <Authors>
      <Author>
        <Name>Fred</Name>
        <Email>fweasley@hogwarts.co.uk</Email>
      </Author>
      <Author>
        <Name>George</Name>
        <Email>gweasley@hogwarts.co.uk</Email>
      </Author>
    </Authors>
    <name>Book1</name>
  </book>
  <book year="2014" isbn="ISBN83763550019---11">
    <Authors>
      <Author>
        <Name>Fred</Name>
        <Email>fweasley@hogwarts.co.uk</Email>
      </Author>
      <Author>
        <Name>George</Name>
        <Email>gweasley@hogwarts.co.uk</Email>
      </Author>
    </Authors>
    <name>Book2</name>
  </book>
  <book year="2014" isbn="ISBN83763550019---11">
    <Authors>
      <Author>
        <Name>Fred</Name>
        <Email>fweasley@hogwarts.co.uk</Email>
      </Author>
      <Author>
        <Name>George</Name>
        <Email>gweasley@hogwarts.co.uk</Email>
      </Author>
    </Authors>
    <name>Book1</name>
  </book>
  <book year="2014" isbn="ISBN83763550019---11">
    <Authors>
      <Author>
        <Name>Fred</Name>
        <Email>fweasley@hogwarts.co.uk</Email>
      </Author>
      <Author>
        <Name>George</Name>
        <Email>gweasley@hogwarts.co.uk</Email>
      </Author>
    </Authors>
    <name>Book2</name>
  </book>
  <book year="2014" isbn="ISBN83763550019---11">
    <Authors>
      <Author>
        <Name>Fred</Name>
        <Email>fweasley@hogwarts.co.uk</Email>
      </Author>
      <Author>
        <Name>George</Name>
        <Email>gweasley@hogwarts.co.uk</Email>
      </Author>
    </Authors>
    <name>Book1</name>
  </book>
  <book year="2014" isbn="ISBN83763550019---11">
    <Authors>
      <Author>
        <Name>Fred</Name>
        <Email>fweasley@hogwarts.co.uk</Email>
      </Author>
      <Author>
        <Name>George</Name>
        <Email>gweasley@hogwarts.co.uk</Email>
      </Author>
    </Authors>
    <name>Book2</name>
  </book>
  <book year="2014" isbn="ISBN83763550019---11">
    <Authors>
      <Author>
        <Name>Fred</Name>
        <Email>fweasley@hogwarts.co.uk</Email>
      </Author>
      <Author>
        <Name>George</Name>
        <Email>gweasley@hogwarts.co.uk</Email>
      </Author>
    </Authors>
    <name>Book1</name>
  </book>
  <book year="2014" isbn="ISBN83763550019---11">
    <Authors>
      <Author>
        <Name>Fred</Name>
        <Email>fweasley@hogwarts.co.uk</Email>
      </Author>
      <Author>
        <Name>George</Name>
        <Email>gweasley@hogwarts.co.uk</Email>
      </Author>
    </Authors>
    <name>Book2</name>
  </book>
  <book year="2014" isbn="ISBN83763550019---11">
    <Authors>
      <Author>
        <Name>Fred</Name>
        <Email>fweasley@hogwarts.co.uk</Email>
      </Author>
      <Author>
        <Name>George</Name>
        <Email>gweasley@hogwarts.co.uk</Email>
      </Author>
    </Authors>
    <name>Book1</name>
  </book>
  <book year="2014" isbn="ISBN83763550019---11">
    <Authors>
      <Author>
        <Name>Fred</Name>
        <Email>fweasley@hogwarts.co.uk</Email>
      </Author>
      <Author>
        <Name>George</Name>
        <Email>gweasley@hogwarts.co.uk</Email>
      </Author>
    </Authors>
    <name>Book2</name>
  </book>
  <book year="2014" isbn="ISBN83763550019---11">
    <Authors>
      <Author>
        <Name>Fred</Name>
        <Email>fweasley@hogwarts.co.uk</Email>
      </Author>
      <Author>
        <Name>George</Name>
        <Email>gweasley@hogwarts.co.uk</Email>
      </Author>
    </Authors>
    <name>Book1</name>
  </book>
  <book year="2014" isbn="ISBN83763550019---11">
    <Authors>
      <Author>
        <Name>Fred</Name>
        <Email>fweasley@hogwarts.co.uk</Email>
      </Author>
      <Author>
        <Name>George</Name>
        <Email>gweasley@hogwarts.co.uk</Email>
      </Author>
    </Authors>
    <name>Book2</name>
  </book>
  <book year="2014" isbn="ISBN83763550019---11">
    <Authors>
      <Author>
        <Name>Fred</Name>
        <Email>fweasley@hogwarts.co.uk</Email>
      </Author>
      <Author>
        <Name>George</Name>
        <Email>gweasley@hogwarts.co.uk</Email>
      </Author>
    </Authors>
    <name>Book1</name>
  </book>
  <book year="2014" isbn="ISBN83763550019---11">
    <Authors>
      <Author>
        <Name>Fred</Name>
        <Email>fweasley@hogwarts.co.uk</Email>
      </Author>
      <Author>
        <Name>George</Name>
        <Email>gweasley@hogwarts.co.uk</Email>
      </Author>
    </Authors>
    <name>Book2</name>
  </book>
  <book year="2014" isbn="ISBN83763550019---11">
    <Authors>
      <Author>
        <Name>Fred</Name>
        <Email>fweasley@hogwarts.co.uk</Email>
      </Author>
      <Author>
        <Name>George</Name>
        <Email>gweasley@hogwarts.co.uk</Email>
      </Author>
    </Authors>
    <name>Book1</name>
  </book>
  <book year="2014" isbn="ISBN83763550019---11">
    <Authors>
      <Author>
        <Name>Fred</Name>
        <Email>fweasley@hogwarts.co.uk</Email>
      </Author>
      <Author>
        <Name>George</Name>
        <Email>gweasley@hogwarts.co.uk</Email>
      </Author>
    </Authors>
    <name>Book2</name>
  </book>
  <book year="2014" isbn="ISBN83763550019---11">
    <Authors>
      <Author>
        <Name>Fred</Name>
        <Email>fweasley@hogwarts.co.uk</Email>
      </Author>
      <Author>
        <Name>George</Name>
        <Email>gweasley@hogwarts.co.uk</Email>
      </Author>
    </Authors>
    <name>Book1</name>
  </book>
  <book year="2014" isbn="ISBN83763550019---11">
    <Authors>
      <Author>
        <Name>Fred</Name>
        <Email>fweasley@hogwarts.co.uk</Email>
      </Author>
      <Author>
        <Name>George</Name>
        <Email>gweasley@hogwarts.co.uk</Email>
      </Author>
    </Authors>
    <name>Book2</name>
  </book>
  <book year="2014" isbn="ISBN83763550019---11">
    <Authors>
      <Author>
        <Name>Fred</Name>
        <Email>fweasley@hogwarts.co.uk</Email>
      </Author>
      <Author>
        <Name>George</Name>
        <Email>gweasley@hogwarts.co.uk</Email>
      </Author>
    </Authors>
    <name>Book1</name>
  </book>
  <book year="2014" isbn="ISBN83763550019---11">
    <Authors>
      <Author>
        <Name>Fred</Name>
        <Email>fweasley@hogwarts.co.uk</Email>
      </Author>
      <Author>
        <Name>George</Name>
        <Email>gweasley@hogwarts.co.uk</Email>
      </Author>
    </Authors>
    <name>Book2</name>
  </book>
  <book year="2014" isbn="ISBN83763550019---11">
    <Authors>
      <Author>
        <Name>Fred</Name>
        <Email>fweasley@hogwarts.co.uk</Email>
      </Author>
      <Author>
        <Name>George</Name>
        <Email>gweasley@hogwarts.co.uk</Email>
      </Author>
    </Authors>
    <name>Book1</name>
  </book>
  <book year="2014" isbn="ISBN83763550019---11">
    <Authors>
      <Author>
        <Name>Fred</Name>
        <Email>fweasley@hogwarts.co.uk</Email>
      </Author>
      <Author>
        <Name>George</Name>
        <Email>gweasley@hogwarts.co.uk</Email>
      </Author>
    </Authors>
    <name>Book2</name>
  </book>
  <book year="2014" isbn="ISBN83763550019---11">
    <Authors>
      <Author>
        <Name>Fred</Name>
        <Email>fweasley@hogwarts.co.uk</Email>
      </Author>
      <Author>
        <Name>George</Name>
        <Email>gweasley@hogwarts.co.uk</Email>
      </Author>
    </Authors>
    <name>Book1</name>
  </book>
  <book year="2014" isbn="ISBN83763550019---11">
    <Authors>
      <Author>
        <Name>Fred</Name>
        <Email>fweasley@hogwarts.co.uk</Email>
      </Author>
      <Author>
        <Name>George</Name>
        <Email>gweasley@hogwarts.co.uk</Email>
      </Author>
    </Authors>
    <name>Book2</name>
  </book>
  <book year="2014" isbn="ISBN83763550019---11">
    <Authors>
      <Author>
        <Name>Fred</Name>
        <Email>fweasley@hogwarts.co.uk</Email>
      </Author>
      <Author>
        <Name>George</Name>
        <Email>gweasley@hogwarts.co.uk</Email>
      </Author>
    </Authors>
    <name>Book1</name>
  </book>
  <book year="2014" isbn="ISBN83763550019---11">
    <Authors>
      <Author>
        <Name>Fred</Name>
        <Email>fweasley@hogwarts.co.uk</Email>
      </Author>
      <Author>
        <Name>George</Name>
        <Email>gweasley@hogwarts.co.uk</Email>
      </Author>
    </Authors>
    <name>Book2</name>
  </book>
  <book year="2014" isbn="ISBN83763550019---11">
    <Authors>
      <Author>
        <Name>Fred</Name>
        <Email>fweasley@hogwarts.co.uk</Email>
      </Author>
      <Author>
        <Name>George</Name>
        <Email>gweasley@hogwarts.co.uk</Email>
      </Author>
    </Authors>
    <name>Book1</name>
  </book>
  <book year="2014" isbn="ISBN83763550019---11">
    <Authors>
      <Author>
        <Name>Fred</Name>
        <Email>fweasley@hogwarts.co.uk</Email>
      </Author>
      <Author>
        <Name>George</Name>
        <Email>gweasley@hogwarts.co.uk</Email>
      </Author>
    </Authors>
    <name>Book2</name>
  </book>
  <book year="2014" isbn="ISBN83763550019---11">
    <Authors>
      <Author>
        <Name>Fred</Name>
        <Email>fweasley@hogwarts.co.uk</Email>
      </Author>
      <Author>
        <Name>George</Name>
        <Email>gweasley@hogwarts.co.uk</Email>
      </Author>
    </Authors>
    <name>Book1</name>
  </book>
  <book year="2014" isbn="ISBN83763550019---11">
    <Authors>
      <Author>
        <Name>Fred</Name>
        <Email>fweasley@hogwarts.co.uk</Email>
      </Author>
      <Author>
        <Name>George</Name>
        <Email>gweasley@hogwarts.co.uk</Email>
      </Author>
    </Authors>
    <name>Book2</name>
  </book>
  <book year="2014" isbn="ISBN83763550019---11">
    <Authors>
      <Author>
        <Name>Fred</Name>
        <Email>fweasley@hogwarts.co.uk</Email>
      </Author>
      <Author>
        <Name>George</Name>
        <Email>gweasley@hogwarts.co.uk</Email>
      </Author>
    </Authors>
    <name>Book1</name>
  </book>
  <book year="2014" isbn="ISBN83763550019---11">
    <Authors>
      <Author>
        <Name>Fred</Name>
        <Email>fweasley@hogwarts.co.uk</Email>
      </Author>
      <Author>
        <Name>George</Name>
        <Email>gweasley@hogwarts.co.uk</Email>
      </Author>
    </Authors>
    <name>Book2</name>
  </book>
  <book year="2014" isbn="ISBN83763550019---11">
    <Authors>
      <Author>
        <Name>Fred</Name>
        <Email>fweasley@hogwarts.co.uk</Email>
      </Author>
      <Author>
        <Name>George</Name>
        <Email>gweasley@hogwarts.co.uk</Email>
      </Author>
    </Authors>
    <name>Book1</name>
  </book>
  <book year="2014" isbn="ISBN83763550019---11">
    <Authors>
      <Author>
        <Name>Fred</Name>
        <Email>fweasley@hogwarts.co.uk</Email>
      </Author>
      <Author>
        <Name>George</Name>
        <Email>gweasley@hogwarts.co.uk</Email>
      </Author>
    </Authors>
    <name>Book2</name>
  </book>
  <book year="2014" isbn="ISBN83763550019---11">
    <Authors>
      <Author>
        <Name>Fred</Name>
        <Email>fweasley@hogwarts.co.uk</Email>
      </Author>
      <Author>
        <Name>George</Name>
        <Email>gweasley@hogwarts.co.uk</Email>
      </Author>
    </Authors>
    <name>Book1</name>
  </book>
  <book year="2014" isbn="ISBN83763550019---11">
    <Authors>
      <Author>
        <Name>Fred</Name>
        <Email>fweasley@hogwarts.co.uk</Email>
      </Author>
      <Author>
        <Name>George</Name>
        <Email>gweasley@hogwarts.co.uk</Email>
      </Author>
    </Authors>
    <name>Book2</name>
  </book>
  <book year="2014" isbn="ISBN83763550019---11">
    <Authors>
      <Author>
        <Name>Fred</Name>
        <Email>fweasley@hogwarts.co.uk</Email>
      </Author>
      <Author>
        <Name>George</Name>
        <Email>gweasley@hogwarts.co.uk</Email>
      </Author>
    </Authors>
    <name>Book1</name>
  </book>
  <book year="2014" isbn="ISBN83763550019---11">
    <Authors>
      <Author>
        <Name>Fred</Name>
        <Email>fweasley@hogwarts.co.uk</Email>
      </Author>
      <Author>
        <Name>George</Name>
        <Email>gweasley@hogwarts.co.uk</Email>
      </Author>
    </Authors>
    <name>Book2</name>
  </book>
  <book year="2014" isbn="ISBN83763550019---11">
    <Authors>
      <Author>
        <Name>Fred</Name>
        <Email>fweasley@hogwarts.co.uk</Email>
      </Author>
      <Author>
        <Name>George</Name>
        <Email>gweasley@hogwarts.co.uk</Email>
      </Author>
    </Authors>
    <name>Book1</name>
  </book>
  <book year="2014" isbn="ISBN83763550019---11">
    <Authors>
      <Author>
        <Name>Fred</Name>
        <Email>fweasley@hogwarts.co.uk</Email>
      </Author>
      <Author>
        <Name>George</Name>
        <Email>gweasley@hogwarts.co.uk</Email>
      </Author>
    </Authors>
    <name>Book2</name>
  </book>
  <book year="2014" isbn="ISBN83763550019---11">
    <Authors>
      <Author>
        <Name>Fred</Name>
        <Email>fweasley@hogwarts.co.uk</Email>
      </Author>
      <Author>
        <Name>George</Name>
        <Email>gweasley@hogwarts.co.uk</Email>
      </Author>
    </Authors>
    <name>Book1</name>
  </book>
  <book year="2014" isbn="ISBN83763550019---11">
    <Authors>
      <Author>
        <Name>Fred</Name>
        <Email>fweasley@hogwarts.co.uk</Email>
      </Author>
      <Author>
        <Name>George</Name>
        <Email>gweasley@hogwarts.co.uk</Email>
      </Author>
    </Authors>
    <name>Book2</name>
  </book>
  <book year="2014" isbn="ISBN83763550019---11">
    <Authors>
      <Author>
        <Name>Fred</Name>
        <Email>fweasley@hogwarts.co.uk</Email>
      </Author>
      <Author>
        <Name>George</Name>
        <Email>gweasley@hogwarts.co.uk</Email>
      </Author>
    </Authors>
    <name>Book1</name>
  </book>
  <book year="2014" isbn="ISBN83763550019---11">
    <Authors>
      <Author>
        <Name>Fred</Name>
        <Email>fweasley@hogwarts.co.uk</Email>
      </Author>
      <Author>
        <Name>George</Name>
        <Email>gweasley@hogwarts.co.uk</Email>
      </Author>
    </Authors>
    <name>Book2</name>
  </book>
  <book year="2014" isbn="ISBN83763550019---11">
    <Authors>
      <Author>
        <Name>Fred</Name>
        <Email>fweasley@hogwarts.co.uk</Email>
      </Author>
      <Author>
        <Name>George</Name>
        <Email>gweasley@hogwarts.co.uk</Email>
      </Author>
    </Authors>
    <name>Book1</name>
  </book>
  <book year="2014" isbn="ISBN83763550019---11">
    <Authors>
      <Author>
        <Name>Fred</Name>
        <Email>fweasley@hogwarts.co.uk</Email>
      </Author>
      <Author>
        <Name>George</Name>
        <Email>gweasley@hogwarts.co.uk</Email>
      </Author>
    </Authors>
    <name>Book2</name>
  </book>
  <book year="2014" isbn="ISBN83763550019---11">
    <Authors>
      <Author>
        <Name>Fred</Name>
        <Email>fweasley@hogwarts.co.uk</Email>
      </Author>
      <Author>
        <Name>George</Name>
        <Email>gweasley@hogwarts.co.uk</Email>
      </Author>
    </Authors>
    <name>Book1</name>
  </book>
  <book year="2014" isbn="ISBN83763550019---11">
    <Authors>
      <Author>
        <Name>Fred</Name>
        <Email>fweasley@hogwarts.co.uk</Email>
      </Author>
      <Author>
        <Name>George</Name>
        <Email>gweasley@hogwarts.co.uk</Email>
      </Author>
    </Authors>
    <name>Book2</name>
  </book>
  <book year="2014" isbn="ISBN83763550019---11">
    <Authors>
      <Author>
        <Name>Fred</Name>
        <Email>fweasley@hogwarts.co.uk</Email>
      </Author>
      <Author>
        <Name>George</Name>
        <Email>gweasley@hogwarts.co.uk</Email>
      </Author>
    </Authors>
    <name>Book1</name>
  </book>
  <book year="2014" isbn="ISBN83763550019---11">
    <Authors>
      <Author>
        <Name>Fred</Name>
        <Email>fweasley@hogwarts.co.uk</Email>
      </Author>
      <Author>
        <Name>George</Name>
        <Email>gweasley@hogwarts.co.uk</Email>
      </Author>
    </Authors>
    <name>Book2</name>
  </book>
  <book year="2014" isbn="ISBN83763550019---11">
    <Authors>
      <Author>
        <Name>Fred</Name>
        <Email>fweasley@hogwarts.co.uk</Email>
      </Author>
      <Author>
        <Name>George</Name>
        <Email>gweasley@hogwarts.co.uk</Email>
      </Author>
    </Authors>
    <name>Book1</name>
  </book>
  <book year="2014" isbn="ISBN83763550019---11">
    <Authors>
      <Author>
        <Name>Fred</Name>
        <Email>fweasley@hogwarts.co.uk</Email>
      </Author>
      <Author>
        <Name>George</Name>
        <Email>gweasley@hogwarts.co.uk</Email>
      </Author>
    </Authors>
    <name>Book2</name>
  </book>
  <book year="2014" isbn="ISBN83763550019---11">
    <Authors>
      <Author>
        <Name>Fred</Name>
        <Email>fweasley@hogwarts.co.uk</Email>
      </Author>
      <Author>
        <Name>George</Name>
        <Email>gweasley@hogwarts.co.uk</Email>
      </Author>
    </Authors>
    <name>Book1</name>
  </book>
  <book year="2014" isbn="ISBN83763550019---11">
    <Authors>
      <Author>
        <Name>Fred</Name>
        <Email>fweasley@hogwarts.co.uk</Email>
      </Author>
      <Author>
        <Name>George</Name>
        <Email>gweasley@hogwarts.co.uk</Email>
      </Author>
    </Authors>
    <name>Book2</name>
  </book>
  <book year="2014" isbn="ISBN83763550019---11">
    <Authors>
      <Author>
        <Name>Fred</Name>
        <Email>fweasley@hogwarts.co.uk</Email>
      </Author>
      <Author>
        <Name>George</Name>
        <Email>gweasley@hogwarts.co.uk</Email>
      </Author>
    </Authors>
    <name>Book1</name>
  </book>
  <book year="2014" isbn="ISBN83763550019---11">
    <Authors>
      <Author>
        <Name>Fred</Name>
        <Email>fweasley@hogwarts.co.uk</Email>
      </Author>
      <Author>
        <Name>George</Name>
        <Email>gweasley@hogwarts.co.uk</Email>
      </Author>
    </Authors>
    <name>Book2</name>
  </book>
  <book year="2014" isbn="ISBN83763550019---11">
    <Authors>
      <Author>
        <Name>Fred</Name>
        <Email>fweasley@hogwarts.co.uk</Email>
      </Author>
      <Author>
        <Name>George</Name>
        <Email>gweasley@hogwarts.co.uk</Email>
      </Author>
    </Authors>
    <name>Book1</name>
  </book>
  <book year="2014" isbn="ISBN83763550019---11">
    <Authors>
      <Author>
        <Name>Fred</Name>
        <Email>fweasley@hogwarts.co.uk</Email>
      </Author>
      <Author>
        <Name>George</Name>
        <Email>gweasley@hogwarts.co.uk</Email>
      </Author>
    </Authors>
    <name>Book2</name>
  </book>
  <book year="2014" isbn="ISBN83763550019---11">
    <Authors>
      <Author>
        <Name>Fred</Name>
        <Email>fweasley@hogwarts.co.uk</Email>
      </Author>
      <Author>
        <Name>George</Name>
        <Email>gweasley@hogwarts.co.uk</Email>
      </Author>
    </Authors>
    <name>Book1</name>
  </book>
  <book year="2014" isbn="ISBN83763550019---11">
    <Authors>
      <Author>
        <Name>Fred</Name>
        <Email>fweasley@hogwarts.co.uk</Email>
      </Author>
      <Author>
        <Name>George</Name>
        <Email>gweasley@hogwarts.co.uk</Email>
      </Author>
    </Authors>
    <name>Book2</name>
  </book>
  <book year="2014" isbn="ISBN83763550019---11">
    <Authors>
      <Author>
        <Name>Fred</Name>
        <Email>fweasley@hogwarts.co.uk</Email>
      </Author>
      <Author>
        <Name>George</Name>
        <Email>gweasley@hogwarts.co.uk</Email>
      </Author>
    </Authors>
    <name>Book1</name>
  </book>
  <book year="2014" isbn="ISBN83763550019---11">
    <Authors>
      <Author>
        <Name>Fred</Name>
        <Email>fweasley@hogwarts.co.uk</Email>
      </Author>
      <Author>
        <Name>George</Name>
        <Email>gweasley@hogwarts.co.uk</Email>
      </Author>
    </Authors>
    <name>Book2</name>
  </book>
  <book year="2014" isbn="ISBN83763550019---11">
    <Authors>
      <Author>
        <Name>Fred</Name>
        <Email>fweasley@hogwarts.co.uk</Email>
      </Author>
      <Author>
        <Name>George</Name>
        <Email>gweasley@hogwarts.co.uk</Email>
      </Author>
    </Authors>
    <name>Book1</name>
  </book>
  <book year="2014" isbn="ISBN83763550019---11">
    <Authors>
      <Author>
        <Name>Fred</Name>
        <Email>fweasley@hogwarts.co.uk</Email>
      </Author>
      <Author>
        <Name>George</Name>
        <Email>gweasley@hogwarts.co.uk</Email>
      </Author>
    </Authors>
    <name>Book2</name>
  </book>
  <book year="2014" isbn="ISBN83763550019---11">
    <Authors>
      <Author>
        <Name>Fred</Name>
        <Email>fweasley@hogwarts.co.uk</Email>
      </Author>
      <Author>
        <Name>George</Name>
        <Email>gweasley@hogwarts.co.uk</Email>
      </Author>
    </Authors>
    <name>Book1</name>
  </book>
  <book year="2014" isbn="ISBN83763550019---11">
    <Authors>
      <Author>
        <Name>Fred</Name>
        <Email>fweasley@hogwarts.co.uk</Email>
      </Author>
      <Author>
        <Name>George</Name>
        <Email>gweasley@hogwarts.co.uk</Email>
      </Author>
    </Authors>
    <name>Book2</name>
  </book>
  <book year="2014" isbn="ISBN83763550019---11">
    <Authors>
      <Author>
        <Name>Fred</Name>
        <Email>fweasley@hogwarts.co.uk</Email>
      </Author>
      <Author>
        <Name>George</Name>
        <Email>gweasley@hogwarts.co.uk</Email>
      </Author>
    </Authors>
    <name>Book1</name>
  </book>
  <book year="2014" isbn="ISBN83763550019---11">
    <Authors>
      <Author>
        <Name>Fred</Name>
        <Email>fweasley@hogwarts.co.uk</Email>
      </Author>
      <Author>
        <Name>George</Name>
        <Email>gweasley@hogwarts.co.uk</Email>
      </Author>
    </Authors>
    <name>Book2</name>
  </book>
  <book year="2014" isbn="ISBN83763550019---11">
    <Authors>
      <Author>
        <Name>Fred</Name>
        <Email>fweasley@hogwarts.co.uk</Email>
      </Author>
      <Author>
        <Name>George</Name>
        <Email>gweasley@hogwarts.co.uk</Email>
      </Author>
    </Authors>
    <name>Book1</name>
  </book>
  <book year="2014" isbn="ISBN83763550019---11">
    <Authors>
      <Author>
        <Name>Fred</Name>
        <Email>fweasley@hogwarts.co.uk</Email>
      </Author>
      <Author>
        <Name>George</Name>
        <Email>gweasley@hogwarts.co.uk</Email>
      </Author>
    </Authors>
    <name>Book2</name>
  </book>
  <book year="2014" isbn="ISBN83763550019---11">
    <Authors>
      <Author>
        <Name>Fred</Name>
        <Email>fweasley@hogwarts.co.uk</Email>
      </Author>
      <Author>
        <Name>George</Name>
        <Email>gweasley@hogwarts.co.uk</Email>
      </Author>
    </Authors>
    <name>Book1</name>
  </book>
  <book year="2014" isbn="ISBN83763550019---11">
    <Authors>
      <Author>
        <Name>Fred</Name>
        <Email>fweasley@hogwarts.co.uk</Email>
      </Author>
      <Author>
        <Name>George</Name>
        <Email>gweasley@hogwarts.co.uk</Email>
      </Author>
    </Authors>
    <name>Book2</name>
  </book>
  <book year="2014" isbn="ISBN83763550019---11">
    <Authors>
      <Author>
        <Name>Fred</Name>
        <Email>fweasley@hogwarts.co.uk</Email>
      </Author>
      <Author>
        <Name>George</Name>
        <Email>gweasley@hogwarts.co.uk</Email>
      </Author>
    </Authors>
    <name>Book1</name>
  </book>
  <book year="2014" isbn="ISBN83763550019---11">
    <Authors>
      <Author>
        <Name>Fred</Name>
        <Email>fweasley@hogwarts.co.uk</Email>
      </Author>
      <Author>
        <Name>George</Name>
        <Email>gweasley@hogwarts.co.uk</Email>
      </Author>
    </Authors>
    <name>Book2</name>
  </book>
  <book year="2014" isbn="ISBN83763550019---11">
    <Authors>
      <Author>
        <Name>Fred</Name>
        <Email>fweasley@hogwarts.co.uk</Email>
      </Author>
      <Author>
        <Name>George</Name>
        <Email>gweasley@hogwarts.co.uk</Email>
      </Author>
    </Authors>
    <name>Book1</name>
  </book>
  <book year="2014" isbn="ISBN83763550019---11">
    <Authors>
      <Author>
        <Name>Fred</Name>
        <Email>fweasley@hogwarts.co.uk</Email>
      </Author>
      <Author>
        <Name>George</Name>
        <Email>gweasley@hogwarts.co.uk</Email>
      </Author>
    </Authors>
    <name>Book2</name>
  </book>
  <book year="2014" isbn="ISBN83763550019---11">
    <Authors>
      <Author>
        <Name>Fred</Name>
        <Email>fweasley@hogwarts.co.uk</Email>
      </Author>
      <Author>
        <Name>George</Name>
        <Email>gweasley@hogwarts.co.uk</Email>
      </Author>
    </Authors>
    <name>Book1</name>
  </book>
  <book year="2014" isbn="ISBN83763550019---11">
    <Authors>
      <Author>
        <Name>Fred</Name>
        <Email>fweasley@hogwarts.co.uk</Email>
      </Author>
      <Author>
        <Name>George</Name>
        <Email>gweasley@hogwarts.co.uk</Email>
      </Author>
    </Authors>
    <name>Book2</name>
  </book>
  <book year="2014" isbn="ISBN83763550019---11">
    <Authors>
      <Author>
        <Name>Fred</Name>
        <Email>fweasley@hogwarts.co.uk</Email>
      </Author>
      <Author>
        <Name>George</Name>
        <Email>gweasley@hogwarts.co.uk</Email>
      </Author>
    </Authors>
    <name>Book1</name>
  </book>
  <book year="2014" isbn="ISBN83763550019---11">
    <Authors>
      <Author>
        <Name>Fred</Name>
        <Email>fweasley@hogwarts.co.uk</Email>
      </Author>
      <Author>
        <Name>George</Name>
        <Email>gweasley@hogwarts.co.uk</Email>
      </Author>
    </Authors>
    <name>Book2</name>
  </book>
  <book year="2014" isbn="ISBN83763550019---11">
    <Authors>
      <Author>
        <Name>Fred</Name>
        <Email>fweasley@hogwarts.co.uk</Email>
      </Author>
      <Author>
        <Name>George</Name>
        <Email>gweasley@hogwarts.co.uk</Email>
      </Author>
    </Authors>
    <name>Book1</name>
  </book>
  <book year="2014" isbn="ISBN83763550019---11">
    <Authors>
      <Author>
        <Name>Fred</Name>
        <Email>fweasley@hogwarts.co.uk</Email>
      </Author>
      <Author>
        <Name>George</Name>
        <Email>gweasley@hogwarts.co.uk</Email>
      </Author>
    </Authors>
    <name>Book2</name>
  </book>
  <book year="2014" isbn="ISBN83763550019---11">
    <Authors>
      <Author>
        <Name>Fred</Name>
        <Email>fweasley@hogwarts.co.uk</Email>
      </Author>
      <Author>
        <Name>George</Name>
        <Email>gweasley@hogwarts.co.uk</Email>
      </Author>
    </Authors>
    <name>Book1</name>
  </book>
  <book year="2014" isbn="ISBN83763550019---11">
    <Authors>
      <Author>
        <Name>Fred</Name>
        <Email>fweasley@hogwarts.co.uk</Email>
      </Author>
      <Author>
        <Name>George</Name>
        <Email>gweasley@hogwarts.co.uk</Email>
      </Author>
    </Authors>
    <name>Book2</name>
  </book>
  <book year="2014" isbn="ISBN83763550019---11">
    <Authors>
      <Author>
        <Name>Fred</Name>
        <Email>fweasley@hogwarts.co.uk</Email>
      </Author>
      <Author>
        <Name>George</Name>
        <Email>gweasley@hogwarts.co.uk</Email>
      </Author>
    </Authors>
    <name>Book1</name>
  </book>
  <book year="2014" isbn="ISBN83763550019---11">
    <Authors>
      <Author>
        <Name>Fred</Name>
        <Email>fweasley@hogwarts.co.uk</Email>
      </Author>
      <Author>
        <Name>George</Name>
        <Email>gweasley@hogwarts.co.uk</Email>
      </Author>
    </Authors>
    <name>Book2</name>
  </book>
  <book year="2014" isbn="ISBN83763550019---11">
    <Authors>
      <Author>
        <Name>Fred</Name>
        <Email>fweasley@hogwarts.co.uk</Email>
      </Author>
      <Author>
        <Name>George</Name>
        <Email>gweasley@hogwarts.co.uk</Email>
      </Author>
    </Authors>
    <name>Book1</name>
  </book>
  <book year="2014" isbn="ISBN83763550019---11">
    <Authors>
      <Author>
        <Name>Fred</Name>
        <Email>fweasley@hogwarts.co.uk</Email>
      </Author>
      <Author>
        <Name>George</Name>
        <Email>gweasley@hogwarts.co.uk</Email>
      </Author>
    </Authors>
    <name>Book2</name>
  </book>
  <book year="2014" isbn="ISBN83763550019---11">
    <Authors>
      <Author>
        <Name>Fred</Name>
        <Email>fweasley@hogwarts.co.uk</Email>
      </Author>
      <Author>
        <Name>George</Name>
        <Email>gweasley@hogwarts.co.uk</Email>
      </Author>
    </Authors>
    <name>Book1</name>
  </book>
  <book year="2014" isbn="ISBN83763550019---11">
    <Authors>
      <Author>
        <Name>Fred</Name>
        <Email>fweasley@hogwarts.co.uk</Email>
      </Author>
      <Author>
        <Name>George</Name>
        <Email>gweasley@hogwarts.co.uk</Email>
      </Author>
    </Authors>
    <name>Book2</name>
  </book>
  <book year="2014" isbn="ISBN83763550019---11">
    <Authors>
      <Author>
        <Name>Fred</Name>
        <Email>fweasley@hogwarts.co.uk</Email>
      </Author>
      <Author>
        <Name>George</Name>
        <Email>gweasley@hogwarts.co.uk</Email>
      </Author>
    </Authors>
    <name>Book1</name>
  </book>
  <book year="2014" isbn="ISBN83763550019---11">
    <Authors>
      <Author>
        <Name>Fred</Name>
        <Email>fweasley@hogwarts.co.uk</Email>
      </Author>
      <Author>
        <Name>George</Name>
        <Email>gweasley@hogwarts.co.uk</Email>
      </Author>
    </Authors>
    <name>Book2</name>
  </book>
  <book year="2014" isbn="ISBN83763550019---11">
    <Authors>
      <Author>
        <Name>Fred</Name>
        <Email>fweasley@hogwarts.co.uk</Email>
      </Author>
      <Author>
        <Name>George</Name>
        <Email>gweasley@hogwarts.co.uk</Email>
      </Author>
    </Authors>
    <name>Book1</name>
  </book>
  <book year="2014" isbn="ISBN83763550019---11">
    <Authors>
      <Author>
        <Name>Fred</Name>
        <Email>fweasley@hogwarts.co.uk</Email>
      </Author>
      <Author>
        <Name>George</Name>
        <Email>gweasley@hogwarts.co.uk</Email>
      </Author>
    </Authors>
    <name>Book2</name>
  </book>
  <book year="2014" isbn="ISBN83763550019---11">
    <Authors>
      <Author>
        <Name>Fred</Name>
        <Email>fweasley@hogwarts.co.uk</Email>
      </Author>
      <Author>
        <Name>George</Name>
        <Email>gweasley@hogwarts.co.uk</Email>
      </Author>
    </Authors>
    <name>Book1</name>
  </book>
  <book year="2014" isbn="ISBN83763550019---11">
    <Authors>
      <Author>
        <Name>Fred</Name>
        <Email>fweasley@hogwarts.co.uk</Email>
      </Author>
      <Author>
        <Name>George</Name>
        <Email>gweasley@hogwarts.co.uk</Email>
      </Author>
    </Authors>
    <name>Book2</name>
  </book>
  <book year="2014" isbn="ISBN83763550019---11">
    <Authors>
      <Author>
        <Name>Fred</Name>
        <Email>fweasley@hogwarts.co.uk</Email>
      </Author>
      <Author>
        <Name>George</Name>
        <Email>gweasley@hogwarts.co.uk</Email>
      </Author>
    </Authors>
    <name>Book1</name>
  </book>
  <book year="2014" isbn="ISBN83763550019---11">
    <Authors>
      <Author>
        <Name>Fred</Name>
        <Email>fweasley@hogwarts.co.uk</Email>
      </Author>
      <Author>
        <Name>George</Name>
        <Email>gweasley@hogwarts.co.uk</Email>
      </Author>
    </Authors>
    <name>Book2</name>
  </book>
  <book year="2014" isbn="ISBN83763550019---11">
    <Authors>
      <Author>
        <Name>Fred</Name>
        <Email>fweasley@hogwarts.co.uk</Email>
      </Author>
      <Author>
        <Name>George</Name>
        <Email>gweasley@hogwarts.co.uk</Email>
      </Author>
    </Authors>
    <name>Book1</name>
  </book>
  <book year="2014" isbn="ISBN83763550019---11">
    <Authors>
      <Author>
        <Name>Fred</Name>
        <Email>fweasley@hogwarts.co.uk</Email>
      </Author>
      <Author>
        <Name>George</Name>
        <Email>gweasley@hogwarts.co.uk</Email>
      </Author>
    </Authors>
    <name>Book2</name>
  </book>
  <book year="2014" isbn="ISBN83763550019---11">
    <Authors>
      <Author>
        <Name>Fred</Name>
        <Email>fweasley@hogwarts.co.uk</Email>
      </Author>
      <Author>
        <Name>George</Name>
        <Email>gweasley@hogwarts.co.uk</Email>
      </Author>
    </Authors>
    <name>Book1</name>
  </book>
  <book year="2014" isbn="ISBN83763550019---11">
    <Authors>
      <Author>
        <Name>Fred</Name>
        <Email>fweasley@hogwarts.co.uk</Email>
      </Author>
      <Author>
        <Name>George</Name>
        <Email>gweasley@hogwarts.co.uk</Email>
      </Author>
    </Authors>
    <name>Book2</name>
  </book>
  <book year="2014" isbn="ISBN83763550019---11">
    <Authors>
      <Author>
        <Name>Fred</Name>
        <Email>fweasley@hogwarts.co.uk</Email>
      </Author>
      <Author>
        <Name>George</Name>
        <Email>gweasley@hogwarts.co.uk</Email>
      </Author>
    </Authors>
    <name>Book1</name>
  </book>
  <book year="2014" isbn="ISBN83763550019---11">
    <Authors>
      <Author>
        <Name>Fred</Name>
        <Email>fweasley@hogwarts.co.uk</Email>
      </Author>
      <Author>
        <Name>George</Name>
        <Email>gweasley@hogwarts.co.uk</Email>
      </Author>
    </Authors>
    <name>Book2</name>
  </book>
  <book year="2014" isbn="ISBN83763550019---11">
    <Authors>
      <Author>
        <Name>Fred</Name>
        <Email>fweasley@hogwarts.co.uk</Email>
      </Author>
      <Author>
        <Name>George</Name>
        <Email>gweasley@hogwarts.co.uk</Email>
      </Author>
    </Authors>
    <name>Book1</name>
  </book>
  <book year="2014" isbn="ISBN83763550019---11">
    <Authors>
      <Author>
        <Name>Fred</Name>
        <Email>fweasley@hogwarts.co.uk</Email>
      </Author>
      <Author>
        <Name>George</Name>
        <Email>gweasley@hogwarts.co.uk</Email>
      </Author>
    </Authors>
    <name>Book2</name>
  </book>
  <book year="2014" isbn="ISBN83763550019---11">
    <Authors>
      <Author>
        <Name>Fred</Name>
        <Email>fweasley@hogwarts.co.uk</Email>
      </Author>
      <Author>
        <Name>George</Name>
        <Email>gweasley@hogwarts.co.uk</Email>
      </Author>
    </Authors>
    <name>Book1</name>
  </book>
  <book year="2014" isbn="ISBN83763550019---11">
    <Authors>
      <Author>
        <Name>Fred</Name>
        <Email>fweasley@hogwarts.co.uk</Email>
      </Author>
      <Author>
        <Name>George</Name>
        <Email>gweasley@hogwarts.co.uk</Email>
      </Author>
    </Authors>
    <name>Book2</name>
  </book>
  <book year="2014" isbn="ISBN83763550019---11">
    <Authors>
      <Author>
        <Name>Fred</Name>
        <Email>fweasley@hogwarts.co.uk</Email>
      </Author>
      <Author>
        <Name>George</Name>
        <Email>gweasley@hogwarts.co.uk</Email>
      </Author>
    </Authors>
    <name>Book1</name>
  </book>
  <book year="2014" isbn="ISBN83763550019---11">
    <Authors>
      <Author>
        <Name>Fred</Name>
        <Email>fweasley@hogwarts.co.uk</Email>
      </Author>
      <Author>
        <Name>George</Name>
        <Email>gweasley@hogwarts.co.uk</Email>
      </Author>
    </Authors>
    <name>Book2</name>
  </book>
  <book year="2014" isbn="ISBN83763550019---11">
    <Authors>
      <Author>
        <Name>Fred</Name>
        <Email>fweasley@hogwarts.co.uk</Email>
      </Author>
      <Author>
        <Name>George</Name>
        <Email>gweasley@hogwarts.co.uk</Email>
      </Author>
    </Authors>
    <name>Book1</name>
  </book>
  <book year="2014" isbn="ISBN83763550019---11">
    <Authors>
      <Author>
        <Name>Fred</Name>
        <Email>fweasley@hogwarts.co.uk</Email>
      </Author>
      <Author>
        <Name>George</Name>
        <Email>gweasley@hogwarts.co.uk</Email>
      </Author>
    </Authors>
    <name>Book2</name>
  </book>
  <book year="2014" isbn="ISBN83763550019---11">
    <Authors>
      <Author>
        <Name>Fred</Name>
        <Email>fweasley@hogwarts.co.uk</Email>
      </Author>
      <Author>
        <Name>George</Name>
        <Email>gweasley@hogwarts.co.uk</Email>
      </Author>
    </Authors>
    <name>Book1</name>
  </book>
  <book year="2014" isbn="ISBN83763550019---11">
    <Authors>
      <Author>
        <Name>Fred</Name>
        <Email>fweasley@hogwarts.co.uk</Email>
      </Author>
      <Author>
        <Name>George</Name>
        <Email>gweasley@hogwarts.co.uk</Email>
      </Author>
    </Authors>
    <name>Book2</name>
  </book>
  <book year="2014" isbn="ISBN83763550019---11">
    <Authors>
      <Author>
        <Name>Fred</Name>
        <Email>fweasley@hogwarts.co.uk</Email>
      </Author>
      <Author>
        <Name>George</Name>
        <Email>gweasley@hogwarts.co.uk</Email>
      </Author>
    </Authors>
    <name>Book1</name>
  </book>
  <book year="2014" isbn="ISBN83763550019---11">
    <Authors>
      <Author>
        <Name>Fred</Name>
        <Email>fweasley@hogwarts.co.uk</Email>
      </Author>
      <Author>
        <Name>George</Name>
        <Email>gweasley@hogwarts.co.uk</Email>
      </Author>
    </Authors>
    <name>Book2</name>
  </book>
  <book year="2014" isbn="ISBN83763550019---11">
    <Authors>
      <Author>
        <Name>Fred</Name>
        <Email>fweasley@hogwarts.co.uk</Email>
      </Author>
      <Author>
        <Name>George</Name>
        <Email>gweasley@hogwarts.co.uk</Email>
      </Author>
    </Authors>
    <name>Book1</name>
  </book>
  <book year="2014" isbn="ISBN83763550019---11">
    <Authors>
      <Author>
        <Name>Fred</Name>
        <Email>fweasley@hogwarts.co.uk</Email>
      </Author>
      <Author>
        <Name>George</Name>
        <Email>gweasley@hogwarts.co.uk</Email>
      </Author>
    </Authors>
    <name>Book2</name>
  </book>
  <book year="2014" isbn="ISBN83763550019---11">
    <Authors>
      <Author>
        <Name>Fred</Name>
        <Email>fweasley@hogwarts.co.uk</Email>
      </Author>
      <Author>
        <Name>George</Name>
        <Email>gweasley@hogwarts.co.uk</Email>
      </Author>
    </Authors>
    <name>Book1</name>
  </book>
  <book year="2014" isbn="ISBN83763550019---11">
    <Authors>
      <Author>
        <Name>Fred</Name>
        <Email>fweasley@hogwarts.co.uk</Email>
      </Author>
      <Author>
        <Name>George</Name>
        <Email>gweasley@hogwarts.co.uk</Email>
      </Author>
    </Authors>
    <name>Book2</name>
  </book>
  <book year="2014" isbn="ISBN83763550019---11">
    <Authors>
      <Author>
        <Name>Fred</Name>
        <Email>fweasley@hogwarts.co.uk</Email>
      </Author>
      <Author>
        <Name>George</Name>
        <Email>gweasley@hogwarts.co.uk</Email>
      </Author>
    </Authors>
    <name>Book1</name>
  </book>
  <book year="2014" isbn="ISBN83763550019---11">
    <Authors>
      <Author>
        <Name>Fred</Name>
        <Email>fweasley@hogwarts.co.uk</Email>
      </Author>
      <Author>
        <Name>George</Name>
        <Email>gweasley@hogwarts.co.uk</Email>
      </Author>
    </Authors>
    <name>Book2</name>
  </book>
  <book year="2014" isbn="ISBN83763550019---11">
    <Authors>
      <Author>
        <Name>Fred</Name>
        <Email>fweasley@hogwarts.co.uk</Email>
      </Author>
      <Author>
        <Name>George</Name>
        <Email>gweasley@hogwarts.co.uk</Email>
      </Author>
    </Authors>
    <name>Book1</name>
  </book>
  <book year="2014" isbn="ISBN83763550019---11">
    <Authors>
      <Author>
        <Name>Fred</Name>
        <Email>fweasley@hogwarts.co.uk</Email>
      </Author>
      <Author>
        <Name>George</Name>
        <Email>gweasley@hogwarts.co.uk</Email>
      </Author>
    </Authors>
    <name>Book2</name>
  </book>
  <book year="2014" isbn="ISBN83763550019---11">
    <Authors>
      <Author>
        <Name>Fred</Name>
        <Email>fweasley@hogwarts.co.uk</Email>
      </Author>
      <Author>
        <Name>George</Name>
        <Email>gweasley@hogwarts.co.uk</Email>
      </Author>
    </Authors>
    <name>Book1</name>
  </book>
  <book year="2014" isbn="ISBN83763550019---11">
    <Authors>
      <Author>
        <Name>Fred</Name>
        <Email>fweasley@hogwarts.co.uk</Email>
      </Author>
      <Author>
        <Name>George</Name>
        <Email>gweasley@hogwarts.co.uk</Email>
      </Author>
    </Authors>
    <name>Book2</name>
  </book>
  <book year="2014" isbn="ISBN83763550019---11">
    <Authors>
      <Author>
        <Name>Fred</Name>
        <Email>fweasley@hogwarts.co.uk</Email>
      </Author>
      <Author>
        <Name>George</Name>
        <Email>gweasley@hogwarts.co.uk</Email>
      </Author>
    </Authors>
    <name>Book1</name>
  </book>
  <book year="2014" isbn="ISBN83763550019---11">
    <Authors>
      <Author>
        <Name>Fred</Name>
        <Email>fweasley@hogwarts.co.uk</Email>
      </Author>
      <Author>
        <Name>George</Name>
        <Email>gweasley@hogwarts.co.uk</Email>
      </Author>
    </Authors>
    <name>Book2</name>
  </book>
  <book year="2014" isbn="ISBN83763550019---11">
    <Authors>
      <Author>
        <Name>Fred</Name>
        <Email>fweasley@hogwarts.co.uk</Email>
      </Author>
      <Author>
        <Name>George</Name>
        <Email>gweasley@hogwarts.co.uk</Email>
      </Author>
    </Authors>
    <name>Book1</name>
  </book>
  <book year="2014" isbn="ISBN83763550019---11">
    <Authors>
      <Author>
        <Name>Fred</Name>
        <Email>fweasley@hogwarts.co.uk</Email>
      </Author>
      <Author>
        <Name>George</Name>
        <Email>gweasley@hogwarts.co.uk</Email>
      </Author>
    </Authors>
    <name>Book2</name>
  </book>
  <book year="2014" isbn="ISBN83763550019---11">
    <Authors>
      <Author>
        <Name>Fred</Name>
        <Email>fweasley@hogwarts.co.uk</Email>
      </Author>
      <Author>
        <Name>George</Name>
        <Email>gweasley@hogwarts.co.uk</Email>
      </Author>
    </Authors>
    <name>Book1</name>
  </book>
  <book year="2014" isbn="ISBN83763550019---11">
    <Authors>
      <Author>
        <Name>Fred</Name>
        <Email>fweasley@hogwarts.co.uk</Email>
      </Author>
      <Author>
        <Name>George</Name>
        <Email>gweasley@hogwarts.co.uk</Email>
      </Author>
    </Authors>
    <name>Book2</name>
  </book>
  <book year="2014" isbn="ISBN83763550019---11">
    <Authors>
      <Author>
        <Name>Fred</Name>
        <Email>fweasley@hogwarts.co.uk</Email>
      </Author>
      <Author>
        <Name>George</Name>
        <Email>gweasley@hogwarts.co.uk</Email>
      </Author>
    </Authors>
    <name>Book1</name>
  </book>
  <book year="2014" isbn="ISBN83763550019---11">
    <Authors>
      <Author>
        <Name>Fred</Name>
        <Email>fweasley@hogwarts.co.uk</Email>
      </Author>
      <Author>
        <Name>George</Name>
        <Email>gweasley@hogwarts.co.uk</Email>
      </Author>
    </Authors>
    <name>Book2</name>
  </book>
  <book year="2014" isbn="ISBN83763550019---11">
    <Authors>
      <Author>
        <Name>Fred</Name>
        <Email>fweasley@hogwarts.co.uk</Email>
      </Author>
      <Author>
        <Name>George</Name>
        <Email>gweasley@hogwarts.co.uk</Email>
      </Author>
    </Authors>
    <name>Book1</name>
  </book>
  <book year="2014" isbn="ISBN83763550019---11">
    <Authors>
      <Author>
        <Name>Fred</Name>
        <Email>fweasley@hogwarts.co.uk</Email>
      </Author>
      <Author>
        <Name>George</Name>
        <Email>gweasley@hogwarts.co.uk</Email>
      </Author>
    </Authors>
    <name>Book2</name>
  </book>
  <book year="2014" isbn="ISBN83763550019---11">
    <Authors>
      <Author>
        <Name>Fred</Name>
        <Email>fweasley@hogwarts.co.uk</Email>
      </Author>
      <Author>
        <Name>George</Name>
        <Email>gweasley@hogwarts.co.uk</Email>
      </Author>
    </Authors>
    <name>Book1</name>
  </book>
  <book year="2014" isbn="ISBN83763550019---11">
    <Authors>
      <Author>
        <Name>Fred</Name>
        <Email>fweasley@hogwarts.co.uk</Email>
      </Author>
      <Author>
        <Name>George</Name>
        <Email>gweasley@hogwarts.co.uk</Email>
      </Author>
    </Authors>
    <name>Book2</name>
  </book>
  <book year="2014" isbn="ISBN83763550019---11">
    <Authors>
      <Author>
        <Name>Fred</Name>
        <Email>fweasley@hogwarts.co.uk</Email>
      </Author>
      <Author>
        <Name>George</Name>
        <Email>gweasley@hogwarts.co.uk</Email>
      </Author>
    </Authors>
    <name>Book1</name>
  </book>
  <book year="2014" isbn="ISBN83763550019---11">
    <Authors>
      <Author>
        <Name>Fred</Name>
        <Email>fweasley@hogwarts.co.uk</Email>
      </Author>
      <Author>
        <Name>George</Name>
        <Email>gweasley@hogwarts.co.uk</Email>
      </Author>
    </Authors>
    <name>Book2</name>
  </book>
  <book year="2014" isbn="ISBN83763550019---11">
    <Authors>
      <Author>
        <Name>Fred</Name>
        <Email>fweasley@hogwarts.co.uk</Email>
      </Author>
      <Author>
        <Name>George</Name>
        <Email>gweasley@hogwarts.co.uk</Email>
      </Author>
    </Authors>
    <name>Book1</name>
  </book>
  <book year="2014" isbn="ISBN83763550019---11">
    <Authors>
      <Author>
        <Name>Fred</Name>
        <Email>fweasley@hogwarts.co.uk</Email>
      </Author>
      <Author>
        <Name>George</Name>
        <Email>gweasley@hogwarts.co.uk</Email>
      </Author>
    </Authors>
    <name>Book2</name>
  </book>
  <book year="2014" isbn="ISBN83763550019---11">
    <Authors>
      <Author>
        <Name>Fred</Name>
        <Email>fweasley@hogwarts.co.uk</Email>
      </Author>
      <Author>
        <Name>George</Name>
        <Email>gweasley@hogwarts.co.uk</Email>
      </Author>
    </Authors>
    <name>Book1</name>
  </book>
  <book year="2014" isbn="ISBN83763550019---11">
    <Authors>
      <Author>
        <Name>Fred</Name>
        <Email>fweasley@hogwarts.co.uk</Email>
      </Author>
      <Author>
        <Name>George</Name>
        <Email>gweasley@hogwarts.co.uk</Email>
      </Author>
    </Authors>
    <name>Book2</name>
  </book>
  <book year="2014" isbn="ISBN83763550019---11">
    <Authors>
      <Author>
        <Name>Fred</Name>
        <Email>fweasley@hogwarts.co.uk</Email>
      </Author>
      <Author>
        <Name>George</Name>
        <Email>gweasley@hogwarts.co.uk</Email>
      </Author>
    </Authors>
    <name>Book1</name>
  </book>
  <book year="2014" isbn="ISBN83763550019---11">
    <Authors>
      <Author>
        <Name>Fred</Name>
        <Email>fweasley@hogwarts.co.uk</Email>
      </Author>
      <Author>
        <Name>George</Name>
        <Email>gweasley@hogwarts.co.uk</Email>
      </Author>
    </Authors>
    <name>Book2</name>
  </book>
  <book year="2014" isbn="ISBN83763550019---11">
    <Authors>
      <Author>
        <Name>Fred</Name>
        <Email>fweasley@hogwarts.co.uk</Email>
      </Author>
      <Author>
        <Name>George</Name>
        <Email>gweasley@hogwarts.co.uk</Email>
      </Author>
    </Authors>
    <name>Book1</name>
  </book>
  <book year="2014" isbn="ISBN83763550019---11">
    <Authors>
      <Author>
        <Name>Fred</Name>
        <Email>fweasley@hogwarts.co.uk</Email>
      </Author>
      <Author>
        <Name>George</Name>
        <Email>gweasley@hogwarts.co.uk</Email>
      </Author>
    </Authors>
    <name>Book2</name>
  </book>
  <book year="2014" isbn="ISBN83763550019---11">
    <Authors>
      <Author>
        <Name>Fred</Name>
        <Email>fweasley@hogwarts.co.uk</Email>
      </Author>
      <Author>
        <Name>George</Name>
        <Email>gweasley@hogwarts.co.uk</Email>
      </Author>
    </Authors>
    <name>Book1</name>
  </book>
  <book year="2014" isbn="ISBN83763550019---11">
    <Authors>
      <Author>
        <Name>Fred</Name>
        <Email>fweasley@hogwarts.co.uk</Email>
      </Author>
      <Author>
        <Name>George</Name>
        <Email>gweasley@hogwarts.co.uk</Email>
      </Author>
    </Authors>
    <name>Book2</name>
  </book>
  <book year="2014" isbn="ISBN83763550019---11">
    <Authors>
      <Author>
        <Name>Fred</Name>
        <Email>fweasley@hogwarts.co.uk</Email>
      </Author>
      <Author>
        <Name>George</Name>
        <Email>gweasley@hogwarts.co.uk</Email>
      </Author>
    </Authors>
    <name>Book1</name>
  </book>
  <book year="2014" isbn="ISBN83763550019---11">
    <Authors>
      <Author>
        <Name>Fred</Name>
        <Email>fweasley@hogwarts.co.uk</Email>
      </Author>
      <Author>
        <Name>George</Name>
        <Email>gweasley@hogwarts.co.uk</Email>
      </Author>
    </Authors>
    <name>Book2</name>
  </book>
  <book year="2014" isbn="ISBN83763550019---11">
    <Authors>
      <Author>
        <Name>Fred</Name>
        <Email>fweasley@hogwarts.co.uk</Email>
      </Author>
      <Author>
        <Name>George</Name>
        <Email>gweasley@hogwarts.co.uk</Email>
      </Author>
    </Authors>
    <name>Book1</name>
  </book>
  <book year="2014" isbn="ISBN83763550019---11">
    <Authors>
      <Author>
        <Name>Fred</Name>
        <Email>fweasley@hogwarts.co.uk</Email>
      </Author>
      <Author>
        <Name>George</Name>
        <Email>gweasley@hogwarts.co.uk</Email>
      </Author>
    </Authors>
    <name>Book2</name>
  </book>
  <book year="2014" isbn="ISBN83763550019---11">
    <Authors>
      <Author>
        <Name>Fred</Name>
        <Email>fweasley@hogwarts.co.uk</Email>
      </Author>
      <Author>
        <Name>George</Name>
        <Email>gweasley@hogwarts.co.uk</Email>
      </Author>
    </Authors>
    <name>Book1</name>
  </book>
  <book year="2014" isbn="ISBN83763550019---11">
    <Authors>
      <Author>
        <Name>Fred</Name>
        <Email>fweasley@hogwarts.co.uk</Email>
      </Author>
      <Author>
        <Name>George</Name>
        <Email>gweasley@hogwarts.co.uk</Email>
      </Author>
    </Authors>
    <name>Book2</name>
  </book>
  <book year="2014" isbn="ISBN83763550019---11">
    <Authors>
      <Author>
        <Name>Fred</Name>
        <Email>fweasley@hogwarts.co.uk</Email>
      </Author>
      <Author>
        <Name>George</Name>
        <Email>gweasley@hogwarts.co.uk</Email>
      </Author>
    </Authors>
    <name>Book1</name>
  </book>
  <book year="2014" isbn="ISBN83763550019---11">
    <Authors>
      <Author>
        <Name>Fred</Name>
        <Email>fweasley@hogwarts.co.uk</Email>
      </Author>
      <Author>
        <Name>George</Name>
        <Email>gweasley@hogwarts.co.uk</Email>
      </Author>
    </Authors>
    <name>Book2</name>
  </book>
  <book year="2014" isbn="ISBN83763550019---11">
    <Authors>
      <Author>
        <Name>Fred</Name>
        <Email>fweasley@hogwarts.co.uk</Email>
      </Author>
      <Author>
        <Name>George</Name>
        <Email>gweasley@hogwarts.co.uk</Email>
      </Author>
    </Authors>
    <name>Book1</name>
  </book>
  <book year="2014" isbn="ISBN83763550019---11">
    <Authors>
      <Author>
        <Name>Fred</Name>
        <Email>fweasley@hogwarts.co.uk</Email>
      </Author>
      <Author>
        <Name>George</Name>
        <Email>gweasley@hogwarts.co.uk</Email>
      </Author>
    </Authors>
    <name>Book2</name>
  </book>
  <book year="2014" isbn="ISBN83763550019---11">
    <Authors>
      <Author>
        <Name>Fred</Name>
        <Email>fweasley@hogwarts.co.uk</Email>
      </Author>
      <Author>
        <Name>George</Name>
        <Email>gweasley@hogwarts.co.uk</Email>
      </Author>
    </Authors>
    <name>Book1</name>
  </book>
  <book year="2014" isbn="ISBN83763550019---11">
    <Authors>
      <Author>
        <Name>Fred</Name>
        <Email>fweasley@hogwarts.co.uk</Email>
      </Author>
      <Author>
        <Name>George</Name>
        <Email>gweasley@hogwarts.co.uk</Email>
      </Author>
    </Authors>
    <name>Book2</name>
  </book>
  <book year="2014" isbn="ISBN83763550019---11">
    <Authors>
      <Author>
        <Name>Fred</Name>
        <Email>fweasley@hogwarts.co.uk</Email>
      </Author>
      <Author>
        <Name>George</Name>
        <Email>gweasley@hogwarts.co.uk</Email>
      </Author>
    </Authors>
    <name>Book1</name>
  </book>
  <book year="2014" isbn="ISBN83763550019---11">
    <Authors>
      <Author>
        <Name>Fred</Name>
        <Email>fweasley@hogwarts.co.uk</Email>
      </Author>
      <Author>
        <Name>George</Name>
        <Email>gweasley@hogwarts.co.uk</Email>
      </Author>
    </Authors>
    <name>Book2</name>
  </book>
  <book year="2014" isbn="ISBN83763550019---11">
    <Authors>
      <Author>
        <Name>Fred</Name>
        <Email>fweasley@hogwarts.co.uk</Email>
      </Author>
      <Author>
        <Name>George</Name>
        <Email>gweasley@hogwarts.co.uk</Email>
      </Author>
    </Authors>
    <name>Book1</name>
  </book>
  <book year="2014" isbn="ISBN83763550019---11">
    <Authors>
      <Author>
        <Name>Fred</Name>
        <Email>fweasley@hogwarts.co.uk</Email>
      </Author>
      <Author>
        <Name>George</Name>
        <Email>gweasley@hogwarts.co.uk</Email>
      </Author>
    </Authors>
    <name>Book2</name>
  </book>
  <book year="2014" isbn="ISBN83763550019---11">
    <Authors>
      <Author>
        <Name>Fred</Name>
        <Email>fweasley@hogwarts.co.uk</Email>
      </Author>
      <Author>
        <Name>George</Name>
        <Email>gweasley@hogwarts.co.uk</Email>
      </Author>
    </Authors>
    <name>Book1</name>
  </book>
  <book year="2014" isbn="ISBN83763550019---11">
    <Authors>
      <Author>
        <Name>Fred</Name>
        <Email>fweasley@hogwarts.co.uk</Email>
      </Author>
      <Author>
        <Name>George</Name>
        <Email>gweasley@hogwarts.co.uk</Email>
      </Author>
    </Authors>
    <name>Book2</name>
  </book>
  <book year="2014" isbn="ISBN83763550019---11">
    <Authors>
      <Author>
        <Name>Fred</Name>
        <Email>fweasley@hogwarts.co.uk</Email>
      </Author>
      <Author>
        <Name>George</Name>
        <Email>gweasley@hogwarts.co.uk</Email>
      </Author>
    </Authors>
    <name>Book1</name>
  </book>
  <book year="2014" isbn="ISBN83763550019---11">
    <Authors>
      <Author>
        <Name>Fred</Name>
        <Email>fweasley@hogwarts.co.uk</Email>
      </Author>
      <Author>
        <Name>George</Name>
        <Email>gweasley@hogwarts.co.uk</Email>
      </Author>
    </Authors>
    <name>Book2</name>
  </book>
  <book year="2014" isbn="ISBN83763550019---11">
    <Authors>
      <Author>
        <Name>Fred</Name>
        <Email>fweasley@hogwarts.co.uk</Email>
      </Author>
      <Author>
        <Name>George</Name>
        <Email>gweasley@hogwarts.co.uk</Email>
      </Author>
    </Authors>
    <name>Book1</name>
  </book>
  <book year="2014" isbn="ISBN83763550019---11">
    <Authors>
      <Author>
        <Name>Fred</Name>
        <Email>fweasley@hogwarts.co.uk</Email>
      </Author>
      <Author>
        <Name>George</Name>
        <Email>gweasley@hogwarts.co.uk</Email>
      </Author>
    </Authors>
    <name>Book2</name>
  </book>
  <book year="2014" isbn="ISBN83763550019---11">
    <Authors>
      <Author>
        <Name>Fred</Name>
        <Email>fweasley@hogwarts.co.uk</Email>
      </Author>
      <Author>
        <Name>George</Name>
        <Email>gweasley@hogwarts.co.uk</Email>
      </Author>
    </Authors>
    <name>Book1</name>
  </book>
  <book year="2014" isbn="ISBN83763550019---11">
    <Authors>
      <Author>
        <Name>Fred</Name>
        <Email>fweasley@hogwarts.co.uk</Email>
      </Author>
      <Author>
        <Name>George</Name>
        <Email>gweasley@hogwarts.co.uk</Email>
      </Author>
    </Authors>
    <name>Book2</name>
  </book>
  <book year="2014" isbn="ISBN83763550019---11">
    <Authors>
      <Author>
        <Name>Fred</Name>
        <Email>fweasley@hogwarts.co.uk</Email>
      </Author>
      <Author>
        <Name>George</Name>
        <Email>gweasley@hogwarts.co.uk</Email>
      </Author>
    </Authors>
    <name>Book1</name>
  </book>
  <book year="2014" isbn="ISBN83763550019---11">
    <Authors>
      <Author>
        <Name>Fred</Name>
        <Email>fweasley@hogwarts.co.uk</Email>
      </Author>
      <Author>
        <Name>George</Name>
        <Email>gweasley@hogwarts.co.uk</Email>
      </Author>
    </Authors>
    <name>Book2</name>
  </book>
  <book year="2014" isbn="ISBN83763550019---11">
    <Authors>
      <Author>
        <Name>Fred</Name>
        <Email>fweasley@hogwarts.co.uk</Email>
      </Author>
      <Author>
        <Name>George</Name>
        <Email>gweasley@hogwarts.co.uk</Email>
      </Author>
    </Authors>
    <name>Book1</name>
  </book>
  <book year="2014" isbn="ISBN83763550019---11">
    <Authors>
      <Author>
        <Name>Fred</Name>
        <Email>fweasley@hogwarts.co.uk</Email>
      </Author>
      <Author>
        <Name>George</Name>
        <Email>gweasley@hogwarts.co.uk</Email>
      </Author>
    </Authors>
    <name>Book2</name>
  </book>
  <book year="2014" isbn="ISBN83763550019---11">
    <Authors>
      <Author>
        <Name>Fred</Name>
        <Email>fweasley@hogwarts.co.uk</Email>
      </Author>
      <Author>
        <Name>George</Name>
        <Email>gweasley@hogwarts.co.uk</Email>
      </Author>
    </Authors>
    <name>Book1</name>
  </book>
  <book year="2014" isbn="ISBN83763550019---11">
    <Authors>
      <Author>
        <Name>Fred</Name>
        <Email>fweasley@hogwarts.co.uk</Email>
      </Author>
      <Author>
        <Name>George</Name>
        <Email>gweasley@hogwarts.co.uk</Email>
      </Author>
    </Authors>
    <name>Book2</name>
  </book>
  <book year="2014" isbn="ISBN83763550019---11">
    <Authors>
      <Author>
        <Name>Fred</Name>
        <Email>fweasley@hogwarts.co.uk</Email>
      </Author>
      <Author>
        <Name>George</Name>
        <Email>gweasley@hogwarts.co.uk</Email>
      </Author>
    </Authors>
    <name>Book1</name>
  </book>
  <book year="2014" isbn="ISBN83763550019---11">
    <Authors>
      <Author>
        <Name>Fred</Name>
        <Email>fweasley@hogwarts.co.uk</Email>
      </Author>
      <Author>
        <Name>George</Name>
        <Email>gweasley@hogwarts.co.uk</Email>
      </Author>
    </Authors>
    <name>Book2</name>
  </book>
  <book year="2014" isbn="ISBN83763550019---11">
    <Authors>
      <Author>
        <Name>Fred</Name>
        <Email>fweasley@hogwarts.co.uk</Email>
      </Author>
      <Author>
        <Name>George</Name>
        <Email>gweasley@hogwarts.co.uk</Email>
      </Author>
    </Authors>
    <name>Book1</name>
  </book>
  <book year="2014" isbn="ISBN83763550019---11">
    <Authors>
      <Author>
        <Name>Fred</Name>
        <Email>fweasley@hogwarts.co.uk</Email>
      </Author>
      <Author>
        <Name>George</Name>
        <Email>gweasley@hogwarts.co.uk</Email>
      </Author>
    </Authors>
    <name>Book2</name>
  </book>
  <book year="2014" isbn="ISBN83763550019---11">
    <Authors>
      <Author>
        <Name>Fred</Name>
        <Email>fweasley@hogwarts.co.uk</Email>
      </Author>
      <Author>
        <Name>George</Name>
        <Email>gweasley@hogwarts.co.uk</Email>
      </Author>
    </Authors>
    <name>Book1</name>
  </book>
  <book year="2014" isbn="ISBN83763550019---11">
    <Authors>
      <Author>
        <Name>Fred</Name>
        <Email>fweasley@hogwarts.co.uk</Email>
      </Author>
      <Author>
        <Name>George</Name>
        <Email>gweasley@hogwarts.co.uk</Email>
      </Author>
    </Authors>
    <name>Book2</name>
  </book>
  <book year="2014" isbn="ISBN83763550019---11">
    <Authors>
      <Author>
        <Name>Fred</Name>
        <Email>fweasley@hogwarts.co.uk</Email>
      </Author>
      <Author>
        <Name>George</Name>
        <Email>gweasley@hogwarts.co.uk</Email>
      </Author>
    </Authors>
    <name>Book1</name>
  </book>
  <book year="2014" isbn="ISBN83763550019---11">
    <Authors>
      <Author>
        <Name>Fred</Name>
        <Email>fweasley@hogwarts.co.uk</Email>
      </Author>
      <Author>
        <Name>George</Name>
        <Email>gweasley@hogwarts.co.uk</Email>
      </Author>
    </Authors>
    <name>Book2</name>
  </book>
  <book year="2014" isbn="ISBN83763550019---11">
    <Authors>
      <Author>
        <Name>Fred</Name>
        <Email>fweasley@hogwarts.co.uk</Email>
      </Author>
      <Author>
        <Name>George</Name>
        <Email>gweasley@hogwarts.co.uk</Email>
      </Author>
    </Authors>
    <name>Book1</name>
  </book>
  <book year="2014" isbn="ISBN83763550019---11">
    <Authors>
      <Author>
        <Name>Fred</Name>
        <Email>fweasley@hogwarts.co.uk</Email>
      </Author>
      <Author>
        <Name>George</Name>
        <Email>gweasley@hogwarts.co.uk</Email>
      </Author>
    </Authors>
    <name>Book2</name>
  </book>
  <book year="2014" isbn="ISBN83763550019---11">
    <Authors>
      <Author>
        <Name>Fred</Name>
        <Email>fweasley@hogwarts.co.uk</Email>
      </Author>
      <Author>
        <Name>George</Name>
        <Email>gweasley@hogwarts.co.uk</Email>
      </Author>
    </Authors>
    <name>Book1</name>
  </book>
  <book year="2014" isbn="ISBN83763550019---11">
    <Authors>
      <Author>
        <Name>Fred</Name>
        <Email>fweasley@hogwarts.co.uk</Email>
      </Author>
      <Author>
        <Name>George</Name>
        <Email>gweasley@hogwarts.co.uk</Email>
      </Author>
    </Authors>
    <name>Book2</name>
  </book>
  <book year="2014" isbn="ISBN83763550019---11">
    <Authors>
      <Author>
        <Name>Fred</Name>
        <Email>fweasley@hogwarts.co.uk</Email>
      </Author>
      <Author>
        <Name>George</Name>
        <Email>gweasley@hogwarts.co.uk</Email>
      </Author>
    </Authors>
    <name>Book1</name>
  </book>
  <book year="2014" isbn="ISBN83763550019---11">
    <Authors>
      <Author>
        <Name>Fred</Name>
        <Email>fweasley@hogwarts.co.uk</Email>
      </Author>
      <Author>
        <Name>George</Name>
        <Email>gweasley@hogwarts.co.uk</Email>
      </Author>
    </Authors>
    <name>Book2</name>
  </book>
  <book year="2014" isbn="ISBN83763550019---11">
    <Authors>
      <Author>
        <Name>Fred</Name>
        <Email>fweasley@hogwarts.co.uk</Email>
      </Author>
      <Author>
        <Name>George</Name>
        <Email>gweasley@hogwarts.co.uk</Email>
      </Author>
    </Authors>
    <name>Book1</name>
  </book>
  <book year="2014" isbn="ISBN83763550019---11">
    <Authors>
      <Author>
        <Name>Fred</Name>
        <Email>fweasley@hogwarts.co.uk</Email>
      </Author>
      <Author>
        <Name>George</Name>
        <Email>gweasley@hogwarts.co.uk</Email>
      </Author>
    </Authors>
    <name>Book2</name>
  </book>
  <book year="2014" isbn="ISBN83763550019---11">
    <Authors>
      <Author>
        <Name>Fred</Name>
        <Email>fweasley@hogwarts.co.uk</Email>
      </Author>
      <Author>
        <Name>George</Name>
        <Email>gweasley@hogwarts.co.uk</Email>
      </Author>
    </Authors>
    <name>Book1</name>
  </book>
  <book year="2014" isbn="ISBN83763550019---11">
    <Authors>
      <Author>
        <Name>Fred</Name>
        <Email>fweasley@hogwarts.co.uk</Email>
      </Author>
      <Author>
        <Name>George</Name>
        <Email>gweasley@hogwarts.co.uk</Email>
      </Author>
    </Authors>
    <name>Book2</name>
  </book>
  <book year="2014" isbn="ISBN83763550019---11">
    <Authors>
      <Author>
        <Name>Fred</Name>
        <Email>fweasley@hogwarts.co.uk</Email>
      </Author>
      <Author>
        <Name>George</Name>
        <Email>gweasley@hogwarts.co.uk</Email>
      </Author>
    </Authors>
    <name>Book1</name>
  </book>
  <book year="2014" isbn="ISBN83763550019---11">
    <Authors>
      <Author>
        <Name>Fred</Name>
        <Email>fweasley@hogwarts.co.uk</Email>
      </Author>
      <Author>
        <Name>George</Name>
        <Email>gweasley@hogwarts.co.uk</Email>
      </Author>
    </Authors>
    <name>Book2</name>
  </book>
  <book year="2014" isbn="ISBN83763550019---11">
    <Authors>
      <Author>
        <Name>Fred</Name>
        <Email>fweasley@hogwarts.co.uk</Email>
      </Author>
      <Author>
        <Name>George</Name>
        <Email>gweasley@hogwarts.co.uk</Email>
      </Author>
    </Authors>
    <name>Book1</name>
  </book>
  <book year="2014" isbn="ISBN83763550019---11">
    <Authors>
      <Author>
        <Name>Fred</Name>
        <Email>fweasley@hogwarts.co.uk</Email>
      </Author>
      <Author>
        <Name>George</Name>
        <Email>gweasley@hogwarts.co.uk</Email>
      </Author>
    </Authors>
    <name>Book2</name>
  </book>
  <book year="2014" isbn="ISBN83763550019---11">
    <Authors>
      <Author>
        <Name>Fred</Name>
        <Email>fweasley@hogwarts.co.uk</Email>
      </Author>
      <Author>
        <Name>George</Name>
        <Email>gweasley@hogwarts.co.uk</Email>
      </Author>
    </Authors>
    <name>Book1</name>
  </book>
  <book year="2014" isbn="ISBN83763550019---11">
    <Authors>
      <Author>
        <Name>Fred</Name>
        <Email>fweasley@hogwarts.co.uk</Email>
      </Author>
      <Author>
        <Name>George</Name>
        <Email>gweasley@hogwarts.co.uk</Email>
      </Author>
    </Authors>
    <name>Book2</name>
  </book>
  <book year="2014" isbn="ISBN83763550019---11">
    <Authors>
      <Author>
        <Name>Fred</Name>
        <Email>fweasley@hogwarts.co.uk</Email>
      </Author>
      <Author>
        <Name>George</Name>
        <Email>gweasley@hogwarts.co.uk</Email>
      </Author>
    </Authors>
    <name>Book1</name>
  </book>
  <book year="2014" isbn="ISBN83763550019---11">
    <Authors>
      <Author>
        <Name>Fred</Name>
        <Email>fweasley@hogwarts.co.uk</Email>
      </Author>
      <Author>
        <Name>George</Name>
        <Email>gweasley@hogwarts.co.uk</Email>
      </Author>
    </Authors>
    <name>Book2</name>
  </book>
  <book year="2014" isbn="ISBN83763550019---11">
    <Authors>
      <Author>
        <Name>Fred</Name>
        <Email>fweasley@hogwarts.co.uk</Email>
      </Author>
      <Author>
        <Name>George</Name>
        <Email>gweasley@hogwarts.co.uk</Email>
      </Author>
    </Authors>
    <name>Book1</name>
  </book>
  <book year="2014" isbn="ISBN83763550019---11">
    <Authors>
      <Author>
        <Name>Fred</Name>
        <Email>fweasley@hogwarts.co.uk</Email>
      </Author>
      <Author>
        <Name>George</Name>
        <Email>gweasley@hogwarts.co.uk</Email>
      </Author>
    </Authors>
    <name>Book2</name>
  </book>
  <book year="2014" isbn="ISBN83763550019---11">
    <Authors>
      <Author>
        <Name>Fred</Name>
        <Email>fweasley@hogwarts.co.uk</Email>
      </Author>
      <Author>
        <Name>George</Name>
        <Email>gweasley@hogwarts.co.uk</Email>
      </Author>
    </Authors>
    <name>Book1</name>
  </book>
  <book year="2014" isbn="ISBN83763550019---11">
    <Authors>
      <Author>
        <Name>Fred</Name>
        <Email>fweasley@hogwarts.co.uk</Email>
      </Author>
      <Author>
        <Name>George</Name>
        <Email>gweasley@hogwarts.co.uk</Email>
      </Author>
    </Authors>
    <name>Book2</name>
  </book>
  <book year="2014" isbn="ISBN83763550019---11">
    <Authors>
      <Author>
        <Name>Fred</Name>
        <Email>fweasley@hogwarts.co.uk</Email>
      </Author>
      <Author>
        <Name>George</Name>
        <Email>gweasley@hogwarts.co.uk</Email>
      </Author>
    </Authors>
    <name>Book1</name>
  </book>
  <book year="2014" isbn="ISBN83763550019---11">
    <Authors>
      <Author>
        <Name>Fred</Name>
        <Email>fweasley@hogwarts.co.uk</Email>
      </Author>
      <Author>
        <Name>George</Name>
        <Email>gweasley@hogwarts.co.uk</Email>
      </Author>
    </Authors>
    <name>Book2</name>
  </book>
  <book year="2014" isbn="ISBN83763550019---11">
    <Authors>
      <Author>
        <Name>Fred</Name>
        <Email>fweasley@hogwarts.co.uk</Email>
      </Author>
      <Author>
        <Name>George</Name>
        <Email>gweasley@hogwarts.co.uk</Email>
      </Author>
    </Authors>
    <name>Book1</name>
  </book>
  <book year="2014" isbn="ISBN83763550019---11">
    <Authors>
      <Author>
        <Name>Fred</Name>
        <Email>fweasley@hogwarts.co.uk</Email>
      </Author>
      <Author>
        <Name>George</Name>
        <Email>gweasley@hogwarts.co.uk</Email>
      </Author>
    </Authors>
    <name>Book2</name>
  </book>
  <book year="2014" isbn="ISBN83763550019---11">
    <Authors>
      <Author>
        <Name>Fred</Name>
        <Email>fweasley@hogwarts.co.uk</Email>
      </Author>
      <Author>
        <Name>George</Name>
        <Email>gweasley@hogwarts.co.uk</Email>
      </Author>
    </Authors>
    <name>Book1</name>
  </book>
  <book year="2014" isbn="ISBN83763550019---11">
    <Authors>
      <Author>
        <Name>Fred</Name>
        <Email>fweasley@hogwarts.co.uk</Email>
      </Author>
      <Author>
        <Name>George</Name>
        <Email>gweasley@hogwarts.co.uk</Email>
      </Author>
    </Authors>
    <name>Book2</name>
  </book>
  <book year="2014" isbn="ISBN83763550019---11">
    <Authors>
      <Author>
        <Name>Fred</Name>
        <Email>fweasley@hogwarts.co.uk</Email>
      </Author>
      <Author>
        <Name>George</Name>
        <Email>gweasley@hogwarts.co.uk</Email>
      </Author>
    </Authors>
    <name>Book1</name>
  </book>
  <book year="2014" isbn="ISBN83763550019---11">
    <Authors>
      <Author>
        <Name>Fred</Name>
        <Email>fweasley@hogwarts.co.uk</Email>
      </Author>
      <Author>
        <Name>George</Name>
        <Email>gweasley@hogwarts.co.uk</Email>
      </Author>
    </Authors>
    <name>Book2</name>
  </book>
  <book year="2014" isbn="ISBN83763550019---11">
    <Authors>
      <Author>
        <Name>Fred</Name>
        <Email>fweasley@hogwarts.co.uk</Email>
      </Author>
      <Author>
        <Name>George</Name>
        <Email>gweasley@hogwarts.co.uk</Email>
      </Author>
    </Authors>
    <name>Book1</name>
  </book>
  <book year="2014" isbn="ISBN83763550019---11">
    <Authors>
      <Author>
        <Name>Fred</Name>
        <Email>fweasley@hogwarts.co.uk</Email>
      </Author>
      <Author>
        <Name>George</Name>
        <Email>gweasley@hogwarts.co.uk</Email>
      </Author>
    </Authors>
    <name>Book2</name>
  </book>
  <book year="2014" isbn="ISBN83763550019---11">
    <Authors>
      <Author>
        <Name>Fred</Name>
        <Email>fweasley@hogwarts.co.uk</Email>
      </Author>
      <Author>
        <Name>George</Name>
        <Email>gweasley@hogwarts.co.uk</Email>
      </Author>
    </Authors>
    <name>Book1</name>
  </book>
  <book year="2014" isbn="ISBN83763550019---11">
    <Authors>
      <Author>
        <Name>Fred</Name>
        <Email>fweasley@hogwarts.co.uk</Email>
      </Author>
      <Author>
        <Name>George</Name>
        <Email>gweasley@hogwarts.co.uk</Email>
      </Author>
    </Authors>
    <name>Book2</name>
  </book>
  <book year="2014" isbn="ISBN83763550019---11">
    <Authors>
      <Author>
        <Name>Fred</Name>
        <Email>fweasley@hogwarts.co.uk</Email>
      </Author>
      <Author>
        <Name>George</Name>
        <Email>gweasley@hogwarts.co.uk</Email>
      </Author>
    </Authors>
    <name>Book1</name>
  </book>
  <book year="2014" isbn="ISBN83763550019---11">
    <Authors>
      <Author>
        <Name>Fred</Name>
        <Email>fweasley@hogwarts.co.uk</Email>
      </Author>
      <Author>
        <Name>George</Name>
        <Email>gweasley@hogwarts.co.uk</Email>
      </Author>
    </Authors>
    <name>Book2</name>
  </book>
  <book year="2014" isbn="ISBN83763550019---11">
    <Authors>
      <Author>
        <Name>Fred</Name>
        <Email>fweasley@hogwarts.co.uk</Email>
      </Author>
      <Author>
        <Name>George</Name>
        <Email>gweasley@hogwarts.co.uk</Email>
      </Author>
    </Authors>
    <name>Book1</name>
  </book>
  <book year="2014" isbn="ISBN83763550019---11">
    <Authors>
      <Author>
        <Name>Fred</Name>
        <Email>fweasley@hogwarts.co.uk</Email>
      </Author>
      <Author>
        <Name>George</Name>
        <Email>gweasley@hogwarts.co.uk</Email>
      </Author>
    </Authors>
    <name>Book2</name>
  </book>
  <book year="2014" isbn="ISBN83763550019---11">
    <Authors>
      <Author>
        <Name>Fred</Name>
        <Email>fweasley@hogwarts.co.uk</Email>
      </Author>
      <Author>
        <Name>George</Name>
        <Email>gweasley@hogwarts.co.uk</Email>
      </Author>
    </Authors>
    <name>Book1</name>
  </book>
  <book year="2014" isbn="ISBN83763550019---11">
    <Authors>
      <Author>
        <Name>Fred</Name>
        <Email>fweasley@hogwarts.co.uk</Email>
      </Author>
      <Author>
        <Name>George</Name>
        <Email>gweasley@hogwarts.co.uk</Email>
      </Author>
    </Authors>
    <name>Book2</name>
  </book>
  <book year="2014" isbn="ISBN83763550019---11">
    <Authors>
      <Author>
        <Name>Fred</Name>
        <Email>fweasley@hogwarts.co.uk</Email>
      </Author>
      <Author>
        <Name>George</Name>
        <Email>gweasley@hogwarts.co.uk</Email>
      </Author>
    </Authors>
    <name>Book1</name>
  </book>
  <book year="2014" isbn="ISBN83763550019---11">
    <Authors>
      <Author>
        <Name>Fred</Name>
        <Email>fweasley@hogwarts.co.uk</Email>
      </Author>
      <Author>
        <Name>George</Name>
        <Email>gweasley@hogwarts.co.uk</Email>
      </Author>
    </Authors>
    <name>Book2</name>
  </book>
  <book year="2014" isbn="ISBN83763550019---11">
    <Authors>
      <Author>
        <Name>Fred</Name>
        <Email>fweasley@hogwarts.co.uk</Email>
      </Author>
      <Author>
        <Name>George</Name>
        <Email>gweasley@hogwarts.co.uk</Email>
      </Author>
    </Authors>
    <name>Book1</name>
  </book>
  <book year="2014" isbn="ISBN83763550019---11">
    <Authors>
      <Author>
        <Name>Fred</Name>
        <Email>fweasley@hogwarts.co.uk</Email>
      </Author>
      <Author>
        <Name>George</Name>
        <Email>gweasley@hogwarts.co.uk</Email>
      </Author>
    </Authors>
    <name>Book2</name>
  </book>
  <book year="2014" isbn="ISBN83763550019---11">
    <Authors>
      <Author>
        <Name>Fred</Name>
        <Email>fweasley@hogwarts.co.uk</Email>
      </Author>
      <Author>
        <Name>George</Name>
        <Email>gweasley@hogwarts.co.uk</Email>
      </Author>
    </Authors>
    <name>Book1</name>
  </book>
  <book year="2014" isbn="ISBN83763550019---11">
    <Authors>
      <Author>
        <Name>Fred</Name>
        <Email>fweasley@hogwarts.co.uk</Email>
      </Author>
      <Author>
        <Name>George</Name>
        <Email>gweasley@hogwarts.co.uk</Email>
      </Author>
    </Authors>
    <name>Book2</name>
  </book>
  <book year="2014" isbn="ISBN83763550019---11">
    <Authors>
      <Author>
        <Name>Fred</Name>
        <Email>fweasley@hogwarts.co.uk</Email>
      </Author>
      <Author>
        <Name>George</Name>
        <Email>gweasley@hogwarts.co.uk</Email>
      </Author>
    </Authors>
    <name>Book1</name>
  </book>
  <book year="2014" isbn="ISBN83763550019---11">
    <Authors>
      <Author>
        <Name>Fred</Name>
        <Email>fweasley@hogwarts.co.uk</Email>
      </Author>
      <Author>
        <Name>George</Name>
        <Email>gweasley@hogwarts.co.uk</Email>
      </Author>
    </Authors>
    <name>Book2</name>
  </book>
  <book year="2014" isbn="ISBN83763550019---11">
    <Authors>
      <Author>
        <Name>Fred</Name>
        <Email>fweasley@hogwarts.co.uk</Email>
      </Author>
      <Author>
        <Name>George</Name>
        <Email>gweasley@hogwarts.co.uk</Email>
      </Author>
    </Authors>
    <name>Book1</name>
  </book>
  <book year="2014" isbn="ISBN83763550019---11">
    <Authors>
      <Author>
        <Name>Fred</Name>
        <Email>fweasley@hogwarts.co.uk</Email>
      </Author>
      <Author>
        <Name>George</Name>
        <Email>gweasley@hogwarts.co.uk</Email>
      </Author>
    </Authors>
    <name>Book2</name>
  </book>
  <book year="2014" isbn="ISBN83763550019---11">
    <Authors>
      <Author>
        <Name>Fred</Name>
        <Email>fweasley@hogwarts.co.uk</Email>
      </Author>
      <Author>
        <Name>George</Name>
        <Email>gweasley@hogwarts.co.uk</Email>
      </Author>
    </Authors>
    <name>Book1</name>
  </book>
  <book year="2014" isbn="ISBN83763550019---11">
    <Authors>
      <Author>
        <Name>Fred</Name>
        <Email>fweasley@hogwarts.co.uk</Email>
      </Author>
      <Author>
        <Name>George</Name>
        <Email>gweasley@hogwarts.co.uk</Email>
      </Author>
    </Authors>
    <name>Book2</name>
  </book>
  <book year="2014" isbn="ISBN83763550019---11">
    <Authors>
      <Author>
        <Name>Fred</Name>
        <Email>fweasley@hogwarts.co.uk</Email>
      </Author>
      <Author>
        <Name>George</Name>
        <Email>gweasley@hogwarts.co.uk</Email>
      </Author>
    </Authors>
    <name>Book1</name>
  </book>
  <book year="2014" isbn="ISBN83763550019---11">
    <Authors>
      <Author>
        <Name>Fred</Name>
        <Email>fweasley@hogwarts.co.uk</Email>
      </Author>
      <Author>
        <Name>George</Name>
        <Email>gweasley@hogwarts.co.uk</Email>
      </Author>
    </Authors>
    <name>Book2</name>
  </book>
  <book year="2014" isbn="ISBN83763550019---11">
    <Authors>
      <Author>
        <Name>Fred</Name>
        <Email>fweasley@hogwarts.co.uk</Email>
      </Author>
      <Author>
        <Name>George</Name>
        <Email>gweasley@hogwarts.co.uk</Email>
      </Author>
    </Authors>
    <name>Book1</name>
  </book>
  <book year="2014" isbn="ISBN83763550019---11">
    <Authors>
      <Author>
        <Name>Fred</Name>
        <Email>fweasley@hogwarts.co.uk</Email>
      </Author>
      <Author>
        <Name>George</Name>
        <Email>gweasley@hogwarts.co.uk</Email>
      </Author>
    </Authors>
    <name>Book2</name>
  </book>
  <book year="2014" isbn="ISBN83763550019---11">
    <Authors>
      <Author>
        <Name>Fred</Name>
        <Email>fweasley@hogwarts.co.uk</Email>
      </Author>
      <Author>
        <Name>George</Name>
        <Email>gweasley@hogwarts.co.uk</Email>
      </Author>
    </Authors>
    <name>Book1</name>
  </book>
  <book year="2014" isbn="ISBN83763550019---11">
    <Authors>
      <Author>
        <Name>Fred</Name>
        <Email>fweasley@hogwarts.co.uk</Email>
      </Author>
      <Author>
        <Name>George</Name>
        <Email>gweasley@hogwarts.co.uk</Email>
      </Author>
    </Authors>
    <name>Book2</name>
  </book>
  <book year="2014" isbn="ISBN83763550019---11">
    <Authors>
      <Author>
        <Name>Fred</Name>
        <Email>fweasley@hogwarts.co.uk</Email>
      </Author>
      <Author>
        <Name>George</Name>
        <Email>gweasley@hogwarts.co.uk</Email>
      </Author>
    </Authors>
    <name>Book1</name>
  </book>
  <book year="2014" isbn="ISBN83763550019---11">
    <Authors>
      <Author>
        <Name>Fred</Name>
        <Email>fweasley@hogwarts.co.uk</Email>
      </Author>
      <Author>
        <Name>George</Name>
        <Email>gweasley@hogwarts.co.uk</Email>
      </Author>
    </Authors>
    <name>Book2</name>
  </book>
  <book year="2014" isbn="ISBN83763550019---11">
    <Authors>
      <Author>
        <Name>Fred</Name>
        <Email>fweasley@hogwarts.co.uk</Email>
      </Author>
      <Author>
        <Name>George</Name>
        <Email>gweasley@hogwarts.co.uk</Email>
      </Author>
    </Authors>
    <name>Book1</name>
  </book>
  <book year="2014" isbn="ISBN83763550019---11">
    <Authors>
      <Author>
        <Name>Fred</Name>
        <Email>fweasley@hogwarts.co.uk</Email>
      </Author>
      <Author>
        <Name>George</Name>
        <Email>gweasley@hogwarts.co.uk</Email>
      </Author>
    </Authors>
    <name>Book2</name>
  </book>
  <book year="2014" isbn="ISBN83763550019---11">
    <Authors>
      <Author>
        <Name>Fred</Name>
        <Email>fweasley@hogwarts.co.uk</Email>
      </Author>
      <Author>
        <Name>George</Name>
        <Email>gweasley@hogwarts.co.uk</Email>
      </Author>
    </Authors>
    <name>Book1</name>
  </book>
  <book year="2014" isbn="ISBN83763550019---11">
    <Authors>
      <Author>
        <Name>Fred</Name>
        <Email>fweasley@hogwarts.co.uk</Email>
      </Author>
      <Author>
        <Name>George</Name>
        <Email>gweasley@hogwarts.co.uk</Email>
      </Author>
    </Authors>
    <name>Book2</name>
  </book>
  <book year="2014" isbn="ISBN83763550019---11">
    <Authors>
      <Author>
        <Name>Fred</Name>
        <Email>fweasley@hogwarts.co.uk</Email>
      </Author>
      <Author>
        <Name>George</Name>
        <Email>gweasley@hogwarts.co.uk</Email>
      </Author>
    </Authors>
    <name>Book1</name>
  </book>
  <book year="2014" isbn="ISBN83763550019---11">
    <Authors>
      <Author>
        <Name>Fred</Name>
        <Email>fweasley@hogwarts.co.uk</Email>
      </Author>
      <Author>
        <Name>George</Name>
        <Email>gweasley@hogwarts.co.uk</Email>
      </Author>
    </Authors>
    <name>Book2</name>
  </book>
  <book year="2014" isbn="ISBN83763550019---11">
    <Authors>
      <Author>
        <Name>Fred</Name>
        <Email>fweasley@hogwarts.co.uk</Email>
      </Author>
      <Author>
        <Name>George</Name>
        <Email>gweasley@hogwarts.co.uk</Email>
      </Author>
    </Authors>
    <name>Book1</name>
  </book>
  <book year="2014" isbn="ISBN83763550019---11">
    <Authors>
      <Author>
        <Name>Fred</Name>
        <Email>fweasley@hogwarts.co.uk</Email>
      </Author>
      <Author>
        <Name>George</Name>
        <Email>gweasley@hogwarts.co.uk</Email>
      </Author>
    </Authors>
    <name>Book2</name>
  </book>
  <book year="2014" isbn="ISBN83763550019---11">
    <Authors>
      <Author>
        <Name>Fred</Name>
        <Email>fweasley@hogwarts.co.uk</Email>
      </Author>
      <Author>
        <Name>George</Name>
        <Email>gweasley@hogwarts.co.uk</Email>
      </Author>
    </Authors>
    <name>Book1</name>
  </book>
  <book year="2014" isbn="ISBN83763550019---11">
    <Authors>
      <Author>
        <Name>Fred</Name>
        <Email>fweasley@hogwarts.co.uk</Email>
      </Author>
      <Author>
        <Name>George</Name>
        <Email>gweasley@hogwarts.co.uk</Email>
      </Author>
    </Authors>
    <name>Book2</name>
  </book>
  <book year="2014" isbn="ISBN83763550019---11">
    <Authors>
      <Author>
        <Name>Fred</Name>
        <Email>fweasley@hogwarts.co.uk</Email>
      </Author>
      <Author>
        <Name>George</Name>
        <Email>gweasley@hogwarts.co.uk</Email>
      </Author>
    </Authors>
    <name>Book1</name>
  </book>
  <book year="2014" isbn="ISBN83763550019---11">
    <Authors>
      <Author>
        <Name>Fred</Name>
        <Email>fweasley@hogwarts.co.uk</Email>
      </Author>
      <Author>
        <Name>George</Name>
        <Email>gweasley@hogwarts.co.uk</Email>
      </Author>
    </Authors>
    <name>Book2</name>
  </book>
  <book year="2014" isbn="ISBN83763550019---11">
    <Authors>
      <Author>
        <Name>Fred</Name>
        <Email>fweasley@hogwarts.co.uk</Email>
      </Author>
      <Author>
        <Name>George</Name>
        <Email>gweasley@hogwarts.co.uk</Email>
      </Author>
    </Authors>
    <name>Book1</name>
  </book>
  <book year="2014" isbn="ISBN83763550019---11">
    <Authors>
      <Author>
        <Name>Fred</Name>
        <Email>fweasley@hogwarts.co.uk</Email>
      </Author>
      <Author>
        <Name>George</Name>
        <Email>gweasley@hogwarts.co.uk</Email>
      </Author>
    </Authors>
    <name>Book2</name>
  </book>
  <book year="2014" isbn="ISBN83763550019---11">
    <Authors>
      <Author>
        <Name>Fred</Name>
        <Email>fweasley@hogwarts.co.uk</Email>
      </Author>
      <Author>
        <Name>George</Name>
        <Email>gweasley@hogwarts.co.uk</Email>
      </Author>
    </Authors>
    <name>Book1</name>
  </book>
  <book year="2014" isbn="ISBN83763550019---11">
    <Authors>
      <Author>
        <Name>Fred</Name>
        <Email>fweasley@hogwarts.co.uk</Email>
      </Author>
      <Author>
        <Name>George</Name>
        <Email>gweasley@hogwarts.co.uk</Email>
      </Author>
    </Authors>
    <name>Book2</name>
  </book>
  <book year="2014" isbn="ISBN83763550019---11">
    <Authors>
      <Author>
        <Name>Fred</Name>
        <Email>fweasley@hogwarts.co.uk</Email>
      </Author>
      <Author>
        <Name>George</Name>
        <Email>gweasley@hogwarts.co.uk</Email>
      </Author>
    </Authors>
    <name>Book1</name>
  </book>
  <book year="2014" isbn="ISBN83763550019---11">
    <Authors>
      <Author>
        <Name>Fred</Name>
        <Email>fweasley@hogwarts.co.uk</Email>
      </Author>
      <Author>
        <Name>George</Name>
        <Email>gweasley@hogwarts.co.uk</Email>
      </Author>
    </Authors>
    <name>Book2</name>
  </book>
  <book year="2014" isbn="ISBN83763550019---11">
    <Authors>
      <Author>
        <Name>Fred</Name>
        <Email>fweasley@hogwarts.co.uk</Email>
      </Author>
      <Author>
        <Name>George</Name>
        <Email>gweasley@hogwarts.co.uk</Email>
      </Author>
    </Authors>
    <name>Book1</name>
  </book>
  <book year="2014" isbn="ISBN83763550019---11">
    <Authors>
      <Author>
        <Name>Fred</Name>
        <Email>fweasley@hogwarts.co.uk</Email>
      </Author>
      <Author>
        <Name>George</Name>
        <Email>gweasley@hogwarts.co.uk</Email>
      </Author>
    </Authors>
    <name>Book2</name>
  </book>
  <book year="2014" isbn="ISBN83763550019---11">
    <Authors>
      <Author>
        <Name>Fred</Name>
        <Email>fweasley@hogwarts.co.uk</Email>
      </Author>
      <Author>
        <Name>George</Name>
        <Email>gweasley@hogwarts.co.uk</Email>
      </Author>
    </Authors>
    <name>Book1</name>
  </book>
  <book year="2014" isbn="ISBN83763550019---11">
    <Authors>
      <Author>
        <Name>Fred</Name>
        <Email>fweasley@hogwarts.co.uk</Email>
      </Author>
      <Author>
        <Name>George</Name>
        <Email>gweasley@hogwarts.co.uk</Email>
      </Author>
    </Authors>
    <name>Book2</name>
  </book>
  <book year="2014" isbn="ISBN83763550019---11">
    <Authors>
      <Author>
        <Name>Fred</Name>
        <Email>fweasley@hogwarts.co.uk</Email>
      </Author>
      <Author>
        <Name>George</Name>
        <Email>gweasley@hogwarts.co.uk</Email>
      </Author>
    </Authors>
    <name>Book1</name>
  </book>
  <book year="2014" isbn="ISBN83763550019---11">
    <Authors>
      <Author>
        <Name>Fred</Name>
        <Email>fweasley@hogwarts.co.uk</Email>
      </Author>
      <Author>
        <Name>George</Name>
        <Email>gweasley@hogwarts.co.uk</Email>
      </Author>
    </Authors>
    <name>Book2</name>
  </book>
  <book year="2014" isbn="ISBN83763550019---11">
    <Authors>
      <Author>
        <Name>Fred</Name>
        <Email>fweasley@hogwarts.co.uk</Email>
      </Author>
      <Author>
        <Name>George</Name>
        <Email>gweasley@hogwarts.co.uk</Email>
      </Author>
    </Authors>
    <name>Book1</name>
  </book>
  <book year="2014" isbn="ISBN83763550019---11">
    <Authors>
      <Author>
        <Name>Fred</Name>
        <Email>fweasley@hogwarts.co.uk</Email>
      </Author>
      <Author>
        <Name>George</Name>
        <Email>gweasley@hogwarts.co.uk</Email>
      </Author>
    </Authors>
    <name>Book2</name>
  </book>
  <book year="2014" isbn="ISBN83763550019---11">
    <Authors>
      <Author>
        <Name>Fred</Name>
        <Email>fweasley@hogwarts.co.uk</Email>
      </Author>
      <Author>
        <Name>George</Name>
        <Email>gweasley@hogwarts.co.uk</Email>
      </Author>
    </Authors>
    <name>Book1</name>
  </book>
  <book year="2014" isbn="ISBN83763550019---11">
    <Authors>
      <Author>
        <Name>Fred</Name>
        <Email>fweasley@hogwarts.co.uk</Email>
      </Author>
      <Author>
        <Name>George</Name>
        <Email>gweasley@hogwarts.co.uk</Email>
      </Author>
    </Authors>
    <name>Book2</name>
  </book>
  <book year="2014" isbn="ISBN83763550019---11">
    <Authors>
      <Author>
        <Name>Fred</Name>
        <Email>fweasley@hogwarts.co.uk</Email>
      </Author>
      <Author>
        <Name>George</Name>
        <Email>gweasley@hogwarts.co.uk</Email>
      </Author>
    </Authors>
    <name>Book1</name>
  </book>
  <book year="2014" isbn="ISBN83763550019---11">
    <Authors>
      <Author>
        <Name>Fred</Name>
        <Email>fweasley@hogwarts.co.uk</Email>
      </Author>
      <Author>
        <Name>George</Name>
        <Email>gweasley@hogwarts.co.uk</Email>
      </Author>
    </Authors>
    <name>Book2</name>
  </book>
  <book year="2014" isbn="ISBN83763550019---11">
    <Authors>
      <Author>
        <Name>Fred</Name>
        <Email>fweasley@hogwarts.co.uk</Email>
      </Author>
      <Author>
        <Name>George</Name>
        <Email>gweasley@hogwarts.co.uk</Email>
      </Author>
    </Authors>
    <name>Book1</name>
  </book>
  <book year="2014" isbn="ISBN83763550019---11">
    <Authors>
      <Author>
        <Name>Fred</Name>
        <Email>fweasley@hogwarts.co.uk</Email>
      </Author>
      <Author>
        <Name>George</Name>
        <Email>gweasley@hogwarts.co.uk</Email>
      </Author>
    </Authors>
    <name>Book2</name>
  </book>
  <book year="2014" isbn="ISBN83763550019---11">
    <Authors>
      <Author>
        <Name>Fred</Name>
        <Email>fweasley@hogwarts.co.uk</Email>
      </Author>
      <Author>
        <Name>George</Name>
        <Email>gweasley@hogwarts.co.uk</Email>
      </Author>
    </Authors>
    <name>Book1</name>
  </book>
  <book year="2014" isbn="ISBN83763550019---11">
    <Authors>
      <Author>
        <Name>Fred</Name>
        <Email>fweasley@hogwarts.co.uk</Email>
      </Author>
      <Author>
        <Name>George</Name>
        <Email>gweasley@hogwarts.co.uk</Email>
      </Author>
    </Authors>
    <name>Book2</name>
  </book>
  <book year="2014" isbn="ISBN83763550019---11">
    <Authors>
      <Author>
        <Name>Fred</Name>
        <Email>fweasley@hogwarts.co.uk</Email>
      </Author>
      <Author>
        <Name>George</Name>
        <Email>gweasley@hogwarts.co.uk</Email>
      </Author>
    </Authors>
    <name>Book1</name>
  </book>
  <book year="2014" isbn="ISBN83763550019---11">
    <Authors>
      <Author>
        <Name>Fred</Name>
        <Email>fweasley@hogwarts.co.uk</Email>
      </Author>
      <Author>
        <Name>George</Name>
        <Email>gweasley@hogwarts.co.uk</Email>
      </Author>
    </Authors>
    <name>Book2</name>
  </book>
  <book year="2014" isbn="ISBN83763550019---11">
    <Authors>
      <Author>
        <Name>Fred</Name>
        <Email>fweasley@hogwarts.co.uk</Email>
      </Author>
      <Author>
        <Name>George</Name>
        <Email>gweasley@hogwarts.co.uk</Email>
      </Author>
    </Authors>
    <name>Book1</name>
  </book>
  <book year="2014" isbn="ISBN83763550019---11">
    <Authors>
      <Author>
        <Name>Fred</Name>
        <Email>fweasley@hogwarts.co.uk</Email>
      </Author>
      <Author>
        <Name>George</Name>
        <Email>gweasley@hogwarts.co.uk</Email>
      </Author>
    </Authors>
    <name>Book2</name>
  </book>
  <book year="2014" isbn="ISBN83763550019---11">
    <Authors>
      <Author>
        <Name>Fred</Name>
        <Email>fweasley@hogwarts.co.uk</Email>
      </Author>
      <Author>
        <Name>George</Name>
        <Email>gweasley@hogwarts.co.uk</Email>
      </Author>
    </Authors>
    <name>Book1</name>
  </book>
  <book year="2014" isbn="ISBN83763550019---11">
    <Authors>
      <Author>
        <Name>Fred</Name>
        <Email>fweasley@hogwarts.co.uk</Email>
      </Author>
      <Author>
        <Name>George</Name>
        <Email>gweasley@hogwarts.co.uk</Email>
      </Author>
    </Authors>
    <name>Book2</name>
  </book>
  <book year="2014" isbn="ISBN83763550019---11">
    <Authors>
      <Author>
        <Name>Fred</Name>
        <Email>fweasley@hogwarts.co.uk</Email>
      </Author>
      <Author>
        <Name>George</Name>
        <Email>gweasley@hogwarts.co.uk</Email>
      </Author>
    </Authors>
    <name>Book1</name>
  </book>
  <book year="2014" isbn="ISBN83763550019---11">
    <Authors>
      <Author>
        <Name>Fred</Name>
        <Email>fweasley@hogwarts.co.uk</Email>
      </Author>
      <Author>
        <Name>George</Name>
        <Email>gweasley@hogwarts.co.uk</Email>
      </Author>
    </Authors>
    <name>Book2</name>
  </book>
  <book year="2014" isbn="ISBN83763550019---11">
    <Authors>
      <Author>
        <Name>Fred</Name>
        <Email>fweasley@hogwarts.co.uk</Email>
      </Author>
      <Author>
        <Name>George</Name>
        <Email>gweasley@hogwarts.co.uk</Email>
      </Author>
    </Authors>
    <name>Book1</name>
  </book>
  <book year="2014" isbn="ISBN83763550019---11">
    <Authors>
      <Author>
        <Name>Fred</Name>
        <Email>fweasley@hogwarts.co.uk</Email>
      </Author>
      <Author>
        <Name>George</Name>
        <Email>gweasley@hogwarts.co.uk</Email>
      </Author>
    </Authors>
    <name>Book2</name>
  </book>
  <book year="2014" isbn="ISBN83763550019---11">
    <Authors>
      <Author>
        <Name>Fred</Name>
        <Email>fweasley@hogwarts.co.uk</Email>
      </Author>
      <Author>
        <Name>George</Name>
        <Email>gweasley@hogwarts.co.uk</Email>
      </Author>
    </Authors>
    <name>Book1</name>
  </book>
  <book year="2014" isbn="ISBN83763550019---11">
    <Authors>
      <Author>
        <Name>Fred</Name>
        <Email>fweasley@hogwarts.co.uk</Email>
      </Author>
      <Author>
        <Name>George</Name>
        <Email>gweasley@hogwarts.co.uk</Email>
      </Author>
    </Authors>
    <name>Book2</name>
  </book>
  <book year="2014" isbn="ISBN83763550019---11">
    <Authors>
      <Author>
        <Name>Fred</Name>
        <Email>fweasley@hogwarts.co.uk</Email>
      </Author>
      <Author>
        <Name>George</Name>
        <Email>gweasley@hogwarts.co.uk</Email>
      </Author>
    </Authors>
    <name>Book1</name>
  </book>
  <book year="2014" isbn="ISBN83763550019---11">
    <Authors>
      <Author>
        <Name>Fred</Name>
        <Email>fweasley@hogwarts.co.uk</Email>
      </Author>
      <Author>
        <Name>George</Name>
        <Email>gweasley@hogwarts.co.uk</Email>
      </Author>
    </Authors>
    <name>Book2</name>
  </book>
  <book year="2014" isbn="ISBN83763550019---11">
    <Authors>
      <Author>
        <Name>Fred</Name>
        <Email>fweasley@hogwarts.co.uk</Email>
      </Author>
      <Author>
        <Name>George</Name>
        <Email>gweasley@hogwarts.co.uk</Email>
      </Author>
    </Authors>
    <name>Book1</name>
  </book>
  <book year="2014" isbn="ISBN83763550019---11">
    <Authors>
      <Author>
        <Name>Fred</Name>
        <Email>fweasley@hogwarts.co.uk</Email>
      </Author>
      <Author>
        <Name>George</Name>
        <Email>gweasley@hogwarts.co.uk</Email>
      </Author>
    </Authors>
    <name>Book2</name>
  </book>
  <book year="2014" isbn="ISBN83763550019---11">
    <Authors>
      <Author>
        <Name>Fred</Name>
        <Email>fweasley@hogwarts.co.uk</Email>
      </Author>
      <Author>
        <Name>George</Name>
        <Email>gweasley@hogwarts.co.uk</Email>
      </Author>
    </Authors>
    <name>Book1</name>
  </book>
  <book year="2014" isbn="ISBN83763550019---11">
    <Authors>
      <Author>
        <Name>Fred</Name>
        <Email>fweasley@hogwarts.co.uk</Email>
      </Author>
      <Author>
        <Name>George</Name>
        <Email>gweasley@hogwarts.co.uk</Email>
      </Author>
    </Authors>
    <name>Book2</name>
  </book>
  <book year="2014" isbn="ISBN83763550019---11">
    <Authors>
      <Author>
        <Name>Fred</Name>
        <Email>fweasley@hogwarts.co.uk</Email>
      </Author>
      <Author>
        <Name>George</Name>
        <Email>gweasley@hogwarts.co.uk</Email>
      </Author>
    </Authors>
    <name>Book1</name>
  </book>
  <book year="2014" isbn="ISBN83763550019---11">
    <Authors>
      <Author>
        <Name>Fred</Name>
        <Email>fweasley@hogwarts.co.uk</Email>
      </Author>
      <Author>
        <Name>George</Name>
        <Email>gweasley@hogwarts.co.uk</Email>
      </Author>
    </Authors>
    <name>Book2</name>
  </book>
  <book year="2014" isbn="ISBN83763550019---11">
    <Authors>
      <Author>
        <Name>Fred</Name>
        <Email>fweasley@hogwarts.co.uk</Email>
      </Author>
      <Author>
        <Name>George</Name>
        <Email>gweasley@hogwarts.co.uk</Email>
      </Author>
    </Authors>
    <name>Book1</name>
  </book>
  <book year="2014" isbn="ISBN83763550019---11">
    <Authors>
      <Author>
        <Name>Fred</Name>
        <Email>fweasley@hogwarts.co.uk</Email>
      </Author>
      <Author>
        <Name>George</Name>
        <Email>gweasley@hogwarts.co.uk</Email>
      </Author>
    </Authors>
    <name>Book2</name>
  </book>
  <book year="2014" isbn="ISBN83763550019---11">
    <Authors>
      <Author>
        <Name>Fred</Name>
        <Email>fweasley@hogwarts.co.uk</Email>
      </Author>
      <Author>
        <Name>George</Name>
        <Email>gweasley@hogwarts.co.uk</Email>
      </Author>
    </Authors>
    <name>Book1</name>
  </book>
  <book year="2014" isbn="ISBN83763550019---11">
    <Authors>
      <Author>
        <Name>Fred</Name>
        <Email>fweasley@hogwarts.co.uk</Email>
      </Author>
      <Author>
        <Name>George</Name>
        <Email>gweasley@hogwarts.co.uk</Email>
      </Author>
    </Authors>
    <name>Book2</name>
  </book>
  <book year="2014" isbn="ISBN83763550019---11">
    <Authors>
      <Author>
        <Name>Fred</Name>
        <Email>fweasley@hogwarts.co.uk</Email>
      </Author>
      <Author>
        <Name>George</Name>
        <Email>gweasley@hogwarts.co.uk</Email>
      </Author>
    </Authors>
    <name>Book1</name>
  </book>
  <book year="2014" isbn="ISBN83763550019---11">
    <Authors>
      <Author>
        <Name>Fred</Name>
        <Email>fweasley@hogwarts.co.uk</Email>
      </Author>
      <Author>
        <Name>George</Name>
        <Email>gweasley@hogwarts.co.uk</Email>
      </Author>
    </Authors>
    <name>Book2</name>
  </book>
  <book year="2014" isbn="ISBN83763550019---11">
    <Authors>
      <Author>
        <Name>Fred</Name>
        <Email>fweasley@hogwarts.co.uk</Email>
      </Author>
      <Author>
        <Name>George</Name>
        <Email>gweasley@hogwarts.co.uk</Email>
      </Author>
    </Authors>
    <name>Book1</name>
  </book>
  <book year="2014" isbn="ISBN83763550019---11">
    <Authors>
      <Author>
        <Name>Fred</Name>
        <Email>fweasley@hogwarts.co.uk</Email>
      </Author>
      <Author>
        <Name>George</Name>
        <Email>gweasley@hogwarts.co.uk</Email>
      </Author>
    </Authors>
    <name>Book2</name>
  </book>
  <book year="2014" isbn="ISBN83763550019---11">
    <Authors>
      <Author>
        <Name>Fred</Name>
        <Email>fweasley@hogwarts.co.uk</Email>
      </Author>
      <Author>
        <Name>George</Name>
        <Email>gweasley@hogwarts.co.uk</Email>
      </Author>
    </Authors>
    <name>Book1</name>
  </book>
  <book year="2014" isbn="ISBN83763550019---11">
    <Authors>
      <Author>
        <Name>Fred</Name>
        <Email>fweasley@hogwarts.co.uk</Email>
      </Author>
      <Author>
        <Name>George</Name>
        <Email>gweasley@hogwarts.co.uk</Email>
      </Author>
    </Authors>
    <name>Book2</name>
  </book>
  <book year="2014" isbn="ISBN83763550019---11">
    <Authors>
      <Author>
        <Name>Fred</Name>
        <Email>fweasley@hogwarts.co.uk</Email>
      </Author>
      <Author>
        <Name>George</Name>
        <Email>gweasley@hogwarts.co.uk</Email>
      </Author>
    </Authors>
    <name>Book1</name>
  </book>
  <book year="2014" isbn="ISBN83763550019---11">
    <Authors>
      <Author>
        <Name>Fred</Name>
        <Email>fweasley@hogwarts.co.uk</Email>
      </Author>
      <Author>
        <Name>George</Name>
        <Email>gweasley@hogwarts.co.uk</Email>
      </Author>
    </Authors>
    <name>Book2</name>
  </book>
  <book year="2014" isbn="ISBN83763550019---11">
    <Authors>
      <Author>
        <Name>Fred</Name>
        <Email>fweasley@hogwarts.co.uk</Email>
      </Author>
      <Author>
        <Name>George</Name>
        <Email>gweasley@hogwarts.co.uk</Email>
      </Author>
    </Authors>
    <name>Book1</name>
  </book>
  <book year="2014" isbn="ISBN83763550019---11">
    <Authors>
      <Author>
        <Name>Fred</Name>
        <Email>fweasley@hogwarts.co.uk</Email>
      </Author>
      <Author>
        <Name>George</Name>
        <Email>gweasley@hogwarts.co.uk</Email>
      </Author>
    </Authors>
    <name>Book2</name>
  </book>
  <book year="2014" isbn="ISBN83763550019---11">
    <Authors>
      <Author>
        <Name>Fred</Name>
        <Email>fweasley@hogwarts.co.uk</Email>
      </Author>
      <Author>
        <Name>George</Name>
        <Email>gweasley@hogwarts.co.uk</Email>
      </Author>
    </Authors>
    <name>Book1</name>
  </book>
  <book year="2014" isbn="ISBN83763550019---11">
    <Authors>
      <Author>
        <Name>Fred</Name>
        <Email>fweasley@hogwarts.co.uk</Email>
      </Author>
      <Author>
        <Name>George</Name>
        <Email>gweasley@hogwarts.co.uk</Email>
      </Author>
    </Authors>
    <name>Book2</name>
  </book>
  <book year="2014" isbn="ISBN83763550019---11">
    <Authors>
      <Author>
        <Name>Fred</Name>
        <Email>fweasley@hogwarts.co.uk</Email>
      </Author>
      <Author>
        <Name>George</Name>
        <Email>gweasley@hogwarts.co.uk</Email>
      </Author>
    </Authors>
    <name>Book1</name>
  </book>
  <book year="2014" isbn="ISBN83763550019---11">
    <Authors>
      <Author>
        <Name>Fred</Name>
        <Email>fweasley@hogwarts.co.uk</Email>
      </Author>
      <Author>
        <Name>George</Name>
        <Email>gweasley@hogwarts.co.uk</Email>
      </Author>
    </Authors>
    <name>Book2</name>
  </book>
  <book year="2014" isbn="ISBN83763550019---11">
    <Authors>
      <Author>
        <Name>Fred</Name>
        <Email>fweasley@hogwarts.co.uk</Email>
      </Author>
      <Author>
        <Name>George</Name>
        <Email>gweasley@hogwarts.co.uk</Email>
      </Author>
    </Authors>
    <name>Book1</name>
  </book>
  <book year="2014" isbn="ISBN83763550019---11">
    <Authors>
      <Author>
        <Name>Fred</Name>
        <Email>fweasley@hogwarts.co.uk</Email>
      </Author>
      <Author>
        <Name>George</Name>
        <Email>gweasley@hogwarts.co.uk</Email>
      </Author>
    </Authors>
    <name>Book2</name>
  </book>
  <book year="2014" isbn="ISBN83763550019---11">
    <Authors>
      <Author>
        <Name>Fred</Name>
        <Email>fweasley@hogwarts.co.uk</Email>
      </Author>
      <Author>
        <Name>George</Name>
        <Email>gweasley@hogwarts.co.uk</Email>
      </Author>
    </Authors>
    <name>Book1</name>
  </book>
  <book year="2014" isbn="ISBN83763550019---11">
    <Authors>
      <Author>
        <Name>Fred</Name>
        <Email>fweasley@hogwarts.co.uk</Email>
      </Author>
      <Author>
        <Name>George</Name>
        <Email>gweasley@hogwarts.co.uk</Email>
      </Author>
    </Authors>
    <name>Book2</name>
  </book>
  <book year="2014" isbn="ISBN83763550019---11">
    <Authors>
      <Author>
        <Name>Fred</Name>
        <Email>fweasley@hogwarts.co.uk</Email>
      </Author>
      <Author>
        <Name>George</Name>
        <Email>gweasley@hogwarts.co.uk</Email>
      </Author>
    </Authors>
    <name>Book1</name>
  </book>
  <book year="2014" isbn="ISBN83763550019---11">
    <Authors>
      <Author>
        <Name>Fred</Name>
        <Email>fweasley@hogwarts.co.uk</Email>
      </Author>
      <Author>
        <Name>George</Name>
        <Email>gweasley@hogwarts.co.uk</Email>
      </Author>
    </Authors>
    <name>Book2</name>
  </book>
  <book year="2014" isbn="ISBN83763550019---11">
    <Authors>
      <Author>
        <Name>Fred</Name>
        <Email>fweasley@hogwarts.co.uk</Email>
      </Author>
      <Author>
        <Name>George</Name>
        <Email>gweasley@hogwarts.co.uk</Email>
      </Author>
    </Authors>
    <name>Book1</name>
  </book>
  <book year="2014" isbn="ISBN83763550019---11">
    <Authors>
      <Author>
        <Name>Fred</Name>
        <Email>fweasley@hogwarts.co.uk</Email>
      </Author>
      <Author>
        <Name>George</Name>
        <Email>gweasley@hogwarts.co.uk</Email>
      </Author>
    </Authors>
    <name>Book2</name>
  </book>
  <book year="2014" isbn="ISBN83763550019---11">
    <Authors>
      <Author>
        <Name>Fred</Name>
        <Email>fweasley@hogwarts.co.uk</Email>
      </Author>
      <Author>
        <Name>George</Name>
        <Email>gweasley@hogwarts.co.uk</Email>
      </Author>
    </Authors>
    <name>Book1</name>
  </book>
  <book year="2014" isbn="ISBN83763550019---11">
    <Authors>
      <Author>
        <Name>Fred</Name>
        <Email>fweasley@hogwarts.co.uk</Email>
      </Author>
      <Author>
        <Name>George</Name>
        <Email>gweasley@hogwarts.co.uk</Email>
      </Author>
    </Authors>
    <name>Book2</name>
  </book>
  <book year="2014" isbn="ISBN83763550019---11">
    <Authors>
      <Author>
        <Name>Fred</Name>
        <Email>fweasley@hogwarts.co.uk</Email>
      </Author>
      <Author>
        <Name>George</Name>
        <Email>gweasley@hogwarts.co.uk</Email>
      </Author>
    </Authors>
    <name>Book1</name>
  </book>
  <book year="2014" isbn="ISBN83763550019---11">
    <Authors>
      <Author>
        <Name>Fred</Name>
        <Email>fweasley@hogwarts.co.uk</Email>
      </Author>
      <Author>
        <Name>George</Name>
        <Email>gweasley@hogwarts.co.uk</Email>
      </Author>
    </Authors>
    <name>Book2</name>
  </book>
  <book year="2014" isbn="ISBN83763550019---11">
    <Authors>
      <Author>
        <Name>Fred</Name>
        <Email>fweasley@hogwarts.co.uk</Email>
      </Author>
      <Author>
        <Name>George</Name>
        <Email>gweasley@hogwarts.co.uk</Email>
      </Author>
    </Authors>
    <name>Book1</name>
  </book>
  <book year="2014" isbn="ISBN83763550019---11">
    <Authors>
      <Author>
        <Name>Fred</Name>
        <Email>fweasley@hogwarts.co.uk</Email>
      </Author>
      <Author>
        <Name>George</Name>
        <Email>gweasley@hogwarts.co.uk</Email>
      </Author>
    </Authors>
    <name>Book2</name>
  </book>
  <book year="2014" isbn="ISBN83763550019---11">
    <Authors>
      <Author>
        <Name>Fred</Name>
        <Email>fweasley@hogwarts.co.uk</Email>
      </Author>
      <Author>
        <Name>George</Name>
        <Email>gweasley@hogwarts.co.uk</Email>
      </Author>
    </Authors>
    <name>Book1</name>
  </book>
  <book year="2014" isbn="ISBN83763550019---11">
    <Authors>
      <Author>
        <Name>Fred</Name>
        <Email>fweasley@hogwarts.co.uk</Email>
      </Author>
      <Author>
        <Name>George</Name>
        <Email>gweasley@hogwarts.co.uk</Email>
      </Author>
    </Authors>
    <name>Book2</name>
  </book>
  <book year="2014" isbn="ISBN83763550019---11">
    <Authors>
      <Author>
        <Name>Fred</Name>
        <Email>fweasley@hogwarts.co.uk</Email>
      </Author>
      <Author>
        <Name>George</Name>
        <Email>gweasley@hogwarts.co.uk</Email>
      </Author>
    </Authors>
    <name>Book1</name>
  </book>
  <book year="2014" isbn="ISBN83763550019---11">
    <Authors>
      <Author>
        <Name>Fred</Name>
        <Email>fweasley@hogwarts.co.uk</Email>
      </Author>
      <Author>
        <Name>George</Name>
        <Email>gweasley@hogwarts.co.uk</Email>
      </Author>
    </Authors>
    <name>Book2</name>
  </book>
  <book year="2014" isbn="ISBN83763550019---11">
    <Authors>
      <Author>
        <Name>Fred</Name>
        <Email>fweasley@hogwarts.co.uk</Email>
      </Author>
      <Author>
        <Name>George</Name>
        <Email>gweasley@hogwarts.co.uk</Email>
      </Author>
    </Authors>
    <name>Book1</name>
  </book>
  <book year="2014" isbn="ISBN83763550019---11">
    <Authors>
      <Author>
        <Name>Fred</Name>
        <Email>fweasley@hogwarts.co.uk</Email>
      </Author>
      <Author>
        <Name>George</Name>
        <Email>gweasley@hogwarts.co.uk</Email>
      </Author>
    </Authors>
    <name>Book2</name>
  </book>
  <book year="2014" isbn="ISBN83763550019---11">
    <Authors>
      <Author>
        <Name>Fred</Name>
        <Email>fweasley@hogwarts.co.uk</Email>
      </Author>
      <Author>
        <Name>George</Name>
        <Email>gweasley@hogwarts.co.uk</Email>
      </Author>
    </Authors>
    <name>Book1</name>
  </book>
  <book year="2014" isbn="ISBN83763550019---11">
    <Authors>
      <Author>
        <Name>Fred</Name>
        <Email>fweasley@hogwarts.co.uk</Email>
      </Author>
      <Author>
        <Name>George</Name>
        <Email>gweasley@hogwarts.co.uk</Email>
      </Author>
    </Authors>
    <name>Book2</name>
  </book>
  <book year="2014" isbn="ISBN83763550019---11">
    <Authors>
      <Author>
        <Name>Fred</Name>
        <Email>fweasley@hogwarts.co.uk</Email>
      </Author>
      <Author>
        <Name>George</Name>
        <Email>gweasley@hogwarts.co.uk</Email>
      </Author>
    </Authors>
    <name>Book1</name>
  </book>
  <book year="2014" isbn="ISBN83763550019---11">
    <Authors>
      <Author>
        <Name>Fred</Name>
        <Email>fweasley@hogwarts.co.uk</Email>
      </Author>
      <Author>
        <Name>George</Name>
        <Email>gweasley@hogwarts.co.uk</Email>
      </Author>
    </Authors>
    <name>Book2</name>
  </book>
  <book year="2014" isbn="ISBN83763550019---11">
    <Authors>
      <Author>
        <Name>Fred</Name>
        <Email>fweasley@hogwarts.co.uk</Email>
      </Author>
      <Author>
        <Name>George</Name>
        <Email>gweasley@hogwarts.co.uk</Email>
      </Author>
    </Authors>
    <name>Book1</name>
  </book>
  <book year="2014" isbn="ISBN83763550019---11">
    <Authors>
      <Author>
        <Name>Fred</Name>
        <Email>fweasley@hogwarts.co.uk</Email>
      </Author>
      <Author>
        <Name>George</Name>
        <Email>gweasley@hogwarts.co.uk</Email>
      </Author>
    </Authors>
    <name>Book2</name>
  </book>
  <book year="2014" isbn="ISBN83763550019---11">
    <Authors>
      <Author>
        <Name>Fred</Name>
        <Email>fweasley@hogwarts.co.uk</Email>
      </Author>
      <Author>
        <Name>George</Name>
        <Email>gweasley@hogwarts.co.uk</Email>
      </Author>
    </Authors>
    <name>Book1</name>
  </book>
  <book year="2014" isbn="ISBN83763550019---11">
    <Authors>
      <Author>
        <Name>Fred</Name>
        <Email>fweasley@hogwarts.co.uk</Email>
      </Author>
      <Author>
        <Name>George</Name>
        <Email>gweasley@hogwarts.co.uk</Email>
      </Author>
    </Authors>
    <name>Book2</name>
  </book>
  <book year="2014" isbn="ISBN83763550019---11">
    <Authors>
      <Author>
        <Name>Fred</Name>
        <Email>fweasley@hogwarts.co.uk</Email>
      </Author>
      <Author>
        <Name>George</Name>
        <Email>gweasley@hogwarts.co.uk</Email>
      </Author>
    </Authors>
    <name>Book1</name>
  </book>
  <book year="2014" isbn="ISBN83763550019---11">
    <Authors>
      <Author>
        <Name>Fred</Name>
        <Email>fweasley@hogwarts.co.uk</Email>
      </Author>
      <Author>
        <Name>George</Name>
        <Email>gweasley@hogwarts.co.uk</Email>
      </Author>
    </Authors>
    <name>Book2</name>
  </book>
  <book year="2014" isbn="ISBN83763550019---11">
    <Authors>
      <Author>
        <Name>Fred</Name>
        <Email>fweasley@hogwarts.co.uk</Email>
      </Author>
      <Author>
        <Name>George</Name>
        <Email>gweasley@hogwarts.co.uk</Email>
      </Author>
    </Authors>
    <name>Book1</name>
  </book>
  <book year="2014" isbn="ISBN83763550019---11">
    <Authors>
      <Author>
        <Name>Fred</Name>
        <Email>fweasley@hogwarts.co.uk</Email>
      </Author>
      <Author>
        <Name>George</Name>
        <Email>gweasley@hogwarts.co.uk</Email>
      </Author>
    </Authors>
    <name>Book2</name>
  </book>
  <book year="2014" isbn="ISBN83763550019---11">
    <Authors>
      <Author>
        <Name>Fred</Name>
        <Email>fweasley@hogwarts.co.uk</Email>
      </Author>
      <Author>
        <Name>George</Name>
        <Email>gweasley@hogwarts.co.uk</Email>
      </Author>
    </Authors>
    <name>Book1</name>
  </book>
  <book year="2014" isbn="ISBN83763550019---11">
    <Authors>
      <Author>
        <Name>Fred</Name>
        <Email>fweasley@hogwarts.co.uk</Email>
      </Author>
      <Author>
        <Name>George</Name>
        <Email>gweasley@hogwarts.co.uk</Email>
      </Author>
    </Authors>
    <name>Book2</name>
  </book>
  <book year="2014" isbn="ISBN83763550019---11">
    <Authors>
      <Author>
        <Name>Fred</Name>
        <Email>fweasley@hogwarts.co.uk</Email>
      </Author>
      <Author>
        <Name>George</Name>
        <Email>gweasley@hogwarts.co.uk</Email>
      </Author>
    </Authors>
    <name>Book1</name>
  </book>
  <book year="2014" isbn="ISBN83763550019---11">
    <Authors>
      <Author>
        <Name>Fred</Name>
        <Email>fweasley@hogwarts.co.uk</Email>
      </Author>
      <Author>
        <Name>George</Name>
        <Email>gweasley@hogwarts.co.uk</Email>
      </Author>
    </Authors>
    <name>Book2</name>
  </book>
  <book year="2014" isbn="ISBN83763550019---11">
    <Authors>
      <Author>
        <Name>Fred</Name>
        <Email>fweasley@hogwarts.co.uk</Email>
      </Author>
      <Author>
        <Name>George</Name>
        <Email>gweasley@hogwarts.co.uk</Email>
      </Author>
    </Authors>
    <name>Book1</name>
  </book>
  <book year="2014" isbn="ISBN83763550019---11">
    <Authors>
      <Author>
        <Name>Fred</Name>
        <Email>fweasley@hogwarts.co.uk</Email>
      </Author>
      <Author>
        <Name>George</Name>
        <Email>gweasley@hogwarts.co.uk</Email>
      </Author>
    </Authors>
    <name>Book2</name>
  </book>
  <book year="2014" isbn="ISBN83763550019---11">
    <Authors>
      <Author>
        <Name>Fred</Name>
        <Email>fweasley@hogwarts.co.uk</Email>
      </Author>
      <Author>
        <Name>George</Name>
        <Email>gweasley@hogwarts.co.uk</Email>
      </Author>
    </Authors>
    <name>Book1</name>
  </book>
  <book year="2014" isbn="ISBN83763550019---11">
    <Authors>
      <Author>
        <Name>Fred</Name>
        <Email>fweasley@hogwarts.co.uk</Email>
      </Author>
      <Author>
        <Name>George</Name>
        <Email>gweasley@hogwarts.co.uk</Email>
      </Author>
    </Authors>
    <name>Book2</name>
  </book>
  <book year="2014" isbn="ISBN83763550019---11">
    <Authors>
      <Author>
        <Name>Fred</Name>
        <Email>fweasley@hogwarts.co.uk</Email>
      </Author>
      <Author>
        <Name>George</Name>
        <Email>gweasley@hogwarts.co.uk</Email>
      </Author>
    </Authors>
    <name>Book1</name>
  </book>
  <book year="2014" isbn="ISBN83763550019---11">
    <Authors>
      <Author>
        <Name>Fred</Name>
        <Email>fweasley@hogwarts.co.uk</Email>
      </Author>
      <Author>
        <Name>George</Name>
        <Email>gweasley@hogwarts.co.uk</Email>
      </Author>
    </Authors>
    <name>Book2</name>
  </book>
  <book year="2014" isbn="ISBN83763550019---11">
    <Authors>
      <Author>
        <Name>Fred</Name>
        <Email>fweasley@hogwarts.co.uk</Email>
      </Author>
      <Author>
        <Name>George</Name>
        <Email>gweasley@hogwarts.co.uk</Email>
      </Author>
    </Authors>
    <name>Book1</name>
  </book>
  <book year="2014" isbn="ISBN83763550019---11">
    <Authors>
      <Author>
        <Name>Fred</Name>
        <Email>fweasley@hogwarts.co.uk</Email>
      </Author>
      <Author>
        <Name>George</Name>
        <Email>gweasley@hogwarts.co.uk</Email>
      </Author>
    </Authors>
    <name>Book2</name>
  </book>
  <book year="2014" isbn="ISBN83763550019---11">
    <Authors>
      <Author>
        <Name>Fred</Name>
        <Email>fweasley@hogwarts.co.uk</Email>
      </Author>
      <Author>
        <Name>George</Name>
        <Email>gweasley@hogwarts.co.uk</Email>
      </Author>
    </Authors>
    <name>Book1</name>
  </book>
  <book year="2014" isbn="ISBN83763550019---11">
    <Authors>
      <Author>
        <Name>Fred</Name>
        <Email>fweasley@hogwarts.co.uk</Email>
      </Author>
      <Author>
        <Name>George</Name>
        <Email>gweasley@hogwarts.co.uk</Email>
      </Author>
    </Authors>
    <name>Book2</name>
  </book>
  <book year="2014" isbn="ISBN83763550019---11">
    <Authors>
      <Author>
        <Name>Fred</Name>
        <Email>fweasley@hogwarts.co.uk</Email>
      </Author>
      <Author>
        <Name>George</Name>
        <Email>gweasley@hogwarts.co.uk</Email>
      </Author>
    </Authors>
    <name>Book1</name>
  </book>
  <book year="2014" isbn="ISBN83763550019---11">
    <Authors>
      <Author>
        <Name>Fred</Name>
        <Email>fweasley@hogwarts.co.uk</Email>
      </Author>
      <Author>
        <Name>George</Name>
        <Email>gweasley@hogwarts.co.uk</Email>
      </Author>
    </Authors>
    <name>Book2</name>
  </book>
  <book year="2014" isbn="ISBN83763550019---11">
    <Authors>
      <Author>
        <Name>Fred</Name>
        <Email>fweasley@hogwarts.co.uk</Email>
      </Author>
      <Author>
        <Name>George</Name>
        <Email>gweasley@hogwarts.co.uk</Email>
      </Author>
    </Authors>
    <name>Book1</name>
  </book>
  <book year="2014" isbn="ISBN83763550019---11">
    <Authors>
      <Author>
        <Name>Fred</Name>
        <Email>fweasley@hogwarts.co.uk</Email>
      </Author>
      <Author>
        <Name>George</Name>
        <Email>gweasley@hogwarts.co.uk</Email>
      </Author>
    </Authors>
    <name>Book2</name>
  </book>
  <book year="2014" isbn="ISBN83763550019---11">
    <Authors>
      <Author>
        <Name>Fred</Name>
        <Email>fweasley@hogwarts.co.uk</Email>
      </Author>
      <Author>
        <Name>George</Name>
        <Email>gweasley@hogwarts.co.uk</Email>
      </Author>
    </Authors>
    <name>Book1</name>
  </book>
  <book year="2014" isbn="ISBN83763550019---11">
    <Authors>
      <Author>
        <Name>Fred</Name>
        <Email>fweasley@hogwarts.co.uk</Email>
      </Author>
      <Author>
        <Name>George</Name>
        <Email>gweasley@hogwarts.co.uk</Email>
      </Author>
    </Authors>
    <name>Book2</name>
  </book>
  <book year="2014" isbn="ISBN83763550019---11">
    <Authors>
      <Author>
        <Name>Fred</Name>
        <Email>fweasley@hogwarts.co.uk</Email>
      </Author>
      <Author>
        <Name>George</Name>
        <Email>gweasley@hogwarts.co.uk</Email>
      </Author>
    </Authors>
    <name>Book1</name>
  </book>
  <book year="2014" isbn="ISBN83763550019---11">
    <Authors>
      <Author>
        <Name>Fred</Name>
        <Email>fweasley@hogwarts.co.uk</Email>
      </Author>
      <Author>
        <Name>George</Name>
        <Email>gweasley@hogwarts.co.uk</Email>
      </Author>
    </Authors>
    <name>Book2</name>
  </book>
  <book year="2014" isbn="ISBN83763550019---11">
    <Authors>
      <Author>
        <Name>Fred</Name>
        <Email>fweasley@hogwarts.co.uk</Email>
      </Author>
      <Author>
        <Name>George</Name>
        <Email>gweasley@hogwarts.co.uk</Email>
      </Author>
    </Authors>
    <name>Book1</name>
  </book>
  <book year="2014" isbn="ISBN83763550019---11">
    <Authors>
      <Author>
        <Name>Fred</Name>
        <Email>fweasley@hogwarts.co.uk</Email>
      </Author>
      <Author>
        <Name>George</Name>
        <Email>gweasley@hogwarts.co.uk</Email>
      </Author>
    </Authors>
    <name>Book2</name>
  </book>
  <book year="2014" isbn="ISBN83763550019---11">
    <Authors>
      <Author>
        <Name>Fred</Name>
        <Email>fweasley@hogwarts.co.uk</Email>
      </Author>
      <Author>
        <Name>George</Name>
        <Email>gweasley@hogwarts.co.uk</Email>
      </Author>
    </Authors>
    <name>Book1</name>
  </book>
  <book year="2014" isbn="ISBN83763550019---11">
    <Authors>
      <Author>
        <Name>Fred</Name>
        <Email>fweasley@hogwarts.co.uk</Email>
      </Author>
      <Author>
        <Name>George</Name>
        <Email>gweasley@hogwarts.co.uk</Email>
      </Author>
    </Authors>
    <name>Book2</name>
  </book>
  <book year="2014" isbn="ISBN83763550019---11">
    <Authors>
      <Author>
        <Name>Fred</Name>
        <Email>fweasley@hogwarts.co.uk</Email>
      </Author>
      <Author>
        <Name>George</Name>
        <Email>gweasley@hogwarts.co.uk</Email>
      </Author>
    </Authors>
    <name>Book1</name>
  </book>
  <book year="2014" isbn="ISBN83763550019---11">
    <Authors>
      <Author>
        <Name>Fred</Name>
        <Email>fweasley@hogwarts.co.uk</Email>
      </Author>
      <Author>
        <Name>George</Name>
        <Email>gweasley@hogwarts.co.uk</Email>
      </Author>
    </Authors>
    <name>Book2</name>
  </book>
  <book year="2014" isbn="ISBN83763550019---11">
    <Authors>
      <Author>
        <Name>Fred</Name>
        <Email>fweasley@hogwarts.co.uk</Email>
      </Author>
      <Author>
        <Name>George</Name>
        <Email>gweasley@hogwarts.co.uk</Email>
      </Author>
    </Authors>
    <name>Book1</name>
  </book>
  <book year="2014" isbn="ISBN83763550019---11">
    <Authors>
      <Author>
        <Name>Fred</Name>
        <Email>fweasley@hogwarts.co.uk</Email>
      </Author>
      <Author>
        <Name>George</Name>
        <Email>gweasley@hogwarts.co.uk</Email>
      </Author>
    </Authors>
    <name>Book2</name>
  </book>
  <book year="2014" isbn="ISBN83763550019---11">
    <Authors>
      <Author>
        <Name>Fred</Name>
        <Email>fweasley@hogwarts.co.uk</Email>
      </Author>
      <Author>
        <Name>George</Name>
        <Email>gweasley@hogwarts.co.uk</Email>
      </Author>
    </Authors>
    <name>Book1</name>
  </book>
  <book year="2014" isbn="ISBN83763550019---11">
    <Authors>
      <Author>
        <Name>Fred</Name>
        <Email>fweasley@hogwarts.co.uk</Email>
      </Author>
      <Author>
        <Name>George</Name>
        <Email>gweasley@hogwarts.co.uk</Email>
      </Author>
    </Authors>
    <name>Book2</name>
  </book>
  <book year="2014" isbn="ISBN83763550019---11">
    <Authors>
      <Author>
        <Name>Fred</Name>
        <Email>fweasley@hogwarts.co.uk</Email>
      </Author>
      <Author>
        <Name>George</Name>
        <Email>gweasley@hogwarts.co.uk</Email>
      </Author>
    </Authors>
    <name>Book1</name>
  </book>
  <book year="2014" isbn="ISBN83763550019---11">
    <Authors>
      <Author>
        <Name>Fred</Name>
        <Email>fweasley@hogwarts.co.uk</Email>
      </Author>
      <Author>
        <Name>George</Name>
        <Email>gweasley@hogwarts.co.uk</Email>
      </Author>
    </Authors>
    <name>Book2</name>
  </book>
  <book year="2014" isbn="ISBN83763550019---11">
    <Authors>
      <Author>
        <Name>Fred</Name>
        <Email>fweasley@hogwarts.co.uk</Email>
      </Author>
      <Author>
        <Name>George</Name>
        <Email>gweasley@hogwarts.co.uk</Email>
      </Author>
    </Authors>
    <name>Book1</name>
  </book>
  <book year="2014" isbn="ISBN83763550019---11">
    <Authors>
      <Author>
        <Name>Fred</Name>
        <Email>fweasley@hogwarts.co.uk</Email>
      </Author>
      <Author>
        <Name>George</Name>
        <Email>gweasley@hogwarts.co.uk</Email>
      </Author>
    </Authors>
    <name>Book2</name>
  </book>
  <book year="2014" isbn="ISBN83763550019---11">
    <Authors>
      <Author>
        <Name>Fred</Name>
        <Email>fweasley@hogwarts.co.uk</Email>
      </Author>
      <Author>
        <Name>George</Name>
        <Email>gweasley@hogwarts.co.uk</Email>
      </Author>
    </Authors>
    <name>Book1</name>
  </book>
  <book year="2014" isbn="ISBN83763550019---11">
    <Authors>
      <Author>
        <Name>Fred</Name>
        <Email>fweasley@hogwarts.co.uk</Email>
      </Author>
      <Author>
        <Name>George</Name>
        <Email>gweasley@hogwarts.co.uk</Email>
      </Author>
    </Authors>
    <name>Book2</name>
  </book>
  <book year="2014" isbn="ISBN83763550019---11">
    <Authors>
      <Author>
        <Name>Fred</Name>
        <Email>fweasley@hogwarts.co.uk</Email>
      </Author>
      <Author>
        <Name>George</Name>
        <Email>gweasley@hogwarts.co.uk</Email>
      </Author>
    </Authors>
    <name>Book1</name>
  </book>
  <book year="2014" isbn="ISBN83763550019---11">
    <Authors>
      <Author>
        <Name>Fred</Name>
        <Email>fweasley@hogwarts.co.uk</Email>
      </Author>
      <Author>
        <Name>George</Name>
        <Email>gweasley@hogwarts.co.uk</Email>
      </Author>
    </Authors>
    <name>Book2</name>
  </book>
  <book year="2014" isbn="ISBN83763550019---11">
    <Authors>
      <Author>
        <Name>Fred</Name>
        <Email>fweasley@hogwarts.co.uk</Email>
      </Author>
      <Author>
        <Name>George</Name>
        <Email>gweasley@hogwarts.co.uk</Email>
      </Author>
    </Authors>
    <name>Book1</name>
  </book>
  <book year="2014" isbn="ISBN83763550019---11">
    <Authors>
      <Author>
        <Name>Fred</Name>
        <Email>fweasley@hogwarts.co.uk</Email>
      </Author>
      <Author>
        <Name>George</Name>
        <Email>gweasley@hogwarts.co.uk</Email>
      </Author>
    </Authors>
    <name>Book2</name>
  </book>
  <book year="2014" isbn="ISBN83763550019---11">
    <Authors>
      <Author>
        <Name>Fred</Name>
        <Email>fweasley@hogwarts.co.uk</Email>
      </Author>
      <Author>
        <Name>George</Name>
        <Email>gweasley@hogwarts.co.uk</Email>
      </Author>
    </Authors>
    <name>Book1</name>
  </book>
  <book year="2014" isbn="ISBN83763550019---11">
    <Authors>
      <Author>
        <Name>Fred</Name>
        <Email>fweasley@hogwarts.co.uk</Email>
      </Author>
      <Author>
        <Name>George</Name>
        <Email>gweasley@hogwarts.co.uk</Email>
      </Author>
    </Authors>
    <name>Book2</name>
  </book>
  <book year="2014" isbn="ISBN83763550019---11">
    <Authors>
      <Author>
        <Name>Fred</Name>
        <Email>fweasley@hogwarts.co.uk</Email>
      </Author>
      <Author>
        <Name>George</Name>
        <Email>gweasley@hogwarts.co.uk</Email>
      </Author>
    </Authors>
    <name>Book1</name>
  </book>
  <book year="2014" isbn="ISBN83763550019---11">
    <Authors>
      <Author>
        <Name>Fred</Name>
        <Email>fweasley@hogwarts.co.uk</Email>
      </Author>
      <Author>
        <Name>George</Name>
        <Email>gweasley@hogwarts.co.uk</Email>
      </Author>
    </Authors>
    <name>Book2</name>
  </book>
  <book year="2014" isbn="ISBN83763550019---11">
    <Authors>
      <Author>
        <Name>Fred</Name>
        <Email>fweasley@hogwarts.co.uk</Email>
      </Author>
      <Author>
        <Name>George</Name>
        <Email>gweasley@hogwarts.co.uk</Email>
      </Author>
    </Authors>
    <name>Book1</name>
  </book>
  <book year="2014" isbn="ISBN83763550019---11">
    <Authors>
      <Author>
        <Name>Fred</Name>
        <Email>fweasley@hogwarts.co.uk</Email>
      </Author>
      <Author>
        <Name>George</Name>
        <Email>gweasley@hogwarts.co.uk</Email>
      </Author>
    </Authors>
    <name>Book2</name>
  </book>
  <book year="2014" isbn="ISBN83763550019---11">
    <Authors>
      <Author>
        <Name>Fred</Name>
        <Email>fweasley@hogwarts.co.uk</Email>
      </Author>
      <Author>
        <Name>George</Name>
        <Email>gweasley@hogwarts.co.uk</Email>
      </Author>
    </Authors>
    <name>Book1</name>
  </book>
  <book year="2014" isbn="ISBN83763550019---11">
    <Authors>
      <Author>
        <Name>Fred</Name>
        <Email>fweasley@hogwarts.co.uk</Email>
      </Author>
      <Author>
        <Name>George</Name>
        <Email>gweasley@hogwarts.co.uk</Email>
      </Author>
    </Authors>
    <name>Book2</name>
  </book>
  <book year="2014" isbn="ISBN83763550019---11">
    <Authors>
      <Author>
        <Name>Fred</Name>
        <Email>fweasley@hogwarts.co.uk</Email>
      </Author>
      <Author>
        <Name>George</Name>
        <Email>gweasley@hogwarts.co.uk</Email>
      </Author>
    </Authors>
    <name>Book1</name>
  </book>
  <book year="2014" isbn="ISBN83763550019---11">
    <Authors>
      <Author>
        <Name>Fred</Name>
        <Email>fweasley@hogwarts.co.uk</Email>
      </Author>
      <Author>
        <Name>George</Name>
        <Email>gweasley@hogwarts.co.uk</Email>
      </Author>
    </Authors>
    <name>Book2</name>
  </book>
  <book year="2014" isbn="ISBN83763550019---11">
    <Authors>
      <Author>
        <Name>Fred</Name>
        <Email>fweasley@hogwarts.co.uk</Email>
      </Author>
      <Author>
        <Name>George</Name>
        <Email>gweasley@hogwarts.co.uk</Email>
      </Author>
    </Authors>
    <name>Book1</name>
  </book>
  <book year="2014" isbn="ISBN83763550019---11">
    <Authors>
      <Author>
        <Name>Fred</Name>
        <Email>fweasley@hogwarts.co.uk</Email>
      </Author>
      <Author>
        <Name>George</Name>
        <Email>gweasley@hogwarts.co.uk</Email>
      </Author>
    </Authors>
    <name>Book2</name>
  </book>
  <book year="2014" isbn="ISBN83763550019---11">
    <Authors>
      <Author>
        <Name>Fred</Name>
        <Email>fweasley@hogwarts.co.uk</Email>
      </Author>
      <Author>
        <Name>George</Name>
        <Email>gweasley@hogwarts.co.uk</Email>
      </Author>
    </Authors>
    <name>Book1</name>
  </book>
  <book year="2014" isbn="ISBN83763550019---11">
    <Authors>
      <Author>
        <Name>Fred</Name>
        <Email>fweasley@hogwarts.co.uk</Email>
      </Author>
      <Author>
        <Name>George</Name>
        <Email>gweasley@hogwarts.co.uk</Email>
      </Author>
    </Authors>
    <name>Book2</name>
  </book>
  <book year="2014" isbn="ISBN83763550019---11">
    <Authors>
      <Author>
        <Name>Fred</Name>
        <Email>fweasley@hogwarts.co.uk</Email>
      </Author>
      <Author>
        <Name>George</Name>
        <Email>gweasley@hogwarts.co.uk</Email>
      </Author>
    </Authors>
    <name>Book1</name>
  </book>
  <book year="2014" isbn="ISBN83763550019---11">
    <Authors>
      <Author>
        <Name>Fred</Name>
        <Email>fweasley@hogwarts.co.uk</Email>
      </Author>
      <Author>
        <Name>George</Name>
        <Email>gweasley@hogwarts.co.uk</Email>
      </Author>
    </Authors>
    <name>Book2</name>
  </book>
  <book year="2014" isbn="ISBN83763550019---11">
    <Authors>
      <Author>
        <Name>Fred</Name>
        <Email>fweasley@hogwarts.co.uk</Email>
      </Author>
      <Author>
        <Name>George</Name>
        <Email>gweasley@hogwarts.co.uk</Email>
      </Author>
    </Authors>
    <name>Book1</name>
  </book>
  <book year="2014" isbn="ISBN83763550019---11">
    <Authors>
      <Author>
        <Name>Fred</Name>
        <Email>fweasley@hogwarts.co.uk</Email>
      </Author>
      <Author>
        <Name>George</Name>
        <Email>gweasley@hogwarts.co.uk</Email>
      </Author>
    </Authors>
    <name>Book2</name>
  </book>
  <book year="2014" isbn="ISBN83763550019---11">
    <Authors>
      <Author>
        <Name>Fred</Name>
        <Email>fweasley@hogwarts.co.uk</Email>
      </Author>
      <Author>
        <Name>George</Name>
        <Email>gweasley@hogwarts.co.uk</Email>
      </Author>
    </Authors>
    <name>Book1</name>
  </book>
  <book year="2014" isbn="ISBN83763550019---11">
    <Authors>
      <Author>
        <Name>Fred</Name>
        <Email>fweasley@hogwarts.co.uk</Email>
      </Author>
      <Author>
        <Name>George</Name>
        <Email>gweasley@hogwarts.co.uk</Email>
      </Author>
    </Authors>
    <name>Book2</name>
  </book>
  <book year="2014" isbn="ISBN83763550019---11">
    <Authors>
      <Author>
        <Name>Fred</Name>
        <Email>fweasley@hogwarts.co.uk</Email>
      </Author>
      <Author>
        <Name>George</Name>
        <Email>gweasley@hogwarts.co.uk</Email>
      </Author>
    </Authors>
    <name>Book1</name>
  </book>
  <book year="2014" isbn="ISBN83763550019---11">
    <Authors>
      <Author>
        <Name>Fred</Name>
        <Email>fweasley@hogwarts.co.uk</Email>
      </Author>
      <Author>
        <Name>George</Name>
        <Email>gweasley@hogwarts.co.uk</Email>
      </Author>
    </Authors>
    <name>Book2</name>
  </book>
  <book year="2014" isbn="ISBN83763550019---11">
    <Authors>
      <Author>
        <Name>Fred</Name>
        <Email>fweasley@hogwarts.co.uk</Email>
      </Author>
      <Author>
        <Name>George</Name>
        <Email>gweasley@hogwarts.co.uk</Email>
      </Author>
    </Authors>
    <name>Book1</name>
  </book>
  <book year="2014" isbn="ISBN83763550019---11">
    <Authors>
      <Author>
        <Name>Fred</Name>
        <Email>fweasley@hogwarts.co.uk</Email>
      </Author>
      <Author>
        <Name>George</Name>
        <Email>gweasley@hogwarts.co.uk</Email>
      </Author>
    </Authors>
    <name>Book2</name>
  </book>
  <book year="2014" isbn="ISBN83763550019---11">
    <Authors>
      <Author>
        <Name>Fred</Name>
        <Email>fweasley@hogwarts.co.uk</Email>
      </Author>
      <Author>
        <Name>George</Name>
        <Email>gweasley@hogwarts.co.uk</Email>
      </Author>
    </Authors>
    <name>Book1</name>
  </book>
  <book year="2014" isbn="ISBN83763550019---11">
    <Authors>
      <Author>
        <Name>Fred</Name>
        <Email>fweasley@hogwarts.co.uk</Email>
      </Author>
      <Author>
        <Name>George</Name>
        <Email>gweasley@hogwarts.co.uk</Email>
      </Author>
    </Authors>
    <name>Book2</name>
  </book>
  <book year="2014" isbn="ISBN83763550019---11">
    <Authors>
      <Author>
        <Name>Fred</Name>
        <Email>fweasley@hogwarts.co.uk</Email>
      </Author>
      <Author>
        <Name>George</Name>
        <Email>gweasley@hogwarts.co.uk</Email>
      </Author>
    </Authors>
    <name>Book1</name>
  </book>
  <book year="2014" isbn="ISBN83763550019---11">
    <Authors>
      <Author>
        <Name>Fred</Name>
        <Email>fweasley@hogwarts.co.uk</Email>
      </Author>
      <Author>
        <Name>George</Name>
        <Email>gweasley@hogwarts.co.uk</Email>
      </Author>
    </Authors>
    <name>Book2</name>
  </book>
  <book year="2014" isbn="ISBN83763550019---11">
    <Authors>
      <Author>
        <Name>Fred</Name>
        <Email>fweasley@hogwarts.co.uk</Email>
      </Author>
      <Author>
        <Name>George</Name>
        <Email>gweasley@hogwarts.co.uk</Email>
      </Author>
    </Authors>
    <name>Book1</name>
  </book>
  <book year="2014" isbn="ISBN83763550019---11">
    <Authors>
      <Author>
        <Name>Fred</Name>
        <Email>fweasley@hogwarts.co.uk</Email>
      </Author>
      <Author>
        <Name>George</Name>
        <Email>gweasley@hogwarts.co.uk</Email>
      </Author>
    </Authors>
    <name>Book2</name>
  </book>
  <book year="2014" isbn="ISBN83763550019---11">
    <Authors>
      <Author>
        <Name>Fred</Name>
        <Email>fweasley@hogwarts.co.uk</Email>
      </Author>
      <Author>
        <Name>George</Name>
        <Email>gweasley@hogwarts.co.uk</Email>
      </Author>
    </Authors>
    <name>Book1</name>
  </book>
  <book year="2014" isbn="ISBN83763550019---11">
    <Authors>
      <Author>
        <Name>Fred</Name>
        <Email>fweasley@hogwarts.co.uk</Email>
      </Author>
      <Author>
        <Name>George</Name>
        <Email>gweasley@hogwarts.co.uk</Email>
      </Author>
    </Authors>
    <name>Book2</name>
  </book>
  <book year="2014" isbn="ISBN83763550019---11">
    <Authors>
      <Author>
        <Name>Fred</Name>
        <Email>fweasley@hogwarts.co.uk</Email>
      </Author>
      <Author>
        <Name>George</Name>
        <Email>gweasley@hogwarts.co.uk</Email>
      </Author>
    </Authors>
    <name>Book1</name>
  </book>
  <book year="2014" isbn="ISBN83763550019---11">
    <Authors>
      <Author>
        <Name>Fred</Name>
        <Email>fweasley@hogwarts.co.uk</Email>
      </Author>
      <Author>
        <Name>George</Name>
        <Email>gweasley@hogwarts.co.uk</Email>
      </Author>
    </Authors>
    <name>Book2</name>
  </book>
  <book year="2014" isbn="ISBN83763550019---11">
    <Authors>
      <Author>
        <Name>Fred</Name>
        <Email>fweasley@hogwarts.co.uk</Email>
      </Author>
      <Author>
        <Name>George</Name>
        <Email>gweasley@hogwarts.co.uk</Email>
      </Author>
    </Authors>
    <name>Book1</name>
  </book>
  <book year="2014" isbn="ISBN83763550019---11">
    <Authors>
      <Author>
        <Name>Fred</Name>
        <Email>fweasley@hogwarts.co.uk</Email>
      </Author>
      <Author>
        <Name>George</Name>
        <Email>gweasley@hogwarts.co.uk</Email>
      </Author>
    </Authors>
    <name>Book2</name>
  </book>
  <book year="2014" isbn="ISBN83763550019---11">
    <Authors>
      <Author>
        <Name>Fred</Name>
        <Email>fweasley@hogwarts.co.uk</Email>
      </Author>
      <Author>
        <Name>George</Name>
        <Email>gweasley@hogwarts.co.uk</Email>
      </Author>
    </Authors>
    <name>Book1</name>
  </book>
  <book year="2014" isbn="ISBN83763550019---11">
    <Authors>
      <Author>
        <Name>Fred</Name>
        <Email>fweasley@hogwarts.co.uk</Email>
      </Author>
      <Author>
        <Name>George</Name>
        <Email>gweasley@hogwarts.co.uk</Email>
      </Author>
    </Authors>
    <name>Book2</name>
  </book>
  <book year="2014" isbn="ISBN83763550019---11">
    <Authors>
      <Author>
        <Name>Fred</Name>
        <Email>fweasley@hogwarts.co.uk</Email>
      </Author>
      <Author>
        <Name>George</Name>
        <Email>gweasley@hogwarts.co.uk</Email>
      </Author>
    </Authors>
    <name>Book1</name>
  </book>
  <book year="2014" isbn="ISBN83763550019---11">
    <Authors>
      <Author>
        <Name>Fred</Name>
        <Email>fweasley@hogwarts.co.uk</Email>
      </Author>
      <Author>
        <Name>George</Name>
        <Email>gweasley@hogwarts.co.uk</Email>
      </Author>
    </Authors>
    <name>Book2</name>
  </book>
  <book year="2014" isbn="ISBN83763550019---11">
    <Authors>
      <Author>
        <Name>Fred</Name>
        <Email>fweasley@hogwarts.co.uk</Email>
      </Author>
      <Author>
        <Name>George</Name>
        <Email>gweasley@hogwarts.co.uk</Email>
      </Author>
    </Authors>
    <name>Book1</name>
  </book>
  <book year="2014" isbn="ISBN83763550019---11">
    <Authors>
      <Author>
        <Name>Fred</Name>
        <Email>fweasley@hogwarts.co.uk</Email>
      </Author>
      <Author>
        <Name>George</Name>
        <Email>gweasley@hogwarts.co.uk</Email>
      </Author>
    </Authors>
    <name>Book2</name>
  </book>
  <book year="2014" isbn="ISBN83763550019---11">
    <Authors>
      <Author>
        <Name>Fred</Name>
        <Email>fweasley@hogwarts.co.uk</Email>
      </Author>
      <Author>
        <Name>George</Name>
        <Email>gweasley@hogwarts.co.uk</Email>
      </Author>
    </Authors>
    <name>Book1</name>
  </book>
  <book year="2014" isbn="ISBN83763550019---11">
    <Authors>
      <Author>
        <Name>Fred</Name>
        <Email>fweasley@hogwarts.co.uk</Email>
      </Author>
      <Author>
        <Name>George</Name>
        <Email>gweasley@hogwarts.co.uk</Email>
      </Author>
    </Authors>
    <name>Book2</name>
  </book>
  <book year="2014" isbn="ISBN83763550019---11">
    <Authors>
      <Author>
        <Name>Fred</Name>
        <Email>fweasley@hogwarts.co.uk</Email>
      </Author>
      <Author>
        <Name>George</Name>
        <Email>gweasley@hogwarts.co.uk</Email>
      </Author>
    </Authors>
    <name>Book1</name>
  </book>
  <book year="2014" isbn="ISBN83763550019---11">
    <Authors>
      <Author>
        <Name>Fred</Name>
        <Email>fweasley@hogwarts.co.uk</Email>
      </Author>
      <Author>
        <Name>George</Name>
        <Email>gweasley@hogwarts.co.uk</Email>
      </Author>
    </Authors>
    <name>Book2</name>
  </book>
  <book year="2014" isbn="ISBN83763550019---11">
    <Authors>
      <Author>
        <Name>Fred</Name>
        <Email>fweasley@hogwarts.co.uk</Email>
      </Author>
      <Author>
        <Name>George</Name>
        <Email>gweasley@hogwarts.co.uk</Email>
      </Author>
    </Authors>
    <name>Book1</name>
  </book>
  <book year="2014" isbn="ISBN83763550019---11">
    <Authors>
      <Author>
        <Name>Fred</Name>
        <Email>fweasley@hogwarts.co.uk</Email>
      </Author>
      <Author>
        <Name>George</Name>
        <Email>gweasley@hogwarts.co.uk</Email>
      </Author>
    </Authors>
    <name>Book2</name>
  </book>
  <book year="2014" isbn="ISBN83763550019---11">
    <Authors>
      <Author>
        <Name>Fred</Name>
        <Email>fweasley@hogwarts.co.uk</Email>
      </Author>
      <Author>
        <Name>George</Name>
        <Email>gweasley@hogwarts.co.uk</Email>
      </Author>
    </Authors>
    <name>Book1</name>
  </book>
  <book year="2014" isbn="ISBN83763550019---11">
    <Authors>
      <Author>
        <Name>Fred</Name>
        <Email>fweasley@hogwarts.co.uk</Email>
      </Author>
      <Author>
        <Name>George</Name>
        <Email>gweasley@hogwarts.co.uk</Email>
      </Author>
    </Authors>
    <name>Book2</name>
  </book>
  <book year="2014" isbn="ISBN83763550019---11">
    <Authors>
      <Author>
        <Name>Fred</Name>
        <Email>fweasley@hogwarts.co.uk</Email>
      </Author>
      <Author>
        <Name>George</Name>
        <Email>gweasley@hogwarts.co.uk</Email>
      </Author>
    </Authors>
    <name>Book1</name>
  </book>
  <book year="2014" isbn="ISBN83763550019---11">
    <Authors>
      <Author>
        <Name>Fred</Name>
        <Email>fweasley@hogwarts.co.uk</Email>
      </Author>
      <Author>
        <Name>George</Name>
        <Email>gweasley@hogwarts.co.uk</Email>
      </Author>
    </Authors>
    <name>Book2</name>
  </book>
  <book year="2014" isbn="ISBN83763550019---11">
    <Authors>
      <Author>
        <Name>Fred</Name>
        <Email>fweasley@hogwarts.co.uk</Email>
      </Author>
      <Author>
        <Name>George</Name>
        <Email>gweasley@hogwarts.co.uk</Email>
      </Author>
    </Authors>
    <name>Book1</name>
  </book>
  <book year="2014" isbn="ISBN83763550019---11">
    <Authors>
      <Author>
        <Name>Fred</Name>
        <Email>fweasley@hogwarts.co.uk</Email>
      </Author>
      <Author>
        <Name>George</Name>
        <Email>gweasley@hogwarts.co.uk</Email>
      </Author>
    </Authors>
    <name>Book2</name>
  </book>
  <book year="2014" isbn="ISBN83763550019---11">
    <Authors>
      <Author>
        <Name>Fred</Name>
        <Email>fweasley@hogwarts.co.uk</Email>
      </Author>
      <Author>
        <Name>George</Name>
        <Email>gweasley@hogwarts.co.uk</Email>
      </Author>
    </Authors>
    <name>Book1</name>
  </book>
  <book year="2014" isbn="ISBN83763550019---11">
    <Authors>
      <Author>
        <Name>Fred</Name>
        <Email>fweasley@hogwarts.co.uk</Email>
      </Author>
      <Author>
        <Name>George</Name>
        <Email>gweasley@hogwarts.co.uk</Email>
      </Author>
    </Authors>
    <name>Book2</name>
  </book>
  <book year="2014" isbn="ISBN83763550019---11">
    <Authors>
      <Author>
        <Name>Fred</Name>
        <Email>fweasley@hogwarts.co.uk</Email>
      </Author>
      <Author>
        <Name>George</Name>
        <Email>gweasley@hogwarts.co.uk</Email>
      </Author>
    </Authors>
    <name>Book1</name>
  </book>
  <book year="2014" isbn="ISBN83763550019---11">
    <Authors>
      <Author>
        <Name>Fred</Name>
        <Email>fweasley@hogwarts.co.uk</Email>
      </Author>
      <Author>
        <Name>George</Name>
        <Email>gweasley@hogwarts.co.uk</Email>
      </Author>
    </Authors>
    <name>Book2</name>
  </book>
  <book year="2014" isbn="ISBN83763550019---11">
    <Authors>
      <Author>
        <Name>Fred</Name>
        <Email>fweasley@hogwarts.co.uk</Email>
      </Author>
      <Author>
        <Name>George</Name>
        <Email>gweasley@hogwarts.co.uk</Email>
      </Author>
    </Authors>
    <name>Book1</name>
  </book>
  <book year="2014" isbn="ISBN83763550019---11">
    <Authors>
      <Author>
        <Name>Fred</Name>
        <Email>fweasley@hogwarts.co.uk</Email>
      </Author>
      <Author>
        <Name>George</Name>
        <Email>gweasley@hogwarts.co.uk</Email>
      </Author>
    </Authors>
    <name>Book2</name>
  </book>
  <book year="2014" isbn="ISBN83763550019---11">
    <Authors>
      <Author>
        <Name>Fred</Name>
        <Email>fweasley@hogwarts.co.uk</Email>
      </Author>
      <Author>
        <Name>George</Name>
        <Email>gweasley@hogwarts.co.uk</Email>
      </Author>
    </Authors>
    <name>Book1</name>
  </book>
  <book year="2014" isbn="ISBN83763550019---11">
    <Authors>
      <Author>
        <Name>Fred</Name>
        <Email>fweasley@hogwarts.co.uk</Email>
      </Author>
      <Author>
        <Name>George</Name>
        <Email>gweasley@hogwarts.co.uk</Email>
      </Author>
    </Authors>
    <name>Book2</name>
  </book>
  <book year="2014" isbn="ISBN83763550019---11">
    <Authors>
      <Author>
        <Name>Fred</Name>
        <Email>fweasley@hogwarts.co.uk</Email>
      </Author>
      <Author>
        <Name>George</Name>
        <Email>gweasley@hogwarts.co.uk</Email>
      </Author>
    </Authors>
    <name>Book1</name>
  </book>
  <book year="2014" isbn="ISBN83763550019---11">
    <Authors>
      <Author>
        <Name>Fred</Name>
        <Email>fweasley@hogwarts.co.uk</Email>
      </Author>
      <Author>
        <Name>George</Name>
        <Email>gweasley@hogwarts.co.uk</Email>
      </Author>
    </Authors>
    <name>Book2</name>
  </book>
  <book year="2014" isbn="ISBN83763550019---11">
    <Authors>
      <Author>
        <Name>Fred</Name>
        <Email>fweasley@hogwarts.co.uk</Email>
      </Author>
      <Author>
        <Name>George</Name>
        <Email>gweasley@hogwarts.co.uk</Email>
      </Author>
    </Authors>
    <name>Book1</name>
  </book>
  <book year="2014" isbn="ISBN83763550019---11">
    <Authors>
      <Author>
        <Name>Fred</Name>
        <Email>fweasley@hogwarts.co.uk</Email>
      </Author>
      <Author>
        <Name>George</Name>
        <Email>gweasley@hogwarts.co.uk</Email>
      </Author>
    </Authors>
    <name>Book2</name>
  </book>
  <book year="2014" isbn="ISBN83763550019---11">
    <Authors>
      <Author>
        <Name>Fred</Name>
        <Email>fweasley@hogwarts.co.uk</Email>
      </Author>
      <Author>
        <Name>George</Name>
        <Email>gweasley@hogwarts.co.uk</Email>
      </Author>
    </Authors>
    <name>Book1</name>
  </book>
  <book year="2014" isbn="ISBN83763550019---11">
    <Authors>
      <Author>
        <Name>Fred</Name>
        <Email>fweasley@hogwarts.co.uk</Email>
      </Author>
      <Author>
        <Name>George</Name>
        <Email>gweasley@hogwarts.co.uk</Email>
      </Author>
    </Authors>
    <name>Book2</name>
  </book>
  <book year="2014" isbn="ISBN83763550019---11">
    <Authors>
      <Author>
        <Name>Fred</Name>
        <Email>fweasley@hogwarts.co.uk</Email>
      </Author>
      <Author>
        <Name>George</Name>
        <Email>gweasley@hogwarts.co.uk</Email>
      </Author>
    </Authors>
    <name>Book1</name>
  </book>
  <book year="2014" isbn="ISBN83763550019---11">
    <Authors>
      <Author>
        <Name>Fred</Name>
        <Email>fweasley@hogwarts.co.uk</Email>
      </Author>
      <Author>
        <Name>George</Name>
        <Email>gweasley@hogwarts.co.uk</Email>
      </Author>
    </Authors>
    <name>Book2</name>
  </book>
  <book year="2014" isbn="ISBN83763550019---11">
    <Authors>
      <Author>
        <Name>Fred</Name>
        <Email>fweasley@hogwarts.co.uk</Email>
      </Author>
      <Author>
        <Name>George</Name>
        <Email>gweasley@hogwarts.co.uk</Email>
      </Author>
    </Authors>
    <name>Book1</name>
  </book>
  <book year="2014" isbn="ISBN83763550019---11">
    <Authors>
      <Author>
        <Name>Fred</Name>
        <Email>fweasley@hogwarts.co.uk</Email>
      </Author>
      <Author>
        <Name>George</Name>
        <Email>gweasley@hogwarts.co.uk</Email>
      </Author>
    </Authors>
    <name>Book2</name>
  </book>
  <book year="2014" isbn="ISBN83763550019---11">
    <Authors>
      <Author>
        <Name>Fred</Name>
        <Email>fweasley@hogwarts.co.uk</Email>
      </Author>
      <Author>
        <Name>George</Name>
        <Email>gweasley@hogwarts.co.uk</Email>
      </Author>
    </Authors>
    <name>Book1</name>
  </book>
  <book year="2014" isbn="ISBN83763550019---11">
    <Authors>
      <Author>
        <Name>Fred</Name>
        <Email>fweasley@hogwarts.co.uk</Email>
      </Author>
      <Author>
        <Name>George</Name>
        <Email>gweasley@hogwarts.co.uk</Email>
      </Author>
    </Authors>
    <name>Book2</name>
  </book>
  <book year="2014" isbn="ISBN83763550019---11">
    <Authors>
      <Author>
        <Name>Fred</Name>
        <Email>fweasley@hogwarts.co.uk</Email>
      </Author>
      <Author>
        <Name>George</Name>
        <Email>gweasley@hogwarts.co.uk</Email>
      </Author>
    </Authors>
    <name>Book1</name>
  </book>
  <book year="2014" isbn="ISBN83763550019---11">
    <Authors>
      <Author>
        <Name>Fred</Name>
        <Email>fweasley@hogwarts.co.uk</Email>
      </Author>
      <Author>
        <Name>George</Name>
        <Email>gweasley@hogwarts.co.uk</Email>
      </Author>
    </Authors>
    <name>Book2</name>
  </book>
  <book year="2014" isbn="ISBN83763550019---11">
    <Authors>
      <Author>
        <Name>Fred</Name>
        <Email>fweasley@hogwarts.co.uk</Email>
      </Author>
      <Author>
        <Name>George</Name>
        <Email>gweasley@hogwarts.co.uk</Email>
      </Author>
    </Authors>
    <name>Book1</name>
  </book>
  <book year="2014" isbn="ISBN83763550019---11">
    <Authors>
      <Author>
        <Name>Fred</Name>
        <Email>fweasley@hogwarts.co.uk</Email>
      </Author>
      <Author>
        <Name>George</Name>
        <Email>gweasley@hogwarts.co.uk</Email>
      </Author>
    </Authors>
    <name>Book2</name>
  </book>
  <book year="2014" isbn="ISBN83763550019---11">
    <Authors>
      <Author>
        <Name>Fred</Name>
        <Email>fweasley@hogwarts.co.uk</Email>
      </Author>
      <Author>
        <Name>George</Name>
        <Email>gweasley@hogwarts.co.uk</Email>
      </Author>
    </Authors>
    <name>Book1</name>
  </book>
  <book year="2014" isbn="ISBN83763550019---11">
    <Authors>
      <Author>
        <Name>Fred</Name>
        <Email>fweasley@hogwarts.co.uk</Email>
      </Author>
      <Author>
        <Name>George</Name>
        <Email>gweasley@hogwarts.co.uk</Email>
      </Author>
    </Authors>
    <name>Book2</name>
  </book>
  <book year="2014" isbn="ISBN83763550019---11">
    <Authors>
      <Author>
        <Name>Fred</Name>
        <Email>fweasley@hogwarts.co.uk</Email>
      </Author>
      <Author>
        <Name>George</Name>
        <Email>gweasley@hogwarts.co.uk</Email>
      </Author>
    </Authors>
    <name>Book1</name>
  </book>
  <book year="2014" isbn="ISBN83763550019---11">
    <Authors>
      <Author>
        <Name>Fred</Name>
        <Email>fweasley@hogwarts.co.uk</Email>
      </Author>
      <Author>
        <Name>George</Name>
        <Email>gweasley@hogwarts.co.uk</Email>
      </Author>
    </Authors>
    <name>Book2</name>
  </book>
  <book year="2014" isbn="ISBN83763550019---11">
    <Authors>
      <Author>
        <Name>Fred</Name>
        <Email>fweasley@hogwarts.co.uk</Email>
      </Author>
      <Author>
        <Name>George</Name>
        <Email>gweasley@hogwarts.co.uk</Email>
      </Author>
    </Authors>
    <name>Book1</name>
  </book>
  <book year="2014" isbn="ISBN83763550019---11">
    <Authors>
      <Author>
        <Name>Fred</Name>
        <Email>fweasley@hogwarts.co.uk</Email>
      </Author>
      <Author>
        <Name>George</Name>
        <Email>gweasley@hogwarts.co.uk</Email>
      </Author>
    </Authors>
    <name>Book2</name>
  </book>
  <book year="2014" isbn="ISBN83763550019---11">
    <Authors>
      <Author>
        <Name>Fred</Name>
        <Email>fweasley@hogwarts.co.uk</Email>
      </Author>
      <Author>
        <Name>George</Name>
        <Email>gweasley@hogwarts.co.uk</Email>
      </Author>
    </Authors>
    <name>Book1</name>
  </book>
  <book year="2014" isbn="ISBN83763550019---11">
    <Authors>
      <Author>
        <Name>Fred</Name>
        <Email>fweasley@hogwarts.co.uk</Email>
      </Author>
      <Author>
        <Name>George</Name>
        <Email>gweasley@hogwarts.co.uk</Email>
      </Author>
    </Authors>
    <name>Book2</name>
  </book>
  <book year="2014" isbn="ISBN83763550019---11">
    <Authors>
      <Author>
        <Name>Fred</Name>
        <Email>fweasley@hogwarts.co.uk</Email>
      </Author>
      <Author>
        <Name>George</Name>
        <Email>gweasley@hogwarts.co.uk</Email>
      </Author>
    </Authors>
    <name>Book1</name>
  </book>
  <book year="2014" isbn="ISBN83763550019---11">
    <Authors>
      <Author>
        <Name>Fred</Name>
        <Email>fweasley@hogwarts.co.uk</Email>
      </Author>
      <Author>
        <Name>George</Name>
        <Email>gweasley@hogwarts.co.uk</Email>
      </Author>
    </Authors>
    <name>Book2</name>
  </book>
  <book year="2014" isbn="ISBN83763550019---11">
    <Authors>
      <Author>
        <Name>Fred</Name>
        <Email>fweasley@hogwarts.co.uk</Email>
      </Author>
      <Author>
        <Name>George</Name>
        <Email>gweasley@hogwarts.co.uk</Email>
      </Author>
    </Authors>
    <name>Book1</name>
  </book>
  <book year="2014" isbn="ISBN83763550019---11">
    <Authors>
      <Author>
        <Name>Fred</Name>
        <Email>fweasley@hogwarts.co.uk</Email>
      </Author>
      <Author>
        <Name>George</Name>
        <Email>gweasley@hogwarts.co.uk</Email>
      </Author>
    </Authors>
    <name>Book2</name>
  </book>
  <book year="2014" isbn="ISBN83763550019---11">
    <Authors>
      <Author>
        <Name>Fred</Name>
        <Email>fweasley@hogwarts.co.uk</Email>
      </Author>
      <Author>
        <Name>George</Name>
        <Email>gweasley@hogwarts.co.uk</Email>
      </Author>
    </Authors>
    <name>Book1</name>
  </book>
  <book year="2014" isbn="ISBN83763550019---11">
    <Authors>
      <Author>
        <Name>Fred</Name>
        <Email>fweasley@hogwarts.co.uk</Email>
      </Author>
      <Author>
        <Name>George</Name>
        <Email>gweasley@hogwarts.co.uk</Email>
      </Author>
    </Authors>
    <name>Book2</name>
  </book>
  <book year="2014" isbn="ISBN83763550019---11">
    <Authors>
      <Author>
        <Name>Fred</Name>
        <Email>fweasley@hogwarts.co.uk</Email>
      </Author>
      <Author>
        <Name>George</Name>
        <Email>gweasley@hogwarts.co.uk</Email>
      </Author>
    </Authors>
    <name>Book1</name>
  </book>
  <book year="2014" isbn="ISBN83763550019---11">
    <Authors>
      <Author>
        <Name>Fred</Name>
        <Email>fweasley@hogwarts.co.uk</Email>
      </Author>
      <Author>
        <Name>George</Name>
        <Email>gweasley@hogwarts.co.uk</Email>
      </Author>
    </Authors>
    <name>Book2</name>
  </book>
  <book year="2014" isbn="ISBN83763550019---11">
    <Authors>
      <Author>
        <Name>Fred</Name>
        <Email>fweasley@hogwarts.co.uk</Email>
      </Author>
      <Author>
        <Name>George</Name>
        <Email>gweasley@hogwarts.co.uk</Email>
      </Author>
    </Authors>
    <name>Book1</name>
  </book>
  <book year="2014" isbn="ISBN83763550019---11">
    <Authors>
      <Author>
        <Name>Fred</Name>
        <Email>fweasley@hogwarts.co.uk</Email>
      </Author>
      <Author>
        <Name>George</Name>
        <Email>gweasley@hogwarts.co.uk</Email>
      </Author>
    </Authors>
    <name>Book2</name>
  </book>
  <book year="2014" isbn="ISBN83763550019---11">
    <Authors>
      <Author>
        <Name>Fred</Name>
        <Email>fweasley@hogwarts.co.uk</Email>
      </Author>
      <Author>
        <Name>George</Name>
        <Email>gweasley@hogwarts.co.uk</Email>
      </Author>
    </Authors>
    <name>Book1</name>
  </book>
  <book year="2014" isbn="ISBN83763550019---11">
    <Authors>
      <Author>
        <Name>Fred</Name>
        <Email>fweasley@hogwarts.co.uk</Email>
      </Author>
      <Author>
        <Name>George</Name>
        <Email>gweasley@hogwarts.co.uk</Email>
      </Author>
    </Authors>
    <name>Book2</name>
  </book>
  <book year="2014" isbn="ISBN83763550019---11">
    <Authors>
      <Author>
        <Name>Fred</Name>
        <Email>fweasley@hogwarts.co.uk</Email>
      </Author>
      <Author>
        <Name>George</Name>
        <Email>gweasley@hogwarts.co.uk</Email>
      </Author>
    </Authors>
    <name>Book1</name>
  </book>
  <book year="2014" isbn="ISBN83763550019---11">
    <Authors>
      <Author>
        <Name>Fred</Name>
        <Email>fweasley@hogwarts.co.uk</Email>
      </Author>
      <Author>
        <Name>George</Name>
        <Email>gweasley@hogwarts.co.uk</Email>
      </Author>
    </Authors>
    <name>Book2</name>
  </book>
  <book year="2014" isbn="ISBN83763550019---11">
    <Authors>
      <Author>
        <Name>Fred</Name>
        <Email>fweasley@hogwarts.co.uk</Email>
      </Author>
      <Author>
        <Name>George</Name>
        <Email>gweasley@hogwarts.co.uk</Email>
      </Author>
    </Authors>
    <name>Book1</name>
  </book>
  <book year="2014" isbn="ISBN83763550019---11">
    <Authors>
      <Author>
        <Name>Fred</Name>
        <Email>fweasley@hogwarts.co.uk</Email>
      </Author>
      <Author>
        <Name>George</Name>
        <Email>gweasley@hogwarts.co.uk</Email>
      </Author>
    </Authors>
    <name>Book2</name>
  </book>
  <book year="2014" isbn="ISBN83763550019---11">
    <Authors>
      <Author>
        <Name>Fred</Name>
        <Email>fweasley@hogwarts.co.uk</Email>
      </Author>
      <Author>
        <Name>George</Name>
        <Email>gweasley@hogwarts.co.uk</Email>
      </Author>
    </Authors>
    <name>Book1</name>
  </book>
  <book year="2014" isbn="ISBN83763550019---11">
    <Authors>
      <Author>
        <Name>Fred</Name>
        <Email>fweasley@hogwarts.co.uk</Email>
      </Author>
      <Author>
        <Name>George</Name>
        <Email>gweasley@hogwarts.co.uk</Email>
      </Author>
    </Authors>
    <name>Book2</name>
  </book>
  <book year="2014" isbn="ISBN83763550019---11">
    <Authors>
      <Author>
        <Name>Fred</Name>
        <Email>fweasley@hogwarts.co.uk</Email>
      </Author>
      <Author>
        <Name>George</Name>
        <Email>gweasley@hogwarts.co.uk</Email>
      </Author>
    </Authors>
    <name>Book1</name>
  </book>
  <book year="2014" isbn="ISBN83763550019---11">
    <Authors>
      <Author>
        <Name>Fred</Name>
        <Email>fweasley@hogwarts.co.uk</Email>
      </Author>
      <Author>
        <Name>George</Name>
        <Email>gweasley@hogwarts.co.uk</Email>
      </Author>
    </Authors>
    <name>Book2</name>
  </book>
  <book year="2014" isbn="ISBN83763550019---11">
    <Authors>
      <Author>
        <Name>Fred</Name>
        <Email>fweasley@hogwarts.co.uk</Email>
      </Author>
      <Author>
        <Name>George</Name>
        <Email>gweasley@hogwarts.co.uk</Email>
      </Author>
    </Authors>
    <name>Book1</name>
  </book>
  <book year="2014" isbn="ISBN83763550019---11">
    <Authors>
      <Author>
        <Name>Fred</Name>
        <Email>fweasley@hogwarts.co.uk</Email>
      </Author>
      <Author>
        <Name>George</Name>
        <Email>gweasley@hogwarts.co.uk</Email>
      </Author>
    </Authors>
    <name>Book2</name>
  </book>
  <book year="2014" isbn="ISBN83763550019---11">
    <Authors>
      <Author>
        <Name>Fred</Name>
        <Email>fweasley@hogwarts.co.uk</Email>
      </Author>
      <Author>
        <Name>George</Name>
        <Email>gweasley@hogwarts.co.uk</Email>
      </Author>
    </Authors>
    <name>Book1</name>
  </book>
  <book year="2014" isbn="ISBN83763550019---11">
    <Authors>
      <Author>
        <Name>Fred</Name>
        <Email>fweasley@hogwarts.co.uk</Email>
      </Author>
      <Author>
        <Name>George</Name>
        <Email>gweasley@hogwarts.co.uk</Email>
      </Author>
    </Authors>
    <name>Book2</name>
  </book>
  <book year="2014" isbn="ISBN83763550019---11">
    <Authors>
      <Author>
        <Name>Fred</Name>
        <Email>fweasley@hogwarts.co.uk</Email>
      </Author>
      <Author>
        <Name>George</Name>
        <Email>gweasley@hogwarts.co.uk</Email>
      </Author>
    </Authors>
    <name>Book1</name>
  </book>
  <book year="2014" isbn="ISBN83763550019---11">
    <Authors>
      <Author>
        <Name>Fred</Name>
        <Email>fweasley@hogwarts.co.uk</Email>
      </Author>
      <Author>
        <Name>George</Name>
        <Email>gweasley@hogwarts.co.uk</Email>
      </Author>
    </Authors>
    <name>Book2</name>
  </book>
  <book year="2014" isbn="ISBN83763550019---11">
    <Authors>
      <Author>
        <Name>Fred</Name>
        <Email>fweasley@hogwarts.co.uk</Email>
      </Author>
      <Author>
        <Name>George</Name>
        <Email>gweasley@hogwarts.co.uk</Email>
      </Author>
    </Authors>
    <name>Book1</name>
  </book>
  <book year="2014" isbn="ISBN83763550019---11">
    <Authors>
      <Author>
        <Name>Fred</Name>
        <Email>fweasley@hogwarts.co.uk</Email>
      </Author>
      <Author>
        <Name>George</Name>
        <Email>gweasley@hogwarts.co.uk</Email>
      </Author>
    </Authors>
    <name>Book2</name>
  </book>
  <book year="2014" isbn="ISBN83763550019---11">
    <Authors>
      <Author>
        <Name>Fred</Name>
        <Email>fweasley@hogwarts.co.uk</Email>
      </Author>
      <Author>
        <Name>George</Name>
        <Email>gweasley@hogwarts.co.uk</Email>
      </Author>
    </Authors>
    <name>Book1</name>
  </book>
  <book year="2014" isbn="ISBN83763550019---11">
    <Authors>
      <Author>
        <Name>Fred</Name>
        <Email>fweasley@hogwarts.co.uk</Email>
      </Author>
      <Author>
        <Name>George</Name>
        <Email>gweasley@hogwarts.co.uk</Email>
      </Author>
    </Authors>
    <name>Book2</name>
  </book>
  <book year="2014" isbn="ISBN83763550019---11">
    <Authors>
      <Author>
        <Name>Fred</Name>
        <Email>fweasley@hogwarts.co.uk</Email>
      </Author>
      <Author>
        <Name>George</Name>
        <Email>gweasley@hogwarts.co.uk</Email>
      </Author>
    </Authors>
    <name>Book1</name>
  </book>
  <book year="2014" isbn="ISBN83763550019---11">
    <Authors>
      <Author>
        <Name>Fred</Name>
        <Email>fweasley@hogwarts.co.uk</Email>
      </Author>
      <Author>
        <Name>George</Name>
        <Email>gweasley@hogwarts.co.uk</Email>
      </Author>
    </Authors>
    <name>Book2</name>
  </book>
  <book year="2014" isbn="ISBN83763550019---11">
    <Authors>
      <Author>
        <Name>Fred</Name>
        <Email>fweasley@hogwarts.co.uk</Email>
      </Author>
      <Author>
        <Name>George</Name>
        <Email>gweasley@hogwarts.co.uk</Email>
      </Author>
    </Authors>
    <name>Book1</name>
  </book>
  <book year="2014" isbn="ISBN83763550019---11">
    <Authors>
      <Author>
        <Name>Fred</Name>
        <Email>fweasley@hogwarts.co.uk</Email>
      </Author>
      <Author>
        <Name>George</Name>
        <Email>gweasley@hogwarts.co.uk</Email>
      </Author>
    </Authors>
    <name>Book2</name>
  </book>
  <book year="2014" isbn="ISBN83763550019---11">
    <Authors>
      <Author>
        <Name>Fred</Name>
        <Email>fweasley@hogwarts.co.uk</Email>
      </Author>
      <Author>
        <Name>George</Name>
        <Email>gweasley@hogwarts.co.uk</Email>
      </Author>
    </Authors>
    <name>Book1</name>
  </book>
  <book year="2014" isbn="ISBN83763550019---11">
    <Authors>
      <Author>
        <Name>Fred</Name>
        <Email>fweasley@hogwarts.co.uk</Email>
      </Author>
      <Author>
        <Name>George</Name>
        <Email>gweasley@hogwarts.co.uk</Email>
      </Author>
    </Authors>
    <name>Book2</name>
  </book>
  <book year="2014" isbn="ISBN83763550019---11">
    <Authors>
      <Author>
        <Name>Fred</Name>
        <Email>fweasley@hogwarts.co.uk</Email>
      </Author>
      <Author>
        <Name>George</Name>
        <Email>gweasley@hogwarts.co.uk</Email>
      </Author>
    </Authors>
    <name>Book1</name>
  </book>
  <book year="2014" isbn="ISBN83763550019---11">
    <Authors>
      <Author>
        <Name>Fred</Name>
        <Email>fweasley@hogwarts.co.uk</Email>
      </Author>
      <Author>
        <Name>George</Name>
        <Email>gweasley@hogwarts.co.uk</Email>
      </Author>
    </Authors>
    <name>Book2</name>
  </book>
  <book year="2014" isbn="ISBN83763550019---11">
    <Authors>
      <Author>
        <Name>Fred</Name>
        <Email>fweasley@hogwarts.co.uk</Email>
      </Author>
      <Author>
        <Name>George</Name>
        <Email>gweasley@hogwarts.co.uk</Email>
      </Author>
    </Authors>
    <name>Book1</name>
  </book>
  <book year="2014" isbn="ISBN83763550019---11">
    <Authors>
      <Author>
        <Name>Fred</Name>
        <Email>fweasley@hogwarts.co.uk</Email>
      </Author>
      <Author>
        <Name>George</Name>
        <Email>gweasley@hogwarts.co.uk</Email>
      </Author>
    </Authors>
    <name>Book2</name>
  </book>
  <book year="2014" isbn="ISBN83763550019---11">
    <Authors>
      <Author>
        <Name>Fred</Name>
        <Email>fweasley@hogwarts.co.uk</Email>
      </Author>
      <Author>
        <Name>George</Name>
        <Email>gweasley@hogwarts.co.uk</Email>
      </Author>
    </Authors>
    <name>Book1</name>
  </book>
  <book year="2014" isbn="ISBN83763550019---11">
    <Authors>
      <Author>
        <Name>Fred</Name>
        <Email>fweasley@hogwarts.co.uk</Email>
      </Author>
      <Author>
        <Name>George</Name>
        <Email>gweasley@hogwarts.co.uk</Email>
      </Author>
    </Authors>
    <name>Book2</name>
  </book>
  <book year="2014" isbn="ISBN83763550019---11">
    <Authors>
      <Author>
        <Name>Fred</Name>
        <Email>fweasley@hogwarts.co.uk</Email>
      </Author>
      <Author>
        <Name>George</Name>
        <Email>gweasley@hogwarts.co.uk</Email>
      </Author>
    </Authors>
    <name>Book1</name>
  </book>
  <book year="2014" isbn="ISBN83763550019---11">
    <Authors>
      <Author>
        <Name>Fred</Name>
        <Email>fweasley@hogwarts.co.uk</Email>
      </Author>
      <Author>
        <Name>George</Name>
        <Email>gweasley@hogwarts.co.uk</Email>
      </Author>
    </Authors>
    <name>Book2</name>
  </book>
  <book year="2014" isbn="ISBN83763550019---11">
    <Authors>
      <Author>
        <Name>Fred</Name>
        <Email>fweasley@hogwarts.co.uk</Email>
      </Author>
      <Author>
        <Name>George</Name>
        <Email>gweasley@hogwarts.co.uk</Email>
      </Author>
    </Authors>
    <name>Book1</name>
  </book>
  <book year="2014" isbn="ISBN83763550019---11">
    <Authors>
      <Author>
        <Name>Fred</Name>
        <Email>fweasley@hogwarts.co.uk</Email>
      </Author>
      <Author>
        <Name>George</Name>
        <Email>gweasley@hogwarts.co.uk</Email>
      </Author>
    </Authors>
    <name>Book2</name>
  </book>
  <book year="2014" isbn="ISBN83763550019---11">
    <Authors>
      <Author>
        <Name>Fred</Name>
        <Email>fweasley@hogwarts.co.uk</Email>
      </Author>
      <Author>
        <Name>George</Name>
        <Email>gweasley@hogwarts.co.uk</Email>
      </Author>
    </Authors>
    <name>Book1</name>
  </book>
  <book year="2014" isbn="ISBN83763550019---11">
    <Authors>
      <Author>
        <Name>Fred</Name>
        <Email>fweasley@hogwarts.co.uk</Email>
      </Author>
      <Author>
        <Name>George</Name>
        <Email>gweasley@hogwarts.co.uk</Email>
      </Author>
    </Authors>
    <name>Book2</name>
  </book>
  <book year="2014" isbn="ISBN83763550019---11">
    <Authors>
      <Author>
        <Name>Fred</Name>
        <Email>fweasley@hogwarts.co.uk</Email>
      </Author>
      <Author>
        <Name>George</Name>
        <Email>gweasley@hogwarts.co.uk</Email>
      </Author>
    </Authors>
    <name>Book1</name>
  </book>
  <book year="2014" isbn="ISBN83763550019---11">
    <Authors>
      <Author>
        <Name>Fred</Name>
        <Email>fweasley@hogwarts.co.uk</Email>
      </Author>
      <Author>
        <Name>George</Name>
        <Email>gweasley@hogwarts.co.uk</Email>
      </Author>
    </Authors>
    <name>Book2</name>
  </book>
  <book year="2014" isbn="ISBN83763550019---11">
    <Authors>
      <Author>
        <Name>Fred</Name>
        <Email>fweasley@hogwarts.co.uk</Email>
      </Author>
      <Author>
        <Name>George</Name>
        <Email>gweasley@hogwarts.co.uk</Email>
      </Author>
    </Authors>
    <name>Book1</name>
  </book>
  <book year="2014" isbn="ISBN83763550019---11">
    <Authors>
      <Author>
        <Name>Fred</Name>
        <Email>fweasley@hogwarts.co.uk</Email>
      </Author>
      <Author>
        <Name>George</Name>
        <Email>gweasley@hogwarts.co.uk</Email>
      </Author>
    </Authors>
    <name>Book2</name>
  </book>
  <book year="2014" isbn="ISBN83763550019---11">
    <Authors>
      <Author>
        <Name>Fred</Name>
        <Email>fweasley@hogwarts.co.uk</Email>
      </Author>
      <Author>
        <Name>George</Name>
        <Email>gweasley@hogwarts.co.uk</Email>
      </Author>
    </Authors>
    <name>Book1</name>
  </book>
  <book year="2014" isbn="ISBN83763550019---11">
    <Authors>
      <Author>
        <Name>Fred</Name>
        <Email>fweasley@hogwarts.co.uk</Email>
      </Author>
      <Author>
        <Name>George</Name>
        <Email>gweasley@hogwarts.co.uk</Email>
      </Author>
    </Authors>
    <name>Book2</name>
  </book>
  <book year="2014" isbn="ISBN83763550019---11">
    <Authors>
      <Author>
        <Name>Fred</Name>
        <Email>fweasley@hogwarts.co.uk</Email>
      </Author>
      <Author>
        <Name>George</Name>
        <Email>gweasley@hogwarts.co.uk</Email>
      </Author>
    </Authors>
    <name>Book1</name>
  </book>
  <book year="2014" isbn="ISBN83763550019---11">
    <Authors>
      <Author>
        <Name>Fred</Name>
        <Email>fweasley@hogwarts.co.uk</Email>
      </Author>
      <Author>
        <Name>George</Name>
        <Email>gweasley@hogwarts.co.uk</Email>
      </Author>
    </Authors>
    <name>Book2</name>
  </book>
  <book year="2014" isbn="ISBN83763550019---11">
    <Authors>
      <Author>
        <Name>Fred</Name>
        <Email>fweasley@hogwarts.co.uk</Email>
      </Author>
      <Author>
        <Name>George</Name>
        <Email>gweasley@hogwarts.co.uk</Email>
      </Author>
    </Authors>
    <name>Book1</name>
  </book>
  <book year="2014" isbn="ISBN83763550019---11">
    <Authors>
      <Author>
        <Name>Fred</Name>
        <Email>fweasley@hogwarts.co.uk</Email>
      </Author>
      <Author>
        <Name>George</Name>
        <Email>gweasley@hogwarts.co.uk</Email>
      </Author>
    </Authors>
    <name>Book2</name>
  </book>
  <book year="2014" isbn="ISBN83763550019---11">
    <Authors>
      <Author>
        <Name>Fred</Name>
        <Email>fweasley@hogwarts.co.uk</Email>
      </Author>
      <Author>
        <Name>George</Name>
        <Email>gweasley@hogwarts.co.uk</Email>
      </Author>
    </Authors>
    <name>Book1</name>
  </book>
  <book year="2014" isbn="ISBN83763550019---11">
    <Authors>
      <Author>
        <Name>Fred</Name>
        <Email>fweasley@hogwarts.co.uk</Email>
      </Author>
      <Author>
        <Name>George</Name>
        <Email>gweasley@hogwarts.co.uk</Email>
      </Author>
    </Authors>
    <name>Book2</name>
  </book>
  <book year="2014" isbn="ISBN83763550019---11">
    <Authors>
      <Author>
        <Name>Fred</Name>
        <Email>fweasley@hogwarts.co.uk</Email>
      </Author>
      <Author>
        <Name>George</Name>
        <Email>gweasley@hogwarts.co.uk</Email>
      </Author>
    </Authors>
    <name>Book1</name>
  </book>
  <book year="2014" isbn="ISBN83763550019---11">
    <Authors>
      <Author>
        <Name>Fred</Name>
        <Email>fweasley@hogwarts.co.uk</Email>
      </Author>
      <Author>
        <Name>George</Name>
        <Email>gweasley@hogwarts.co.uk</Email>
      </Author>
    </Authors>
    <name>Book2</name>
  </book>
  <book year="2014" isbn="ISBN83763550019---11">
    <Authors>
      <Author>
        <Name>Fred</Name>
        <Email>fweasley@hogwarts.co.uk</Email>
      </Author>
      <Author>
        <Name>George</Name>
        <Email>gweasley@hogwarts.co.uk</Email>
      </Author>
    </Authors>
    <name>Book1</name>
  </book>
  <book year="2014" isbn="ISBN83763550019---11">
    <Authors>
      <Author>
        <Name>Fred</Name>
        <Email>fweasley@hogwarts.co.uk</Email>
      </Author>
      <Author>
        <Name>George</Name>
        <Email>gweasley@hogwarts.co.uk</Email>
      </Author>
    </Authors>
    <name>Book2</name>
  </book>
  <book year="2014" isbn="ISBN83763550019---11">
    <Authors>
      <Author>
        <Name>Fred</Name>
        <Email>fweasley@hogwarts.co.uk</Email>
      </Author>
      <Author>
        <Name>George</Name>
        <Email>gweasley@hogwarts.co.uk</Email>
      </Author>
    </Authors>
    <name>Book1</name>
  </book>
  <book year="2014" isbn="ISBN83763550019---11">
    <Authors>
      <Author>
        <Name>Fred</Name>
        <Email>fweasley@hogwarts.co.uk</Email>
      </Author>
      <Author>
        <Name>George</Name>
        <Email>gweasley@hogwarts.co.uk</Email>
      </Author>
    </Authors>
    <name>Book2</name>
  </book>
  <book year="2014" isbn="ISBN83763550019---11">
    <Authors>
      <Author>
        <Name>Fred</Name>
        <Email>fweasley@hogwarts.co.uk</Email>
      </Author>
      <Author>
        <Name>George</Name>
        <Email>gweasley@hogwarts.co.uk</Email>
      </Author>
    </Authors>
    <name>Book1</name>
  </book>
  <book year="2014" isbn="ISBN83763550019---11">
    <Authors>
      <Author>
        <Name>Fred</Name>
        <Email>fweasley@hogwarts.co.uk</Email>
      </Author>
      <Author>
        <Name>George</Name>
        <Email>gweasley@hogwarts.co.uk</Email>
      </Author>
    </Authors>
    <name>Book2</name>
  </book>
  <book year="2014" isbn="ISBN83763550019---11">
    <Authors>
      <Author>
        <Name>Fred</Name>
        <Email>fweasley@hogwarts.co.uk</Email>
      </Author>
      <Author>
        <Name>George</Name>
        <Email>gweasley@hogwarts.co.uk</Email>
      </Author>
    </Authors>
    <name>Book1</name>
  </book>
  <book year="2014" isbn="ISBN83763550019---11">
    <Authors>
      <Author>
        <Name>Fred</Name>
        <Email>fweasley@hogwarts.co.uk</Email>
      </Author>
      <Author>
        <Name>George</Name>
        <Email>gweasley@hogwarts.co.uk</Email>
      </Author>
    </Authors>
    <name>Book2</name>
  </book>
  <book year="2014" isbn="ISBN83763550019---11">
    <Authors>
      <Author>
        <Name>Fred</Name>
        <Email>fweasley@hogwarts.co.uk</Email>
      </Author>
      <Author>
        <Name>George</Name>
        <Email>gweasley@hogwarts.co.uk</Email>
      </Author>
    </Authors>
    <name>Book1</name>
  </book>
  <book year="2014" isbn="ISBN83763550019---11">
    <Authors>
      <Author>
        <Name>Fred</Name>
        <Email>fweasley@hogwarts.co.uk</Email>
      </Author>
      <Author>
        <Name>George</Name>
        <Email>gweasley@hogwarts.co.uk</Email>
      </Author>
    </Authors>
    <name>Book2</name>
  </book>
  <book year="2014" isbn="ISBN83763550019---11">
    <Authors>
      <Author>
        <Name>Fred</Name>
        <Email>fweasley@hogwarts.co.uk</Email>
      </Author>
      <Author>
        <Name>George</Name>
        <Email>gweasley@hogwarts.co.uk</Email>
      </Author>
    </Authors>
    <name>Book1</name>
  </book>
  <book year="2014" isbn="ISBN83763550019---11">
    <Authors>
      <Author>
        <Name>Fred</Name>
        <Email>fweasley@hogwarts.co.uk</Email>
      </Author>
      <Author>
        <Name>George</Name>
        <Email>gweasley@hogwarts.co.uk</Email>
      </Author>
    </Authors>
    <name>Book2</name>
  </book>
  <book year="2014" isbn="ISBN83763550019---11">
    <Authors>
      <Author>
        <Name>Fred</Name>
        <Email>fweasley@hogwarts.co.uk</Email>
      </Author>
      <Author>
        <Name>George</Name>
        <Email>gweasley@hogwarts.co.uk</Email>
      </Author>
    </Authors>
    <name>Book1</name>
  </book>
  <book year="2014" isbn="ISBN83763550019---11">
    <Authors>
      <Author>
        <Name>Fred</Name>
        <Email>fweasley@hogwarts.co.uk</Email>
      </Author>
      <Author>
        <Name>George</Name>
        <Email>gweasley@hogwarts.co.uk</Email>
      </Author>
    </Authors>
    <name>Book2</name>
  </book>
  <book year="2014" isbn="ISBN83763550019---11">
    <Authors>
      <Author>
        <Name>Fred</Name>
        <Email>fweasley@hogwarts.co.uk</Email>
      </Author>
      <Author>
        <Name>George</Name>
        <Email>gweasley@hogwarts.co.uk</Email>
      </Author>
    </Authors>
    <name>Book1</name>
  </book>
  <book year="2014" isbn="ISBN83763550019---11">
    <Authors>
      <Author>
        <Name>Fred</Name>
        <Email>fweasley@hogwarts.co.uk</Email>
      </Author>
      <Author>
        <Name>George</Name>
        <Email>gweasley@hogwarts.co.uk</Email>
      </Author>
    </Authors>
    <name>Book2</name>
  </book>
  <book year="2014" isbn="ISBN83763550019---11">
    <Authors>
      <Author>
        <Name>Fred</Name>
        <Email>fweasley@hogwarts.co.uk</Email>
      </Author>
      <Author>
        <Name>George</Name>
        <Email>gweasley@hogwarts.co.uk</Email>
      </Author>
    </Authors>
    <name>Book1</name>
  </book>
  <book year="2014" isbn="ISBN83763550019---11">
    <Authors>
      <Author>
        <Name>Fred</Name>
        <Email>fweasley@hogwarts.co.uk</Email>
      </Author>
      <Author>
        <Name>George</Name>
        <Email>gweasley@hogwarts.co.uk</Email>
      </Author>
    </Authors>
    <name>Book2</name>
  </book>
  <book year="2014" isbn="ISBN83763550019---11">
    <Authors>
      <Author>
        <Name>Fred</Name>
        <Email>fweasley@hogwarts.co.uk</Email>
      </Author>
      <Author>
        <Name>George</Name>
        <Email>gweasley@hogwarts.co.uk</Email>
      </Author>
    </Authors>
    <name>Book1</name>
  </book>
  <book year="2014" isbn="ISBN83763550019---11">
    <Authors>
      <Author>
        <Name>Fred</Name>
        <Email>fweasley@hogwarts.co.uk</Email>
      </Author>
      <Author>
        <Name>George</Name>
        <Email>gweasley@hogwarts.co.uk</Email>
      </Author>
    </Authors>
    <name>Book2</name>
  </book>
  <book year="2014" isbn="ISBN83763550019---11">
    <Authors>
      <Author>
        <Name>Fred</Name>
        <Email>fweasley@hogwarts.co.uk</Email>
      </Author>
      <Author>
        <Name>George</Name>
        <Email>gweasley@hogwarts.co.uk</Email>
      </Author>
    </Authors>
    <name>Book1</name>
  </book>
  <book year="2014" isbn="ISBN83763550019---11">
    <Authors>
      <Author>
        <Name>Fred</Name>
        <Email>fweasley@hogwarts.co.uk</Email>
      </Author>
      <Author>
        <Name>George</Name>
        <Email>gweasley@hogwarts.co.uk</Email>
      </Author>
    </Authors>
    <name>Book2</name>
  </book>
  <book year="2014" isbn="ISBN83763550019---11">
    <Authors>
      <Author>
        <Name>Fred</Name>
        <Email>fweasley@hogwarts.co.uk</Email>
      </Author>
      <Author>
        <Name>George</Name>
        <Email>gweasley@hogwarts.co.uk</Email>
      </Author>
    </Authors>
    <name>Book1</name>
  </book>
  <book year="2014" isbn="ISBN83763550019---11">
    <Authors>
      <Author>
        <Name>Fred</Name>
        <Email>fweasley@hogwarts.co.uk</Email>
      </Author>
      <Author>
        <Name>George</Name>
        <Email>gweasley@hogwarts.co.uk</Email>
      </Author>
    </Authors>
    <name>Book2</name>
  </book>
  <book year="2014" isbn="ISBN83763550019---11">
    <Authors>
      <Author>
        <Name>Fred</Name>
        <Email>fweasley@hogwarts.co.uk</Email>
      </Author>
      <Author>
        <Name>George</Name>
        <Email>gweasley@hogwarts.co.uk</Email>
      </Author>
    </Authors>
    <name>Book1</name>
  </book>
  <book year="2014" isbn="ISBN83763550019---11">
    <Authors>
      <Author>
        <Name>Fred</Name>
        <Email>fweasley@hogwarts.co.uk</Email>
      </Author>
      <Author>
        <Name>George</Name>
        <Email>gweasley@hogwarts.co.uk</Email>
      </Author>
    </Authors>
    <name>Book2</name>
  </book>
  <book year="2014" isbn="ISBN83763550019---11">
    <Authors>
      <Author>
        <Name>Fred</Name>
        <Email>fweasley@hogwarts.co.uk</Email>
      </Author>
      <Author>
        <Name>George</Name>
        <Email>gweasley@hogwarts.co.uk</Email>
      </Author>
    </Authors>
    <name>Book1</name>
  </book>
  <book year="2014" isbn="ISBN83763550019---11">
    <Authors>
      <Author>
        <Name>Fred</Name>
        <Email>fweasley@hogwarts.co.uk</Email>
      </Author>
      <Author>
        <Name>George</Name>
        <Email>gweasley@hogwarts.co.uk</Email>
      </Author>
    </Authors>
    <name>Book2</name>
  </book>
  <book year="2014" isbn="ISBN83763550019---11">
    <Authors>
      <Author>
        <Name>Fred</Name>
        <Email>fweasley@hogwarts.co.uk</Email>
      </Author>
      <Author>
        <Name>George</Name>
        <Email>gweasley@hogwarts.co.uk</Email>
      </Author>
    </Authors>
    <name>Book1</name>
  </book>
  <book year="2014" isbn="ISBN83763550019---11">
    <Authors>
      <Author>
        <Name>Fred</Name>
        <Email>fweasley@hogwarts.co.uk</Email>
      </Author>
      <Author>
        <Name>George</Name>
        <Email>gweasley@hogwarts.co.uk</Email>
      </Author>
    </Authors>
    <name>Book2</name>
  </book>
  <book year="2014" isbn="ISBN83763550019---11">
    <Authors>
      <Author>
        <Name>Fred</Name>
        <Email>fweasley@hogwarts.co.uk</Email>
      </Author>
      <Author>
        <Name>George</Name>
        <Email>gweasley@hogwarts.co.uk</Email>
      </Author>
    </Authors>
    <name>Book1</name>
  </book>
  <book year="2014" isbn="ISBN83763550019---11">
    <Authors>
      <Author>
        <Name>Fred</Name>
        <Email>fweasley@hogwarts.co.uk</Email>
      </Author>
      <Author>
        <Name>George</Name>
        <Email>gweasley@hogwarts.co.uk</Email>
      </Author>
    </Authors>
    <name>Book2</name>
  </book>
  <book year="2014" isbn="ISBN83763550019---11">
    <Authors>
      <Author>
        <Name>Fred</Name>
        <Email>fweasley@hogwarts.co.uk</Email>
      </Author>
      <Author>
        <Name>George</Name>
        <Email>gweasley@hogwarts.co.uk</Email>
      </Author>
    </Authors>
    <name>Book1</name>
  </book>
  <book year="2014" isbn="ISBN83763550019---11">
    <Authors>
      <Author>
        <Name>Fred</Name>
        <Email>fweasley@hogwarts.co.uk</Email>
      </Author>
      <Author>
        <Name>George</Name>
        <Email>gweasley@hogwarts.co.uk</Email>
      </Author>
    </Authors>
    <name>Book2</name>
  </book>
  <book year="2014" isbn="ISBN83763550019---11">
    <Authors>
      <Author>
        <Name>Fred</Name>
        <Email>fweasley@hogwarts.co.uk</Email>
      </Author>
      <Author>
        <Name>George</Name>
        <Email>gweasley@hogwarts.co.uk</Email>
      </Author>
    </Authors>
    <name>Book1</name>
  </book>
  <book year="2014" isbn="ISBN83763550019---11">
    <Authors>
      <Author>
        <Name>Fred</Name>
        <Email>fweasley@hogwarts.co.uk</Email>
      </Author>
      <Author>
        <Name>George</Name>
        <Email>gweasley@hogwarts.co.uk</Email>
      </Author>
    </Authors>
    <name>Book2</name>
  </book>
  <book year="2014" isbn="ISBN83763550019---11">
    <Authors>
      <Author>
        <Name>Fred</Name>
        <Email>fweasley@hogwarts.co.uk</Email>
      </Author>
      <Author>
        <Name>George</Name>
        <Email>gweasley@hogwarts.co.uk</Email>
      </Author>
    </Authors>
    <name>Book1</name>
  </book>
  <book year="2014" isbn="ISBN83763550019---11">
    <Authors>
      <Author>
        <Name>Fred</Name>
        <Email>fweasley@hogwarts.co.uk</Email>
      </Author>
      <Author>
        <Name>George</Name>
        <Email>gweasley@hogwarts.co.uk</Email>
      </Author>
    </Authors>
    <name>Book2</name>
  </book>
  <book year="2014" isbn="ISBN83763550019---11">
    <Authors>
      <Author>
        <Name>Fred</Name>
        <Email>fweasley@hogwarts.co.uk</Email>
      </Author>
      <Author>
        <Name>George</Name>
        <Email>gweasley@hogwarts.co.uk</Email>
      </Author>
    </Authors>
    <name>Book1</name>
  </book>
  <book year="2014" isbn="ISBN83763550019---11">
    <Authors>
      <Author>
        <Name>Fred</Name>
        <Email>fweasley@hogwarts.co.uk</Email>
      </Author>
      <Author>
        <Name>George</Name>
        <Email>gweasley@hogwarts.co.uk</Email>
      </Author>
    </Authors>
    <name>Book2</name>
  </book>
  <book year="2014" isbn="ISBN83763550019---11">
    <Authors>
      <Author>
        <Name>Fred</Name>
        <Email>fweasley@hogwarts.co.uk</Email>
      </Author>
      <Author>
        <Name>George</Name>
        <Email>gweasley@hogwarts.co.uk</Email>
      </Author>
    </Authors>
    <name>Book1</name>
  </book>
  <book year="2014" isbn="ISBN83763550019---11">
    <Authors>
      <Author>
        <Name>Fred</Name>
        <Email>fweasley@hogwarts.co.uk</Email>
      </Author>
      <Author>
        <Name>George</Name>
        <Email>gweasley@hogwarts.co.uk</Email>
      </Author>
    </Authors>
    <name>Book2</name>
  </book>
  <book year="2014" isbn="ISBN83763550019---11">
    <Authors>
      <Author>
        <Name>Fred</Name>
        <Email>fweasley@hogwarts.co.uk</Email>
      </Author>
      <Author>
        <Name>George</Name>
        <Email>gweasley@hogwarts.co.uk</Email>
      </Author>
    </Authors>
    <name>Book1</name>
  </book>
  <book year="2014" isbn="ISBN83763550019---11">
    <Authors>
      <Author>
        <Name>Fred</Name>
        <Email>fweasley@hogwarts.co.uk</Email>
      </Author>
      <Author>
        <Name>George</Name>
        <Email>gweasley@hogwarts.co.uk</Email>
      </Author>
    </Authors>
    <name>Book2</name>
  </book>
  <book year="2014" isbn="ISBN83763550019---11">
    <Authors>
      <Author>
        <Name>Fred</Name>
        <Email>fweasley@hogwarts.co.uk</Email>
      </Author>
      <Author>
        <Name>George</Name>
        <Email>gweasley@hogwarts.co.uk</Email>
      </Author>
    </Authors>
    <name>Book1</name>
  </book>
  <book year="2014" isbn="ISBN83763550019---11">
    <Authors>
      <Author>
        <Name>Fred</Name>
        <Email>fweasley@hogwarts.co.uk</Email>
      </Author>
      <Author>
        <Name>George</Name>
        <Email>gweasley@hogwarts.co.uk</Email>
      </Author>
    </Authors>
    <name>Book2</name>
  </book>
  <book year="2014" isbn="ISBN83763550019---11">
    <Authors>
      <Author>
        <Name>Fred</Name>
        <Email>fweasley@hogwarts.co.uk</Email>
      </Author>
      <Author>
        <Name>George</Name>
        <Email>gweasley@hogwarts.co.uk</Email>
      </Author>
    </Authors>
    <name>Book1</name>
  </book>
  <book year="2014" isbn="ISBN83763550019---11">
    <Authors>
      <Author>
        <Name>Fred</Name>
        <Email>fweasley@hogwarts.co.uk</Email>
      </Author>
      <Author>
        <Name>George</Name>
        <Email>gweasley@hogwarts.co.uk</Email>
      </Author>
    </Authors>
    <name>Book2</name>
  </book>
  <book year="2014" isbn="ISBN83763550019---11">
    <Authors>
      <Author>
        <Name>Fred</Name>
        <Email>fweasley@hogwarts.co.uk</Email>
      </Author>
      <Author>
        <Name>George</Name>
        <Email>gweasley@hogwarts.co.uk</Email>
      </Author>
    </Authors>
    <name>Book1</name>
  </book>
  <book year="2014" isbn="ISBN83763550019---11">
    <Authors>
      <Author>
        <Name>Fred</Name>
        <Email>fweasley@hogwarts.co.uk</Email>
      </Author>
      <Author>
        <Name>George</Name>
        <Email>gweasley@hogwarts.co.uk</Email>
      </Author>
    </Authors>
    <name>Book2</name>
  </book>
  <book year="2014" isbn="ISBN83763550019---11">
    <Authors>
      <Author>
        <Name>Fred</Name>
        <Email>fweasley@hogwarts.co.uk</Email>
      </Author>
      <Author>
        <Name>George</Name>
        <Email>gweasley@hogwarts.co.uk</Email>
      </Author>
    </Authors>
    <name>Book1</name>
  </book>
  <book year="2014" isbn="ISBN83763550019---11">
    <Authors>
      <Author>
        <Name>Fred</Name>
        <Email>fweasley@hogwarts.co.uk</Email>
      </Author>
      <Author>
        <Name>George</Name>
        <Email>gweasley@hogwarts.co.uk</Email>
      </Author>
    </Authors>
    <name>Book2</name>
  </book>
  <book year="2014" isbn="ISBN83763550019---11">
    <Authors>
      <Author>
        <Name>Fred</Name>
        <Email>fweasley@hogwarts.co.uk</Email>
      </Author>
      <Author>
        <Name>George</Name>
        <Email>gweasley@hogwarts.co.uk</Email>
      </Author>
    </Authors>
    <name>Book1</name>
  </book>
  <book year="2014" isbn="ISBN83763550019---11">
    <Authors>
      <Author>
        <Name>Fred</Name>
        <Email>fweasley@hogwarts.co.uk</Email>
      </Author>
      <Author>
        <Name>George</Name>
        <Email>gweasley@hogwarts.co.uk</Email>
      </Author>
    </Authors>
    <name>Book2</name>
  </book>
  <book year="2014" isbn="ISBN83763550019---11">
    <Authors>
      <Author>
        <Name>Fred</Name>
        <Email>fweasley@hogwarts.co.uk</Email>
      </Author>
      <Author>
        <Name>George</Name>
        <Email>gweasley@hogwarts.co.uk</Email>
      </Author>
    </Authors>
    <name>Book1</name>
  </book>
  <book year="2014" isbn="ISBN83763550019---11">
    <Authors>
      <Author>
        <Name>Fred</Name>
        <Email>fweasley@hogwarts.co.uk</Email>
      </Author>
      <Author>
        <Name>George</Name>
        <Email>gweasley@hogwarts.co.uk</Email>
      </Author>
    </Authors>
    <name>Book2</name>
  </book>
  <book year="2014" isbn="ISBN83763550019---11">
    <Authors>
      <Author>
        <Name>Fred</Name>
        <Email>fweasley@hogwarts.co.uk</Email>
      </Author>
      <Author>
        <Name>George</Name>
        <Email>gweasley@hogwarts.co.uk</Email>
      </Author>
    </Authors>
    <name>Book1</name>
  </book>
  <book year="2014" isbn="ISBN83763550019---11">
    <Authors>
      <Author>
        <Name>Fred</Name>
        <Email>fweasley@hogwarts.co.uk</Email>
      </Author>
      <Author>
        <Name>George</Name>
        <Email>gweasley@hogwarts.co.uk</Email>
      </Author>
    </Authors>
    <name>Book2</name>
  </book>
  <book year="2014" isbn="ISBN83763550019---11">
    <Authors>
      <Author>
        <Name>Fred</Name>
        <Email>fweasley@hogwarts.co.uk</Email>
      </Author>
      <Author>
        <Name>George</Name>
        <Email>gweasley@hogwarts.co.uk</Email>
      </Author>
    </Authors>
    <name>Book1</name>
  </book>
  <book year="2014" isbn="ISBN83763550019---11">
    <Authors>
      <Author>
        <Name>Fred</Name>
        <Email>fweasley@hogwarts.co.uk</Email>
      </Author>
      <Author>
        <Name>George</Name>
        <Email>gweasley@hogwarts.co.uk</Email>
      </Author>
    </Authors>
    <name>Book2</name>
  </book>
  <book year="2014" isbn="ISBN83763550019---11">
    <Authors>
      <Author>
        <Name>Fred</Name>
        <Email>fweasley@hogwarts.co.uk</Email>
      </Author>
      <Author>
        <Name>George</Name>
        <Email>gweasley@hogwarts.co.uk</Email>
      </Author>
    </Authors>
    <name>Book1</name>
  </book>
  <book year="2014" isbn="ISBN83763550019---11">
    <Authors>
      <Author>
        <Name>Fred</Name>
        <Email>fweasley@hogwarts.co.uk</Email>
      </Author>
      <Author>
        <Name>George</Name>
        <Email>gweasley@hogwarts.co.uk</Email>
      </Author>
    </Authors>
    <name>Book2</name>
  </book>
  <book year="2014" isbn="ISBN83763550019---11">
    <Authors>
      <Author>
        <Name>Fred</Name>
        <Email>fweasley@hogwarts.co.uk</Email>
      </Author>
      <Author>
        <Name>George</Name>
        <Email>gweasley@hogwarts.co.uk</Email>
      </Author>
    </Authors>
    <name>Book1</name>
  </book>
  <book year="2014" isbn="ISBN83763550019---11">
    <Authors>
      <Author>
        <Name>Fred</Name>
        <Email>fweasley@hogwarts.co.uk</Email>
      </Author>
      <Author>
        <Name>George</Name>
        <Email>gweasley@hogwarts.co.uk</Email>
      </Author>
    </Authors>
    <name>Book2</name>
  </book>
  <book year="2014" isbn="ISBN83763550019---11">
    <Authors>
      <Author>
        <Name>Fred</Name>
        <Email>fweasley@hogwarts.co.uk</Email>
      </Author>
      <Author>
        <Name>George</Name>
        <Email>gweasley@hogwarts.co.uk</Email>
      </Author>
    </Authors>
    <name>Book1</name>
  </book>
  <book year="2014" isbn="ISBN83763550019---11">
    <Authors>
      <Author>
        <Name>Fred</Name>
        <Email>fweasley@hogwarts.co.uk</Email>
      </Author>
      <Author>
        <Name>George</Name>
        <Email>gweasley@hogwarts.co.uk</Email>
      </Author>
    </Authors>
    <name>Book2</name>
  </book>
  <book>
    <Authors>
      <Author>
        <Name>Fred</Name>
        <Email>fweasley@hogwarts.co.uk</Email>
      </Author>
      <Author>
        <Name>George</Name>
        <Email>gweasley@hogwarts.co.uk</Email>
      </Author>
    </Authors>
    <name>Book1</name>
  </book>
  <book>
    <Authors>
      <Author>
        <Name>Fred</Name>
        <Email>fweasley@hogwarts.co.uk</Email>
      </Author>
      <Author>
        <Name>George</Name>
        <Email>gweasley@hogwarts.co.uk</Email>
      </Author>
    </Authors>
    <name>Book1</name>
  </book>
  <book>
    <Authors>
      <Author>
        <Name>Fred</Name>
        <Email>fweasley@hogwarts.co.uk</Email>
      </Author>
      <Author>
        <Name>George</Name>
        <Email>gweasley@hogwarts.co.uk</Email>
      </Author>
    </Authors>
    <name>Book1</name>
  </book>
  <book>
    <Authors>
      <Author>
        <Name>Fred</Name>
        <Email>fweasley@hogwarts.co.uk</Email>
      </Author>
      <Author>
        <Name>George</Name>
        <Email>gweasley@hogwarts.co.uk</Email>
      </Author>
    </Authors>
    <name>Book1</name>
  </book>
  <book>
    <Authors>
      <Author>
        <Name>Fred</Name>
        <Email>fweasley@hogwarts.co.uk</Email>
      </Author>
      <Author>
        <Name>George</Name>
        <Email>gweasley@hogwarts.co.uk</Email>
      </Author>
    </Authors>
    <name>Book1</name>
  </book>
  <book>
    <Authors>
      <Author>
        <Name>Fred</Name>
        <Email>fweasley@hogwarts.co.uk</Email>
      </Author>
      <Author>
        <Name>George</Name>
        <Email>gweasley@hogwarts.co.uk</Email>
      </Author>
    </Authors>
    <name>Book1</name>
  </book>
  <book>
    <Authors>
      <Author>
        <Name>Fred</Name>
        <Email>fweasley@hogwarts.co.uk</Email>
      </Author>
      <Author>
        <Name>George</Name>
        <Email>gweasley@hogwarts.co.uk</Email>
      </Author>
    </Authors>
    <name>Book1</name>
  </book>
  <book>
    <Authors>
      <Author>
        <Name>Fred</Name>
        <Email>fweasley@hogwarts.co.uk</Email>
      </Author>
      <Author>
        <Name>George</Name>
        <Email>gweasley@hogwarts.co.uk</Email>
      </Author>
    </Authors>
    <name>Book1</name>
  </book>
  <book>
    <Authors>
      <Author>
        <Name>Fred</Name>
        <Email>fweasley@hogwarts.co.uk</Email>
      </Author>
      <Author>
        <Name>George</Name>
        <Email>gweasley@hogwarts.co.uk</Email>
      </Author>
    </Authors>
    <name>Book1</name>
  </book>
  <book>
    <Authors>
      <Author>
        <Name>Fred</Name>
        <Email>fweasley@hogwarts.co.uk</Email>
      </Author>
      <Author>
        <Name>George</Name>
        <Email>gweasley@hogwarts.co.uk</Email>
      </Author>
    </Authors>
    <name>Book1</name>
  </book>
  <book>
    <Authors>
      <Author>
        <Name>Fred</Name>
        <Email>fweasley@hogwarts.co.uk</Email>
      </Author>
      <Author>
        <Name>George</Name>
        <Email>gweasley@hogwarts.co.uk</Email>
      </Author>
    </Authors>
    <name>Book1</name>
  </book>
  <book>
    <Authors>
      <Author>
        <Name>Fred</Name>
        <Email>fweasley@hogwarts.co.uk</Email>
      </Author>
      <Author>
        <Name>George</Name>
        <Email>gweasley@hogwarts.co.uk</Email>
      </Author>
    </Authors>
    <name>Book1</name>
  </book>
  <book>
    <Authors>
      <Author>
        <Name>Fred</Name>
        <Email>fweasley@hogwarts.co.uk</Email>
      </Author>
      <Author>
        <Name>George</Name>
        <Email>gweasley@hogwarts.co.uk</Email>
      </Author>
    </Authors>
    <name>Book1</name>
  </book>
  <book>
    <Authors>
      <Author>
        <Name>Fred</Name>
        <Email>fweasley@hogwarts.co.uk</Email>
      </Author>
      <Author>
        <Name>George</Name>
        <Email>gweasley@hogwarts.co.uk</Email>
      </Author>
    </Authors>
    <name>Book1</name>
  </book>
  <book>
    <Authors>
      <Author>
        <Name>Fred</Name>
        <Email>fweasley@hogwarts.co.uk</Email>
      </Author>
      <Author>
        <Name>George</Name>
        <Email>gweasley@hogwarts.co.uk</Email>
      </Author>
    </Authors>
    <name>Book1</name>
  </book>
  <book>
    <Authors>
      <Author>
        <Name>Fred</Name>
        <Email>fweasley@hogwarts.co.uk</Email>
      </Author>
      <Author>
        <Name>George</Name>
        <Email>gweasley@hogwarts.co.uk</Email>
      </Author>
    </Authors>
    <name>Book1</name>
  </book>
  <book>
    <Authors>
      <Author>
        <Name>Fred</Name>
        <Email>fweasley@hogwarts.co.uk</Email>
      </Author>
      <Author>
        <Name>George</Name>
        <Email>gweasley@hogwarts.co.uk</Email>
      </Author>
    </Authors>
    <name>Book1</name>
  </book>
  <book>
    <Authors>
      <Author>
        <Name>Fred</Name>
        <Email>fweasley@hogwarts.co.uk</Email>
      </Author>
      <Author>
        <Name>George</Name>
        <Email>gweasley@hogwarts.co.uk</Email>
      </Author>
    </Authors>
    <name>Book1</name>
  </book>
  <book>
    <Authors>
      <Author>
        <Name>Fred</Name>
        <Email>fweasley@hogwarts.co.uk</Email>
      </Author>
      <Author>
        <Name>George</Name>
        <Email>gweasley@hogwarts.co.uk</Email>
      </Author>
    </Authors>
    <name>Book1</name>
  </book>
  <book>
    <Authors>
      <Author>
        <Name>Fred</Name>
        <Email>fweasley@hogwarts.co.uk</Email>
      </Author>
      <Author>
        <Name>George</Name>
        <Email>gweasley@hogwarts.co.uk</Email>
      </Author>
    </Authors>
    <name>Book1</name>
  </book>
  <book>
    <Authors>
      <Author>
        <Name>Fred</Name>
        <Email>fweasley@hogwarts.co.uk</Email>
      </Author>
      <Author>
        <Name>George</Name>
        <Email>gweasley@hogwarts.co.uk</Email>
      </Author>
    </Authors>
    <name>Book1</name>
  </book>
  <book>
    <Authors>
      <Author>
        <Name>Fred</Name>
        <Email>fweasley@hogwarts.co.uk</Email>
      </Author>
      <Author>
        <Name>George</Name>
        <Email>gweasley@hogwarts.co.uk</Email>
      </Author>
    </Authors>
    <name>Book1</name>
  </book>
  <book>
    <Authors>
      <Author>
        <Name>Fred</Name>
        <Email>fweasley@hogwarts.co.uk</Email>
      </Author>
      <Author>
        <Name>George</Name>
        <Email>gweasley@hogwarts.co.uk</Email>
      </Author>
    </Authors>
    <name>Book1</name>
  </book>
  <book>
    <Authors>
      <Author>
        <Name>Fred</Name>
        <Email>fweasley@hogwarts.co.uk</Email>
      </Author>
      <Author>
        <Name>George</Name>
        <Email>gweasley@hogwarts.co.uk</Email>
      </Author>
    </Authors>
    <name>Book1</name>
  </book>
  <book>
    <Authors>
      <Author>
        <Name>Fred</Name>
        <Email>fweasley@hogwarts.co.uk</Email>
      </Author>
      <Author>
        <Name>George</Name>
        <Email>gweasley@hogwarts.co.uk</Email>
      </Author>
    </Authors>
    <name>Book1</name>
  </book>
  <book>
    <Authors>
      <Author>
        <Name>Fred</Name>
        <Email>fweasley@hogwarts.co.uk</Email>
      </Author>
      <Author>
        <Name>George</Name>
        <Email>gweasley@hogwarts.co.uk</Email>
      </Author>
    </Authors>
    <name>Book1</name>
  </book>
  <book>
    <Authors>
      <Author>
        <Name>Fred</Name>
        <Email>fweasley@hogwarts.co.uk</Email>
      </Author>
      <Author>
        <Name>George</Name>
        <Email>gweasley@hogwarts.co.uk</Email>
      </Author>
    </Authors>
    <name>Book1</name>
  </book>
  <book>
    <Authors>
      <Author>
        <Name>Fred</Name>
        <Email>fweasley@hogwarts.co.uk</Email>
      </Author>
      <Author>
        <Name>George</Name>
        <Email>gweasley@hogwarts.co.uk</Email>
      </Author>
    </Authors>
    <name>Book1</name>
  </book>
  <book>
    <Authors>
      <Author>
        <Name>Fred</Name>
        <Email>fweasley@hogwarts.co.uk</Email>
      </Author>
      <Author>
        <Name>George</Name>
        <Email>gweasley@hogwarts.co.uk</Email>
      </Author>
    </Authors>
    <name>Book1</name>
  </book>
  <book>
    <Authors>
      <Author>
        <Name>Fred</Name>
        <Email>fweasley@hogwarts.co.uk</Email>
      </Author>
      <Author>
        <Name>George</Name>
        <Email>gweasley@hogwarts.co.uk</Email>
      </Author>
    </Authors>
    <name>Book1</name>
  </book>
  <book>
    <Authors>
      <Author>
        <Name>Fred</Name>
        <Email>fweasley@hogwarts.co.uk</Email>
      </Author>
      <Author>
        <Name>George</Name>
        <Email>gweasley@hogwarts.co.uk</Email>
      </Author>
    </Authors>
    <name>Book1</name>
  </book>
  <book>
    <Authors>
      <Author>
        <Name>Fred</Name>
        <Email>fweasley@hogwarts.co.uk</Email>
      </Author>
      <Author>
        <Name>George</Name>
        <Email>gweasley@hogwarts.co.uk</Email>
      </Author>
    </Authors>
    <name>Book1</name>
  </book>
  <book>
    <Authors>
      <Author>
        <Name>Fred</Name>
        <Email>fweasley@hogwarts.co.uk</Email>
      </Author>
      <Author>
        <Name>George</Name>
        <Email>gweasley@hogwarts.co.uk</Email>
      </Author>
    </Authors>
    <name>Book1</name>
  </book>
  <book>
    <Authors>
      <Author>
        <Name>Fred</Name>
        <Email>fweasley@hogwarts.co.uk</Email>
      </Author>
      <Author>
        <Name>George</Name>
        <Email>gweasley@hogwarts.co.uk</Email>
      </Author>
    </Authors>
    <name>Book1</name>
  </book>
  <book>
    <Authors>
      <Author>
        <Name>Fred</Name>
        <Email>fweasley@hogwarts.co.uk</Email>
      </Author>
      <Author>
        <Name>George</Name>
        <Email>gweasley@hogwarts.co.uk</Email>
      </Author>
    </Authors>
    <name>Book1</name>
  </book>
  <book>
    <Authors>
      <Author>
        <Name>Fred</Name>
        <Email>fweasley@hogwarts.co.uk</Email>
      </Author>
      <Author>
        <Name>George</Name>
        <Email>gweasley@hogwarts.co.uk</Email>
      </Author>
    </Authors>
    <name>Book1</name>
  </book>
  <book>
    <Authors>
      <Author>
        <Name>Fred</Name>
        <Email>fweasley@hogwarts.co.uk</Email>
      </Author>
      <Author>
        <Name>George</Name>
        <Email>gweasley@hogwarts.co.uk</Email>
      </Author>
    </Authors>
    <name>Book1</name>
  </book>
  <book>
    <Authors>
      <Author>
        <Name>Fred</Name>
        <Email>fweasley@hogwarts.co.uk</Email>
      </Author>
      <Author>
        <Name>George</Name>
        <Email>gweasley@hogwarts.co.uk</Email>
      </Author>
    </Authors>
    <name>Book1</name>
  </book>
  <book>
    <Authors>
      <Author>
        <Name>Fred</Name>
        <Email>fweasley@hogwarts.co.uk</Email>
      </Author>
      <Author>
        <Name>George</Name>
        <Email>gweasley@hogwarts.co.uk</Email>
      </Author>
    </Authors>
    <name>Book1</name>
  </book>
  <book>
    <Authors>
      <Author>
        <Name>Fred</Name>
        <Email>fweasley@hogwarts.co.uk</Email>
      </Author>
      <Author>
        <Name>George</Name>
        <Email>gweasley@hogwarts.co.uk</Email>
      </Author>
    </Authors>
    <name>Book1</name>
  </book>
  <book>
    <Authors>
      <Author>
        <Name>Fred</Name>
        <Email>fweasley@hogwarts.co.uk</Email>
      </Author>
      <Author>
        <Name>George</Name>
        <Email>gweasley@hogwarts.co.uk</Email>
      </Author>
    </Authors>
    <name>Book1</name>
  </book>
  <book>
    <Authors>
      <Author>
        <Name>Fred</Name>
        <Email>fweasley@hogwarts.co.uk</Email>
      </Author>
      <Author>
        <Name>George</Name>
        <Email>gweasley@hogwarts.co.uk</Email>
      </Author>
    </Authors>
    <name>Book1</name>
  </book>
  <book>
    <Authors>
      <Author>
        <Name>Fred</Name>
        <Email>fweasley@hogwarts.co.uk</Email>
      </Author>
      <Author>
        <Name>George</Name>
        <Email>gweasley@hogwarts.co.uk</Email>
      </Author>
    </Authors>
    <name>Book1</name>
  </book>
  <book>
    <Authors>
      <Author>
        <Name>Fred</Name>
        <Email>fweasley@hogwarts.co.uk</Email>
      </Author>
      <Author>
        <Name>George</Name>
        <Email>gweasley@hogwarts.co.uk</Email>
      </Author>
    </Authors>
    <name>Book1</name>
  </book>
  <book>
    <Authors>
      <Author>
        <Name>Fred</Name>
        <Email>fweasley@hogwarts.co.uk</Email>
      </Author>
      <Author>
        <Name>George</Name>
        <Email>gweasley@hogwarts.co.uk</Email>
      </Author>
    </Authors>
    <name>Book1</name>
  </book>
  <book>
    <Authors>
      <Author>
        <Name>Fred</Name>
        <Email>fweasley@hogwarts.co.uk</Email>
      </Author>
      <Author>
        <Name>George</Name>
        <Email>gweasley@hogwarts.co.uk</Email>
      </Author>
    </Authors>
    <name>Book1</name>
  </book>
  <book>
    <Authors>
      <Author>
        <Name>Fred</Name>
        <Email>fweasley@hogwarts.co.uk</Email>
      </Author>
      <Author>
        <Name>George</Name>
        <Email>gweasley@hogwarts.co.uk</Email>
      </Author>
    </Authors>
    <name>Book1</name>
  </book>
  <book>
    <Authors>
      <Author>
        <Name>Fred</Name>
        <Email>fweasley@hogwarts.co.uk</Email>
      </Author>
      <Author>
        <Name>George</Name>
        <Email>gweasley@hogwarts.co.uk</Email>
      </Author>
    </Authors>
    <name>Book1</name>
  </book>
  <book>
    <Authors>
      <Author>
        <Name>Fred</Name>
        <Email>fweasley@hogwarts.co.uk</Email>
      </Author>
      <Author>
        <Name>George</Name>
        <Email>gweasley@hogwarts.co.uk</Email>
      </Author>
    </Authors>
    <name>Book1</name>
  </book>
  <book>
    <Authors>
      <Author>
        <Name>Fred</Name>
        <Email>fweasley@hogwarts.co.uk</Email>
      </Author>
      <Author>
        <Name>George</Name>
        <Email>gweasley@hogwarts.co.uk</Email>
      </Author>
    </Authors>
    <name>Book1</name>
  </book>
  <book>
    <Authors>
      <Author>
        <Name>Fred</Name>
        <Email>fweasley@hogwarts.co.uk</Email>
      </Author>
      <Author>
        <Name>George</Name>
        <Email>gweasley@hogwarts.co.uk</Email>
      </Author>
    </Authors>
    <name>Book1</name>
  </book>
  <book>
    <Authors>
      <Author>
        <Name>Fred</Name>
        <Email>fweasley@hogwarts.co.uk</Email>
      </Author>
      <Author>
        <Name>George</Name>
        <Email>gweasley@hogwarts.co.uk</Email>
      </Author>
    </Authors>
    <name>Book1</name>
  </book>
  <book>
    <Authors>
      <Author>
        <Name>Fred</Name>
        <Email>fweasley@hogwarts.co.uk</Email>
      </Author>
      <Author>
        <Name>George</Name>
        <Email>gweasley@hogwarts.co.uk</Email>
      </Author>
    </Authors>
    <name>Book1</name>
  </book>
  <book>
    <Authors>
      <Author>
        <Name>Fred</Name>
        <Email>fweasley@hogwarts.co.uk</Email>
      </Author>
      <Author>
        <Name>George</Name>
        <Email>gweasley@hogwarts.co.uk</Email>
      </Author>
    </Authors>
    <name>Book1</name>
  </book>
  <book>
    <Authors>
      <Author>
        <Name>Fred</Name>
        <Email>fweasley@hogwarts.co.uk</Email>
      </Author>
      <Author>
        <Name>George</Name>
        <Email>gweasley@hogwarts.co.uk</Email>
      </Author>
    </Authors>
    <name>Book1</name>
  </book>
  <book>
    <Authors>
      <Author>
        <Name>Fred</Name>
        <Email>fweasley@hogwarts.co.uk</Email>
      </Author>
      <Author>
        <Name>George</Name>
        <Email>gweasley@hogwarts.co.uk</Email>
      </Author>
    </Authors>
    <name>Book1</name>
  </book>
  <book>
    <Authors>
      <Author>
        <Name>Fred</Name>
        <Email>fweasley@hogwarts.co.uk</Email>
      </Author>
      <Author>
        <Name>George</Name>
        <Email>gweasley@hogwarts.co.uk</Email>
      </Author>
    </Authors>
    <name>Book1</name>
  </book>
  <book>
    <Authors>
      <Author>
        <Name>Fred</Name>
        <Email>fweasley@hogwarts.co.uk</Email>
      </Author>
      <Author>
        <Name>George</Name>
        <Email>gweasley@hogwarts.co.uk</Email>
      </Author>
    </Authors>
    <name>Book1</name>
  </book>
  <book>
    <Authors>
      <Author>
        <Name>Fred</Name>
        <Email>fweasley@hogwarts.co.uk</Email>
      </Author>
      <Author>
        <Name>George</Name>
        <Email>gweasley@hogwarts.co.uk</Email>
      </Author>
    </Authors>
    <name>Book1</name>
  </book>
  <book>
    <Authors>
      <Author>
        <Name>Fred</Name>
        <Email>fweasley@hogwarts.co.uk</Email>
      </Author>
      <Author>
        <Name>George</Name>
        <Email>gweasley@hogwarts.co.uk</Email>
      </Author>
    </Authors>
    <name>Book1</name>
  </book>
  <book>
    <Authors>
      <Author>
        <Name>Fred</Name>
        <Email>fweasley@hogwarts.co.uk</Email>
      </Author>
      <Author>
        <Name>George</Name>
        <Email>gweasley@hogwarts.co.uk</Email>
      </Author>
    </Authors>
    <name>Book1</name>
  </book>
  <book>
    <Authors>
      <Author>
        <Name>Fred</Name>
        <Email>fweasley@hogwarts.co.uk</Email>
      </Author>
      <Author>
        <Name>George</Name>
        <Email>gweasley@hogwarts.co.uk</Email>
      </Author>
    </Authors>
    <name>Book1</name>
  </book>
  <book>
    <Authors>
      <Author>
        <Name>Fred</Name>
        <Email>fweasley@hogwarts.co.uk</Email>
      </Author>
      <Author>
        <Name>George</Name>
        <Email>gweasley@hogwarts.co.uk</Email>
      </Author>
    </Authors>
    <name>Book1</name>
  </book>
  <book>
    <Authors>
      <Author>
        <Name>Fred</Name>
        <Email>fweasley@hogwarts.co.uk</Email>
      </Author>
      <Author>
        <Name>George</Name>
        <Email>gweasley@hogwarts.co.uk</Email>
      </Author>
    </Authors>
    <name>Book1</name>
  </book>
  <book>
    <Authors>
      <Author>
        <Name>Fred</Name>
        <Email>fweasley@hogwarts.co.uk</Email>
      </Author>
      <Author>
        <Name>George</Name>
        <Email>gweasley@hogwarts.co.uk</Email>
      </Author>
    </Authors>
    <name>Book1</name>
  </book>
  <book>
    <Authors>
      <Author>
        <Name>Fred</Name>
        <Email>fweasley@hogwarts.co.uk</Email>
      </Author>
      <Author>
        <Name>George</Name>
        <Email>gweasley@hogwarts.co.uk</Email>
      </Author>
    </Authors>
    <name>Book1</name>
  </book>
  <book>
    <Authors>
      <Author>
        <Name>Fred</Name>
        <Email>fweasley@hogwarts.co.uk</Email>
      </Author>
      <Author>
        <Name>George</Name>
        <Email>gweasley@hogwarts.co.uk</Email>
      </Author>
    </Authors>
    <name>Book1</name>
  </book>
  <book>
    <Authors>
      <Author>
        <Name>Fred</Name>
        <Email>fweasley@hogwarts.co.uk</Email>
      </Author>
      <Author>
        <Name>George</Name>
        <Email>gweasley@hogwarts.co.uk</Email>
      </Author>
    </Authors>
    <name>Book1</name>
  </book>
  <book>
    <Authors>
      <Author>
        <Name>Fred</Name>
        <Email>fweasley@hogwarts.co.uk</Email>
      </Author>
      <Author>
        <Name>George</Name>
        <Email>gweasley@hogwarts.co.uk</Email>
      </Author>
    </Authors>
    <name>Book1</name>
  </book>
  <book>
    <Authors>
      <Author>
        <Name>Fred</Name>
        <Email>fweasley@hogwarts.co.uk</Email>
      </Author>
      <Author>
        <Name>George</Name>
        <Email>gweasley@hogwarts.co.uk</Email>
      </Author>
    </Authors>
    <name>Book1</name>
  </book>
  <book>
    <Authors>
      <Author>
        <Name>Fred</Name>
        <Email>fweasley@hogwarts.co.uk</Email>
      </Author>
      <Author>
        <Name>George</Name>
        <Email>gweasley@hogwarts.co.uk</Email>
      </Author>
    </Authors>
    <name>Book1</name>
  </book>
  <book>
    <Authors>
      <Author>
        <Name>Fred</Name>
        <Email>fweasley@hogwarts.co.uk</Email>
      </Author>
      <Author>
        <Name>George</Name>
        <Email>gweasley@hogwarts.co.uk</Email>
      </Author>
    </Authors>
    <name>Book1</name>
  </book>
  <book>
    <Authors>
      <Author>
        <Name>Fred</Name>
        <Email>fweasley@hogwarts.co.uk</Email>
      </Author>
      <Author>
        <Name>George</Name>
        <Email>gweasley@hogwarts.co.uk</Email>
      </Author>
    </Authors>
    <name>Book1</name>
  </book>
  <book>
    <Authors>
      <Author>
        <Name>Fred</Name>
        <Email>fweasley@hogwarts.co.uk</Email>
      </Author>
      <Author>
        <Name>George</Name>
        <Email>gweasley@hogwarts.co.uk</Email>
      </Author>
    </Authors>
    <name>Book1</name>
  </book>
  <book>
    <Authors>
      <Author>
        <Name>Fred</Name>
        <Email>fweasley@hogwarts.co.uk</Email>
      </Author>
      <Author>
        <Name>George</Name>
        <Email>gweasley@hogwarts.co.uk</Email>
      </Author>
    </Authors>
    <name>Book1</name>
  </book>
  <book>
    <Authors>
      <Author>
        <Name>Fred</Name>
        <Email>fweasley@hogwarts.co.uk</Email>
      </Author>
      <Author>
        <Name>George</Name>
        <Email>gweasley@hogwarts.co.uk</Email>
      </Author>
    </Authors>
    <name>Book1</name>
  </book>
  <book>
    <Authors>
      <Author>
        <Name>Fred</Name>
        <Email>fweasley@hogwarts.co.uk</Email>
      </Author>
      <Author>
        <Name>George</Name>
        <Email>gweasley@hogwarts.co.uk</Email>
      </Author>
    </Authors>
    <name>Book1</name>
  </book>
  <book>
    <Authors>
      <Author>
        <Name>Fred</Name>
        <Email>fweasley@hogwarts.co.uk</Email>
      </Author>
      <Author>
        <Name>George</Name>
        <Email>gweasley@hogwarts.co.uk</Email>
      </Author>
    </Authors>
    <name>Book1</name>
  </book>
  <book>
    <Authors>
      <Author>
        <Name>Fred</Name>
        <Email>fweasley@hogwarts.co.uk</Email>
      </Author>
      <Author>
        <Name>George</Name>
        <Email>gweasley@hogwarts.co.uk</Email>
      </Author>
    </Authors>
    <name>Book1</name>
  </book>
  <book>
    <Authors>
      <Author>
        <Name>Fred</Name>
        <Email>fweasley@hogwarts.co.uk</Email>
      </Author>
      <Author>
        <Name>George</Name>
        <Email>gweasley@hogwarts.co.uk</Email>
      </Author>
    </Authors>
    <name>Book1</name>
  </book>
  <book>
    <Authors>
      <Author>
        <Name>Fred</Name>
        <Email>fweasley@hogwarts.co.uk</Email>
      </Author>
      <Author>
        <Name>George</Name>
        <Email>gweasley@hogwarts.co.uk</Email>
      </Author>
    </Authors>
    <name>Book1</name>
  </book>
  <book>
    <Authors>
      <Author>
        <Name>Fred</Name>
        <Email>fweasley@hogwarts.co.uk</Email>
      </Author>
      <Author>
        <Name>George</Name>
        <Email>gweasley@hogwarts.co.uk</Email>
      </Author>
    </Authors>
    <name>Book1</name>
  </book>
  <book>
    <Authors>
      <Author>
        <Name>Fred</Name>
        <Email>fweasley@hogwarts.co.uk</Email>
      </Author>
      <Author>
        <Name>George</Name>
        <Email>gweasley@hogwarts.co.uk</Email>
      </Author>
    </Authors>
    <name>Book1</name>
  </book>
  <book>
    <Authors>
      <Author>
        <Name>Fred</Name>
        <Email>fweasley@hogwarts.co.uk</Email>
      </Author>
      <Author>
        <Name>George</Name>
        <Email>gweasley@hogwarts.co.uk</Email>
      </Author>
    </Authors>
    <name>Book1</name>
  </book>
  <book>
    <Authors>
      <Author>
        <Name>Fred</Name>
        <Email>fweasley@hogwarts.co.uk</Email>
      </Author>
      <Author>
        <Name>George</Name>
        <Email>gweasley@hogwarts.co.uk</Email>
      </Author>
    </Authors>
    <name>Book1</name>
  </book>
  <book>
    <Authors>
      <Author>
        <Name>Fred</Name>
        <Email>fweasley@hogwarts.co.uk</Email>
      </Author>
      <Author>
        <Name>George</Name>
        <Email>gweasley@hogwarts.co.uk</Email>
      </Author>
    </Authors>
    <name>Book1</name>
  </book>
  <book>
    <Authors>
      <Author>
        <Name>Fred</Name>
        <Email>fweasley@hogwarts.co.uk</Email>
      </Author>
      <Author>
        <Name>George</Name>
        <Email>gweasley@hogwarts.co.uk</Email>
      </Author>
    </Authors>
    <name>Book1</name>
  </book>
  <book>
    <Authors>
      <Author>
        <Name>Fred</Name>
        <Email>fweasley@hogwarts.co.uk</Email>
      </Author>
      <Author>
        <Name>George</Name>
        <Email>gweasley@hogwarts.co.uk</Email>
      </Author>
    </Authors>
    <name>Book1</name>
  </book>
  <book>
    <Authors>
      <Author>
        <Name>Fred</Name>
        <Email>fweasley@hogwarts.co.uk</Email>
      </Author>
      <Author>
        <Name>George</Name>
        <Email>gweasley@hogwarts.co.uk</Email>
      </Author>
    </Authors>
    <name>Book1</name>
  </book>
  <book>
    <Authors>
      <Author>
        <Name>Fred</Name>
        <Email>fweasley@hogwarts.co.uk</Email>
      </Author>
      <Author>
        <Name>George</Name>
        <Email>gweasley@hogwarts.co.uk</Email>
      </Author>
    </Authors>
    <name>Book1</name>
  </book>
  <book>
    <Authors>
      <Author>
        <Name>Fred</Name>
        <Email>fweasley@hogwarts.co.uk</Email>
      </Author>
      <Author>
        <Name>George</Name>
        <Email>gweasley@hogwarts.co.uk</Email>
      </Author>
    </Authors>
    <name>Book1</name>
  </book>
  <book>
    <Authors>
      <Author>
        <Name>Fred</Name>
        <Email>fweasley@hogwarts.co.uk</Email>
      </Author>
      <Author>
        <Name>George</Name>
        <Email>gweasley@hogwarts.co.uk</Email>
      </Author>
    </Authors>
    <name>Book1</name>
  </book>
  <book>
    <Authors>
      <Author>
        <Name>Fred</Name>
        <Email>fweasley@hogwarts.co.uk</Email>
      </Author>
      <Author>
        <Name>George</Name>
        <Email>gweasley@hogwarts.co.uk</Email>
      </Author>
    </Authors>
    <name>Book1</name>
  </book>
  <book>
    <Authors>
      <Author>
        <Name>Fred</Name>
        <Email>fweasley@hogwarts.co.uk</Email>
      </Author>
      <Author>
        <Name>George</Name>
        <Email>gweasley@hogwarts.co.uk</Email>
      </Author>
    </Authors>
    <name>Book1</name>
  </book>
  <book>
    <Authors>
      <Author>
        <Name>Fred</Name>
        <Email>fweasley@hogwarts.co.uk</Email>
      </Author>
      <Author>
        <Name>George</Name>
        <Email>gweasley@hogwarts.co.uk</Email>
      </Author>
    </Authors>
    <name>Book1</name>
  </book>
  <book>
    <Authors>
      <Author>
        <Name>Fred</Name>
        <Email>fweasley@hogwarts.co.uk</Email>
      </Author>
      <Author>
        <Name>George</Name>
        <Email>gweasley@hogwarts.co.uk</Email>
      </Author>
    </Authors>
    <name>Book1</name>
  </book>
  <book>
    <Authors>
      <Author>
        <Name>Fred</Name>
        <Email>fweasley@hogwarts.co.uk</Email>
      </Author>
      <Author>
        <Name>George</Name>
        <Email>gweasley@hogwarts.co.uk</Email>
      </Author>
    </Authors>
    <name>Book1</name>
  </book>
  <book>
    <Authors>
      <Author>
        <Name>Fred</Name>
        <Email>fweasley@hogwarts.co.uk</Email>
      </Author>
      <Author>
        <Name>George</Name>
        <Email>gweasley@hogwarts.co.uk</Email>
      </Author>
    </Authors>
    <name>Book1</name>
  </book>
  <book>
    <Authors>
      <Author>
        <Name>Fred</Name>
        <Email>fweasley@hogwarts.co.uk</Email>
      </Author>
      <Author>
        <Name>George</Name>
        <Email>gweasley@hogwarts.co.uk</Email>
      </Author>
    </Authors>
    <name>Book1</name>
  </book>
  <book>
    <Authors>
      <Author>
        <Name>Fred</Name>
        <Email>fweasley@hogwarts.co.uk</Email>
      </Author>
      <Author>
        <Name>George</Name>
        <Email>gweasley@hogwarts.co.uk</Email>
      </Author>
    </Authors>
    <name>Book1</name>
  </book>
  <book>
    <Authors>
      <Author>
        <Name>Fred</Name>
        <Email>fweasley@hogwarts.co.uk</Email>
      </Author>
      <Author>
        <Name>George</Name>
        <Email>gweasley@hogwarts.co.uk</Email>
      </Author>
    </Authors>
    <name>Book1</name>
  </book>
  <book>
    <Authors>
      <Author>
        <Name>Fred</Name>
        <Email>fweasley@hogwarts.co.uk</Email>
      </Author>
      <Author>
        <Name>George</Name>
        <Email>gweasley@hogwarts.co.uk</Email>
      </Author>
    </Authors>
    <name>Book1</name>
  </book>
  <book>
    <Authors>
      <Author>
        <Name>Fred</Name>
        <Email>fweasley@hogwarts.co.uk</Email>
      </Author>
      <Author>
        <Name>George</Name>
        <Email>gweasley@hogwarts.co.uk</Email>
      </Author>
    </Authors>
    <name>Book1</name>
  </book>
  <book>
    <Authors>
      <Author>
        <Name>Fred</Name>
        <Email>fweasley@hogwarts.co.uk</Email>
      </Author>
      <Author>
        <Name>George</Name>
        <Email>gweasley@hogwarts.co.uk</Email>
      </Author>
    </Authors>
    <name>Book1</name>
  </book>
  <book>
    <Authors>
      <Author>
        <Name>Fred</Name>
        <Email>fweasley@hogwarts.co.uk</Email>
      </Author>
      <Author>
        <Name>George</Name>
        <Email>gweasley@hogwarts.co.uk</Email>
      </Author>
    </Authors>
    <name>Book1</name>
  </book>
  <book>
    <Authors>
      <Author>
        <Name>Fred</Name>
        <Email>fweasley@hogwarts.co.uk</Email>
      </Author>
      <Author>
        <Name>George</Name>
        <Email>gweasley@hogwarts.co.uk</Email>
      </Author>
    </Authors>
    <name>Book1</name>
  </book>
  <book>
    <Authors>
      <Author>
        <Name>Fred</Name>
        <Email>fweasley@hogwarts.co.uk</Email>
      </Author>
      <Author>
        <Name>George</Name>
        <Email>gweasley@hogwarts.co.uk</Email>
      </Author>
    </Authors>
    <name>Book1</name>
  </book>
  <book>
    <Authors>
      <Author>
        <Name>Fred</Name>
        <Email>fweasley@hogwarts.co.uk</Email>
      </Author>
      <Author>
        <Name>George</Name>
        <Email>gweasley@hogwarts.co.uk</Email>
      </Author>
    </Authors>
    <name>Book1</name>
  </book>
  <book>
    <Authors>
      <Author>
        <Name>Fred</Name>
        <Email>fweasley@hogwarts.co.uk</Email>
      </Author>
      <Author>
        <Name>George</Name>
        <Email>gweasley@hogwarts.co.uk</Email>
      </Author>
    </Authors>
    <name>Book1</name>
  </book>
  <book>
    <Authors>
      <Author>
        <Name>Fred</Name>
        <Email>fweasley@hogwarts.co.uk</Email>
      </Author>
      <Author>
        <Name>George</Name>
        <Email>gweasley@hogwarts.co.uk</Email>
      </Author>
    </Authors>
    <name>Book1</name>
  </book>
  <book>
    <Authors>
      <Author>
        <Name>Fred</Name>
        <Email>fweasley@hogwarts.co.uk</Email>
      </Author>
      <Author>
        <Name>George</Name>
        <Email>gweasley@hogwarts.co.uk</Email>
      </Author>
    </Authors>
    <name>Book1</name>
  </book>
  <book>
    <Authors>
      <Author>
        <Name>Fred</Name>
        <Email>fweasley@hogwarts.co.uk</Email>
      </Author>
      <Author>
        <Name>George</Name>
        <Email>gweasley@hogwarts.co.uk</Email>
      </Author>
    </Authors>
    <name>Book1</name>
  </book>
  <book>
    <Authors>
      <Author>
        <Name>Fred</Name>
        <Email>fweasley@hogwarts.co.uk</Email>
      </Author>
      <Author>
        <Name>George</Name>
        <Email>gweasley@hogwarts.co.uk</Email>
      </Author>
    </Authors>
    <name>Book1</name>
  </book>
  <book>
    <Authors>
      <Author>
        <Name>Fred</Name>
        <Email>fweasley@hogwarts.co.uk</Email>
      </Author>
      <Author>
        <Name>George</Name>
        <Email>gweasley@hogwarts.co.uk</Email>
      </Author>
    </Authors>
    <name>Book1</name>
  </book>
  <book>
    <Authors>
      <Author>
        <Name>Fred</Name>
        <Email>fweasley@hogwarts.co.uk</Email>
      </Author>
      <Author>
        <Name>George</Name>
        <Email>gweasley@hogwarts.co.uk</Email>
      </Author>
    </Authors>
    <name>Book1</name>
  </book>
  <book>
    <Authors>
      <Author>
        <Name>Fred</Name>
        <Email>fweasley@hogwarts.co.uk</Email>
      </Author>
      <Author>
        <Name>George</Name>
        <Email>gweasley@hogwarts.co.uk</Email>
      </Author>
    </Authors>
    <name>Book1</name>
  </book>
  <book>
    <Authors>
      <Author>
        <Name>Fred</Name>
        <Email>fweasley@hogwarts.co.uk</Email>
      </Author>
      <Author>
        <Name>George</Name>
        <Email>gweasley@hogwarts.co.uk</Email>
      </Author>
    </Authors>
    <name>Book1</name>
  </book>
  <book>
    <Authors>
      <Author>
        <Name>Fred</Name>
        <Email>fweasley@hogwarts.co.uk</Email>
      </Author>
      <Author>
        <Name>George</Name>
        <Email>gweasley@hogwarts.co.uk</Email>
      </Author>
    </Authors>
    <name>Book1</name>
  </book>
  <book>
    <Authors>
      <Author>
        <Name>Fred</Name>
        <Email>fweasley@hogwarts.co.uk</Email>
      </Author>
      <Author>
        <Name>George</Name>
        <Email>gweasley@hogwarts.co.uk</Email>
      </Author>
    </Authors>
    <name>Book1</name>
  </book>
  <book>
    <Authors>
      <Author>
        <Name>Fred</Name>
        <Email>fweasley@hogwarts.co.uk</Email>
      </Author>
      <Author>
        <Name>George</Name>
        <Email>gweasley@hogwarts.co.uk</Email>
      </Author>
    </Authors>
    <name>Book1</name>
  </book>
  <book>
    <Authors>
      <Author>
        <Name>Fred</Name>
        <Email>fweasley@hogwarts.co.uk</Email>
      </Author>
      <Author>
        <Name>George</Name>
        <Email>gweasley@hogwarts.co.uk</Email>
      </Author>
    </Authors>
    <name>Book1</name>
  </book>
  <book>
    <Authors>
      <Author>
        <Name>Fred</Name>
        <Email>fweasley@hogwarts.co.uk</Email>
      </Author>
      <Author>
        <Name>George</Name>
        <Email>gweasley@hogwarts.co.uk</Email>
      </Author>
    </Authors>
    <name>Book1</name>
  </book>
  <book>
    <Authors>
      <Author>
        <Name>Fred</Name>
        <Email>fweasley@hogwarts.co.uk</Email>
      </Author>
      <Author>
        <Name>George</Name>
        <Email>gweasley@hogwarts.co.uk</Email>
      </Author>
    </Authors>
    <name>Book1</name>
  </book>
  <book>
    <Authors>
      <Author>
        <Name>Fred</Name>
        <Email>fweasley@hogwarts.co.uk</Email>
      </Author>
      <Author>
        <Name>George</Name>
        <Email>gweasley@hogwarts.co.uk</Email>
      </Author>
    </Authors>
    <name>Book1</name>
  </book>
  <book>
    <Authors>
      <Author>
        <Name>Fred</Name>
        <Email>fweasley@hogwarts.co.uk</Email>
      </Author>
      <Author>
        <Name>George</Name>
        <Email>gweasley@hogwarts.co.uk</Email>
      </Author>
    </Authors>
    <name>Book1</name>
  </book>
  <book>
    <Authors>
      <Author>
        <Name>Fred</Name>
        <Email>fweasley@hogwarts.co.uk</Email>
      </Author>
      <Author>
        <Name>George</Name>
        <Email>gweasley@hogwarts.co.uk</Email>
      </Author>
    </Authors>
    <name>Book1</name>
  </book>
  <book>
    <Authors>
      <Author>
        <Name>Fred</Name>
        <Email>fweasley@hogwarts.co.uk</Email>
      </Author>
      <Author>
        <Name>George</Name>
        <Email>gweasley@hogwarts.co.uk</Email>
      </Author>
    </Authors>
    <name>Book1</name>
  </book>
  <book>
    <Authors>
      <Author>
        <Name>Fred</Name>
        <Email>fweasley@hogwarts.co.uk</Email>
      </Author>
      <Author>
        <Name>George</Name>
        <Email>gweasley@hogwarts.co.uk</Email>
      </Author>
    </Authors>
    <name>Book1</name>
  </book>
  <book>
    <Authors>
      <Author>
        <Name>Fred</Name>
        <Email>fweasley@hogwarts.co.uk</Email>
      </Author>
      <Author>
        <Name>George</Name>
        <Email>gweasley@hogwarts.co.uk</Email>
      </Author>
    </Authors>
    <name>Book1</name>
  </book>
  <book>
    <Authors>
      <Author>
        <Name>Fred</Name>
        <Email>fweasley@hogwarts.co.uk</Email>
      </Author>
      <Author>
        <Name>George</Name>
        <Email>gweasley@hogwarts.co.uk</Email>
      </Author>
    </Authors>
    <name>Book1</name>
  </book>
  <book>
    <Authors>
      <Author>
        <Name>Fred</Name>
        <Email>fweasley@hogwarts.co.uk</Email>
      </Author>
      <Author>
        <Name>George</Name>
        <Email>gweasley@hogwarts.co.uk</Email>
      </Author>
    </Authors>
    <name>Book1</name>
  </book>
  <book>
    <Authors>
      <Author>
        <Name>Fred</Name>
        <Email>fweasley@hogwarts.co.uk</Email>
      </Author>
      <Author>
        <Name>George</Name>
        <Email>gweasley@hogwarts.co.uk</Email>
      </Author>
    </Authors>
    <name>Book1</name>
  </book>
  <book>
    <Authors>
      <Author>
        <Name>Fred</Name>
        <Email>fweasley@hogwarts.co.uk</Email>
      </Author>
      <Author>
        <Name>George</Name>
        <Email>gweasley@hogwarts.co.uk</Email>
      </Author>
    </Authors>
    <name>Book1</name>
  </book>
  <book>
    <Authors>
      <Author>
        <Name>Fred</Name>
        <Email>fweasley@hogwarts.co.uk</Email>
      </Author>
      <Author>
        <Name>George</Name>
        <Email>gweasley@hogwarts.co.uk</Email>
      </Author>
    </Authors>
    <name>Book1</name>
  </book>
  <book>
    <Authors>
      <Author>
        <Name>Fred</Name>
        <Email>fweasley@hogwarts.co.uk</Email>
      </Author>
      <Author>
        <Name>George</Name>
        <Email>gweasley@hogwarts.co.uk</Email>
      </Author>
    </Authors>
    <name>Book1</name>
  </book>
  <book>
    <Authors>
      <Author>
        <Name>Fred</Name>
        <Email>fweasley@hogwarts.co.uk</Email>
      </Author>
      <Author>
        <Name>George</Name>
        <Email>gweasley@hogwarts.co.uk</Email>
      </Author>
    </Authors>
    <name>Book1</name>
  </book>
  <book>
    <Authors>
      <Author>
        <Name>Fred</Name>
        <Email>fweasley@hogwarts.co.uk</Email>
      </Author>
      <Author>
        <Name>George</Name>
        <Email>gweasley@hogwarts.co.uk</Email>
      </Author>
    </Authors>
    <name>Book1</name>
  </book>
  <book>
    <Authors>
      <Author>
        <Name>Fred</Name>
        <Email>fweasley@hogwarts.co.uk</Email>
      </Author>
      <Author>
        <Name>George</Name>
        <Email>gweasley@hogwarts.co.uk</Email>
      </Author>
    </Authors>
    <name>Book1</name>
  </book>
  <book>
    <Authors>
      <Author>
        <Name>Fred</Name>
        <Email>fweasley@hogwarts.co.uk</Email>
      </Author>
      <Author>
        <Name>George</Name>
        <Email>gweasley@hogwarts.co.uk</Email>
      </Author>
    </Authors>
    <name>Book1</name>
  </book>
  <book>
    <Authors>
      <Author>
        <Name>Fred</Name>
        <Email>fweasley@hogwarts.co.uk</Email>
      </Author>
      <Author>
        <Name>George</Name>
        <Email>gweasley@hogwarts.co.uk</Email>
      </Author>
    </Authors>
    <name>Book1</name>
  </book>
  <book>
    <Authors>
      <Author>
        <Name>Fred</Name>
        <Email>fweasley@hogwarts.co.uk</Email>
      </Author>
      <Author>
        <Name>George</Name>
        <Email>gweasley@hogwarts.co.uk</Email>
      </Author>
    </Authors>
    <name>Book1</name>
  </book>
  <book>
    <Authors>
      <Author>
        <Name>Fred</Name>
        <Email>fweasley@hogwarts.co.uk</Email>
      </Author>
      <Author>
        <Name>George</Name>
        <Email>gweasley@hogwarts.co.uk</Email>
      </Author>
    </Authors>
    <name>Book1</name>
  </book>
  <book>
    <Authors>
      <Author>
        <Name>Fred</Name>
        <Email>fweasley@hogwarts.co.uk</Email>
      </Author>
      <Author>
        <Name>George</Name>
        <Email>gweasley@hogwarts.co.uk</Email>
      </Author>
    </Authors>
    <name>Book1</name>
  </book>
  <book>
    <Authors>
      <Author>
        <Name>Fred</Name>
        <Email>fweasley@hogwarts.co.uk</Email>
      </Author>
      <Author>
        <Name>George</Name>
        <Email>gweasley@hogwarts.co.uk</Email>
      </Author>
    </Authors>
    <name>Book1</name>
  </book>
  <book>
    <Authors>
      <Author>
        <Name>Fred</Name>
        <Email>fweasley@hogwarts.co.uk</Email>
      </Author>
      <Author>
        <Name>George</Name>
        <Email>gweasley@hogwarts.co.uk</Email>
      </Author>
    </Authors>
    <name>Book1</name>
  </book>
  <book>
    <Authors>
      <Author>
        <Name>Fred</Name>
        <Email>fweasley@hogwarts.co.uk</Email>
      </Author>
      <Author>
        <Name>George</Name>
        <Email>gweasley@hogwarts.co.uk</Email>
      </Author>
    </Authors>
    <name>Book1</name>
  </book>
  <book>
    <Authors>
      <Author>
        <Name>Fred</Name>
        <Email>fweasley@hogwarts.co.uk</Email>
      </Author>
      <Author>
        <Name>George</Name>
        <Email>gweasley@hogwarts.co.uk</Email>
      </Author>
    </Authors>
    <name>Book1</name>
  </book>
  <book>
    <Authors>
      <Author>
        <Name>Fred</Name>
        <Email>fweasley@hogwarts.co.uk</Email>
      </Author>
      <Author>
        <Name>George</Name>
        <Email>gweasley@hogwarts.co.uk</Email>
      </Author>
    </Authors>
    <name>Book1</name>
  </book>
  <book>
    <Authors>
      <Author>
        <Name>Fred</Name>
        <Email>fweasley@hogwarts.co.uk</Email>
      </Author>
      <Author>
        <Name>George</Name>
        <Email>gweasley@hogwarts.co.uk</Email>
      </Author>
    </Authors>
    <name>Book1</name>
  </book>
  <book>
    <Authors>
      <Author>
        <Name>Fred</Name>
        <Email>fweasley@hogwarts.co.uk</Email>
      </Author>
      <Author>
        <Name>George</Name>
        <Email>gweasley@hogwarts.co.uk</Email>
      </Author>
    </Authors>
    <name>Book1</name>
  </book>
  <book>
    <Authors>
      <Author>
        <Name>Fred</Name>
        <Email>fweasley@hogwarts.co.uk</Email>
      </Author>
      <Author>
        <Name>George</Name>
        <Email>gweasley@hogwarts.co.uk</Email>
      </Author>
    </Authors>
    <name>Book1</name>
  </book>
  <book>
    <Authors>
      <Author>
        <Name>Fred</Name>
        <Email>fweasley@hogwarts.co.uk</Email>
      </Author>
      <Author>
        <Name>George</Name>
        <Email>gweasley@hogwarts.co.uk</Email>
      </Author>
    </Authors>
    <name>Book1</name>
  </book>
  <book year="2014" isbn="ISBN83763550019---11">
    <Authors>
      <Author>
        <Name>Fred</Name>
        <Email>fweasley@hogwarts.co.uk</Email>
      </Author>
      <Author>
        <Name>George</Name>
        <Email>gweasley@hogwarts.co.uk</Email>
      </Author>
    </Authors>
    <name>Book1</name>
  </book>
  <book year="2014" isbn="ISBN83763550019---11">
    <Authors>
      <Author>
        <Name>Fred</Name>
        <Email>fweasley@hogwarts.co.uk</Email>
      </Author>
      <Author>
        <Name>George</Name>
        <Email>gweasley@hogwarts.co.uk</Email>
      </Author>
    </Authors>
    <name>Book2</name>
  </book>
  <book year="2014" isbn="ISBN83763550019---11">
    <Authors>
      <Author>
        <Name>Fred</Name>
        <Email>fweasley@hogwarts.co.uk</Email>
      </Author>
      <Author>
        <Name>George</Name>
        <Email>gweasley@hogwarts.co.uk</Email>
      </Author>
    </Authors>
    <name>Book1</name>
  </book>
  <book year="2014" isbn="ISBN83763550019---11">
    <Authors>
      <Author>
        <Name>Fred</Name>
        <Email>fweasley@hogwarts.co.uk</Email>
      </Author>
      <Author>
        <Name>George</Name>
        <Email>gweasley@hogwarts.co.uk</Email>
      </Author>
    </Authors>
    <name>Book2</name>
  </book>
  <book year="2014" isbn="ISBN83763550019---11">
    <Authors>
      <Author>
        <Name>Fred</Name>
        <Email>fweasley@hogwarts.co.uk</Email>
      </Author>
      <Author>
        <Name>George</Name>
        <Email>gweasley@hogwarts.co.uk</Email>
      </Author>
    </Authors>
    <name>Book1</name>
  </book>
  <book year="2014" isbn="ISBN83763550019---11">
    <Authors>
      <Author>
        <Name>Fred</Name>
        <Email>fweasley@hogwarts.co.uk</Email>
      </Author>
      <Author>
        <Name>George</Name>
        <Email>gweasley@hogwarts.co.uk</Email>
      </Author>
    </Authors>
    <name>Book2</name>
  </book>
  <book year="2014" isbn="ISBN83763550019---11">
    <Authors>
      <Author>
        <Name>Fred</Name>
        <Email>fweasley@hogwarts.co.uk</Email>
      </Author>
      <Author>
        <Name>George</Name>
        <Email>gweasley@hogwarts.co.uk</Email>
      </Author>
    </Authors>
    <name>Book1</name>
  </book>
  <book year="2014" isbn="ISBN83763550019---11">
    <Authors>
      <Author>
        <Name>Fred</Name>
        <Email>fweasley@hogwarts.co.uk</Email>
      </Author>
      <Author>
        <Name>George</Name>
        <Email>gweasley@hogwarts.co.uk</Email>
      </Author>
    </Authors>
    <name>Book2</name>
  </book>
  <book year="2014" isbn="ISBN83763550019---11">
    <Authors>
      <Author>
        <Name>Fred</Name>
        <Email>fweasley@hogwarts.co.uk</Email>
      </Author>
      <Author>
        <Name>George</Name>
        <Email>gweasley@hogwarts.co.uk</Email>
      </Author>
    </Authors>
    <name>Book1</name>
  </book>
  <book year="2014" isbn="ISBN83763550019---11">
    <Authors>
      <Author>
        <Name>Fred</Name>
        <Email>fweasley@hogwarts.co.uk</Email>
      </Author>
      <Author>
        <Name>George</Name>
        <Email>gweasley@hogwarts.co.uk</Email>
      </Author>
    </Authors>
    <name>Book2</name>
  </book>
  <book year="2014" isbn="ISBN83763550019---11">
    <Authors>
      <Author>
        <Name>Fred</Name>
        <Email>fweasley@hogwarts.co.uk</Email>
      </Author>
      <Author>
        <Name>George</Name>
        <Email>gweasley@hogwarts.co.uk</Email>
      </Author>
    </Authors>
    <name>Book1</name>
  </book>
  <book year="2014" isbn="ISBN83763550019---11">
    <Authors>
      <Author>
        <Name>Fred</Name>
        <Email>fweasley@hogwarts.co.uk</Email>
      </Author>
      <Author>
        <Name>George</Name>
        <Email>gweasley@hogwarts.co.uk</Email>
      </Author>
    </Authors>
    <name>Book2</name>
  </book>
  <book year="2014" isbn="ISBN83763550019---11">
    <Authors>
      <Author>
        <Name>Fred</Name>
        <Email>fweasley@hogwarts.co.uk</Email>
      </Author>
      <Author>
        <Name>George</Name>
        <Email>gweasley@hogwarts.co.uk</Email>
      </Author>
    </Authors>
    <name>Book1</name>
  </book>
  <book year="2014" isbn="ISBN83763550019---11">
    <Authors>
      <Author>
        <Name>Fred</Name>
        <Email>fweasley@hogwarts.co.uk</Email>
      </Author>
      <Author>
        <Name>George</Name>
        <Email>gweasley@hogwarts.co.uk</Email>
      </Author>
    </Authors>
    <name>Book2</name>
  </book>
  <book year="2014" isbn="ISBN83763550019---11">
    <Authors>
      <Author>
        <Name>Fred</Name>
        <Email>fweasley@hogwarts.co.uk</Email>
      </Author>
      <Author>
        <Name>George</Name>
        <Email>gweasley@hogwarts.co.uk</Email>
      </Author>
    </Authors>
    <name>Book1</name>
  </book>
  <book year="2014" isbn="ISBN83763550019---11">
    <Authors>
      <Author>
        <Name>Fred</Name>
        <Email>fweasley@hogwarts.co.uk</Email>
      </Author>
      <Author>
        <Name>George</Name>
        <Email>gweasley@hogwarts.co.uk</Email>
      </Author>
    </Authors>
    <name>Book2</name>
  </book>
  <book year="2014" isbn="ISBN83763550019---11">
    <Authors>
      <Author>
        <Name>Fred</Name>
        <Email>fweasley@hogwarts.co.uk</Email>
      </Author>
      <Author>
        <Name>George</Name>
        <Email>gweasley@hogwarts.co.uk</Email>
      </Author>
    </Authors>
    <name>Book1</name>
  </book>
  <book year="2014" isbn="ISBN83763550019---11">
    <Authors>
      <Author>
        <Name>Fred</Name>
        <Email>fweasley@hogwarts.co.uk</Email>
      </Author>
      <Author>
        <Name>George</Name>
        <Email>gweasley@hogwarts.co.uk</Email>
      </Author>
    </Authors>
    <name>Book2</name>
  </book>
  <book year="2014" isbn="ISBN83763550019---11">
    <Authors>
      <Author>
        <Name>Fred</Name>
        <Email>fweasley@hogwarts.co.uk</Email>
      </Author>
      <Author>
        <Name>George</Name>
        <Email>gweasley@hogwarts.co.uk</Email>
      </Author>
    </Authors>
    <name>Book1</name>
  </book>
  <book year="2014" isbn="ISBN83763550019---11">
    <Authors>
      <Author>
        <Name>Fred</Name>
        <Email>fweasley@hogwarts.co.uk</Email>
      </Author>
      <Author>
        <Name>George</Name>
        <Email>gweasley@hogwarts.co.uk</Email>
      </Author>
    </Authors>
    <name>Book2</name>
  </book>
  <book year="2014" isbn="ISBN83763550019---11">
    <Authors>
      <Author>
        <Name>Fred</Name>
        <Email>fweasley@hogwarts.co.uk</Email>
      </Author>
      <Author>
        <Name>George</Name>
        <Email>gweasley@hogwarts.co.uk</Email>
      </Author>
    </Authors>
    <name>Book1</name>
  </book>
  <book year="2014" isbn="ISBN83763550019---11">
    <Authors>
      <Author>
        <Name>Fred</Name>
        <Email>fweasley@hogwarts.co.uk</Email>
      </Author>
      <Author>
        <Name>George</Name>
        <Email>gweasley@hogwarts.co.uk</Email>
      </Author>
    </Authors>
    <name>Book2</name>
  </book>
  <book year="2014" isbn="ISBN83763550019---11">
    <Authors>
      <Author>
        <Name>Fred</Name>
        <Email>fweasley@hogwarts.co.uk</Email>
      </Author>
      <Author>
        <Name>George</Name>
        <Email>gweasley@hogwarts.co.uk</Email>
      </Author>
    </Authors>
    <name>Book1</name>
  </book>
  <book year="2014" isbn="ISBN83763550019---11">
    <Authors>
      <Author>
        <Name>Fred</Name>
        <Email>fweasley@hogwarts.co.uk</Email>
      </Author>
      <Author>
        <Name>George</Name>
        <Email>gweasley@hogwarts.co.uk</Email>
      </Author>
    </Authors>
    <name>Book2</name>
  </book>
  <book year="2014" isbn="ISBN83763550019---11">
    <Authors>
      <Author>
        <Name>Fred</Name>
        <Email>fweasley@hogwarts.co.uk</Email>
      </Author>
      <Author>
        <Name>George</Name>
        <Email>gweasley@hogwarts.co.uk</Email>
      </Author>
    </Authors>
    <name>Book1</name>
  </book>
  <book year="2014" isbn="ISBN83763550019---11">
    <Authors>
      <Author>
        <Name>Fred</Name>
        <Email>fweasley@hogwarts.co.uk</Email>
      </Author>
      <Author>
        <Name>George</Name>
        <Email>gweasley@hogwarts.co.uk</Email>
      </Author>
    </Authors>
    <name>Book2</name>
  </book>
  <book year="2014" isbn="ISBN83763550019---11">
    <Authors>
      <Author>
        <Name>Fred</Name>
        <Email>fweasley@hogwarts.co.uk</Email>
      </Author>
      <Author>
        <Name>George</Name>
        <Email>gweasley@hogwarts.co.uk</Email>
      </Author>
    </Authors>
    <name>Book1</name>
  </book>
  <book year="2014" isbn="ISBN83763550019---11">
    <Authors>
      <Author>
        <Name>Fred</Name>
        <Email>fweasley@hogwarts.co.uk</Email>
      </Author>
      <Author>
        <Name>George</Name>
        <Email>gweasley@hogwarts.co.uk</Email>
      </Author>
    </Authors>
    <name>Book2</name>
  </book>
  <book year="2014" isbn="ISBN83763550019---11">
    <Authors>
      <Author>
        <Name>Fred</Name>
        <Email>fweasley@hogwarts.co.uk</Email>
      </Author>
      <Author>
        <Name>George</Name>
        <Email>gweasley@hogwarts.co.uk</Email>
      </Author>
    </Authors>
    <name>Book1</name>
  </book>
  <book year="2014" isbn="ISBN83763550019---11">
    <Authors>
      <Author>
        <Name>Fred</Name>
        <Email>fweasley@hogwarts.co.uk</Email>
      </Author>
      <Author>
        <Name>George</Name>
        <Email>gweasley@hogwarts.co.uk</Email>
      </Author>
    </Authors>
    <name>Book2</name>
  </book>
  <book year="2014" isbn="ISBN83763550019---11">
    <Authors>
      <Author>
        <Name>Fred</Name>
        <Email>fweasley@hogwarts.co.uk</Email>
      </Author>
      <Author>
        <Name>George</Name>
        <Email>gweasley@hogwarts.co.uk</Email>
      </Author>
    </Authors>
    <name>Book1</name>
  </book>
  <book year="2014" isbn="ISBN83763550019---11">
    <Authors>
      <Author>
        <Name>Fred</Name>
        <Email>fweasley@hogwarts.co.uk</Email>
      </Author>
      <Author>
        <Name>George</Name>
        <Email>gweasley@hogwarts.co.uk</Email>
      </Author>
    </Authors>
    <name>Book2</name>
  </book>
  <book year="2014" isbn="ISBN83763550019---11">
    <Authors>
      <Author>
        <Name>Fred</Name>
        <Email>fweasley@hogwarts.co.uk</Email>
      </Author>
      <Author>
        <Name>George</Name>
        <Email>gweasley@hogwarts.co.uk</Email>
      </Author>
    </Authors>
    <name>Book1</name>
  </book>
  <book year="2014" isbn="ISBN83763550019---11">
    <Authors>
      <Author>
        <Name>Fred</Name>
        <Email>fweasley@hogwarts.co.uk</Email>
      </Author>
      <Author>
        <Name>George</Name>
        <Email>gweasley@hogwarts.co.uk</Email>
      </Author>
    </Authors>
    <name>Book2</name>
  </book>
  <book year="2014" isbn="ISBN83763550019---11">
    <Authors>
      <Author>
        <Name>Fred</Name>
        <Email>fweasley@hogwarts.co.uk</Email>
      </Author>
      <Author>
        <Name>George</Name>
        <Email>gweasley@hogwarts.co.uk</Email>
      </Author>
    </Authors>
    <name>Book1</name>
  </book>
  <book year="2014" isbn="ISBN83763550019---11">
    <Authors>
      <Author>
        <Name>Fred</Name>
        <Email>fweasley@hogwarts.co.uk</Email>
      </Author>
      <Author>
        <Name>George</Name>
        <Email>gweasley@hogwarts.co.uk</Email>
      </Author>
    </Authors>
    <name>Book2</name>
  </book>
  <book year="2014" isbn="ISBN83763550019---11">
    <Authors>
      <Author>
        <Name>Fred</Name>
        <Email>fweasley@hogwarts.co.uk</Email>
      </Author>
      <Author>
        <Name>George</Name>
        <Email>gweasley@hogwarts.co.uk</Email>
      </Author>
    </Authors>
    <name>Book1</name>
  </book>
  <book year="2014" isbn="ISBN83763550019---11">
    <Authors>
      <Author>
        <Name>Fred</Name>
        <Email>fweasley@hogwarts.co.uk</Email>
      </Author>
      <Author>
        <Name>George</Name>
        <Email>gweasley@hogwarts.co.uk</Email>
      </Author>
    </Authors>
    <name>Book2</name>
  </book>
  <book year="2014" isbn="ISBN83763550019---11">
    <Authors>
      <Author>
        <Name>Fred</Name>
        <Email>fweasley@hogwarts.co.uk</Email>
      </Author>
      <Author>
        <Name>George</Name>
        <Email>gweasley@hogwarts.co.uk</Email>
      </Author>
    </Authors>
    <name>Book1</name>
  </book>
  <book year="2014" isbn="ISBN83763550019---11">
    <Authors>
      <Author>
        <Name>Fred</Name>
        <Email>fweasley@hogwarts.co.uk</Email>
      </Author>
      <Author>
        <Name>George</Name>
        <Email>gweasley@hogwarts.co.uk</Email>
      </Author>
    </Authors>
    <name>Book2</name>
  </book>
  <book year="2014" isbn="ISBN83763550019---11">
    <Authors>
      <Author>
        <Name>Fred</Name>
        <Email>fweasley@hogwarts.co.uk</Email>
      </Author>
      <Author>
        <Name>George</Name>
        <Email>gweasley@hogwarts.co.uk</Email>
      </Author>
    </Authors>
    <name>Book1</name>
  </book>
  <book year="2014" isbn="ISBN83763550019---11">
    <Authors>
      <Author>
        <Name>Fred</Name>
        <Email>fweasley@hogwarts.co.uk</Email>
      </Author>
      <Author>
        <Name>George</Name>
        <Email>gweasley@hogwarts.co.uk</Email>
      </Author>
    </Authors>
    <name>Book2</name>
  </book>
  <book year="2014" isbn="ISBN83763550019---11">
    <Authors>
      <Author>
        <Name>Fred</Name>
        <Email>fweasley@hogwarts.co.uk</Email>
      </Author>
      <Author>
        <Name>George</Name>
        <Email>gweasley@hogwarts.co.uk</Email>
      </Author>
    </Authors>
    <name>Book1</name>
  </book>
  <book year="2014" isbn="ISBN83763550019---11">
    <Authors>
      <Author>
        <Name>Fred</Name>
        <Email>fweasley@hogwarts.co.uk</Email>
      </Author>
      <Author>
        <Name>George</Name>
        <Email>gweasley@hogwarts.co.uk</Email>
      </Author>
    </Authors>
    <name>Book2</name>
  </book>
  <book year="2014" isbn="ISBN83763550019---11">
    <Authors>
      <Author>
        <Name>Fred</Name>
        <Email>fweasley@hogwarts.co.uk</Email>
      </Author>
      <Author>
        <Name>George</Name>
        <Email>gweasley@hogwarts.co.uk</Email>
      </Author>
    </Authors>
    <name>Book1</name>
  </book>
  <book year="2014" isbn="ISBN83763550019---11">
    <Authors>
      <Author>
        <Name>Fred</Name>
        <Email>fweasley@hogwarts.co.uk</Email>
      </Author>
      <Author>
        <Name>George</Name>
        <Email>gweasley@hogwarts.co.uk</Email>
      </Author>
    </Authors>
    <name>Book2</name>
  </book>
  <book year="2014" isbn="ISBN83763550019---11">
    <Authors>
      <Author>
        <Name>Fred</Name>
        <Email>fweasley@hogwarts.co.uk</Email>
      </Author>
      <Author>
        <Name>George</Name>
        <Email>gweasley@hogwarts.co.uk</Email>
      </Author>
    </Authors>
    <name>Book1</name>
  </book>
  <book year="2014" isbn="ISBN83763550019---11">
    <Authors>
      <Author>
        <Name>Fred</Name>
        <Email>fweasley@hogwarts.co.uk</Email>
      </Author>
      <Author>
        <Name>George</Name>
        <Email>gweasley@hogwarts.co.uk</Email>
      </Author>
    </Authors>
    <name>Book2</name>
  </book>
  <book year="2014" isbn="ISBN83763550019---11">
    <Authors>
      <Author>
        <Name>Fred</Name>
        <Email>fweasley@hogwarts.co.uk</Email>
      </Author>
      <Author>
        <Name>George</Name>
        <Email>gweasley@hogwarts.co.uk</Email>
      </Author>
    </Authors>
    <name>Book1</name>
  </book>
  <book year="2014" isbn="ISBN83763550019---11">
    <Authors>
      <Author>
        <Name>Fred</Name>
        <Email>fweasley@hogwarts.co.uk</Email>
      </Author>
      <Author>
        <Name>George</Name>
        <Email>gweasley@hogwarts.co.uk</Email>
      </Author>
    </Authors>
    <name>Book2</name>
  </book>
  <book year="2014" isbn="ISBN83763550019---11">
    <Authors>
      <Author>
        <Name>Fred</Name>
        <Email>fweasley@hogwarts.co.uk</Email>
      </Author>
      <Author>
        <Name>George</Name>
        <Email>gweasley@hogwarts.co.uk</Email>
      </Author>
    </Authors>
    <name>Book1</name>
  </book>
  <book year="2014" isbn="ISBN83763550019---11">
    <Authors>
      <Author>
        <Name>Fred</Name>
        <Email>fweasley@hogwarts.co.uk</Email>
      </Author>
      <Author>
        <Name>George</Name>
        <Email>gweasley@hogwarts.co.uk</Email>
      </Author>
    </Authors>
    <name>Book2</name>
  </book>
  <book year="2014" isbn="ISBN83763550019---11">
    <Authors>
      <Author>
        <Name>Fred</Name>
        <Email>fweasley@hogwarts.co.uk</Email>
      </Author>
      <Author>
        <Name>George</Name>
        <Email>gweasley@hogwarts.co.uk</Email>
      </Author>
    </Authors>
    <name>Book1</name>
  </book>
  <book year="2014" isbn="ISBN83763550019---11">
    <Authors>
      <Author>
        <Name>Fred</Name>
        <Email>fweasley@hogwarts.co.uk</Email>
      </Author>
      <Author>
        <Name>George</Name>
        <Email>gweasley@hogwarts.co.uk</Email>
      </Author>
    </Authors>
    <name>Book2</name>
  </book>
  <book year="2014" isbn="ISBN83763550019---11">
    <Authors>
      <Author>
        <Name>Fred</Name>
        <Email>fweasley@hogwarts.co.uk</Email>
      </Author>
      <Author>
        <Name>George</Name>
        <Email>gweasley@hogwarts.co.uk</Email>
      </Author>
    </Authors>
    <name>Book1</name>
  </book>
  <book year="2014" isbn="ISBN83763550019---11">
    <Authors>
      <Author>
        <Name>Fred</Name>
        <Email>fweasley@hogwarts.co.uk</Email>
      </Author>
      <Author>
        <Name>George</Name>
        <Email>gweasley@hogwarts.co.uk</Email>
      </Author>
    </Authors>
    <name>Book2</name>
  </book>
  <book year="2014" isbn="ISBN83763550019---11">
    <Authors>
      <Author>
        <Name>Fred</Name>
        <Email>fweasley@hogwarts.co.uk</Email>
      </Author>
      <Author>
        <Name>George</Name>
        <Email>gweasley@hogwarts.co.uk</Email>
      </Author>
    </Authors>
    <name>Book1</name>
  </book>
  <book year="2014" isbn="ISBN83763550019---11">
    <Authors>
      <Author>
        <Name>Fred</Name>
        <Email>fweasley@hogwarts.co.uk</Email>
      </Author>
      <Author>
        <Name>George</Name>
        <Email>gweasley@hogwarts.co.uk</Email>
      </Author>
    </Authors>
    <name>Book2</name>
  </book>
  <book year="2014" isbn="ISBN83763550019---11">
    <Authors>
      <Author>
        <Name>Fred</Name>
        <Email>fweasley@hogwarts.co.uk</Email>
      </Author>
      <Author>
        <Name>George</Name>
        <Email>gweasley@hogwarts.co.uk</Email>
      </Author>
    </Authors>
    <name>Book1</name>
  </book>
  <book year="2014" isbn="ISBN83763550019---11">
    <Authors>
      <Author>
        <Name>Fred</Name>
        <Email>fweasley@hogwarts.co.uk</Email>
      </Author>
      <Author>
        <Name>George</Name>
        <Email>gweasley@hogwarts.co.uk</Email>
      </Author>
    </Authors>
    <name>Book2</name>
  </book>
  <book year="2014" isbn="ISBN83763550019---11">
    <Authors>
      <Author>
        <Name>Fred</Name>
        <Email>fweasley@hogwarts.co.uk</Email>
      </Author>
      <Author>
        <Name>George</Name>
        <Email>gweasley@hogwarts.co.uk</Email>
      </Author>
    </Authors>
    <name>Book1</name>
  </book>
  <book year="2014" isbn="ISBN83763550019---11">
    <Authors>
      <Author>
        <Name>Fred</Name>
        <Email>fweasley@hogwarts.co.uk</Email>
      </Author>
      <Author>
        <Name>George</Name>
        <Email>gweasley@hogwarts.co.uk</Email>
      </Author>
    </Authors>
    <name>Book2</name>
  </book>
  <book year="2014" isbn="ISBN83763550019---11">
    <Authors>
      <Author>
        <Name>Fred</Name>
        <Email>fweasley@hogwarts.co.uk</Email>
      </Author>
      <Author>
        <Name>George</Name>
        <Email>gweasley@hogwarts.co.uk</Email>
      </Author>
    </Authors>
    <name>Book1</name>
  </book>
  <book year="2014" isbn="ISBN83763550019---11">
    <Authors>
      <Author>
        <Name>Fred</Name>
        <Email>fweasley@hogwarts.co.uk</Email>
      </Author>
      <Author>
        <Name>George</Name>
        <Email>gweasley@hogwarts.co.uk</Email>
      </Author>
    </Authors>
    <name>Book2</name>
  </book>
  <book year="2014" isbn="ISBN83763550019---11">
    <Authors>
      <Author>
        <Name>Fred</Name>
        <Email>fweasley@hogwarts.co.uk</Email>
      </Author>
      <Author>
        <Name>George</Name>
        <Email>gweasley@hogwarts.co.uk</Email>
      </Author>
    </Authors>
    <name>Book1</name>
  </book>
  <book year="2014" isbn="ISBN83763550019---11">
    <Authors>
      <Author>
        <Name>Fred</Name>
        <Email>fweasley@hogwarts.co.uk</Email>
      </Author>
      <Author>
        <Name>George</Name>
        <Email>gweasley@hogwarts.co.uk</Email>
      </Author>
    </Authors>
    <name>Book2</name>
  </book>
  <book year="2014" isbn="ISBN83763550019---11">
    <Authors>
      <Author>
        <Name>Fred</Name>
        <Email>fweasley@hogwarts.co.uk</Email>
      </Author>
      <Author>
        <Name>George</Name>
        <Email>gweasley@hogwarts.co.uk</Email>
      </Author>
    </Authors>
    <name>Book1</name>
  </book>
  <book year="2014" isbn="ISBN83763550019---11">
    <Authors>
      <Author>
        <Name>Fred</Name>
        <Email>fweasley@hogwarts.co.uk</Email>
      </Author>
      <Author>
        <Name>George</Name>
        <Email>gweasley@hogwarts.co.uk</Email>
      </Author>
    </Authors>
    <name>Book2</name>
  </book>
  <book year="2014" isbn="ISBN83763550019---11">
    <Authors>
      <Author>
        <Name>Fred</Name>
        <Email>fweasley@hogwarts.co.uk</Email>
      </Author>
      <Author>
        <Name>George</Name>
        <Email>gweasley@hogwarts.co.uk</Email>
      </Author>
    </Authors>
    <name>Book1</name>
  </book>
  <book year="2014" isbn="ISBN83763550019---11">
    <Authors>
      <Author>
        <Name>Fred</Name>
        <Email>fweasley@hogwarts.co.uk</Email>
      </Author>
      <Author>
        <Name>George</Name>
        <Email>gweasley@hogwarts.co.uk</Email>
      </Author>
    </Authors>
    <name>Book2</name>
  </book>
  <book year="2014" isbn="ISBN83763550019---11">
    <Authors>
      <Author>
        <Name>Fred</Name>
        <Email>fweasley@hogwarts.co.uk</Email>
      </Author>
      <Author>
        <Name>George</Name>
        <Email>gweasley@hogwarts.co.uk</Email>
      </Author>
    </Authors>
    <name>Book1</name>
  </book>
  <book year="2014" isbn="ISBN83763550019---11">
    <Authors>
      <Author>
        <Name>Fred</Name>
        <Email>fweasley@hogwarts.co.uk</Email>
      </Author>
      <Author>
        <Name>George</Name>
        <Email>gweasley@hogwarts.co.uk</Email>
      </Author>
    </Authors>
    <name>Book2</name>
  </book>
  <book year="2014" isbn="ISBN83763550019---11">
    <Authors>
      <Author>
        <Name>Fred</Name>
        <Email>fweasley@hogwarts.co.uk</Email>
      </Author>
      <Author>
        <Name>George</Name>
        <Email>gweasley@hogwarts.co.uk</Email>
      </Author>
    </Authors>
    <name>Book1</name>
  </book>
  <book year="2014" isbn="ISBN83763550019---11">
    <Authors>
      <Author>
        <Name>Fred</Name>
        <Email>fweasley@hogwarts.co.uk</Email>
      </Author>
      <Author>
        <Name>George</Name>
        <Email>gweasley@hogwarts.co.uk</Email>
      </Author>
    </Authors>
    <name>Book2</name>
  </book>
  <book year="2014" isbn="ISBN83763550019---11">
    <Authors>
      <Author>
        <Name>Fred</Name>
        <Email>fweasley@hogwarts.co.uk</Email>
      </Author>
      <Author>
        <Name>George</Name>
        <Email>gweasley@hogwarts.co.uk</Email>
      </Author>
    </Authors>
    <name>Book1</name>
  </book>
  <book year="2014" isbn="ISBN83763550019---11">
    <Authors>
      <Author>
        <Name>Fred</Name>
        <Email>fweasley@hogwarts.co.uk</Email>
      </Author>
      <Author>
        <Name>George</Name>
        <Email>gweasley@hogwarts.co.uk</Email>
      </Author>
    </Authors>
    <name>Book2</name>
  </book>
  <book year="2014" isbn="ISBN83763550019---11">
    <Authors>
      <Author>
        <Name>Fred</Name>
        <Email>fweasley@hogwarts.co.uk</Email>
      </Author>
      <Author>
        <Name>George</Name>
        <Email>gweasley@hogwarts.co.uk</Email>
      </Author>
    </Authors>
    <name>Book1</name>
  </book>
  <book year="2014" isbn="ISBN83763550019---11">
    <Authors>
      <Author>
        <Name>Fred</Name>
        <Email>fweasley@hogwarts.co.uk</Email>
      </Author>
      <Author>
        <Name>George</Name>
        <Email>gweasley@hogwarts.co.uk</Email>
      </Author>
    </Authors>
    <name>Book2</name>
  </book>
  <book year="2014" isbn="ISBN83763550019---11">
    <Authors>
      <Author>
        <Name>Fred</Name>
        <Email>fweasley@hogwarts.co.uk</Email>
      </Author>
      <Author>
        <Name>George</Name>
        <Email>gweasley@hogwarts.co.uk</Email>
      </Author>
    </Authors>
    <name>Book1</name>
  </book>
  <book year="2014" isbn="ISBN83763550019---11">
    <Authors>
      <Author>
        <Name>Fred</Name>
        <Email>fweasley@hogwarts.co.uk</Email>
      </Author>
      <Author>
        <Name>George</Name>
        <Email>gweasley@hogwarts.co.uk</Email>
      </Author>
    </Authors>
    <name>Book2</name>
  </book>
  <book year="2014" isbn="ISBN83763550019---11">
    <Authors>
      <Author>
        <Name>Fred</Name>
        <Email>fweasley@hogwarts.co.uk</Email>
      </Author>
      <Author>
        <Name>George</Name>
        <Email>gweasley@hogwarts.co.uk</Email>
      </Author>
    </Authors>
    <name>Book1</name>
  </book>
  <book year="2014" isbn="ISBN83763550019---11">
    <Authors>
      <Author>
        <Name>Fred</Name>
        <Email>fweasley@hogwarts.co.uk</Email>
      </Author>
      <Author>
        <Name>George</Name>
        <Email>gweasley@hogwarts.co.uk</Email>
      </Author>
    </Authors>
    <name>Book2</name>
  </book>
  <book year="2014" isbn="ISBN83763550019---11">
    <Authors>
      <Author>
        <Name>Fred</Name>
        <Email>fweasley@hogwarts.co.uk</Email>
      </Author>
      <Author>
        <Name>George</Name>
        <Email>gweasley@hogwarts.co.uk</Email>
      </Author>
    </Authors>
    <name>Book1</name>
  </book>
  <book year="2014" isbn="ISBN83763550019---11">
    <Authors>
      <Author>
        <Name>Fred</Name>
        <Email>fweasley@hogwarts.co.uk</Email>
      </Author>
      <Author>
        <Name>George</Name>
        <Email>gweasley@hogwarts.co.uk</Email>
      </Author>
    </Authors>
    <name>Book2</name>
  </book>
  <book year="2014" isbn="ISBN83763550019---11">
    <Authors>
      <Author>
        <Name>Fred</Name>
        <Email>fweasley@hogwarts.co.uk</Email>
      </Author>
      <Author>
        <Name>George</Name>
        <Email>gweasley@hogwarts.co.uk</Email>
      </Author>
    </Authors>
    <name>Book1</name>
  </book>
  <book year="2014" isbn="ISBN83763550019---11">
    <Authors>
      <Author>
        <Name>Fred</Name>
        <Email>fweasley@hogwarts.co.uk</Email>
      </Author>
      <Author>
        <Name>George</Name>
        <Email>gweasley@hogwarts.co.uk</Email>
      </Author>
    </Authors>
    <name>Book2</name>
  </book>
  <book year="2014" isbn="ISBN83763550019---11">
    <Authors>
      <Author>
        <Name>Fred</Name>
        <Email>fweasley@hogwarts.co.uk</Email>
      </Author>
      <Author>
        <Name>George</Name>
        <Email>gweasley@hogwarts.co.uk</Email>
      </Author>
    </Authors>
    <name>Book1</name>
  </book>
  <book year="2014" isbn="ISBN83763550019---11">
    <Authors>
      <Author>
        <Name>Fred</Name>
        <Email>fweasley@hogwarts.co.uk</Email>
      </Author>
      <Author>
        <Name>George</Name>
        <Email>gweasley@hogwarts.co.uk</Email>
      </Author>
    </Authors>
    <name>Book2</name>
  </book>
  <book year="2014" isbn="ISBN83763550019---11">
    <Authors>
      <Author>
        <Name>Fred</Name>
        <Email>fweasley@hogwarts.co.uk</Email>
      </Author>
      <Author>
        <Name>George</Name>
        <Email>gweasley@hogwarts.co.uk</Email>
      </Author>
    </Authors>
    <name>Book1</name>
  </book>
  <book year="2014" isbn="ISBN83763550019---11">
    <Authors>
      <Author>
        <Name>Fred</Name>
        <Email>fweasley@hogwarts.co.uk</Email>
      </Author>
      <Author>
        <Name>George</Name>
        <Email>gweasley@hogwarts.co.uk</Email>
      </Author>
    </Authors>
    <name>Book2</name>
  </book>
  <book year="2014" isbn="ISBN83763550019---11">
    <Authors>
      <Author>
        <Name>Fred</Name>
        <Email>fweasley@hogwarts.co.uk</Email>
      </Author>
      <Author>
        <Name>George</Name>
        <Email>gweasley@hogwarts.co.uk</Email>
      </Author>
    </Authors>
    <name>Book1</name>
  </book>
  <book year="2014" isbn="ISBN83763550019---11">
    <Authors>
      <Author>
        <Name>Fred</Name>
        <Email>fweasley@hogwarts.co.uk</Email>
      </Author>
      <Author>
        <Name>George</Name>
        <Email>gweasley@hogwarts.co.uk</Email>
      </Author>
    </Authors>
    <name>Book2</name>
  </book>
  <book year="2014" isbn="ISBN83763550019---11">
    <Authors>
      <Author>
        <Name>Fred</Name>
        <Email>fweasley@hogwarts.co.uk</Email>
      </Author>
      <Author>
        <Name>George</Name>
        <Email>gweasley@hogwarts.co.uk</Email>
      </Author>
    </Authors>
    <name>Book1</name>
  </book>
  <book year="2014" isbn="ISBN83763550019---11">
    <Authors>
      <Author>
        <Name>Fred</Name>
        <Email>fweasley@hogwarts.co.uk</Email>
      </Author>
      <Author>
        <Name>George</Name>
        <Email>gweasley@hogwarts.co.uk</Email>
      </Author>
    </Authors>
    <name>Book2</name>
  </book>
  <book year="2014" isbn="ISBN83763550019---11">
    <Authors>
      <Author>
        <Name>Fred</Name>
        <Email>fweasley@hogwarts.co.uk</Email>
      </Author>
      <Author>
        <Name>George</Name>
        <Email>gweasley@hogwarts.co.uk</Email>
      </Author>
    </Authors>
    <name>Book1</name>
  </book>
  <book year="2014" isbn="ISBN83763550019---11">
    <Authors>
      <Author>
        <Name>Fred</Name>
        <Email>fweasley@hogwarts.co.uk</Email>
      </Author>
      <Author>
        <Name>George</Name>
        <Email>gweasley@hogwarts.co.uk</Email>
      </Author>
    </Authors>
    <name>Book2</name>
  </book>
  <book year="2014" isbn="ISBN83763550019---11">
    <Authors>
      <Author>
        <Name>Fred</Name>
        <Email>fweasley@hogwarts.co.uk</Email>
      </Author>
      <Author>
        <Name>George</Name>
        <Email>gweasley@hogwarts.co.uk</Email>
      </Author>
    </Authors>
    <name>Book1</name>
  </book>
  <book year="2014" isbn="ISBN83763550019---11">
    <Authors>
      <Author>
        <Name>Fred</Name>
        <Email>fweasley@hogwarts.co.uk</Email>
      </Author>
      <Author>
        <Name>George</Name>
        <Email>gweasley@hogwarts.co.uk</Email>
      </Author>
    </Authors>
    <name>Book2</name>
  </book>
  <book year="2014" isbn="ISBN83763550019---11">
    <Authors>
      <Author>
        <Name>Fred</Name>
        <Email>fweasley@hogwarts.co.uk</Email>
      </Author>
      <Author>
        <Name>George</Name>
        <Email>gweasley@hogwarts.co.uk</Email>
      </Author>
    </Authors>
    <name>Book1</name>
  </book>
  <book year="2014" isbn="ISBN83763550019---11">
    <Authors>
      <Author>
        <Name>Fred</Name>
        <Email>fweasley@hogwarts.co.uk</Email>
      </Author>
      <Author>
        <Name>George</Name>
        <Email>gweasley@hogwarts.co.uk</Email>
      </Author>
    </Authors>
    <name>Book2</name>
  </book>
  <book year="2014" isbn="ISBN83763550019---11">
    <Authors>
      <Author>
        <Name>Fred</Name>
        <Email>fweasley@hogwarts.co.uk</Email>
      </Author>
      <Author>
        <Name>George</Name>
        <Email>gweasley@hogwarts.co.uk</Email>
      </Author>
    </Authors>
    <name>Book1</name>
  </book>
  <book year="2014" isbn="ISBN83763550019---11">
    <Authors>
      <Author>
        <Name>Fred</Name>
        <Email>fweasley@hogwarts.co.uk</Email>
      </Author>
      <Author>
        <Name>George</Name>
        <Email>gweasley@hogwarts.co.uk</Email>
      </Author>
    </Authors>
    <name>Book2</name>
  </book>
  <book year="2014" isbn="ISBN83763550019---11">
    <Authors>
      <Author>
        <Name>Fred</Name>
        <Email>fweasley@hogwarts.co.uk</Email>
      </Author>
      <Author>
        <Name>George</Name>
        <Email>gweasley@hogwarts.co.uk</Email>
      </Author>
    </Authors>
    <name>Book1</name>
  </book>
  <book year="2014" isbn="ISBN83763550019---11">
    <Authors>
      <Author>
        <Name>Fred</Name>
        <Email>fweasley@hogwarts.co.uk</Email>
      </Author>
      <Author>
        <Name>George</Name>
        <Email>gweasley@hogwarts.co.uk</Email>
      </Author>
    </Authors>
    <name>Book2</name>
  </book>
  <book year="2014" isbn="ISBN83763550019---11">
    <Authors>
      <Author>
        <Name>Fred</Name>
        <Email>fweasley@hogwarts.co.uk</Email>
      </Author>
      <Author>
        <Name>George</Name>
        <Email>gweasley@hogwarts.co.uk</Email>
      </Author>
    </Authors>
    <name>Book1</name>
  </book>
  <book year="2014" isbn="ISBN83763550019---11">
    <Authors>
      <Author>
        <Name>Fred</Name>
        <Email>fweasley@hogwarts.co.uk</Email>
      </Author>
      <Author>
        <Name>George</Name>
        <Email>gweasley@hogwarts.co.uk</Email>
      </Author>
    </Authors>
    <name>Book2</name>
  </book>
  <book year="2014" isbn="ISBN83763550019---11">
    <Authors>
      <Author>
        <Name>Fred</Name>
        <Email>fweasley@hogwarts.co.uk</Email>
      </Author>
      <Author>
        <Name>George</Name>
        <Email>gweasley@hogwarts.co.uk</Email>
      </Author>
    </Authors>
    <name>Book1</name>
  </book>
  <book year="2014" isbn="ISBN83763550019---11">
    <Authors>
      <Author>
        <Name>Fred</Name>
        <Email>fweasley@hogwarts.co.uk</Email>
      </Author>
      <Author>
        <Name>George</Name>
        <Email>gweasley@hogwarts.co.uk</Email>
      </Author>
    </Authors>
    <name>Book2</name>
  </book>
  <book year="2014" isbn="ISBN83763550019---11">
    <Authors>
      <Author>
        <Name>Fred</Name>
        <Email>fweasley@hogwarts.co.uk</Email>
      </Author>
      <Author>
        <Name>George</Name>
        <Email>gweasley@hogwarts.co.uk</Email>
      </Author>
    </Authors>
    <name>Book1</name>
  </book>
  <book year="2014" isbn="ISBN83763550019---11">
    <Authors>
      <Author>
        <Name>Fred</Name>
        <Email>fweasley@hogwarts.co.uk</Email>
      </Author>
      <Author>
        <Name>George</Name>
        <Email>gweasley@hogwarts.co.uk</Email>
      </Author>
    </Authors>
    <name>Book2</name>
  </book>
  <book year="2014" isbn="ISBN83763550019---11">
    <Authors>
      <Author>
        <Name>Fred</Name>
        <Email>fweasley@hogwarts.co.uk</Email>
      </Author>
      <Author>
        <Name>George</Name>
        <Email>gweasley@hogwarts.co.uk</Email>
      </Author>
    </Authors>
    <name>Book1</name>
  </book>
  <book year="2014" isbn="ISBN83763550019---11">
    <Authors>
      <Author>
        <Name>Fred</Name>
        <Email>fweasley@hogwarts.co.uk</Email>
      </Author>
      <Author>
        <Name>George</Name>
        <Email>gweasley@hogwarts.co.uk</Email>
      </Author>
    </Authors>
    <name>Book2</name>
  </book>
  <book year="2014" isbn="ISBN83763550019---11">
    <Authors>
      <Author>
        <Name>Fred</Name>
        <Email>fweasley@hogwarts.co.uk</Email>
      </Author>
      <Author>
        <Name>George</Name>
        <Email>gweasley@hogwarts.co.uk</Email>
      </Author>
    </Authors>
    <name>Book1</name>
  </book>
  <book year="2014" isbn="ISBN83763550019---11">
    <Authors>
      <Author>
        <Name>Fred</Name>
        <Email>fweasley@hogwarts.co.uk</Email>
      </Author>
      <Author>
        <Name>George</Name>
        <Email>gweasley@hogwarts.co.uk</Email>
      </Author>
    </Authors>
    <name>Book2</name>
  </book>
  <book year="2014" isbn="ISBN83763550019---11">
    <Authors>
      <Author>
        <Name>Fred</Name>
        <Email>fweasley@hogwarts.co.uk</Email>
      </Author>
      <Author>
        <Name>George</Name>
        <Email>gweasley@hogwarts.co.uk</Email>
      </Author>
    </Authors>
    <name>Book1</name>
  </book>
  <book year="2014" isbn="ISBN83763550019---11">
    <Authors>
      <Author>
        <Name>Fred</Name>
        <Email>fweasley@hogwarts.co.uk</Email>
      </Author>
      <Author>
        <Name>George</Name>
        <Email>gweasley@hogwarts.co.uk</Email>
      </Author>
    </Authors>
    <name>Book2</name>
  </book>
  <book year="2014" isbn="ISBN83763550019---11">
    <Authors>
      <Author>
        <Name>Fred</Name>
        <Email>fweasley@hogwarts.co.uk</Email>
      </Author>
      <Author>
        <Name>George</Name>
        <Email>gweasley@hogwarts.co.uk</Email>
      </Author>
    </Authors>
    <name>Book1</name>
  </book>
  <book year="2014" isbn="ISBN83763550019---11">
    <Authors>
      <Author>
        <Name>Fred</Name>
        <Email>fweasley@hogwarts.co.uk</Email>
      </Author>
      <Author>
        <Name>George</Name>
        <Email>gweasley@hogwarts.co.uk</Email>
      </Author>
    </Authors>
    <name>Book2</name>
  </book>
  <book year="2014" isbn="ISBN83763550019---11">
    <Authors>
      <Author>
        <Name>Fred</Name>
        <Email>fweasley@hogwarts.co.uk</Email>
      </Author>
      <Author>
        <Name>George</Name>
        <Email>gweasley@hogwarts.co.uk</Email>
      </Author>
    </Authors>
    <name>Book1</name>
  </book>
  <book year="2014" isbn="ISBN83763550019---11">
    <Authors>
      <Author>
        <Name>Fred</Name>
        <Email>fweasley@hogwarts.co.uk</Email>
      </Author>
      <Author>
        <Name>George</Name>
        <Email>gweasley@hogwarts.co.uk</Email>
      </Author>
    </Authors>
    <name>Book2</name>
  </book>
  <book year="2014" isbn="ISBN83763550019---11">
    <Authors>
      <Author>
        <Name>Fred</Name>
        <Email>fweasley@hogwarts.co.uk</Email>
      </Author>
      <Author>
        <Name>George</Name>
        <Email>gweasley@hogwarts.co.uk</Email>
      </Author>
    </Authors>
    <name>Book1</name>
  </book>
  <book year="2014" isbn="ISBN83763550019---11">
    <Authors>
      <Author>
        <Name>Fred</Name>
        <Email>fweasley@hogwarts.co.uk</Email>
      </Author>
      <Author>
        <Name>George</Name>
        <Email>gweasley@hogwarts.co.uk</Email>
      </Author>
    </Authors>
    <name>Book2</name>
  </book>
  <book year="2014" isbn="ISBN83763550019---11">
    <Authors>
      <Author>
        <Name>Fred</Name>
        <Email>fweasley@hogwarts.co.uk</Email>
      </Author>
      <Author>
        <Name>George</Name>
        <Email>gweasley@hogwarts.co.uk</Email>
      </Author>
    </Authors>
    <name>Book1</name>
  </book>
  <book year="2014" isbn="ISBN83763550019---11">
    <Authors>
      <Author>
        <Name>Fred</Name>
        <Email>fweasley@hogwarts.co.uk</Email>
      </Author>
      <Author>
        <Name>George</Name>
        <Email>gweasley@hogwarts.co.uk</Email>
      </Author>
    </Authors>
    <name>Book2</name>
  </book>
  <book year="2014" isbn="ISBN83763550019---11">
    <Authors>
      <Author>
        <Name>Fred</Name>
        <Email>fweasley@hogwarts.co.uk</Email>
      </Author>
      <Author>
        <Name>George</Name>
        <Email>gweasley@hogwarts.co.uk</Email>
      </Author>
    </Authors>
    <name>Book1</name>
  </book>
  <book year="2014" isbn="ISBN83763550019---11">
    <Authors>
      <Author>
        <Name>Fred</Name>
        <Email>fweasley@hogwarts.co.uk</Email>
      </Author>
      <Author>
        <Name>George</Name>
        <Email>gweasley@hogwarts.co.uk</Email>
      </Author>
    </Authors>
    <name>Book2</name>
  </book>
  <book year="2014" isbn="ISBN83763550019---11">
    <Authors>
      <Author>
        <Name>Fred</Name>
        <Email>fweasley@hogwarts.co.uk</Email>
      </Author>
      <Author>
        <Name>George</Name>
        <Email>gweasley@hogwarts.co.uk</Email>
      </Author>
    </Authors>
    <name>Book1</name>
  </book>
  <book year="2014" isbn="ISBN83763550019---11">
    <Authors>
      <Author>
        <Name>Fred</Name>
        <Email>fweasley@hogwarts.co.uk</Email>
      </Author>
      <Author>
        <Name>George</Name>
        <Email>gweasley@hogwarts.co.uk</Email>
      </Author>
    </Authors>
    <name>Book2</name>
  </book>
  <book year="2014" isbn="ISBN83763550019---11">
    <Authors>
      <Author>
        <Name>Fred</Name>
        <Email>fweasley@hogwarts.co.uk</Email>
      </Author>
      <Author>
        <Name>George</Name>
        <Email>gweasley@hogwarts.co.uk</Email>
      </Author>
    </Authors>
    <name>Book1</name>
  </book>
  <book year="2014" isbn="ISBN83763550019---11">
    <Authors>
      <Author>
        <Name>Fred</Name>
        <Email>fweasley@hogwarts.co.uk</Email>
      </Author>
      <Author>
        <Name>George</Name>
        <Email>gweasley@hogwarts.co.uk</Email>
      </Author>
    </Authors>
    <name>Book2</name>
  </book>
  <book year="2014" isbn="ISBN83763550019---11">
    <Authors>
      <Author>
        <Name>Fred</Name>
        <Email>fweasley@hogwarts.co.uk</Email>
      </Author>
      <Author>
        <Name>George</Name>
        <Email>gweasley@hogwarts.co.uk</Email>
      </Author>
    </Authors>
    <name>Book1</name>
  </book>
  <book year="2014" isbn="ISBN83763550019---11">
    <Authors>
      <Author>
        <Name>Fred</Name>
        <Email>fweasley@hogwarts.co.uk</Email>
      </Author>
      <Author>
        <Name>George</Name>
        <Email>gweasley@hogwarts.co.uk</Email>
      </Author>
    </Authors>
    <name>Book2</name>
  </book>
  <book year="2014" isbn="ISBN83763550019---11">
    <Authors>
      <Author>
        <Name>Fred</Name>
        <Email>fweasley@hogwarts.co.uk</Email>
      </Author>
      <Author>
        <Name>George</Name>
        <Email>gweasley@hogwarts.co.uk</Email>
      </Author>
    </Authors>
    <name>Book1</name>
  </book>
  <book year="2014" isbn="ISBN83763550019---11">
    <Authors>
      <Author>
        <Name>Fred</Name>
        <Email>fweasley@hogwarts.co.uk</Email>
      </Author>
      <Author>
        <Name>George</Name>
        <Email>gweasley@hogwarts.co.uk</Email>
      </Author>
    </Authors>
    <name>Book2</name>
  </book>
  <book year="2014" isbn="ISBN83763550019---11">
    <Authors>
      <Author>
        <Name>Fred</Name>
        <Email>fweasley@hogwarts.co.uk</Email>
      </Author>
      <Author>
        <Name>George</Name>
        <Email>gweasley@hogwarts.co.uk</Email>
      </Author>
    </Authors>
    <name>Book1</name>
  </book>
  <book year="2014" isbn="ISBN83763550019---11">
    <Authors>
      <Author>
        <Name>Fred</Name>
        <Email>fweasley@hogwarts.co.uk</Email>
      </Author>
      <Author>
        <Name>George</Name>
        <Email>gweasley@hogwarts.co.uk</Email>
      </Author>
    </Authors>
    <name>Book2</name>
  </book>
  <book year="2014" isbn="ISBN83763550019---11">
    <Authors>
      <Author>
        <Name>Fred</Name>
        <Email>fweasley@hogwarts.co.uk</Email>
      </Author>
      <Author>
        <Name>George</Name>
        <Email>gweasley@hogwarts.co.uk</Email>
      </Author>
    </Authors>
    <name>Book1</name>
  </book>
  <book year="2014" isbn="ISBN83763550019---11">
    <Authors>
      <Author>
        <Name>Fred</Name>
        <Email>fweasley@hogwarts.co.uk</Email>
      </Author>
      <Author>
        <Name>George</Name>
        <Email>gweasley@hogwarts.co.uk</Email>
      </Author>
    </Authors>
    <name>Book2</name>
  </book>
  <book year="2014" isbn="ISBN83763550019---11">
    <Authors>
      <Author>
        <Name>Fred</Name>
        <Email>fweasley@hogwarts.co.uk</Email>
      </Author>
      <Author>
        <Name>George</Name>
        <Email>gweasley@hogwarts.co.uk</Email>
      </Author>
    </Authors>
    <name>Book1</name>
  </book>
  <book year="2014" isbn="ISBN83763550019---11">
    <Authors>
      <Author>
        <Name>Fred</Name>
        <Email>fweasley@hogwarts.co.uk</Email>
      </Author>
      <Author>
        <Name>George</Name>
        <Email>gweasley@hogwarts.co.uk</Email>
      </Author>
    </Authors>
    <name>Book2</name>
  </book>
  <book year="2014" isbn="ISBN83763550019---11">
    <Authors>
      <Author>
        <Name>Fred</Name>
        <Email>fweasley@hogwarts.co.uk</Email>
      </Author>
      <Author>
        <Name>George</Name>
        <Email>gweasley@hogwarts.co.uk</Email>
      </Author>
    </Authors>
    <name>Book1</name>
  </book>
  <book year="2014" isbn="ISBN83763550019---11">
    <Authors>
      <Author>
        <Name>Fred</Name>
        <Email>fweasley@hogwarts.co.uk</Email>
      </Author>
      <Author>
        <Name>George</Name>
        <Email>gweasley@hogwarts.co.uk</Email>
      </Author>
    </Authors>
    <name>Book2</name>
  </book>
  <book year="2014" isbn="ISBN83763550019---11">
    <Authors>
      <Author>
        <Name>Fred</Name>
        <Email>fweasley@hogwarts.co.uk</Email>
      </Author>
      <Author>
        <Name>George</Name>
        <Email>gweasley@hogwarts.co.uk</Email>
      </Author>
    </Authors>
    <name>Book1</name>
  </book>
  <book year="2014" isbn="ISBN83763550019---11">
    <Authors>
      <Author>
        <Name>Fred</Name>
        <Email>fweasley@hogwarts.co.uk</Email>
      </Author>
      <Author>
        <Name>George</Name>
        <Email>gweasley@hogwarts.co.uk</Email>
      </Author>
    </Authors>
    <name>Book2</name>
  </book>
  <book year="2014" isbn="ISBN83763550019---11">
    <Authors>
      <Author>
        <Name>Fred</Name>
        <Email>fweasley@hogwarts.co.uk</Email>
      </Author>
      <Author>
        <Name>George</Name>
        <Email>gweasley@hogwarts.co.uk</Email>
      </Author>
    </Authors>
    <name>Book1</name>
  </book>
  <book year="2014" isbn="ISBN83763550019---11">
    <Authors>
      <Author>
        <Name>Fred</Name>
        <Email>fweasley@hogwarts.co.uk</Email>
      </Author>
      <Author>
        <Name>George</Name>
        <Email>gweasley@hogwarts.co.uk</Email>
      </Author>
    </Authors>
    <name>Book2</name>
  </book>
  <book year="2014" isbn="ISBN83763550019---11">
    <Authors>
      <Author>
        <Name>Fred</Name>
        <Email>fweasley@hogwarts.co.uk</Email>
      </Author>
      <Author>
        <Name>George</Name>
        <Email>gweasley@hogwarts.co.uk</Email>
      </Author>
    </Authors>
    <name>Book1</name>
  </book>
  <book year="2014" isbn="ISBN83763550019---11">
    <Authors>
      <Author>
        <Name>Fred</Name>
        <Email>fweasley@hogwarts.co.uk</Email>
      </Author>
      <Author>
        <Name>George</Name>
        <Email>gweasley@hogwarts.co.uk</Email>
      </Author>
    </Authors>
    <name>Book2</name>
  </book>
  <book year="2014" isbn="ISBN83763550019---11">
    <Authors>
      <Author>
        <Name>Fred</Name>
        <Email>fweasley@hogwarts.co.uk</Email>
      </Author>
      <Author>
        <Name>George</Name>
        <Email>gweasley@hogwarts.co.uk</Email>
      </Author>
    </Authors>
    <name>Book1</name>
  </book>
  <book year="2014" isbn="ISBN83763550019---11">
    <Authors>
      <Author>
        <Name>Fred</Name>
        <Email>fweasley@hogwarts.co.uk</Email>
      </Author>
      <Author>
        <Name>George</Name>
        <Email>gweasley@hogwarts.co.uk</Email>
      </Author>
    </Authors>
    <name>Book2</name>
  </book>
  <book year="2014" isbn="ISBN83763550019---11">
    <Authors>
      <Author>
        <Name>Fred</Name>
        <Email>fweasley@hogwarts.co.uk</Email>
      </Author>
      <Author>
        <Name>George</Name>
        <Email>gweasley@hogwarts.co.uk</Email>
      </Author>
    </Authors>
    <name>Book1</name>
  </book>
  <book year="2014" isbn="ISBN83763550019---11">
    <Authors>
      <Author>
        <Name>Fred</Name>
        <Email>fweasley@hogwarts.co.uk</Email>
      </Author>
      <Author>
        <Name>George</Name>
        <Email>gweasley@hogwarts.co.uk</Email>
      </Author>
    </Authors>
    <name>Book2</name>
  </book>
  <book year="2014" isbn="ISBN83763550019---11">
    <Authors>
      <Author>
        <Name>Fred</Name>
        <Email>fweasley@hogwarts.co.uk</Email>
      </Author>
      <Author>
        <Name>George</Name>
        <Email>gweasley@hogwarts.co.uk</Email>
      </Author>
    </Authors>
    <name>Book1</name>
  </book>
  <book year="2014" isbn="ISBN83763550019---11">
    <Authors>
      <Author>
        <Name>Fred</Name>
        <Email>fweasley@hogwarts.co.uk</Email>
      </Author>
      <Author>
        <Name>George</Name>
        <Email>gweasley@hogwarts.co.uk</Email>
      </Author>
    </Authors>
    <name>Book2</name>
  </book>
  <book year="2014" isbn="ISBN83763550019---11">
    <Authors>
      <Author>
        <Name>Fred</Name>
        <Email>fweasley@hogwarts.co.uk</Email>
      </Author>
      <Author>
        <Name>George</Name>
        <Email>gweasley@hogwarts.co.uk</Email>
      </Author>
    </Authors>
    <name>Book1</name>
  </book>
  <book year="2014" isbn="ISBN83763550019---11">
    <Authors>
      <Author>
        <Name>Fred</Name>
        <Email>fweasley@hogwarts.co.uk</Email>
      </Author>
      <Author>
        <Name>George</Name>
        <Email>gweasley@hogwarts.co.uk</Email>
      </Author>
    </Authors>
    <name>Book2</name>
  </book>
  <book year="2014" isbn="ISBN83763550019---11">
    <Authors>
      <Author>
        <Name>Fred</Name>
        <Email>fweasley@hogwarts.co.uk</Email>
      </Author>
      <Author>
        <Name>George</Name>
        <Email>gweasley@hogwarts.co.uk</Email>
      </Author>
    </Authors>
    <name>Book1</name>
  </book>
  <book year="2014" isbn="ISBN83763550019---11">
    <Authors>
      <Author>
        <Name>Fred</Name>
        <Email>fweasley@hogwarts.co.uk</Email>
      </Author>
      <Author>
        <Name>George</Name>
        <Email>gweasley@hogwarts.co.uk</Email>
      </Author>
    </Authors>
    <name>Book2</name>
  </book>
  <book year="2014" isbn="ISBN83763550019---11">
    <Authors>
      <Author>
        <Name>Fred</Name>
        <Email>fweasley@hogwarts.co.uk</Email>
      </Author>
      <Author>
        <Name>George</Name>
        <Email>gweasley@hogwarts.co.uk</Email>
      </Author>
    </Authors>
    <name>Book1</name>
  </book>
  <book year="2014" isbn="ISBN83763550019---11">
    <Authors>
      <Author>
        <Name>Fred</Name>
        <Email>fweasley@hogwarts.co.uk</Email>
      </Author>
      <Author>
        <Name>George</Name>
        <Email>gweasley@hogwarts.co.uk</Email>
      </Author>
    </Authors>
    <name>Book2</name>
  </book>
  <book year="2014" isbn="ISBN83763550019---11">
    <Authors>
      <Author>
        <Name>Fred</Name>
        <Email>fweasley@hogwarts.co.uk</Email>
      </Author>
      <Author>
        <Name>George</Name>
        <Email>gweasley@hogwarts.co.uk</Email>
      </Author>
    </Authors>
    <name>Book1</name>
  </book>
  <book year="2014" isbn="ISBN83763550019---11">
    <Authors>
      <Author>
        <Name>Fred</Name>
        <Email>fweasley@hogwarts.co.uk</Email>
      </Author>
      <Author>
        <Name>George</Name>
        <Email>gweasley@hogwarts.co.uk</Email>
      </Author>
    </Authors>
    <name>Book2</name>
  </book>
  <book year="2014" isbn="ISBN83763550019---11">
    <Authors>
      <Author>
        <Name>Fred</Name>
        <Email>fweasley@hogwarts.co.uk</Email>
      </Author>
      <Author>
        <Name>George</Name>
        <Email>gweasley@hogwarts.co.uk</Email>
      </Author>
    </Authors>
    <name>Book1</name>
  </book>
  <book year="2014" isbn="ISBN83763550019---11">
    <Authors>
      <Author>
        <Name>Fred</Name>
        <Email>fweasley@hogwarts.co.uk</Email>
      </Author>
      <Author>
        <Name>George</Name>
        <Email>gweasley@hogwarts.co.uk</Email>
      </Author>
    </Authors>
    <name>Book2</name>
  </book>
  <book year="2014" isbn="ISBN83763550019---11">
    <Authors>
      <Author>
        <Name>Fred</Name>
        <Email>fweasley@hogwarts.co.uk</Email>
      </Author>
      <Author>
        <Name>George</Name>
        <Email>gweasley@hogwarts.co.uk</Email>
      </Author>
    </Authors>
    <name>Book1</name>
  </book>
  <book year="2014" isbn="ISBN83763550019---11">
    <Authors>
      <Author>
        <Name>Fred</Name>
        <Email>fweasley@hogwarts.co.uk</Email>
      </Author>
      <Author>
        <Name>George</Name>
        <Email>gweasley@hogwarts.co.uk</Email>
      </Author>
    </Authors>
    <name>Book2</name>
  </book>
  <book year="2014" isbn="ISBN83763550019---11">
    <Authors>
      <Author>
        <Name>Fred</Name>
        <Email>fweasley@hogwarts.co.uk</Email>
      </Author>
      <Author>
        <Name>George</Name>
        <Email>gweasley@hogwarts.co.uk</Email>
      </Author>
    </Authors>
    <name>Book1</name>
  </book>
  <book year="2014" isbn="ISBN83763550019---11">
    <Authors>
      <Author>
        <Name>Fred</Name>
        <Email>fweasley@hogwarts.co.uk</Email>
      </Author>
      <Author>
        <Name>George</Name>
        <Email>gweasley@hogwarts.co.uk</Email>
      </Author>
    </Authors>
    <name>Book2</name>
  </book>
  <book year="2014" isbn="ISBN83763550019---11">
    <Authors>
      <Author>
        <Name>Fred</Name>
        <Email>fweasley@hogwarts.co.uk</Email>
      </Author>
      <Author>
        <Name>George</Name>
        <Email>gweasley@hogwarts.co.uk</Email>
      </Author>
    </Authors>
    <name>Book1</name>
  </book>
  <book year="2014" isbn="ISBN83763550019---11">
    <Authors>
      <Author>
        <Name>Fred</Name>
        <Email>fweasley@hogwarts.co.uk</Email>
      </Author>
      <Author>
        <Name>George</Name>
        <Email>gweasley@hogwarts.co.uk</Email>
      </Author>
    </Authors>
    <name>Book2</name>
  </book>
  <book year="2014" isbn="ISBN83763550019---11">
    <Authors>
      <Author>
        <Name>Fred</Name>
        <Email>fweasley@hogwarts.co.uk</Email>
      </Author>
      <Author>
        <Name>George</Name>
        <Email>gweasley@hogwarts.co.uk</Email>
      </Author>
    </Authors>
    <name>Book1</name>
  </book>
  <book year="2014" isbn="ISBN83763550019---11">
    <Authors>
      <Author>
        <Name>Fred</Name>
        <Email>fweasley@hogwarts.co.uk</Email>
      </Author>
      <Author>
        <Name>George</Name>
        <Email>gweasley@hogwarts.co.uk</Email>
      </Author>
    </Authors>
    <name>Book2</name>
  </book>
  <book year="2014" isbn="ISBN83763550019---11">
    <Authors>
      <Author>
        <Name>Fred</Name>
        <Email>fweasley@hogwarts.co.uk</Email>
      </Author>
      <Author>
        <Name>George</Name>
        <Email>gweasley@hogwarts.co.uk</Email>
      </Author>
    </Authors>
    <name>Book1</name>
  </book>
  <book year="2014" isbn="ISBN83763550019---11">
    <Authors>
      <Author>
        <Name>Fred</Name>
        <Email>fweasley@hogwarts.co.uk</Email>
      </Author>
      <Author>
        <Name>George</Name>
        <Email>gweasley@hogwarts.co.uk</Email>
      </Author>
    </Authors>
    <name>Book2</name>
  </book>
  <book year="2014" isbn="ISBN83763550019---11">
    <Authors>
      <Author>
        <Name>Fred</Name>
        <Email>fweasley@hogwarts.co.uk</Email>
      </Author>
      <Author>
        <Name>George</Name>
        <Email>gweasley@hogwarts.co.uk</Email>
      </Author>
    </Authors>
    <name>Book1</name>
  </book>
  <book year="2014" isbn="ISBN83763550019---11">
    <Authors>
      <Author>
        <Name>Fred</Name>
        <Email>fweasley@hogwarts.co.uk</Email>
      </Author>
      <Author>
        <Name>George</Name>
        <Email>gweasley@hogwarts.co.uk</Email>
      </Author>
    </Authors>
    <name>Book2</name>
  </book>
  <book year="2014" isbn="ISBN83763550019---11">
    <Authors>
      <Author>
        <Name>Fred</Name>
        <Email>fweasley@hogwarts.co.uk</Email>
      </Author>
      <Author>
        <Name>George</Name>
        <Email>gweasley@hogwarts.co.uk</Email>
      </Author>
    </Authors>
    <name>Book1</name>
  </book>
  <book year="2014" isbn="ISBN83763550019---11">
    <Authors>
      <Author>
        <Name>Fred</Name>
        <Email>fweasley@hogwarts.co.uk</Email>
      </Author>
      <Author>
        <Name>George</Name>
        <Email>gweasley@hogwarts.co.uk</Email>
      </Author>
    </Authors>
    <name>Book2</name>
  </book>
  <book year="2014" isbn="ISBN83763550019---11">
    <Authors>
      <Author>
        <Name>Fred</Name>
        <Email>fweasley@hogwarts.co.uk</Email>
      </Author>
      <Author>
        <Name>George</Name>
        <Email>gweasley@hogwarts.co.uk</Email>
      </Author>
    </Authors>
    <name>Book1</name>
  </book>
  <book year="2014" isbn="ISBN83763550019---11">
    <Authors>
      <Author>
        <Name>Fred</Name>
        <Email>fweasley@hogwarts.co.uk</Email>
      </Author>
      <Author>
        <Name>George</Name>
        <Email>gweasley@hogwarts.co.uk</Email>
      </Author>
    </Authors>
    <name>Book2</name>
  </book>
  <book year="2014" isbn="ISBN83763550019---11">
    <Authors>
      <Author>
        <Name>Fred</Name>
        <Email>fweasley@hogwarts.co.uk</Email>
      </Author>
      <Author>
        <Name>George</Name>
        <Email>gweasley@hogwarts.co.uk</Email>
      </Author>
    </Authors>
    <name>Book1</name>
  </book>
  <book year="2014" isbn="ISBN83763550019---11">
    <Authors>
      <Author>
        <Name>Fred</Name>
        <Email>fweasley@hogwarts.co.uk</Email>
      </Author>
      <Author>
        <Name>George</Name>
        <Email>gweasley@hogwarts.co.uk</Email>
      </Author>
    </Authors>
    <name>Book2</name>
  </book>
  <book year="2014" isbn="ISBN83763550019---11">
    <Authors>
      <Author>
        <Name>Fred</Name>
        <Email>fweasley@hogwarts.co.uk</Email>
      </Author>
      <Author>
        <Name>George</Name>
        <Email>gweasley@hogwarts.co.uk</Email>
      </Author>
    </Authors>
    <name>Book1</name>
  </book>
  <book year="2014" isbn="ISBN83763550019---11">
    <Authors>
      <Author>
        <Name>Fred</Name>
        <Email>fweasley@hogwarts.co.uk</Email>
      </Author>
      <Author>
        <Name>George</Name>
        <Email>gweasley@hogwarts.co.uk</Email>
      </Author>
    </Authors>
    <name>Book2</name>
  </book>
  <book year="2014" isbn="ISBN83763550019---11">
    <Authors>
      <Author>
        <Name>Fred</Name>
        <Email>fweasley@hogwarts.co.uk</Email>
      </Author>
      <Author>
        <Name>George</Name>
        <Email>gweasley@hogwarts.co.uk</Email>
      </Author>
    </Authors>
    <name>Book1</name>
  </book>
  <book year="2014" isbn="ISBN83763550019---11">
    <Authors>
      <Author>
        <Name>Fred</Name>
        <Email>fweasley@hogwarts.co.uk</Email>
      </Author>
      <Author>
        <Name>George</Name>
        <Email>gweasley@hogwarts.co.uk</Email>
      </Author>
    </Authors>
    <name>Book2</name>
  </book>
  <book year="2014" isbn="ISBN83763550019---11">
    <Authors>
      <Author>
        <Name>Fred</Name>
        <Email>fweasley@hogwarts.co.uk</Email>
      </Author>
      <Author>
        <Name>George</Name>
        <Email>gweasley@hogwarts.co.uk</Email>
      </Author>
    </Authors>
    <name>Book1</name>
  </book>
  <book year="2014" isbn="ISBN83763550019---11">
    <Authors>
      <Author>
        <Name>Fred</Name>
        <Email>fweasley@hogwarts.co.uk</Email>
      </Author>
      <Author>
        <Name>George</Name>
        <Email>gweasley@hogwarts.co.uk</Email>
      </Author>
    </Authors>
    <name>Book2</name>
  </book>
  <book year="2014" isbn="ISBN83763550019---11">
    <Authors>
      <Author>
        <Name>Fred</Name>
        <Email>fweasley@hogwarts.co.uk</Email>
      </Author>
      <Author>
        <Name>George</Name>
        <Email>gweasley@hogwarts.co.uk</Email>
      </Author>
    </Authors>
    <name>Book1</name>
  </book>
  <book year="2014" isbn="ISBN83763550019---11">
    <Authors>
      <Author>
        <Name>Fred</Name>
        <Email>fweasley@hogwarts.co.uk</Email>
      </Author>
      <Author>
        <Name>George</Name>
        <Email>gweasley@hogwarts.co.uk</Email>
      </Author>
    </Authors>
    <name>Book2</name>
  </book>
  <book year="2014" isbn="ISBN83763550019---11">
    <Authors>
      <Author>
        <Name>Fred</Name>
        <Email>fweasley@hogwarts.co.uk</Email>
      </Author>
      <Author>
        <Name>George</Name>
        <Email>gweasley@hogwarts.co.uk</Email>
      </Author>
    </Authors>
    <name>Book1</name>
  </book>
  <book year="2014" isbn="ISBN83763550019---11">
    <Authors>
      <Author>
        <Name>Fred</Name>
        <Email>fweasley@hogwarts.co.uk</Email>
      </Author>
      <Author>
        <Name>George</Name>
        <Email>gweasley@hogwarts.co.uk</Email>
      </Author>
    </Authors>
    <name>Book2</name>
  </book>
  <book year="2014" isbn="ISBN83763550019---11">
    <Authors>
      <Author>
        <Name>Fred</Name>
        <Email>fweasley@hogwarts.co.uk</Email>
      </Author>
      <Author>
        <Name>George</Name>
        <Email>gweasley@hogwarts.co.uk</Email>
      </Author>
    </Authors>
    <name>Book1</name>
  </book>
  <book year="2014" isbn="ISBN83763550019---11">
    <Authors>
      <Author>
        <Name>Fred</Name>
        <Email>fweasley@hogwarts.co.uk</Email>
      </Author>
      <Author>
        <Name>George</Name>
        <Email>gweasley@hogwarts.co.uk</Email>
      </Author>
    </Authors>
    <name>Book2</name>
  </book>
  <book year="2014" isbn="ISBN83763550019---11">
    <Authors>
      <Author>
        <Name>Fred</Name>
        <Email>fweasley@hogwarts.co.uk</Email>
      </Author>
      <Author>
        <Name>George</Name>
        <Email>gweasley@hogwarts.co.uk</Email>
      </Author>
    </Authors>
    <name>Book1</name>
  </book>
  <book year="2014" isbn="ISBN83763550019---11">
    <Authors>
      <Author>
        <Name>Fred</Name>
        <Email>fweasley@hogwarts.co.uk</Email>
      </Author>
      <Author>
        <Name>George</Name>
        <Email>gweasley@hogwarts.co.uk</Email>
      </Author>
    </Authors>
    <name>Book2</name>
  </book>
  <book year="2014" isbn="ISBN83763550019---11">
    <Authors>
      <Author>
        <Name>Fred</Name>
        <Email>fweasley@hogwarts.co.uk</Email>
      </Author>
      <Author>
        <Name>George</Name>
        <Email>gweasley@hogwarts.co.uk</Email>
      </Author>
    </Authors>
    <name>Book1</name>
  </book>
  <book year="2014" isbn="ISBN83763550019---11">
    <Authors>
      <Author>
        <Name>Fred</Name>
        <Email>fweasley@hogwarts.co.uk</Email>
      </Author>
      <Author>
        <Name>George</Name>
        <Email>gweasley@hogwarts.co.uk</Email>
      </Author>
    </Authors>
    <name>Book2</name>
  </book>
  <book year="2014" isbn="ISBN83763550019---11">
    <Authors>
      <Author>
        <Name>Fred</Name>
        <Email>fweasley@hogwarts.co.uk</Email>
      </Author>
      <Author>
        <Name>George</Name>
        <Email>gweasley@hogwarts.co.uk</Email>
      </Author>
    </Authors>
    <name>Book1</name>
  </book>
  <book year="2014" isbn="ISBN83763550019---11">
    <Authors>
      <Author>
        <Name>Fred</Name>
        <Email>fweasley@hogwarts.co.uk</Email>
      </Author>
      <Author>
        <Name>George</Name>
        <Email>gweasley@hogwarts.co.uk</Email>
      </Author>
    </Authors>
    <name>Book2</name>
  </book>
  <book year="2014" isbn="ISBN83763550019---11">
    <Authors>
      <Author>
        <Name>Fred</Name>
        <Email>fweasley@hogwarts.co.uk</Email>
      </Author>
      <Author>
        <Name>George</Name>
        <Email>gweasley@hogwarts.co.uk</Email>
      </Author>
    </Authors>
    <name>Book1</name>
  </book>
  <book year="2014" isbn="ISBN83763550019---11">
    <Authors>
      <Author>
        <Name>Fred</Name>
        <Email>fweasley@hogwarts.co.uk</Email>
      </Author>
      <Author>
        <Name>George</Name>
        <Email>gweasley@hogwarts.co.uk</Email>
      </Author>
    </Authors>
    <name>Book2</name>
  </book>
  <book year="2014" isbn="ISBN83763550019---11">
    <Authors>
      <Author>
        <Name>Fred</Name>
        <Email>fweasley@hogwarts.co.uk</Email>
      </Author>
      <Author>
        <Name>George</Name>
        <Email>gweasley@hogwarts.co.uk</Email>
      </Author>
    </Authors>
    <name>Book1</name>
  </book>
  <book year="2014" isbn="ISBN83763550019---11">
    <Authors>
      <Author>
        <Name>Fred</Name>
        <Email>fweasley@hogwarts.co.uk</Email>
      </Author>
      <Author>
        <Name>George</Name>
        <Email>gweasley@hogwarts.co.uk</Email>
      </Author>
    </Authors>
    <name>Book2</name>
  </book>
  <book year="2014" isbn="ISBN83763550019---11">
    <Authors>
      <Author>
        <Name>Fred</Name>
        <Email>fweasley@hogwarts.co.uk</Email>
      </Author>
      <Author>
        <Name>George</Name>
        <Email>gweasley@hogwarts.co.uk</Email>
      </Author>
    </Authors>
    <name>Book1</name>
  </book>
  <book year="2014" isbn="ISBN83763550019---11">
    <Authors>
      <Author>
        <Name>Fred</Name>
        <Email>fweasley@hogwarts.co.uk</Email>
      </Author>
      <Author>
        <Name>George</Name>
        <Email>gweasley@hogwarts.co.uk</Email>
      </Author>
    </Authors>
    <name>Book2</name>
  </book>
  <book year="2014" isbn="ISBN83763550019---11">
    <Authors>
      <Author>
        <Name>Fred</Name>
        <Email>fweasley@hogwarts.co.uk</Email>
      </Author>
      <Author>
        <Name>George</Name>
        <Email>gweasley@hogwarts.co.uk</Email>
      </Author>
    </Authors>
    <name>Book1</name>
  </book>
  <book year="2014" isbn="ISBN83763550019---11">
    <Authors>
      <Author>
        <Name>Fred</Name>
        <Email>fweasley@hogwarts.co.uk</Email>
      </Author>
      <Author>
        <Name>George</Name>
        <Email>gweasley@hogwarts.co.uk</Email>
      </Author>
    </Authors>
    <name>Book2</name>
  </book>
  <book year="2014" isbn="ISBN83763550019---11">
    <Authors>
      <Author>
        <Name>Fred</Name>
        <Email>fweasley@hogwarts.co.uk</Email>
      </Author>
      <Author>
        <Name>George</Name>
        <Email>gweasley@hogwarts.co.uk</Email>
      </Author>
    </Authors>
    <name>Book1</name>
  </book>
  <book year="2014" isbn="ISBN83763550019---11">
    <Authors>
      <Author>
        <Name>Fred</Name>
        <Email>fweasley@hogwarts.co.uk</Email>
      </Author>
      <Author>
        <Name>George</Name>
        <Email>gweasley@hogwarts.co.uk</Email>
      </Author>
    </Authors>
    <name>Book2</name>
  </book>
  <book year="2014" isbn="ISBN83763550019---11">
    <Authors>
      <Author>
        <Name>Fred</Name>
        <Email>fweasley@hogwarts.co.uk</Email>
      </Author>
      <Author>
        <Name>George</Name>
        <Email>gweasley@hogwarts.co.uk</Email>
      </Author>
    </Authors>
    <name>Book1</name>
  </book>
  <book year="2014" isbn="ISBN83763550019---11">
    <Authors>
      <Author>
        <Name>Fred</Name>
        <Email>fweasley@hogwarts.co.uk</Email>
      </Author>
      <Author>
        <Name>George</Name>
        <Email>gweasley@hogwarts.co.uk</Email>
      </Author>
    </Authors>
    <name>Book2</name>
  </book>
  <book year="2014" isbn="ISBN83763550019---11">
    <Authors>
      <Author>
        <Name>Fred</Name>
        <Email>fweasley@hogwarts.co.uk</Email>
      </Author>
      <Author>
        <Name>George</Name>
        <Email>gweasley@hogwarts.co.uk</Email>
      </Author>
    </Authors>
    <name>Book1</name>
  </book>
  <book year="2014" isbn="ISBN83763550019---11">
    <Authors>
      <Author>
        <Name>Fred</Name>
        <Email>fweasley@hogwarts.co.uk</Email>
      </Author>
      <Author>
        <Name>George</Name>
        <Email>gweasley@hogwarts.co.uk</Email>
      </Author>
    </Authors>
    <name>Book2</name>
  </book>
  <book year="2014" isbn="ISBN83763550019---11">
    <Authors>
      <Author>
        <Name>Fred</Name>
        <Email>fweasley@hogwarts.co.uk</Email>
      </Author>
      <Author>
        <Name>George</Name>
        <Email>gweasley@hogwarts.co.uk</Email>
      </Author>
    </Authors>
    <name>Book1</name>
  </book>
  <book year="2014" isbn="ISBN83763550019---11">
    <Authors>
      <Author>
        <Name>Fred</Name>
        <Email>fweasley@hogwarts.co.uk</Email>
      </Author>
      <Author>
        <Name>George</Name>
        <Email>gweasley@hogwarts.co.uk</Email>
      </Author>
    </Authors>
    <name>Book2</name>
  </book>
  <book year="2014" isbn="ISBN83763550019---11">
    <Authors>
      <Author>
        <Name>Fred</Name>
        <Email>fweasley@hogwarts.co.uk</Email>
      </Author>
      <Author>
        <Name>George</Name>
        <Email>gweasley@hogwarts.co.uk</Email>
      </Author>
    </Authors>
    <name>Book1</name>
  </book>
  <book year="2014" isbn="ISBN83763550019---11">
    <Authors>
      <Author>
        <Name>Fred</Name>
        <Email>fweasley@hogwarts.co.uk</Email>
      </Author>
      <Author>
        <Name>George</Name>
        <Email>gweasley@hogwarts.co.uk</Email>
      </Author>
    </Authors>
    <name>Book2</name>
  </book>
  <book year="2014" isbn="ISBN83763550019---11">
    <Authors>
      <Author>
        <Name>Fred</Name>
        <Email>fweasley@hogwarts.co.uk</Email>
      </Author>
      <Author>
        <Name>George</Name>
        <Email>gweasley@hogwarts.co.uk</Email>
      </Author>
    </Authors>
    <name>Book1</name>
  </book>
  <book year="2014" isbn="ISBN83763550019---11">
    <Authors>
      <Author>
        <Name>Fred</Name>
        <Email>fweasley@hogwarts.co.uk</Email>
      </Author>
      <Author>
        <Name>George</Name>
        <Email>gweasley@hogwarts.co.uk</Email>
      </Author>
    </Authors>
    <name>Book2</name>
  </book>
  <book year="2014" isbn="ISBN83763550019---11">
    <Authors>
      <Author>
        <Name>Fred</Name>
        <Email>fweasley@hogwarts.co.uk</Email>
      </Author>
      <Author>
        <Name>George</Name>
        <Email>gweasley@hogwarts.co.uk</Email>
      </Author>
    </Authors>
    <name>Book1</name>
  </book>
  <book year="2014" isbn="ISBN83763550019---11">
    <Authors>
      <Author>
        <Name>Fred</Name>
        <Email>fweasley@hogwarts.co.uk</Email>
      </Author>
      <Author>
        <Name>George</Name>
        <Email>gweasley@hogwarts.co.uk</Email>
      </Author>
    </Authors>
    <name>Book2</name>
  </book>
  <book year="2014" isbn="ISBN83763550019---11">
    <Authors>
      <Author>
        <Name>Fred</Name>
        <Email>fweasley@hogwarts.co.uk</Email>
      </Author>
      <Author>
        <Name>George</Name>
        <Email>gweasley@hogwarts.co.uk</Email>
      </Author>
    </Authors>
    <name>Book1</name>
  </book>
  <book year="2014" isbn="ISBN83763550019---11">
    <Authors>
      <Author>
        <Name>Fred</Name>
        <Email>fweasley@hogwarts.co.uk</Email>
      </Author>
      <Author>
        <Name>George</Name>
        <Email>gweasley@hogwarts.co.uk</Email>
      </Author>
    </Authors>
    <name>Book2</name>
  </book>
  <book year="2014" isbn="ISBN83763550019---11">
    <Authors>
      <Author>
        <Name>Fred</Name>
        <Email>fweasley@hogwarts.co.uk</Email>
      </Author>
      <Author>
        <Name>George</Name>
        <Email>gweasley@hogwarts.co.uk</Email>
      </Author>
    </Authors>
    <name>Book1</name>
  </book>
  <book year="2014" isbn="ISBN83763550019---11">
    <Authors>
      <Author>
        <Name>Fred</Name>
        <Email>fweasley@hogwarts.co.uk</Email>
      </Author>
      <Author>
        <Name>George</Name>
        <Email>gweasley@hogwarts.co.uk</Email>
      </Author>
    </Authors>
    <name>Book2</name>
  </book>
  <book year="2014" isbn="ISBN83763550019---11">
    <Authors>
      <Author>
        <Name>Fred</Name>
        <Email>fweasley@hogwarts.co.uk</Email>
      </Author>
      <Author>
        <Name>George</Name>
        <Email>gweasley@hogwarts.co.uk</Email>
      </Author>
    </Authors>
    <name>Book1</name>
  </book>
  <book year="2014" isbn="ISBN83763550019---11">
    <Authors>
      <Author>
        <Name>Fred</Name>
        <Email>fweasley@hogwarts.co.uk</Email>
      </Author>
      <Author>
        <Name>George</Name>
        <Email>gweasley@hogwarts.co.uk</Email>
      </Author>
    </Authors>
    <name>Book2</name>
  </book>
  <book year="2014" isbn="ISBN83763550019---11">
    <Authors>
      <Author>
        <Name>Fred</Name>
        <Email>fweasley@hogwarts.co.uk</Email>
      </Author>
      <Author>
        <Name>George</Name>
        <Email>gweasley@hogwarts.co.uk</Email>
      </Author>
    </Authors>
    <name>Book1</name>
  </book>
  <book year="2014" isbn="ISBN83763550019---11">
    <Authors>
      <Author>
        <Name>Fred</Name>
        <Email>fweasley@hogwarts.co.uk</Email>
      </Author>
      <Author>
        <Name>George</Name>
        <Email>gweasley@hogwarts.co.uk</Email>
      </Author>
    </Authors>
    <name>Book2</name>
  </book>
  <book year="2014" isbn="ISBN83763550019---11">
    <Authors>
      <Author>
        <Name>Fred</Name>
        <Email>fweasley@hogwarts.co.uk</Email>
      </Author>
      <Author>
        <Name>George</Name>
        <Email>gweasley@hogwarts.co.uk</Email>
      </Author>
    </Authors>
    <name>Book1</name>
  </book>
  <book year="2014" isbn="ISBN83763550019---11">
    <Authors>
      <Author>
        <Name>Fred</Name>
        <Email>fweasley@hogwarts.co.uk</Email>
      </Author>
      <Author>
        <Name>George</Name>
        <Email>gweasley@hogwarts.co.uk</Email>
      </Author>
    </Authors>
    <name>Book2</name>
  </book>
  <book year="2014" isbn="ISBN83763550019---11">
    <Authors>
      <Author>
        <Name>Fred</Name>
        <Email>fweasley@hogwarts.co.uk</Email>
      </Author>
      <Author>
        <Name>George</Name>
        <Email>gweasley@hogwarts.co.uk</Email>
      </Author>
    </Authors>
    <name>Book1</name>
  </book>
  <book year="2014" isbn="ISBN83763550019---11">
    <Authors>
      <Author>
        <Name>Fred</Name>
        <Email>fweasley@hogwarts.co.uk</Email>
      </Author>
      <Author>
        <Name>George</Name>
        <Email>gweasley@hogwarts.co.uk</Email>
      </Author>
    </Authors>
    <name>Book2</name>
  </book>
  <book year="2014" isbn="ISBN83763550019---11">
    <Authors>
      <Author>
        <Name>Fred</Name>
        <Email>fweasley@hogwarts.co.uk</Email>
      </Author>
      <Author>
        <Name>George</Name>
        <Email>gweasley@hogwarts.co.uk</Email>
      </Author>
    </Authors>
    <name>Book1</name>
  </book>
  <book year="2014" isbn="ISBN83763550019---11">
    <Authors>
      <Author>
        <Name>Fred</Name>
        <Email>fweasley@hogwarts.co.uk</Email>
      </Author>
      <Author>
        <Name>George</Name>
        <Email>gweasley@hogwarts.co.uk</Email>
      </Author>
    </Authors>
    <name>Book2</name>
  </book>
  <book year="2014" isbn="ISBN83763550019---11">
    <Authors>
      <Author>
        <Name>Fred</Name>
        <Email>fweasley@hogwarts.co.uk</Email>
      </Author>
      <Author>
        <Name>George</Name>
        <Email>gweasley@hogwarts.co.uk</Email>
      </Author>
    </Authors>
    <name>Book1</name>
  </book>
  <book year="2014" isbn="ISBN83763550019---11">
    <Authors>
      <Author>
        <Name>Fred</Name>
        <Email>fweasley@hogwarts.co.uk</Email>
      </Author>
      <Author>
        <Name>George</Name>
        <Email>gweasley@hogwarts.co.uk</Email>
      </Author>
    </Authors>
    <name>Book2</name>
  </book>
  <book year="2014" isbn="ISBN83763550019---11">
    <Authors>
      <Author>
        <Name>Fred</Name>
        <Email>fweasley@hogwarts.co.uk</Email>
      </Author>
      <Author>
        <Name>George</Name>
        <Email>gweasley@hogwarts.co.uk</Email>
      </Author>
    </Authors>
    <name>Book1</name>
  </book>
  <book year="2014" isbn="ISBN83763550019---11">
    <Authors>
      <Author>
        <Name>Fred</Name>
        <Email>fweasley@hogwarts.co.uk</Email>
      </Author>
      <Author>
        <Name>George</Name>
        <Email>gweasley@hogwarts.co.uk</Email>
      </Author>
    </Authors>
    <name>Book2</name>
  </book>
  <book year="2014" isbn="ISBN83763550019---11">
    <Authors>
      <Author>
        <Name>Fred</Name>
        <Email>fweasley@hogwarts.co.uk</Email>
      </Author>
      <Author>
        <Name>George</Name>
        <Email>gweasley@hogwarts.co.uk</Email>
      </Author>
    </Authors>
    <name>Book1</name>
  </book>
  <book year="2014" isbn="ISBN83763550019---11">
    <Authors>
      <Author>
        <Name>Fred</Name>
        <Email>fweasley@hogwarts.co.uk</Email>
      </Author>
      <Author>
        <Name>George</Name>
        <Email>gweasley@hogwarts.co.uk</Email>
      </Author>
    </Authors>
    <name>Book2</name>
  </book>
  <book year="2014" isbn="ISBN83763550019---11">
    <Authors>
      <Author>
        <Name>Fred</Name>
        <Email>fweasley@hogwarts.co.uk</Email>
      </Author>
      <Author>
        <Name>George</Name>
        <Email>gweasley@hogwarts.co.uk</Email>
      </Author>
    </Authors>
    <name>Book1</name>
  </book>
  <book year="2014" isbn="ISBN83763550019---11">
    <Authors>
      <Author>
        <Name>Fred</Name>
        <Email>fweasley@hogwarts.co.uk</Email>
      </Author>
      <Author>
        <Name>George</Name>
        <Email>gweasley@hogwarts.co.uk</Email>
      </Author>
    </Authors>
    <name>Book2</name>
  </book>
  <book year="2014" isbn="ISBN83763550019---11">
    <Authors>
      <Author>
        <Name>Fred</Name>
        <Email>fweasley@hogwarts.co.uk</Email>
      </Author>
      <Author>
        <Name>George</Name>
        <Email>gweasley@hogwarts.co.uk</Email>
      </Author>
    </Authors>
    <name>Book1</name>
  </book>
  <book year="2014" isbn="ISBN83763550019---11">
    <Authors>
      <Author>
        <Name>Fred</Name>
        <Email>fweasley@hogwarts.co.uk</Email>
      </Author>
      <Author>
        <Name>George</Name>
        <Email>gweasley@hogwarts.co.uk</Email>
      </Author>
    </Authors>
    <name>Book2</name>
  </book>
  <book year="2014" isbn="ISBN83763550019---11">
    <Authors>
      <Author>
        <Name>Fred</Name>
        <Email>fweasley@hogwarts.co.uk</Email>
      </Author>
      <Author>
        <Name>George</Name>
        <Email>gweasley@hogwarts.co.uk</Email>
      </Author>
    </Authors>
    <name>Book1</name>
  </book>
  <book year="2014" isbn="ISBN83763550019---11">
    <Authors>
      <Author>
        <Name>Fred</Name>
        <Email>fweasley@hogwarts.co.uk</Email>
      </Author>
      <Author>
        <Name>George</Name>
        <Email>gweasley@hogwarts.co.uk</Email>
      </Author>
    </Authors>
    <name>Book2</name>
  </book>
  <book year="2014" isbn="ISBN83763550019---11">
    <Authors>
      <Author>
        <Name>Fred</Name>
        <Email>fweasley@hogwarts.co.uk</Email>
      </Author>
      <Author>
        <Name>George</Name>
        <Email>gweasley@hogwarts.co.uk</Email>
      </Author>
    </Authors>
    <name>Book1</name>
  </book>
  <book year="2014" isbn="ISBN83763550019---11">
    <Authors>
      <Author>
        <Name>Fred</Name>
        <Email>fweasley@hogwarts.co.uk</Email>
      </Author>
      <Author>
        <Name>George</Name>
        <Email>gweasley@hogwarts.co.uk</Email>
      </Author>
    </Authors>
    <name>Book2</name>
  </book>
  <book year="2014" isbn="ISBN83763550019---11">
    <Authors>
      <Author>
        <Name>Fred</Name>
        <Email>fweasley@hogwarts.co.uk</Email>
      </Author>
      <Author>
        <Name>George</Name>
        <Email>gweasley@hogwarts.co.uk</Email>
      </Author>
    </Authors>
    <name>Book1</name>
  </book>
  <book year="2014" isbn="ISBN83763550019---11">
    <Authors>
      <Author>
        <Name>Fred</Name>
        <Email>fweasley@hogwarts.co.uk</Email>
      </Author>
      <Author>
        <Name>George</Name>
        <Email>gweasley@hogwarts.co.uk</Email>
      </Author>
    </Authors>
    <name>Book2</name>
  </book>
  <book year="2014" isbn="ISBN83763550019---11">
    <Authors>
      <Author>
        <Name>Fred</Name>
        <Email>fweasley@hogwarts.co.uk</Email>
      </Author>
      <Author>
        <Name>George</Name>
        <Email>gweasley@hogwarts.co.uk</Email>
      </Author>
    </Authors>
    <name>Book1</name>
  </book>
  <book year="2014" isbn="ISBN83763550019---11">
    <Authors>
      <Author>
        <Name>Fred</Name>
        <Email>fweasley@hogwarts.co.uk</Email>
      </Author>
      <Author>
        <Name>George</Name>
        <Email>gweasley@hogwarts.co.uk</Email>
      </Author>
    </Authors>
    <name>Book2</name>
  </book>
  <book year="2014" isbn="ISBN83763550019---11">
    <Authors>
      <Author>
        <Name>Fred</Name>
        <Email>fweasley@hogwarts.co.uk</Email>
      </Author>
      <Author>
        <Name>George</Name>
        <Email>gweasley@hogwarts.co.uk</Email>
      </Author>
    </Authors>
    <name>Book1</name>
  </book>
  <book year="2014" isbn="ISBN83763550019---11">
    <Authors>
      <Author>
        <Name>Fred</Name>
        <Email>fweasley@hogwarts.co.uk</Email>
      </Author>
      <Author>
        <Name>George</Name>
        <Email>gweasley@hogwarts.co.uk</Email>
      </Author>
    </Authors>
    <name>Book2</name>
  </book>
  <book year="2014" isbn="ISBN83763550019---11">
    <Authors>
      <Author>
        <Name>Fred</Name>
        <Email>fweasley@hogwarts.co.uk</Email>
      </Author>
      <Author>
        <Name>George</Name>
        <Email>gweasley@hogwarts.co.uk</Email>
      </Author>
    </Authors>
    <name>Book1</name>
  </book>
  <book year="2014" isbn="ISBN83763550019---11">
    <Authors>
      <Author>
        <Name>Fred</Name>
        <Email>fweasley@hogwarts.co.uk</Email>
      </Author>
      <Author>
        <Name>George</Name>
        <Email>gweasley@hogwarts.co.uk</Email>
      </Author>
    </Authors>
    <name>Book2</name>
  </book>
  <book year="2014" isbn="ISBN83763550019---11">
    <Authors>
      <Author>
        <Name>Fred</Name>
        <Email>fweasley@hogwarts.co.uk</Email>
      </Author>
      <Author>
        <Name>George</Name>
        <Email>gweasley@hogwarts.co.uk</Email>
      </Author>
    </Authors>
    <name>Book1</name>
  </book>
  <book year="2014" isbn="ISBN83763550019---11">
    <Authors>
      <Author>
        <Name>Fred</Name>
        <Email>fweasley@hogwarts.co.uk</Email>
      </Author>
      <Author>
        <Name>George</Name>
        <Email>gweasley@hogwarts.co.uk</Email>
      </Author>
    </Authors>
    <name>Book2</name>
  </book>
  <book year="2014" isbn="ISBN83763550019---11">
    <Authors>
      <Author>
        <Name>Fred</Name>
        <Email>fweasley@hogwarts.co.uk</Email>
      </Author>
      <Author>
        <Name>George</Name>
        <Email>gweasley@hogwarts.co.uk</Email>
      </Author>
    </Authors>
    <name>Book1</name>
  </book>
  <book year="2014" isbn="ISBN83763550019---11">
    <Authors>
      <Author>
        <Name>Fred</Name>
        <Email>fweasley@hogwarts.co.uk</Email>
      </Author>
      <Author>
        <Name>George</Name>
        <Email>gweasley@hogwarts.co.uk</Email>
      </Author>
    </Authors>
    <name>Book2</name>
  </book>
  <book year="2014" isbn="ISBN83763550019---11">
    <Authors>
      <Author>
        <Name>Fred</Name>
        <Email>fweasley@hogwarts.co.uk</Email>
      </Author>
      <Author>
        <Name>George</Name>
        <Email>gweasley@hogwarts.co.uk</Email>
      </Author>
    </Authors>
    <name>Book1</name>
  </book>
  <book year="2014" isbn="ISBN83763550019---11">
    <Authors>
      <Author>
        <Name>Fred</Name>
        <Email>fweasley@hogwarts.co.uk</Email>
      </Author>
      <Author>
        <Name>George</Name>
        <Email>gweasley@hogwarts.co.uk</Email>
      </Author>
    </Authors>
    <name>Book2</name>
  </book>
  <book year="2014" isbn="ISBN83763550019---11">
    <Authors>
      <Author>
        <Name>Fred</Name>
        <Email>fweasley@hogwarts.co.uk</Email>
      </Author>
      <Author>
        <Name>George</Name>
        <Email>gweasley@hogwarts.co.uk</Email>
      </Author>
    </Authors>
    <name>Book1</name>
  </book>
  <book year="2014" isbn="ISBN83763550019---11">
    <Authors>
      <Author>
        <Name>Fred</Name>
        <Email>fweasley@hogwarts.co.uk</Email>
      </Author>
      <Author>
        <Name>George</Name>
        <Email>gweasley@hogwarts.co.uk</Email>
      </Author>
    </Authors>
    <name>Book2</name>
  </book>
  <book year="2014" isbn="ISBN83763550019---11">
    <Authors>
      <Author>
        <Name>Fred</Name>
        <Email>fweasley@hogwarts.co.uk</Email>
      </Author>
      <Author>
        <Name>George</Name>
        <Email>gweasley@hogwarts.co.uk</Email>
      </Author>
    </Authors>
    <name>Book1</name>
  </book>
  <book year="2014" isbn="ISBN83763550019---11">
    <Authors>
      <Author>
        <Name>Fred</Name>
        <Email>fweasley@hogwarts.co.uk</Email>
      </Author>
      <Author>
        <Name>George</Name>
        <Email>gweasley@hogwarts.co.uk</Email>
      </Author>
    </Authors>
    <name>Book2</name>
  </book>
  <book year="2014" isbn="ISBN83763550019---11">
    <Authors>
      <Author>
        <Name>Fred</Name>
        <Email>fweasley@hogwarts.co.uk</Email>
      </Author>
      <Author>
        <Name>George</Name>
        <Email>gweasley@hogwarts.co.uk</Email>
      </Author>
    </Authors>
    <name>Book1</name>
  </book>
  <book year="2014" isbn="ISBN83763550019---11">
    <Authors>
      <Author>
        <Name>Fred</Name>
        <Email>fweasley@hogwarts.co.uk</Email>
      </Author>
      <Author>
        <Name>George</Name>
        <Email>gweasley@hogwarts.co.uk</Email>
      </Author>
    </Authors>
    <name>Book2</name>
  </book>
  <book year="2014" isbn="ISBN83763550019---11">
    <Authors>
      <Author>
        <Name>Fred</Name>
        <Email>fweasley@hogwarts.co.uk</Email>
      </Author>
      <Author>
        <Name>George</Name>
        <Email>gweasley@hogwarts.co.uk</Email>
      </Author>
    </Authors>
    <name>Book1</name>
  </book>
  <book year="2014" isbn="ISBN83763550019---11">
    <Authors>
      <Author>
        <Name>Fred</Name>
        <Email>fweasley@hogwarts.co.uk</Email>
      </Author>
      <Author>
        <Name>George</Name>
        <Email>gweasley@hogwarts.co.uk</Email>
      </Author>
    </Authors>
    <name>Book2</name>
  </book>
  <book year="2014" isbn="ISBN83763550019---11">
    <Authors>
      <Author>
        <Name>Fred</Name>
        <Email>fweasley@hogwarts.co.uk</Email>
      </Author>
      <Author>
        <Name>George</Name>
        <Email>gweasley@hogwarts.co.uk</Email>
      </Author>
    </Authors>
    <name>Book1</name>
  </book>
  <book year="2014" isbn="ISBN83763550019---11">
    <Authors>
      <Author>
        <Name>Fred</Name>
        <Email>fweasley@hogwarts.co.uk</Email>
      </Author>
      <Author>
        <Name>George</Name>
        <Email>gweasley@hogwarts.co.uk</Email>
      </Author>
    </Authors>
    <name>Book2</name>
  </book>
  <book year="2014" isbn="ISBN83763550019---11">
    <Authors>
      <Author>
        <Name>Fred</Name>
        <Email>fweasley@hogwarts.co.uk</Email>
      </Author>
      <Author>
        <Name>George</Name>
        <Email>gweasley@hogwarts.co.uk</Email>
      </Author>
    </Authors>
    <name>Book1</name>
  </book>
  <book year="2014" isbn="ISBN83763550019---11">
    <Authors>
      <Author>
        <Name>Fred</Name>
        <Email>fweasley@hogwarts.co.uk</Email>
      </Author>
      <Author>
        <Name>George</Name>
        <Email>gweasley@hogwarts.co.uk</Email>
      </Author>
    </Authors>
    <name>Book2</name>
  </book>
  <book year="2014" isbn="ISBN83763550019---11">
    <Authors>
      <Author>
        <Name>Fred</Name>
        <Email>fweasley@hogwarts.co.uk</Email>
      </Author>
      <Author>
        <Name>George</Name>
        <Email>gweasley@hogwarts.co.uk</Email>
      </Author>
    </Authors>
    <name>Book1</name>
  </book>
  <book year="2014" isbn="ISBN83763550019---11">
    <Authors>
      <Author>
        <Name>Fred</Name>
        <Email>fweasley@hogwarts.co.uk</Email>
      </Author>
      <Author>
        <Name>George</Name>
        <Email>gweasley@hogwarts.co.uk</Email>
      </Author>
    </Authors>
    <name>Book2</name>
  </book>
  <book year="2014" isbn="ISBN83763550019---11">
    <Authors>
      <Author>
        <Name>Fred</Name>
        <Email>fweasley@hogwarts.co.uk</Email>
      </Author>
      <Author>
        <Name>George</Name>
        <Email>gweasley@hogwarts.co.uk</Email>
      </Author>
    </Authors>
    <name>Book1</name>
  </book>
  <book year="2014" isbn="ISBN83763550019---11">
    <Authors>
      <Author>
        <Name>Fred</Name>
        <Email>fweasley@hogwarts.co.uk</Email>
      </Author>
      <Author>
        <Name>George</Name>
        <Email>gweasley@hogwarts.co.uk</Email>
      </Author>
    </Authors>
    <name>Book2</name>
  </book>
  <book year="2014" isbn="ISBN83763550019---11">
    <Authors>
      <Author>
        <Name>Fred</Name>
        <Email>fweasley@hogwarts.co.uk</Email>
      </Author>
      <Author>
        <Name>George</Name>
        <Email>gweasley@hogwarts.co.uk</Email>
      </Author>
    </Authors>
    <name>Book1</name>
  </book>
  <book year="2014" isbn="ISBN83763550019---11">
    <Authors>
      <Author>
        <Name>Fred</Name>
        <Email>fweasley@hogwarts.co.uk</Email>
      </Author>
      <Author>
        <Name>George</Name>
        <Email>gweasley@hogwarts.co.uk</Email>
      </Author>
    </Authors>
    <name>Book2</name>
  </book>
  <book year="2014" isbn="ISBN83763550019---11">
    <Authors>
      <Author>
        <Name>Fred</Name>
        <Email>fweasley@hogwarts.co.uk</Email>
      </Author>
      <Author>
        <Name>George</Name>
        <Email>gweasley@hogwarts.co.uk</Email>
      </Author>
    </Authors>
    <name>Book1</name>
  </book>
  <book year="2014" isbn="ISBN83763550019---11">
    <Authors>
      <Author>
        <Name>Fred</Name>
        <Email>fweasley@hogwarts.co.uk</Email>
      </Author>
      <Author>
        <Name>George</Name>
        <Email>gweasley@hogwarts.co.uk</Email>
      </Author>
    </Authors>
    <name>Book2</name>
  </book>
  <book year="2014" isbn="ISBN83763550019---11">
    <Authors>
      <Author>
        <Name>Fred</Name>
        <Email>fweasley@hogwarts.co.uk</Email>
      </Author>
      <Author>
        <Name>George</Name>
        <Email>gweasley@hogwarts.co.uk</Email>
      </Author>
    </Authors>
    <name>Book1</name>
  </book>
  <book year="2014" isbn="ISBN83763550019---11">
    <Authors>
      <Author>
        <Name>Fred</Name>
        <Email>fweasley@hogwarts.co.uk</Email>
      </Author>
      <Author>
        <Name>George</Name>
        <Email>gweasley@hogwarts.co.uk</Email>
      </Author>
    </Authors>
    <name>Book2</name>
  </book>
  <book year="2014" isbn="ISBN83763550019---11">
    <Authors>
      <Author>
        <Name>Fred</Name>
        <Email>fweasley@hogwarts.co.uk</Email>
      </Author>
      <Author>
        <Name>George</Name>
        <Email>gweasley@hogwarts.co.uk</Email>
      </Author>
    </Authors>
    <name>Book1</name>
  </book>
  <book year="2014" isbn="ISBN83763550019---11">
    <Authors>
      <Author>
        <Name>Fred</Name>
        <Email>fweasley@hogwarts.co.uk</Email>
      </Author>
      <Author>
        <Name>George</Name>
        <Email>gweasley@hogwarts.co.uk</Email>
      </Author>
    </Authors>
    <name>Book2</name>
  </book>
  <book year="2014" isbn="ISBN83763550019---11">
    <Authors>
      <Author>
        <Name>Fred</Name>
        <Email>fweasley@hogwarts.co.uk</Email>
      </Author>
      <Author>
        <Name>George</Name>
        <Email>gweasley@hogwarts.co.uk</Email>
      </Author>
    </Authors>
    <name>Book1</name>
  </book>
  <book year="2014" isbn="ISBN83763550019---11">
    <Authors>
      <Author>
        <Name>Fred</Name>
        <Email>fweasley@hogwarts.co.uk</Email>
      </Author>
      <Author>
        <Name>George</Name>
        <Email>gweasley@hogwarts.co.uk</Email>
      </Author>
    </Authors>
    <name>Book2</name>
  </book>
  <book year="2014" isbn="ISBN83763550019---11">
    <Authors>
      <Author>
        <Name>Fred</Name>
        <Email>fweasley@hogwarts.co.uk</Email>
      </Author>
      <Author>
        <Name>George</Name>
        <Email>gweasley@hogwarts.co.uk</Email>
      </Author>
    </Authors>
    <name>Book1</name>
  </book>
  <book year="2014" isbn="ISBN83763550019---11">
    <Authors>
      <Author>
        <Name>Fred</Name>
        <Email>fweasley@hogwarts.co.uk</Email>
      </Author>
      <Author>
        <Name>George</Name>
        <Email>gweasley@hogwarts.co.uk</Email>
      </Author>
    </Authors>
    <name>Book2</name>
  </book>
  <book year="2014" isbn="ISBN83763550019---11">
    <Authors>
      <Author>
        <Name>Fred</Name>
        <Email>fweasley@hogwarts.co.uk</Email>
      </Author>
      <Author>
        <Name>George</Name>
        <Email>gweasley@hogwarts.co.uk</Email>
      </Author>
    </Authors>
    <name>Book1</name>
  </book>
  <book year="2014" isbn="ISBN83763550019---11">
    <Authors>
      <Author>
        <Name>Fred</Name>
        <Email>fweasley@hogwarts.co.uk</Email>
      </Author>
      <Author>
        <Name>George</Name>
        <Email>gweasley@hogwarts.co.uk</Email>
      </Author>
    </Authors>
    <name>Book2</name>
  </book>
  <book year="2014" isbn="ISBN83763550019---11">
    <Authors>
      <Author>
        <Name>Fred</Name>
        <Email>fweasley@hogwarts.co.uk</Email>
      </Author>
      <Author>
        <Name>George</Name>
        <Email>gweasley@hogwarts.co.uk</Email>
      </Author>
    </Authors>
    <name>Book1</name>
  </book>
  <book year="2014" isbn="ISBN83763550019---11">
    <Authors>
      <Author>
        <Name>Fred</Name>
        <Email>fweasley@hogwarts.co.uk</Email>
      </Author>
      <Author>
        <Name>George</Name>
        <Email>gweasley@hogwarts.co.uk</Email>
      </Author>
    </Authors>
    <name>Book2</name>
  </book>
  <book year="2014" isbn="ISBN83763550019---11">
    <Authors>
      <Author>
        <Name>Fred</Name>
        <Email>fweasley@hogwarts.co.uk</Email>
      </Author>
      <Author>
        <Name>George</Name>
        <Email>gweasley@hogwarts.co.uk</Email>
      </Author>
    </Authors>
    <name>Book1</name>
  </book>
  <book year="2014" isbn="ISBN83763550019---11">
    <Authors>
      <Author>
        <Name>Fred</Name>
        <Email>fweasley@hogwarts.co.uk</Email>
      </Author>
      <Author>
        <Name>George</Name>
        <Email>gweasley@hogwarts.co.uk</Email>
      </Author>
    </Authors>
    <name>Book2</name>
  </book>
  <book year="2014" isbn="ISBN83763550019---11">
    <Authors>
      <Author>
        <Name>Fred</Name>
        <Email>fweasley@hogwarts.co.uk</Email>
      </Author>
      <Author>
        <Name>George</Name>
        <Email>gweasley@hogwarts.co.uk</Email>
      </Author>
    </Authors>
    <name>Book1</name>
  </book>
  <book year="2014" isbn="ISBN83763550019---11">
    <Authors>
      <Author>
        <Name>Fred</Name>
        <Email>fweasley@hogwarts.co.uk</Email>
      </Author>
      <Author>
        <Name>George</Name>
        <Email>gweasley@hogwarts.co.uk</Email>
      </Author>
    </Authors>
    <name>Book2</name>
  </book>
  <book year="2014" isbn="ISBN83763550019---11">
    <Authors>
      <Author>
        <Name>Fred</Name>
        <Email>fweasley@hogwarts.co.uk</Email>
      </Author>
      <Author>
        <Name>George</Name>
        <Email>gweasley@hogwarts.co.uk</Email>
      </Author>
    </Authors>
    <name>Book1</name>
  </book>
  <book year="2014" isbn="ISBN83763550019---11">
    <Authors>
      <Author>
        <Name>Fred</Name>
        <Email>fweasley@hogwarts.co.uk</Email>
      </Author>
      <Author>
        <Name>George</Name>
        <Email>gweasley@hogwarts.co.uk</Email>
      </Author>
    </Authors>
    <name>Book2</name>
  </book>
  <book year="2014" isbn="ISBN83763550019---11">
    <Authors>
      <Author>
        <Name>Fred</Name>
        <Email>fweasley@hogwarts.co.uk</Email>
      </Author>
      <Author>
        <Name>George</Name>
        <Email>gweasley@hogwarts.co.uk</Email>
      </Author>
    </Authors>
    <name>Book1</name>
  </book>
  <book year="2014" isbn="ISBN83763550019---11">
    <Authors>
      <Author>
        <Name>Fred</Name>
        <Email>fweasley@hogwarts.co.uk</Email>
      </Author>
      <Author>
        <Name>George</Name>
        <Email>gweasley@hogwarts.co.uk</Email>
      </Author>
    </Authors>
    <name>Book2</name>
  </book>
  <book year="2014" isbn="ISBN83763550019---11">
    <Authors>
      <Author>
        <Name>Fred</Name>
        <Email>fweasley@hogwarts.co.uk</Email>
      </Author>
      <Author>
        <Name>George</Name>
        <Email>gweasley@hogwarts.co.uk</Email>
      </Author>
    </Authors>
    <name>Book1</name>
  </book>
  <book year="2014" isbn="ISBN83763550019---11">
    <Authors>
      <Author>
        <Name>Fred</Name>
        <Email>fweasley@hogwarts.co.uk</Email>
      </Author>
      <Author>
        <Name>George</Name>
        <Email>gweasley@hogwarts.co.uk</Email>
      </Author>
    </Authors>
    <name>Book2</name>
  </book>
  <book year="2014" isbn="ISBN83763550019---11">
    <Authors>
      <Author>
        <Name>Fred</Name>
        <Email>fweasley@hogwarts.co.uk</Email>
      </Author>
      <Author>
        <Name>George</Name>
        <Email>gweasley@hogwarts.co.uk</Email>
      </Author>
    </Authors>
    <name>Book1</name>
  </book>
  <book year="2014" isbn="ISBN83763550019---11">
    <Authors>
      <Author>
        <Name>Fred</Name>
        <Email>fweasley@hogwarts.co.uk</Email>
      </Author>
      <Author>
        <Name>George</Name>
        <Email>gweasley@hogwarts.co.uk</Email>
      </Author>
    </Authors>
    <name>Book2</name>
  </book>
  <book year="2014" isbn="ISBN83763550019---11">
    <Authors>
      <Author>
        <Name>Fred</Name>
        <Email>fweasley@hogwarts.co.uk</Email>
      </Author>
      <Author>
        <Name>George</Name>
        <Email>gweasley@hogwarts.co.uk</Email>
      </Author>
    </Authors>
    <name>Book1</name>
  </book>
  <book year="2014" isbn="ISBN83763550019---11">
    <Authors>
      <Author>
        <Name>Fred</Name>
        <Email>fweasley@hogwarts.co.uk</Email>
      </Author>
      <Author>
        <Name>George</Name>
        <Email>gweasley@hogwarts.co.uk</Email>
      </Author>
    </Authors>
    <name>Book2</name>
  </book>
  <book year="2014" isbn="ISBN83763550019---11">
    <Authors>
      <Author>
        <Name>Fred</Name>
        <Email>fweasley@hogwarts.co.uk</Email>
      </Author>
      <Author>
        <Name>George</Name>
        <Email>gweasley@hogwarts.co.uk</Email>
      </Author>
    </Authors>
    <name>Book1</name>
  </book>
  <book year="2014" isbn="ISBN83763550019---11">
    <Authors>
      <Author>
        <Name>Fred</Name>
        <Email>fweasley@hogwarts.co.uk</Email>
      </Author>
      <Author>
        <Name>George</Name>
        <Email>gweasley@hogwarts.co.uk</Email>
      </Author>
    </Authors>
    <name>Book2</name>
  </book>
  <book year="2014" isbn="ISBN83763550019---11">
    <Authors>
      <Author>
        <Name>Fred</Name>
        <Email>fweasley@hogwarts.co.uk</Email>
      </Author>
      <Author>
        <Name>George</Name>
        <Email>gweasley@hogwarts.co.uk</Email>
      </Author>
    </Authors>
    <name>Book1</name>
  </book>
  <book year="2014" isbn="ISBN83763550019---11">
    <Authors>
      <Author>
        <Name>Fred</Name>
        <Email>fweasley@hogwarts.co.uk</Email>
      </Author>
      <Author>
        <Name>George</Name>
        <Email>gweasley@hogwarts.co.uk</Email>
      </Author>
    </Authors>
    <name>Book2</name>
  </book>
  <book year="2014" isbn="ISBN83763550019---11">
    <Authors>
      <Author>
        <Name>Fred</Name>
        <Email>fweasley@hogwarts.co.uk</Email>
      </Author>
      <Author>
        <Name>George</Name>
        <Email>gweasley@hogwarts.co.uk</Email>
      </Author>
    </Authors>
    <name>Book1</name>
  </book>
  <book year="2014" isbn="ISBN83763550019---11">
    <Authors>
      <Author>
        <Name>Fred</Name>
        <Email>fweasley@hogwarts.co.uk</Email>
      </Author>
      <Author>
        <Name>George</Name>
        <Email>gweasley@hogwarts.co.uk</Email>
      </Author>
    </Authors>
    <name>Book2</name>
  </book>
  <book year="2014" isbn="ISBN83763550019---11">
    <Authors>
      <Author>
        <Name>Fred</Name>
        <Email>fweasley@hogwarts.co.uk</Email>
      </Author>
      <Author>
        <Name>George</Name>
        <Email>gweasley@hogwarts.co.uk</Email>
      </Author>
    </Authors>
    <name>Book1</name>
  </book>
  <book year="2014" isbn="ISBN83763550019---11">
    <Authors>
      <Author>
        <Name>Fred</Name>
        <Email>fweasley@hogwarts.co.uk</Email>
      </Author>
      <Author>
        <Name>George</Name>
        <Email>gweasley@hogwarts.co.uk</Email>
      </Author>
    </Authors>
    <name>Book2</name>
  </book>
  <book year="2014" isbn="ISBN83763550019---11">
    <Authors>
      <Author>
        <Name>Fred</Name>
        <Email>fweasley@hogwarts.co.uk</Email>
      </Author>
      <Author>
        <Name>George</Name>
        <Email>gweasley@hogwarts.co.uk</Email>
      </Author>
    </Authors>
    <name>Book1</name>
  </book>
  <book year="2014" isbn="ISBN83763550019---11">
    <Authors>
      <Author>
        <Name>Fred</Name>
        <Email>fweasley@hogwarts.co.uk</Email>
      </Author>
      <Author>
        <Name>George</Name>
        <Email>gweasley@hogwarts.co.uk</Email>
      </Author>
    </Authors>
    <name>Book2</name>
  </book>
  <book year="2014" isbn="ISBN83763550019---11">
    <Authors>
      <Author>
        <Name>Fred</Name>
        <Email>fweasley@hogwarts.co.uk</Email>
      </Author>
      <Author>
        <Name>George</Name>
        <Email>gweasley@hogwarts.co.uk</Email>
      </Author>
    </Authors>
    <name>Book1</name>
  </book>
  <book year="2014" isbn="ISBN83763550019---11">
    <Authors>
      <Author>
        <Name>Fred</Name>
        <Email>fweasley@hogwarts.co.uk</Email>
      </Author>
      <Author>
        <Name>George</Name>
        <Email>gweasley@hogwarts.co.uk</Email>
      </Author>
    </Authors>
    <name>Book2</name>
  </book>
  <book year="2014" isbn="ISBN83763550019---11">
    <Authors>
      <Author>
        <Name>Fred</Name>
        <Email>fweasley@hogwarts.co.uk</Email>
      </Author>
      <Author>
        <Name>George</Name>
        <Email>gweasley@hogwarts.co.uk</Email>
      </Author>
    </Authors>
    <name>Book1</name>
  </book>
  <book year="2014" isbn="ISBN83763550019---11">
    <Authors>
      <Author>
        <Name>Fred</Name>
        <Email>fweasley@hogwarts.co.uk</Email>
      </Author>
      <Author>
        <Name>George</Name>
        <Email>gweasley@hogwarts.co.uk</Email>
      </Author>
    </Authors>
    <name>Book2</name>
  </book>
  <book year="2014" isbn="ISBN83763550019---11">
    <Authors>
      <Author>
        <Name>Fred</Name>
        <Email>fweasley@hogwarts.co.uk</Email>
      </Author>
      <Author>
        <Name>George</Name>
        <Email>gweasley@hogwarts.co.uk</Email>
      </Author>
    </Authors>
    <name>Book1</name>
  </book>
  <book year="2014" isbn="ISBN83763550019---11">
    <Authors>
      <Author>
        <Name>Fred</Name>
        <Email>fweasley@hogwarts.co.uk</Email>
      </Author>
      <Author>
        <Name>George</Name>
        <Email>gweasley@hogwarts.co.uk</Email>
      </Author>
    </Authors>
    <name>Book2</name>
  </book>
  <book year="2014" isbn="ISBN83763550019---11">
    <Authors>
      <Author>
        <Name>Fred</Name>
        <Email>fweasley@hogwarts.co.uk</Email>
      </Author>
      <Author>
        <Name>George</Name>
        <Email>gweasley@hogwarts.co.uk</Email>
      </Author>
    </Authors>
    <name>Book1</name>
  </book>
  <book year="2014" isbn="ISBN83763550019---11">
    <Authors>
      <Author>
        <Name>Fred</Name>
        <Email>fweasley@hogwarts.co.uk</Email>
      </Author>
      <Author>
        <Name>George</Name>
        <Email>gweasley@hogwarts.co.uk</Email>
      </Author>
    </Authors>
    <name>Book2</name>
  </book>
  <book year="2014" isbn="ISBN83763550019---11">
    <Authors>
      <Author>
        <Name>Fred</Name>
        <Email>fweasley@hogwarts.co.uk</Email>
      </Author>
      <Author>
        <Name>George</Name>
        <Email>gweasley@hogwarts.co.uk</Email>
      </Author>
    </Authors>
    <name>Book1</name>
  </book>
  <book year="2014" isbn="ISBN83763550019---11">
    <Authors>
      <Author>
        <Name>Fred</Name>
        <Email>fweasley@hogwarts.co.uk</Email>
      </Author>
      <Author>
        <Name>George</Name>
        <Email>gweasley@hogwarts.co.uk</Email>
      </Author>
    </Authors>
    <name>Book2</name>
  </book>
  <book year="2014" isbn="ISBN83763550019---11">
    <Authors>
      <Author>
        <Name>Fred</Name>
        <Email>fweasley@hogwarts.co.uk</Email>
      </Author>
      <Author>
        <Name>George</Name>
        <Email>gweasley@hogwarts.co.uk</Email>
      </Author>
    </Authors>
    <name>Book1</name>
  </book>
  <book year="2014" isbn="ISBN83763550019---11">
    <Authors>
      <Author>
        <Name>Fred</Name>
        <Email>fweasley@hogwarts.co.uk</Email>
      </Author>
      <Author>
        <Name>George</Name>
        <Email>gweasley@hogwarts.co.uk</Email>
      </Author>
    </Authors>
    <name>Book2</name>
  </book>
  <book year="2014" isbn="ISBN83763550019---11">
    <Authors>
      <Author>
        <Name>Fred</Name>
        <Email>fweasley@hogwarts.co.uk</Email>
      </Author>
      <Author>
        <Name>George</Name>
        <Email>gweasley@hogwarts.co.uk</Email>
      </Author>
    </Authors>
    <name>Book1</name>
  </book>
  <book year="2014" isbn="ISBN83763550019---11">
    <Authors>
      <Author>
        <Name>Fred</Name>
        <Email>fweasley@hogwarts.co.uk</Email>
      </Author>
      <Author>
        <Name>George</Name>
        <Email>gweasley@hogwarts.co.uk</Email>
      </Author>
    </Authors>
    <name>Book2</name>
  </book>
  <book year="2014" isbn="ISBN83763550019---11">
    <Authors>
      <Author>
        <Name>Fred</Name>
        <Email>fweasley@hogwarts.co.uk</Email>
      </Author>
      <Author>
        <Name>George</Name>
        <Email>gweasley@hogwarts.co.uk</Email>
      </Author>
    </Authors>
    <name>Book1</name>
  </book>
  <book year="2014" isbn="ISBN83763550019---11">
    <Authors>
      <Author>
        <Name>Fred</Name>
        <Email>fweasley@hogwarts.co.uk</Email>
      </Author>
      <Author>
        <Name>George</Name>
        <Email>gweasley@hogwarts.co.uk</Email>
      </Author>
    </Authors>
    <name>Book2</name>
  </book>
  <book year="2014" isbn="ISBN83763550019---11">
    <Authors>
      <Author>
        <Name>Fred</Name>
        <Email>fweasley@hogwarts.co.uk</Email>
      </Author>
      <Author>
        <Name>George</Name>
        <Email>gweasley@hogwarts.co.uk</Email>
      </Author>
    </Authors>
    <name>Book1</name>
  </book>
  <book year="2014" isbn="ISBN83763550019---11">
    <Authors>
      <Author>
        <Name>Fred</Name>
        <Email>fweasley@hogwarts.co.uk</Email>
      </Author>
      <Author>
        <Name>George</Name>
        <Email>gweasley@hogwarts.co.uk</Email>
      </Author>
    </Authors>
    <name>Book2</name>
  </book>
  <book year="2014" isbn="ISBN83763550019---11">
    <Authors>
      <Author>
        <Name>Fred</Name>
        <Email>fweasley@hogwarts.co.uk</Email>
      </Author>
      <Author>
        <Name>George</Name>
        <Email>gweasley@hogwarts.co.uk</Email>
      </Author>
    </Authors>
    <name>Book1</name>
  </book>
  <book year="2014" isbn="ISBN83763550019---11">
    <Authors>
      <Author>
        <Name>Fred</Name>
        <Email>fweasley@hogwarts.co.uk</Email>
      </Author>
      <Author>
        <Name>George</Name>
        <Email>gweasley@hogwarts.co.uk</Email>
      </Author>
    </Authors>
    <name>Book2</name>
  </book>
  <book year="2014" isbn="ISBN83763550019---11">
    <Authors>
      <Author>
        <Name>Fred</Name>
        <Email>fweasley@hogwarts.co.uk</Email>
      </Author>
      <Author>
        <Name>George</Name>
        <Email>gweasley@hogwarts.co.uk</Email>
      </Author>
    </Authors>
    <name>Book1</name>
  </book>
  <book year="2014" isbn="ISBN83763550019---11">
    <Authors>
      <Author>
        <Name>Fred</Name>
        <Email>fweasley@hogwarts.co.uk</Email>
      </Author>
      <Author>
        <Name>George</Name>
        <Email>gweasley@hogwarts.co.uk</Email>
      </Author>
    </Authors>
    <name>Book2</name>
  </book>
  <book year="2014" isbn="ISBN83763550019---11">
    <Authors>
      <Author>
        <Name>Fred</Name>
        <Email>fweasley@hogwarts.co.uk</Email>
      </Author>
      <Author>
        <Name>George</Name>
        <Email>gweasley@hogwarts.co.uk</Email>
      </Author>
    </Authors>
    <name>Book1</name>
  </book>
  <book year="2014" isbn="ISBN83763550019---11">
    <Authors>
      <Author>
        <Name>Fred</Name>
        <Email>fweasley@hogwarts.co.uk</Email>
      </Author>
      <Author>
        <Name>George</Name>
        <Email>gweasley@hogwarts.co.uk</Email>
      </Author>
    </Authors>
    <name>Book2</name>
  </book>
  <book year="2014" isbn="ISBN83763550019---11">
    <Authors>
      <Author>
        <Name>Fred</Name>
        <Email>fweasley@hogwarts.co.uk</Email>
      </Author>
      <Author>
        <Name>George</Name>
        <Email>gweasley@hogwarts.co.uk</Email>
      </Author>
    </Authors>
    <name>Book1</name>
  </book>
  <book year="2014" isbn="ISBN83763550019---11">
    <Authors>
      <Author>
        <Name>Fred</Name>
        <Email>fweasley@hogwarts.co.uk</Email>
      </Author>
      <Author>
        <Name>George</Name>
        <Email>gweasley@hogwarts.co.uk</Email>
      </Author>
    </Authors>
    <name>Book2</name>
  </book>
  <book year="2014" isbn="ISBN83763550019---11">
    <Authors>
      <Author>
        <Name>Fred</Name>
        <Email>fweasley@hogwarts.co.uk</Email>
      </Author>
      <Author>
        <Name>George</Name>
        <Email>gweasley@hogwarts.co.uk</Email>
      </Author>
    </Authors>
    <name>Book1</name>
  </book>
  <book year="2014" isbn="ISBN83763550019---11">
    <Authors>
      <Author>
        <Name>Fred</Name>
        <Email>fweasley@hogwarts.co.uk</Email>
      </Author>
      <Author>
        <Name>George</Name>
        <Email>gweasley@hogwarts.co.uk</Email>
      </Author>
    </Authors>
    <name>Book2</name>
  </book>
  <book year="2014" isbn="ISBN83763550019---11">
    <Authors>
      <Author>
        <Name>Fred</Name>
        <Email>fweasley@hogwarts.co.uk</Email>
      </Author>
      <Author>
        <Name>George</Name>
        <Email>gweasley@hogwarts.co.uk</Email>
      </Author>
    </Authors>
    <name>Book1</name>
  </book>
  <book year="2014" isbn="ISBN83763550019---11">
    <Authors>
      <Author>
        <Name>Fred</Name>
        <Email>fweasley@hogwarts.co.uk</Email>
      </Author>
      <Author>
        <Name>George</Name>
        <Email>gweasley@hogwarts.co.uk</Email>
      </Author>
    </Authors>
    <name>Book2</name>
  </book>
  <book year="2014" isbn="ISBN83763550019---11">
    <Authors>
      <Author>
        <Name>Fred</Name>
        <Email>fweasley@hogwarts.co.uk</Email>
      </Author>
      <Author>
        <Name>George</Name>
        <Email>gweasley@hogwarts.co.uk</Email>
      </Author>
    </Authors>
    <name>Book1</name>
  </book>
  <book year="2014" isbn="ISBN83763550019---11">
    <Authors>
      <Author>
        <Name>Fred</Name>
        <Email>fweasley@hogwarts.co.uk</Email>
      </Author>
      <Author>
        <Name>George</Name>
        <Email>gweasley@hogwarts.co.uk</Email>
      </Author>
    </Authors>
    <name>Book2</name>
  </book>
  <book year="2014" isbn="ISBN83763550019---11">
    <Authors>
      <Author>
        <Name>Fred</Name>
        <Email>fweasley@hogwarts.co.uk</Email>
      </Author>
      <Author>
        <Name>George</Name>
        <Email>gweasley@hogwarts.co.uk</Email>
      </Author>
    </Authors>
    <name>Book1</name>
  </book>
  <book year="2014" isbn="ISBN83763550019---11">
    <Authors>
      <Author>
        <Name>Fred</Name>
        <Email>fweasley@hogwarts.co.uk</Email>
      </Author>
      <Author>
        <Name>George</Name>
        <Email>gweasley@hogwarts.co.uk</Email>
      </Author>
    </Authors>
    <name>Book2</name>
  </book>
  <book year="2014" isbn="ISBN83763550019---11">
    <Authors>
      <Author>
        <Name>Fred</Name>
        <Email>fweasley@hogwarts.co.uk</Email>
      </Author>
      <Author>
        <Name>George</Name>
        <Email>gweasley@hogwarts.co.uk</Email>
      </Author>
    </Authors>
    <name>Book1</name>
  </book>
  <book year="2014" isbn="ISBN83763550019---11">
    <Authors>
      <Author>
        <Name>Fred</Name>
        <Email>fweasley@hogwarts.co.uk</Email>
      </Author>
      <Author>
        <Name>George</Name>
        <Email>gweasley@hogwarts.co.uk</Email>
      </Author>
    </Authors>
    <name>Book2</name>
  </book>
  <book year="2014" isbn="ISBN83763550019---11">
    <Authors>
      <Author>
        <Name>Fred</Name>
        <Email>fweasley@hogwarts.co.uk</Email>
      </Author>
      <Author>
        <Name>George</Name>
        <Email>gweasley@hogwarts.co.uk</Email>
      </Author>
    </Authors>
    <name>Book1</name>
  </book>
  <book year="2014" isbn="ISBN83763550019---11">
    <Authors>
      <Author>
        <Name>Fred</Name>
        <Email>fweasley@hogwarts.co.uk</Email>
      </Author>
      <Author>
        <Name>George</Name>
        <Email>gweasley@hogwarts.co.uk</Email>
      </Author>
    </Authors>
    <name>Book2</name>
  </book>
  <book year="2014" isbn="ISBN83763550019---11">
    <Authors>
      <Author>
        <Name>Fred</Name>
        <Email>fweasley@hogwarts.co.uk</Email>
      </Author>
      <Author>
        <Name>George</Name>
        <Email>gweasley@hogwarts.co.uk</Email>
      </Author>
    </Authors>
    <name>Book1</name>
  </book>
  <book year="2014" isbn="ISBN83763550019---11">
    <Authors>
      <Author>
        <Name>Fred</Name>
        <Email>fweasley@hogwarts.co.uk</Email>
      </Author>
      <Author>
        <Name>George</Name>
        <Email>gweasley@hogwarts.co.uk</Email>
      </Author>
    </Authors>
    <name>Book2</name>
  </book>
  <book year="2014" isbn="ISBN83763550019---11">
    <Authors>
      <Author>
        <Name>Fred</Name>
        <Email>fweasley@hogwarts.co.uk</Email>
      </Author>
      <Author>
        <Name>George</Name>
        <Email>gweasley@hogwarts.co.uk</Email>
      </Author>
    </Authors>
    <name>Book1</name>
  </book>
  <book year="2014" isbn="ISBN83763550019---11">
    <Authors>
      <Author>
        <Name>Fred</Name>
        <Email>fweasley@hogwarts.co.uk</Email>
      </Author>
      <Author>
        <Name>George</Name>
        <Email>gweasley@hogwarts.co.uk</Email>
      </Author>
    </Authors>
    <name>Book2</name>
  </book>
  <book year="2014" isbn="ISBN83763550019---11">
    <Authors>
      <Author>
        <Name>Fred</Name>
        <Email>fweasley@hogwarts.co.uk</Email>
      </Author>
      <Author>
        <Name>George</Name>
        <Email>gweasley@hogwarts.co.uk</Email>
      </Author>
    </Authors>
    <name>Book1</name>
  </book>
  <book year="2014" isbn="ISBN83763550019---11">
    <Authors>
      <Author>
        <Name>Fred</Name>
        <Email>fweasley@hogwarts.co.uk</Email>
      </Author>
      <Author>
        <Name>George</Name>
        <Email>gweasley@hogwarts.co.uk</Email>
      </Author>
    </Authors>
    <name>Book2</name>
  </book>
  <book year="2014" isbn="ISBN83763550019---11">
    <Authors>
      <Author>
        <Name>Fred</Name>
        <Email>fweasley@hogwarts.co.uk</Email>
      </Author>
      <Author>
        <Name>George</Name>
        <Email>gweasley@hogwarts.co.uk</Email>
      </Author>
    </Authors>
    <name>Book1</name>
  </book>
  <book year="2014" isbn="ISBN83763550019---11">
    <Authors>
      <Author>
        <Name>Fred</Name>
        <Email>fweasley@hogwarts.co.uk</Email>
      </Author>
      <Author>
        <Name>George</Name>
        <Email>gweasley@hogwarts.co.uk</Email>
      </Author>
    </Authors>
    <name>Book2</name>
  </book>
  <book year="2014" isbn="ISBN83763550019---11">
    <Authors>
      <Author>
        <Name>Fred</Name>
        <Email>fweasley@hogwarts.co.uk</Email>
      </Author>
      <Author>
        <Name>George</Name>
        <Email>gweasley@hogwarts.co.uk</Email>
      </Author>
    </Authors>
    <name>Book1</name>
  </book>
  <book year="2014" isbn="ISBN83763550019---11">
    <Authors>
      <Author>
        <Name>Fred</Name>
        <Email>fweasley@hogwarts.co.uk</Email>
      </Author>
      <Author>
        <Name>George</Name>
        <Email>gweasley@hogwarts.co.uk</Email>
      </Author>
    </Authors>
    <name>Book2</name>
  </book>
  <book year="2014" isbn="ISBN83763550019---11">
    <Authors>
      <Author>
        <Name>Fred</Name>
        <Email>fweasley@hogwarts.co.uk</Email>
      </Author>
      <Author>
        <Name>George</Name>
        <Email>gweasley@hogwarts.co.uk</Email>
      </Author>
    </Authors>
    <name>Book1</name>
  </book>
  <book year="2014" isbn="ISBN83763550019---11">
    <Authors>
      <Author>
        <Name>Fred</Name>
        <Email>fweasley@hogwarts.co.uk</Email>
      </Author>
      <Author>
        <Name>George</Name>
        <Email>gweasley@hogwarts.co.uk</Email>
      </Author>
    </Authors>
    <name>Book2</name>
  </book>
  <book year="2014" isbn="ISBN83763550019---11">
    <Authors>
      <Author>
        <Name>Fred</Name>
        <Email>fweasley@hogwarts.co.uk</Email>
      </Author>
      <Author>
        <Name>George</Name>
        <Email>gweasley@hogwarts.co.uk</Email>
      </Author>
    </Authors>
    <name>Book1</name>
  </book>
  <book year="2014" isbn="ISBN83763550019---11">
    <Authors>
      <Author>
        <Name>Fred</Name>
        <Email>fweasley@hogwarts.co.uk</Email>
      </Author>
      <Author>
        <Name>George</Name>
        <Email>gweasley@hogwarts.co.uk</Email>
      </Author>
    </Authors>
    <name>Book2</name>
  </book>
  <book year="2014" isbn="ISBN83763550019---11">
    <Authors>
      <Author>
        <Name>Fred</Name>
        <Email>fweasley@hogwarts.co.uk</Email>
      </Author>
      <Author>
        <Name>George</Name>
        <Email>gweasley@hogwarts.co.uk</Email>
      </Author>
    </Authors>
    <name>Book1</name>
  </book>
  <book year="2014" isbn="ISBN83763550019---11">
    <Authors>
      <Author>
        <Name>Fred</Name>
        <Email>fweasley@hogwarts.co.uk</Email>
      </Author>
      <Author>
        <Name>George</Name>
        <Email>gweasley@hogwarts.co.uk</Email>
      </Author>
    </Authors>
    <name>Book2</name>
  </book>
  <book year="2014" isbn="ISBN83763550019---11">
    <Authors>
      <Author>
        <Name>Fred</Name>
        <Email>fweasley@hogwarts.co.uk</Email>
      </Author>
      <Author>
        <Name>George</Name>
        <Email>gweasley@hogwarts.co.uk</Email>
      </Author>
    </Authors>
    <name>Book1</name>
  </book>
  <book year="2014" isbn="ISBN83763550019---11">
    <Authors>
      <Author>
        <Name>Fred</Name>
        <Email>fweasley@hogwarts.co.uk</Email>
      </Author>
      <Author>
        <Name>George</Name>
        <Email>gweasley@hogwarts.co.uk</Email>
      </Author>
    </Authors>
    <name>Book2</name>
  </book>
  <book year="2014" isbn="ISBN83763550019---11">
    <Authors>
      <Author>
        <Name>Fred</Name>
        <Email>fweasley@hogwarts.co.uk</Email>
      </Author>
      <Author>
        <Name>George</Name>
        <Email>gweasley@hogwarts.co.uk</Email>
      </Author>
    </Authors>
    <name>Book1</name>
  </book>
  <book year="2014" isbn="ISBN83763550019---11">
    <Authors>
      <Author>
        <Name>Fred</Name>
        <Email>fweasley@hogwarts.co.uk</Email>
      </Author>
      <Author>
        <Name>George</Name>
        <Email>gweasley@hogwarts.co.uk</Email>
      </Author>
    </Authors>
    <name>Book2</name>
  </book>
  <book year="2014" isbn="ISBN83763550019---11">
    <Authors>
      <Author>
        <Name>Fred</Name>
        <Email>fweasley@hogwarts.co.uk</Email>
      </Author>
      <Author>
        <Name>George</Name>
        <Email>gweasley@hogwarts.co.uk</Email>
      </Author>
    </Authors>
    <name>Book1</name>
  </book>
  <book year="2014" isbn="ISBN83763550019---11">
    <Authors>
      <Author>
        <Name>Fred</Name>
        <Email>fweasley@hogwarts.co.uk</Email>
      </Author>
      <Author>
        <Name>George</Name>
        <Email>gweasley@hogwarts.co.uk</Email>
      </Author>
    </Authors>
    <name>Book2</name>
  </book>
  <book year="2014" isbn="ISBN83763550019---11">
    <Authors>
      <Author>
        <Name>Fred</Name>
        <Email>fweasley@hogwarts.co.uk</Email>
      </Author>
      <Author>
        <Name>George</Name>
        <Email>gweasley@hogwarts.co.uk</Email>
      </Author>
    </Authors>
    <name>Book1</name>
  </book>
  <book year="2014" isbn="ISBN83763550019---11">
    <Authors>
      <Author>
        <Name>Fred</Name>
        <Email>fweasley@hogwarts.co.uk</Email>
      </Author>
      <Author>
        <Name>George</Name>
        <Email>gweasley@hogwarts.co.uk</Email>
      </Author>
    </Authors>
    <name>Book2</name>
  </book>
  <book year="2014" isbn="ISBN83763550019---11">
    <Authors>
      <Author>
        <Name>Fred</Name>
        <Email>fweasley@hogwarts.co.uk</Email>
      </Author>
      <Author>
        <Name>George</Name>
        <Email>gweasley@hogwarts.co.uk</Email>
      </Author>
    </Authors>
    <name>Book1</name>
  </book>
  <book year="2014" isbn="ISBN83763550019---11">
    <Authors>
      <Author>
        <Name>Fred</Name>
        <Email>fweasley@hogwarts.co.uk</Email>
      </Author>
      <Author>
        <Name>George</Name>
        <Email>gweasley@hogwarts.co.uk</Email>
      </Author>
    </Authors>
    <name>Book2</name>
  </book>
  <book year="2014" isbn="ISBN83763550019---11">
    <Authors>
      <Author>
        <Name>Fred</Name>
        <Email>fweasley@hogwarts.co.uk</Email>
      </Author>
      <Author>
        <Name>George</Name>
        <Email>gweasley@hogwarts.co.uk</Email>
      </Author>
    </Authors>
    <name>Book1</name>
  </book>
  <book year="2014" isbn="ISBN83763550019---11">
    <Authors>
      <Author>
        <Name>Fred</Name>
        <Email>fweasley@hogwarts.co.uk</Email>
      </Author>
      <Author>
        <Name>George</Name>
        <Email>gweasley@hogwarts.co.uk</Email>
      </Author>
    </Authors>
    <name>Book2</name>
  </book>
  <book year="2014" isbn="ISBN83763550019---11">
    <Authors>
      <Author>
        <Name>Fred</Name>
        <Email>fweasley@hogwarts.co.uk</Email>
      </Author>
      <Author>
        <Name>George</Name>
        <Email>gweasley@hogwarts.co.uk</Email>
      </Author>
    </Authors>
    <name>Book1</name>
  </book>
  <book year="2014" isbn="ISBN83763550019---11">
    <Authors>
      <Author>
        <Name>Fred</Name>
        <Email>fweasley@hogwarts.co.uk</Email>
      </Author>
      <Author>
        <Name>George</Name>
        <Email>gweasley@hogwarts.co.uk</Email>
      </Author>
    </Authors>
    <name>Book2</name>
  </book>
  <book year="2014" isbn="ISBN83763550019---11">
    <Authors>
      <Author>
        <Name>Fred</Name>
        <Email>fweasley@hogwarts.co.uk</Email>
      </Author>
      <Author>
        <Name>George</Name>
        <Email>gweasley@hogwarts.co.uk</Email>
      </Author>
    </Authors>
    <name>Book1</name>
  </book>
  <book year="2014" isbn="ISBN83763550019---11">
    <Authors>
      <Author>
        <Name>Fred</Name>
        <Email>fweasley@hogwarts.co.uk</Email>
      </Author>
      <Author>
        <Name>George</Name>
        <Email>gweasley@hogwarts.co.uk</Email>
      </Author>
    </Authors>
    <name>Book2</name>
  </book>
  <book year="2014" isbn="ISBN83763550019---11">
    <Authors>
      <Author>
        <Name>Fred</Name>
        <Email>fweasley@hogwarts.co.uk</Email>
      </Author>
      <Author>
        <Name>George</Name>
        <Email>gweasley@hogwarts.co.uk</Email>
      </Author>
    </Authors>
    <name>Book1</name>
  </book>
  <book year="2014" isbn="ISBN83763550019---11">
    <Authors>
      <Author>
        <Name>Fred</Name>
        <Email>fweasley@hogwarts.co.uk</Email>
      </Author>
      <Author>
        <Name>George</Name>
        <Email>gweasley@hogwarts.co.uk</Email>
      </Author>
    </Authors>
    <name>Book2</name>
  </book>
  <book year="2014" isbn="ISBN83763550019---11">
    <Authors>
      <Author>
        <Name>Fred</Name>
        <Email>fweasley@hogwarts.co.uk</Email>
      </Author>
      <Author>
        <Name>George</Name>
        <Email>gweasley@hogwarts.co.uk</Email>
      </Author>
    </Authors>
    <name>Book1</name>
  </book>
  <book year="2014" isbn="ISBN83763550019---11">
    <Authors>
      <Author>
        <Name>Fred</Name>
        <Email>fweasley@hogwarts.co.uk</Email>
      </Author>
      <Author>
        <Name>George</Name>
        <Email>gweasley@hogwarts.co.uk</Email>
      </Author>
    </Authors>
    <name>Book2</name>
  </book>
  <book year="2014" isbn="ISBN83763550019---11">
    <Authors>
      <Author>
        <Name>Fred</Name>
        <Email>fweasley@hogwarts.co.uk</Email>
      </Author>
      <Author>
        <Name>George</Name>
        <Email>gweasley@hogwarts.co.uk</Email>
      </Author>
    </Authors>
    <name>Book1</name>
  </book>
  <book year="2014" isbn="ISBN83763550019---11">
    <Authors>
      <Author>
        <Name>Fred</Name>
        <Email>fweasley@hogwarts.co.uk</Email>
      </Author>
      <Author>
        <Name>George</Name>
        <Email>gweasley@hogwarts.co.uk</Email>
      </Author>
    </Authors>
    <name>Book2</name>
  </book>
  <book year="2014" isbn="ISBN83763550019---11">
    <Authors>
      <Author>
        <Name>Fred</Name>
        <Email>fweasley@hogwarts.co.uk</Email>
      </Author>
      <Author>
        <Name>George</Name>
        <Email>gweasley@hogwarts.co.uk</Email>
      </Author>
    </Authors>
    <name>Book1</name>
  </book>
  <book year="2014" isbn="ISBN83763550019---11">
    <Authors>
      <Author>
        <Name>Fred</Name>
        <Email>fweasley@hogwarts.co.uk</Email>
      </Author>
      <Author>
        <Name>George</Name>
        <Email>gweasley@hogwarts.co.uk</Email>
      </Author>
    </Authors>
    <name>Book2</name>
  </book>
  <book year="2014" isbn="ISBN83763550019---11">
    <Authors>
      <Author>
        <Name>Fred</Name>
        <Email>fweasley@hogwarts.co.uk</Email>
      </Author>
      <Author>
        <Name>George</Name>
        <Email>gweasley@hogwarts.co.uk</Email>
      </Author>
    </Authors>
    <name>Book1</name>
  </book>
  <book year="2014" isbn="ISBN83763550019---11">
    <Authors>
      <Author>
        <Name>Fred</Name>
        <Email>fweasley@hogwarts.co.uk</Email>
      </Author>
      <Author>
        <Name>George</Name>
        <Email>gweasley@hogwarts.co.uk</Email>
      </Author>
    </Authors>
    <name>Book2</name>
  </book>
  <book year="2014" isbn="ISBN83763550019---11">
    <Authors>
      <Author>
        <Name>Fred</Name>
        <Email>fweasley@hogwarts.co.uk</Email>
      </Author>
      <Author>
        <Name>George</Name>
        <Email>gweasley@hogwarts.co.uk</Email>
      </Author>
    </Authors>
    <name>Book1</name>
  </book>
  <book year="2014" isbn="ISBN83763550019---11">
    <Authors>
      <Author>
        <Name>Fred</Name>
        <Email>fweasley@hogwarts.co.uk</Email>
      </Author>
      <Author>
        <Name>George</Name>
        <Email>gweasley@hogwarts.co.uk</Email>
      </Author>
    </Authors>
    <name>Book2</name>
  </book>
  <book year="2014" isbn="ISBN83763550019---11">
    <Authors>
      <Author>
        <Name>Fred</Name>
        <Email>fweasley@hogwarts.co.uk</Email>
      </Author>
      <Author>
        <Name>George</Name>
        <Email>gweasley@hogwarts.co.uk</Email>
      </Author>
    </Authors>
    <name>Book1</name>
  </book>
  <book year="2014" isbn="ISBN83763550019---11">
    <Authors>
      <Author>
        <Name>Fred</Name>
        <Email>fweasley@hogwarts.co.uk</Email>
      </Author>
      <Author>
        <Name>George</Name>
        <Email>gweasley@hogwarts.co.uk</Email>
      </Author>
    </Authors>
    <name>Book2</name>
  </book>
  <book year="2014" isbn="ISBN83763550019---11">
    <Authors>
      <Author>
        <Name>Fred</Name>
        <Email>fweasley@hogwarts.co.uk</Email>
      </Author>
      <Author>
        <Name>George</Name>
        <Email>gweasley@hogwarts.co.uk</Email>
      </Author>
    </Authors>
    <name>Book1</name>
  </book>
  <book year="2014" isbn="ISBN83763550019---11">
    <Authors>
      <Author>
        <Name>Fred</Name>
        <Email>fweasley@hogwarts.co.uk</Email>
      </Author>
      <Author>
        <Name>George</Name>
        <Email>gweasley@hogwarts.co.uk</Email>
      </Author>
    </Authors>
    <name>Book2</name>
  </book>
  <book year="2014" isbn="ISBN83763550019---11">
    <Authors>
      <Author>
        <Name>Fred</Name>
        <Email>fweasley@hogwarts.co.uk</Email>
      </Author>
      <Author>
        <Name>George</Name>
        <Email>gweasley@hogwarts.co.uk</Email>
      </Author>
    </Authors>
    <name>Book1</name>
  </book>
  <book year="2014" isbn="ISBN83763550019---11">
    <Authors>
      <Author>
        <Name>Fred</Name>
        <Email>fweasley@hogwarts.co.uk</Email>
      </Author>
      <Author>
        <Name>George</Name>
        <Email>gweasley@hogwarts.co.uk</Email>
      </Author>
    </Authors>
    <name>Book2</name>
  </book>
  <book year="2014" isbn="ISBN83763550019---11">
    <Authors>
      <Author>
        <Name>Fred</Name>
        <Email>fweasley@hogwarts.co.uk</Email>
      </Author>
      <Author>
        <Name>George</Name>
        <Email>gweasley@hogwarts.co.uk</Email>
      </Author>
    </Authors>
    <name>Book1</name>
  </book>
  <book year="2014" isbn="ISBN83763550019---11">
    <Authors>
      <Author>
        <Name>Fred</Name>
        <Email>fweasley@hogwarts.co.uk</Email>
      </Author>
      <Author>
        <Name>George</Name>
        <Email>gweasley@hogwarts.co.uk</Email>
      </Author>
    </Authors>
    <name>Book2</name>
  </book>
  <book year="2014" isbn="ISBN83763550019---11">
    <Authors>
      <Author>
        <Name>Fred</Name>
        <Email>fweasley@hogwarts.co.uk</Email>
      </Author>
      <Author>
        <Name>George</Name>
        <Email>gweasley@hogwarts.co.uk</Email>
      </Author>
    </Authors>
    <name>Book1</name>
  </book>
  <book year="2014" isbn="ISBN83763550019---11">
    <Authors>
      <Author>
        <Name>Fred</Name>
        <Email>fweasley@hogwarts.co.uk</Email>
      </Author>
      <Author>
        <Name>George</Name>
        <Email>gweasley@hogwarts.co.uk</Email>
      </Author>
    </Authors>
    <name>Book2</name>
  </book>
  <book year="2014" isbn="ISBN83763550019---11">
    <Authors>
      <Author>
        <Name>Fred</Name>
        <Email>fweasley@hogwarts.co.uk</Email>
      </Author>
      <Author>
        <Name>George</Name>
        <Email>gweasley@hogwarts.co.uk</Email>
      </Author>
    </Authors>
    <name>Book1</name>
  </book>
  <book year="2014" isbn="ISBN83763550019---11">
    <Authors>
      <Author>
        <Name>Fred</Name>
        <Email>fweasley@hogwarts.co.uk</Email>
      </Author>
      <Author>
        <Name>George</Name>
        <Email>gweasley@hogwarts.co.uk</Email>
      </Author>
    </Authors>
    <name>Book2</name>
  </book>
  <book year="2014" isbn="ISBN83763550019---11">
    <Authors>
      <Author>
        <Name>Fred</Name>
        <Email>fweasley@hogwarts.co.uk</Email>
      </Author>
      <Author>
        <Name>George</Name>
        <Email>gweasley@hogwarts.co.uk</Email>
      </Author>
    </Authors>
    <name>Book1</name>
  </book>
  <book year="2014" isbn="ISBN83763550019---11">
    <Authors>
      <Author>
        <Name>Fred</Name>
        <Email>fweasley@hogwarts.co.uk</Email>
      </Author>
      <Author>
        <Name>George</Name>
        <Email>gweasley@hogwarts.co.uk</Email>
      </Author>
    </Authors>
    <name>Book2</name>
  </book>
  <book year="2014" isbn="ISBN83763550019---11">
    <Authors>
      <Author>
        <Name>Fred</Name>
        <Email>fweasley@hogwarts.co.uk</Email>
      </Author>
      <Author>
        <Name>George</Name>
        <Email>gweasley@hogwarts.co.uk</Email>
      </Author>
    </Authors>
    <name>Book1</name>
  </book>
  <book year="2014" isbn="ISBN83763550019---11">
    <Authors>
      <Author>
        <Name>Fred</Name>
        <Email>fweasley@hogwarts.co.uk</Email>
      </Author>
      <Author>
        <Name>George</Name>
        <Email>gweasley@hogwarts.co.uk</Email>
      </Author>
    </Authors>
    <name>Book2</name>
  </book>
  <book year="2014" isbn="ISBN83763550019---11">
    <Authors>
      <Author>
        <Name>Fred</Name>
        <Email>fweasley@hogwarts.co.uk</Email>
      </Author>
      <Author>
        <Name>George</Name>
        <Email>gweasley@hogwarts.co.uk</Email>
      </Author>
    </Authors>
    <name>Book1</name>
  </book>
  <book year="2014" isbn="ISBN83763550019---11">
    <Authors>
      <Author>
        <Name>Fred</Name>
        <Email>fweasley@hogwarts.co.uk</Email>
      </Author>
      <Author>
        <Name>George</Name>
        <Email>gweasley@hogwarts.co.uk</Email>
      </Author>
    </Authors>
    <name>Book2</name>
  </book>
  <book year="2014" isbn="ISBN83763550019---11">
    <Authors>
      <Author>
        <Name>Fred</Name>
        <Email>fweasley@hogwarts.co.uk</Email>
      </Author>
      <Author>
        <Name>George</Name>
        <Email>gweasley@hogwarts.co.uk</Email>
      </Author>
    </Authors>
    <name>Book1</name>
  </book>
  <book year="2014" isbn="ISBN83763550019---11">
    <Authors>
      <Author>
        <Name>Fred</Name>
        <Email>fweasley@hogwarts.co.uk</Email>
      </Author>
      <Author>
        <Name>George</Name>
        <Email>gweasley@hogwarts.co.uk</Email>
      </Author>
    </Authors>
    <name>Book2</name>
  </book>
  <book year="2014" isbn="ISBN83763550019---11">
    <Authors>
      <Author>
        <Name>Fred</Name>
        <Email>fweasley@hogwarts.co.uk</Email>
      </Author>
      <Author>
        <Name>George</Name>
        <Email>gweasley@hogwarts.co.uk</Email>
      </Author>
    </Authors>
    <name>Book1</name>
  </book>
  <book year="2014" isbn="ISBN83763550019---11">
    <Authors>
      <Author>
        <Name>Fred</Name>
        <Email>fweasley@hogwarts.co.uk</Email>
      </Author>
      <Author>
        <Name>George</Name>
        <Email>gweasley@hogwarts.co.uk</Email>
      </Author>
    </Authors>
    <name>Book2</name>
  </book>
  <book year="2014" isbn="ISBN83763550019---11">
    <Authors>
      <Author>
        <Name>Fred</Name>
        <Email>fweasley@hogwarts.co.uk</Email>
      </Author>
      <Author>
        <Name>George</Name>
        <Email>gweasley@hogwarts.co.uk</Email>
      </Author>
    </Authors>
    <name>Book1</name>
  </book>
  <book year="2014" isbn="ISBN83763550019---11">
    <Authors>
      <Author>
        <Name>Fred</Name>
        <Email>fweasley@hogwarts.co.uk</Email>
      </Author>
      <Author>
        <Name>George</Name>
        <Email>gweasley@hogwarts.co.uk</Email>
      </Author>
    </Authors>
    <name>Book2</name>
  </book>
  <book year="2014" isbn="ISBN83763550019---11">
    <Authors>
      <Author>
        <Name>Fred</Name>
        <Email>fweasley@hogwarts.co.uk</Email>
      </Author>
      <Author>
        <Name>George</Name>
        <Email>gweasley@hogwarts.co.uk</Email>
      </Author>
    </Authors>
    <name>Book1</name>
  </book>
  <book year="2014" isbn="ISBN83763550019---11">
    <Authors>
      <Author>
        <Name>Fred</Name>
        <Email>fweasley@hogwarts.co.uk</Email>
      </Author>
      <Author>
        <Name>George</Name>
        <Email>gweasley@hogwarts.co.uk</Email>
      </Author>
    </Authors>
    <name>Book2</name>
  </book>
  <book year="2014" isbn="ISBN83763550019---11">
    <Authors>
      <Author>
        <Name>Fred</Name>
        <Email>fweasley@hogwarts.co.uk</Email>
      </Author>
      <Author>
        <Name>George</Name>
        <Email>gweasley@hogwarts.co.uk</Email>
      </Author>
    </Authors>
    <name>Book1</name>
  </book>
  <book year="2014" isbn="ISBN83763550019---11">
    <Authors>
      <Author>
        <Name>Fred</Name>
        <Email>fweasley@hogwarts.co.uk</Email>
      </Author>
      <Author>
        <Name>George</Name>
        <Email>gweasley@hogwarts.co.uk</Email>
      </Author>
    </Authors>
    <name>Book2</name>
  </book>
  <book year="2014" isbn="ISBN83763550019---11">
    <Authors>
      <Author>
        <Name>Fred</Name>
        <Email>fweasley@hogwarts.co.uk</Email>
      </Author>
      <Author>
        <Name>George</Name>
        <Email>gweasley@hogwarts.co.uk</Email>
      </Author>
    </Authors>
    <name>Book1</name>
  </book>
  <book year="2014" isbn="ISBN83763550019---11">
    <Authors>
      <Author>
        <Name>Fred</Name>
        <Email>fweasley@hogwarts.co.uk</Email>
      </Author>
      <Author>
        <Name>George</Name>
        <Email>gweasley@hogwarts.co.uk</Email>
      </Author>
    </Authors>
    <name>Book2</name>
  </book>
  <book year="2014" isbn="ISBN83763550019---11">
    <Authors>
      <Author>
        <Name>Fred</Name>
        <Email>fweasley@hogwarts.co.uk</Email>
      </Author>
      <Author>
        <Name>George</Name>
        <Email>gweasley@hogwarts.co.uk</Email>
      </Author>
    </Authors>
    <name>Book1</name>
  </book>
  <book year="2014" isbn="ISBN83763550019---11">
    <Authors>
      <Author>
        <Name>Fred</Name>
        <Email>fweasley@hogwarts.co.uk</Email>
      </Author>
      <Author>
        <Name>George</Name>
        <Email>gweasley@hogwarts.co.uk</Email>
      </Author>
    </Authors>
    <name>Book2</name>
  </book>
  <book year="2014" isbn="ISBN83763550019---11">
    <Authors>
      <Author>
        <Name>Fred</Name>
        <Email>fweasley@hogwarts.co.uk</Email>
      </Author>
      <Author>
        <Name>George</Name>
        <Email>gweasley@hogwarts.co.uk</Email>
      </Author>
    </Authors>
    <name>Book1</name>
  </book>
  <book year="2014" isbn="ISBN83763550019---11">
    <Authors>
      <Author>
        <Name>Fred</Name>
        <Email>fweasley@hogwarts.co.uk</Email>
      </Author>
      <Author>
        <Name>George</Name>
        <Email>gweasley@hogwarts.co.uk</Email>
      </Author>
    </Authors>
    <name>Book2</name>
  </book>
  <book year="2014" isbn="ISBN83763550019---11">
    <Authors>
      <Author>
        <Name>Fred</Name>
        <Email>fweasley@hogwarts.co.uk</Email>
      </Author>
      <Author>
        <Name>George</Name>
        <Email>gweasley@hogwarts.co.uk</Email>
      </Author>
    </Authors>
    <name>Book1</name>
  </book>
  <book year="2014" isbn="ISBN83763550019---11">
    <Authors>
      <Author>
        <Name>Fred</Name>
        <Email>fweasley@hogwarts.co.uk</Email>
      </Author>
      <Author>
        <Name>George</Name>
        <Email>gweasley@hogwarts.co.uk</Email>
      </Author>
    </Authors>
    <name>Book2</name>
  </book>
  <book year="2014" isbn="ISBN83763550019---11">
    <Authors>
      <Author>
        <Name>Fred</Name>
        <Email>fweasley@hogwarts.co.uk</Email>
      </Author>
      <Author>
        <Name>George</Name>
        <Email>gweasley@hogwarts.co.uk</Email>
      </Author>
    </Authors>
    <name>Book1</name>
  </book>
  <book year="2014" isbn="ISBN83763550019---11">
    <Authors>
      <Author>
        <Name>Fred</Name>
        <Email>fweasley@hogwarts.co.uk</Email>
      </Author>
      <Author>
        <Name>George</Name>
        <Email>gweasley@hogwarts.co.uk</Email>
      </Author>
    </Authors>
    <name>Book2</name>
  </book>
  <book year="2014" isbn="ISBN83763550019---11">
    <Authors>
      <Author>
        <Name>Fred</Name>
        <Email>fweasley@hogwarts.co.uk</Email>
      </Author>
      <Author>
        <Name>George</Name>
        <Email>gweasley@hogwarts.co.uk</Email>
      </Author>
    </Authors>
    <name>Book1</name>
  </book>
  <book year="2014" isbn="ISBN83763550019---11">
    <Authors>
      <Author>
        <Name>Fred</Name>
        <Email>fweasley@hogwarts.co.uk</Email>
      </Author>
      <Author>
        <Name>George</Name>
        <Email>gweasley@hogwarts.co.uk</Email>
      </Author>
    </Authors>
    <name>Book2</name>
  </book>
  <book year="2014" isbn="ISBN83763550019---11">
    <Authors>
      <Author>
        <Name>Fred</Name>
        <Email>fweasley@hogwarts.co.uk</Email>
      </Author>
      <Author>
        <Name>George</Name>
        <Email>gweasley@hogwarts.co.uk</Email>
      </Author>
    </Authors>
    <name>Book1</name>
  </book>
  <book year="2014" isbn="ISBN83763550019---11">
    <Authors>
      <Author>
        <Name>Fred</Name>
        <Email>fweasley@hogwarts.co.uk</Email>
      </Author>
      <Author>
        <Name>George</Name>
        <Email>gweasley@hogwarts.co.uk</Email>
      </Author>
    </Authors>
    <name>Book2</name>
  </book>
  <book year="2014" isbn="ISBN83763550019---11">
    <Authors>
      <Author>
        <Name>Fred</Name>
        <Email>fweasley@hogwarts.co.uk</Email>
      </Author>
      <Author>
        <Name>George</Name>
        <Email>gweasley@hogwarts.co.uk</Email>
      </Author>
    </Authors>
    <name>Book1</name>
  </book>
  <book year="2014" isbn="ISBN83763550019---11">
    <Authors>
      <Author>
        <Name>Fred</Name>
        <Email>fweasley@hogwarts.co.uk</Email>
      </Author>
      <Author>
        <Name>George</Name>
        <Email>gweasley@hogwarts.co.uk</Email>
      </Author>
    </Authors>
    <name>Book2</name>
  </book>
  <book year="2014" isbn="ISBN83763550019---11">
    <Authors>
      <Author>
        <Name>Fred</Name>
        <Email>fweasley@hogwarts.co.uk</Email>
      </Author>
      <Author>
        <Name>George</Name>
        <Email>gweasley@hogwarts.co.uk</Email>
      </Author>
    </Authors>
    <name>Book1</name>
  </book>
  <book year="2014" isbn="ISBN83763550019---11">
    <Authors>
      <Author>
        <Name>Fred</Name>
        <Email>fweasley@hogwarts.co.uk</Email>
      </Author>
      <Author>
        <Name>George</Name>
        <Email>gweasley@hogwarts.co.uk</Email>
      </Author>
    </Authors>
    <name>Book2</name>
  </book>
  <book year="2014" isbn="ISBN83763550019---11">
    <Authors>
      <Author>
        <Name>Fred</Name>
        <Email>fweasley@hogwarts.co.uk</Email>
      </Author>
      <Author>
        <Name>George</Name>
        <Email>gweasley@hogwarts.co.uk</Email>
      </Author>
    </Authors>
    <name>Book1</name>
  </book>
  <book year="2014" isbn="ISBN83763550019---11">
    <Authors>
      <Author>
        <Name>Fred</Name>
        <Email>fweasley@hogwarts.co.uk</Email>
      </Author>
      <Author>
        <Name>George</Name>
        <Email>gweasley@hogwarts.co.uk</Email>
      </Author>
    </Authors>
    <name>Book2</name>
  </book>
  <book year="2014" isbn="ISBN83763550019---11">
    <Authors>
      <Author>
        <Name>Fred</Name>
        <Email>fweasley@hogwarts.co.uk</Email>
      </Author>
      <Author>
        <Name>George</Name>
        <Email>gweasley@hogwarts.co.uk</Email>
      </Author>
    </Authors>
    <name>Book1</name>
  </book>
  <book year="2014" isbn="ISBN83763550019---11">
    <Authors>
      <Author>
        <Name>Fred</Name>
        <Email>fweasley@hogwarts.co.uk</Email>
      </Author>
      <Author>
        <Name>George</Name>
        <Email>gweasley@hogwarts.co.uk</Email>
      </Author>
    </Authors>
    <name>Book2</name>
  </book>
  <book year="2014" isbn="ISBN83763550019---11">
    <Authors>
      <Author>
        <Name>Fred</Name>
        <Email>fweasley@hogwarts.co.uk</Email>
      </Author>
      <Author>
        <Name>George</Name>
        <Email>gweasley@hogwarts.co.uk</Email>
      </Author>
    </Authors>
    <name>Book1</name>
  </book>
  <book year="2014" isbn="ISBN83763550019---11">
    <Authors>
      <Author>
        <Name>Fred</Name>
        <Email>fweasley@hogwarts.co.uk</Email>
      </Author>
      <Author>
        <Name>George</Name>
        <Email>gweasley@hogwarts.co.uk</Email>
      </Author>
    </Authors>
    <name>Book2</name>
  </book>
  <book year="2014" isbn="ISBN83763550019---11">
    <Authors>
      <Author>
        <Name>Fred</Name>
        <Email>fweasley@hogwarts.co.uk</Email>
      </Author>
      <Author>
        <Name>George</Name>
        <Email>gweasley@hogwarts.co.uk</Email>
      </Author>
    </Authors>
    <name>Book1</name>
  </book>
  <book year="2014" isbn="ISBN83763550019---11">
    <Authors>
      <Author>
        <Name>Fred</Name>
        <Email>fweasley@hogwarts.co.uk</Email>
      </Author>
      <Author>
        <Name>George</Name>
        <Email>gweasley@hogwarts.co.uk</Email>
      </Author>
    </Authors>
    <name>Book2</name>
  </book>
  <book year="2014" isbn="ISBN83763550019---11">
    <Authors>
      <Author>
        <Name>Fred</Name>
        <Email>fweasley@hogwarts.co.uk</Email>
      </Author>
      <Author>
        <Name>George</Name>
        <Email>gweasley@hogwarts.co.uk</Email>
      </Author>
    </Authors>
    <name>Book1</name>
  </book>
  <book year="2014" isbn="ISBN83763550019---11">
    <Authors>
      <Author>
        <Name>Fred</Name>
        <Email>fweasley@hogwarts.co.uk</Email>
      </Author>
      <Author>
        <Name>George</Name>
        <Email>gweasley@hogwarts.co.uk</Email>
      </Author>
    </Authors>
    <name>Book2</name>
  </book>
  <book year="2014" isbn="ISBN83763550019---11">
    <Authors>
      <Author>
        <Name>Fred</Name>
        <Email>fweasley@hogwarts.co.uk</Email>
      </Author>
      <Author>
        <Name>George</Name>
        <Email>gweasley@hogwarts.co.uk</Email>
      </Author>
    </Authors>
    <name>Book1</name>
  </book>
  <book year="2014" isbn="ISBN83763550019---11">
    <Authors>
      <Author>
        <Name>Fred</Name>
        <Email>fweasley@hogwarts.co.uk</Email>
      </Author>
      <Author>
        <Name>George</Name>
        <Email>gweasley@hogwarts.co.uk</Email>
      </Author>
    </Authors>
    <name>Book2</name>
  </book>
  <book year="2014" isbn="ISBN83763550019---11">
    <Authors>
      <Author>
        <Name>Fred</Name>
        <Email>fweasley@hogwarts.co.uk</Email>
      </Author>
      <Author>
        <Name>George</Name>
        <Email>gweasley@hogwarts.co.uk</Email>
      </Author>
    </Authors>
    <name>Book1</name>
  </book>
  <book year="2014" isbn="ISBN83763550019---11">
    <Authors>
      <Author>
        <Name>Fred</Name>
        <Email>fweasley@hogwarts.co.uk</Email>
      </Author>
      <Author>
        <Name>George</Name>
        <Email>gweasley@hogwarts.co.uk</Email>
      </Author>
    </Authors>
    <name>Book2</name>
  </book>
  <book year="2014" isbn="ISBN83763550019---11">
    <Authors>
      <Author>
        <Name>Fred</Name>
        <Email>fweasley@hogwarts.co.uk</Email>
      </Author>
      <Author>
        <Name>George</Name>
        <Email>gweasley@hogwarts.co.uk</Email>
      </Author>
    </Authors>
    <name>Book1</name>
  </book>
  <book year="2014" isbn="ISBN83763550019---11">
    <Authors>
      <Author>
        <Name>Fred</Name>
        <Email>fweasley@hogwarts.co.uk</Email>
      </Author>
      <Author>
        <Name>George</Name>
        <Email>gweasley@hogwarts.co.uk</Email>
      </Author>
    </Authors>
    <name>Book2</name>
  </book>
  <book year="2014" isbn="ISBN83763550019---11">
    <Authors>
      <Author>
        <Name>Fred</Name>
        <Email>fweasley@hogwarts.co.uk</Email>
      </Author>
      <Author>
        <Name>George</Name>
        <Email>gweasley@hogwarts.co.uk</Email>
      </Author>
    </Authors>
    <name>Book1</name>
  </book>
  <book year="2014" isbn="ISBN83763550019---11">
    <Authors>
      <Author>
        <Name>Fred</Name>
        <Email>fweasley@hogwarts.co.uk</Email>
      </Author>
      <Author>
        <Name>George</Name>
        <Email>gweasley@hogwarts.co.uk</Email>
      </Author>
    </Authors>
    <name>Book2</name>
  </book>
  <book year="2014" isbn="ISBN83763550019---11">
    <Authors>
      <Author>
        <Name>Fred</Name>
        <Email>fweasley@hogwarts.co.uk</Email>
      </Author>
      <Author>
        <Name>George</Name>
        <Email>gweasley@hogwarts.co.uk</Email>
      </Author>
    </Authors>
    <name>Book1</name>
  </book>
  <book year="2014" isbn="ISBN83763550019---11">
    <Authors>
      <Author>
        <Name>Fred</Name>
        <Email>fweasley@hogwarts.co.uk</Email>
      </Author>
      <Author>
        <Name>George</Name>
        <Email>gweasley@hogwarts.co.uk</Email>
      </Author>
    </Authors>
    <name>Book2</name>
  </book>
  <book year="2014" isbn="ISBN83763550019---11">
    <Authors>
      <Author>
        <Name>Fred</Name>
        <Email>fweasley@hogwarts.co.uk</Email>
      </Author>
      <Author>
        <Name>George</Name>
        <Email>gweasley@hogwarts.co.uk</Email>
      </Author>
    </Authors>
    <name>Book1</name>
  </book>
  <book year="2014" isbn="ISBN83763550019---11">
    <Authors>
      <Author>
        <Name>Fred</Name>
        <Email>fweasley@hogwarts.co.uk</Email>
      </Author>
      <Author>
        <Name>George</Name>
        <Email>gweasley@hogwarts.co.uk</Email>
      </Author>
    </Authors>
    <name>Book2</name>
  </book>
  <book year="2014" isbn="ISBN83763550019---11">
    <Authors>
      <Author>
        <Name>Fred</Name>
        <Email>fweasley@hogwarts.co.uk</Email>
      </Author>
      <Author>
        <Name>George</Name>
        <Email>gweasley@hogwarts.co.uk</Email>
      </Author>
    </Authors>
    <name>Book1</name>
  </book>
  <book year="2014" isbn="ISBN83763550019---11">
    <Authors>
      <Author>
        <Name>Fred</Name>
        <Email>fweasley@hogwarts.co.uk</Email>
      </Author>
      <Author>
        <Name>George</Name>
        <Email>gweasley@hogwarts.co.uk</Email>
      </Author>
    </Authors>
    <name>Book2</name>
  </book>
  <book year="2014" isbn="ISBN83763550019---11">
    <Authors>
      <Author>
        <Name>Fred</Name>
        <Email>fweasley@hogwarts.co.uk</Email>
      </Author>
      <Author>
        <Name>George</Name>
        <Email>gweasley@hogwarts.co.uk</Email>
      </Author>
    </Authors>
    <name>Book1</name>
  </book>
  <book year="2014" isbn="ISBN83763550019---11">
    <Authors>
      <Author>
        <Name>Fred</Name>
        <Email>fweasley@hogwarts.co.uk</Email>
      </Author>
      <Author>
        <Name>George</Name>
        <Email>gweasley@hogwarts.co.uk</Email>
      </Author>
    </Authors>
    <name>Book2</name>
  </book>
  <book year="2014" isbn="ISBN83763550019---11">
    <Authors>
      <Author>
        <Name>Fred</Name>
        <Email>fweasley@hogwarts.co.uk</Email>
      </Author>
      <Author>
        <Name>George</Name>
        <Email>gweasley@hogwarts.co.uk</Email>
      </Author>
    </Authors>
    <name>Book1</name>
  </book>
  <book year="2014" isbn="ISBN83763550019---11">
    <Authors>
      <Author>
        <Name>Fred</Name>
        <Email>fweasley@hogwarts.co.uk</Email>
      </Author>
      <Author>
        <Name>George</Name>
        <Email>gweasley@hogwarts.co.uk</Email>
      </Author>
    </Authors>
    <name>Book2</name>
  </book>
  <book year="2014" isbn="ISBN83763550019---11">
    <Authors>
      <Author>
        <Name>Fred</Name>
        <Email>fweasley@hogwarts.co.uk</Email>
      </Author>
      <Author>
        <Name>George</Name>
        <Email>gweasley@hogwarts.co.uk</Email>
      </Author>
    </Authors>
    <name>Book1</name>
  </book>
  <book year="2014" isbn="ISBN83763550019---11">
    <Authors>
      <Author>
        <Name>Fred</Name>
        <Email>fweasley@hogwarts.co.uk</Email>
      </Author>
      <Author>
        <Name>George</Name>
        <Email>gweasley@hogwarts.co.uk</Email>
      </Author>
    </Authors>
    <name>Book2</name>
  </book>
  <book year="2014" isbn="ISBN83763550019---11">
    <Authors>
      <Author>
        <Name>Fred</Name>
        <Email>fweasley@hogwarts.co.uk</Email>
      </Author>
      <Author>
        <Name>George</Name>
        <Email>gweasley@hogwarts.co.uk</Email>
      </Author>
    </Authors>
    <name>Book1</name>
  </book>
  <book year="2014" isbn="ISBN83763550019---11">
    <Authors>
      <Author>
        <Name>Fred</Name>
        <Email>fweasley@hogwarts.co.uk</Email>
      </Author>
      <Author>
        <Name>George</Name>
        <Email>gweasley@hogwarts.co.uk</Email>
      </Author>
    </Authors>
    <name>Book2</name>
  </book>
  <book year="2014" isbn="ISBN83763550019---11">
    <Authors>
      <Author>
        <Name>Fred</Name>
        <Email>fweasley@hogwarts.co.uk</Email>
      </Author>
      <Author>
        <Name>George</Name>
        <Email>gweasley@hogwarts.co.uk</Email>
      </Author>
    </Authors>
    <name>Book1</name>
  </book>
  <book year="2014" isbn="ISBN83763550019---11">
    <Authors>
      <Author>
        <Name>Fred</Name>
        <Email>fweasley@hogwarts.co.uk</Email>
      </Author>
      <Author>
        <Name>George</Name>
        <Email>gweasley@hogwarts.co.uk</Email>
      </Author>
    </Authors>
    <name>Book2</name>
  </book>
  <book year="2014" isbn="ISBN83763550019---11">
    <Authors>
      <Author>
        <Name>Fred</Name>
        <Email>fweasley@hogwarts.co.uk</Email>
      </Author>
      <Author>
        <Name>George</Name>
        <Email>gweasley@hogwarts.co.uk</Email>
      </Author>
    </Authors>
    <name>Book1</name>
  </book>
  <book year="2014" isbn="ISBN83763550019---11">
    <Authors>
      <Author>
        <Name>Fred</Name>
        <Email>fweasley@hogwarts.co.uk</Email>
      </Author>
      <Author>
        <Name>George</Name>
        <Email>gweasley@hogwarts.co.uk</Email>
      </Author>
    </Authors>
    <name>Book2</name>
  </book>
  <book year="2014" isbn="ISBN83763550019---11">
    <Authors>
      <Author>
        <Name>Fred</Name>
        <Email>fweasley@hogwarts.co.uk</Email>
      </Author>
      <Author>
        <Name>George</Name>
        <Email>gweasley@hogwarts.co.uk</Email>
      </Author>
    </Authors>
    <name>Book1</name>
  </book>
  <book year="2014" isbn="ISBN83763550019---11">
    <Authors>
      <Author>
        <Name>Fred</Name>
        <Email>fweasley@hogwarts.co.uk</Email>
      </Author>
      <Author>
        <Name>George</Name>
        <Email>gweasley@hogwarts.co.uk</Email>
      </Author>
    </Authors>
    <name>Book2</name>
  </book>
  <book year="2014" isbn="ISBN83763550019---11">
    <Authors>
      <Author>
        <Name>Fred</Name>
        <Email>fweasley@hogwarts.co.uk</Email>
      </Author>
      <Author>
        <Name>George</Name>
        <Email>gweasley@hogwarts.co.uk</Email>
      </Author>
    </Authors>
    <name>Book1</name>
  </book>
  <book year="2014" isbn="ISBN83763550019---11">
    <Authors>
      <Author>
        <Name>Fred</Name>
        <Email>fweasley@hogwarts.co.uk</Email>
      </Author>
      <Author>
        <Name>George</Name>
        <Email>gweasley@hogwarts.co.uk</Email>
      </Author>
    </Authors>
    <name>Book2</name>
  </book>
  <book year="2014" isbn="ISBN83763550019---11">
    <Authors>
      <Author>
        <Name>Fred</Name>
        <Email>fweasley@hogwarts.co.uk</Email>
      </Author>
      <Author>
        <Name>George</Name>
        <Email>gweasley@hogwarts.co.uk</Email>
      </Author>
    </Authors>
    <name>Book1</name>
  </book>
  <book year="2014" isbn="ISBN83763550019---11">
    <Authors>
      <Author>
        <Name>Fred</Name>
        <Email>fweasley@hogwarts.co.uk</Email>
      </Author>
      <Author>
        <Name>George</Name>
        <Email>gweasley@hogwarts.co.uk</Email>
      </Author>
    </Authors>
    <name>Book2</name>
  </book>
  <book year="2014" isbn="ISBN83763550019---11">
    <Authors>
      <Author>
        <Name>Fred</Name>
        <Email>fweasley@hogwarts.co.uk</Email>
      </Author>
      <Author>
        <Name>George</Name>
        <Email>gweasley@hogwarts.co.uk</Email>
      </Author>
    </Authors>
    <name>Book1</name>
  </book>
  <book year="2014" isbn="ISBN83763550019---11">
    <Authors>
      <Author>
        <Name>Fred</Name>
        <Email>fweasley@hogwarts.co.uk</Email>
      </Author>
      <Author>
        <Name>George</Name>
        <Email>gweasley@hogwarts.co.uk</Email>
      </Author>
    </Authors>
    <name>Book2</name>
  </book>
  <book year="2014" isbn="ISBN83763550019---11">
    <Authors>
      <Author>
        <Name>Fred</Name>
        <Email>fweasley@hogwarts.co.uk</Email>
      </Author>
      <Author>
        <Name>George</Name>
        <Email>gweasley@hogwarts.co.uk</Email>
      </Author>
    </Authors>
    <name>Book1</name>
  </book>
  <book year="2014" isbn="ISBN83763550019---11">
    <Authors>
      <Author>
        <Name>Fred</Name>
        <Email>fweasley@hogwarts.co.uk</Email>
      </Author>
      <Author>
        <Name>George</Name>
        <Email>gweasley@hogwarts.co.uk</Email>
      </Author>
    </Authors>
    <name>Book2</name>
  </book>
  <book year="2014" isbn="ISBN83763550019---11">
    <Authors>
      <Author>
        <Name>Fred</Name>
        <Email>fweasley@hogwarts.co.uk</Email>
      </Author>
      <Author>
        <Name>George</Name>
        <Email>gweasley@hogwarts.co.uk</Email>
      </Author>
    </Authors>
    <name>Book1</name>
  </book>
  <book year="2014" isbn="ISBN83763550019---11">
    <Authors>
      <Author>
        <Name>Fred</Name>
        <Email>fweasley@hogwarts.co.uk</Email>
      </Author>
      <Author>
        <Name>George</Name>
        <Email>gweasley@hogwarts.co.uk</Email>
      </Author>
    </Authors>
    <name>Book2</name>
  </book>
  <book year="2014" isbn="ISBN83763550019---11">
    <Authors>
      <Author>
        <Name>Fred</Name>
        <Email>fweasley@hogwarts.co.uk</Email>
      </Author>
      <Author>
        <Name>George</Name>
        <Email>gweasley@hogwarts.co.uk</Email>
      </Author>
    </Authors>
    <name>Book1</name>
  </book>
  <book year="2014" isbn="ISBN83763550019---11">
    <Authors>
      <Author>
        <Name>Fred</Name>
        <Email>fweasley@hogwarts.co.uk</Email>
      </Author>
      <Author>
        <Name>George</Name>
        <Email>gweasley@hogwarts.co.uk</Email>
      </Author>
    </Authors>
    <name>Book2</name>
  </book>
  <book year="2014" isbn="ISBN83763550019---11">
    <Authors>
      <Author>
        <Name>Fred</Name>
        <Email>fweasley@hogwarts.co.uk</Email>
      </Author>
      <Author>
        <Name>George</Name>
        <Email>gweasley@hogwarts.co.uk</Email>
      </Author>
    </Authors>
    <name>Book1</name>
  </book>
  <book year="2014" isbn="ISBN83763550019---11">
    <Authors>
      <Author>
        <Name>Fred</Name>
        <Email>fweasley@hogwarts.co.uk</Email>
      </Author>
      <Author>
        <Name>George</Name>
        <Email>gweasley@hogwarts.co.uk</Email>
      </Author>
    </Authors>
    <name>Book2</name>
  </book>
  <book year="2014" isbn="ISBN83763550019---11">
    <Authors>
      <Author>
        <Name>Fred</Name>
        <Email>fweasley@hogwarts.co.uk</Email>
      </Author>
      <Author>
        <Name>George</Name>
        <Email>gweasley@hogwarts.co.uk</Email>
      </Author>
    </Authors>
    <name>Book1</name>
  </book>
  <book year="2014" isbn="ISBN83763550019---11">
    <Authors>
      <Author>
        <Name>Fred</Name>
        <Email>fweasley@hogwarts.co.uk</Email>
      </Author>
      <Author>
        <Name>George</Name>
        <Email>gweasley@hogwarts.co.uk</Email>
      </Author>
    </Authors>
    <name>Book2</name>
  </book>
  <book year="2014" isbn="ISBN83763550019---11">
    <Authors>
      <Author>
        <Name>Fred</Name>
        <Email>fweasley@hogwarts.co.uk</Email>
      </Author>
      <Author>
        <Name>George</Name>
        <Email>gweasley@hogwarts.co.uk</Email>
      </Author>
    </Authors>
    <name>Book1</name>
  </book>
  <book year="2014" isbn="ISBN83763550019---11">
    <Authors>
      <Author>
        <Name>Fred</Name>
        <Email>fweasley@hogwarts.co.uk</Email>
      </Author>
      <Author>
        <Name>George</Name>
        <Email>gweasley@hogwarts.co.uk</Email>
      </Author>
    </Authors>
    <name>Book2</name>
  </book>
  <book year="2014" isbn="ISBN83763550019---11">
    <Authors>
      <Author>
        <Name>Fred</Name>
        <Email>fweasley@hogwarts.co.uk</Email>
      </Author>
      <Author>
        <Name>George</Name>
        <Email>gweasley@hogwarts.co.uk</Email>
      </Author>
    </Authors>
    <name>Book1</name>
  </book>
  <book year="2014" isbn="ISBN83763550019---11">
    <Authors>
      <Author>
        <Name>Fred</Name>
        <Email>fweasley@hogwarts.co.uk</Email>
      </Author>
      <Author>
        <Name>George</Name>
        <Email>gweasley@hogwarts.co.uk</Email>
      </Author>
    </Authors>
    <name>Book2</name>
  </book>
  <book year="2014" isbn="ISBN83763550019---11">
    <Authors>
      <Author>
        <Name>Fred</Name>
        <Email>fweasley@hogwarts.co.uk</Email>
      </Author>
      <Author>
        <Name>George</Name>
        <Email>gweasley@hogwarts.co.uk</Email>
      </Author>
    </Authors>
    <name>Book1</name>
  </book>
  <book year="2014" isbn="ISBN83763550019---11">
    <Authors>
      <Author>
        <Name>Fred</Name>
        <Email>fweasley@hogwarts.co.uk</Email>
      </Author>
      <Author>
        <Name>George</Name>
        <Email>gweasley@hogwarts.co.uk</Email>
      </Author>
    </Authors>
    <name>Book2</name>
  </book>
  <book year="2014" isbn="ISBN83763550019---11">
    <Authors>
      <Author>
        <Name>Fred</Name>
        <Email>fweasley@hogwarts.co.uk</Email>
      </Author>
      <Author>
        <Name>George</Name>
        <Email>gweasley@hogwarts.co.uk</Email>
      </Author>
    </Authors>
    <name>Book1</name>
  </book>
  <book year="2014" isbn="ISBN83763550019---11">
    <Authors>
      <Author>
        <Name>Fred</Name>
        <Email>fweasley@hogwarts.co.uk</Email>
      </Author>
      <Author>
        <Name>George</Name>
        <Email>gweasley@hogwarts.co.uk</Email>
      </Author>
    </Authors>
    <name>Book2</name>
  </book>
  <book year="2014" isbn="ISBN83763550019---11">
    <Authors>
      <Author>
        <Name>Fred</Name>
        <Email>fweasley@hogwarts.co.uk</Email>
      </Author>
      <Author>
        <Name>George</Name>
        <Email>gweasley@hogwarts.co.uk</Email>
      </Author>
    </Authors>
    <name>Book1</name>
  </book>
  <book year="2014" isbn="ISBN83763550019---11">
    <Authors>
      <Author>
        <Name>Fred</Name>
        <Email>fweasley@hogwarts.co.uk</Email>
      </Author>
      <Author>
        <Name>George</Name>
        <Email>gweasley@hogwarts.co.uk</Email>
      </Author>
    </Authors>
    <name>Book2</name>
  </book>
  <book year="2014" isbn="ISBN83763550019---11">
    <Authors>
      <Author>
        <Name>Fred</Name>
        <Email>fweasley@hogwarts.co.uk</Email>
      </Author>
      <Author>
        <Name>George</Name>
        <Email>gweasley@hogwarts.co.uk</Email>
      </Author>
    </Authors>
    <name>Book1</name>
  </book>
  <book year="2014" isbn="ISBN83763550019---11">
    <Authors>
      <Author>
        <Name>Fred</Name>
        <Email>fweasley@hogwarts.co.uk</Email>
      </Author>
      <Author>
        <Name>George</Name>
        <Email>gweasley@hogwarts.co.uk</Email>
      </Author>
    </Authors>
    <name>Book2</name>
  </book>
  <book year="2014" isbn="ISBN83763550019---11">
    <Authors>
      <Author>
        <Name>Fred</Name>
        <Email>fweasley@hogwarts.co.uk</Email>
      </Author>
      <Author>
        <Name>George</Name>
        <Email>gweasley@hogwarts.co.uk</Email>
      </Author>
    </Authors>
    <name>Book1</name>
  </book>
  <book year="2014" isbn="ISBN83763550019---11">
    <Authors>
      <Author>
        <Name>Fred</Name>
        <Email>fweasley@hogwarts.co.uk</Email>
      </Author>
      <Author>
        <Name>George</Name>
        <Email>gweasley@hogwarts.co.uk</Email>
      </Author>
    </Authors>
    <name>Book2</name>
  </book>
  <book year="2014" isbn="ISBN83763550019---11">
    <Authors>
      <Author>
        <Name>Fred</Name>
        <Email>fweasley@hogwarts.co.uk</Email>
      </Author>
      <Author>
        <Name>George</Name>
        <Email>gweasley@hogwarts.co.uk</Email>
      </Author>
    </Authors>
    <name>Book1</name>
  </book>
  <book year="2014" isbn="ISBN83763550019---11">
    <Authors>
      <Author>
        <Name>Fred</Name>
        <Email>fweasley@hogwarts.co.uk</Email>
      </Author>
      <Author>
        <Name>George</Name>
        <Email>gweasley@hogwarts.co.uk</Email>
      </Author>
    </Authors>
    <name>Book2</name>
  </book>
  <book year="2014" isbn="ISBN83763550019---11">
    <Authors>
      <Author>
        <Name>Fred</Name>
        <Email>fweasley@hogwarts.co.uk</Email>
      </Author>
      <Author>
        <Name>George</Name>
        <Email>gweasley@hogwarts.co.uk</Email>
      </Author>
    </Authors>
    <name>Book1</name>
  </book>
  <book year="2014" isbn="ISBN83763550019---11">
    <Authors>
      <Author>
        <Name>Fred</Name>
        <Email>fweasley@hogwarts.co.uk</Email>
      </Author>
      <Author>
        <Name>George</Name>
        <Email>gweasley@hogwarts.co.uk</Email>
      </Author>
    </Authors>
    <name>Book2</name>
  </book>
  <book year="2014" isbn="ISBN83763550019---11">
    <Authors>
      <Author>
        <Name>Fred</Name>
        <Email>fweasley@hogwarts.co.uk</Email>
      </Author>
      <Author>
        <Name>George</Name>
        <Email>gweasley@hogwarts.co.uk</Email>
      </Author>
    </Authors>
    <name>Book1</name>
  </book>
  <book year="2014" isbn="ISBN83763550019---11">
    <Authors>
      <Author>
        <Name>Fred</Name>
        <Email>fweasley@hogwarts.co.uk</Email>
      </Author>
      <Author>
        <Name>George</Name>
        <Email>gweasley@hogwarts.co.uk</Email>
      </Author>
    </Authors>
    <name>Book2</name>
  </book>
  <book year="2014" isbn="ISBN83763550019---11">
    <Authors>
      <Author>
        <Name>Fred</Name>
        <Email>fweasley@hogwarts.co.uk</Email>
      </Author>
      <Author>
        <Name>George</Name>
        <Email>gweasley@hogwarts.co.uk</Email>
      </Author>
    </Authors>
    <name>Book1</name>
  </book>
  <book year="2014" isbn="ISBN83763550019---11">
    <Authors>
      <Author>
        <Name>Fred</Name>
        <Email>fweasley@hogwarts.co.uk</Email>
      </Author>
      <Author>
        <Name>George</Name>
        <Email>gweasley@hogwarts.co.uk</Email>
      </Author>
    </Authors>
    <name>Book2</name>
  </book>
  <book year="2014" isbn="ISBN83763550019---11">
    <Authors>
      <Author>
        <Name>Fred</Name>
        <Email>fweasley@hogwarts.co.uk</Email>
      </Author>
      <Author>
        <Name>George</Name>
        <Email>gweasley@hogwarts.co.uk</Email>
      </Author>
    </Authors>
    <name>Book1</name>
  </book>
  <book year="2014" isbn="ISBN83763550019---11">
    <Authors>
      <Author>
        <Name>Fred</Name>
        <Email>fweasley@hogwarts.co.uk</Email>
      </Author>
      <Author>
        <Name>George</Name>
        <Email>gweasley@hogwarts.co.uk</Email>
      </Author>
    </Authors>
    <name>Book2</name>
  </book>
  <book year="2014" isbn="ISBN83763550019---11">
    <Authors>
      <Author>
        <Name>Fred</Name>
        <Email>fweasley@hogwarts.co.uk</Email>
      </Author>
      <Author>
        <Name>George</Name>
        <Email>gweasley@hogwarts.co.uk</Email>
      </Author>
    </Authors>
    <name>Book1</name>
  </book>
  <book year="2014" isbn="ISBN83763550019---11">
    <Authors>
      <Author>
        <Name>Fred</Name>
        <Email>fweasley@hogwarts.co.uk</Email>
      </Author>
      <Author>
        <Name>George</Name>
        <Email>gweasley@hogwarts.co.uk</Email>
      </Author>
    </Authors>
    <name>Book2</name>
  </book>
  <book year="2014" isbn="ISBN83763550019---11">
    <Authors>
      <Author>
        <Name>Fred</Name>
        <Email>fweasley@hogwarts.co.uk</Email>
      </Author>
      <Author>
        <Name>George</Name>
        <Email>gweasley@hogwarts.co.uk</Email>
      </Author>
    </Authors>
    <name>Book1</name>
  </book>
  <book year="2014" isbn="ISBN83763550019---11">
    <Authors>
      <Author>
        <Name>Fred</Name>
        <Email>fweasley@hogwarts.co.uk</Email>
      </Author>
      <Author>
        <Name>George</Name>
        <Email>gweasley@hogwarts.co.uk</Email>
      </Author>
    </Authors>
    <name>Book2</name>
  </book>
  <book year="2014" isbn="ISBN83763550019---11">
    <Authors>
      <Author>
        <Name>Fred</Name>
        <Email>fweasley@hogwarts.co.uk</Email>
      </Author>
      <Author>
        <Name>George</Name>
        <Email>gweasley@hogwarts.co.uk</Email>
      </Author>
    </Authors>
    <name>Book1</name>
  </book>
  <book year="2014" isbn="ISBN83763550019---11">
    <Authors>
      <Author>
        <Name>Fred</Name>
        <Email>fweasley@hogwarts.co.uk</Email>
      </Author>
      <Author>
        <Name>George</Name>
        <Email>gweasley@hogwarts.co.uk</Email>
      </Author>
    </Authors>
    <name>Book2</name>
  </book>
  <book year="2014" isbn="ISBN83763550019---11">
    <Authors>
      <Author>
        <Name>Fred</Name>
        <Email>fweasley@hogwarts.co.uk</Email>
      </Author>
      <Author>
        <Name>George</Name>
        <Email>gweasley@hogwarts.co.uk</Email>
      </Author>
    </Authors>
    <name>Book1</name>
  </book>
  <book year="2014" isbn="ISBN83763550019---11">
    <Authors>
      <Author>
        <Name>Fred</Name>
        <Email>fweasley@hogwarts.co.uk</Email>
      </Author>
      <Author>
        <Name>George</Name>
        <Email>gweasley@hogwarts.co.uk</Email>
      </Author>
    </Authors>
    <name>Book2</name>
  </book>
  <book year="2014" isbn="ISBN83763550019---11">
    <Authors>
      <Author>
        <Name>Fred</Name>
        <Email>fweasley@hogwarts.co.uk</Email>
      </Author>
      <Author>
        <Name>George</Name>
        <Email>gweasley@hogwarts.co.uk</Email>
      </Author>
    </Authors>
    <name>Book1</name>
  </book>
  <book year="2014" isbn="ISBN83763550019---11">
    <Authors>
      <Author>
        <Name>Fred</Name>
        <Email>fweasley@hogwarts.co.uk</Email>
      </Author>
      <Author>
        <Name>George</Name>
        <Email>gweasley@hogwarts.co.uk</Email>
      </Author>
    </Authors>
    <name>Book2</name>
  </book>
  <book year="2014" isbn="ISBN83763550019---11">
    <Authors>
      <Author>
        <Name>Fred</Name>
        <Email>fweasley@hogwarts.co.uk</Email>
      </Author>
      <Author>
        <Name>George</Name>
        <Email>gweasley@hogwarts.co.uk</Email>
      </Author>
    </Authors>
    <name>Book1</name>
  </book>
  <book year="2014" isbn="ISBN83763550019---11">
    <Authors>
      <Author>
        <Name>Fred</Name>
        <Email>fweasley@hogwarts.co.uk</Email>
      </Author>
      <Author>
        <Name>George</Name>
        <Email>gweasley@hogwarts.co.uk</Email>
      </Author>
    </Authors>
    <name>Book2</name>
  </book>
  <book year="2014" isbn="ISBN83763550019---11">
    <Authors>
      <Author>
        <Name>Fred</Name>
        <Email>fweasley@hogwarts.co.uk</Email>
      </Author>
      <Author>
        <Name>George</Name>
        <Email>gweasley@hogwarts.co.uk</Email>
      </Author>
    </Authors>
    <name>Book1</name>
  </book>
  <book year="2014" isbn="ISBN83763550019---11">
    <Authors>
      <Author>
        <Name>Fred</Name>
        <Email>fweasley@hogwarts.co.uk</Email>
      </Author>
      <Author>
        <Name>George</Name>
        <Email>gweasley@hogwarts.co.uk</Email>
      </Author>
    </Authors>
    <name>Book2</name>
  </book>
  <book year="2014" isbn="ISBN83763550019---11">
    <Authors>
      <Author>
        <Name>Fred</Name>
        <Email>fweasley@hogwarts.co.uk</Email>
      </Author>
      <Author>
        <Name>George</Name>
        <Email>gweasley@hogwarts.co.uk</Email>
      </Author>
    </Authors>
    <name>Book1</name>
  </book>
  <book year="2014" isbn="ISBN83763550019---11">
    <Authors>
      <Author>
        <Name>Fred</Name>
        <Email>fweasley@hogwarts.co.uk</Email>
      </Author>
      <Author>
        <Name>George</Name>
        <Email>gweasley@hogwarts.co.uk</Email>
      </Author>
    </Authors>
    <name>Book2</name>
  </book>
  <book year="2014" isbn="ISBN83763550019---11">
    <Authors>
      <Author>
        <Name>Fred</Name>
        <Email>fweasley@hogwarts.co.uk</Email>
      </Author>
      <Author>
        <Name>George</Name>
        <Email>gweasley@hogwarts.co.uk</Email>
      </Author>
    </Authors>
    <name>Book1</name>
  </book>
  <book year="2014" isbn="ISBN83763550019---11">
    <Authors>
      <Author>
        <Name>Fred</Name>
        <Email>fweasley@hogwarts.co.uk</Email>
      </Author>
      <Author>
        <Name>George</Name>
        <Email>gweasley@hogwarts.co.uk</Email>
      </Author>
    </Authors>
    <name>Book2</name>
  </book>
  <book year="2014" isbn="ISBN83763550019---11">
    <Authors>
      <Author>
        <Name>Fred</Name>
        <Email>fweasley@hogwarts.co.uk</Email>
      </Author>
      <Author>
        <Name>George</Name>
        <Email>gweasley@hogwarts.co.uk</Email>
      </Author>
    </Authors>
    <name>Book1</name>
  </book>
  <book year="2014" isbn="ISBN83763550019---11">
    <Authors>
      <Author>
        <Name>Fred</Name>
        <Email>fweasley@hogwarts.co.uk</Email>
      </Author>
      <Author>
        <Name>George</Name>
        <Email>gweasley@hogwarts.co.uk</Email>
      </Author>
    </Authors>
    <name>Book2</name>
  </book>
  <book year="2014" isbn="ISBN83763550019---11">
    <Authors>
      <Author>
        <Name>Fred</Name>
        <Email>fweasley@hogwarts.co.uk</Email>
      </Author>
      <Author>
        <Name>George</Name>
        <Email>gweasley@hogwarts.co.uk</Email>
      </Author>
    </Authors>
    <name>Book1</name>
  </book>
  <book year="2014" isbn="ISBN83763550019---11">
    <Authors>
      <Author>
        <Name>Fred</Name>
        <Email>fweasley@hogwarts.co.uk</Email>
      </Author>
      <Author>
        <Name>George</Name>
        <Email>gweasley@hogwarts.co.uk</Email>
      </Author>
    </Authors>
    <name>Book2</name>
  </book>
  <book year="2014" isbn="ISBN83763550019---11">
    <Authors>
      <Author>
        <Name>Fred</Name>
        <Email>fweasley@hogwarts.co.uk</Email>
      </Author>
      <Author>
        <Name>George</Name>
        <Email>gweasley@hogwarts.co.uk</Email>
      </Author>
    </Authors>
    <name>Book1</name>
  </book>
  <book year="2014" isbn="ISBN83763550019---11">
    <Authors>
      <Author>
        <Name>Fred</Name>
        <Email>fweasley@hogwarts.co.uk</Email>
      </Author>
      <Author>
        <Name>George</Name>
        <Email>gweasley@hogwarts.co.uk</Email>
      </Author>
    </Authors>
    <name>Book2</name>
  </book>
  <book year="2014" isbn="ISBN83763550019---11">
    <Authors>
      <Author>
        <Name>Fred</Name>
        <Email>fweasley@hogwarts.co.uk</Email>
      </Author>
      <Author>
        <Name>George</Name>
        <Email>gweasley@hogwarts.co.uk</Email>
      </Author>
    </Authors>
    <name>Book1</name>
  </book>
  <book year="2014" isbn="ISBN83763550019---11">
    <Authors>
      <Author>
        <Name>Fred</Name>
        <Email>fweasley@hogwarts.co.uk</Email>
      </Author>
      <Author>
        <Name>George</Name>
        <Email>gweasley@hogwarts.co.uk</Email>
      </Author>
    </Authors>
    <name>Book2</name>
  </book>
  <book year="2014" isbn="ISBN83763550019---11">
    <Authors>
      <Author>
        <Name>Fred</Name>
        <Email>fweasley@hogwarts.co.uk</Email>
      </Author>
      <Author>
        <Name>George</Name>
        <Email>gweasley@hogwarts.co.uk</Email>
      </Author>
    </Authors>
    <name>Book1</name>
  </book>
  <book year="2014" isbn="ISBN83763550019---11">
    <Authors>
      <Author>
        <Name>Fred</Name>
        <Email>fweasley@hogwarts.co.uk</Email>
      </Author>
      <Author>
        <Name>George</Name>
        <Email>gweasley@hogwarts.co.uk</Email>
      </Author>
    </Authors>
    <name>Book2</name>
  </book>
  <book year="2014" isbn="ISBN83763550019---11">
    <Authors>
      <Author>
        <Name>Fred</Name>
        <Email>fweasley@hogwarts.co.uk</Email>
      </Author>
      <Author>
        <Name>George</Name>
        <Email>gweasley@hogwarts.co.uk</Email>
      </Author>
    </Authors>
    <name>Book1</name>
  </book>
  <book year="2014" isbn="ISBN83763550019---11">
    <Authors>
      <Author>
        <Name>Fred</Name>
        <Email>fweasley@hogwarts.co.uk</Email>
      </Author>
      <Author>
        <Name>George</Name>
        <Email>gweasley@hogwarts.co.uk</Email>
      </Author>
    </Authors>
    <name>Book2</name>
  </book>
  <book year="2014" isbn="ISBN83763550019---11">
    <Authors>
      <Author>
        <Name>Fred</Name>
        <Email>fweasley@hogwarts.co.uk</Email>
      </Author>
      <Author>
        <Name>George</Name>
        <Email>gweasley@hogwarts.co.uk</Email>
      </Author>
    </Authors>
    <name>Book1</name>
  </book>
  <book year="2014" isbn="ISBN83763550019---11">
    <Authors>
      <Author>
        <Name>Fred</Name>
        <Email>fweasley@hogwarts.co.uk</Email>
      </Author>
      <Author>
        <Name>George</Name>
        <Email>gweasley@hogwarts.co.uk</Email>
      </Author>
    </Authors>
    <name>Book2</name>
  </book>
  <book year="2014" isbn="ISBN83763550019---11">
    <Authors>
      <Author>
        <Name>Fred</Name>
        <Email>fweasley@hogwarts.co.uk</Email>
      </Author>
      <Author>
        <Name>George</Name>
        <Email>gweasley@hogwarts.co.uk</Email>
      </Author>
    </Authors>
    <name>Book1</name>
  </book>
  <book year="2014" isbn="ISBN83763550019---11">
    <Authors>
      <Author>
        <Name>Fred</Name>
        <Email>fweasley@hogwarts.co.uk</Email>
      </Author>
      <Author>
        <Name>George</Name>
        <Email>gweasley@hogwarts.co.uk</Email>
      </Author>
    </Authors>
    <name>Book2</name>
  </book>
  <book year="2014" isbn="ISBN83763550019---11">
    <Authors>
      <Author>
        <Name>Fred</Name>
        <Email>fweasley@hogwarts.co.uk</Email>
      </Author>
      <Author>
        <Name>George</Name>
        <Email>gweasley@hogwarts.co.uk</Email>
      </Author>
    </Authors>
    <name>Book1</name>
  </book>
  <book year="2014" isbn="ISBN83763550019---11">
    <Authors>
      <Author>
        <Name>Fred</Name>
        <Email>fweasley@hogwarts.co.uk</Email>
      </Author>
      <Author>
        <Name>George</Name>
        <Email>gweasley@hogwarts.co.uk</Email>
      </Author>
    </Authors>
    <name>Book2</name>
  </book>
  <book year="2014" isbn="ISBN83763550019---11">
    <Authors>
      <Author>
        <Name>Fred</Name>
        <Email>fweasley@hogwarts.co.uk</Email>
      </Author>
      <Author>
        <Name>George</Name>
        <Email>gweasley@hogwarts.co.uk</Email>
      </Author>
    </Authors>
    <name>Book1</name>
  </book>
  <book year="2014" isbn="ISBN83763550019---11">
    <Authors>
      <Author>
        <Name>Fred</Name>
        <Email>fweasley@hogwarts.co.uk</Email>
      </Author>
      <Author>
        <Name>George</Name>
        <Email>gweasley@hogwarts.co.uk</Email>
      </Author>
    </Authors>
    <name>Book2</name>
  </book>
  <book year="2014" isbn="ISBN83763550019---11">
    <Authors>
      <Author>
        <Name>Fred</Name>
        <Email>fweasley@hogwarts.co.uk</Email>
      </Author>
      <Author>
        <Name>George</Name>
        <Email>gweasley@hogwarts.co.uk</Email>
      </Author>
    </Authors>
    <name>Book1</name>
  </book>
  <book year="2014" isbn="ISBN83763550019---11">
    <Authors>
      <Author>
        <Name>Fred</Name>
        <Email>fweasley@hogwarts.co.uk</Email>
      </Author>
      <Author>
        <Name>George</Name>
        <Email>gweasley@hogwarts.co.uk</Email>
      </Author>
    </Authors>
    <name>Book2</name>
  </book>
  <book year="2014" isbn="ISBN83763550019---11">
    <Authors>
      <Author>
        <Name>Fred</Name>
        <Email>fweasley@hogwarts.co.uk</Email>
      </Author>
      <Author>
        <Name>George</Name>
        <Email>gweasley@hogwarts.co.uk</Email>
      </Author>
    </Authors>
    <name>Book1</name>
  </book>
  <book year="2014" isbn="ISBN83763550019---11">
    <Authors>
      <Author>
        <Name>Fred</Name>
        <Email>fweasley@hogwarts.co.uk</Email>
      </Author>
      <Author>
        <Name>George</Name>
        <Email>gweasley@hogwarts.co.uk</Email>
      </Author>
    </Authors>
    <name>Book2</name>
  </book>
  <book year="2014" isbn="ISBN83763550019---11">
    <Authors>
      <Author>
        <Name>Fred</Name>
        <Email>fweasley@hogwarts.co.uk</Email>
      </Author>
      <Author>
        <Name>George</Name>
        <Email>gweasley@hogwarts.co.uk</Email>
      </Author>
    </Authors>
    <name>Book1</name>
  </book>
  <book year="2014" isbn="ISBN83763550019---11">
    <Authors>
      <Author>
        <Name>Fred</Name>
        <Email>fweasley@hogwarts.co.uk</Email>
      </Author>
      <Author>
        <Name>George</Name>
        <Email>gweasley@hogwarts.co.uk</Email>
      </Author>
    </Authors>
    <name>Book2</name>
  </book>
  <book year="2014" isbn="ISBN83763550019---11">
    <Authors>
      <Author>
        <Name>Fred</Name>
        <Email>fweasley@hogwarts.co.uk</Email>
      </Author>
      <Author>
        <Name>George</Name>
        <Email>gweasley@hogwarts.co.uk</Email>
      </Author>
    </Authors>
    <name>Book1</name>
  </book>
  <book year="2014" isbn="ISBN83763550019---11">
    <Authors>
      <Author>
        <Name>Fred</Name>
        <Email>fweasley@hogwarts.co.uk</Email>
      </Author>
      <Author>
        <Name>George</Name>
        <Email>gweasley@hogwarts.co.uk</Email>
      </Author>
    </Authors>
    <name>Book2</name>
  </book>
  <book year="2014" isbn="ISBN83763550019---11">
    <Authors>
      <Author>
        <Name>Fred</Name>
        <Email>fweasley@hogwarts.co.uk</Email>
      </Author>
      <Author>
        <Name>George</Name>
        <Email>gweasley@hogwarts.co.uk</Email>
      </Author>
    </Authors>
    <name>Book1</name>
  </book>
  <book year="2014" isbn="ISBN83763550019---11">
    <Authors>
      <Author>
        <Name>Fred</Name>
        <Email>fweasley@hogwarts.co.uk</Email>
      </Author>
      <Author>
        <Name>George</Name>
        <Email>gweasley@hogwarts.co.uk</Email>
      </Author>
    </Authors>
    <name>Book2</name>
  </book>
  <book year="2014" isbn="ISBN83763550019---11">
    <Authors>
      <Author>
        <Name>Fred</Name>
        <Email>fweasley@hogwarts.co.uk</Email>
      </Author>
      <Author>
        <Name>George</Name>
        <Email>gweasley@hogwarts.co.uk</Email>
      </Author>
    </Authors>
    <name>Book1</name>
  </book>
  <book year="2014" isbn="ISBN83763550019---11">
    <Authors>
      <Author>
        <Name>Fred</Name>
        <Email>fweasley@hogwarts.co.uk</Email>
      </Author>
      <Author>
        <Name>George</Name>
        <Email>gweasley@hogwarts.co.uk</Email>
      </Author>
    </Authors>
    <name>Book2</name>
  </book>
  <book year="2014" isbn="ISBN83763550019---11">
    <Authors>
      <Author>
        <Name>Fred</Name>
        <Email>fweasley@hogwarts.co.uk</Email>
      </Author>
      <Author>
        <Name>George</Name>
        <Email>gweasley@hogwarts.co.uk</Email>
      </Author>
    </Authors>
    <name>Book1</name>
  </book>
  <book year="2014" isbn="ISBN83763550019---11">
    <Authors>
      <Author>
        <Name>Fred</Name>
        <Email>fweasley@hogwarts.co.uk</Email>
      </Author>
      <Author>
        <Name>George</Name>
        <Email>gweasley@hogwarts.co.uk</Email>
      </Author>
    </Authors>
    <name>Book2</name>
  </book>
  <book year="2014" isbn="ISBN83763550019---11">
    <Authors>
      <Author>
        <Name>Fred</Name>
        <Email>fweasley@hogwarts.co.uk</Email>
      </Author>
      <Author>
        <Name>George</Name>
        <Email>gweasley@hogwarts.co.uk</Email>
      </Author>
    </Authors>
    <name>Book1</name>
  </book>
  <book year="2014" isbn="ISBN83763550019---11">
    <Authors>
      <Author>
        <Name>Fred</Name>
        <Email>fweasley@hogwarts.co.uk</Email>
      </Author>
      <Author>
        <Name>George</Name>
        <Email>gweasley@hogwarts.co.uk</Email>
      </Author>
    </Authors>
    <name>Book2</name>
  </book>
  <book year="2014" isbn="ISBN83763550019---11">
    <Authors>
      <Author>
        <Name>Fred</Name>
        <Email>fweasley@hogwarts.co.uk</Email>
      </Author>
      <Author>
        <Name>George</Name>
        <Email>gweasley@hogwarts.co.uk</Email>
      </Author>
    </Authors>
    <name>Book1</name>
  </book>
  <book year="2014" isbn="ISBN83763550019---11">
    <Authors>
      <Author>
        <Name>Fred</Name>
        <Email>fweasley@hogwarts.co.uk</Email>
      </Author>
      <Author>
        <Name>George</Name>
        <Email>gweasley@hogwarts.co.uk</Email>
      </Author>
    </Authors>
    <name>Book2</name>
  </book>
  <book year="2014" isbn="ISBN83763550019---11">
    <Authors>
      <Author>
        <Name>Fred</Name>
        <Email>fweasley@hogwarts.co.uk</Email>
      </Author>
      <Author>
        <Name>George</Name>
        <Email>gweasley@hogwarts.co.uk</Email>
      </Author>
    </Authors>
    <name>Book1</name>
  </book>
  <book year="2014" isbn="ISBN83763550019---11">
    <Authors>
      <Author>
        <Name>Fred</Name>
        <Email>fweasley@hogwarts.co.uk</Email>
      </Author>
      <Author>
        <Name>George</Name>
        <Email>gweasley@hogwarts.co.uk</Email>
      </Author>
    </Authors>
    <name>Book2</name>
  </book>
  <book year="2014" isbn="ISBN83763550019---11">
    <Authors>
      <Author>
        <Name>Fred</Name>
        <Email>fweasley@hogwarts.co.uk</Email>
      </Author>
      <Author>
        <Name>George</Name>
        <Email>gweasley@hogwarts.co.uk</Email>
      </Author>
    </Authors>
    <name>Book1</name>
  </book>
  <book year="2014" isbn="ISBN83763550019---11">
    <Authors>
      <Author>
        <Name>Fred</Name>
        <Email>fweasley@hogwarts.co.uk</Email>
      </Author>
      <Author>
        <Name>George</Name>
        <Email>gweasley@hogwarts.co.uk</Email>
      </Author>
    </Authors>
    <name>Book2</name>
  </book>
  <book year="2014" isbn="ISBN83763550019---11">
    <Authors>
      <Author>
        <Name>Fred</Name>
        <Email>fweasley@hogwarts.co.uk</Email>
      </Author>
      <Author>
        <Name>George</Name>
        <Email>gweasley@hogwarts.co.uk</Email>
      </Author>
    </Authors>
    <name>Book1</name>
  </book>
  <book year="2014" isbn="ISBN83763550019---11">
    <Authors>
      <Author>
        <Name>Fred</Name>
        <Email>fweasley@hogwarts.co.uk</Email>
      </Author>
      <Author>
        <Name>George</Name>
        <Email>gweasley@hogwarts.co.uk</Email>
      </Author>
    </Authors>
    <name>Book2</name>
  </book>
  <book year="2014" isbn="ISBN83763550019---11">
    <Authors>
      <Author>
        <Name>Fred</Name>
        <Email>fweasley@hogwarts.co.uk</Email>
      </Author>
      <Author>
        <Name>George</Name>
        <Email>gweasley@hogwarts.co.uk</Email>
      </Author>
    </Authors>
    <name>Book1</name>
  </book>
  <book year="2014" isbn="ISBN83763550019---11">
    <Authors>
      <Author>
        <Name>Fred</Name>
        <Email>fweasley@hogwarts.co.uk</Email>
      </Author>
      <Author>
        <Name>George</Name>
        <Email>gweasley@hogwarts.co.uk</Email>
      </Author>
    </Authors>
    <name>Book2</name>
  </book>
  <book year="2014" isbn="ISBN83763550019---11">
    <Authors>
      <Author>
        <Name>Fred</Name>
        <Email>fweasley@hogwarts.co.uk</Email>
      </Author>
      <Author>
        <Name>George</Name>
        <Email>gweasley@hogwarts.co.uk</Email>
      </Author>
    </Authors>
    <name>Book1</name>
  </book>
  <book year="2014" isbn="ISBN83763550019---11">
    <Authors>
      <Author>
        <Name>Fred</Name>
        <Email>fweasley@hogwarts.co.uk</Email>
      </Author>
      <Author>
        <Name>George</Name>
        <Email>gweasley@hogwarts.co.uk</Email>
      </Author>
    </Authors>
    <name>Book2</name>
  </book>
  <book year="2014" isbn="ISBN83763550019---11">
    <Authors>
      <Author>
        <Name>Fred</Name>
        <Email>fweasley@hogwarts.co.uk</Email>
      </Author>
      <Author>
        <Name>George</Name>
        <Email>gweasley@hogwarts.co.uk</Email>
      </Author>
    </Authors>
    <name>Book1</name>
  </book>
  <book year="2014" isbn="ISBN83763550019---11">
    <Authors>
      <Author>
        <Name>Fred</Name>
        <Email>fweasley@hogwarts.co.uk</Email>
      </Author>
      <Author>
        <Name>George</Name>
        <Email>gweasley@hogwarts.co.uk</Email>
      </Author>
    </Authors>
    <name>Book2</name>
  </book>
  <book year="2014" isbn="ISBN83763550019---11">
    <Authors>
      <Author>
        <Name>Fred</Name>
        <Email>fweasley@hogwarts.co.uk</Email>
      </Author>
      <Author>
        <Name>George</Name>
        <Email>gweasley@hogwarts.co.uk</Email>
      </Author>
    </Authors>
    <name>Book1</name>
  </book>
  <book year="2014" isbn="ISBN83763550019---11">
    <Authors>
      <Author>
        <Name>Fred</Name>
        <Email>fweasley@hogwarts.co.uk</Email>
      </Author>
      <Author>
        <Name>George</Name>
        <Email>gweasley@hogwarts.co.uk</Email>
      </Author>
    </Authors>
    <name>Book2</name>
  </book>
  <book year="2014" isbn="ISBN83763550019---11">
    <Authors>
      <Author>
        <Name>Fred</Name>
        <Email>fweasley@hogwarts.co.uk</Email>
      </Author>
      <Author>
        <Name>George</Name>
        <Email>gweasley@hogwarts.co.uk</Email>
      </Author>
    </Authors>
    <name>Book1</name>
  </book>
  <book year="2014" isbn="ISBN83763550019---11">
    <Authors>
      <Author>
        <Name>Fred</Name>
        <Email>fweasley@hogwarts.co.uk</Email>
      </Author>
      <Author>
        <Name>George</Name>
        <Email>gweasley@hogwarts.co.uk</Email>
      </Author>
    </Authors>
    <name>Book2</name>
  </book>
  <book year="2014" isbn="ISBN83763550019---11">
    <Authors>
      <Author>
        <Name>Fred</Name>
        <Email>fweasley@hogwarts.co.uk</Email>
      </Author>
      <Author>
        <Name>George</Name>
        <Email>gweasley@hogwarts.co.uk</Email>
      </Author>
    </Authors>
    <name>Book1</name>
  </book>
  <book year="2014" isbn="ISBN83763550019---11">
    <Authors>
      <Author>
        <Name>Fred</Name>
        <Email>fweasley@hogwarts.co.uk</Email>
      </Author>
      <Author>
        <Name>George</Name>
        <Email>gweasley@hogwarts.co.uk</Email>
      </Author>
    </Authors>
    <name>Book2</name>
  </book>
  <book year="2014" isbn="ISBN83763550019---11">
    <Authors>
      <Author>
        <Name>Fred</Name>
        <Email>fweasley@hogwarts.co.uk</Email>
      </Author>
      <Author>
        <Name>George</Name>
        <Email>gweasley@hogwarts.co.uk</Email>
      </Author>
    </Authors>
    <name>Book1</name>
  </book>
  <book year="2014" isbn="ISBN83763550019---11">
    <Authors>
      <Author>
        <Name>Fred</Name>
        <Email>fweasley@hogwarts.co.uk</Email>
      </Author>
      <Author>
        <Name>George</Name>
        <Email>gweasley@hogwarts.co.uk</Email>
      </Author>
    </Authors>
    <name>Book2</name>
  </book>
  <book year="2014" isbn="ISBN83763550019---11">
    <Authors>
      <Author>
        <Name>Fred</Name>
        <Email>fweasley@hogwarts.co.uk</Email>
      </Author>
      <Author>
        <Name>George</Name>
        <Email>gweasley@hogwarts.co.uk</Email>
      </Author>
    </Authors>
    <name>Book1</name>
  </book>
  <book year="2014" isbn="ISBN83763550019---11">
    <Authors>
      <Author>
        <Name>Fred</Name>
        <Email>fweasley@hogwarts.co.uk</Email>
      </Author>
      <Author>
        <Name>George</Name>
        <Email>gweasley@hogwarts.co.uk</Email>
      </Author>
    </Authors>
    <name>Book2</name>
  </book>
  <book year="2014" isbn="ISBN83763550019---11">
    <Authors>
      <Author>
        <Name>Fred</Name>
        <Email>fweasley@hogwarts.co.uk</Email>
      </Author>
      <Author>
        <Name>George</Name>
        <Email>gweasley@hogwarts.co.uk</Email>
      </Author>
    </Authors>
    <name>Book1</name>
  </book>
  <book year="2014" isbn="ISBN83763550019---11">
    <Authors>
      <Author>
        <Name>Fred</Name>
        <Email>fweasley@hogwarts.co.uk</Email>
      </Author>
      <Author>
        <Name>George</Name>
        <Email>gweasley@hogwarts.co.uk</Email>
      </Author>
    </Authors>
    <name>Book2</name>
  </book>
  <book year="2014" isbn="ISBN83763550019---11">
    <Authors>
      <Author>
        <Name>Fred</Name>
        <Email>fweasley@hogwarts.co.uk</Email>
      </Author>
      <Author>
        <Name>George</Name>
        <Email>gweasley@hogwarts.co.uk</Email>
      </Author>
    </Authors>
    <name>Book1</name>
  </book>
  <book year="2014" isbn="ISBN83763550019---11">
    <Authors>
      <Author>
        <Name>Fred</Name>
        <Email>fweasley@hogwarts.co.uk</Email>
      </Author>
      <Author>
        <Name>George</Name>
        <Email>gweasley@hogwarts.co.uk</Email>
      </Author>
    </Authors>
    <name>Book2</name>
  </book>
  <book year="2014" isbn="ISBN83763550019---11">
    <Authors>
      <Author>
        <Name>Fred</Name>
        <Email>fweasley@hogwarts.co.uk</Email>
      </Author>
      <Author>
        <Name>George</Name>
        <Email>gweasley@hogwarts.co.uk</Email>
      </Author>
    </Authors>
    <name>Book1</name>
  </book>
  <book year="2014" isbn="ISBN83763550019---11">
    <Authors>
      <Author>
        <Name>Fred</Name>
        <Email>fweasley@hogwarts.co.uk</Email>
      </Author>
      <Author>
        <Name>George</Name>
        <Email>gweasley@hogwarts.co.uk</Email>
      </Author>
    </Authors>
    <name>Book2</name>
  </book>
  <book year="2014" isbn="ISBN83763550019---11">
    <Authors>
      <Author>
        <Name>Fred</Name>
        <Email>fweasley@hogwarts.co.uk</Email>
      </Author>
      <Author>
        <Name>George</Name>
        <Email>gweasley@hogwarts.co.uk</Email>
      </Author>
    </Authors>
    <name>Book1</name>
  </book>
  <book year="2014" isbn="ISBN83763550019---11">
    <Authors>
      <Author>
        <Name>Fred</Name>
        <Email>fweasley@hogwarts.co.uk</Email>
      </Author>
      <Author>
        <Name>George</Name>
        <Email>gweasley@hogwarts.co.uk</Email>
      </Author>
    </Authors>
    <name>Book2</name>
  </book>
  <book year="2014" isbn="ISBN83763550019---11">
    <Authors>
      <Author>
        <Name>Fred</Name>
        <Email>fweasley@hogwarts.co.uk</Email>
      </Author>
      <Author>
        <Name>George</Name>
        <Email>gweasley@hogwarts.co.uk</Email>
      </Author>
    </Authors>
    <name>Book1</name>
  </book>
  <book year="2014" isbn="ISBN83763550019---11">
    <Authors>
      <Author>
        <Name>Fred</Name>
        <Email>fweasley@hogwarts.co.uk</Email>
      </Author>
      <Author>
        <Name>George</Name>
        <Email>gweasley@hogwarts.co.uk</Email>
      </Author>
    </Authors>
    <name>Book2</name>
  </book>
  <book year="2014" isbn="ISBN83763550019---11">
    <Authors>
      <Author>
        <Name>Fred</Name>
        <Email>fweasley@hogwarts.co.uk</Email>
      </Author>
      <Author>
        <Name>George</Name>
        <Email>gweasley@hogwarts.co.uk</Email>
      </Author>
    </Authors>
    <name>Book1</name>
  </book>
  <book year="2014" isbn="ISBN83763550019---11">
    <Authors>
      <Author>
        <Name>Fred</Name>
        <Email>fweasley@hogwarts.co.uk</Email>
      </Author>
      <Author>
        <Name>George</Name>
        <Email>gweasley@hogwarts.co.uk</Email>
      </Author>
    </Authors>
    <name>Book2</name>
  </book>
  <book year="2014" isbn="ISBN83763550019---11">
    <Authors>
      <Author>
        <Name>Fred</Name>
        <Email>fweasley@hogwarts.co.uk</Email>
      </Author>
      <Author>
        <Name>George</Name>
        <Email>gweasley@hogwarts.co.uk</Email>
      </Author>
    </Authors>
    <name>Book1</name>
  </book>
  <book year="2014" isbn="ISBN83763550019---11">
    <Authors>
      <Author>
        <Name>Fred</Name>
        <Email>fweasley@hogwarts.co.uk</Email>
      </Author>
      <Author>
        <Name>George</Name>
        <Email>gweasley@hogwarts.co.uk</Email>
      </Author>
    </Authors>
    <name>Book2</name>
  </book>
  <book year="2014" isbn="ISBN83763550019---11">
    <Authors>
      <Author>
        <Name>Fred</Name>
        <Email>fweasley@hogwarts.co.uk</Email>
      </Author>
      <Author>
        <Name>George</Name>
        <Email>gweasley@hogwarts.co.uk</Email>
      </Author>
    </Authors>
    <name>Book1</name>
  </book>
  <book year="2014" isbn="ISBN83763550019---11">
    <Authors>
      <Author>
        <Name>Fred</Name>
        <Email>fweasley@hogwarts.co.uk</Email>
      </Author>
      <Author>
        <Name>George</Name>
        <Email>gweasley@hogwarts.co.uk</Email>
      </Author>
    </Authors>
    <name>Book2</name>
  </book>
  <book year="2014" isbn="ISBN83763550019---11">
    <Authors>
      <Author>
        <Name>Fred</Name>
        <Email>fweasley@hogwarts.co.uk</Email>
      </Author>
      <Author>
        <Name>George</Name>
        <Email>gweasley@hogwarts.co.uk</Email>
      </Author>
    </Authors>
    <name>Book1</name>
  </book>
  <book year="2014" isbn="ISBN83763550019---11">
    <Authors>
      <Author>
        <Name>Fred</Name>
        <Email>fweasley@hogwarts.co.uk</Email>
      </Author>
      <Author>
        <Name>George</Name>
        <Email>gweasley@hogwarts.co.uk</Email>
      </Author>
    </Authors>
    <name>Book2</name>
  </book>
  <book year="2014" isbn="ISBN83763550019---11">
    <Authors>
      <Author>
        <Name>Fred</Name>
        <Email>fweasley@hogwarts.co.uk</Email>
      </Author>
      <Author>
        <Name>George</Name>
        <Email>gweasley@hogwarts.co.uk</Email>
      </Author>
    </Authors>
    <name>Book1</name>
  </book>
  <book year="2014" isbn="ISBN83763550019---11">
    <Authors>
      <Author>
        <Name>Fred</Name>
        <Email>fweasley@hogwarts.co.uk</Email>
      </Author>
      <Author>
        <Name>George</Name>
        <Email>gweasley@hogwarts.co.uk</Email>
      </Author>
    </Authors>
    <name>Book2</name>
  </book>
  <book year="2014" isbn="ISBN83763550019---11">
    <Authors>
      <Author>
        <Name>Fred</Name>
        <Email>fweasley@hogwarts.co.uk</Email>
      </Author>
      <Author>
        <Name>George</Name>
        <Email>gweasley@hogwarts.co.uk</Email>
      </Author>
    </Authors>
    <name>Book1</name>
  </book>
  <book year="2014" isbn="ISBN83763550019---11">
    <Authors>
      <Author>
        <Name>Fred</Name>
        <Email>fweasley@hogwarts.co.uk</Email>
      </Author>
      <Author>
        <Name>George</Name>
        <Email>gweasley@hogwarts.co.uk</Email>
      </Author>
    </Authors>
    <name>Book2</name>
  </book>
  <book year="2014" isbn="ISBN83763550019---11">
    <Authors>
      <Author>
        <Name>Fred</Name>
        <Email>fweasley@hogwarts.co.uk</Email>
      </Author>
      <Author>
        <Name>George</Name>
        <Email>gweasley@hogwarts.co.uk</Email>
      </Author>
    </Authors>
    <name>Book1</name>
  </book>
  <book year="2014" isbn="ISBN83763550019---11">
    <Authors>
      <Author>
        <Name>Fred</Name>
        <Email>fweasley@hogwarts.co.uk</Email>
      </Author>
      <Author>
        <Name>George</Name>
        <Email>gweasley@hogwarts.co.uk</Email>
      </Author>
    </Authors>
    <name>Book2</name>
  </book>
  <book year="2014" isbn="ISBN83763550019---11">
    <Authors>
      <Author>
        <Name>Fred</Name>
        <Email>fweasley@hogwarts.co.uk</Email>
      </Author>
      <Author>
        <Name>George</Name>
        <Email>gweasley@hogwarts.co.uk</Email>
      </Author>
    </Authors>
    <name>Book1</name>
  </book>
  <book year="2014" isbn="ISBN83763550019---11">
    <Authors>
      <Author>
        <Name>Fred</Name>
        <Email>fweasley@hogwarts.co.uk</Email>
      </Author>
      <Author>
        <Name>George</Name>
        <Email>gweasley@hogwarts.co.uk</Email>
      </Author>
    </Authors>
    <name>Book2</name>
  </book>
  <book year="2014" isbn="ISBN83763550019---11">
    <Authors>
      <Author>
        <Name>Fred</Name>
        <Email>fweasley@hogwarts.co.uk</Email>
      </Author>
      <Author>
        <Name>George</Name>
        <Email>gweasley@hogwarts.co.uk</Email>
      </Author>
    </Authors>
    <name>Book1</name>
  </book>
  <book year="2014" isbn="ISBN83763550019---11">
    <Authors>
      <Author>
        <Name>Fred</Name>
        <Email>fweasley@hogwarts.co.uk</Email>
      </Author>
      <Author>
        <Name>George</Name>
        <Email>gweasley@hogwarts.co.uk</Email>
      </Author>
    </Authors>
    <name>Book2</name>
  </book>
  <book year="2014" isbn="ISBN83763550019---11">
    <Authors>
      <Author>
        <Name>Fred</Name>
        <Email>fweasley@hogwarts.co.uk</Email>
      </Author>
      <Author>
        <Name>George</Name>
        <Email>gweasley@hogwarts.co.uk</Email>
      </Author>
    </Authors>
    <name>Book1</name>
  </book>
  <book year="2014" isbn="ISBN83763550019---11">
    <Authors>
      <Author>
        <Name>Fred</Name>
        <Email>fweasley@hogwarts.co.uk</Email>
      </Author>
      <Author>
        <Name>George</Name>
        <Email>gweasley@hogwarts.co.uk</Email>
      </Author>
    </Authors>
    <name>Book2</name>
  </book>
  <book year="2014" isbn="ISBN83763550019---11">
    <Authors>
      <Author>
        <Name>Fred</Name>
        <Email>fweasley@hogwarts.co.uk</Email>
      </Author>
      <Author>
        <Name>George</Name>
        <Email>gweasley@hogwarts.co.uk</Email>
      </Author>
    </Authors>
    <name>Book1</name>
  </book>
  <book year="2014" isbn="ISBN83763550019---11">
    <Authors>
      <Author>
        <Name>Fred</Name>
        <Email>fweasley@hogwarts.co.uk</Email>
      </Author>
      <Author>
        <Name>George</Name>
        <Email>gweasley@hogwarts.co.uk</Email>
      </Author>
    </Authors>
    <name>Book2</name>
  </book>
  <book year="2014" isbn="ISBN83763550019---11">
    <Authors>
      <Author>
        <Name>Fred</Name>
        <Email>fweasley@hogwarts.co.uk</Email>
      </Author>
      <Author>
        <Name>George</Name>
        <Email>gweasley@hogwarts.co.uk</Email>
      </Author>
    </Authors>
    <name>Book1</name>
  </book>
  <book year="2014" isbn="ISBN83763550019---11">
    <Authors>
      <Author>
        <Name>Fred</Name>
        <Email>fweasley@hogwarts.co.uk</Email>
      </Author>
      <Author>
        <Name>George</Name>
        <Email>gweasley@hogwarts.co.uk</Email>
      </Author>
    </Authors>
    <name>Book2</name>
  </book>
  <book year="2014" isbn="ISBN83763550019---11">
    <Authors>
      <Author>
        <Name>Fred</Name>
        <Email>fweasley@hogwarts.co.uk</Email>
      </Author>
      <Author>
        <Name>George</Name>
        <Email>gweasley@hogwarts.co.uk</Email>
      </Author>
    </Authors>
    <name>Book1</name>
  </book>
  <book year="2014" isbn="ISBN83763550019---11">
    <Authors>
      <Author>
        <Name>Fred</Name>
        <Email>fweasley@hogwarts.co.uk</Email>
      </Author>
      <Author>
        <Name>George</Name>
        <Email>gweasley@hogwarts.co.uk</Email>
      </Author>
    </Authors>
    <name>Book2</name>
  </book>
  <book year="2014" isbn="ISBN83763550019---11">
    <Authors>
      <Author>
        <Name>Fred</Name>
        <Email>fweasley@hogwarts.co.uk</Email>
      </Author>
      <Author>
        <Name>George</Name>
        <Email>gweasley@hogwarts.co.uk</Email>
      </Author>
    </Authors>
    <name>Book1</name>
  </book>
  <book year="2014" isbn="ISBN83763550019---11">
    <Authors>
      <Author>
        <Name>Fred</Name>
        <Email>fweasley@hogwarts.co.uk</Email>
      </Author>
      <Author>
        <Name>George</Name>
        <Email>gweasley@hogwarts.co.uk</Email>
      </Author>
    </Authors>
    <name>Book2</name>
  </book>
  <book year="2014" isbn="ISBN83763550019---11">
    <Authors>
      <Author>
        <Name>Fred</Name>
        <Email>fweasley@hogwarts.co.uk</Email>
      </Author>
      <Author>
        <Name>George</Name>
        <Email>gweasley@hogwarts.co.uk</Email>
      </Author>
    </Authors>
    <name>Book1</name>
  </book>
  <book year="2014" isbn="ISBN83763550019---11">
    <Authors>
      <Author>
        <Name>Fred</Name>
        <Email>fweasley@hogwarts.co.uk</Email>
      </Author>
      <Author>
        <Name>George</Name>
        <Email>gweasley@hogwarts.co.uk</Email>
      </Author>
    </Authors>
    <name>Book2</name>
  </book>
  <book year="2014" isbn="ISBN83763550019---11">
    <Authors>
      <Author>
        <Name>Fred</Name>
        <Email>fweasley@hogwarts.co.uk</Email>
      </Author>
      <Author>
        <Name>George</Name>
        <Email>gweasley@hogwarts.co.uk</Email>
      </Author>
    </Authors>
    <name>Book1</name>
  </book>
  <book year="2014" isbn="ISBN83763550019---11">
    <Authors>
      <Author>
        <Name>Fred</Name>
        <Email>fweasley@hogwarts.co.uk</Email>
      </Author>
      <Author>
        <Name>George</Name>
        <Email>gweasley@hogwarts.co.uk</Email>
      </Author>
    </Authors>
    <name>Book2</name>
  </book>
  <book year="2014" isbn="ISBN83763550019---11">
    <Authors>
      <Author>
        <Name>Fred</Name>
        <Email>fweasley@hogwarts.co.uk</Email>
      </Author>
      <Author>
        <Name>George</Name>
        <Email>gweasley@hogwarts.co.uk</Email>
      </Author>
    </Authors>
    <name>Book1</name>
  </book>
  <book year="2014" isbn="ISBN83763550019---11">
    <Authors>
      <Author>
        <Name>Fred</Name>
        <Email>fweasley@hogwarts.co.uk</Email>
      </Author>
      <Author>
        <Name>George</Name>
        <Email>gweasley@hogwarts.co.uk</Email>
      </Author>
    </Authors>
    <name>Book2</name>
  </book>
  <book year="2014" isbn="ISBN83763550019---11">
    <Authors>
      <Author>
        <Name>Fred</Name>
        <Email>fweasley@hogwarts.co.uk</Email>
      </Author>
      <Author>
        <Name>George</Name>
        <Email>gweasley@hogwarts.co.uk</Email>
      </Author>
    </Authors>
    <name>Book1</name>
  </book>
  <book year="2014" isbn="ISBN83763550019---11">
    <Authors>
      <Author>
        <Name>Fred</Name>
        <Email>fweasley@hogwarts.co.uk</Email>
      </Author>
      <Author>
        <Name>George</Name>
        <Email>gweasley@hogwarts.co.uk</Email>
      </Author>
    </Authors>
    <name>Book2</name>
  </book>
  <book year="2014" isbn="ISBN83763550019---11">
    <Authors>
      <Author>
        <Name>Fred</Name>
        <Email>fweasley@hogwarts.co.uk</Email>
      </Author>
      <Author>
        <Name>George</Name>
        <Email>gweasley@hogwarts.co.uk</Email>
      </Author>
    </Authors>
    <name>Book1</name>
  </book>
  <book year="2014" isbn="ISBN83763550019---11">
    <Authors>
      <Author>
        <Name>Fred</Name>
        <Email>fweasley@hogwarts.co.uk</Email>
      </Author>
      <Author>
        <Name>George</Name>
        <Email>gweasley@hogwarts.co.uk</Email>
      </Author>
    </Authors>
    <name>Book2</name>
  </book>
  <book year="2014" isbn="ISBN83763550019---11">
    <Authors>
      <Author>
        <Name>Fred</Name>
        <Email>fweasley@hogwarts.co.uk</Email>
      </Author>
      <Author>
        <Name>George</Name>
        <Email>gweasley@hogwarts.co.uk</Email>
      </Author>
    </Authors>
    <name>Book1</name>
  </book>
  <book year="2014" isbn="ISBN83763550019---11">
    <Authors>
      <Author>
        <Name>Fred</Name>
        <Email>fweasley@hogwarts.co.uk</Email>
      </Author>
      <Author>
        <Name>George</Name>
        <Email>gweasley@hogwarts.co.uk</Email>
      </Author>
    </Authors>
    <name>Book2</name>
  </book>
  <book year="2014" isbn="ISBN83763550019---11">
    <Authors>
      <Author>
        <Name>Fred</Name>
        <Email>fweasley@hogwarts.co.uk</Email>
      </Author>
      <Author>
        <Name>George</Name>
        <Email>gweasley@hogwarts.co.uk</Email>
      </Author>
    </Authors>
    <name>Book1</name>
  </book>
  <book year="2014" isbn="ISBN83763550019---11">
    <Authors>
      <Author>
        <Name>Fred</Name>
        <Email>fweasley@hogwarts.co.uk</Email>
      </Author>
      <Author>
        <Name>George</Name>
        <Email>gweasley@hogwarts.co.uk</Email>
      </Author>
    </Authors>
    <name>Book2</name>
  </book>
  <book year="2014" isbn="ISBN83763550019---11">
    <Authors>
      <Author>
        <Name>Fred</Name>
        <Email>fweasley@hogwarts.co.uk</Email>
      </Author>
      <Author>
        <Name>George</Name>
        <Email>gweasley@hogwarts.co.uk</Email>
      </Author>
    </Authors>
    <name>Book1</name>
  </book>
  <book year="2014" isbn="ISBN83763550019---11">
    <Authors>
      <Author>
        <Name>Fred</Name>
        <Email>fweasley@hogwarts.co.uk</Email>
      </Author>
      <Author>
        <Name>George</Name>
        <Email>gweasley@hogwarts.co.uk</Email>
      </Author>
    </Authors>
    <name>Book2</name>
  </book>
  <book year="2014" isbn="ISBN83763550019---11">
    <Authors>
      <Author>
        <Name>Fred</Name>
        <Email>fweasley@hogwarts.co.uk</Email>
      </Author>
      <Author>
        <Name>George</Name>
        <Email>gweasley@hogwarts.co.uk</Email>
      </Author>
    </Authors>
    <name>Book1</name>
  </book>
  <book year="2014" isbn="ISBN83763550019---11">
    <Authors>
      <Author>
        <Name>Fred</Name>
        <Email>fweasley@hogwarts.co.uk</Email>
      </Author>
      <Author>
        <Name>George</Name>
        <Email>gweasley@hogwarts.co.uk</Email>
      </Author>
    </Authors>
    <name>Book2</name>
  </book>
  <book year="2014" isbn="ISBN83763550019---11">
    <Authors>
      <Author>
        <Name>Fred</Name>
        <Email>fweasley@hogwarts.co.uk</Email>
      </Author>
      <Author>
        <Name>George</Name>
        <Email>gweasley@hogwarts.co.uk</Email>
      </Author>
    </Authors>
    <name>Book1</name>
  </book>
  <book year="2014" isbn="ISBN83763550019---11">
    <Authors>
      <Author>
        <Name>Fred</Name>
        <Email>fweasley@hogwarts.co.uk</Email>
      </Author>
      <Author>
        <Name>George</Name>
        <Email>gweasley@hogwarts.co.uk</Email>
      </Author>
    </Authors>
    <name>Book2</name>
  </book>
  <book year="2014" isbn="ISBN83763550019---11">
    <Authors>
      <Author>
        <Name>Fred</Name>
        <Email>fweasley@hogwarts.co.uk</Email>
      </Author>
      <Author>
        <Name>George</Name>
        <Email>gweasley@hogwarts.co.uk</Email>
      </Author>
    </Authors>
    <name>Book1</name>
  </book>
  <book year="2014" isbn="ISBN83763550019---11">
    <Authors>
      <Author>
        <Name>Fred</Name>
        <Email>fweasley@hogwarts.co.uk</Email>
      </Author>
      <Author>
        <Name>George</Name>
        <Email>gweasley@hogwarts.co.uk</Email>
      </Author>
    </Authors>
    <name>Book2</name>
  </book>
  <book year="2014" isbn="ISBN83763550019---11">
    <Authors>
      <Author>
        <Name>Fred</Name>
        <Email>fweasley@hogwarts.co.uk</Email>
      </Author>
      <Author>
        <Name>George</Name>
        <Email>gweasley@hogwarts.co.uk</Email>
      </Author>
    </Authors>
    <name>Book1</name>
  </book>
  <book year="2014" isbn="ISBN83763550019---11">
    <Authors>
      <Author>
        <Name>Fred</Name>
        <Email>fweasley@hogwarts.co.uk</Email>
      </Author>
      <Author>
        <Name>George</Name>
        <Email>gweasley@hogwarts.co.uk</Email>
      </Author>
    </Authors>
    <name>Book2</name>
  </book>
  <book year="2014" isbn="ISBN83763550019---11">
    <Authors>
      <Author>
        <Name>Fred</Name>
        <Email>fweasley@hogwarts.co.uk</Email>
      </Author>
      <Author>
        <Name>George</Name>
        <Email>gweasley@hogwarts.co.uk</Email>
      </Author>
    </Authors>
    <name>Book1</name>
  </book>
  <book year="2014" isbn="ISBN83763550019---11">
    <Authors>
      <Author>
        <Name>Fred</Name>
        <Email>fweasley@hogwarts.co.uk</Email>
      </Author>
      <Author>
        <Name>George</Name>
        <Email>gweasley@hogwarts.co.uk</Email>
      </Author>
    </Authors>
    <name>Book2</name>
  </book>
  <book year="2014" isbn="ISBN83763550019---11">
    <Authors>
      <Author>
        <Name>Fred</Name>
        <Email>fweasley@hogwarts.co.uk</Email>
      </Author>
      <Author>
        <Name>George</Name>
        <Email>gweasley@hogwarts.co.uk</Email>
      </Author>
    </Authors>
    <name>Book1</name>
  </book>
  <book year="2014" isbn="ISBN83763550019---11">
    <Authors>
      <Author>
        <Name>Fred</Name>
        <Email>fweasley@hogwarts.co.uk</Email>
      </Author>
      <Author>
        <Name>George</Name>
        <Email>gweasley@hogwarts.co.uk</Email>
      </Author>
    </Authors>
    <name>Book2</name>
  </book>
  <book year="2014" isbn="ISBN83763550019---11">
    <Authors>
      <Author>
        <Name>Fred</Name>
        <Email>fweasley@hogwarts.co.uk</Email>
      </Author>
      <Author>
        <Name>George</Name>
        <Email>gweasley@hogwarts.co.uk</Email>
      </Author>
    </Authors>
    <name>Book1</name>
  </book>
  <book year="2014" isbn="ISBN83763550019---11">
    <Authors>
      <Author>
        <Name>Fred</Name>
        <Email>fweasley@hogwarts.co.uk</Email>
      </Author>
      <Author>
        <Name>George</Name>
        <Email>gweasley@hogwarts.co.uk</Email>
      </Author>
    </Authors>
    <name>Book2</name>
  </book>
  <book year="2014" isbn="ISBN83763550019---11">
    <Authors>
      <Author>
        <Name>Fred</Name>
        <Email>fweasley@hogwarts.co.uk</Email>
      </Author>
      <Author>
        <Name>George</Name>
        <Email>gweasley@hogwarts.co.uk</Email>
      </Author>
    </Authors>
    <name>Book1</name>
  </book>
  <book year="2014" isbn="ISBN83763550019---11">
    <Authors>
      <Author>
        <Name>Fred</Name>
        <Email>fweasley@hogwarts.co.uk</Email>
      </Author>
      <Author>
        <Name>George</Name>
        <Email>gweasley@hogwarts.co.uk</Email>
      </Author>
    </Authors>
    <name>Book2</name>
  </book>
  <book year="2014" isbn="ISBN83763550019---11">
    <Authors>
      <Author>
        <Name>Fred</Name>
        <Email>fweasley@hogwarts.co.uk</Email>
      </Author>
      <Author>
        <Name>George</Name>
        <Email>gweasley@hogwarts.co.uk</Email>
      </Author>
    </Authors>
    <name>Book1</name>
  </book>
  <book year="2014" isbn="ISBN83763550019---11">
    <Authors>
      <Author>
        <Name>Fred</Name>
        <Email>fweasley@hogwarts.co.uk</Email>
      </Author>
      <Author>
        <Name>George</Name>
        <Email>gweasley@hogwarts.co.uk</Email>
      </Author>
    </Authors>
    <name>Book2</name>
  </book>
  <book year="2014" isbn="ISBN83763550019---11">
    <Authors>
      <Author>
        <Name>Fred</Name>
        <Email>fweasley@hogwarts.co.uk</Email>
      </Author>
      <Author>
        <Name>George</Name>
        <Email>gweasley@hogwarts.co.uk</Email>
      </Author>
    </Authors>
    <name>Book1</name>
  </book>
  <book year="2014" isbn="ISBN83763550019---11">
    <Authors>
      <Author>
        <Name>Fred</Name>
        <Email>fweasley@hogwarts.co.uk</Email>
      </Author>
      <Author>
        <Name>George</Name>
        <Email>gweasley@hogwarts.co.uk</Email>
      </Author>
    </Authors>
    <name>Book2</name>
  </book>
  <book year="2014" isbn="ISBN83763550019---11">
    <Authors>
      <Author>
        <Name>Fred</Name>
        <Email>fweasley@hogwarts.co.uk</Email>
      </Author>
      <Author>
        <Name>George</Name>
        <Email>gweasley@hogwarts.co.uk</Email>
      </Author>
    </Authors>
    <name>Book1</name>
  </book>
  <book year="2014" isbn="ISBN83763550019---11">
    <Authors>
      <Author>
        <Name>Fred</Name>
        <Email>fweasley@hogwarts.co.uk</Email>
      </Author>
      <Author>
        <Name>George</Name>
        <Email>gweasley@hogwarts.co.uk</Email>
      </Author>
    </Authors>
    <name>Book2</name>
  </book>
  <book year="2014" isbn="ISBN83763550019---11">
    <Authors>
      <Author>
        <Name>Fred</Name>
        <Email>fweasley@hogwarts.co.uk</Email>
      </Author>
      <Author>
        <Name>George</Name>
        <Email>gweasley@hogwarts.co.uk</Email>
      </Author>
    </Authors>
    <name>Book1</name>
  </book>
  <book year="2014" isbn="ISBN83763550019---11">
    <Authors>
      <Author>
        <Name>Fred</Name>
        <Email>fweasley@hogwarts.co.uk</Email>
      </Author>
      <Author>
        <Name>George</Name>
        <Email>gweasley@hogwarts.co.uk</Email>
      </Author>
    </Authors>
    <name>Book2</name>
  </book>
  <book year="2014" isbn="ISBN83763550019---11">
    <Authors>
      <Author>
        <Name>Fred</Name>
        <Email>fweasley@hogwarts.co.uk</Email>
      </Author>
      <Author>
        <Name>George</Name>
        <Email>gweasley@hogwarts.co.uk</Email>
      </Author>
    </Authors>
    <name>Book1</name>
  </book>
  <book year="2014" isbn="ISBN83763550019---11">
    <Authors>
      <Author>
        <Name>Fred</Name>
        <Email>fweasley@hogwarts.co.uk</Email>
      </Author>
      <Author>
        <Name>George</Name>
        <Email>gweasley@hogwarts.co.uk</Email>
      </Author>
    </Authors>
    <name>Book2</name>
  </book>
  <book year="2014" isbn="ISBN83763550019---11">
    <Authors>
      <Author>
        <Name>Fred</Name>
        <Email>fweasley@hogwarts.co.uk</Email>
      </Author>
      <Author>
        <Name>George</Name>
        <Email>gweasley@hogwarts.co.uk</Email>
      </Author>
    </Authors>
    <name>Book1</name>
  </book>
  <book year="2014" isbn="ISBN83763550019---11">
    <Authors>
      <Author>
        <Name>Fred</Name>
        <Email>fweasley@hogwarts.co.uk</Email>
      </Author>
      <Author>
        <Name>George</Name>
        <Email>gweasley@hogwarts.co.uk</Email>
      </Author>
    </Authors>
    <name>Book2</name>
  </book>
  <book year="2014" isbn="ISBN83763550019---11">
    <Authors>
      <Author>
        <Name>Fred</Name>
        <Email>fweasley@hogwarts.co.uk</Email>
      </Author>
      <Author>
        <Name>George</Name>
        <Email>gweasley@hogwarts.co.uk</Email>
      </Author>
    </Authors>
    <name>Book1</name>
  </book>
  <book year="2014" isbn="ISBN83763550019---11">
    <Authors>
      <Author>
        <Name>Fred</Name>
        <Email>fweasley@hogwarts.co.uk</Email>
      </Author>
      <Author>
        <Name>George</Name>
        <Email>gweasley@hogwarts.co.uk</Email>
      </Author>
    </Authors>
    <name>Book2</name>
  </book>
  <book>
    <Authors>
      <Author>
        <Name>Fred</Name>
        <Email>fweasley@hogwarts.co.uk</Email>
      </Author>
      <Author>
        <Name>George</Name>
        <Email>gweasley@hogwarts.co.uk</Email>
      </Author>
    </Authors>
    <name>Book1</name>
  </book>
  <book>
    <Authors>
      <Author>
        <Name>Fred</Name>
        <Email>fweasley@hogwarts.co.uk</Email>
      </Author>
      <Author>
        <Name>George</Name>
        <Email>gweasley@hogwarts.co.uk</Email>
      </Author>
    </Authors>
    <name>Book1</name>
  </book>
  <book>
    <Authors>
      <Author>
        <Name>Fred</Name>
        <Email>fweasley@hogwarts.co.uk</Email>
      </Author>
      <Author>
        <Name>George</Name>
        <Email>gweasley@hogwarts.co.uk</Email>
      </Author>
    </Authors>
    <name>Book1</name>
  </book>
  <book>
    <Authors>
      <Author>
        <Name>Fred</Name>
        <Email>fweasley@hogwarts.co.uk</Email>
      </Author>
      <Author>
        <Name>George</Name>
        <Email>gweasley@hogwarts.co.uk</Email>
      </Author>
    </Authors>
    <name>Book1</name>
  </book>
  <book>
    <Authors>
      <Author>
        <Name>Fred</Name>
        <Email>fweasley@hogwarts.co.uk</Email>
      </Author>
      <Author>
        <Name>George</Name>
        <Email>gweasley@hogwarts.co.uk</Email>
      </Author>
    </Authors>
    <name>Book1</name>
  </book>
  <book>
    <Authors>
      <Author>
        <Name>Fred</Name>
        <Email>fweasley@hogwarts.co.uk</Email>
      </Author>
      <Author>
        <Name>George</Name>
        <Email>gweasley@hogwarts.co.uk</Email>
      </Author>
    </Authors>
    <name>Book1</name>
  </book>
  <book>
    <Authors>
      <Author>
        <Name>Fred</Name>
        <Email>fweasley@hogwarts.co.uk</Email>
      </Author>
      <Author>
        <Name>George</Name>
        <Email>gweasley@hogwarts.co.uk</Email>
      </Author>
    </Authors>
    <name>Book1</name>
  </book>
  <book>
    <Authors>
      <Author>
        <Name>Fred</Name>
        <Email>fweasley@hogwarts.co.uk</Email>
      </Author>
      <Author>
        <Name>George</Name>
        <Email>gweasley@hogwarts.co.uk</Email>
      </Author>
    </Authors>
    <name>Book1</name>
  </book>
  <book>
    <Authors>
      <Author>
        <Name>Fred</Name>
        <Email>fweasley@hogwarts.co.uk</Email>
      </Author>
      <Author>
        <Name>George</Name>
        <Email>gweasley@hogwarts.co.uk</Email>
      </Author>
    </Authors>
    <name>Book1</name>
  </book>
  <book>
    <Authors>
      <Author>
        <Name>Fred</Name>
        <Email>fweasley@hogwarts.co.uk</Email>
      </Author>
      <Author>
        <Name>George</Name>
        <Email>gweasley@hogwarts.co.uk</Email>
      </Author>
    </Authors>
    <name>Book1</name>
  </book>
  <book>
    <Authors>
      <Author>
        <Name>Fred</Name>
        <Email>fweasley@hogwarts.co.uk</Email>
      </Author>
      <Author>
        <Name>George</Name>
        <Email>gweasley@hogwarts.co.uk</Email>
      </Author>
    </Authors>
    <name>Book1</name>
  </book>
  <book>
    <Authors>
      <Author>
        <Name>Fred</Name>
        <Email>fweasley@hogwarts.co.uk</Email>
      </Author>
      <Author>
        <Name>George</Name>
        <Email>gweasley@hogwarts.co.uk</Email>
      </Author>
    </Authors>
    <name>Book1</name>
  </book>
  <book>
    <Authors>
      <Author>
        <Name>Fred</Name>
        <Email>fweasley@hogwarts.co.uk</Email>
      </Author>
      <Author>
        <Name>George</Name>
        <Email>gweasley@hogwarts.co.uk</Email>
      </Author>
    </Authors>
    <name>Book1</name>
  </book>
  <book>
    <Authors>
      <Author>
        <Name>Fred</Name>
        <Email>fweasley@hogwarts.co.uk</Email>
      </Author>
      <Author>
        <Name>George</Name>
        <Email>gweasley@hogwarts.co.uk</Email>
      </Author>
    </Authors>
    <name>Book1</name>
  </book>
  <book>
    <Authors>
      <Author>
        <Name>Fred</Name>
        <Email>fweasley@hogwarts.co.uk</Email>
      </Author>
      <Author>
        <Name>George</Name>
        <Email>gweasley@hogwarts.co.uk</Email>
      </Author>
    </Authors>
    <name>Book1</name>
  </book>
  <book>
    <Authors>
      <Author>
        <Name>Fred</Name>
        <Email>fweasley@hogwarts.co.uk</Email>
      </Author>
      <Author>
        <Name>George</Name>
        <Email>gweasley@hogwarts.co.uk</Email>
      </Author>
    </Authors>
    <name>Book1</name>
  </book>
  <book>
    <Authors>
      <Author>
        <Name>Fred</Name>
        <Email>fweasley@hogwarts.co.uk</Email>
      </Author>
      <Author>
        <Name>George</Name>
        <Email>gweasley@hogwarts.co.uk</Email>
      </Author>
    </Authors>
    <name>Book1</name>
  </book>
  <book>
    <Authors>
      <Author>
        <Name>Fred</Name>
        <Email>fweasley@hogwarts.co.uk</Email>
      </Author>
      <Author>
        <Name>George</Name>
        <Email>gweasley@hogwarts.co.uk</Email>
      </Author>
    </Authors>
    <name>Book1</name>
  </book>
  <book>
    <Authors>
      <Author>
        <Name>Fred</Name>
        <Email>fweasley@hogwarts.co.uk</Email>
      </Author>
      <Author>
        <Name>George</Name>
        <Email>gweasley@hogwarts.co.uk</Email>
      </Author>
    </Authors>
    <name>Book1</name>
  </book>
  <book>
    <Authors>
      <Author>
        <Name>Fred</Name>
        <Email>fweasley@hogwarts.co.uk</Email>
      </Author>
      <Author>
        <Name>George</Name>
        <Email>gweasley@hogwarts.co.uk</Email>
      </Author>
    </Authors>
    <name>Book1</name>
  </book>
  <book>
    <Authors>
      <Author>
        <Name>Fred</Name>
        <Email>fweasley@hogwarts.co.uk</Email>
      </Author>
      <Author>
        <Name>George</Name>
        <Email>gweasley@hogwarts.co.uk</Email>
      </Author>
    </Authors>
    <name>Book1</name>
  </book>
  <book>
    <Authors>
      <Author>
        <Name>Fred</Name>
        <Email>fweasley@hogwarts.co.uk</Email>
      </Author>
      <Author>
        <Name>George</Name>
        <Email>gweasley@hogwarts.co.uk</Email>
      </Author>
    </Authors>
    <name>Book1</name>
  </book>
  <book>
    <Authors>
      <Author>
        <Name>Fred</Name>
        <Email>fweasley@hogwarts.co.uk</Email>
      </Author>
      <Author>
        <Name>George</Name>
        <Email>gweasley@hogwarts.co.uk</Email>
      </Author>
    </Authors>
    <name>Book1</name>
  </book>
  <book>
    <Authors>
      <Author>
        <Name>Fred</Name>
        <Email>fweasley@hogwarts.co.uk</Email>
      </Author>
      <Author>
        <Name>George</Name>
        <Email>gweasley@hogwarts.co.uk</Email>
      </Author>
    </Authors>
    <name>Book1</name>
  </book>
  <book>
    <Authors>
      <Author>
        <Name>Fred</Name>
        <Email>fweasley@hogwarts.co.uk</Email>
      </Author>
      <Author>
        <Name>George</Name>
        <Email>gweasley@hogwarts.co.uk</Email>
      </Author>
    </Authors>
    <name>Book1</name>
  </book>
  <book>
    <Authors>
      <Author>
        <Name>Fred</Name>
        <Email>fweasley@hogwarts.co.uk</Email>
      </Author>
      <Author>
        <Name>George</Name>
        <Email>gweasley@hogwarts.co.uk</Email>
      </Author>
    </Authors>
    <name>Book1</name>
  </book>
  <book>
    <Authors>
      <Author>
        <Name>Fred</Name>
        <Email>fweasley@hogwarts.co.uk</Email>
      </Author>
      <Author>
        <Name>George</Name>
        <Email>gweasley@hogwarts.co.uk</Email>
      </Author>
    </Authors>
    <name>Book1</name>
  </book>
  <book>
    <Authors>
      <Author>
        <Name>Fred</Name>
        <Email>fweasley@hogwarts.co.uk</Email>
      </Author>
      <Author>
        <Name>George</Name>
        <Email>gweasley@hogwarts.co.uk</Email>
      </Author>
    </Authors>
    <name>Book1</name>
  </book>
  <book>
    <Authors>
      <Author>
        <Name>Fred</Name>
        <Email>fweasley@hogwarts.co.uk</Email>
      </Author>
      <Author>
        <Name>George</Name>
        <Email>gweasley@hogwarts.co.uk</Email>
      </Author>
    </Authors>
    <name>Book1</name>
  </book>
  <book>
    <Authors>
      <Author>
        <Name>Fred</Name>
        <Email>fweasley@hogwarts.co.uk</Email>
      </Author>
      <Author>
        <Name>George</Name>
        <Email>gweasley@hogwarts.co.uk</Email>
      </Author>
    </Authors>
    <name>Book1</name>
  </book>
  <book>
    <Authors>
      <Author>
        <Name>Fred</Name>
        <Email>fweasley@hogwarts.co.uk</Email>
      </Author>
      <Author>
        <Name>George</Name>
        <Email>gweasley@hogwarts.co.uk</Email>
      </Author>
    </Authors>
    <name>Book1</name>
  </book>
  <book>
    <Authors>
      <Author>
        <Name>Fred</Name>
        <Email>fweasley@hogwarts.co.uk</Email>
      </Author>
      <Author>
        <Name>George</Name>
        <Email>gweasley@hogwarts.co.uk</Email>
      </Author>
    </Authors>
    <name>Book1</name>
  </book>
  <book>
    <Authors>
      <Author>
        <Name>Fred</Name>
        <Email>fweasley@hogwarts.co.uk</Email>
      </Author>
      <Author>
        <Name>George</Name>
        <Email>gweasley@hogwarts.co.uk</Email>
      </Author>
    </Authors>
    <name>Book1</name>
  </book>
  <book>
    <Authors>
      <Author>
        <Name>Fred</Name>
        <Email>fweasley@hogwarts.co.uk</Email>
      </Author>
      <Author>
        <Name>George</Name>
        <Email>gweasley@hogwarts.co.uk</Email>
      </Author>
    </Authors>
    <name>Book1</name>
  </book>
  <book>
    <Authors>
      <Author>
        <Name>Fred</Name>
        <Email>fweasley@hogwarts.co.uk</Email>
      </Author>
      <Author>
        <Name>George</Name>
        <Email>gweasley@hogwarts.co.uk</Email>
      </Author>
    </Authors>
    <name>Book1</name>
  </book>
  <book>
    <Authors>
      <Author>
        <Name>Fred</Name>
        <Email>fweasley@hogwarts.co.uk</Email>
      </Author>
      <Author>
        <Name>George</Name>
        <Email>gweasley@hogwarts.co.uk</Email>
      </Author>
    </Authors>
    <name>Book1</name>
  </book>
  <book>
    <Authors>
      <Author>
        <Name>Fred</Name>
        <Email>fweasley@hogwarts.co.uk</Email>
      </Author>
      <Author>
        <Name>George</Name>
        <Email>gweasley@hogwarts.co.uk</Email>
      </Author>
    </Authors>
    <name>Book1</name>
  </book>
  <book>
    <Authors>
      <Author>
        <Name>Fred</Name>
        <Email>fweasley@hogwarts.co.uk</Email>
      </Author>
      <Author>
        <Name>George</Name>
        <Email>gweasley@hogwarts.co.uk</Email>
      </Author>
    </Authors>
    <name>Book1</name>
  </book>
  <book>
    <Authors>
      <Author>
        <Name>Fred</Name>
        <Email>fweasley@hogwarts.co.uk</Email>
      </Author>
      <Author>
        <Name>George</Name>
        <Email>gweasley@hogwarts.co.uk</Email>
      </Author>
    </Authors>
    <name>Book1</name>
  </book>
  <book>
    <Authors>
      <Author>
        <Name>Fred</Name>
        <Email>fweasley@hogwarts.co.uk</Email>
      </Author>
      <Author>
        <Name>George</Name>
        <Email>gweasley@hogwarts.co.uk</Email>
      </Author>
    </Authors>
    <name>Book1</name>
  </book>
  <book>
    <Authors>
      <Author>
        <Name>Fred</Name>
        <Email>fweasley@hogwarts.co.uk</Email>
      </Author>
      <Author>
        <Name>George</Name>
        <Email>gweasley@hogwarts.co.uk</Email>
      </Author>
    </Authors>
    <name>Book1</name>
  </book>
  <book>
    <Authors>
      <Author>
        <Name>Fred</Name>
        <Email>fweasley@hogwarts.co.uk</Email>
      </Author>
      <Author>
        <Name>George</Name>
        <Email>gweasley@hogwarts.co.uk</Email>
      </Author>
    </Authors>
    <name>Book1</name>
  </book>
  <book>
    <Authors>
      <Author>
        <Name>Fred</Name>
        <Email>fweasley@hogwarts.co.uk</Email>
      </Author>
      <Author>
        <Name>George</Name>
        <Email>gweasley@hogwarts.co.uk</Email>
      </Author>
    </Authors>
    <name>Book1</name>
  </book>
  <book>
    <Authors>
      <Author>
        <Name>Fred</Name>
        <Email>fweasley@hogwarts.co.uk</Email>
      </Author>
      <Author>
        <Name>George</Name>
        <Email>gweasley@hogwarts.co.uk</Email>
      </Author>
    </Authors>
    <name>Book1</name>
  </book>
  <book>
    <Authors>
      <Author>
        <Name>Fred</Name>
        <Email>fweasley@hogwarts.co.uk</Email>
      </Author>
      <Author>
        <Name>George</Name>
        <Email>gweasley@hogwarts.co.uk</Email>
      </Author>
    </Authors>
    <name>Book1</name>
  </book>
  <book>
    <Authors>
      <Author>
        <Name>Fred</Name>
        <Email>fweasley@hogwarts.co.uk</Email>
      </Author>
      <Author>
        <Name>George</Name>
        <Email>gweasley@hogwarts.co.uk</Email>
      </Author>
    </Authors>
    <name>Book1</name>
  </book>
  <book>
    <Authors>
      <Author>
        <Name>Fred</Name>
        <Email>fweasley@hogwarts.co.uk</Email>
      </Author>
      <Author>
        <Name>George</Name>
        <Email>gweasley@hogwarts.co.uk</Email>
      </Author>
    </Authors>
    <name>Book1</name>
  </book>
  <book>
    <Authors>
      <Author>
        <Name>Fred</Name>
        <Email>fweasley@hogwarts.co.uk</Email>
      </Author>
      <Author>
        <Name>George</Name>
        <Email>gweasley@hogwarts.co.uk</Email>
      </Author>
    </Authors>
    <name>Book1</name>
  </book>
  <book>
    <Authors>
      <Author>
        <Name>Fred</Name>
        <Email>fweasley@hogwarts.co.uk</Email>
      </Author>
      <Author>
        <Name>George</Name>
        <Email>gweasley@hogwarts.co.uk</Email>
      </Author>
    </Authors>
    <name>Book1</name>
  </book>
  <book>
    <Authors>
      <Author>
        <Name>Fred</Name>
        <Email>fweasley@hogwarts.co.uk</Email>
      </Author>
      <Author>
        <Name>George</Name>
        <Email>gweasley@hogwarts.co.uk</Email>
      </Author>
    </Authors>
    <name>Book1</name>
  </book>
  <book>
    <Authors>
      <Author>
        <Name>Fred</Name>
        <Email>fweasley@hogwarts.co.uk</Email>
      </Author>
      <Author>
        <Name>George</Name>
        <Email>gweasley@hogwarts.co.uk</Email>
      </Author>
    </Authors>
    <name>Book1</name>
  </book>
  <book>
    <Authors>
      <Author>
        <Name>Fred</Name>
        <Email>fweasley@hogwarts.co.uk</Email>
      </Author>
      <Author>
        <Name>George</Name>
        <Email>gweasley@hogwarts.co.uk</Email>
      </Author>
    </Authors>
    <name>Book1</name>
  </book>
  <book>
    <Authors>
      <Author>
        <Name>Fred</Name>
        <Email>fweasley@hogwarts.co.uk</Email>
      </Author>
      <Author>
        <Name>George</Name>
        <Email>gweasley@hogwarts.co.uk</Email>
      </Author>
    </Authors>
    <name>Book1</name>
  </book>
  <book>
    <Authors>
      <Author>
        <Name>Fred</Name>
        <Email>fweasley@hogwarts.co.uk</Email>
      </Author>
      <Author>
        <Name>George</Name>
        <Email>gweasley@hogwarts.co.uk</Email>
      </Author>
    </Authors>
    <name>Book1</name>
  </book>
  <book>
    <Authors>
      <Author>
        <Name>Fred</Name>
        <Email>fweasley@hogwarts.co.uk</Email>
      </Author>
      <Author>
        <Name>George</Name>
        <Email>gweasley@hogwarts.co.uk</Email>
      </Author>
    </Authors>
    <name>Book1</name>
  </book>
  <book>
    <Authors>
      <Author>
        <Name>Fred</Name>
        <Email>fweasley@hogwarts.co.uk</Email>
      </Author>
      <Author>
        <Name>George</Name>
        <Email>gweasley@hogwarts.co.uk</Email>
      </Author>
    </Authors>
    <name>Book1</name>
  </book>
  <book>
    <Authors>
      <Author>
        <Name>Fred</Name>
        <Email>fweasley@hogwarts.co.uk</Email>
      </Author>
      <Author>
        <Name>George</Name>
        <Email>gweasley@hogwarts.co.uk</Email>
      </Author>
    </Authors>
    <name>Book1</name>
  </book>
  <book>
    <Authors>
      <Author>
        <Name>Fred</Name>
        <Email>fweasley@hogwarts.co.uk</Email>
      </Author>
      <Author>
        <Name>George</Name>
        <Email>gweasley@hogwarts.co.uk</Email>
      </Author>
    </Authors>
    <name>Book1</name>
  </book>
  <book>
    <Authors>
      <Author>
        <Name>Fred</Name>
        <Email>fweasley@hogwarts.co.uk</Email>
      </Author>
      <Author>
        <Name>George</Name>
        <Email>gweasley@hogwarts.co.uk</Email>
      </Author>
    </Authors>
    <name>Book1</name>
  </book>
  <book>
    <Authors>
      <Author>
        <Name>Fred</Name>
        <Email>fweasley@hogwarts.co.uk</Email>
      </Author>
      <Author>
        <Name>George</Name>
        <Email>gweasley@hogwarts.co.uk</Email>
      </Author>
    </Authors>
    <name>Book1</name>
  </book>
  <book>
    <Authors>
      <Author>
        <Name>Fred</Name>
        <Email>fweasley@hogwarts.co.uk</Email>
      </Author>
      <Author>
        <Name>George</Name>
        <Email>gweasley@hogwarts.co.uk</Email>
      </Author>
    </Authors>
    <name>Book1</name>
  </book>
  <book>
    <Authors>
      <Author>
        <Name>Fred</Name>
        <Email>fweasley@hogwarts.co.uk</Email>
      </Author>
      <Author>
        <Name>George</Name>
        <Email>gweasley@hogwarts.co.uk</Email>
      </Author>
    </Authors>
    <name>Book1</name>
  </book>
  <book>
    <Authors>
      <Author>
        <Name>Fred</Name>
        <Email>fweasley@hogwarts.co.uk</Email>
      </Author>
      <Author>
        <Name>George</Name>
        <Email>gweasley@hogwarts.co.uk</Email>
      </Author>
    </Authors>
    <name>Book1</name>
  </book>
  <book>
    <Authors>
      <Author>
        <Name>Fred</Name>
        <Email>fweasley@hogwarts.co.uk</Email>
      </Author>
      <Author>
        <Name>George</Name>
        <Email>gweasley@hogwarts.co.uk</Email>
      </Author>
    </Authors>
    <name>Book1</name>
  </book>
  <book>
    <Authors>
      <Author>
        <Name>Fred</Name>
        <Email>fweasley@hogwarts.co.uk</Email>
      </Author>
      <Author>
        <Name>George</Name>
        <Email>gweasley@hogwarts.co.uk</Email>
      </Author>
    </Authors>
    <name>Book1</name>
  </book>
  <book>
    <Authors>
      <Author>
        <Name>Fred</Name>
        <Email>fweasley@hogwarts.co.uk</Email>
      </Author>
      <Author>
        <Name>George</Name>
        <Email>gweasley@hogwarts.co.uk</Email>
      </Author>
    </Authors>
    <name>Book1</name>
  </book>
  <book>
    <Authors>
      <Author>
        <Name>Fred</Name>
        <Email>fweasley@hogwarts.co.uk</Email>
      </Author>
      <Author>
        <Name>George</Name>
        <Email>gweasley@hogwarts.co.uk</Email>
      </Author>
    </Authors>
    <name>Book1</name>
  </book>
  <book>
    <Authors>
      <Author>
        <Name>Fred</Name>
        <Email>fweasley@hogwarts.co.uk</Email>
      </Author>
      <Author>
        <Name>George</Name>
        <Email>gweasley@hogwarts.co.uk</Email>
      </Author>
    </Authors>
    <name>Book1</name>
  </book>
  <book>
    <Authors>
      <Author>
        <Name>Fred</Name>
        <Email>fweasley@hogwarts.co.uk</Email>
      </Author>
      <Author>
        <Name>George</Name>
        <Email>gweasley@hogwarts.co.uk</Email>
      </Author>
    </Authors>
    <name>Book1</name>
  </book>
  <book>
    <Authors>
      <Author>
        <Name>Fred</Name>
        <Email>fweasley@hogwarts.co.uk</Email>
      </Author>
      <Author>
        <Name>George</Name>
        <Email>gweasley@hogwarts.co.uk</Email>
      </Author>
    </Authors>
    <name>Book1</name>
  </book>
  <book>
    <Authors>
      <Author>
        <Name>Fred</Name>
        <Email>fweasley@hogwarts.co.uk</Email>
      </Author>
      <Author>
        <Name>George</Name>
        <Email>gweasley@hogwarts.co.uk</Email>
      </Author>
    </Authors>
    <name>Book1</name>
  </book>
  <book>
    <Authors>
      <Author>
        <Name>Fred</Name>
        <Email>fweasley@hogwarts.co.uk</Email>
      </Author>
      <Author>
        <Name>George</Name>
        <Email>gweasley@hogwarts.co.uk</Email>
      </Author>
    </Authors>
    <name>Book1</name>
  </book>
  <book>
    <Authors>
      <Author>
        <Name>Fred</Name>
        <Email>fweasley@hogwarts.co.uk</Email>
      </Author>
      <Author>
        <Name>George</Name>
        <Email>gweasley@hogwarts.co.uk</Email>
      </Author>
    </Authors>
    <name>Book1</name>
  </book>
  <book>
    <Authors>
      <Author>
        <Name>Fred</Name>
        <Email>fweasley@hogwarts.co.uk</Email>
      </Author>
      <Author>
        <Name>George</Name>
        <Email>gweasley@hogwarts.co.uk</Email>
      </Author>
    </Authors>
    <name>Book1</name>
  </book>
  <book>
    <Authors>
      <Author>
        <Name>Fred</Name>
        <Email>fweasley@hogwarts.co.uk</Email>
      </Author>
      <Author>
        <Name>George</Name>
        <Email>gweasley@hogwarts.co.uk</Email>
      </Author>
    </Authors>
    <name>Book1</name>
  </book>
  <book>
    <Authors>
      <Author>
        <Name>Fred</Name>
        <Email>fweasley@hogwarts.co.uk</Email>
      </Author>
      <Author>
        <Name>George</Name>
        <Email>gweasley@hogwarts.co.uk</Email>
      </Author>
    </Authors>
    <name>Book1</name>
  </book>
  <book>
    <Authors>
      <Author>
        <Name>Fred</Name>
        <Email>fweasley@hogwarts.co.uk</Email>
      </Author>
      <Author>
        <Name>George</Name>
        <Email>gweasley@hogwarts.co.uk</Email>
      </Author>
    </Authors>
    <name>Book1</name>
  </book>
  <book>
    <Authors>
      <Author>
        <Name>Fred</Name>
        <Email>fweasley@hogwarts.co.uk</Email>
      </Author>
      <Author>
        <Name>George</Name>
        <Email>gweasley@hogwarts.co.uk</Email>
      </Author>
    </Authors>
    <name>Book1</name>
  </book>
  <book>
    <Authors>
      <Author>
        <Name>Fred</Name>
        <Email>fweasley@hogwarts.co.uk</Email>
      </Author>
      <Author>
        <Name>George</Name>
        <Email>gweasley@hogwarts.co.uk</Email>
      </Author>
    </Authors>
    <name>Book1</name>
  </book>
  <book>
    <Authors>
      <Author>
        <Name>Fred</Name>
        <Email>fweasley@hogwarts.co.uk</Email>
      </Author>
      <Author>
        <Name>George</Name>
        <Email>gweasley@hogwarts.co.uk</Email>
      </Author>
    </Authors>
    <name>Book1</name>
  </book>
  <book>
    <Authors>
      <Author>
        <Name>Fred</Name>
        <Email>fweasley@hogwarts.co.uk</Email>
      </Author>
      <Author>
        <Name>George</Name>
        <Email>gweasley@hogwarts.co.uk</Email>
      </Author>
    </Authors>
    <name>Book1</name>
  </book>
  <book>
    <Authors>
      <Author>
        <Name>Fred</Name>
        <Email>fweasley@hogwarts.co.uk</Email>
      </Author>
      <Author>
        <Name>George</Name>
        <Email>gweasley@hogwarts.co.uk</Email>
      </Author>
    </Authors>
    <name>Book1</name>
  </book>
  <book>
    <Authors>
      <Author>
        <Name>Fred</Name>
        <Email>fweasley@hogwarts.co.uk</Email>
      </Author>
      <Author>
        <Name>George</Name>
        <Email>gweasley@hogwarts.co.uk</Email>
      </Author>
    </Authors>
    <name>Book1</name>
  </book>
  <book>
    <Authors>
      <Author>
        <Name>Fred</Name>
        <Email>fweasley@hogwarts.co.uk</Email>
      </Author>
      <Author>
        <Name>George</Name>
        <Email>gweasley@hogwarts.co.uk</Email>
      </Author>
    </Authors>
    <name>Book1</name>
  </book>
  <book>
    <Authors>
      <Author>
        <Name>Fred</Name>
        <Email>fweasley@hogwarts.co.uk</Email>
      </Author>
      <Author>
        <Name>George</Name>
        <Email>gweasley@hogwarts.co.uk</Email>
      </Author>
    </Authors>
    <name>Book1</name>
  </book>
  <book>
    <Authors>
      <Author>
        <Name>Fred</Name>
        <Email>fweasley@hogwarts.co.uk</Email>
      </Author>
      <Author>
        <Name>George</Name>
        <Email>gweasley@hogwarts.co.uk</Email>
      </Author>
    </Authors>
    <name>Book1</name>
  </book>
  <book>
    <Authors>
      <Author>
        <Name>Fred</Name>
        <Email>fweasley@hogwarts.co.uk</Email>
      </Author>
      <Author>
        <Name>George</Name>
        <Email>gweasley@hogwarts.co.uk</Email>
      </Author>
    </Authors>
    <name>Book1</name>
  </book>
  <book>
    <Authors>
      <Author>
        <Name>Fred</Name>
        <Email>fweasley@hogwarts.co.uk</Email>
      </Author>
      <Author>
        <Name>George</Name>
        <Email>gweasley@hogwarts.co.uk</Email>
      </Author>
    </Authors>
    <name>Book1</name>
  </book>
  <book>
    <Authors>
      <Author>
        <Name>Fred</Name>
        <Email>fweasley@hogwarts.co.uk</Email>
      </Author>
      <Author>
        <Name>George</Name>
        <Email>gweasley@hogwarts.co.uk</Email>
      </Author>
    </Authors>
    <name>Book1</name>
  </book>
  <book>
    <Authors>
      <Author>
        <Name>Fred</Name>
        <Email>fweasley@hogwarts.co.uk</Email>
      </Author>
      <Author>
        <Name>George</Name>
        <Email>gweasley@hogwarts.co.uk</Email>
      </Author>
    </Authors>
    <name>Book1</name>
  </book>
  <book>
    <Authors>
      <Author>
        <Name>Fred</Name>
        <Email>fweasley@hogwarts.co.uk</Email>
      </Author>
      <Author>
        <Name>George</Name>
        <Email>gweasley@hogwarts.co.uk</Email>
      </Author>
    </Authors>
    <name>Book1</name>
  </book>
  <book>
    <Authors>
      <Author>
        <Name>Fred</Name>
        <Email>fweasley@hogwarts.co.uk</Email>
      </Author>
      <Author>
        <Name>George</Name>
        <Email>gweasley@hogwarts.co.uk</Email>
      </Author>
    </Authors>
    <name>Book1</name>
  </book>
  <book>
    <Authors>
      <Author>
        <Name>Fred</Name>
        <Email>fweasley@hogwarts.co.uk</Email>
      </Author>
      <Author>
        <Name>George</Name>
        <Email>gweasley@hogwarts.co.uk</Email>
      </Author>
    </Authors>
    <name>Book1</name>
  </book>
  <book>
    <Authors>
      <Author>
        <Name>Fred</Name>
        <Email>fweasley@hogwarts.co.uk</Email>
      </Author>
      <Author>
        <Name>George</Name>
        <Email>gweasley@hogwarts.co.uk</Email>
      </Author>
    </Authors>
    <name>Book1</name>
  </book>
  <book>
    <Authors>
      <Author>
        <Name>Fred</Name>
        <Email>fweasley@hogwarts.co.uk</Email>
      </Author>
      <Author>
        <Name>George</Name>
        <Email>gweasley@hogwarts.co.uk</Email>
      </Author>
    </Authors>
    <name>Book1</name>
  </book>
  <book>
    <Authors>
      <Author>
        <Name>Fred</Name>
        <Email>fweasley@hogwarts.co.uk</Email>
      </Author>
      <Author>
        <Name>George</Name>
        <Email>gweasley@hogwarts.co.uk</Email>
      </Author>
    </Authors>
    <name>Book1</name>
  </book>
  <book>
    <Authors>
      <Author>
        <Name>Fred</Name>
        <Email>fweasley@hogwarts.co.uk</Email>
      </Author>
      <Author>
        <Name>George</Name>
        <Email>gweasley@hogwarts.co.uk</Email>
      </Author>
    </Authors>
    <name>Book1</name>
  </book>
  <book>
    <Authors>
      <Author>
        <Name>Fred</Name>
        <Email>fweasley@hogwarts.co.uk</Email>
      </Author>
      <Author>
        <Name>George</Name>
        <Email>gweasley@hogwarts.co.uk</Email>
      </Author>
    </Authors>
    <name>Book1</name>
  </book>
  <book>
    <Authors>
      <Author>
        <Name>Fred</Name>
        <Email>fweasley@hogwarts.co.uk</Email>
      </Author>
      <Author>
        <Name>George</Name>
        <Email>gweasley@hogwarts.co.uk</Email>
      </Author>
    </Authors>
    <name>Book1</name>
  </book>
  <book>
    <Authors>
      <Author>
        <Name>Fred</Name>
        <Email>fweasley@hogwarts.co.uk</Email>
      </Author>
      <Author>
        <Name>George</Name>
        <Email>gweasley@hogwarts.co.uk</Email>
      </Author>
    </Authors>
    <name>Book1</name>
  </book>
  <book>
    <Authors>
      <Author>
        <Name>Fred</Name>
        <Email>fweasley@hogwarts.co.uk</Email>
      </Author>
      <Author>
        <Name>George</Name>
        <Email>gweasley@hogwarts.co.uk</Email>
      </Author>
    </Authors>
    <name>Book1</name>
  </book>
  <book>
    <Authors>
      <Author>
        <Name>Fred</Name>
        <Email>fweasley@hogwarts.co.uk</Email>
      </Author>
      <Author>
        <Name>George</Name>
        <Email>gweasley@hogwarts.co.uk</Email>
      </Author>
    </Authors>
    <name>Book1</name>
  </book>
  <book>
    <Authors>
      <Author>
        <Name>Fred</Name>
        <Email>fweasley@hogwarts.co.uk</Email>
      </Author>
      <Author>
        <Name>George</Name>
        <Email>gweasley@hogwarts.co.uk</Email>
      </Author>
    </Authors>
    <name>Book1</name>
  </book>
  <book>
    <Authors>
      <Author>
        <Name>Fred</Name>
        <Email>fweasley@hogwarts.co.uk</Email>
      </Author>
      <Author>
        <Name>George</Name>
        <Email>gweasley@hogwarts.co.uk</Email>
      </Author>
    </Authors>
    <name>Book1</name>
  </book>
  <book>
    <Authors>
      <Author>
        <Name>Fred</Name>
        <Email>fweasley@hogwarts.co.uk</Email>
      </Author>
      <Author>
        <Name>George</Name>
        <Email>gweasley@hogwarts.co.uk</Email>
      </Author>
    </Authors>
    <name>Book1</name>
  </book>
  <book>
    <Authors>
      <Author>
        <Name>Fred</Name>
        <Email>fweasley@hogwarts.co.uk</Email>
      </Author>
      <Author>
        <Name>George</Name>
        <Email>gweasley@hogwarts.co.uk</Email>
      </Author>
    </Authors>
    <name>Book1</name>
  </book>
  <book>
    <Authors>
      <Author>
        <Name>Fred</Name>
        <Email>fweasley@hogwarts.co.uk</Email>
      </Author>
      <Author>
        <Name>George</Name>
        <Email>gweasley@hogwarts.co.uk</Email>
      </Author>
    </Authors>
    <name>Book1</name>
  </book>
  <book>
    <Authors>
      <Author>
        <Name>Fred</Name>
        <Email>fweasley@hogwarts.co.uk</Email>
      </Author>
      <Author>
        <Name>George</Name>
        <Email>gweasley@hogwarts.co.uk</Email>
      </Author>
    </Authors>
    <name>Book1</name>
  </book>
  <book>
    <Authors>
      <Author>
        <Name>Fred</Name>
        <Email>fweasley@hogwarts.co.uk</Email>
      </Author>
      <Author>
        <Name>George</Name>
        <Email>gweasley@hogwarts.co.uk</Email>
      </Author>
    </Authors>
    <name>Book1</name>
  </book>
  <book>
    <Authors>
      <Author>
        <Name>Fred</Name>
        <Email>fweasley@hogwarts.co.uk</Email>
      </Author>
      <Author>
        <Name>George</Name>
        <Email>gweasley@hogwarts.co.uk</Email>
      </Author>
    </Authors>
    <name>Book1</name>
  </book>
  <book>
    <Authors>
      <Author>
        <Name>Fred</Name>
        <Email>fweasley@hogwarts.co.uk</Email>
      </Author>
      <Author>
        <Name>George</Name>
        <Email>gweasley@hogwarts.co.uk</Email>
      </Author>
    </Authors>
    <name>Book1</name>
  </book>
  <book>
    <Authors>
      <Author>
        <Name>Fred</Name>
        <Email>fweasley@hogwarts.co.uk</Email>
      </Author>
      <Author>
        <Name>George</Name>
        <Email>gweasley@hogwarts.co.uk</Email>
      </Author>
    </Authors>
    <name>Book1</name>
  </book>
  <book>
    <Authors>
      <Author>
        <Name>Fred</Name>
        <Email>fweasley@hogwarts.co.uk</Email>
      </Author>
      <Author>
        <Name>George</Name>
        <Email>gweasley@hogwarts.co.uk</Email>
      </Author>
    </Authors>
    <name>Book1</name>
  </book>
  <book>
    <Authors>
      <Author>
        <Name>Fred</Name>
        <Email>fweasley@hogwarts.co.uk</Email>
      </Author>
      <Author>
        <Name>George</Name>
        <Email>gweasley@hogwarts.co.uk</Email>
      </Author>
    </Authors>
    <name>Book1</name>
  </book>
  <book>
    <Authors>
      <Author>
        <Name>Fred</Name>
        <Email>fweasley@hogwarts.co.uk</Email>
      </Author>
      <Author>
        <Name>George</Name>
        <Email>gweasley@hogwarts.co.uk</Email>
      </Author>
    </Authors>
    <name>Book1</name>
  </book>
  <book>
    <Authors>
      <Author>
        <Name>Fred</Name>
        <Email>fweasley@hogwarts.co.uk</Email>
      </Author>
      <Author>
        <Name>George</Name>
        <Email>gweasley@hogwarts.co.uk</Email>
      </Author>
    </Authors>
    <name>Book1</name>
  </book>
  <book>
    <Authors>
      <Author>
        <Name>Fred</Name>
        <Email>fweasley@hogwarts.co.uk</Email>
      </Author>
      <Author>
        <Name>George</Name>
        <Email>gweasley@hogwarts.co.uk</Email>
      </Author>
    </Authors>
    <name>Book1</name>
  </book>
  <book>
    <Authors>
      <Author>
        <Name>Fred</Name>
        <Email>fweasley@hogwarts.co.uk</Email>
      </Author>
      <Author>
        <Name>George</Name>
        <Email>gweasley@hogwarts.co.uk</Email>
      </Author>
    </Authors>
    <name>Book1</name>
  </book>
  <book>
    <Authors>
      <Author>
        <Name>Fred</Name>
        <Email>fweasley@hogwarts.co.uk</Email>
      </Author>
      <Author>
        <Name>George</Name>
        <Email>gweasley@hogwarts.co.uk</Email>
      </Author>
    </Authors>
    <name>Book1</name>
  </book>
  <book>
    <Authors>
      <Author>
        <Name>Fred</Name>
        <Email>fweasley@hogwarts.co.uk</Email>
      </Author>
      <Author>
        <Name>George</Name>
        <Email>gweasley@hogwarts.co.uk</Email>
      </Author>
    </Authors>
    <name>Book1</name>
  </book>
  <book>
    <Authors>
      <Author>
        <Name>Fred</Name>
        <Email>fweasley@hogwarts.co.uk</Email>
      </Author>
      <Author>
        <Name>George</Name>
        <Email>gweasley@hogwarts.co.uk</Email>
      </Author>
    </Authors>
    <name>Book1</name>
  </book>
  <book>
    <Authors>
      <Author>
        <Name>Fred</Name>
        <Email>fweasley@hogwarts.co.uk</Email>
      </Author>
      <Author>
        <Name>George</Name>
        <Email>gweasley@hogwarts.co.uk</Email>
      </Author>
    </Authors>
    <name>Book1</name>
  </book>
  <book>
    <Authors>
      <Author>
        <Name>Fred</Name>
        <Email>fweasley@hogwarts.co.uk</Email>
      </Author>
      <Author>
        <Name>George</Name>
        <Email>gweasley@hogwarts.co.uk</Email>
      </Author>
    </Authors>
    <name>Book1</name>
  </book>
  <book>
    <Authors>
      <Author>
        <Name>Fred</Name>
        <Email>fweasley@hogwarts.co.uk</Email>
      </Author>
      <Author>
        <Name>George</Name>
        <Email>gweasley@hogwarts.co.uk</Email>
      </Author>
    </Authors>
    <name>Book1</name>
  </book>
  <book>
    <Authors>
      <Author>
        <Name>Fred</Name>
        <Email>fweasley@hogwarts.co.uk</Email>
      </Author>
      <Author>
        <Name>George</Name>
        <Email>gweasley@hogwarts.co.uk</Email>
      </Author>
    </Authors>
    <name>Book1</name>
  </book>
  <book>
    <Authors>
      <Author>
        <Name>Fred</Name>
        <Email>fweasley@hogwarts.co.uk</Email>
      </Author>
      <Author>
        <Name>George</Name>
        <Email>gweasley@hogwarts.co.uk</Email>
      </Author>
    </Authors>
    <name>Book1</name>
  </book>
  <book>
    <Authors>
      <Author>
        <Name>Fred</Name>
        <Email>fweasley@hogwarts.co.uk</Email>
      </Author>
      <Author>
        <Name>George</Name>
        <Email>gweasley@hogwarts.co.uk</Email>
      </Author>
    </Authors>
    <name>Book1</name>
  </book>
  <book>
    <Authors>
      <Author>
        <Name>Fred</Name>
        <Email>fweasley@hogwarts.co.uk</Email>
      </Author>
      <Author>
        <Name>George</Name>
        <Email>gweasley@hogwarts.co.uk</Email>
      </Author>
    </Authors>
    <name>Book1</name>
  </book>
  <book>
    <Authors>
      <Author>
        <Name>Fred</Name>
        <Email>fweasley@hogwarts.co.uk</Email>
      </Author>
      <Author>
        <Name>George</Name>
        <Email>gweasley@hogwarts.co.uk</Email>
      </Author>
    </Authors>
    <name>Book1</name>
  </book>
  <book>
    <Authors>
      <Author>
        <Name>Fred</Name>
        <Email>fweasley@hogwarts.co.uk</Email>
      </Author>
      <Author>
        <Name>George</Name>
        <Email>gweasley@hogwarts.co.uk</Email>
      </Author>
    </Authors>
    <name>Book1</name>
  </book>
  <book>
    <Authors>
      <Author>
        <Name>Fred</Name>
        <Email>fweasley@hogwarts.co.uk</Email>
      </Author>
      <Author>
        <Name>George</Name>
        <Email>gweasley@hogwarts.co.uk</Email>
      </Author>
    </Authors>
    <name>Book1</name>
  </book>
  <book>
    <Authors>
      <Author>
        <Name>Fred</Name>
        <Email>fweasley@hogwarts.co.uk</Email>
      </Author>
      <Author>
        <Name>George</Name>
        <Email>gweasley@hogwarts.co.uk</Email>
      </Author>
    </Authors>
    <name>Book1</name>
  </book>
  <book>
    <Authors>
      <Author>
        <Name>Fred</Name>
        <Email>fweasley@hogwarts.co.uk</Email>
      </Author>
      <Author>
        <Name>George</Name>
        <Email>gweasley@hogwarts.co.uk</Email>
      </Author>
    </Authors>
    <name>Book1</name>
  </book>
  <book>
    <Authors>
      <Author>
        <Name>Fred</Name>
        <Email>fweasley@hogwarts.co.uk</Email>
      </Author>
      <Author>
        <Name>George</Name>
        <Email>gweasley@hogwarts.co.uk</Email>
      </Author>
    </Authors>
    <name>Book1</name>
  </book>
  <book>
    <Authors>
      <Author>
        <Name>Fred</Name>
        <Email>fweasley@hogwarts.co.uk</Email>
      </Author>
      <Author>
        <Name>George</Name>
        <Email>gweasley@hogwarts.co.uk</Email>
      </Author>
    </Authors>
    <name>Book1</name>
  </book>
  <book>
    <Authors>
      <Author>
        <Name>Fred</Name>
        <Email>fweasley@hogwarts.co.uk</Email>
      </Author>
      <Author>
        <Name>George</Name>
        <Email>gweasley@hogwarts.co.uk</Email>
      </Author>
    </Authors>
    <name>Book1</name>
  </book>
  <book>
    <Authors>
      <Author>
        <Name>Fred</Name>
        <Email>fweasley@hogwarts.co.uk</Email>
      </Author>
      <Author>
        <Name>George</Name>
        <Email>gweasley@hogwarts.co.uk</Email>
      </Author>
    </Authors>
    <name>Book1</name>
  </book>
  <book>
    <Authors>
      <Author>
        <Name>Fred</Name>
        <Email>fweasley@hogwarts.co.uk</Email>
      </Author>
      <Author>
        <Name>George</Name>
        <Email>gweasley@hogwarts.co.uk</Email>
      </Author>
    </Authors>
    <name>Book1</name>
  </book>
  <book>
    <Authors>
      <Author>
        <Name>Fred</Name>
        <Email>fweasley@hogwarts.co.uk</Email>
      </Author>
      <Author>
        <Name>George</Name>
        <Email>gweasley@hogwarts.co.uk</Email>
      </Author>
    </Authors>
    <name>Book1</name>
  </book>
  <book>
    <Authors>
      <Author>
        <Name>Fred</Name>
        <Email>fweasley@hogwarts.co.uk</Email>
      </Author>
      <Author>
        <Name>George</Name>
        <Email>gweasley@hogwarts.co.uk</Email>
      </Author>
    </Authors>
    <name>Book1</name>
  </book>
  <book>
    <Authors>
      <Author>
        <Name>Fred</Name>
        <Email>fweasley@hogwarts.co.uk</Email>
      </Author>
      <Author>
        <Name>George</Name>
        <Email>gweasley@hogwarts.co.uk</Email>
      </Author>
    </Authors>
    <name>Book1</name>
  </book>
  <book>
    <Authors>
      <Author>
        <Name>Fred</Name>
        <Email>fweasley@hogwarts.co.uk</Email>
      </Author>
      <Author>
        <Name>George</Name>
        <Email>gweasley@hogwarts.co.uk</Email>
      </Author>
    </Authors>
    <name>Book1</name>
  </book>
  <book>
    <Authors>
      <Author>
        <Name>Fred</Name>
        <Email>fweasley@hogwarts.co.uk</Email>
      </Author>
      <Author>
        <Name>George</Name>
        <Email>gweasley@hogwarts.co.uk</Email>
      </Author>
    </Authors>
    <name>Book1</name>
  </book>
  <book>
    <Authors>
      <Author>
        <Name>Fred</Name>
        <Email>fweasley@hogwarts.co.uk</Email>
      </Author>
      <Author>
        <Name>George</Name>
        <Email>gweasley@hogwarts.co.uk</Email>
      </Author>
    </Authors>
    <name>Book1</name>
  </book>
  <book>
    <Authors>
      <Author>
        <Name>Fred</Name>
        <Email>fweasley@hogwarts.co.uk</Email>
      </Author>
      <Author>
        <Name>George</Name>
        <Email>gweasley@hogwarts.co.uk</Email>
      </Author>
    </Authors>
    <name>Book1</name>
  </book>
  <book>
    <Authors>
      <Author>
        <Name>Fred</Name>
        <Email>fweasley@hogwarts.co.uk</Email>
      </Author>
      <Author>
        <Name>George</Name>
        <Email>gweasley@hogwarts.co.uk</Email>
      </Author>
    </Authors>
    <name>Book1</name>
  </book>
  <book>
    <Authors>
      <Author>
        <Name>Fred</Name>
        <Email>fweasley@hogwarts.co.uk</Email>
      </Author>
      <Author>
        <Name>George</Name>
        <Email>gweasley@hogwarts.co.uk</Email>
      </Author>
    </Authors>
    <name>Book1</name>
  </book>
  <book>
    <Authors>
      <Author>
        <Name>Fred</Name>
        <Email>fweasley@hogwarts.co.uk</Email>
      </Author>
      <Author>
        <Name>George</Name>
        <Email>gweasley@hogwarts.co.uk</Email>
      </Author>
    </Authors>
    <name>Book1</name>
  </book>
  <book>
    <Authors>
      <Author>
        <Name>Fred</Name>
        <Email>fweasley@hogwarts.co.uk</Email>
      </Author>
      <Author>
        <Name>George</Name>
        <Email>gweasley@hogwarts.co.uk</Email>
      </Author>
    </Authors>
    <name>Book1</name>
  </book>
  <book>
    <Authors>
      <Author>
        <Name>Fred</Name>
        <Email>fweasley@hogwarts.co.uk</Email>
      </Author>
      <Author>
        <Name>George</Name>
        <Email>gweasley@hogwarts.co.uk</Email>
      </Author>
    </Authors>
    <name>Book1</name>
  </book>
  <book>
    <Authors>
      <Author>
        <Name>Fred</Name>
        <Email>fweasley@hogwarts.co.uk</Email>
      </Author>
      <Author>
        <Name>George</Name>
        <Email>gweasley@hogwarts.co.uk</Email>
      </Author>
    </Authors>
    <name>Book1</name>
  </book>
  <book>
    <Authors>
      <Author>
        <Name>Fred</Name>
        <Email>fweasley@hogwarts.co.uk</Email>
      </Author>
      <Author>
        <Name>George</Name>
        <Email>gweasley@hogwarts.co.uk</Email>
      </Author>
    </Authors>
    <name>Book1</name>
  </book>
  <book year="2014" isbn="ISBN83763550019---11">
    <Authors>
      <Author>
        <Name>Fred</Name>
        <Email>fweasley@hogwarts.co.uk</Email>
      </Author>
      <Author>
        <Name>George</Name>
        <Email>gweasley@hogwarts.co.uk</Email>
      </Author>
    </Authors>
    <name>Book1</name>
  </book>
  <book year="2014" isbn="ISBN83763550019---11">
    <Authors>
      <Author>
        <Name>Fred</Name>
        <Email>fweasley@hogwarts.co.uk</Email>
      </Author>
      <Author>
        <Name>George</Name>
        <Email>gweasley@hogwarts.co.uk</Email>
      </Author>
    </Authors>
    <name>Book2</name>
  </book>
  <book year="2014" isbn="ISBN83763550019---11">
    <Authors>
      <Author>
        <Name>Fred</Name>
        <Email>fweasley@hogwarts.co.uk</Email>
      </Author>
      <Author>
        <Name>George</Name>
        <Email>gweasley@hogwarts.co.uk</Email>
      </Author>
    </Authors>
    <name>Book1</name>
  </book>
  <book year="2014" isbn="ISBN83763550019---11">
    <Authors>
      <Author>
        <Name>Fred</Name>
        <Email>fweasley@hogwarts.co.uk</Email>
      </Author>
      <Author>
        <Name>George</Name>
        <Email>gweasley@hogwarts.co.uk</Email>
      </Author>
    </Authors>
    <name>Book2</name>
  </book>
  <book year="2014" isbn="ISBN83763550019---11">
    <Authors>
      <Author>
        <Name>Fred</Name>
        <Email>fweasley@hogwarts.co.uk</Email>
      </Author>
      <Author>
        <Name>George</Name>
        <Email>gweasley@hogwarts.co.uk</Email>
      </Author>
    </Authors>
    <name>Book1</name>
  </book>
  <book year="2014" isbn="ISBN83763550019---11">
    <Authors>
      <Author>
        <Name>Fred</Name>
        <Email>fweasley@hogwarts.co.uk</Email>
      </Author>
      <Author>
        <Name>George</Name>
        <Email>gweasley@hogwarts.co.uk</Email>
      </Author>
    </Authors>
    <name>Book2</name>
  </book>
  <book year="2014" isbn="ISBN83763550019---11">
    <Authors>
      <Author>
        <Name>Fred</Name>
        <Email>fweasley@hogwarts.co.uk</Email>
      </Author>
      <Author>
        <Name>George</Name>
        <Email>gweasley@hogwarts.co.uk</Email>
      </Author>
    </Authors>
    <name>Book1</name>
  </book>
  <book year="2014" isbn="ISBN83763550019---11">
    <Authors>
      <Author>
        <Name>Fred</Name>
        <Email>fweasley@hogwarts.co.uk</Email>
      </Author>
      <Author>
        <Name>George</Name>
        <Email>gweasley@hogwarts.co.uk</Email>
      </Author>
    </Authors>
    <name>Book2</name>
  </book>
  <book year="2014" isbn="ISBN83763550019---11">
    <Authors>
      <Author>
        <Name>Fred</Name>
        <Email>fweasley@hogwarts.co.uk</Email>
      </Author>
      <Author>
        <Name>George</Name>
        <Email>gweasley@hogwarts.co.uk</Email>
      </Author>
    </Authors>
    <name>Book1</name>
  </book>
  <book year="2014" isbn="ISBN83763550019---11">
    <Authors>
      <Author>
        <Name>Fred</Name>
        <Email>fweasley@hogwarts.co.uk</Email>
      </Author>
      <Author>
        <Name>George</Name>
        <Email>gweasley@hogwarts.co.uk</Email>
      </Author>
    </Authors>
    <name>Book2</name>
  </book>
  <book year="2014" isbn="ISBN83763550019---11">
    <Authors>
      <Author>
        <Name>Fred</Name>
        <Email>fweasley@hogwarts.co.uk</Email>
      </Author>
      <Author>
        <Name>George</Name>
        <Email>gweasley@hogwarts.co.uk</Email>
      </Author>
    </Authors>
    <name>Book1</name>
  </book>
  <book year="2014" isbn="ISBN83763550019---11">
    <Authors>
      <Author>
        <Name>Fred</Name>
        <Email>fweasley@hogwarts.co.uk</Email>
      </Author>
      <Author>
        <Name>George</Name>
        <Email>gweasley@hogwarts.co.uk</Email>
      </Author>
    </Authors>
    <name>Book2</name>
  </book>
  <book year="2014" isbn="ISBN83763550019---11">
    <Authors>
      <Author>
        <Name>Fred</Name>
        <Email>fweasley@hogwarts.co.uk</Email>
      </Author>
      <Author>
        <Name>George</Name>
        <Email>gweasley@hogwarts.co.uk</Email>
      </Author>
    </Authors>
    <name>Book1</name>
  </book>
  <book year="2014" isbn="ISBN83763550019---11">
    <Authors>
      <Author>
        <Name>Fred</Name>
        <Email>fweasley@hogwarts.co.uk</Email>
      </Author>
      <Author>
        <Name>George</Name>
        <Email>gweasley@hogwarts.co.uk</Email>
      </Author>
    </Authors>
    <name>Book2</name>
  </book>
  <book year="2014" isbn="ISBN83763550019---11">
    <Authors>
      <Author>
        <Name>Fred</Name>
        <Email>fweasley@hogwarts.co.uk</Email>
      </Author>
      <Author>
        <Name>George</Name>
        <Email>gweasley@hogwarts.co.uk</Email>
      </Author>
    </Authors>
    <name>Book1</name>
  </book>
  <book year="2014" isbn="ISBN83763550019---11">
    <Authors>
      <Author>
        <Name>Fred</Name>
        <Email>fweasley@hogwarts.co.uk</Email>
      </Author>
      <Author>
        <Name>George</Name>
        <Email>gweasley@hogwarts.co.uk</Email>
      </Author>
    </Authors>
    <name>Book2</name>
  </book>
  <book year="2014" isbn="ISBN83763550019---11">
    <Authors>
      <Author>
        <Name>Fred</Name>
        <Email>fweasley@hogwarts.co.uk</Email>
      </Author>
      <Author>
        <Name>George</Name>
        <Email>gweasley@hogwarts.co.uk</Email>
      </Author>
    </Authors>
    <name>Book1</name>
  </book>
  <book year="2014" isbn="ISBN83763550019---11">
    <Authors>
      <Author>
        <Name>Fred</Name>
        <Email>fweasley@hogwarts.co.uk</Email>
      </Author>
      <Author>
        <Name>George</Name>
        <Email>gweasley@hogwarts.co.uk</Email>
      </Author>
    </Authors>
    <name>Book2</name>
  </book>
  <book year="2014" isbn="ISBN83763550019---11">
    <Authors>
      <Author>
        <Name>Fred</Name>
        <Email>fweasley@hogwarts.co.uk</Email>
      </Author>
      <Author>
        <Name>George</Name>
        <Email>gweasley@hogwarts.co.uk</Email>
      </Author>
    </Authors>
    <name>Book1</name>
  </book>
  <book year="2014" isbn="ISBN83763550019---11">
    <Authors>
      <Author>
        <Name>Fred</Name>
        <Email>fweasley@hogwarts.co.uk</Email>
      </Author>
      <Author>
        <Name>George</Name>
        <Email>gweasley@hogwarts.co.uk</Email>
      </Author>
    </Authors>
    <name>Book2</name>
  </book>
  <book year="2014" isbn="ISBN83763550019---11">
    <Authors>
      <Author>
        <Name>Fred</Name>
        <Email>fweasley@hogwarts.co.uk</Email>
      </Author>
      <Author>
        <Name>George</Name>
        <Email>gweasley@hogwarts.co.uk</Email>
      </Author>
    </Authors>
    <name>Book1</name>
  </book>
  <book year="2014" isbn="ISBN83763550019---11">
    <Authors>
      <Author>
        <Name>Fred</Name>
        <Email>fweasley@hogwarts.co.uk</Email>
      </Author>
      <Author>
        <Name>George</Name>
        <Email>gweasley@hogwarts.co.uk</Email>
      </Author>
    </Authors>
    <name>Book2</name>
  </book>
  <book year="2014" isbn="ISBN83763550019---11">
    <Authors>
      <Author>
        <Name>Fred</Name>
        <Email>fweasley@hogwarts.co.uk</Email>
      </Author>
      <Author>
        <Name>George</Name>
        <Email>gweasley@hogwarts.co.uk</Email>
      </Author>
    </Authors>
    <name>Book1</name>
  </book>
  <book year="2014" isbn="ISBN83763550019---11">
    <Authors>
      <Author>
        <Name>Fred</Name>
        <Email>fweasley@hogwarts.co.uk</Email>
      </Author>
      <Author>
        <Name>George</Name>
        <Email>gweasley@hogwarts.co.uk</Email>
      </Author>
    </Authors>
    <name>Book2</name>
  </book>
  <book year="2014" isbn="ISBN83763550019---11">
    <Authors>
      <Author>
        <Name>Fred</Name>
        <Email>fweasley@hogwarts.co.uk</Email>
      </Author>
      <Author>
        <Name>George</Name>
        <Email>gweasley@hogwarts.co.uk</Email>
      </Author>
    </Authors>
    <name>Book1</name>
  </book>
  <book year="2014" isbn="ISBN83763550019---11">
    <Authors>
      <Author>
        <Name>Fred</Name>
        <Email>fweasley@hogwarts.co.uk</Email>
      </Author>
      <Author>
        <Name>George</Name>
        <Email>gweasley@hogwarts.co.uk</Email>
      </Author>
    </Authors>
    <name>Book2</name>
  </book>
  <book year="2014" isbn="ISBN83763550019---11">
    <Authors>
      <Author>
        <Name>Fred</Name>
        <Email>fweasley@hogwarts.co.uk</Email>
      </Author>
      <Author>
        <Name>George</Name>
        <Email>gweasley@hogwarts.co.uk</Email>
      </Author>
    </Authors>
    <name>Book1</name>
  </book>
  <book year="2014" isbn="ISBN83763550019---11">
    <Authors>
      <Author>
        <Name>Fred</Name>
        <Email>fweasley@hogwarts.co.uk</Email>
      </Author>
      <Author>
        <Name>George</Name>
        <Email>gweasley@hogwarts.co.uk</Email>
      </Author>
    </Authors>
    <name>Book2</name>
  </book>
  <book year="2014" isbn="ISBN83763550019---11">
    <Authors>
      <Author>
        <Name>Fred</Name>
        <Email>fweasley@hogwarts.co.uk</Email>
      </Author>
      <Author>
        <Name>George</Name>
        <Email>gweasley@hogwarts.co.uk</Email>
      </Author>
    </Authors>
    <name>Book1</name>
  </book>
  <book year="2014" isbn="ISBN83763550019---11">
    <Authors>
      <Author>
        <Name>Fred</Name>
        <Email>fweasley@hogwarts.co.uk</Email>
      </Author>
      <Author>
        <Name>George</Name>
        <Email>gweasley@hogwarts.co.uk</Email>
      </Author>
    </Authors>
    <name>Book2</name>
  </book>
  <book year="2014" isbn="ISBN83763550019---11">
    <Authors>
      <Author>
        <Name>Fred</Name>
        <Email>fweasley@hogwarts.co.uk</Email>
      </Author>
      <Author>
        <Name>George</Name>
        <Email>gweasley@hogwarts.co.uk</Email>
      </Author>
    </Authors>
    <name>Book1</name>
  </book>
  <book year="2014" isbn="ISBN83763550019---11">
    <Authors>
      <Author>
        <Name>Fred</Name>
        <Email>fweasley@hogwarts.co.uk</Email>
      </Author>
      <Author>
        <Name>George</Name>
        <Email>gweasley@hogwarts.co.uk</Email>
      </Author>
    </Authors>
    <name>Book2</name>
  </book>
  <book year="2014" isbn="ISBN83763550019---11">
    <Authors>
      <Author>
        <Name>Fred</Name>
        <Email>fweasley@hogwarts.co.uk</Email>
      </Author>
      <Author>
        <Name>George</Name>
        <Email>gweasley@hogwarts.co.uk</Email>
      </Author>
    </Authors>
    <name>Book1</name>
  </book>
  <book year="2014" isbn="ISBN83763550019---11">
    <Authors>
      <Author>
        <Name>Fred</Name>
        <Email>fweasley@hogwarts.co.uk</Email>
      </Author>
      <Author>
        <Name>George</Name>
        <Email>gweasley@hogwarts.co.uk</Email>
      </Author>
    </Authors>
    <name>Book2</name>
  </book>
  <book year="2014" isbn="ISBN83763550019---11">
    <Authors>
      <Author>
        <Name>Fred</Name>
        <Email>fweasley@hogwarts.co.uk</Email>
      </Author>
      <Author>
        <Name>George</Name>
        <Email>gweasley@hogwarts.co.uk</Email>
      </Author>
    </Authors>
    <name>Book1</name>
  </book>
  <book year="2014" isbn="ISBN83763550019---11">
    <Authors>
      <Author>
        <Name>Fred</Name>
        <Email>fweasley@hogwarts.co.uk</Email>
      </Author>
      <Author>
        <Name>George</Name>
        <Email>gweasley@hogwarts.co.uk</Email>
      </Author>
    </Authors>
    <name>Book2</name>
  </book>
  <book year="2014" isbn="ISBN83763550019---11">
    <Authors>
      <Author>
        <Name>Fred</Name>
        <Email>fweasley@hogwarts.co.uk</Email>
      </Author>
      <Author>
        <Name>George</Name>
        <Email>gweasley@hogwarts.co.uk</Email>
      </Author>
    </Authors>
    <name>Book1</name>
  </book>
  <book year="2014" isbn="ISBN83763550019---11">
    <Authors>
      <Author>
        <Name>Fred</Name>
        <Email>fweasley@hogwarts.co.uk</Email>
      </Author>
      <Author>
        <Name>George</Name>
        <Email>gweasley@hogwarts.co.uk</Email>
      </Author>
    </Authors>
    <name>Book2</name>
  </book>
  <book year="2014" isbn="ISBN83763550019---11">
    <Authors>
      <Author>
        <Name>Fred</Name>
        <Email>fweasley@hogwarts.co.uk</Email>
      </Author>
      <Author>
        <Name>George</Name>
        <Email>gweasley@hogwarts.co.uk</Email>
      </Author>
    </Authors>
    <name>Book1</name>
  </book>
  <book year="2014" isbn="ISBN83763550019---11">
    <Authors>
      <Author>
        <Name>Fred</Name>
        <Email>fweasley@hogwarts.co.uk</Email>
      </Author>
      <Author>
        <Name>George</Name>
        <Email>gweasley@hogwarts.co.uk</Email>
      </Author>
    </Authors>
    <name>Book2</name>
  </book>
  <book year="2014" isbn="ISBN83763550019---11">
    <Authors>
      <Author>
        <Name>Fred</Name>
        <Email>fweasley@hogwarts.co.uk</Email>
      </Author>
      <Author>
        <Name>George</Name>
        <Email>gweasley@hogwarts.co.uk</Email>
      </Author>
    </Authors>
    <name>Book1</name>
  </book>
  <book year="2014" isbn="ISBN83763550019---11">
    <Authors>
      <Author>
        <Name>Fred</Name>
        <Email>fweasley@hogwarts.co.uk</Email>
      </Author>
      <Author>
        <Name>George</Name>
        <Email>gweasley@hogwarts.co.uk</Email>
      </Author>
    </Authors>
    <name>Book2</name>
  </book>
  <book year="2014" isbn="ISBN83763550019---11">
    <Authors>
      <Author>
        <Name>Fred</Name>
        <Email>fweasley@hogwarts.co.uk</Email>
      </Author>
      <Author>
        <Name>George</Name>
        <Email>gweasley@hogwarts.co.uk</Email>
      </Author>
    </Authors>
    <name>Book1</name>
  </book>
  <book year="2014" isbn="ISBN83763550019---11">
    <Authors>
      <Author>
        <Name>Fred</Name>
        <Email>fweasley@hogwarts.co.uk</Email>
      </Author>
      <Author>
        <Name>George</Name>
        <Email>gweasley@hogwarts.co.uk</Email>
      </Author>
    </Authors>
    <name>Book2</name>
  </book>
  <book year="2014" isbn="ISBN83763550019---11">
    <Authors>
      <Author>
        <Name>Fred</Name>
        <Email>fweasley@hogwarts.co.uk</Email>
      </Author>
      <Author>
        <Name>George</Name>
        <Email>gweasley@hogwarts.co.uk</Email>
      </Author>
    </Authors>
    <name>Book1</name>
  </book>
  <book year="2014" isbn="ISBN83763550019---11">
    <Authors>
      <Author>
        <Name>Fred</Name>
        <Email>fweasley@hogwarts.co.uk</Email>
      </Author>
      <Author>
        <Name>George</Name>
        <Email>gweasley@hogwarts.co.uk</Email>
      </Author>
    </Authors>
    <name>Book2</name>
  </book>
  <book year="2014" isbn="ISBN83763550019---11">
    <Authors>
      <Author>
        <Name>Fred</Name>
        <Email>fweasley@hogwarts.co.uk</Email>
      </Author>
      <Author>
        <Name>George</Name>
        <Email>gweasley@hogwarts.co.uk</Email>
      </Author>
    </Authors>
    <name>Book1</name>
  </book>
  <book year="2014" isbn="ISBN83763550019---11">
    <Authors>
      <Author>
        <Name>Fred</Name>
        <Email>fweasley@hogwarts.co.uk</Email>
      </Author>
      <Author>
        <Name>George</Name>
        <Email>gweasley@hogwarts.co.uk</Email>
      </Author>
    </Authors>
    <name>Book2</name>
  </book>
  <book year="2014" isbn="ISBN83763550019---11">
    <Authors>
      <Author>
        <Name>Fred</Name>
        <Email>fweasley@hogwarts.co.uk</Email>
      </Author>
      <Author>
        <Name>George</Name>
        <Email>gweasley@hogwarts.co.uk</Email>
      </Author>
    </Authors>
    <name>Book1</name>
  </book>
  <book year="2014" isbn="ISBN83763550019---11">
    <Authors>
      <Author>
        <Name>Fred</Name>
        <Email>fweasley@hogwarts.co.uk</Email>
      </Author>
      <Author>
        <Name>George</Name>
        <Email>gweasley@hogwarts.co.uk</Email>
      </Author>
    </Authors>
    <name>Book2</name>
  </book>
  <book year="2014" isbn="ISBN83763550019---11">
    <Authors>
      <Author>
        <Name>Fred</Name>
        <Email>fweasley@hogwarts.co.uk</Email>
      </Author>
      <Author>
        <Name>George</Name>
        <Email>gweasley@hogwarts.co.uk</Email>
      </Author>
    </Authors>
    <name>Book1</name>
  </book>
  <book year="2014" isbn="ISBN83763550019---11">
    <Authors>
      <Author>
        <Name>Fred</Name>
        <Email>fweasley@hogwarts.co.uk</Email>
      </Author>
      <Author>
        <Name>George</Name>
        <Email>gweasley@hogwarts.co.uk</Email>
      </Author>
    </Authors>
    <name>Book2</name>
  </book>
  <book year="2014" isbn="ISBN83763550019---11">
    <Authors>
      <Author>
        <Name>Fred</Name>
        <Email>fweasley@hogwarts.co.uk</Email>
      </Author>
      <Author>
        <Name>George</Name>
        <Email>gweasley@hogwarts.co.uk</Email>
      </Author>
    </Authors>
    <name>Book1</name>
  </book>
  <book year="2014" isbn="ISBN83763550019---11">
    <Authors>
      <Author>
        <Name>Fred</Name>
        <Email>fweasley@hogwarts.co.uk</Email>
      </Author>
      <Author>
        <Name>George</Name>
        <Email>gweasley@hogwarts.co.uk</Email>
      </Author>
    </Authors>
    <name>Book2</name>
  </book>
  <book year="2014" isbn="ISBN83763550019---11">
    <Authors>
      <Author>
        <Name>Fred</Name>
        <Email>fweasley@hogwarts.co.uk</Email>
      </Author>
      <Author>
        <Name>George</Name>
        <Email>gweasley@hogwarts.co.uk</Email>
      </Author>
    </Authors>
    <name>Book1</name>
  </book>
  <book year="2014" isbn="ISBN83763550019---11">
    <Authors>
      <Author>
        <Name>Fred</Name>
        <Email>fweasley@hogwarts.co.uk</Email>
      </Author>
      <Author>
        <Name>George</Name>
        <Email>gweasley@hogwarts.co.uk</Email>
      </Author>
    </Authors>
    <name>Book2</name>
  </book>
  <book year="2014" isbn="ISBN83763550019---11">
    <Authors>
      <Author>
        <Name>Fred</Name>
        <Email>fweasley@hogwarts.co.uk</Email>
      </Author>
      <Author>
        <Name>George</Name>
        <Email>gweasley@hogwarts.co.uk</Email>
      </Author>
    </Authors>
    <name>Book1</name>
  </book>
  <book year="2014" isbn="ISBN83763550019---11">
    <Authors>
      <Author>
        <Name>Fred</Name>
        <Email>fweasley@hogwarts.co.uk</Email>
      </Author>
      <Author>
        <Name>George</Name>
        <Email>gweasley@hogwarts.co.uk</Email>
      </Author>
    </Authors>
    <name>Book2</name>
  </book>
  <book year="2014" isbn="ISBN83763550019---11">
    <Authors>
      <Author>
        <Name>Fred</Name>
        <Email>fweasley@hogwarts.co.uk</Email>
      </Author>
      <Author>
        <Name>George</Name>
        <Email>gweasley@hogwarts.co.uk</Email>
      </Author>
    </Authors>
    <name>Book1</name>
  </book>
  <book year="2014" isbn="ISBN83763550019---11">
    <Authors>
      <Author>
        <Name>Fred</Name>
        <Email>fweasley@hogwarts.co.uk</Email>
      </Author>
      <Author>
        <Name>George</Name>
        <Email>gweasley@hogwarts.co.uk</Email>
      </Author>
    </Authors>
    <name>Book2</name>
  </book>
  <book year="2014" isbn="ISBN83763550019---11">
    <Authors>
      <Author>
        <Name>Fred</Name>
        <Email>fweasley@hogwarts.co.uk</Email>
      </Author>
      <Author>
        <Name>George</Name>
        <Email>gweasley@hogwarts.co.uk</Email>
      </Author>
    </Authors>
    <name>Book1</name>
  </book>
  <book year="2014" isbn="ISBN83763550019---11">
    <Authors>
      <Author>
        <Name>Fred</Name>
        <Email>fweasley@hogwarts.co.uk</Email>
      </Author>
      <Author>
        <Name>George</Name>
        <Email>gweasley@hogwarts.co.uk</Email>
      </Author>
    </Authors>
    <name>Book2</name>
  </book>
  <book year="2014" isbn="ISBN83763550019---11">
    <Authors>
      <Author>
        <Name>Fred</Name>
        <Email>fweasley@hogwarts.co.uk</Email>
      </Author>
      <Author>
        <Name>George</Name>
        <Email>gweasley@hogwarts.co.uk</Email>
      </Author>
    </Authors>
    <name>Book1</name>
  </book>
  <book year="2014" isbn="ISBN83763550019---11">
    <Authors>
      <Author>
        <Name>Fred</Name>
        <Email>fweasley@hogwarts.co.uk</Email>
      </Author>
      <Author>
        <Name>George</Name>
        <Email>gweasley@hogwarts.co.uk</Email>
      </Author>
    </Authors>
    <name>Book2</name>
  </book>
  <book year="2014" isbn="ISBN83763550019---11">
    <Authors>
      <Author>
        <Name>Fred</Name>
        <Email>fweasley@hogwarts.co.uk</Email>
      </Author>
      <Author>
        <Name>George</Name>
        <Email>gweasley@hogwarts.co.uk</Email>
      </Author>
    </Authors>
    <name>Book1</name>
  </book>
  <book year="2014" isbn="ISBN83763550019---11">
    <Authors>
      <Author>
        <Name>Fred</Name>
        <Email>fweasley@hogwarts.co.uk</Email>
      </Author>
      <Author>
        <Name>George</Name>
        <Email>gweasley@hogwarts.co.uk</Email>
      </Author>
    </Authors>
    <name>Book2</name>
  </book>
  <book year="2014" isbn="ISBN83763550019---11">
    <Authors>
      <Author>
        <Name>Fred</Name>
        <Email>fweasley@hogwarts.co.uk</Email>
      </Author>
      <Author>
        <Name>George</Name>
        <Email>gweasley@hogwarts.co.uk</Email>
      </Author>
    </Authors>
    <name>Book1</name>
  </book>
  <book year="2014" isbn="ISBN83763550019---11">
    <Authors>
      <Author>
        <Name>Fred</Name>
        <Email>fweasley@hogwarts.co.uk</Email>
      </Author>
      <Author>
        <Name>George</Name>
        <Email>gweasley@hogwarts.co.uk</Email>
      </Author>
    </Authors>
    <name>Book2</name>
  </book>
  <book year="2014" isbn="ISBN83763550019---11">
    <Authors>
      <Author>
        <Name>Fred</Name>
        <Email>fweasley@hogwarts.co.uk</Email>
      </Author>
      <Author>
        <Name>George</Name>
        <Email>gweasley@hogwarts.co.uk</Email>
      </Author>
    </Authors>
    <name>Book1</name>
  </book>
  <book year="2014" isbn="ISBN83763550019---11">
    <Authors>
      <Author>
        <Name>Fred</Name>
        <Email>fweasley@hogwarts.co.uk</Email>
      </Author>
      <Author>
        <Name>George</Name>
        <Email>gweasley@hogwarts.co.uk</Email>
      </Author>
    </Authors>
    <name>Book2</name>
  </book>
  <book year="2014" isbn="ISBN83763550019---11">
    <Authors>
      <Author>
        <Name>Fred</Name>
        <Email>fweasley@hogwarts.co.uk</Email>
      </Author>
      <Author>
        <Name>George</Name>
        <Email>gweasley@hogwarts.co.uk</Email>
      </Author>
    </Authors>
    <name>Book1</name>
  </book>
  <book year="2014" isbn="ISBN83763550019---11">
    <Authors>
      <Author>
        <Name>Fred</Name>
        <Email>fweasley@hogwarts.co.uk</Email>
      </Author>
      <Author>
        <Name>George</Name>
        <Email>gweasley@hogwarts.co.uk</Email>
      </Author>
    </Authors>
    <name>Book2</name>
  </book>
  <book year="2014" isbn="ISBN83763550019---11">
    <Authors>
      <Author>
        <Name>Fred</Name>
        <Email>fweasley@hogwarts.co.uk</Email>
      </Author>
      <Author>
        <Name>George</Name>
        <Email>gweasley@hogwarts.co.uk</Email>
      </Author>
    </Authors>
    <name>Book1</name>
  </book>
  <book year="2014" isbn="ISBN83763550019---11">
    <Authors>
      <Author>
        <Name>Fred</Name>
        <Email>fweasley@hogwarts.co.uk</Email>
      </Author>
      <Author>
        <Name>George</Name>
        <Email>gweasley@hogwarts.co.uk</Email>
      </Author>
    </Authors>
    <name>Book2</name>
  </book>
  <book year="2014" isbn="ISBN83763550019---11">
    <Authors>
      <Author>
        <Name>Fred</Name>
        <Email>fweasley@hogwarts.co.uk</Email>
      </Author>
      <Author>
        <Name>George</Name>
        <Email>gweasley@hogwarts.co.uk</Email>
      </Author>
    </Authors>
    <name>Book1</name>
  </book>
  <book year="2014" isbn="ISBN83763550019---11">
    <Authors>
      <Author>
        <Name>Fred</Name>
        <Email>fweasley@hogwarts.co.uk</Email>
      </Author>
      <Author>
        <Name>George</Name>
        <Email>gweasley@hogwarts.co.uk</Email>
      </Author>
    </Authors>
    <name>Book2</name>
  </book>
  <book year="2014" isbn="ISBN83763550019---11">
    <Authors>
      <Author>
        <Name>Fred</Name>
        <Email>fweasley@hogwarts.co.uk</Email>
      </Author>
      <Author>
        <Name>George</Name>
        <Email>gweasley@hogwarts.co.uk</Email>
      </Author>
    </Authors>
    <name>Book1</name>
  </book>
  <book year="2014" isbn="ISBN83763550019---11">
    <Authors>
      <Author>
        <Name>Fred</Name>
        <Email>fweasley@hogwarts.co.uk</Email>
      </Author>
      <Author>
        <Name>George</Name>
        <Email>gweasley@hogwarts.co.uk</Email>
      </Author>
    </Authors>
    <name>Book2</name>
  </book>
  <book year="2014" isbn="ISBN83763550019---11">
    <Authors>
      <Author>
        <Name>Fred</Name>
        <Email>fweasley@hogwarts.co.uk</Email>
      </Author>
      <Author>
        <Name>George</Name>
        <Email>gweasley@hogwarts.co.uk</Email>
      </Author>
    </Authors>
    <name>Book1</name>
  </book>
  <book year="2014" isbn="ISBN83763550019---11">
    <Authors>
      <Author>
        <Name>Fred</Name>
        <Email>fweasley@hogwarts.co.uk</Email>
      </Author>
      <Author>
        <Name>George</Name>
        <Email>gweasley@hogwarts.co.uk</Email>
      </Author>
    </Authors>
    <name>Book2</name>
  </book>
  <book year="2014" isbn="ISBN83763550019---11">
    <Authors>
      <Author>
        <Name>Fred</Name>
        <Email>fweasley@hogwarts.co.uk</Email>
      </Author>
      <Author>
        <Name>George</Name>
        <Email>gweasley@hogwarts.co.uk</Email>
      </Author>
    </Authors>
    <name>Book1</name>
  </book>
  <book year="2014" isbn="ISBN83763550019---11">
    <Authors>
      <Author>
        <Name>Fred</Name>
        <Email>fweasley@hogwarts.co.uk</Email>
      </Author>
      <Author>
        <Name>George</Name>
        <Email>gweasley@hogwarts.co.uk</Email>
      </Author>
    </Authors>
    <name>Book2</name>
  </book>
  <book year="2014" isbn="ISBN83763550019---11">
    <Authors>
      <Author>
        <Name>Fred</Name>
        <Email>fweasley@hogwarts.co.uk</Email>
      </Author>
      <Author>
        <Name>George</Name>
        <Email>gweasley@hogwarts.co.uk</Email>
      </Author>
    </Authors>
    <name>Book1</name>
  </book>
  <book year="2014" isbn="ISBN83763550019---11">
    <Authors>
      <Author>
        <Name>Fred</Name>
        <Email>fweasley@hogwarts.co.uk</Email>
      </Author>
      <Author>
        <Name>George</Name>
        <Email>gweasley@hogwarts.co.uk</Email>
      </Author>
    </Authors>
    <name>Book2</name>
  </book>
  <book year="2014" isbn="ISBN83763550019---11">
    <Authors>
      <Author>
        <Name>Fred</Name>
        <Email>fweasley@hogwarts.co.uk</Email>
      </Author>
      <Author>
        <Name>George</Name>
        <Email>gweasley@hogwarts.co.uk</Email>
      </Author>
    </Authors>
    <name>Book1</name>
  </book>
  <book year="2014" isbn="ISBN83763550019---11">
    <Authors>
      <Author>
        <Name>Fred</Name>
        <Email>fweasley@hogwarts.co.uk</Email>
      </Author>
      <Author>
        <Name>George</Name>
        <Email>gweasley@hogwarts.co.uk</Email>
      </Author>
    </Authors>
    <name>Book2</name>
  </book>
  <book year="2014" isbn="ISBN83763550019---11">
    <Authors>
      <Author>
        <Name>Fred</Name>
        <Email>fweasley@hogwarts.co.uk</Email>
      </Author>
      <Author>
        <Name>George</Name>
        <Email>gweasley@hogwarts.co.uk</Email>
      </Author>
    </Authors>
    <name>Book1</name>
  </book>
  <book year="2014" isbn="ISBN83763550019---11">
    <Authors>
      <Author>
        <Name>Fred</Name>
        <Email>fweasley@hogwarts.co.uk</Email>
      </Author>
      <Author>
        <Name>George</Name>
        <Email>gweasley@hogwarts.co.uk</Email>
      </Author>
    </Authors>
    <name>Book2</name>
  </book>
  <book year="2014" isbn="ISBN83763550019---11">
    <Authors>
      <Author>
        <Name>Fred</Name>
        <Email>fweasley@hogwarts.co.uk</Email>
      </Author>
      <Author>
        <Name>George</Name>
        <Email>gweasley@hogwarts.co.uk</Email>
      </Author>
    </Authors>
    <name>Book1</name>
  </book>
  <book year="2014" isbn="ISBN83763550019---11">
    <Authors>
      <Author>
        <Name>Fred</Name>
        <Email>fweasley@hogwarts.co.uk</Email>
      </Author>
      <Author>
        <Name>George</Name>
        <Email>gweasley@hogwarts.co.uk</Email>
      </Author>
    </Authors>
    <name>Book2</name>
  </book>
  <book year="2014" isbn="ISBN83763550019---11">
    <Authors>
      <Author>
        <Name>Fred</Name>
        <Email>fweasley@hogwarts.co.uk</Email>
      </Author>
      <Author>
        <Name>George</Name>
        <Email>gweasley@hogwarts.co.uk</Email>
      </Author>
    </Authors>
    <name>Book1</name>
  </book>
  <book year="2014" isbn="ISBN83763550019---11">
    <Authors>
      <Author>
        <Name>Fred</Name>
        <Email>fweasley@hogwarts.co.uk</Email>
      </Author>
      <Author>
        <Name>George</Name>
        <Email>gweasley@hogwarts.co.uk</Email>
      </Author>
    </Authors>
    <name>Book2</name>
  </book>
  <book year="2014" isbn="ISBN83763550019---11">
    <Authors>
      <Author>
        <Name>Fred</Name>
        <Email>fweasley@hogwarts.co.uk</Email>
      </Author>
      <Author>
        <Name>George</Name>
        <Email>gweasley@hogwarts.co.uk</Email>
      </Author>
    </Authors>
    <name>Book1</name>
  </book>
  <book year="2014" isbn="ISBN83763550019---11">
    <Authors>
      <Author>
        <Name>Fred</Name>
        <Email>fweasley@hogwarts.co.uk</Email>
      </Author>
      <Author>
        <Name>George</Name>
        <Email>gweasley@hogwarts.co.uk</Email>
      </Author>
    </Authors>
    <name>Book2</name>
  </book>
  <book year="2014" isbn="ISBN83763550019---11">
    <Authors>
      <Author>
        <Name>Fred</Name>
        <Email>fweasley@hogwarts.co.uk</Email>
      </Author>
      <Author>
        <Name>George</Name>
        <Email>gweasley@hogwarts.co.uk</Email>
      </Author>
    </Authors>
    <name>Book1</name>
  </book>
  <book year="2014" isbn="ISBN83763550019---11">
    <Authors>
      <Author>
        <Name>Fred</Name>
        <Email>fweasley@hogwarts.co.uk</Email>
      </Author>
      <Author>
        <Name>George</Name>
        <Email>gweasley@hogwarts.co.uk</Email>
      </Author>
    </Authors>
    <name>Book2</name>
  </book>
  <book year="2014" isbn="ISBN83763550019---11">
    <Authors>
      <Author>
        <Name>Fred</Name>
        <Email>fweasley@hogwarts.co.uk</Email>
      </Author>
      <Author>
        <Name>George</Name>
        <Email>gweasley@hogwarts.co.uk</Email>
      </Author>
    </Authors>
    <name>Book1</name>
  </book>
  <book year="2014" isbn="ISBN83763550019---11">
    <Authors>
      <Author>
        <Name>Fred</Name>
        <Email>fweasley@hogwarts.co.uk</Email>
      </Author>
      <Author>
        <Name>George</Name>
        <Email>gweasley@hogwarts.co.uk</Email>
      </Author>
    </Authors>
    <name>Book2</name>
  </book>
  <book year="2014" isbn="ISBN83763550019---11">
    <Authors>
      <Author>
        <Name>Fred</Name>
        <Email>fweasley@hogwarts.co.uk</Email>
      </Author>
      <Author>
        <Name>George</Name>
        <Email>gweasley@hogwarts.co.uk</Email>
      </Author>
    </Authors>
    <name>Book1</name>
  </book>
  <book year="2014" isbn="ISBN83763550019---11">
    <Authors>
      <Author>
        <Name>Fred</Name>
        <Email>fweasley@hogwarts.co.uk</Email>
      </Author>
      <Author>
        <Name>George</Name>
        <Email>gweasley@hogwarts.co.uk</Email>
      </Author>
    </Authors>
    <name>Book2</name>
  </book>
  <book year="2014" isbn="ISBN83763550019---11">
    <Authors>
      <Author>
        <Name>Fred</Name>
        <Email>fweasley@hogwarts.co.uk</Email>
      </Author>
      <Author>
        <Name>George</Name>
        <Email>gweasley@hogwarts.co.uk</Email>
      </Author>
    </Authors>
    <name>Book1</name>
  </book>
  <book year="2014" isbn="ISBN83763550019---11">
    <Authors>
      <Author>
        <Name>Fred</Name>
        <Email>fweasley@hogwarts.co.uk</Email>
      </Author>
      <Author>
        <Name>George</Name>
        <Email>gweasley@hogwarts.co.uk</Email>
      </Author>
    </Authors>
    <name>Book2</name>
  </book>
  <book year="2014" isbn="ISBN83763550019---11">
    <Authors>
      <Author>
        <Name>Fred</Name>
        <Email>fweasley@hogwarts.co.uk</Email>
      </Author>
      <Author>
        <Name>George</Name>
        <Email>gweasley@hogwarts.co.uk</Email>
      </Author>
    </Authors>
    <name>Book1</name>
  </book>
  <book year="2014" isbn="ISBN83763550019---11">
    <Authors>
      <Author>
        <Name>Fred</Name>
        <Email>fweasley@hogwarts.co.uk</Email>
      </Author>
      <Author>
        <Name>George</Name>
        <Email>gweasley@hogwarts.co.uk</Email>
      </Author>
    </Authors>
    <name>Book2</name>
  </book>
  <book year="2014" isbn="ISBN83763550019---11">
    <Authors>
      <Author>
        <Name>Fred</Name>
        <Email>fweasley@hogwarts.co.uk</Email>
      </Author>
      <Author>
        <Name>George</Name>
        <Email>gweasley@hogwarts.co.uk</Email>
      </Author>
    </Authors>
    <name>Book1</name>
  </book>
  <book year="2014" isbn="ISBN83763550019---11">
    <Authors>
      <Author>
        <Name>Fred</Name>
        <Email>fweasley@hogwarts.co.uk</Email>
      </Author>
      <Author>
        <Name>George</Name>
        <Email>gweasley@hogwarts.co.uk</Email>
      </Author>
    </Authors>
    <name>Book2</name>
  </book>
  <book year="2014" isbn="ISBN83763550019---11">
    <Authors>
      <Author>
        <Name>Fred</Name>
        <Email>fweasley@hogwarts.co.uk</Email>
      </Author>
      <Author>
        <Name>George</Name>
        <Email>gweasley@hogwarts.co.uk</Email>
      </Author>
    </Authors>
    <name>Book1</name>
  </book>
  <book year="2014" isbn="ISBN83763550019---11">
    <Authors>
      <Author>
        <Name>Fred</Name>
        <Email>fweasley@hogwarts.co.uk</Email>
      </Author>
      <Author>
        <Name>George</Name>
        <Email>gweasley@hogwarts.co.uk</Email>
      </Author>
    </Authors>
    <name>Book2</name>
  </book>
  <book year="2014" isbn="ISBN83763550019---11">
    <Authors>
      <Author>
        <Name>Fred</Name>
        <Email>fweasley@hogwarts.co.uk</Email>
      </Author>
      <Author>
        <Name>George</Name>
        <Email>gweasley@hogwarts.co.uk</Email>
      </Author>
    </Authors>
    <name>Book1</name>
  </book>
  <book year="2014" isbn="ISBN83763550019---11">
    <Authors>
      <Author>
        <Name>Fred</Name>
        <Email>fweasley@hogwarts.co.uk</Email>
      </Author>
      <Author>
        <Name>George</Name>
        <Email>gweasley@hogwarts.co.uk</Email>
      </Author>
    </Authors>
    <name>Book2</name>
  </book>
  <book year="2014" isbn="ISBN83763550019---11">
    <Authors>
      <Author>
        <Name>Fred</Name>
        <Email>fweasley@hogwarts.co.uk</Email>
      </Author>
      <Author>
        <Name>George</Name>
        <Email>gweasley@hogwarts.co.uk</Email>
      </Author>
    </Authors>
    <name>Book1</name>
  </book>
  <book year="2014" isbn="ISBN83763550019---11">
    <Authors>
      <Author>
        <Name>Fred</Name>
        <Email>fweasley@hogwarts.co.uk</Email>
      </Author>
      <Author>
        <Name>George</Name>
        <Email>gweasley@hogwarts.co.uk</Email>
      </Author>
    </Authors>
    <name>Book2</name>
  </book>
  <book year="2014" isbn="ISBN83763550019---11">
    <Authors>
      <Author>
        <Name>Fred</Name>
        <Email>fweasley@hogwarts.co.uk</Email>
      </Author>
      <Author>
        <Name>George</Name>
        <Email>gweasley@hogwarts.co.uk</Email>
      </Author>
    </Authors>
    <name>Book1</name>
  </book>
  <book year="2014" isbn="ISBN83763550019---11">
    <Authors>
      <Author>
        <Name>Fred</Name>
        <Email>fweasley@hogwarts.co.uk</Email>
      </Author>
      <Author>
        <Name>George</Name>
        <Email>gweasley@hogwarts.co.uk</Email>
      </Author>
    </Authors>
    <name>Book2</name>
  </book>
  <book year="2014" isbn="ISBN83763550019---11">
    <Authors>
      <Author>
        <Name>Fred</Name>
        <Email>fweasley@hogwarts.co.uk</Email>
      </Author>
      <Author>
        <Name>George</Name>
        <Email>gweasley@hogwarts.co.uk</Email>
      </Author>
    </Authors>
    <name>Book1</name>
  </book>
  <book year="2014" isbn="ISBN83763550019---11">
    <Authors>
      <Author>
        <Name>Fred</Name>
        <Email>fweasley@hogwarts.co.uk</Email>
      </Author>
      <Author>
        <Name>George</Name>
        <Email>gweasley@hogwarts.co.uk</Email>
      </Author>
    </Authors>
    <name>Book2</name>
  </book>
  <book year="2014" isbn="ISBN83763550019---11">
    <Authors>
      <Author>
        <Name>Fred</Name>
        <Email>fweasley@hogwarts.co.uk</Email>
      </Author>
      <Author>
        <Name>George</Name>
        <Email>gweasley@hogwarts.co.uk</Email>
      </Author>
    </Authors>
    <name>Book1</name>
  </book>
  <book year="2014" isbn="ISBN83763550019---11">
    <Authors>
      <Author>
        <Name>Fred</Name>
        <Email>fweasley@hogwarts.co.uk</Email>
      </Author>
      <Author>
        <Name>George</Name>
        <Email>gweasley@hogwarts.co.uk</Email>
      </Author>
    </Authors>
    <name>Book2</name>
  </book>
  <book year="2014" isbn="ISBN83763550019---11">
    <Authors>
      <Author>
        <Name>Fred</Name>
        <Email>fweasley@hogwarts.co.uk</Email>
      </Author>
      <Author>
        <Name>George</Name>
        <Email>gweasley@hogwarts.co.uk</Email>
      </Author>
    </Authors>
    <name>Book1</name>
  </book>
  <book year="2014" isbn="ISBN83763550019---11">
    <Authors>
      <Author>
        <Name>Fred</Name>
        <Email>fweasley@hogwarts.co.uk</Email>
      </Author>
      <Author>
        <Name>George</Name>
        <Email>gweasley@hogwarts.co.uk</Email>
      </Author>
    </Authors>
    <name>Book2</name>
  </book>
  <book year="2014" isbn="ISBN83763550019---11">
    <Authors>
      <Author>
        <Name>Fred</Name>
        <Email>fweasley@hogwarts.co.uk</Email>
      </Author>
      <Author>
        <Name>George</Name>
        <Email>gweasley@hogwarts.co.uk</Email>
      </Author>
    </Authors>
    <name>Book1</name>
  </book>
  <book year="2014" isbn="ISBN83763550019---11">
    <Authors>
      <Author>
        <Name>Fred</Name>
        <Email>fweasley@hogwarts.co.uk</Email>
      </Author>
      <Author>
        <Name>George</Name>
        <Email>gweasley@hogwarts.co.uk</Email>
      </Author>
    </Authors>
    <name>Book2</name>
  </book>
  <book year="2014" isbn="ISBN83763550019---11">
    <Authors>
      <Author>
        <Name>Fred</Name>
        <Email>fweasley@hogwarts.co.uk</Email>
      </Author>
      <Author>
        <Name>George</Name>
        <Email>gweasley@hogwarts.co.uk</Email>
      </Author>
    </Authors>
    <name>Book1</name>
  </book>
  <book year="2014" isbn="ISBN83763550019---11">
    <Authors>
      <Author>
        <Name>Fred</Name>
        <Email>fweasley@hogwarts.co.uk</Email>
      </Author>
      <Author>
        <Name>George</Name>
        <Email>gweasley@hogwarts.co.uk</Email>
      </Author>
    </Authors>
    <name>Book2</name>
  </book>
  <book year="2014" isbn="ISBN83763550019---11">
    <Authors>
      <Author>
        <Name>Fred</Name>
        <Email>fweasley@hogwarts.co.uk</Email>
      </Author>
      <Author>
        <Name>George</Name>
        <Email>gweasley@hogwarts.co.uk</Email>
      </Author>
    </Authors>
    <name>Book1</name>
  </book>
  <book year="2014" isbn="ISBN83763550019---11">
    <Authors>
      <Author>
        <Name>Fred</Name>
        <Email>fweasley@hogwarts.co.uk</Email>
      </Author>
      <Author>
        <Name>George</Name>
        <Email>gweasley@hogwarts.co.uk</Email>
      </Author>
    </Authors>
    <name>Book2</name>
  </book>
  <book year="2014" isbn="ISBN83763550019---11">
    <Authors>
      <Author>
        <Name>Fred</Name>
        <Email>fweasley@hogwarts.co.uk</Email>
      </Author>
      <Author>
        <Name>George</Name>
        <Email>gweasley@hogwarts.co.uk</Email>
      </Author>
    </Authors>
    <name>Book1</name>
  </book>
  <book year="2014" isbn="ISBN83763550019---11">
    <Authors>
      <Author>
        <Name>Fred</Name>
        <Email>fweasley@hogwarts.co.uk</Email>
      </Author>
      <Author>
        <Name>George</Name>
        <Email>gweasley@hogwarts.co.uk</Email>
      </Author>
    </Authors>
    <name>Book2</name>
  </book>
  <book year="2014" isbn="ISBN83763550019---11">
    <Authors>
      <Author>
        <Name>Fred</Name>
        <Email>fweasley@hogwarts.co.uk</Email>
      </Author>
      <Author>
        <Name>George</Name>
        <Email>gweasley@hogwarts.co.uk</Email>
      </Author>
    </Authors>
    <name>Book1</name>
  </book>
  <book year="2014" isbn="ISBN83763550019---11">
    <Authors>
      <Author>
        <Name>Fred</Name>
        <Email>fweasley@hogwarts.co.uk</Email>
      </Author>
      <Author>
        <Name>George</Name>
        <Email>gweasley@hogwarts.co.uk</Email>
      </Author>
    </Authors>
    <name>Book2</name>
  </book>
  <book year="2014" isbn="ISBN83763550019---11">
    <Authors>
      <Author>
        <Name>Fred</Name>
        <Email>fweasley@hogwarts.co.uk</Email>
      </Author>
      <Author>
        <Name>George</Name>
        <Email>gweasley@hogwarts.co.uk</Email>
      </Author>
    </Authors>
    <name>Book1</name>
  </book>
  <book year="2014" isbn="ISBN83763550019---11">
    <Authors>
      <Author>
        <Name>Fred</Name>
        <Email>fweasley@hogwarts.co.uk</Email>
      </Author>
      <Author>
        <Name>George</Name>
        <Email>gweasley@hogwarts.co.uk</Email>
      </Author>
    </Authors>
    <name>Book2</name>
  </book>
  <book year="2014" isbn="ISBN83763550019---11">
    <Authors>
      <Author>
        <Name>Fred</Name>
        <Email>fweasley@hogwarts.co.uk</Email>
      </Author>
      <Author>
        <Name>George</Name>
        <Email>gweasley@hogwarts.co.uk</Email>
      </Author>
    </Authors>
    <name>Book1</name>
  </book>
  <book year="2014" isbn="ISBN83763550019---11">
    <Authors>
      <Author>
        <Name>Fred</Name>
        <Email>fweasley@hogwarts.co.uk</Email>
      </Author>
      <Author>
        <Name>George</Name>
        <Email>gweasley@hogwarts.co.uk</Email>
      </Author>
    </Authors>
    <name>Book2</name>
  </book>
  <book year="2014" isbn="ISBN83763550019---11">
    <Authors>
      <Author>
        <Name>Fred</Name>
        <Email>fweasley@hogwarts.co.uk</Email>
      </Author>
      <Author>
        <Name>George</Name>
        <Email>gweasley@hogwarts.co.uk</Email>
      </Author>
    </Authors>
    <name>Book1</name>
  </book>
  <book year="2014" isbn="ISBN83763550019---11">
    <Authors>
      <Author>
        <Name>Fred</Name>
        <Email>fweasley@hogwarts.co.uk</Email>
      </Author>
      <Author>
        <Name>George</Name>
        <Email>gweasley@hogwarts.co.uk</Email>
      </Author>
    </Authors>
    <name>Book2</name>
  </book>
  <book year="2014" isbn="ISBN83763550019---11">
    <Authors>
      <Author>
        <Name>Fred</Name>
        <Email>fweasley@hogwarts.co.uk</Email>
      </Author>
      <Author>
        <Name>George</Name>
        <Email>gweasley@hogwarts.co.uk</Email>
      </Author>
    </Authors>
    <name>Book1</name>
  </book>
  <book year="2014" isbn="ISBN83763550019---11">
    <Authors>
      <Author>
        <Name>Fred</Name>
        <Email>fweasley@hogwarts.co.uk</Email>
      </Author>
      <Author>
        <Name>George</Name>
        <Email>gweasley@hogwarts.co.uk</Email>
      </Author>
    </Authors>
    <name>Book2</name>
  </book>
  <book year="2014" isbn="ISBN83763550019---11">
    <Authors>
      <Author>
        <Name>Fred</Name>
        <Email>fweasley@hogwarts.co.uk</Email>
      </Author>
      <Author>
        <Name>George</Name>
        <Email>gweasley@hogwarts.co.uk</Email>
      </Author>
    </Authors>
    <name>Book1</name>
  </book>
  <book year="2014" isbn="ISBN83763550019---11">
    <Authors>
      <Author>
        <Name>Fred</Name>
        <Email>fweasley@hogwarts.co.uk</Email>
      </Author>
      <Author>
        <Name>George</Name>
        <Email>gweasley@hogwarts.co.uk</Email>
      </Author>
    </Authors>
    <name>Book2</name>
  </book>
  <book year="2014" isbn="ISBN83763550019---11">
    <Authors>
      <Author>
        <Name>Fred</Name>
        <Email>fweasley@hogwarts.co.uk</Email>
      </Author>
      <Author>
        <Name>George</Name>
        <Email>gweasley@hogwarts.co.uk</Email>
      </Author>
    </Authors>
    <name>Book1</name>
  </book>
  <book year="2014" isbn="ISBN83763550019---11">
    <Authors>
      <Author>
        <Name>Fred</Name>
        <Email>fweasley@hogwarts.co.uk</Email>
      </Author>
      <Author>
        <Name>George</Name>
        <Email>gweasley@hogwarts.co.uk</Email>
      </Author>
    </Authors>
    <name>Book2</name>
  </book>
  <book year="2014" isbn="ISBN83763550019---11">
    <Authors>
      <Author>
        <Name>Fred</Name>
        <Email>fweasley@hogwarts.co.uk</Email>
      </Author>
      <Author>
        <Name>George</Name>
        <Email>gweasley@hogwarts.co.uk</Email>
      </Author>
    </Authors>
    <name>Book1</name>
  </book>
  <book year="2014" isbn="ISBN83763550019---11">
    <Authors>
      <Author>
        <Name>Fred</Name>
        <Email>fweasley@hogwarts.co.uk</Email>
      </Author>
      <Author>
        <Name>George</Name>
        <Email>gweasley@hogwarts.co.uk</Email>
      </Author>
    </Authors>
    <name>Book2</name>
  </book>
  <book year="2014" isbn="ISBN83763550019---11">
    <Authors>
      <Author>
        <Name>Fred</Name>
        <Email>fweasley@hogwarts.co.uk</Email>
      </Author>
      <Author>
        <Name>George</Name>
        <Email>gweasley@hogwarts.co.uk</Email>
      </Author>
    </Authors>
    <name>Book1</name>
  </book>
  <book year="2014" isbn="ISBN83763550019---11">
    <Authors>
      <Author>
        <Name>Fred</Name>
        <Email>fweasley@hogwarts.co.uk</Email>
      </Author>
      <Author>
        <Name>George</Name>
        <Email>gweasley@hogwarts.co.uk</Email>
      </Author>
    </Authors>
    <name>Book2</name>
  </book>
  <book year="2014" isbn="ISBN83763550019---11">
    <Authors>
      <Author>
        <Name>Fred</Name>
        <Email>fweasley@hogwarts.co.uk</Email>
      </Author>
      <Author>
        <Name>George</Name>
        <Email>gweasley@hogwarts.co.uk</Email>
      </Author>
    </Authors>
    <name>Book1</name>
  </book>
  <book year="2014" isbn="ISBN83763550019---11">
    <Authors>
      <Author>
        <Name>Fred</Name>
        <Email>fweasley@hogwarts.co.uk</Email>
      </Author>
      <Author>
        <Name>George</Name>
        <Email>gweasley@hogwarts.co.uk</Email>
      </Author>
    </Authors>
    <name>Book2</name>
  </book>
  <book year="2014" isbn="ISBN83763550019---11">
    <Authors>
      <Author>
        <Name>Fred</Name>
        <Email>fweasley@hogwarts.co.uk</Email>
      </Author>
      <Author>
        <Name>George</Name>
        <Email>gweasley@hogwarts.co.uk</Email>
      </Author>
    </Authors>
    <name>Book1</name>
  </book>
  <book year="2014" isbn="ISBN83763550019---11">
    <Authors>
      <Author>
        <Name>Fred</Name>
        <Email>fweasley@hogwarts.co.uk</Email>
      </Author>
      <Author>
        <Name>George</Name>
        <Email>gweasley@hogwarts.co.uk</Email>
      </Author>
    </Authors>
    <name>Book2</name>
  </book>
  <book year="2014" isbn="ISBN83763550019---11">
    <Authors>
      <Author>
        <Name>Fred</Name>
        <Email>fweasley@hogwarts.co.uk</Email>
      </Author>
      <Author>
        <Name>George</Name>
        <Email>gweasley@hogwarts.co.uk</Email>
      </Author>
    </Authors>
    <name>Book1</name>
  </book>
  <book year="2014" isbn="ISBN83763550019---11">
    <Authors>
      <Author>
        <Name>Fred</Name>
        <Email>fweasley@hogwarts.co.uk</Email>
      </Author>
      <Author>
        <Name>George</Name>
        <Email>gweasley@hogwarts.co.uk</Email>
      </Author>
    </Authors>
    <name>Book2</name>
  </book>
  <book year="2014" isbn="ISBN83763550019---11">
    <Authors>
      <Author>
        <Name>Fred</Name>
        <Email>fweasley@hogwarts.co.uk</Email>
      </Author>
      <Author>
        <Name>George</Name>
        <Email>gweasley@hogwarts.co.uk</Email>
      </Author>
    </Authors>
    <name>Book1</name>
  </book>
  <book year="2014" isbn="ISBN83763550019---11">
    <Authors>
      <Author>
        <Name>Fred</Name>
        <Email>fweasley@hogwarts.co.uk</Email>
      </Author>
      <Author>
        <Name>George</Name>
        <Email>gweasley@hogwarts.co.uk</Email>
      </Author>
    </Authors>
    <name>Book2</name>
  </book>
  <book year="2014" isbn="ISBN83763550019---11">
    <Authors>
      <Author>
        <Name>Fred</Name>
        <Email>fweasley@hogwarts.co.uk</Email>
      </Author>
      <Author>
        <Name>George</Name>
        <Email>gweasley@hogwarts.co.uk</Email>
      </Author>
    </Authors>
    <name>Book1</name>
  </book>
  <book year="2014" isbn="ISBN83763550019---11">
    <Authors>
      <Author>
        <Name>Fred</Name>
        <Email>fweasley@hogwarts.co.uk</Email>
      </Author>
      <Author>
        <Name>George</Name>
        <Email>gweasley@hogwarts.co.uk</Email>
      </Author>
    </Authors>
    <name>Book2</name>
  </book>
  <book year="2014" isbn="ISBN83763550019---11">
    <Authors>
      <Author>
        <Name>Fred</Name>
        <Email>fweasley@hogwarts.co.uk</Email>
      </Author>
      <Author>
        <Name>George</Name>
        <Email>gweasley@hogwarts.co.uk</Email>
      </Author>
    </Authors>
    <name>Book1</name>
  </book>
  <book year="2014" isbn="ISBN83763550019---11">
    <Authors>
      <Author>
        <Name>Fred</Name>
        <Email>fweasley@hogwarts.co.uk</Email>
      </Author>
      <Author>
        <Name>George</Name>
        <Email>gweasley@hogwarts.co.uk</Email>
      </Author>
    </Authors>
    <name>Book2</name>
  </book>
  <book year="2014" isbn="ISBN83763550019---11">
    <Authors>
      <Author>
        <Name>Fred</Name>
        <Email>fweasley@hogwarts.co.uk</Email>
      </Author>
      <Author>
        <Name>George</Name>
        <Email>gweasley@hogwarts.co.uk</Email>
      </Author>
    </Authors>
    <name>Book1</name>
  </book>
  <book year="2014" isbn="ISBN83763550019---11">
    <Authors>
      <Author>
        <Name>Fred</Name>
        <Email>fweasley@hogwarts.co.uk</Email>
      </Author>
      <Author>
        <Name>George</Name>
        <Email>gweasley@hogwarts.co.uk</Email>
      </Author>
    </Authors>
    <name>Book2</name>
  </book>
  <book year="2014" isbn="ISBN83763550019---11">
    <Authors>
      <Author>
        <Name>Fred</Name>
        <Email>fweasley@hogwarts.co.uk</Email>
      </Author>
      <Author>
        <Name>George</Name>
        <Email>gweasley@hogwarts.co.uk</Email>
      </Author>
    </Authors>
    <name>Book1</name>
  </book>
  <book year="2014" isbn="ISBN83763550019---11">
    <Authors>
      <Author>
        <Name>Fred</Name>
        <Email>fweasley@hogwarts.co.uk</Email>
      </Author>
      <Author>
        <Name>George</Name>
        <Email>gweasley@hogwarts.co.uk</Email>
      </Author>
    </Authors>
    <name>Book2</name>
  </book>
  <book year="2014" isbn="ISBN83763550019---11">
    <Authors>
      <Author>
        <Name>Fred</Name>
        <Email>fweasley@hogwarts.co.uk</Email>
      </Author>
      <Author>
        <Name>George</Name>
        <Email>gweasley@hogwarts.co.uk</Email>
      </Author>
    </Authors>
    <name>Book1</name>
  </book>
  <book year="2014" isbn="ISBN83763550019---11">
    <Authors>
      <Author>
        <Name>Fred</Name>
        <Email>fweasley@hogwarts.co.uk</Email>
      </Author>
      <Author>
        <Name>George</Name>
        <Email>gweasley@hogwarts.co.uk</Email>
      </Author>
    </Authors>
    <name>Book2</name>
  </book>
  <book year="2014" isbn="ISBN83763550019---11">
    <Authors>
      <Author>
        <Name>Fred</Name>
        <Email>fweasley@hogwarts.co.uk</Email>
      </Author>
      <Author>
        <Name>George</Name>
        <Email>gweasley@hogwarts.co.uk</Email>
      </Author>
    </Authors>
    <name>Book1</name>
  </book>
  <book year="2014" isbn="ISBN83763550019---11">
    <Authors>
      <Author>
        <Name>Fred</Name>
        <Email>fweasley@hogwarts.co.uk</Email>
      </Author>
      <Author>
        <Name>George</Name>
        <Email>gweasley@hogwarts.co.uk</Email>
      </Author>
    </Authors>
    <name>Book2</name>
  </book>
  <book year="2014" isbn="ISBN83763550019---11">
    <Authors>
      <Author>
        <Name>Fred</Name>
        <Email>fweasley@hogwarts.co.uk</Email>
      </Author>
      <Author>
        <Name>George</Name>
        <Email>gweasley@hogwarts.co.uk</Email>
      </Author>
    </Authors>
    <name>Book1</name>
  </book>
  <book year="2014" isbn="ISBN83763550019---11">
    <Authors>
      <Author>
        <Name>Fred</Name>
        <Email>fweasley@hogwarts.co.uk</Email>
      </Author>
      <Author>
        <Name>George</Name>
        <Email>gweasley@hogwarts.co.uk</Email>
      </Author>
    </Authors>
    <name>Book2</name>
  </book>
  <book year="2014" isbn="ISBN83763550019---11">
    <Authors>
      <Author>
        <Name>Fred</Name>
        <Email>fweasley@hogwarts.co.uk</Email>
      </Author>
      <Author>
        <Name>George</Name>
        <Email>gweasley@hogwarts.co.uk</Email>
      </Author>
    </Authors>
    <name>Book1</name>
  </book>
  <book year="2014" isbn="ISBN83763550019---11">
    <Authors>
      <Author>
        <Name>Fred</Name>
        <Email>fweasley@hogwarts.co.uk</Email>
      </Author>
      <Author>
        <Name>George</Name>
        <Email>gweasley@hogwarts.co.uk</Email>
      </Author>
    </Authors>
    <name>Book2</name>
  </book>
  <book year="2014" isbn="ISBN83763550019---11">
    <Authors>
      <Author>
        <Name>Fred</Name>
        <Email>fweasley@hogwarts.co.uk</Email>
      </Author>
      <Author>
        <Name>George</Name>
        <Email>gweasley@hogwarts.co.uk</Email>
      </Author>
    </Authors>
    <name>Book1</name>
  </book>
  <book year="2014" isbn="ISBN83763550019---11">
    <Authors>
      <Author>
        <Name>Fred</Name>
        <Email>fweasley@hogwarts.co.uk</Email>
      </Author>
      <Author>
        <Name>George</Name>
        <Email>gweasley@hogwarts.co.uk</Email>
      </Author>
    </Authors>
    <name>Book2</name>
  </book>
  <book year="2014" isbn="ISBN83763550019---11">
    <Authors>
      <Author>
        <Name>Fred</Name>
        <Email>fweasley@hogwarts.co.uk</Email>
      </Author>
      <Author>
        <Name>George</Name>
        <Email>gweasley@hogwarts.co.uk</Email>
      </Author>
    </Authors>
    <name>Book1</name>
  </book>
  <book year="2014" isbn="ISBN83763550019---11">
    <Authors>
      <Author>
        <Name>Fred</Name>
        <Email>fweasley@hogwarts.co.uk</Email>
      </Author>
      <Author>
        <Name>George</Name>
        <Email>gweasley@hogwarts.co.uk</Email>
      </Author>
    </Authors>
    <name>Book2</name>
  </book>
  <book year="2014" isbn="ISBN83763550019---11">
    <Authors>
      <Author>
        <Name>Fred</Name>
        <Email>fweasley@hogwarts.co.uk</Email>
      </Author>
      <Author>
        <Name>George</Name>
        <Email>gweasley@hogwarts.co.uk</Email>
      </Author>
    </Authors>
    <name>Book1</name>
  </book>
  <book year="2014" isbn="ISBN83763550019---11">
    <Authors>
      <Author>
        <Name>Fred</Name>
        <Email>fweasley@hogwarts.co.uk</Email>
      </Author>
      <Author>
        <Name>George</Name>
        <Email>gweasley@hogwarts.co.uk</Email>
      </Author>
    </Authors>
    <name>Book2</name>
  </book>
  <book year="2014" isbn="ISBN83763550019---11">
    <Authors>
      <Author>
        <Name>Fred</Name>
        <Email>fweasley@hogwarts.co.uk</Email>
      </Author>
      <Author>
        <Name>George</Name>
        <Email>gweasley@hogwarts.co.uk</Email>
      </Author>
    </Authors>
    <name>Book1</name>
  </book>
  <book year="2014" isbn="ISBN83763550019---11">
    <Authors>
      <Author>
        <Name>Fred</Name>
        <Email>fweasley@hogwarts.co.uk</Email>
      </Author>
      <Author>
        <Name>George</Name>
        <Email>gweasley@hogwarts.co.uk</Email>
      </Author>
    </Authors>
    <name>Book2</name>
  </book>
  <book year="2014" isbn="ISBN83763550019---11">
    <Authors>
      <Author>
        <Name>Fred</Name>
        <Email>fweasley@hogwarts.co.uk</Email>
      </Author>
      <Author>
        <Name>George</Name>
        <Email>gweasley@hogwarts.co.uk</Email>
      </Author>
    </Authors>
    <name>Book1</name>
  </book>
  <book year="2014" isbn="ISBN83763550019---11">
    <Authors>
      <Author>
        <Name>Fred</Name>
        <Email>fweasley@hogwarts.co.uk</Email>
      </Author>
      <Author>
        <Name>George</Name>
        <Email>gweasley@hogwarts.co.uk</Email>
      </Author>
    </Authors>
    <name>Book2</name>
  </book>
  <book year="2014" isbn="ISBN83763550019---11">
    <Authors>
      <Author>
        <Name>Fred</Name>
        <Email>fweasley@hogwarts.co.uk</Email>
      </Author>
      <Author>
        <Name>George</Name>
        <Email>gweasley@hogwarts.co.uk</Email>
      </Author>
    </Authors>
    <name>Book1</name>
  </book>
  <book year="2014" isbn="ISBN83763550019---11">
    <Authors>
      <Author>
        <Name>Fred</Name>
        <Email>fweasley@hogwarts.co.uk</Email>
      </Author>
      <Author>
        <Name>George</Name>
        <Email>gweasley@hogwarts.co.uk</Email>
      </Author>
    </Authors>
    <name>Book2</name>
  </book>
  <book year="2014" isbn="ISBN83763550019---11">
    <Authors>
      <Author>
        <Name>Fred</Name>
        <Email>fweasley@hogwarts.co.uk</Email>
      </Author>
      <Author>
        <Name>George</Name>
        <Email>gweasley@hogwarts.co.uk</Email>
      </Author>
    </Authors>
    <name>Book1</name>
  </book>
  <book year="2014" isbn="ISBN83763550019---11">
    <Authors>
      <Author>
        <Name>Fred</Name>
        <Email>fweasley@hogwarts.co.uk</Email>
      </Author>
      <Author>
        <Name>George</Name>
        <Email>gweasley@hogwarts.co.uk</Email>
      </Author>
    </Authors>
    <name>Book2</name>
  </book>
  <book year="2014" isbn="ISBN83763550019---11">
    <Authors>
      <Author>
        <Name>Fred</Name>
        <Email>fweasley@hogwarts.co.uk</Email>
      </Author>
      <Author>
        <Name>George</Name>
        <Email>gweasley@hogwarts.co.uk</Email>
      </Author>
    </Authors>
    <name>Book1</name>
  </book>
  <book year="2014" isbn="ISBN83763550019---11">
    <Authors>
      <Author>
        <Name>Fred</Name>
        <Email>fweasley@hogwarts.co.uk</Email>
      </Author>
      <Author>
        <Name>George</Name>
        <Email>gweasley@hogwarts.co.uk</Email>
      </Author>
    </Authors>
    <name>Book2</name>
  </book>
  <book year="2014" isbn="ISBN83763550019---11">
    <Authors>
      <Author>
        <Name>Fred</Name>
        <Email>fweasley@hogwarts.co.uk</Email>
      </Author>
      <Author>
        <Name>George</Name>
        <Email>gweasley@hogwarts.co.uk</Email>
      </Author>
    </Authors>
    <name>Book1</name>
  </book>
  <book year="2014" isbn="ISBN83763550019---11">
    <Authors>
      <Author>
        <Name>Fred</Name>
        <Email>fweasley@hogwarts.co.uk</Email>
      </Author>
      <Author>
        <Name>George</Name>
        <Email>gweasley@hogwarts.co.uk</Email>
      </Author>
    </Authors>
    <name>Book2</name>
  </book>
  <book year="2014" isbn="ISBN83763550019---11">
    <Authors>
      <Author>
        <Name>Fred</Name>
        <Email>fweasley@hogwarts.co.uk</Email>
      </Author>
      <Author>
        <Name>George</Name>
        <Email>gweasley@hogwarts.co.uk</Email>
      </Author>
    </Authors>
    <name>Book1</name>
  </book>
  <book year="2014" isbn="ISBN83763550019---11">
    <Authors>
      <Author>
        <Name>Fred</Name>
        <Email>fweasley@hogwarts.co.uk</Email>
      </Author>
      <Author>
        <Name>George</Name>
        <Email>gweasley@hogwarts.co.uk</Email>
      </Author>
    </Authors>
    <name>Book2</name>
  </book>
  <book year="2014" isbn="ISBN83763550019---11">
    <Authors>
      <Author>
        <Name>Fred</Name>
        <Email>fweasley@hogwarts.co.uk</Email>
      </Author>
      <Author>
        <Name>George</Name>
        <Email>gweasley@hogwarts.co.uk</Email>
      </Author>
    </Authors>
    <name>Book1</name>
  </book>
  <book year="2014" isbn="ISBN83763550019---11">
    <Authors>
      <Author>
        <Name>Fred</Name>
        <Email>fweasley@hogwarts.co.uk</Email>
      </Author>
      <Author>
        <Name>George</Name>
        <Email>gweasley@hogwarts.co.uk</Email>
      </Author>
    </Authors>
    <name>Book2</name>
  </book>
  <book year="2014" isbn="ISBN83763550019---11">
    <Authors>
      <Author>
        <Name>Fred</Name>
        <Email>fweasley@hogwarts.co.uk</Email>
      </Author>
      <Author>
        <Name>George</Name>
        <Email>gweasley@hogwarts.co.uk</Email>
      </Author>
    </Authors>
    <name>Book1</name>
  </book>
  <book year="2014" isbn="ISBN83763550019---11">
    <Authors>
      <Author>
        <Name>Fred</Name>
        <Email>fweasley@hogwarts.co.uk</Email>
      </Author>
      <Author>
        <Name>George</Name>
        <Email>gweasley@hogwarts.co.uk</Email>
      </Author>
    </Authors>
    <name>Book2</name>
  </book>
  <book year="2014" isbn="ISBN83763550019---11">
    <Authors>
      <Author>
        <Name>Fred</Name>
        <Email>fweasley@hogwarts.co.uk</Email>
      </Author>
      <Author>
        <Name>George</Name>
        <Email>gweasley@hogwarts.co.uk</Email>
      </Author>
    </Authors>
    <name>Book1</name>
  </book>
  <book year="2014" isbn="ISBN83763550019---11">
    <Authors>
      <Author>
        <Name>Fred</Name>
        <Email>fweasley@hogwarts.co.uk</Email>
      </Author>
      <Author>
        <Name>George</Name>
        <Email>gweasley@hogwarts.co.uk</Email>
      </Author>
    </Authors>
    <name>Book2</name>
  </book>
  <book year="2014" isbn="ISBN83763550019---11">
    <Authors>
      <Author>
        <Name>Fred</Name>
        <Email>fweasley@hogwarts.co.uk</Email>
      </Author>
      <Author>
        <Name>George</Name>
        <Email>gweasley@hogwarts.co.uk</Email>
      </Author>
    </Authors>
    <name>Book1</name>
  </book>
  <book year="2014" isbn="ISBN83763550019---11">
    <Authors>
      <Author>
        <Name>Fred</Name>
        <Email>fweasley@hogwarts.co.uk</Email>
      </Author>
      <Author>
        <Name>George</Name>
        <Email>gweasley@hogwarts.co.uk</Email>
      </Author>
    </Authors>
    <name>Book2</name>
  </book>
  <book year="2014" isbn="ISBN83763550019---11">
    <Authors>
      <Author>
        <Name>Fred</Name>
        <Email>fweasley@hogwarts.co.uk</Email>
      </Author>
      <Author>
        <Name>George</Name>
        <Email>gweasley@hogwarts.co.uk</Email>
      </Author>
    </Authors>
    <name>Book1</name>
  </book>
  <book year="2014" isbn="ISBN83763550019---11">
    <Authors>
      <Author>
        <Name>Fred</Name>
        <Email>fweasley@hogwarts.co.uk</Email>
      </Author>
      <Author>
        <Name>George</Name>
        <Email>gweasley@hogwarts.co.uk</Email>
      </Author>
    </Authors>
    <name>Book2</name>
  </book>
  <book year="2014" isbn="ISBN83763550019---11">
    <Authors>
      <Author>
        <Name>Fred</Name>
        <Email>fweasley@hogwarts.co.uk</Email>
      </Author>
      <Author>
        <Name>George</Name>
        <Email>gweasley@hogwarts.co.uk</Email>
      </Author>
    </Authors>
    <name>Book1</name>
  </book>
  <book year="2014" isbn="ISBN83763550019---11">
    <Authors>
      <Author>
        <Name>Fred</Name>
        <Email>fweasley@hogwarts.co.uk</Email>
      </Author>
      <Author>
        <Name>George</Name>
        <Email>gweasley@hogwarts.co.uk</Email>
      </Author>
    </Authors>
    <name>Book2</name>
  </book>
  <book year="2014" isbn="ISBN83763550019---11">
    <Authors>
      <Author>
        <Name>Fred</Name>
        <Email>fweasley@hogwarts.co.uk</Email>
      </Author>
      <Author>
        <Name>George</Name>
        <Email>gweasley@hogwarts.co.uk</Email>
      </Author>
    </Authors>
    <name>Book1</name>
  </book>
  <book year="2014" isbn="ISBN83763550019---11">
    <Authors>
      <Author>
        <Name>Fred</Name>
        <Email>fweasley@hogwarts.co.uk</Email>
      </Author>
      <Author>
        <Name>George</Name>
        <Email>gweasley@hogwarts.co.uk</Email>
      </Author>
    </Authors>
    <name>Book2</name>
  </book>
  <book year="2014" isbn="ISBN83763550019---11">
    <Authors>
      <Author>
        <Name>Fred</Name>
        <Email>fweasley@hogwarts.co.uk</Email>
      </Author>
      <Author>
        <Name>George</Name>
        <Email>gweasley@hogwarts.co.uk</Email>
      </Author>
    </Authors>
    <name>Book1</name>
  </book>
  <book year="2014" isbn="ISBN83763550019---11">
    <Authors>
      <Author>
        <Name>Fred</Name>
        <Email>fweasley@hogwarts.co.uk</Email>
      </Author>
      <Author>
        <Name>George</Name>
        <Email>gweasley@hogwarts.co.uk</Email>
      </Author>
    </Authors>
    <name>Book2</name>
  </book>
  <book year="2014" isbn="ISBN83763550019---11">
    <Authors>
      <Author>
        <Name>Fred</Name>
        <Email>fweasley@hogwarts.co.uk</Email>
      </Author>
      <Author>
        <Name>George</Name>
        <Email>gweasley@hogwarts.co.uk</Email>
      </Author>
    </Authors>
    <name>Book1</name>
  </book>
  <book year="2014" isbn="ISBN83763550019---11">
    <Authors>
      <Author>
        <Name>Fred</Name>
        <Email>fweasley@hogwarts.co.uk</Email>
      </Author>
      <Author>
        <Name>George</Name>
        <Email>gweasley@hogwarts.co.uk</Email>
      </Author>
    </Authors>
    <name>Book2</name>
  </book>
  <book year="2014" isbn="ISBN83763550019---11">
    <Authors>
      <Author>
        <Name>Fred</Name>
        <Email>fweasley@hogwarts.co.uk</Email>
      </Author>
      <Author>
        <Name>George</Name>
        <Email>gweasley@hogwarts.co.uk</Email>
      </Author>
    </Authors>
    <name>Book1</name>
  </book>
  <book year="2014" isbn="ISBN83763550019---11">
    <Authors>
      <Author>
        <Name>Fred</Name>
        <Email>fweasley@hogwarts.co.uk</Email>
      </Author>
      <Author>
        <Name>George</Name>
        <Email>gweasley@hogwarts.co.uk</Email>
      </Author>
    </Authors>
    <name>Book2</name>
  </book>
  <book year="2014" isbn="ISBN83763550019---11">
    <Authors>
      <Author>
        <Name>Fred</Name>
        <Email>fweasley@hogwarts.co.uk</Email>
      </Author>
      <Author>
        <Name>George</Name>
        <Email>gweasley@hogwarts.co.uk</Email>
      </Author>
    </Authors>
    <name>Book1</name>
  </book>
  <book year="2014" isbn="ISBN83763550019---11">
    <Authors>
      <Author>
        <Name>Fred</Name>
        <Email>fweasley@hogwarts.co.uk</Email>
      </Author>
      <Author>
        <Name>George</Name>
        <Email>gweasley@hogwarts.co.uk</Email>
      </Author>
    </Authors>
    <name>Book2</name>
  </book>
  <book year="2014" isbn="ISBN83763550019---11">
    <Authors>
      <Author>
        <Name>Fred</Name>
        <Email>fweasley@hogwarts.co.uk</Email>
      </Author>
      <Author>
        <Name>George</Name>
        <Email>gweasley@hogwarts.co.uk</Email>
      </Author>
    </Authors>
    <name>Book1</name>
  </book>
  <book year="2014" isbn="ISBN83763550019---11">
    <Authors>
      <Author>
        <Name>Fred</Name>
        <Email>fweasley@hogwarts.co.uk</Email>
      </Author>
      <Author>
        <Name>George</Name>
        <Email>gweasley@hogwarts.co.uk</Email>
      </Author>
    </Authors>
    <name>Book2</name>
  </book>
  <book year="2014" isbn="ISBN83763550019---11">
    <Authors>
      <Author>
        <Name>Fred</Name>
        <Email>fweasley@hogwarts.co.uk</Email>
      </Author>
      <Author>
        <Name>George</Name>
        <Email>gweasley@hogwarts.co.uk</Email>
      </Author>
    </Authors>
    <name>Book1</name>
  </book>
  <book year="2014" isbn="ISBN83763550019---11">
    <Authors>
      <Author>
        <Name>Fred</Name>
        <Email>fweasley@hogwarts.co.uk</Email>
      </Author>
      <Author>
        <Name>George</Name>
        <Email>gweasley@hogwarts.co.uk</Email>
      </Author>
    </Authors>
    <name>Book2</name>
  </book>
  <book year="2014" isbn="ISBN83763550019---11">
    <Authors>
      <Author>
        <Name>Fred</Name>
        <Email>fweasley@hogwarts.co.uk</Email>
      </Author>
      <Author>
        <Name>George</Name>
        <Email>gweasley@hogwarts.co.uk</Email>
      </Author>
    </Authors>
    <name>Book1</name>
  </book>
  <book year="2014" isbn="ISBN83763550019---11">
    <Authors>
      <Author>
        <Name>Fred</Name>
        <Email>fweasley@hogwarts.co.uk</Email>
      </Author>
      <Author>
        <Name>George</Name>
        <Email>gweasley@hogwarts.co.uk</Email>
      </Author>
    </Authors>
    <name>Book2</name>
  </book>
  <book year="2014" isbn="ISBN83763550019---11">
    <Authors>
      <Author>
        <Name>Fred</Name>
        <Email>fweasley@hogwarts.co.uk</Email>
      </Author>
      <Author>
        <Name>George</Name>
        <Email>gweasley@hogwarts.co.uk</Email>
      </Author>
    </Authors>
    <name>Book1</name>
  </book>
  <book year="2014" isbn="ISBN83763550019---11">
    <Authors>
      <Author>
        <Name>Fred</Name>
        <Email>fweasley@hogwarts.co.uk</Email>
      </Author>
      <Author>
        <Name>George</Name>
        <Email>gweasley@hogwarts.co.uk</Email>
      </Author>
    </Authors>
    <name>Book2</name>
  </book>
  <book year="2014" isbn="ISBN83763550019---11">
    <Authors>
      <Author>
        <Name>Fred</Name>
        <Email>fweasley@hogwarts.co.uk</Email>
      </Author>
      <Author>
        <Name>George</Name>
        <Email>gweasley@hogwarts.co.uk</Email>
      </Author>
    </Authors>
    <name>Book1</name>
  </book>
  <book year="2014" isbn="ISBN83763550019---11">
    <Authors>
      <Author>
        <Name>Fred</Name>
        <Email>fweasley@hogwarts.co.uk</Email>
      </Author>
      <Author>
        <Name>George</Name>
        <Email>gweasley@hogwarts.co.uk</Email>
      </Author>
    </Authors>
    <name>Book2</name>
  </book>
  <book year="2014" isbn="ISBN83763550019---11">
    <Authors>
      <Author>
        <Name>Fred</Name>
        <Email>fweasley@hogwarts.co.uk</Email>
      </Author>
      <Author>
        <Name>George</Name>
        <Email>gweasley@hogwarts.co.uk</Email>
      </Author>
    </Authors>
    <name>Book1</name>
  </book>
  <book year="2014" isbn="ISBN83763550019---11">
    <Authors>
      <Author>
        <Name>Fred</Name>
        <Email>fweasley@hogwarts.co.uk</Email>
      </Author>
      <Author>
        <Name>George</Name>
        <Email>gweasley@hogwarts.co.uk</Email>
      </Author>
    </Authors>
    <name>Book2</name>
  </book>
  <book year="2014" isbn="ISBN83763550019---11">
    <Authors>
      <Author>
        <Name>Fred</Name>
        <Email>fweasley@hogwarts.co.uk</Email>
      </Author>
      <Author>
        <Name>George</Name>
        <Email>gweasley@hogwarts.co.uk</Email>
      </Author>
    </Authors>
    <name>Book1</name>
  </book>
  <book year="2014" isbn="ISBN83763550019---11">
    <Authors>
      <Author>
        <Name>Fred</Name>
        <Email>fweasley@hogwarts.co.uk</Email>
      </Author>
      <Author>
        <Name>George</Name>
        <Email>gweasley@hogwarts.co.uk</Email>
      </Author>
    </Authors>
    <name>Book2</name>
  </book>
  <book year="2014" isbn="ISBN83763550019---11">
    <Authors>
      <Author>
        <Name>Fred</Name>
        <Email>fweasley@hogwarts.co.uk</Email>
      </Author>
      <Author>
        <Name>George</Name>
        <Email>gweasley@hogwarts.co.uk</Email>
      </Author>
    </Authors>
    <name>Book1</name>
  </book>
  <book year="2014" isbn="ISBN83763550019---11">
    <Authors>
      <Author>
        <Name>Fred</Name>
        <Email>fweasley@hogwarts.co.uk</Email>
      </Author>
      <Author>
        <Name>George</Name>
        <Email>gweasley@hogwarts.co.uk</Email>
      </Author>
    </Authors>
    <name>Book2</name>
  </book>
  <book year="2014" isbn="ISBN83763550019---11">
    <Authors>
      <Author>
        <Name>Fred</Name>
        <Email>fweasley@hogwarts.co.uk</Email>
      </Author>
      <Author>
        <Name>George</Name>
        <Email>gweasley@hogwarts.co.uk</Email>
      </Author>
    </Authors>
    <name>Book1</name>
  </book>
  <book year="2014" isbn="ISBN83763550019---11">
    <Authors>
      <Author>
        <Name>Fred</Name>
        <Email>fweasley@hogwarts.co.uk</Email>
      </Author>
      <Author>
        <Name>George</Name>
        <Email>gweasley@hogwarts.co.uk</Email>
      </Author>
    </Authors>
    <name>Book2</name>
  </book>
  <book year="2014" isbn="ISBN83763550019---11">
    <Authors>
      <Author>
        <Name>Fred</Name>
        <Email>fweasley@hogwarts.co.uk</Email>
      </Author>
      <Author>
        <Name>George</Name>
        <Email>gweasley@hogwarts.co.uk</Email>
      </Author>
    </Authors>
    <name>Book1</name>
  </book>
  <book year="2014" isbn="ISBN83763550019---11">
    <Authors>
      <Author>
        <Name>Fred</Name>
        <Email>fweasley@hogwarts.co.uk</Email>
      </Author>
      <Author>
        <Name>George</Name>
        <Email>gweasley@hogwarts.co.uk</Email>
      </Author>
    </Authors>
    <name>Book2</name>
  </book>
  <book year="2014" isbn="ISBN83763550019---11">
    <Authors>
      <Author>
        <Name>Fred</Name>
        <Email>fweasley@hogwarts.co.uk</Email>
      </Author>
      <Author>
        <Name>George</Name>
        <Email>gweasley@hogwarts.co.uk</Email>
      </Author>
    </Authors>
    <name>Book1</name>
  </book>
  <book year="2014" isbn="ISBN83763550019---11">
    <Authors>
      <Author>
        <Name>Fred</Name>
        <Email>fweasley@hogwarts.co.uk</Email>
      </Author>
      <Author>
        <Name>George</Name>
        <Email>gweasley@hogwarts.co.uk</Email>
      </Author>
    </Authors>
    <name>Book2</name>
  </book>
  <book year="2014" isbn="ISBN83763550019---11">
    <Authors>
      <Author>
        <Name>Fred</Name>
        <Email>fweasley@hogwarts.co.uk</Email>
      </Author>
      <Author>
        <Name>George</Name>
        <Email>gweasley@hogwarts.co.uk</Email>
      </Author>
    </Authors>
    <name>Book1</name>
  </book>
  <book year="2014" isbn="ISBN83763550019---11">
    <Authors>
      <Author>
        <Name>Fred</Name>
        <Email>fweasley@hogwarts.co.uk</Email>
      </Author>
      <Author>
        <Name>George</Name>
        <Email>gweasley@hogwarts.co.uk</Email>
      </Author>
    </Authors>
    <name>Book2</name>
  </book>
  <book year="2014" isbn="ISBN83763550019---11">
    <Authors>
      <Author>
        <Name>Fred</Name>
        <Email>fweasley@hogwarts.co.uk</Email>
      </Author>
      <Author>
        <Name>George</Name>
        <Email>gweasley@hogwarts.co.uk</Email>
      </Author>
    </Authors>
    <name>Book1</name>
  </book>
  <book year="2014" isbn="ISBN83763550019---11">
    <Authors>
      <Author>
        <Name>Fred</Name>
        <Email>fweasley@hogwarts.co.uk</Email>
      </Author>
      <Author>
        <Name>George</Name>
        <Email>gweasley@hogwarts.co.uk</Email>
      </Author>
    </Authors>
    <name>Book2</name>
  </book>
  <book year="2014" isbn="ISBN83763550019---11">
    <Authors>
      <Author>
        <Name>Fred</Name>
        <Email>fweasley@hogwarts.co.uk</Email>
      </Author>
      <Author>
        <Name>George</Name>
        <Email>gweasley@hogwarts.co.uk</Email>
      </Author>
    </Authors>
    <name>Book1</name>
  </book>
  <book year="2014" isbn="ISBN83763550019---11">
    <Authors>
      <Author>
        <Name>Fred</Name>
        <Email>fweasley@hogwarts.co.uk</Email>
      </Author>
      <Author>
        <Name>George</Name>
        <Email>gweasley@hogwarts.co.uk</Email>
      </Author>
    </Authors>
    <name>Book2</name>
  </book>
  <book year="2014" isbn="ISBN83763550019---11">
    <Authors>
      <Author>
        <Name>Fred</Name>
        <Email>fweasley@hogwarts.co.uk</Email>
      </Author>
      <Author>
        <Name>George</Name>
        <Email>gweasley@hogwarts.co.uk</Email>
      </Author>
    </Authors>
    <name>Book1</name>
  </book>
  <book year="2014" isbn="ISBN83763550019---11">
    <Authors>
      <Author>
        <Name>Fred</Name>
        <Email>fweasley@hogwarts.co.uk</Email>
      </Author>
      <Author>
        <Name>George</Name>
        <Email>gweasley@hogwarts.co.uk</Email>
      </Author>
    </Authors>
    <name>Book2</name>
  </book>
  <book year="2014" isbn="ISBN83763550019---11">
    <Authors>
      <Author>
        <Name>Fred</Name>
        <Email>fweasley@hogwarts.co.uk</Email>
      </Author>
      <Author>
        <Name>George</Name>
        <Email>gweasley@hogwarts.co.uk</Email>
      </Author>
    </Authors>
    <name>Book1</name>
  </book>
  <book year="2014" isbn="ISBN83763550019---11">
    <Authors>
      <Author>
        <Name>Fred</Name>
        <Email>fweasley@hogwarts.co.uk</Email>
      </Author>
      <Author>
        <Name>George</Name>
        <Email>gweasley@hogwarts.co.uk</Email>
      </Author>
    </Authors>
    <name>Book2</name>
  </book>
  <book year="2014" isbn="ISBN83763550019---11">
    <Authors>
      <Author>
        <Name>Fred</Name>
        <Email>fweasley@hogwarts.co.uk</Email>
      </Author>
      <Author>
        <Name>George</Name>
        <Email>gweasley@hogwarts.co.uk</Email>
      </Author>
    </Authors>
    <name>Book1</name>
  </book>
  <book year="2014" isbn="ISBN83763550019---11">
    <Authors>
      <Author>
        <Name>Fred</Name>
        <Email>fweasley@hogwarts.co.uk</Email>
      </Author>
      <Author>
        <Name>George</Name>
        <Email>gweasley@hogwarts.co.uk</Email>
      </Author>
    </Authors>
    <name>Book2</name>
  </book>
  <book year="2014" isbn="ISBN83763550019---11">
    <Authors>
      <Author>
        <Name>Fred</Name>
        <Email>fweasley@hogwarts.co.uk</Email>
      </Author>
      <Author>
        <Name>George</Name>
        <Email>gweasley@hogwarts.co.uk</Email>
      </Author>
    </Authors>
    <name>Book1</name>
  </book>
  <book year="2014" isbn="ISBN83763550019---11">
    <Authors>
      <Author>
        <Name>Fred</Name>
        <Email>fweasley@hogwarts.co.uk</Email>
      </Author>
      <Author>
        <Name>George</Name>
        <Email>gweasley@hogwarts.co.uk</Email>
      </Author>
    </Authors>
    <name>Book2</name>
  </book>
  <book year="2014" isbn="ISBN83763550019---11">
    <Authors>
      <Author>
        <Name>Fred</Name>
        <Email>fweasley@hogwarts.co.uk</Email>
      </Author>
      <Author>
        <Name>George</Name>
        <Email>gweasley@hogwarts.co.uk</Email>
      </Author>
    </Authors>
    <name>Book1</name>
  </book>
  <book year="2014" isbn="ISBN83763550019---11">
    <Authors>
      <Author>
        <Name>Fred</Name>
        <Email>fweasley@hogwarts.co.uk</Email>
      </Author>
      <Author>
        <Name>George</Name>
        <Email>gweasley@hogwarts.co.uk</Email>
      </Author>
    </Authors>
    <name>Book2</name>
  </book>
  <book year="2014" isbn="ISBN83763550019---11">
    <Authors>
      <Author>
        <Name>Fred</Name>
        <Email>fweasley@hogwarts.co.uk</Email>
      </Author>
      <Author>
        <Name>George</Name>
        <Email>gweasley@hogwarts.co.uk</Email>
      </Author>
    </Authors>
    <name>Book1</name>
  </book>
  <book year="2014" isbn="ISBN83763550019---11">
    <Authors>
      <Author>
        <Name>Fred</Name>
        <Email>fweasley@hogwarts.co.uk</Email>
      </Author>
      <Author>
        <Name>George</Name>
        <Email>gweasley@hogwarts.co.uk</Email>
      </Author>
    </Authors>
    <name>Book2</name>
  </book>
  <book year="2014" isbn="ISBN83763550019---11">
    <Authors>
      <Author>
        <Name>Fred</Name>
        <Email>fweasley@hogwarts.co.uk</Email>
      </Author>
      <Author>
        <Name>George</Name>
        <Email>gweasley@hogwarts.co.uk</Email>
      </Author>
    </Authors>
    <name>Book1</name>
  </book>
  <book year="2014" isbn="ISBN83763550019---11">
    <Authors>
      <Author>
        <Name>Fred</Name>
        <Email>fweasley@hogwarts.co.uk</Email>
      </Author>
      <Author>
        <Name>George</Name>
        <Email>gweasley@hogwarts.co.uk</Email>
      </Author>
    </Authors>
    <name>Book2</name>
  </book>
  <book year="2014" isbn="ISBN83763550019---11">
    <Authors>
      <Author>
        <Name>Fred</Name>
        <Email>fweasley@hogwarts.co.uk</Email>
      </Author>
      <Author>
        <Name>George</Name>
        <Email>gweasley@hogwarts.co.uk</Email>
      </Author>
    </Authors>
    <name>Book1</name>
  </book>
  <book year="2014" isbn="ISBN83763550019---11">
    <Authors>
      <Author>
        <Name>Fred</Name>
        <Email>fweasley@hogwarts.co.uk</Email>
      </Author>
      <Author>
        <Name>George</Name>
        <Email>gweasley@hogwarts.co.uk</Email>
      </Author>
    </Authors>
    <name>Book2</name>
  </book>
  <book year="2014" isbn="ISBN83763550019---11">
    <Authors>
      <Author>
        <Name>Fred</Name>
        <Email>fweasley@hogwarts.co.uk</Email>
      </Author>
      <Author>
        <Name>George</Name>
        <Email>gweasley@hogwarts.co.uk</Email>
      </Author>
    </Authors>
    <name>Book1</name>
  </book>
  <book year="2014" isbn="ISBN83763550019---11">
    <Authors>
      <Author>
        <Name>Fred</Name>
        <Email>fweasley@hogwarts.co.uk</Email>
      </Author>
      <Author>
        <Name>George</Name>
        <Email>gweasley@hogwarts.co.uk</Email>
      </Author>
    </Authors>
    <name>Book2</name>
  </book>
  <book year="2014" isbn="ISBN83763550019---11">
    <Authors>
      <Author>
        <Name>Fred</Name>
        <Email>fweasley@hogwarts.co.uk</Email>
      </Author>
      <Author>
        <Name>George</Name>
        <Email>gweasley@hogwarts.co.uk</Email>
      </Author>
    </Authors>
    <name>Book1</name>
  </book>
  <book year="2014" isbn="ISBN83763550019---11">
    <Authors>
      <Author>
        <Name>Fred</Name>
        <Email>fweasley@hogwarts.co.uk</Email>
      </Author>
      <Author>
        <Name>George</Name>
        <Email>gweasley@hogwarts.co.uk</Email>
      </Author>
    </Authors>
    <name>Book2</name>
  </book>
  <book year="2014" isbn="ISBN83763550019---11">
    <Authors>
      <Author>
        <Name>Fred</Name>
        <Email>fweasley@hogwarts.co.uk</Email>
      </Author>
      <Author>
        <Name>George</Name>
        <Email>gweasley@hogwarts.co.uk</Email>
      </Author>
    </Authors>
    <name>Book1</name>
  </book>
  <book year="2014" isbn="ISBN83763550019---11">
    <Authors>
      <Author>
        <Name>Fred</Name>
        <Email>fweasley@hogwarts.co.uk</Email>
      </Author>
      <Author>
        <Name>George</Name>
        <Email>gweasley@hogwarts.co.uk</Email>
      </Author>
    </Authors>
    <name>Book2</name>
  </book>
  <book year="2014" isbn="ISBN83763550019---11">
    <Authors>
      <Author>
        <Name>Fred</Name>
        <Email>fweasley@hogwarts.co.uk</Email>
      </Author>
      <Author>
        <Name>George</Name>
        <Email>gweasley@hogwarts.co.uk</Email>
      </Author>
    </Authors>
    <name>Book1</name>
  </book>
  <book year="2014" isbn="ISBN83763550019---11">
    <Authors>
      <Author>
        <Name>Fred</Name>
        <Email>fweasley@hogwarts.co.uk</Email>
      </Author>
      <Author>
        <Name>George</Name>
        <Email>gweasley@hogwarts.co.uk</Email>
      </Author>
    </Authors>
    <name>Book2</name>
  </book>
  <book year="2014" isbn="ISBN83763550019---11">
    <Authors>
      <Author>
        <Name>Fred</Name>
        <Email>fweasley@hogwarts.co.uk</Email>
      </Author>
      <Author>
        <Name>George</Name>
        <Email>gweasley@hogwarts.co.uk</Email>
      </Author>
    </Authors>
    <name>Book1</name>
  </book>
  <book year="2014" isbn="ISBN83763550019---11">
    <Authors>
      <Author>
        <Name>Fred</Name>
        <Email>fweasley@hogwarts.co.uk</Email>
      </Author>
      <Author>
        <Name>George</Name>
        <Email>gweasley@hogwarts.co.uk</Email>
      </Author>
    </Authors>
    <name>Book2</name>
  </book>
  <book year="2014" isbn="ISBN83763550019---11">
    <Authors>
      <Author>
        <Name>Fred</Name>
        <Email>fweasley@hogwarts.co.uk</Email>
      </Author>
      <Author>
        <Name>George</Name>
        <Email>gweasley@hogwarts.co.uk</Email>
      </Author>
    </Authors>
    <name>Book1</name>
  </book>
  <book year="2014" isbn="ISBN83763550019---11">
    <Authors>
      <Author>
        <Name>Fred</Name>
        <Email>fweasley@hogwarts.co.uk</Email>
      </Author>
      <Author>
        <Name>George</Name>
        <Email>gweasley@hogwarts.co.uk</Email>
      </Author>
    </Authors>
    <name>Book2</name>
  </book>
  <book year="2014" isbn="ISBN83763550019---11">
    <Authors>
      <Author>
        <Name>Fred</Name>
        <Email>fweasley@hogwarts.co.uk</Email>
      </Author>
      <Author>
        <Name>George</Name>
        <Email>gweasley@hogwarts.co.uk</Email>
      </Author>
    </Authors>
    <name>Book1</name>
  </book>
  <book year="2014" isbn="ISBN83763550019---11">
    <Authors>
      <Author>
        <Name>Fred</Name>
        <Email>fweasley@hogwarts.co.uk</Email>
      </Author>
      <Author>
        <Name>George</Name>
        <Email>gweasley@hogwarts.co.uk</Email>
      </Author>
    </Authors>
    <name>Book2</name>
  </book>
  <book year="2014" isbn="ISBN83763550019---11">
    <Authors>
      <Author>
        <Name>Fred</Name>
        <Email>fweasley@hogwarts.co.uk</Email>
      </Author>
      <Author>
        <Name>George</Name>
        <Email>gweasley@hogwarts.co.uk</Email>
      </Author>
    </Authors>
    <name>Book1</name>
  </book>
  <book year="2014" isbn="ISBN83763550019---11">
    <Authors>
      <Author>
        <Name>Fred</Name>
        <Email>fweasley@hogwarts.co.uk</Email>
      </Author>
      <Author>
        <Name>George</Name>
        <Email>gweasley@hogwarts.co.uk</Email>
      </Author>
    </Authors>
    <name>Book2</name>
  </book>
  <book year="2014" isbn="ISBN83763550019---11">
    <Authors>
      <Author>
        <Name>Fred</Name>
        <Email>fweasley@hogwarts.co.uk</Email>
      </Author>
      <Author>
        <Name>George</Name>
        <Email>gweasley@hogwarts.co.uk</Email>
      </Author>
    </Authors>
    <name>Book1</name>
  </book>
  <book year="2014" isbn="ISBN83763550019---11">
    <Authors>
      <Author>
        <Name>Fred</Name>
        <Email>fweasley@hogwarts.co.uk</Email>
      </Author>
      <Author>
        <Name>George</Name>
        <Email>gweasley@hogwarts.co.uk</Email>
      </Author>
    </Authors>
    <name>Book2</name>
  </book>
  <book year="2014" isbn="ISBN83763550019---11">
    <Authors>
      <Author>
        <Name>Fred</Name>
        <Email>fweasley@hogwarts.co.uk</Email>
      </Author>
      <Author>
        <Name>George</Name>
        <Email>gweasley@hogwarts.co.uk</Email>
      </Author>
    </Authors>
    <name>Book1</name>
  </book>
  <book year="2014" isbn="ISBN83763550019---11">
    <Authors>
      <Author>
        <Name>Fred</Name>
        <Email>fweasley@hogwarts.co.uk</Email>
      </Author>
      <Author>
        <Name>George</Name>
        <Email>gweasley@hogwarts.co.uk</Email>
      </Author>
    </Authors>
    <name>Book2</name>
  </book>
  <book year="2014" isbn="ISBN83763550019---11">
    <Authors>
      <Author>
        <Name>Fred</Name>
        <Email>fweasley@hogwarts.co.uk</Email>
      </Author>
      <Author>
        <Name>George</Name>
        <Email>gweasley@hogwarts.co.uk</Email>
      </Author>
    </Authors>
    <name>Book1</name>
  </book>
  <book year="2014" isbn="ISBN83763550019---11">
    <Authors>
      <Author>
        <Name>Fred</Name>
        <Email>fweasley@hogwarts.co.uk</Email>
      </Author>
      <Author>
        <Name>George</Name>
        <Email>gweasley@hogwarts.co.uk</Email>
      </Author>
    </Authors>
    <name>Book2</name>
  </book>
  <book year="2014" isbn="ISBN83763550019---11">
    <Authors>
      <Author>
        <Name>Fred</Name>
        <Email>fweasley@hogwarts.co.uk</Email>
      </Author>
      <Author>
        <Name>George</Name>
        <Email>gweasley@hogwarts.co.uk</Email>
      </Author>
    </Authors>
    <name>Book1</name>
  </book>
  <book year="2014" isbn="ISBN83763550019---11">
    <Authors>
      <Author>
        <Name>Fred</Name>
        <Email>fweasley@hogwarts.co.uk</Email>
      </Author>
      <Author>
        <Name>George</Name>
        <Email>gweasley@hogwarts.co.uk</Email>
      </Author>
    </Authors>
    <name>Book2</name>
  </book>
  <book year="2014" isbn="ISBN83763550019---11">
    <Authors>
      <Author>
        <Name>Fred</Name>
        <Email>fweasley@hogwarts.co.uk</Email>
      </Author>
      <Author>
        <Name>George</Name>
        <Email>gweasley@hogwarts.co.uk</Email>
      </Author>
    </Authors>
    <name>Book1</name>
  </book>
  <book year="2014" isbn="ISBN83763550019---11">
    <Authors>
      <Author>
        <Name>Fred</Name>
        <Email>fweasley@hogwarts.co.uk</Email>
      </Author>
      <Author>
        <Name>George</Name>
        <Email>gweasley@hogwarts.co.uk</Email>
      </Author>
    </Authors>
    <name>Book2</name>
  </book>
  <book year="2014" isbn="ISBN83763550019---11">
    <Authors>
      <Author>
        <Name>Fred</Name>
        <Email>fweasley@hogwarts.co.uk</Email>
      </Author>
      <Author>
        <Name>George</Name>
        <Email>gweasley@hogwarts.co.uk</Email>
      </Author>
    </Authors>
    <name>Book1</name>
  </book>
  <book year="2014" isbn="ISBN83763550019---11">
    <Authors>
      <Author>
        <Name>Fred</Name>
        <Email>fweasley@hogwarts.co.uk</Email>
      </Author>
      <Author>
        <Name>George</Name>
        <Email>gweasley@hogwarts.co.uk</Email>
      </Author>
    </Authors>
    <name>Book2</name>
  </book>
  <book year="2014" isbn="ISBN83763550019---11">
    <Authors>
      <Author>
        <Name>Fred</Name>
        <Email>fweasley@hogwarts.co.uk</Email>
      </Author>
      <Author>
        <Name>George</Name>
        <Email>gweasley@hogwarts.co.uk</Email>
      </Author>
    </Authors>
    <name>Book1</name>
  </book>
  <book year="2014" isbn="ISBN83763550019---11">
    <Authors>
      <Author>
        <Name>Fred</Name>
        <Email>fweasley@hogwarts.co.uk</Email>
      </Author>
      <Author>
        <Name>George</Name>
        <Email>gweasley@hogwarts.co.uk</Email>
      </Author>
    </Authors>
    <name>Book2</name>
  </book>
  <book year="2014" isbn="ISBN83763550019---11">
    <Authors>
      <Author>
        <Name>Fred</Name>
        <Email>fweasley@hogwarts.co.uk</Email>
      </Author>
      <Author>
        <Name>George</Name>
        <Email>gweasley@hogwarts.co.uk</Email>
      </Author>
    </Authors>
    <name>Book1</name>
  </book>
  <book year="2014" isbn="ISBN83763550019---11">
    <Authors>
      <Author>
        <Name>Fred</Name>
        <Email>fweasley@hogwarts.co.uk</Email>
      </Author>
      <Author>
        <Name>George</Name>
        <Email>gweasley@hogwarts.co.uk</Email>
      </Author>
    </Authors>
    <name>Book2</name>
  </book>
  <book year="2014" isbn="ISBN83763550019---11">
    <Authors>
      <Author>
        <Name>Fred</Name>
        <Email>fweasley@hogwarts.co.uk</Email>
      </Author>
      <Author>
        <Name>George</Name>
        <Email>gweasley@hogwarts.co.uk</Email>
      </Author>
    </Authors>
    <name>Book1</name>
  </book>
  <book year="2014" isbn="ISBN83763550019---11">
    <Authors>
      <Author>
        <Name>Fred</Name>
        <Email>fweasley@hogwarts.co.uk</Email>
      </Author>
      <Author>
        <Name>George</Name>
        <Email>gweasley@hogwarts.co.uk</Email>
      </Author>
    </Authors>
    <name>Book2</name>
  </book>
  <book year="2014" isbn="ISBN83763550019---11">
    <Authors>
      <Author>
        <Name>Fred</Name>
        <Email>fweasley@hogwarts.co.uk</Email>
      </Author>
      <Author>
        <Name>George</Name>
        <Email>gweasley@hogwarts.co.uk</Email>
      </Author>
    </Authors>
    <name>Book1</name>
  </book>
  <book year="2014" isbn="ISBN83763550019---11">
    <Authors>
      <Author>
        <Name>Fred</Name>
        <Email>fweasley@hogwarts.co.uk</Email>
      </Author>
      <Author>
        <Name>George</Name>
        <Email>gweasley@hogwarts.co.uk</Email>
      </Author>
    </Authors>
    <name>Book2</name>
  </book>
  <book year="2014" isbn="ISBN83763550019---11">
    <Authors>
      <Author>
        <Name>Fred</Name>
        <Email>fweasley@hogwarts.co.uk</Email>
      </Author>
      <Author>
        <Name>George</Name>
        <Email>gweasley@hogwarts.co.uk</Email>
      </Author>
    </Authors>
    <name>Book1</name>
  </book>
  <book year="2014" isbn="ISBN83763550019---11">
    <Authors>
      <Author>
        <Name>Fred</Name>
        <Email>fweasley@hogwarts.co.uk</Email>
      </Author>
      <Author>
        <Name>George</Name>
        <Email>gweasley@hogwarts.co.uk</Email>
      </Author>
    </Authors>
    <name>Book2</name>
  </book>
  <book year="2014" isbn="ISBN83763550019---11">
    <Authors>
      <Author>
        <Name>Fred</Name>
        <Email>fweasley@hogwarts.co.uk</Email>
      </Author>
      <Author>
        <Name>George</Name>
        <Email>gweasley@hogwarts.co.uk</Email>
      </Author>
    </Authors>
    <name>Book1</name>
  </book>
  <book year="2014" isbn="ISBN83763550019---11">
    <Authors>
      <Author>
        <Name>Fred</Name>
        <Email>fweasley@hogwarts.co.uk</Email>
      </Author>
      <Author>
        <Name>George</Name>
        <Email>gweasley@hogwarts.co.uk</Email>
      </Author>
    </Authors>
    <name>Book2</name>
  </book>
  <book year="2014" isbn="ISBN83763550019---11">
    <Authors>
      <Author>
        <Name>Fred</Name>
        <Email>fweasley@hogwarts.co.uk</Email>
      </Author>
      <Author>
        <Name>George</Name>
        <Email>gweasley@hogwarts.co.uk</Email>
      </Author>
    </Authors>
    <name>Book1</name>
  </book>
  <book year="2014" isbn="ISBN83763550019---11">
    <Authors>
      <Author>
        <Name>Fred</Name>
        <Email>fweasley@hogwarts.co.uk</Email>
      </Author>
      <Author>
        <Name>George</Name>
        <Email>gweasley@hogwarts.co.uk</Email>
      </Author>
    </Authors>
    <name>Book2</name>
  </book>
  <book year="2014" isbn="ISBN83763550019---11">
    <Authors>
      <Author>
        <Name>Fred</Name>
        <Email>fweasley@hogwarts.co.uk</Email>
      </Author>
      <Author>
        <Name>George</Name>
        <Email>gweasley@hogwarts.co.uk</Email>
      </Author>
    </Authors>
    <name>Book1</name>
  </book>
  <book year="2014" isbn="ISBN83763550019---11">
    <Authors>
      <Author>
        <Name>Fred</Name>
        <Email>fweasley@hogwarts.co.uk</Email>
      </Author>
      <Author>
        <Name>George</Name>
        <Email>gweasley@hogwarts.co.uk</Email>
      </Author>
    </Authors>
    <name>Book2</name>
  </book>
  <book year="2014" isbn="ISBN83763550019---11">
    <Authors>
      <Author>
        <Name>Fred</Name>
        <Email>fweasley@hogwarts.co.uk</Email>
      </Author>
      <Author>
        <Name>George</Name>
        <Email>gweasley@hogwarts.co.uk</Email>
      </Author>
    </Authors>
    <name>Book1</name>
  </book>
  <book year="2014" isbn="ISBN83763550019---11">
    <Authors>
      <Author>
        <Name>Fred</Name>
        <Email>fweasley@hogwarts.co.uk</Email>
      </Author>
      <Author>
        <Name>George</Name>
        <Email>gweasley@hogwarts.co.uk</Email>
      </Author>
    </Authors>
    <name>Book2</name>
  </book>
  <book year="2014" isbn="ISBN83763550019---11">
    <Authors>
      <Author>
        <Name>Fred</Name>
        <Email>fweasley@hogwarts.co.uk</Email>
      </Author>
      <Author>
        <Name>George</Name>
        <Email>gweasley@hogwarts.co.uk</Email>
      </Author>
    </Authors>
    <name>Book1</name>
  </book>
  <book year="2014" isbn="ISBN83763550019---11">
    <Authors>
      <Author>
        <Name>Fred</Name>
        <Email>fweasley@hogwarts.co.uk</Email>
      </Author>
      <Author>
        <Name>George</Name>
        <Email>gweasley@hogwarts.co.uk</Email>
      </Author>
    </Authors>
    <name>Book2</name>
  </book>
  <book year="2014" isbn="ISBN83763550019---11">
    <Authors>
      <Author>
        <Name>Fred</Name>
        <Email>fweasley@hogwarts.co.uk</Email>
      </Author>
      <Author>
        <Name>George</Name>
        <Email>gweasley@hogwarts.co.uk</Email>
      </Author>
    </Authors>
    <name>Book1</name>
  </book>
  <book year="2014" isbn="ISBN83763550019---11">
    <Authors>
      <Author>
        <Name>Fred</Name>
        <Email>fweasley@hogwarts.co.uk</Email>
      </Author>
      <Author>
        <Name>George</Name>
        <Email>gweasley@hogwarts.co.uk</Email>
      </Author>
    </Authors>
    <name>Book2</name>
  </book>
  <book year="2014" isbn="ISBN83763550019---11">
    <Authors>
      <Author>
        <Name>Fred</Name>
        <Email>fweasley@hogwarts.co.uk</Email>
      </Author>
      <Author>
        <Name>George</Name>
        <Email>gweasley@hogwarts.co.uk</Email>
      </Author>
    </Authors>
    <name>Book1</name>
  </book>
  <book year="2014" isbn="ISBN83763550019---11">
    <Authors>
      <Author>
        <Name>Fred</Name>
        <Email>fweasley@hogwarts.co.uk</Email>
      </Author>
      <Author>
        <Name>George</Name>
        <Email>gweasley@hogwarts.co.uk</Email>
      </Author>
    </Authors>
    <name>Book2</name>
  </book>
  <book year="2014" isbn="ISBN83763550019---11">
    <Authors>
      <Author>
        <Name>Fred</Name>
        <Email>fweasley@hogwarts.co.uk</Email>
      </Author>
      <Author>
        <Name>George</Name>
        <Email>gweasley@hogwarts.co.uk</Email>
      </Author>
    </Authors>
    <name>Book1</name>
  </book>
  <book year="2014" isbn="ISBN83763550019---11">
    <Authors>
      <Author>
        <Name>Fred</Name>
        <Email>fweasley@hogwarts.co.uk</Email>
      </Author>
      <Author>
        <Name>George</Name>
        <Email>gweasley@hogwarts.co.uk</Email>
      </Author>
    </Authors>
    <name>Book2</name>
  </book>
  <book year="2014" isbn="ISBN83763550019---11">
    <Authors>
      <Author>
        <Name>Fred</Name>
        <Email>fweasley@hogwarts.co.uk</Email>
      </Author>
      <Author>
        <Name>George</Name>
        <Email>gweasley@hogwarts.co.uk</Email>
      </Author>
    </Authors>
    <name>Book1</name>
  </book>
  <book year="2014" isbn="ISBN83763550019---11">
    <Authors>
      <Author>
        <Name>Fred</Name>
        <Email>fweasley@hogwarts.co.uk</Email>
      </Author>
      <Author>
        <Name>George</Name>
        <Email>gweasley@hogwarts.co.uk</Email>
      </Author>
    </Authors>
    <name>Book2</name>
  </book>
  <book year="2014" isbn="ISBN83763550019---11">
    <Authors>
      <Author>
        <Name>Fred</Name>
        <Email>fweasley@hogwarts.co.uk</Email>
      </Author>
      <Author>
        <Name>George</Name>
        <Email>gweasley@hogwarts.co.uk</Email>
      </Author>
    </Authors>
    <name>Book1</name>
  </book>
  <book year="2014" isbn="ISBN83763550019---11">
    <Authors>
      <Author>
        <Name>Fred</Name>
        <Email>fweasley@hogwarts.co.uk</Email>
      </Author>
      <Author>
        <Name>George</Name>
        <Email>gweasley@hogwarts.co.uk</Email>
      </Author>
    </Authors>
    <name>Book2</name>
  </book>
  <book year="2014" isbn="ISBN83763550019---11">
    <Authors>
      <Author>
        <Name>Fred</Name>
        <Email>fweasley@hogwarts.co.uk</Email>
      </Author>
      <Author>
        <Name>George</Name>
        <Email>gweasley@hogwarts.co.uk</Email>
      </Author>
    </Authors>
    <name>Book1</name>
  </book>
  <book year="2014" isbn="ISBN83763550019---11">
    <Authors>
      <Author>
        <Name>Fred</Name>
        <Email>fweasley@hogwarts.co.uk</Email>
      </Author>
      <Author>
        <Name>George</Name>
        <Email>gweasley@hogwarts.co.uk</Email>
      </Author>
    </Authors>
    <name>Book2</name>
  </book>
  <book year="2014" isbn="ISBN83763550019---11">
    <Authors>
      <Author>
        <Name>Fred</Name>
        <Email>fweasley@hogwarts.co.uk</Email>
      </Author>
      <Author>
        <Name>George</Name>
        <Email>gweasley@hogwarts.co.uk</Email>
      </Author>
    </Authors>
    <name>Book1</name>
  </book>
  <book year="2014" isbn="ISBN83763550019---11">
    <Authors>
      <Author>
        <Name>Fred</Name>
        <Email>fweasley@hogwarts.co.uk</Email>
      </Author>
      <Author>
        <Name>George</Name>
        <Email>gweasley@hogwarts.co.uk</Email>
      </Author>
    </Authors>
    <name>Book2</name>
  </book>
  <book year="2014" isbn="ISBN83763550019---11">
    <Authors>
      <Author>
        <Name>Fred</Name>
        <Email>fweasley@hogwarts.co.uk</Email>
      </Author>
      <Author>
        <Name>George</Name>
        <Email>gweasley@hogwarts.co.uk</Email>
      </Author>
    </Authors>
    <name>Book1</name>
  </book>
  <book year="2014" isbn="ISBN83763550019---11">
    <Authors>
      <Author>
        <Name>Fred</Name>
        <Email>fweasley@hogwarts.co.uk</Email>
      </Author>
      <Author>
        <Name>George</Name>
        <Email>gweasley@hogwarts.co.uk</Email>
      </Author>
    </Authors>
    <name>Book2</name>
  </book>
  <book year="2014" isbn="ISBN83763550019---11">
    <Authors>
      <Author>
        <Name>Fred</Name>
        <Email>fweasley@hogwarts.co.uk</Email>
      </Author>
      <Author>
        <Name>George</Name>
        <Email>gweasley@hogwarts.co.uk</Email>
      </Author>
    </Authors>
    <name>Book1</name>
  </book>
  <book year="2014" isbn="ISBN83763550019---11">
    <Authors>
      <Author>
        <Name>Fred</Name>
        <Email>fweasley@hogwarts.co.uk</Email>
      </Author>
      <Author>
        <Name>George</Name>
        <Email>gweasley@hogwarts.co.uk</Email>
      </Author>
    </Authors>
    <name>Book2</name>
  </book>
  <book year="2014" isbn="ISBN83763550019---11">
    <Authors>
      <Author>
        <Name>Fred</Name>
        <Email>fweasley@hogwarts.co.uk</Email>
      </Author>
      <Author>
        <Name>George</Name>
        <Email>gweasley@hogwarts.co.uk</Email>
      </Author>
    </Authors>
    <name>Book1</name>
  </book>
  <book year="2014" isbn="ISBN83763550019---11">
    <Authors>
      <Author>
        <Name>Fred</Name>
        <Email>fweasley@hogwarts.co.uk</Email>
      </Author>
      <Author>
        <Name>George</Name>
        <Email>gweasley@hogwarts.co.uk</Email>
      </Author>
    </Authors>
    <name>Book2</name>
  </book>
  <book year="2014" isbn="ISBN83763550019---11">
    <Authors>
      <Author>
        <Name>Fred</Name>
        <Email>fweasley@hogwarts.co.uk</Email>
      </Author>
      <Author>
        <Name>George</Name>
        <Email>gweasley@hogwarts.co.uk</Email>
      </Author>
    </Authors>
    <name>Book1</name>
  </book>
  <book year="2014" isbn="ISBN83763550019---11">
    <Authors>
      <Author>
        <Name>Fred</Name>
        <Email>fweasley@hogwarts.co.uk</Email>
      </Author>
      <Author>
        <Name>George</Name>
        <Email>gweasley@hogwarts.co.uk</Email>
      </Author>
    </Authors>
    <name>Book2</name>
  </book>
  <book year="2014" isbn="ISBN83763550019---11">
    <Authors>
      <Author>
        <Name>Fred</Name>
        <Email>fweasley@hogwarts.co.uk</Email>
      </Author>
      <Author>
        <Name>George</Name>
        <Email>gweasley@hogwarts.co.uk</Email>
      </Author>
    </Authors>
    <name>Book1</name>
  </book>
  <book year="2014" isbn="ISBN83763550019---11">
    <Authors>
      <Author>
        <Name>Fred</Name>
        <Email>fweasley@hogwarts.co.uk</Email>
      </Author>
      <Author>
        <Name>George</Name>
        <Email>gweasley@hogwarts.co.uk</Email>
      </Author>
    </Authors>
    <name>Book2</name>
  </book>
  <book year="2014" isbn="ISBN83763550019---11">
    <Authors>
      <Author>
        <Name>Fred</Name>
        <Email>fweasley@hogwarts.co.uk</Email>
      </Author>
      <Author>
        <Name>George</Name>
        <Email>gweasley@hogwarts.co.uk</Email>
      </Author>
    </Authors>
    <name>Book1</name>
  </book>
  <book year="2014" isbn="ISBN83763550019---11">
    <Authors>
      <Author>
        <Name>Fred</Name>
        <Email>fweasley@hogwarts.co.uk</Email>
      </Author>
      <Author>
        <Name>George</Name>
        <Email>gweasley@hogwarts.co.uk</Email>
      </Author>
    </Authors>
    <name>Book2</name>
  </book>
  <book year="2014" isbn="ISBN83763550019---11">
    <Authors>
      <Author>
        <Name>Fred</Name>
        <Email>fweasley@hogwarts.co.uk</Email>
      </Author>
      <Author>
        <Name>George</Name>
        <Email>gweasley@hogwarts.co.uk</Email>
      </Author>
    </Authors>
    <name>Book1</name>
  </book>
  <book year="2014" isbn="ISBN83763550019---11">
    <Authors>
      <Author>
        <Name>Fred</Name>
        <Email>fweasley@hogwarts.co.uk</Email>
      </Author>
      <Author>
        <Name>George</Name>
        <Email>gweasley@hogwarts.co.uk</Email>
      </Author>
    </Authors>
    <name>Book2</name>
  </book>
  <book year="2014" isbn="ISBN83763550019---11">
    <Authors>
      <Author>
        <Name>Fred</Name>
        <Email>fweasley@hogwarts.co.uk</Email>
      </Author>
      <Author>
        <Name>George</Name>
        <Email>gweasley@hogwarts.co.uk</Email>
      </Author>
    </Authors>
    <name>Book1</name>
  </book>
  <book year="2014" isbn="ISBN83763550019---11">
    <Authors>
      <Author>
        <Name>Fred</Name>
        <Email>fweasley@hogwarts.co.uk</Email>
      </Author>
      <Author>
        <Name>George</Name>
        <Email>gweasley@hogwarts.co.uk</Email>
      </Author>
    </Authors>
    <name>Book2</name>
  </book>
  <book year="2014" isbn="ISBN83763550019---11">
    <Authors>
      <Author>
        <Name>Fred</Name>
        <Email>fweasley@hogwarts.co.uk</Email>
      </Author>
      <Author>
        <Name>George</Name>
        <Email>gweasley@hogwarts.co.uk</Email>
      </Author>
    </Authors>
    <name>Book1</name>
  </book>
  <book year="2014" isbn="ISBN83763550019---11">
    <Authors>
      <Author>
        <Name>Fred</Name>
        <Email>fweasley@hogwarts.co.uk</Email>
      </Author>
      <Author>
        <Name>George</Name>
        <Email>gweasley@hogwarts.co.uk</Email>
      </Author>
    </Authors>
    <name>Book2</name>
  </book>
  <book year="2014" isbn="ISBN83763550019---11">
    <Authors>
      <Author>
        <Name>Fred</Name>
        <Email>fweasley@hogwarts.co.uk</Email>
      </Author>
      <Author>
        <Name>George</Name>
        <Email>gweasley@hogwarts.co.uk</Email>
      </Author>
    </Authors>
    <name>Book1</name>
  </book>
  <book year="2014" isbn="ISBN83763550019---11">
    <Authors>
      <Author>
        <Name>Fred</Name>
        <Email>fweasley@hogwarts.co.uk</Email>
      </Author>
      <Author>
        <Name>George</Name>
        <Email>gweasley@hogwarts.co.uk</Email>
      </Author>
    </Authors>
    <name>Book2</name>
  </book>
  <book year="2014" isbn="ISBN83763550019---11">
    <Authors>
      <Author>
        <Name>Fred</Name>
        <Email>fweasley@hogwarts.co.uk</Email>
      </Author>
      <Author>
        <Name>George</Name>
        <Email>gweasley@hogwarts.co.uk</Email>
      </Author>
    </Authors>
    <name>Book1</name>
  </book>
  <book year="2014" isbn="ISBN83763550019---11">
    <Authors>
      <Author>
        <Name>Fred</Name>
        <Email>fweasley@hogwarts.co.uk</Email>
      </Author>
      <Author>
        <Name>George</Name>
        <Email>gweasley@hogwarts.co.uk</Email>
      </Author>
    </Authors>
    <name>Book2</name>
  </book>
  <book year="2014" isbn="ISBN83763550019---11">
    <Authors>
      <Author>
        <Name>Fred</Name>
        <Email>fweasley@hogwarts.co.uk</Email>
      </Author>
      <Author>
        <Name>George</Name>
        <Email>gweasley@hogwarts.co.uk</Email>
      </Author>
    </Authors>
    <name>Book1</name>
  </book>
  <book year="2014" isbn="ISBN83763550019---11">
    <Authors>
      <Author>
        <Name>Fred</Name>
        <Email>fweasley@hogwarts.co.uk</Email>
      </Author>
      <Author>
        <Name>George</Name>
        <Email>gweasley@hogwarts.co.uk</Email>
      </Author>
    </Authors>
    <name>Book2</name>
  </book>
  <book year="2014" isbn="ISBN83763550019---11">
    <Authors>
      <Author>
        <Name>Fred</Name>
        <Email>fweasley@hogwarts.co.uk</Email>
      </Author>
      <Author>
        <Name>George</Name>
        <Email>gweasley@hogwarts.co.uk</Email>
      </Author>
    </Authors>
    <name>Book1</name>
  </book>
  <book year="2014" isbn="ISBN83763550019---11">
    <Authors>
      <Author>
        <Name>Fred</Name>
        <Email>fweasley@hogwarts.co.uk</Email>
      </Author>
      <Author>
        <Name>George</Name>
        <Email>gweasley@hogwarts.co.uk</Email>
      </Author>
    </Authors>
    <name>Book2</name>
  </book>
  <book year="2014" isbn="ISBN83763550019---11">
    <Authors>
      <Author>
        <Name>Fred</Name>
        <Email>fweasley@hogwarts.co.uk</Email>
      </Author>
      <Author>
        <Name>George</Name>
        <Email>gweasley@hogwarts.co.uk</Email>
      </Author>
    </Authors>
    <name>Book1</name>
  </book>
  <book year="2014" isbn="ISBN83763550019---11">
    <Authors>
      <Author>
        <Name>Fred</Name>
        <Email>fweasley@hogwarts.co.uk</Email>
      </Author>
      <Author>
        <Name>George</Name>
        <Email>gweasley@hogwarts.co.uk</Email>
      </Author>
    </Authors>
    <name>Book2</name>
  </book>
  <book year="2014" isbn="ISBN83763550019---11">
    <Authors>
      <Author>
        <Name>Fred</Name>
        <Email>fweasley@hogwarts.co.uk</Email>
      </Author>
      <Author>
        <Name>George</Name>
        <Email>gweasley@hogwarts.co.uk</Email>
      </Author>
    </Authors>
    <name>Book1</name>
  </book>
  <book year="2014" isbn="ISBN83763550019---11">
    <Authors>
      <Author>
        <Name>Fred</Name>
        <Email>fweasley@hogwarts.co.uk</Email>
      </Author>
      <Author>
        <Name>George</Name>
        <Email>gweasley@hogwarts.co.uk</Email>
      </Author>
    </Authors>
    <name>Book2</name>
  </book>
  <book year="2014" isbn="ISBN83763550019---11">
    <Authors>
      <Author>
        <Name>Fred</Name>
        <Email>fweasley@hogwarts.co.uk</Email>
      </Author>
      <Author>
        <Name>George</Name>
        <Email>gweasley@hogwarts.co.uk</Email>
      </Author>
    </Authors>
    <name>Book1</name>
  </book>
  <book year="2014" isbn="ISBN83763550019---11">
    <Authors>
      <Author>
        <Name>Fred</Name>
        <Email>fweasley@hogwarts.co.uk</Email>
      </Author>
      <Author>
        <Name>George</Name>
        <Email>gweasley@hogwarts.co.uk</Email>
      </Author>
    </Authors>
    <name>Book2</name>
  </book>
  <book year="2014" isbn="ISBN83763550019---11">
    <Authors>
      <Author>
        <Name>Fred</Name>
        <Email>fweasley@hogwarts.co.uk</Email>
      </Author>
      <Author>
        <Name>George</Name>
        <Email>gweasley@hogwarts.co.uk</Email>
      </Author>
    </Authors>
    <name>Book1</name>
  </book>
  <book year="2014" isbn="ISBN83763550019---11">
    <Authors>
      <Author>
        <Name>Fred</Name>
        <Email>fweasley@hogwarts.co.uk</Email>
      </Author>
      <Author>
        <Name>George</Name>
        <Email>gweasley@hogwarts.co.uk</Email>
      </Author>
    </Authors>
    <name>Book2</name>
  </book>
  <book year="2014" isbn="ISBN83763550019---11">
    <Authors>
      <Author>
        <Name>Fred</Name>
        <Email>fweasley@hogwarts.co.uk</Email>
      </Author>
      <Author>
        <Name>George</Name>
        <Email>gweasley@hogwarts.co.uk</Email>
      </Author>
    </Authors>
    <name>Book1</name>
  </book>
  <book year="2014" isbn="ISBN83763550019---11">
    <Authors>
      <Author>
        <Name>Fred</Name>
        <Email>fweasley@hogwarts.co.uk</Email>
      </Author>
      <Author>
        <Name>George</Name>
        <Email>gweasley@hogwarts.co.uk</Email>
      </Author>
    </Authors>
    <name>Book2</name>
  </book>
  <book year="2014" isbn="ISBN83763550019---11">
    <Authors>
      <Author>
        <Name>Fred</Name>
        <Email>fweasley@hogwarts.co.uk</Email>
      </Author>
      <Author>
        <Name>George</Name>
        <Email>gweasley@hogwarts.co.uk</Email>
      </Author>
    </Authors>
    <name>Book1</name>
  </book>
  <book year="2014" isbn="ISBN83763550019---11">
    <Authors>
      <Author>
        <Name>Fred</Name>
        <Email>fweasley@hogwarts.co.uk</Email>
      </Author>
      <Author>
        <Name>George</Name>
        <Email>gweasley@hogwarts.co.uk</Email>
      </Author>
    </Authors>
    <name>Book2</name>
  </book>
  <book year="2014" isbn="ISBN83763550019---11">
    <Authors>
      <Author>
        <Name>Fred</Name>
        <Email>fweasley@hogwarts.co.uk</Email>
      </Author>
      <Author>
        <Name>George</Name>
        <Email>gweasley@hogwarts.co.uk</Email>
      </Author>
    </Authors>
    <name>Book1</name>
  </book>
  <book year="2014" isbn="ISBN83763550019---11">
    <Authors>
      <Author>
        <Name>Fred</Name>
        <Email>fweasley@hogwarts.co.uk</Email>
      </Author>
      <Author>
        <Name>George</Name>
        <Email>gweasley@hogwarts.co.uk</Email>
      </Author>
    </Authors>
    <name>Book2</name>
  </book>
  <book year="2014" isbn="ISBN83763550019---11">
    <Authors>
      <Author>
        <Name>Fred</Name>
        <Email>fweasley@hogwarts.co.uk</Email>
      </Author>
      <Author>
        <Name>George</Name>
        <Email>gweasley@hogwarts.co.uk</Email>
      </Author>
    </Authors>
    <name>Book1</name>
  </book>
  <book year="2014" isbn="ISBN83763550019---11">
    <Authors>
      <Author>
        <Name>Fred</Name>
        <Email>fweasley@hogwarts.co.uk</Email>
      </Author>
      <Author>
        <Name>George</Name>
        <Email>gweasley@hogwarts.co.uk</Email>
      </Author>
    </Authors>
    <name>Book2</name>
  </book>
  <book year="2014" isbn="ISBN83763550019---11">
    <Authors>
      <Author>
        <Name>Fred</Name>
        <Email>fweasley@hogwarts.co.uk</Email>
      </Author>
      <Author>
        <Name>George</Name>
        <Email>gweasley@hogwarts.co.uk</Email>
      </Author>
    </Authors>
    <name>Book1</name>
  </book>
  <book year="2014" isbn="ISBN83763550019---11">
    <Authors>
      <Author>
        <Name>Fred</Name>
        <Email>fweasley@hogwarts.co.uk</Email>
      </Author>
      <Author>
        <Name>George</Name>
        <Email>gweasley@hogwarts.co.uk</Email>
      </Author>
    </Authors>
    <name>Book2</name>
  </book>
  <book year="2014" isbn="ISBN83763550019---11">
    <Authors>
      <Author>
        <Name>Fred</Name>
        <Email>fweasley@hogwarts.co.uk</Email>
      </Author>
      <Author>
        <Name>George</Name>
        <Email>gweasley@hogwarts.co.uk</Email>
      </Author>
    </Authors>
    <name>Book1</name>
  </book>
  <book year="2014" isbn="ISBN83763550019---11">
    <Authors>
      <Author>
        <Name>Fred</Name>
        <Email>fweasley@hogwarts.co.uk</Email>
      </Author>
      <Author>
        <Name>George</Name>
        <Email>gweasley@hogwarts.co.uk</Email>
      </Author>
    </Authors>
    <name>Book2</name>
  </book>
  <book year="2014" isbn="ISBN83763550019---11">
    <Authors>
      <Author>
        <Name>Fred</Name>
        <Email>fweasley@hogwarts.co.uk</Email>
      </Author>
      <Author>
        <Name>George</Name>
        <Email>gweasley@hogwarts.co.uk</Email>
      </Author>
    </Authors>
    <name>Book1</name>
  </book>
  <book year="2014" isbn="ISBN83763550019---11">
    <Authors>
      <Author>
        <Name>Fred</Name>
        <Email>fweasley@hogwarts.co.uk</Email>
      </Author>
      <Author>
        <Name>George</Name>
        <Email>gweasley@hogwarts.co.uk</Email>
      </Author>
    </Authors>
    <name>Book2</name>
  </book>
  <book year="2014" isbn="ISBN83763550019---11">
    <Authors>
      <Author>
        <Name>Fred</Name>
        <Email>fweasley@hogwarts.co.uk</Email>
      </Author>
      <Author>
        <Name>George</Name>
        <Email>gweasley@hogwarts.co.uk</Email>
      </Author>
    </Authors>
    <name>Book1</name>
  </book>
  <book year="2014" isbn="ISBN83763550019---11">
    <Authors>
      <Author>
        <Name>Fred</Name>
        <Email>fweasley@hogwarts.co.uk</Email>
      </Author>
      <Author>
        <Name>George</Name>
        <Email>gweasley@hogwarts.co.uk</Email>
      </Author>
    </Authors>
    <name>Book2</name>
  </book>
  <book year="2014" isbn="ISBN83763550019---11">
    <Authors>
      <Author>
        <Name>Fred</Name>
        <Email>fweasley@hogwarts.co.uk</Email>
      </Author>
      <Author>
        <Name>George</Name>
        <Email>gweasley@hogwarts.co.uk</Email>
      </Author>
    </Authors>
    <name>Book1</name>
  </book>
  <book year="2014" isbn="ISBN83763550019---11">
    <Authors>
      <Author>
        <Name>Fred</Name>
        <Email>fweasley@hogwarts.co.uk</Email>
      </Author>
      <Author>
        <Name>George</Name>
        <Email>gweasley@hogwarts.co.uk</Email>
      </Author>
    </Authors>
    <name>Book2</name>
  </book>
  <book year="2014" isbn="ISBN83763550019---11">
    <Authors>
      <Author>
        <Name>Fred</Name>
        <Email>fweasley@hogwarts.co.uk</Email>
      </Author>
      <Author>
        <Name>George</Name>
        <Email>gweasley@hogwarts.co.uk</Email>
      </Author>
    </Authors>
    <name>Book1</name>
  </book>
  <book year="2014" isbn="ISBN83763550019---11">
    <Authors>
      <Author>
        <Name>Fred</Name>
        <Email>fweasley@hogwarts.co.uk</Email>
      </Author>
      <Author>
        <Name>George</Name>
        <Email>gweasley@hogwarts.co.uk</Email>
      </Author>
    </Authors>
    <name>Book2</name>
  </book>
  <book year="2014" isbn="ISBN83763550019---11">
    <Authors>
      <Author>
        <Name>Fred</Name>
        <Email>fweasley@hogwarts.co.uk</Email>
      </Author>
      <Author>
        <Name>George</Name>
        <Email>gweasley@hogwarts.co.uk</Email>
      </Author>
    </Authors>
    <name>Book1</name>
  </book>
  <book year="2014" isbn="ISBN83763550019---11">
    <Authors>
      <Author>
        <Name>Fred</Name>
        <Email>fweasley@hogwarts.co.uk</Email>
      </Author>
      <Author>
        <Name>George</Name>
        <Email>gweasley@hogwarts.co.uk</Email>
      </Author>
    </Authors>
    <name>Book2</name>
  </book>
  <book year="2014" isbn="ISBN83763550019---11">
    <Authors>
      <Author>
        <Name>Fred</Name>
        <Email>fweasley@hogwarts.co.uk</Email>
      </Author>
      <Author>
        <Name>George</Name>
        <Email>gweasley@hogwarts.co.uk</Email>
      </Author>
    </Authors>
    <name>Book1</name>
  </book>
  <book year="2014" isbn="ISBN83763550019---11">
    <Authors>
      <Author>
        <Name>Fred</Name>
        <Email>fweasley@hogwarts.co.uk</Email>
      </Author>
      <Author>
        <Name>George</Name>
        <Email>gweasley@hogwarts.co.uk</Email>
      </Author>
    </Authors>
    <name>Book2</name>
  </book>
  <book year="2014" isbn="ISBN83763550019---11">
    <Authors>
      <Author>
        <Name>Fred</Name>
        <Email>fweasley@hogwarts.co.uk</Email>
      </Author>
      <Author>
        <Name>George</Name>
        <Email>gweasley@hogwarts.co.uk</Email>
      </Author>
    </Authors>
    <name>Book1</name>
  </book>
  <book year="2014" isbn="ISBN83763550019---11">
    <Authors>
      <Author>
        <Name>Fred</Name>
        <Email>fweasley@hogwarts.co.uk</Email>
      </Author>
      <Author>
        <Name>George</Name>
        <Email>gweasley@hogwarts.co.uk</Email>
      </Author>
    </Authors>
    <name>Book2</name>
  </book>
  <book year="2014" isbn="ISBN83763550019---11">
    <Authors>
      <Author>
        <Name>Fred</Name>
        <Email>fweasley@hogwarts.co.uk</Email>
      </Author>
      <Author>
        <Name>George</Name>
        <Email>gweasley@hogwarts.co.uk</Email>
      </Author>
    </Authors>
    <name>Book1</name>
  </book>
  <book year="2014" isbn="ISBN83763550019---11">
    <Authors>
      <Author>
        <Name>Fred</Name>
        <Email>fweasley@hogwarts.co.uk</Email>
      </Author>
      <Author>
        <Name>George</Name>
        <Email>gweasley@hogwarts.co.uk</Email>
      </Author>
    </Authors>
    <name>Book2</name>
  </book>
  <book year="2014" isbn="ISBN83763550019---11">
    <Authors>
      <Author>
        <Name>Fred</Name>
        <Email>fweasley@hogwarts.co.uk</Email>
      </Author>
      <Author>
        <Name>George</Name>
        <Email>gweasley@hogwarts.co.uk</Email>
      </Author>
    </Authors>
    <name>Book1</name>
  </book>
  <book year="2014" isbn="ISBN83763550019---11">
    <Authors>
      <Author>
        <Name>Fred</Name>
        <Email>fweasley@hogwarts.co.uk</Email>
      </Author>
      <Author>
        <Name>George</Name>
        <Email>gweasley@hogwarts.co.uk</Email>
      </Author>
    </Authors>
    <name>Book2</name>
  </book>
  <book year="2014" isbn="ISBN83763550019---11">
    <Authors>
      <Author>
        <Name>Fred</Name>
        <Email>fweasley@hogwarts.co.uk</Email>
      </Author>
      <Author>
        <Name>George</Name>
        <Email>gweasley@hogwarts.co.uk</Email>
      </Author>
    </Authors>
    <name>Book1</name>
  </book>
  <book year="2014" isbn="ISBN83763550019---11">
    <Authors>
      <Author>
        <Name>Fred</Name>
        <Email>fweasley@hogwarts.co.uk</Email>
      </Author>
      <Author>
        <Name>George</Name>
        <Email>gweasley@hogwarts.co.uk</Email>
      </Author>
    </Authors>
    <name>Book2</name>
  </book>
  <book year="2014" isbn="ISBN83763550019---11">
    <Authors>
      <Author>
        <Name>Fred</Name>
        <Email>fweasley@hogwarts.co.uk</Email>
      </Author>
      <Author>
        <Name>George</Name>
        <Email>gweasley@hogwarts.co.uk</Email>
      </Author>
    </Authors>
    <name>Book1</name>
  </book>
  <book year="2014" isbn="ISBN83763550019---11">
    <Authors>
      <Author>
        <Name>Fred</Name>
        <Email>fweasley@hogwarts.co.uk</Email>
      </Author>
      <Author>
        <Name>George</Name>
        <Email>gweasley@hogwarts.co.uk</Email>
      </Author>
    </Authors>
    <name>Book2</name>
  </book>
  <book year="2014" isbn="ISBN83763550019---11">
    <Authors>
      <Author>
        <Name>Fred</Name>
        <Email>fweasley@hogwarts.co.uk</Email>
      </Author>
      <Author>
        <Name>George</Name>
        <Email>gweasley@hogwarts.co.uk</Email>
      </Author>
    </Authors>
    <name>Book1</name>
  </book>
  <book year="2014" isbn="ISBN83763550019---11">
    <Authors>
      <Author>
        <Name>Fred</Name>
        <Email>fweasley@hogwarts.co.uk</Email>
      </Author>
      <Author>
        <Name>George</Name>
        <Email>gweasley@hogwarts.co.uk</Email>
      </Author>
    </Authors>
    <name>Book2</name>
  </book>
  <book year="2014" isbn="ISBN83763550019---11">
    <Authors>
      <Author>
        <Name>Fred</Name>
        <Email>fweasley@hogwarts.co.uk</Email>
      </Author>
      <Author>
        <Name>George</Name>
        <Email>gweasley@hogwarts.co.uk</Email>
      </Author>
    </Authors>
    <name>Book1</name>
  </book>
  <book year="2014" isbn="ISBN83763550019---11">
    <Authors>
      <Author>
        <Name>Fred</Name>
        <Email>fweasley@hogwarts.co.uk</Email>
      </Author>
      <Author>
        <Name>George</Name>
        <Email>gweasley@hogwarts.co.uk</Email>
      </Author>
    </Authors>
    <name>Book2</name>
  </book>
  <book year="2014" isbn="ISBN83763550019---11">
    <Authors>
      <Author>
        <Name>Fred</Name>
        <Email>fweasley@hogwarts.co.uk</Email>
      </Author>
      <Author>
        <Name>George</Name>
        <Email>gweasley@hogwarts.co.uk</Email>
      </Author>
    </Authors>
    <name>Book1</name>
  </book>
  <book year="2014" isbn="ISBN83763550019---11">
    <Authors>
      <Author>
        <Name>Fred</Name>
        <Email>fweasley@hogwarts.co.uk</Email>
      </Author>
      <Author>
        <Name>George</Name>
        <Email>gweasley@hogwarts.co.uk</Email>
      </Author>
    </Authors>
    <name>Book2</name>
  </book>
  <book year="2014" isbn="ISBN83763550019---11">
    <Authors>
      <Author>
        <Name>Fred</Name>
        <Email>fweasley@hogwarts.co.uk</Email>
      </Author>
      <Author>
        <Name>George</Name>
        <Email>gweasley@hogwarts.co.uk</Email>
      </Author>
    </Authors>
    <name>Book1</name>
  </book>
  <book year="2014" isbn="ISBN83763550019---11">
    <Authors>
      <Author>
        <Name>Fred</Name>
        <Email>fweasley@hogwarts.co.uk</Email>
      </Author>
      <Author>
        <Name>George</Name>
        <Email>gweasley@hogwarts.co.uk</Email>
      </Author>
    </Authors>
    <name>Book2</name>
  </book>
  <book year="2014" isbn="ISBN83763550019---11">
    <Authors>
      <Author>
        <Name>Fred</Name>
        <Email>fweasley@hogwarts.co.uk</Email>
      </Author>
      <Author>
        <Name>George</Name>
        <Email>gweasley@hogwarts.co.uk</Email>
      </Author>
    </Authors>
    <name>Book1</name>
  </book>
  <book year="2014" isbn="ISBN83763550019---11">
    <Authors>
      <Author>
        <Name>Fred</Name>
        <Email>fweasley@hogwarts.co.uk</Email>
      </Author>
      <Author>
        <Name>George</Name>
        <Email>gweasley@hogwarts.co.uk</Email>
      </Author>
    </Authors>
    <name>Book2</name>
  </book>
  <book year="2014" isbn="ISBN83763550019---11">
    <Authors>
      <Author>
        <Name>Fred</Name>
        <Email>fweasley@hogwarts.co.uk</Email>
      </Author>
      <Author>
        <Name>George</Name>
        <Email>gweasley@hogwarts.co.uk</Email>
      </Author>
    </Authors>
    <name>Book1</name>
  </book>
  <book year="2014" isbn="ISBN83763550019---11">
    <Authors>
      <Author>
        <Name>Fred</Name>
        <Email>fweasley@hogwarts.co.uk</Email>
      </Author>
      <Author>
        <Name>George</Name>
        <Email>gweasley@hogwarts.co.uk</Email>
      </Author>
    </Authors>
    <name>Book2</name>
  </book>
  <book year="2014" isbn="ISBN83763550019---11">
    <Authors>
      <Author>
        <Name>Fred</Name>
        <Email>fweasley@hogwarts.co.uk</Email>
      </Author>
      <Author>
        <Name>George</Name>
        <Email>gweasley@hogwarts.co.uk</Email>
      </Author>
    </Authors>
    <name>Book1</name>
  </book>
  <book year="2014" isbn="ISBN83763550019---11">
    <Authors>
      <Author>
        <Name>Fred</Name>
        <Email>fweasley@hogwarts.co.uk</Email>
      </Author>
      <Author>
        <Name>George</Name>
        <Email>gweasley@hogwarts.co.uk</Email>
      </Author>
    </Authors>
    <name>Book2</name>
  </book>
  <book year="2014" isbn="ISBN83763550019---11">
    <Authors>
      <Author>
        <Name>Fred</Name>
        <Email>fweasley@hogwarts.co.uk</Email>
      </Author>
      <Author>
        <Name>George</Name>
        <Email>gweasley@hogwarts.co.uk</Email>
      </Author>
    </Authors>
    <name>Book1</name>
  </book>
  <book year="2014" isbn="ISBN83763550019---11">
    <Authors>
      <Author>
        <Name>Fred</Name>
        <Email>fweasley@hogwarts.co.uk</Email>
      </Author>
      <Author>
        <Name>George</Name>
        <Email>gweasley@hogwarts.co.uk</Email>
      </Author>
    </Authors>
    <name>Book2</name>
  </book>
  <book year="2014" isbn="ISBN83763550019---11">
    <Authors>
      <Author>
        <Name>Fred</Name>
        <Email>fweasley@hogwarts.co.uk</Email>
      </Author>
      <Author>
        <Name>George</Name>
        <Email>gweasley@hogwarts.co.uk</Email>
      </Author>
    </Authors>
    <name>Book1</name>
  </book>
  <book year="2014" isbn="ISBN83763550019---11">
    <Authors>
      <Author>
        <Name>Fred</Name>
        <Email>fweasley@hogwarts.co.uk</Email>
      </Author>
      <Author>
        <Name>George</Name>
        <Email>gweasley@hogwarts.co.uk</Email>
      </Author>
    </Authors>
    <name>Book2</name>
  </book>
  <book year="2014" isbn="ISBN83763550019---11">
    <Authors>
      <Author>
        <Name>Fred</Name>
        <Email>fweasley@hogwarts.co.uk</Email>
      </Author>
      <Author>
        <Name>George</Name>
        <Email>gweasley@hogwarts.co.uk</Email>
      </Author>
    </Authors>
    <name>Book1</name>
  </book>
  <book year="2014" isbn="ISBN83763550019---11">
    <Authors>
      <Author>
        <Name>Fred</Name>
        <Email>fweasley@hogwarts.co.uk</Email>
      </Author>
      <Author>
        <Name>George</Name>
        <Email>gweasley@hogwarts.co.uk</Email>
      </Author>
    </Authors>
    <name>Book2</name>
  </book>
  <book year="2014" isbn="ISBN83763550019---11">
    <Authors>
      <Author>
        <Name>Fred</Name>
        <Email>fweasley@hogwarts.co.uk</Email>
      </Author>
      <Author>
        <Name>George</Name>
        <Email>gweasley@hogwarts.co.uk</Email>
      </Author>
    </Authors>
    <name>Book1</name>
  </book>
  <book year="2014" isbn="ISBN83763550019---11">
    <Authors>
      <Author>
        <Name>Fred</Name>
        <Email>fweasley@hogwarts.co.uk</Email>
      </Author>
      <Author>
        <Name>George</Name>
        <Email>gweasley@hogwarts.co.uk</Email>
      </Author>
    </Authors>
    <name>Book2</name>
  </book>
  <book year="2014" isbn="ISBN83763550019---11">
    <Authors>
      <Author>
        <Name>Fred</Name>
        <Email>fweasley@hogwarts.co.uk</Email>
      </Author>
      <Author>
        <Name>George</Name>
        <Email>gweasley@hogwarts.co.uk</Email>
      </Author>
    </Authors>
    <name>Book1</name>
  </book>
  <book year="2014" isbn="ISBN83763550019---11">
    <Authors>
      <Author>
        <Name>Fred</Name>
        <Email>fweasley@hogwarts.co.uk</Email>
      </Author>
      <Author>
        <Name>George</Name>
        <Email>gweasley@hogwarts.co.uk</Email>
      </Author>
    </Authors>
    <name>Book2</name>
  </book>
  <book year="2014" isbn="ISBN83763550019---11">
    <Authors>
      <Author>
        <Name>Fred</Name>
        <Email>fweasley@hogwarts.co.uk</Email>
      </Author>
      <Author>
        <Name>George</Name>
        <Email>gweasley@hogwarts.co.uk</Email>
      </Author>
    </Authors>
    <name>Book1</name>
  </book>
  <book year="2014" isbn="ISBN83763550019---11">
    <Authors>
      <Author>
        <Name>Fred</Name>
        <Email>fweasley@hogwarts.co.uk</Email>
      </Author>
      <Author>
        <Name>George</Name>
        <Email>gweasley@hogwarts.co.uk</Email>
      </Author>
    </Authors>
    <name>Book2</name>
  </book>
  <book year="2014" isbn="ISBN83763550019---11">
    <Authors>
      <Author>
        <Name>Fred</Name>
        <Email>fweasley@hogwarts.co.uk</Email>
      </Author>
      <Author>
        <Name>George</Name>
        <Email>gweasley@hogwarts.co.uk</Email>
      </Author>
    </Authors>
    <name>Book1</name>
  </book>
  <book year="2014" isbn="ISBN83763550019---11">
    <Authors>
      <Author>
        <Name>Fred</Name>
        <Email>fweasley@hogwarts.co.uk</Email>
      </Author>
      <Author>
        <Name>George</Name>
        <Email>gweasley@hogwarts.co.uk</Email>
      </Author>
    </Authors>
    <name>Book2</name>
  </book>
  <book year="2014" isbn="ISBN83763550019---11">
    <Authors>
      <Author>
        <Name>Fred</Name>
        <Email>fweasley@hogwarts.co.uk</Email>
      </Author>
      <Author>
        <Name>George</Name>
        <Email>gweasley@hogwarts.co.uk</Email>
      </Author>
    </Authors>
    <name>Book1</name>
  </book>
  <book year="2014" isbn="ISBN83763550019---11">
    <Authors>
      <Author>
        <Name>Fred</Name>
        <Email>fweasley@hogwarts.co.uk</Email>
      </Author>
      <Author>
        <Name>George</Name>
        <Email>gweasley@hogwarts.co.uk</Email>
      </Author>
    </Authors>
    <name>Book2</name>
  </book>
  <book year="2014" isbn="ISBN83763550019---11">
    <Authors>
      <Author>
        <Name>Fred</Name>
        <Email>fweasley@hogwarts.co.uk</Email>
      </Author>
      <Author>
        <Name>George</Name>
        <Email>gweasley@hogwarts.co.uk</Email>
      </Author>
    </Authors>
    <name>Book1</name>
  </book>
  <book year="2014" isbn="ISBN83763550019---11">
    <Authors>
      <Author>
        <Name>Fred</Name>
        <Email>fweasley@hogwarts.co.uk</Email>
      </Author>
      <Author>
        <Name>George</Name>
        <Email>gweasley@hogwarts.co.uk</Email>
      </Author>
    </Authors>
    <name>Book2</name>
  </book>
  <book year="2014" isbn="ISBN83763550019---11">
    <Authors>
      <Author>
        <Name>Fred</Name>
        <Email>fweasley@hogwarts.co.uk</Email>
      </Author>
      <Author>
        <Name>George</Name>
        <Email>gweasley@hogwarts.co.uk</Email>
      </Author>
    </Authors>
    <name>Book1</name>
  </book>
  <book year="2014" isbn="ISBN83763550019---11">
    <Authors>
      <Author>
        <Name>Fred</Name>
        <Email>fweasley@hogwarts.co.uk</Email>
      </Author>
      <Author>
        <Name>George</Name>
        <Email>gweasley@hogwarts.co.uk</Email>
      </Author>
    </Authors>
    <name>Book2</name>
  </book>
  <book year="2014" isbn="ISBN83763550019---11">
    <Authors>
      <Author>
        <Name>Fred</Name>
        <Email>fweasley@hogwarts.co.uk</Email>
      </Author>
      <Author>
        <Name>George</Name>
        <Email>gweasley@hogwarts.co.uk</Email>
      </Author>
    </Authors>
    <name>Book1</name>
  </book>
  <book year="2014" isbn="ISBN83763550019---11">
    <Authors>
      <Author>
        <Name>Fred</Name>
        <Email>fweasley@hogwarts.co.uk</Email>
      </Author>
      <Author>
        <Name>George</Name>
        <Email>gweasley@hogwarts.co.uk</Email>
      </Author>
    </Authors>
    <name>Book2</name>
  </book>
  <book year="2014" isbn="ISBN83763550019---11">
    <Authors>
      <Author>
        <Name>Fred</Name>
        <Email>fweasley@hogwarts.co.uk</Email>
      </Author>
      <Author>
        <Name>George</Name>
        <Email>gweasley@hogwarts.co.uk</Email>
      </Author>
    </Authors>
    <name>Book1</name>
  </book>
  <book year="2014" isbn="ISBN83763550019---11">
    <Authors>
      <Author>
        <Name>Fred</Name>
        <Email>fweasley@hogwarts.co.uk</Email>
      </Author>
      <Author>
        <Name>George</Name>
        <Email>gweasley@hogwarts.co.uk</Email>
      </Author>
    </Authors>
    <name>Book2</name>
  </book>
  <book year="2014" isbn="ISBN83763550019---11">
    <Authors>
      <Author>
        <Name>Fred</Name>
        <Email>fweasley@hogwarts.co.uk</Email>
      </Author>
      <Author>
        <Name>George</Name>
        <Email>gweasley@hogwarts.co.uk</Email>
      </Author>
    </Authors>
    <name>Book1</name>
  </book>
  <book year="2014" isbn="ISBN83763550019---11">
    <Authors>
      <Author>
        <Name>Fred</Name>
        <Email>fweasley@hogwarts.co.uk</Email>
      </Author>
      <Author>
        <Name>George</Name>
        <Email>gweasley@hogwarts.co.uk</Email>
      </Author>
    </Authors>
    <name>Book2</name>
  </book>
  <book year="2014" isbn="ISBN83763550019---11">
    <Authors>
      <Author>
        <Name>Fred</Name>
        <Email>fweasley@hogwarts.co.uk</Email>
      </Author>
      <Author>
        <Name>George</Name>
        <Email>gweasley@hogwarts.co.uk</Email>
      </Author>
    </Authors>
    <name>Book1</name>
  </book>
  <book year="2014" isbn="ISBN83763550019---11">
    <Authors>
      <Author>
        <Name>Fred</Name>
        <Email>fweasley@hogwarts.co.uk</Email>
      </Author>
      <Author>
        <Name>George</Name>
        <Email>gweasley@hogwarts.co.uk</Email>
      </Author>
    </Authors>
    <name>Book2</name>
  </book>
  <book year="2014" isbn="ISBN83763550019---11">
    <Authors>
      <Author>
        <Name>Fred</Name>
        <Email>fweasley@hogwarts.co.uk</Email>
      </Author>
      <Author>
        <Name>George</Name>
        <Email>gweasley@hogwarts.co.uk</Email>
      </Author>
    </Authors>
    <name>Book1</name>
  </book>
  <book year="2014" isbn="ISBN83763550019---11">
    <Authors>
      <Author>
        <Name>Fred</Name>
        <Email>fweasley@hogwarts.co.uk</Email>
      </Author>
      <Author>
        <Name>George</Name>
        <Email>gweasley@hogwarts.co.uk</Email>
      </Author>
    </Authors>
    <name>Book2</name>
  </book>
  <book year="2014" isbn="ISBN83763550019---11">
    <Authors>
      <Author>
        <Name>Fred</Name>
        <Email>fweasley@hogwarts.co.uk</Email>
      </Author>
      <Author>
        <Name>George</Name>
        <Email>gweasley@hogwarts.co.uk</Email>
      </Author>
    </Authors>
    <name>Book1</name>
  </book>
  <book year="2014" isbn="ISBN83763550019---11">
    <Authors>
      <Author>
        <Name>Fred</Name>
        <Email>fweasley@hogwarts.co.uk</Email>
      </Author>
      <Author>
        <Name>George</Name>
        <Email>gweasley@hogwarts.co.uk</Email>
      </Author>
    </Authors>
    <name>Book2</name>
  </book>
  <book year="2014" isbn="ISBN83763550019---11">
    <Authors>
      <Author>
        <Name>Fred</Name>
        <Email>fweasley@hogwarts.co.uk</Email>
      </Author>
      <Author>
        <Name>George</Name>
        <Email>gweasley@hogwarts.co.uk</Email>
      </Author>
    </Authors>
    <name>Book1</name>
  </book>
  <book year="2014" isbn="ISBN83763550019---11">
    <Authors>
      <Author>
        <Name>Fred</Name>
        <Email>fweasley@hogwarts.co.uk</Email>
      </Author>
      <Author>
        <Name>George</Name>
        <Email>gweasley@hogwarts.co.uk</Email>
      </Author>
    </Authors>
    <name>Book2</name>
  </book>
  <book year="2014" isbn="ISBN83763550019---11">
    <Authors>
      <Author>
        <Name>Fred</Name>
        <Email>fweasley@hogwarts.co.uk</Email>
      </Author>
      <Author>
        <Name>George</Name>
        <Email>gweasley@hogwarts.co.uk</Email>
      </Author>
    </Authors>
    <name>Book1</name>
  </book>
  <book year="2014" isbn="ISBN83763550019---11">
    <Authors>
      <Author>
        <Name>Fred</Name>
        <Email>fweasley@hogwarts.co.uk</Email>
      </Author>
      <Author>
        <Name>George</Name>
        <Email>gweasley@hogwarts.co.uk</Email>
      </Author>
    </Authors>
    <name>Book2</name>
  </book>
  <book year="2014" isbn="ISBN83763550019---11">
    <Authors>
      <Author>
        <Name>Fred</Name>
        <Email>fweasley@hogwarts.co.uk</Email>
      </Author>
      <Author>
        <Name>George</Name>
        <Email>gweasley@hogwarts.co.uk</Email>
      </Author>
    </Authors>
    <name>Book1</name>
  </book>
  <book year="2014" isbn="ISBN83763550019---11">
    <Authors>
      <Author>
        <Name>Fred</Name>
        <Email>fweasley@hogwarts.co.uk</Email>
      </Author>
      <Author>
        <Name>George</Name>
        <Email>gweasley@hogwarts.co.uk</Email>
      </Author>
    </Authors>
    <name>Book2</name>
  </book>
  <book year="2014" isbn="ISBN83763550019---11">
    <Authors>
      <Author>
        <Name>Fred</Name>
        <Email>fweasley@hogwarts.co.uk</Email>
      </Author>
      <Author>
        <Name>George</Name>
        <Email>gweasley@hogwarts.co.uk</Email>
      </Author>
    </Authors>
    <name>Book1</name>
  </book>
  <book year="2014" isbn="ISBN83763550019---11">
    <Authors>
      <Author>
        <Name>Fred</Name>
        <Email>fweasley@hogwarts.co.uk</Email>
      </Author>
      <Author>
        <Name>George</Name>
        <Email>gweasley@hogwarts.co.uk</Email>
      </Author>
    </Authors>
    <name>Book2</name>
  </book>
  <book year="2014" isbn="ISBN83763550019---11">
    <Authors>
      <Author>
        <Name>Fred</Name>
        <Email>fweasley@hogwarts.co.uk</Email>
      </Author>
      <Author>
        <Name>George</Name>
        <Email>gweasley@hogwarts.co.uk</Email>
      </Author>
    </Authors>
    <name>Book1</name>
  </book>
  <book year="2014" isbn="ISBN83763550019---11">
    <Authors>
      <Author>
        <Name>Fred</Name>
        <Email>fweasley@hogwarts.co.uk</Email>
      </Author>
      <Author>
        <Name>George</Name>
        <Email>gweasley@hogwarts.co.uk</Email>
      </Author>
    </Authors>
    <name>Book2</name>
  </book>
  <book year="2014" isbn="ISBN83763550019---11">
    <Authors>
      <Author>
        <Name>Fred</Name>
        <Email>fweasley@hogwarts.co.uk</Email>
      </Author>
      <Author>
        <Name>George</Name>
        <Email>gweasley@hogwarts.co.uk</Email>
      </Author>
    </Authors>
    <name>Book1</name>
  </book>
  <book year="2014" isbn="ISBN83763550019---11">
    <Authors>
      <Author>
        <Name>Fred</Name>
        <Email>fweasley@hogwarts.co.uk</Email>
      </Author>
      <Author>
        <Name>George</Name>
        <Email>gweasley@hogwarts.co.uk</Email>
      </Author>
    </Authors>
    <name>Book2</name>
  </book>
  <book year="2014" isbn="ISBN83763550019---11">
    <Authors>
      <Author>
        <Name>Fred</Name>
        <Email>fweasley@hogwarts.co.uk</Email>
      </Author>
      <Author>
        <Name>George</Name>
        <Email>gweasley@hogwarts.co.uk</Email>
      </Author>
    </Authors>
    <name>Book1</name>
  </book>
  <book year="2014" isbn="ISBN83763550019---11">
    <Authors>
      <Author>
        <Name>Fred</Name>
        <Email>fweasley@hogwarts.co.uk</Email>
      </Author>
      <Author>
        <Name>George</Name>
        <Email>gweasley@hogwarts.co.uk</Email>
      </Author>
    </Authors>
    <name>Book2</name>
  </book>
  <book year="2014" isbn="ISBN83763550019---11">
    <Authors>
      <Author>
        <Name>Fred</Name>
        <Email>fweasley@hogwarts.co.uk</Email>
      </Author>
      <Author>
        <Name>George</Name>
        <Email>gweasley@hogwarts.co.uk</Email>
      </Author>
    </Authors>
    <name>Book1</name>
  </book>
  <book year="2014" isbn="ISBN83763550019---11">
    <Authors>
      <Author>
        <Name>Fred</Name>
        <Email>fweasley@hogwarts.co.uk</Email>
      </Author>
      <Author>
        <Name>George</Name>
        <Email>gweasley@hogwarts.co.uk</Email>
      </Author>
    </Authors>
    <name>Book2</name>
  </book>
  <book year="2014" isbn="ISBN83763550019---11">
    <Authors>
      <Author>
        <Name>Fred</Name>
        <Email>fweasley@hogwarts.co.uk</Email>
      </Author>
      <Author>
        <Name>George</Name>
        <Email>gweasley@hogwarts.co.uk</Email>
      </Author>
    </Authors>
    <name>Book1</name>
  </book>
  <book year="2014" isbn="ISBN83763550019---11">
    <Authors>
      <Author>
        <Name>Fred</Name>
        <Email>fweasley@hogwarts.co.uk</Email>
      </Author>
      <Author>
        <Name>George</Name>
        <Email>gweasley@hogwarts.co.uk</Email>
      </Author>
    </Authors>
    <name>Book2</name>
  </book>
  <book year="2014" isbn="ISBN83763550019---11">
    <Authors>
      <Author>
        <Name>Fred</Name>
        <Email>fweasley@hogwarts.co.uk</Email>
      </Author>
      <Author>
        <Name>George</Name>
        <Email>gweasley@hogwarts.co.uk</Email>
      </Author>
    </Authors>
    <name>Book1</name>
  </book>
  <book year="2014" isbn="ISBN83763550019---11">
    <Authors>
      <Author>
        <Name>Fred</Name>
        <Email>fweasley@hogwarts.co.uk</Email>
      </Author>
      <Author>
        <Name>George</Name>
        <Email>gweasley@hogwarts.co.uk</Email>
      </Author>
    </Authors>
    <name>Book2</name>
  </book>
  <book year="2014" isbn="ISBN83763550019---11">
    <Authors>
      <Author>
        <Name>Fred</Name>
        <Email>fweasley@hogwarts.co.uk</Email>
      </Author>
      <Author>
        <Name>George</Name>
        <Email>gweasley@hogwarts.co.uk</Email>
      </Author>
    </Authors>
    <name>Book1</name>
  </book>
  <book year="2014" isbn="ISBN83763550019---11">
    <Authors>
      <Author>
        <Name>Fred</Name>
        <Email>fweasley@hogwarts.co.uk</Email>
      </Author>
      <Author>
        <Name>George</Name>
        <Email>gweasley@hogwarts.co.uk</Email>
      </Author>
    </Authors>
    <name>Book2</name>
  </book>
  <book year="2014" isbn="ISBN83763550019---11">
    <Authors>
      <Author>
        <Name>Fred</Name>
        <Email>fweasley@hogwarts.co.uk</Email>
      </Author>
      <Author>
        <Name>George</Name>
        <Email>gweasley@hogwarts.co.uk</Email>
      </Author>
    </Authors>
    <name>Book1</name>
  </book>
  <book year="2014" isbn="ISBN83763550019---11">
    <Authors>
      <Author>
        <Name>Fred</Name>
        <Email>fweasley@hogwarts.co.uk</Email>
      </Author>
      <Author>
        <Name>George</Name>
        <Email>gweasley@hogwarts.co.uk</Email>
      </Author>
    </Authors>
    <name>Book2</name>
  </book>
  <book year="2014" isbn="ISBN83763550019---11">
    <Authors>
      <Author>
        <Name>Fred</Name>
        <Email>fweasley@hogwarts.co.uk</Email>
      </Author>
      <Author>
        <Name>George</Name>
        <Email>gweasley@hogwarts.co.uk</Email>
      </Author>
    </Authors>
    <name>Book1</name>
  </book>
  <book year="2014" isbn="ISBN83763550019---11">
    <Authors>
      <Author>
        <Name>Fred</Name>
        <Email>fweasley@hogwarts.co.uk</Email>
      </Author>
      <Author>
        <Name>George</Name>
        <Email>gweasley@hogwarts.co.uk</Email>
      </Author>
    </Authors>
    <name>Book2</name>
  </book>
  <book year="2014" isbn="ISBN83763550019---11">
    <Authors>
      <Author>
        <Name>Fred</Name>
        <Email>fweasley@hogwarts.co.uk</Email>
      </Author>
      <Author>
        <Name>George</Name>
        <Email>gweasley@hogwarts.co.uk</Email>
      </Author>
    </Authors>
    <name>Book1</name>
  </book>
  <book year="2014" isbn="ISBN83763550019---11">
    <Authors>
      <Author>
        <Name>Fred</Name>
        <Email>fweasley@hogwarts.co.uk</Email>
      </Author>
      <Author>
        <Name>George</Name>
        <Email>gweasley@hogwarts.co.uk</Email>
      </Author>
    </Authors>
    <name>Book2</name>
  </book>
  <book year="2014" isbn="ISBN83763550019---11">
    <Authors>
      <Author>
        <Name>Fred</Name>
        <Email>fweasley@hogwarts.co.uk</Email>
      </Author>
      <Author>
        <Name>George</Name>
        <Email>gweasley@hogwarts.co.uk</Email>
      </Author>
    </Authors>
    <name>Book1</name>
  </book>
  <book year="2014" isbn="ISBN83763550019---11">
    <Authors>
      <Author>
        <Name>Fred</Name>
        <Email>fweasley@hogwarts.co.uk</Email>
      </Author>
      <Author>
        <Name>George</Name>
        <Email>gweasley@hogwarts.co.uk</Email>
      </Author>
    </Authors>
    <name>Book2</name>
  </book>
  <book year="2014" isbn="ISBN83763550019---11">
    <Authors>
      <Author>
        <Name>Fred</Name>
        <Email>fweasley@hogwarts.co.uk</Email>
      </Author>
      <Author>
        <Name>George</Name>
        <Email>gweasley@hogwarts.co.uk</Email>
      </Author>
    </Authors>
    <name>Book1</name>
  </book>
  <book year="2014" isbn="ISBN83763550019---11">
    <Authors>
      <Author>
        <Name>Fred</Name>
        <Email>fweasley@hogwarts.co.uk</Email>
      </Author>
      <Author>
        <Name>George</Name>
        <Email>gweasley@hogwarts.co.uk</Email>
      </Author>
    </Authors>
    <name>Book2</name>
  </book>
  <book year="2014" isbn="ISBN83763550019---11">
    <Authors>
      <Author>
        <Name>Fred</Name>
        <Email>fweasley@hogwarts.co.uk</Email>
      </Author>
      <Author>
        <Name>George</Name>
        <Email>gweasley@hogwarts.co.uk</Email>
      </Author>
    </Authors>
    <name>Book1</name>
  </book>
  <book year="2014" isbn="ISBN83763550019---11">
    <Authors>
      <Author>
        <Name>Fred</Name>
        <Email>fweasley@hogwarts.co.uk</Email>
      </Author>
      <Author>
        <Name>George</Name>
        <Email>gweasley@hogwarts.co.uk</Email>
      </Author>
    </Authors>
    <name>Book2</name>
  </book>
  <book year="2014" isbn="ISBN83763550019---11">
    <Authors>
      <Author>
        <Name>Fred</Name>
        <Email>fweasley@hogwarts.co.uk</Email>
      </Author>
      <Author>
        <Name>George</Name>
        <Email>gweasley@hogwarts.co.uk</Email>
      </Author>
    </Authors>
    <name>Book1</name>
  </book>
  <book year="2014" isbn="ISBN83763550019---11">
    <Authors>
      <Author>
        <Name>Fred</Name>
        <Email>fweasley@hogwarts.co.uk</Email>
      </Author>
      <Author>
        <Name>George</Name>
        <Email>gweasley@hogwarts.co.uk</Email>
      </Author>
    </Authors>
    <name>Book2</name>
  </book>
  <book year="2014" isbn="ISBN83763550019---11">
    <Authors>
      <Author>
        <Name>Fred</Name>
        <Email>fweasley@hogwarts.co.uk</Email>
      </Author>
      <Author>
        <Name>George</Name>
        <Email>gweasley@hogwarts.co.uk</Email>
      </Author>
    </Authors>
    <name>Book1</name>
  </book>
  <book year="2014" isbn="ISBN83763550019---11">
    <Authors>
      <Author>
        <Name>Fred</Name>
        <Email>fweasley@hogwarts.co.uk</Email>
      </Author>
      <Author>
        <Name>George</Name>
        <Email>gweasley@hogwarts.co.uk</Email>
      </Author>
    </Authors>
    <name>Book2</name>
  </book>
  <book year="2014" isbn="ISBN83763550019---11">
    <Authors>
      <Author>
        <Name>Fred</Name>
        <Email>fweasley@hogwarts.co.uk</Email>
      </Author>
      <Author>
        <Name>George</Name>
        <Email>gweasley@hogwarts.co.uk</Email>
      </Author>
    </Authors>
    <name>Book1</name>
  </book>
  <book year="2014" isbn="ISBN83763550019---11">
    <Authors>
      <Author>
        <Name>Fred</Name>
        <Email>fweasley@hogwarts.co.uk</Email>
      </Author>
      <Author>
        <Name>George</Name>
        <Email>gweasley@hogwarts.co.uk</Email>
      </Author>
    </Authors>
    <name>Book2</name>
  </book>
  <book year="2014" isbn="ISBN83763550019---11">
    <Authors>
      <Author>
        <Name>Fred</Name>
        <Email>fweasley@hogwarts.co.uk</Email>
      </Author>
      <Author>
        <Name>George</Name>
        <Email>gweasley@hogwarts.co.uk</Email>
      </Author>
    </Authors>
    <name>Book1</name>
  </book>
  <book year="2014" isbn="ISBN83763550019---11">
    <Authors>
      <Author>
        <Name>Fred</Name>
        <Email>fweasley@hogwarts.co.uk</Email>
      </Author>
      <Author>
        <Name>George</Name>
        <Email>gweasley@hogwarts.co.uk</Email>
      </Author>
    </Authors>
    <name>Book2</name>
  </book>
  <book year="2014" isbn="ISBN83763550019---11">
    <Authors>
      <Author>
        <Name>Fred</Name>
        <Email>fweasley@hogwarts.co.uk</Email>
      </Author>
      <Author>
        <Name>George</Name>
        <Email>gweasley@hogwarts.co.uk</Email>
      </Author>
    </Authors>
    <name>Book1</name>
  </book>
  <book year="2014" isbn="ISBN83763550019---11">
    <Authors>
      <Author>
        <Name>Fred</Name>
        <Email>fweasley@hogwarts.co.uk</Email>
      </Author>
      <Author>
        <Name>George</Name>
        <Email>gweasley@hogwarts.co.uk</Email>
      </Author>
    </Authors>
    <name>Book2</name>
  </book>
  <book year="2014" isbn="ISBN83763550019---11">
    <Authors>
      <Author>
        <Name>Fred</Name>
        <Email>fweasley@hogwarts.co.uk</Email>
      </Author>
      <Author>
        <Name>George</Name>
        <Email>gweasley@hogwarts.co.uk</Email>
      </Author>
    </Authors>
    <name>Book1</name>
  </book>
  <book year="2014" isbn="ISBN83763550019---11">
    <Authors>
      <Author>
        <Name>Fred</Name>
        <Email>fweasley@hogwarts.co.uk</Email>
      </Author>
      <Author>
        <Name>George</Name>
        <Email>gweasley@hogwarts.co.uk</Email>
      </Author>
    </Authors>
    <name>Book2</name>
  </book>
  <book year="2014" isbn="ISBN83763550019---11">
    <Authors>
      <Author>
        <Name>Fred</Name>
        <Email>fweasley@hogwarts.co.uk</Email>
      </Author>
      <Author>
        <Name>George</Name>
        <Email>gweasley@hogwarts.co.uk</Email>
      </Author>
    </Authors>
    <name>Book1</name>
  </book>
  <book year="2014" isbn="ISBN83763550019---11">
    <Authors>
      <Author>
        <Name>Fred</Name>
        <Email>fweasley@hogwarts.co.uk</Email>
      </Author>
      <Author>
        <Name>George</Name>
        <Email>gweasley@hogwarts.co.uk</Email>
      </Author>
    </Authors>
    <name>Book2</name>
  </book>
  <book year="2014" isbn="ISBN83763550019---11">
    <Authors>
      <Author>
        <Name>Fred</Name>
        <Email>fweasley@hogwarts.co.uk</Email>
      </Author>
      <Author>
        <Name>George</Name>
        <Email>gweasley@hogwarts.co.uk</Email>
      </Author>
    </Authors>
    <name>Book1</name>
  </book>
  <book year="2014" isbn="ISBN83763550019---11">
    <Authors>
      <Author>
        <Name>Fred</Name>
        <Email>fweasley@hogwarts.co.uk</Email>
      </Author>
      <Author>
        <Name>George</Name>
        <Email>gweasley@hogwarts.co.uk</Email>
      </Author>
    </Authors>
    <name>Book2</name>
  </book>
  <book year="2014" isbn="ISBN83763550019---11">
    <Authors>
      <Author>
        <Name>Fred</Name>
        <Email>fweasley@hogwarts.co.uk</Email>
      </Author>
      <Author>
        <Name>George</Name>
        <Email>gweasley@hogwarts.co.uk</Email>
      </Author>
    </Authors>
    <name>Book1</name>
  </book>
  <book year="2014" isbn="ISBN83763550019---11">
    <Authors>
      <Author>
        <Name>Fred</Name>
        <Email>fweasley@hogwarts.co.uk</Email>
      </Author>
      <Author>
        <Name>George</Name>
        <Email>gweasley@hogwarts.co.uk</Email>
      </Author>
    </Authors>
    <name>Book2</name>
  </book>
  <book year="2014" isbn="ISBN83763550019---11">
    <Authors>
      <Author>
        <Name>Fred</Name>
        <Email>fweasley@hogwarts.co.uk</Email>
      </Author>
      <Author>
        <Name>George</Name>
        <Email>gweasley@hogwarts.co.uk</Email>
      </Author>
    </Authors>
    <name>Book1</name>
  </book>
  <book year="2014" isbn="ISBN83763550019---11">
    <Authors>
      <Author>
        <Name>Fred</Name>
        <Email>fweasley@hogwarts.co.uk</Email>
      </Author>
      <Author>
        <Name>George</Name>
        <Email>gweasley@hogwarts.co.uk</Email>
      </Author>
    </Authors>
    <name>Book2</name>
  </book>
  <book year="2014" isbn="ISBN83763550019---11">
    <Authors>
      <Author>
        <Name>Fred</Name>
        <Email>fweasley@hogwarts.co.uk</Email>
      </Author>
      <Author>
        <Name>George</Name>
        <Email>gweasley@hogwarts.co.uk</Email>
      </Author>
    </Authors>
    <name>Book1</name>
  </book>
  <book year="2014" isbn="ISBN83763550019---11">
    <Authors>
      <Author>
        <Name>Fred</Name>
        <Email>fweasley@hogwarts.co.uk</Email>
      </Author>
      <Author>
        <Name>George</Name>
        <Email>gweasley@hogwarts.co.uk</Email>
      </Author>
    </Authors>
    <name>Book2</name>
  </book>
  <book year="2014" isbn="ISBN83763550019---11">
    <Authors>
      <Author>
        <Name>Fred</Name>
        <Email>fweasley@hogwarts.co.uk</Email>
      </Author>
      <Author>
        <Name>George</Name>
        <Email>gweasley@hogwarts.co.uk</Email>
      </Author>
    </Authors>
    <name>Book1</name>
  </book>
  <book year="2014" isbn="ISBN83763550019---11">
    <Authors>
      <Author>
        <Name>Fred</Name>
        <Email>fweasley@hogwarts.co.uk</Email>
      </Author>
      <Author>
        <Name>George</Name>
        <Email>gweasley@hogwarts.co.uk</Email>
      </Author>
    </Authors>
    <name>Book2</name>
  </book>
  <book year="2014" isbn="ISBN83763550019---11">
    <Authors>
      <Author>
        <Name>Fred</Name>
        <Email>fweasley@hogwarts.co.uk</Email>
      </Author>
      <Author>
        <Name>George</Name>
        <Email>gweasley@hogwarts.co.uk</Email>
      </Author>
    </Authors>
    <name>Book1</name>
  </book>
  <book year="2014" isbn="ISBN83763550019---11">
    <Authors>
      <Author>
        <Name>Fred</Name>
        <Email>fweasley@hogwarts.co.uk</Email>
      </Author>
      <Author>
        <Name>George</Name>
        <Email>gweasley@hogwarts.co.uk</Email>
      </Author>
    </Authors>
    <name>Book2</name>
  </book>
  <book year="2014" isbn="ISBN83763550019---11">
    <Authors>
      <Author>
        <Name>Fred</Name>
        <Email>fweasley@hogwarts.co.uk</Email>
      </Author>
      <Author>
        <Name>George</Name>
        <Email>gweasley@hogwarts.co.uk</Email>
      </Author>
    </Authors>
    <name>Book1</name>
  </book>
  <book year="2014" isbn="ISBN83763550019---11">
    <Authors>
      <Author>
        <Name>Fred</Name>
        <Email>fweasley@hogwarts.co.uk</Email>
      </Author>
      <Author>
        <Name>George</Name>
        <Email>gweasley@hogwarts.co.uk</Email>
      </Author>
    </Authors>
    <name>Book2</name>
  </book>
  <book year="2014" isbn="ISBN83763550019---11">
    <Authors>
      <Author>
        <Name>Fred</Name>
        <Email>fweasley@hogwarts.co.uk</Email>
      </Author>
      <Author>
        <Name>George</Name>
        <Email>gweasley@hogwarts.co.uk</Email>
      </Author>
    </Authors>
    <name>Book1</name>
  </book>
  <book year="2014" isbn="ISBN83763550019---11">
    <Authors>
      <Author>
        <Name>Fred</Name>
        <Email>fweasley@hogwarts.co.uk</Email>
      </Author>
      <Author>
        <Name>George</Name>
        <Email>gweasley@hogwarts.co.uk</Email>
      </Author>
    </Authors>
    <name>Book2</name>
  </book>
  <book year="2014" isbn="ISBN83763550019---11">
    <Authors>
      <Author>
        <Name>Fred</Name>
        <Email>fweasley@hogwarts.co.uk</Email>
      </Author>
      <Author>
        <Name>George</Name>
        <Email>gweasley@hogwarts.co.uk</Email>
      </Author>
    </Authors>
    <name>Book1</name>
  </book>
  <book year="2014" isbn="ISBN83763550019---11">
    <Authors>
      <Author>
        <Name>Fred</Name>
        <Email>fweasley@hogwarts.co.uk</Email>
      </Author>
      <Author>
        <Name>George</Name>
        <Email>gweasley@hogwarts.co.uk</Email>
      </Author>
    </Authors>
    <name>Book2</name>
  </book>
  <book year="2014" isbn="ISBN83763550019---11">
    <Authors>
      <Author>
        <Name>Fred</Name>
        <Email>fweasley@hogwarts.co.uk</Email>
      </Author>
      <Author>
        <Name>George</Name>
        <Email>gweasley@hogwarts.co.uk</Email>
      </Author>
    </Authors>
    <name>Book1</name>
  </book>
  <book year="2014" isbn="ISBN83763550019---11">
    <Authors>
      <Author>
        <Name>Fred</Name>
        <Email>fweasley@hogwarts.co.uk</Email>
      </Author>
      <Author>
        <Name>George</Name>
        <Email>gweasley@hogwarts.co.uk</Email>
      </Author>
    </Authors>
    <name>Book2</name>
  </book>
  <book year="2014" isbn="ISBN83763550019---11">
    <Authors>
      <Author>
        <Name>Fred</Name>
        <Email>fweasley@hogwarts.co.uk</Email>
      </Author>
      <Author>
        <Name>George</Name>
        <Email>gweasley@hogwarts.co.uk</Email>
      </Author>
    </Authors>
    <name>Book1</name>
  </book>
  <book year="2014" isbn="ISBN83763550019---11">
    <Authors>
      <Author>
        <Name>Fred</Name>
        <Email>fweasley@hogwarts.co.uk</Email>
      </Author>
      <Author>
        <Name>George</Name>
        <Email>gweasley@hogwarts.co.uk</Email>
      </Author>
    </Authors>
    <name>Book2</name>
  </book>
  <book year="2014" isbn="ISBN83763550019---11">
    <Authors>
      <Author>
        <Name>Fred</Name>
        <Email>fweasley@hogwarts.co.uk</Email>
      </Author>
      <Author>
        <Name>George</Name>
        <Email>gweasley@hogwarts.co.uk</Email>
      </Author>
    </Authors>
    <name>Book1</name>
  </book>
  <book year="2014" isbn="ISBN83763550019---11">
    <Authors>
      <Author>
        <Name>Fred</Name>
        <Email>fweasley@hogwarts.co.uk</Email>
      </Author>
      <Author>
        <Name>George</Name>
        <Email>gweasley@hogwarts.co.uk</Email>
      </Author>
    </Authors>
    <name>Book2</name>
  </book>
  <book year="2014" isbn="ISBN83763550019---11">
    <Authors>
      <Author>
        <Name>Fred</Name>
        <Email>fweasley@hogwarts.co.uk</Email>
      </Author>
      <Author>
        <Name>George</Name>
        <Email>gweasley@hogwarts.co.uk</Email>
      </Author>
    </Authors>
    <name>Book1</name>
  </book>
  <book year="2014" isbn="ISBN83763550019---11">
    <Authors>
      <Author>
        <Name>Fred</Name>
        <Email>fweasley@hogwarts.co.uk</Email>
      </Author>
      <Author>
        <Name>George</Name>
        <Email>gweasley@hogwarts.co.uk</Email>
      </Author>
    </Authors>
    <name>Book2</name>
  </book>
  <book year="2014" isbn="ISBN83763550019---11">
    <Authors>
      <Author>
        <Name>Fred</Name>
        <Email>fweasley@hogwarts.co.uk</Email>
      </Author>
      <Author>
        <Name>George</Name>
        <Email>gweasley@hogwarts.co.uk</Email>
      </Author>
    </Authors>
    <name>Book1</name>
  </book>
  <book year="2014" isbn="ISBN83763550019---11">
    <Authors>
      <Author>
        <Name>Fred</Name>
        <Email>fweasley@hogwarts.co.uk</Email>
      </Author>
      <Author>
        <Name>George</Name>
        <Email>gweasley@hogwarts.co.uk</Email>
      </Author>
    </Authors>
    <name>Book2</name>
  </book>
  <book year="2014" isbn="ISBN83763550019---11">
    <Authors>
      <Author>
        <Name>Fred</Name>
        <Email>fweasley@hogwarts.co.uk</Email>
      </Author>
      <Author>
        <Name>George</Name>
        <Email>gweasley@hogwarts.co.uk</Email>
      </Author>
    </Authors>
    <name>Book1</name>
  </book>
  <book year="2014" isbn="ISBN83763550019---11">
    <Authors>
      <Author>
        <Name>Fred</Name>
        <Email>fweasley@hogwarts.co.uk</Email>
      </Author>
      <Author>
        <Name>George</Name>
        <Email>gweasley@hogwarts.co.uk</Email>
      </Author>
    </Authors>
    <name>Book2</name>
  </book>
  <book year="2014" isbn="ISBN83763550019---11">
    <Authors>
      <Author>
        <Name>Fred</Name>
        <Email>fweasley@hogwarts.co.uk</Email>
      </Author>
      <Author>
        <Name>George</Name>
        <Email>gweasley@hogwarts.co.uk</Email>
      </Author>
    </Authors>
    <name>Book1</name>
  </book>
  <book year="2014" isbn="ISBN83763550019---11">
    <Authors>
      <Author>
        <Name>Fred</Name>
        <Email>fweasley@hogwarts.co.uk</Email>
      </Author>
      <Author>
        <Name>George</Name>
        <Email>gweasley@hogwarts.co.uk</Email>
      </Author>
    </Authors>
    <name>Book2</name>
  </book>
  <book year="2014" isbn="ISBN83763550019---11">
    <Authors>
      <Author>
        <Name>Fred</Name>
        <Email>fweasley@hogwarts.co.uk</Email>
      </Author>
      <Author>
        <Name>George</Name>
        <Email>gweasley@hogwarts.co.uk</Email>
      </Author>
    </Authors>
    <name>Book1</name>
  </book>
  <book year="2014" isbn="ISBN83763550019---11">
    <Authors>
      <Author>
        <Name>Fred</Name>
        <Email>fweasley@hogwarts.co.uk</Email>
      </Author>
      <Author>
        <Name>George</Name>
        <Email>gweasley@hogwarts.co.uk</Email>
      </Author>
    </Authors>
    <name>Book2</name>
  </book>
  <book year="2014" isbn="ISBN83763550019---11">
    <Authors>
      <Author>
        <Name>Fred</Name>
        <Email>fweasley@hogwarts.co.uk</Email>
      </Author>
      <Author>
        <Name>George</Name>
        <Email>gweasley@hogwarts.co.uk</Email>
      </Author>
    </Authors>
    <name>Book1</name>
  </book>
  <book year="2014" isbn="ISBN83763550019---11">
    <Authors>
      <Author>
        <Name>Fred</Name>
        <Email>fweasley@hogwarts.co.uk</Email>
      </Author>
      <Author>
        <Name>George</Name>
        <Email>gweasley@hogwarts.co.uk</Email>
      </Author>
    </Authors>
    <name>Book2</name>
  </book>
  <book year="2014" isbn="ISBN83763550019---11">
    <Authors>
      <Author>
        <Name>Fred</Name>
        <Email>fweasley@hogwarts.co.uk</Email>
      </Author>
      <Author>
        <Name>George</Name>
        <Email>gweasley@hogwarts.co.uk</Email>
      </Author>
    </Authors>
    <name>Book1</name>
  </book>
  <book year="2014" isbn="ISBN83763550019---11">
    <Authors>
      <Author>
        <Name>Fred</Name>
        <Email>fweasley@hogwarts.co.uk</Email>
      </Author>
      <Author>
        <Name>George</Name>
        <Email>gweasley@hogwarts.co.uk</Email>
      </Author>
    </Authors>
    <name>Book2</name>
  </book>
  <book year="2014" isbn="ISBN83763550019---11">
    <Authors>
      <Author>
        <Name>Fred</Name>
        <Email>fweasley@hogwarts.co.uk</Email>
      </Author>
      <Author>
        <Name>George</Name>
        <Email>gweasley@hogwarts.co.uk</Email>
      </Author>
    </Authors>
    <name>Book1</name>
  </book>
  <book year="2014" isbn="ISBN83763550019---11">
    <Authors>
      <Author>
        <Name>Fred</Name>
        <Email>fweasley@hogwarts.co.uk</Email>
      </Author>
      <Author>
        <Name>George</Name>
        <Email>gweasley@hogwarts.co.uk</Email>
      </Author>
    </Authors>
    <name>Book2</name>
  </book>
  <book year="2014" isbn="ISBN83763550019---11">
    <Authors>
      <Author>
        <Name>Fred</Name>
        <Email>fweasley@hogwarts.co.uk</Email>
      </Author>
      <Author>
        <Name>George</Name>
        <Email>gweasley@hogwarts.co.uk</Email>
      </Author>
    </Authors>
    <name>Book1</name>
  </book>
  <book year="2014" isbn="ISBN83763550019---11">
    <Authors>
      <Author>
        <Name>Fred</Name>
        <Email>fweasley@hogwarts.co.uk</Email>
      </Author>
      <Author>
        <Name>George</Name>
        <Email>gweasley@hogwarts.co.uk</Email>
      </Author>
    </Authors>
    <name>Book2</name>
  </book>
  <book year="2014" isbn="ISBN83763550019---11">
    <Authors>
      <Author>
        <Name>Fred</Name>
        <Email>fweasley@hogwarts.co.uk</Email>
      </Author>
      <Author>
        <Name>George</Name>
        <Email>gweasley@hogwarts.co.uk</Email>
      </Author>
    </Authors>
    <name>Book1</name>
  </book>
  <book year="2014" isbn="ISBN83763550019---11">
    <Authors>
      <Author>
        <Name>Fred</Name>
        <Email>fweasley@hogwarts.co.uk</Email>
      </Author>
      <Author>
        <Name>George</Name>
        <Email>gweasley@hogwarts.co.uk</Email>
      </Author>
    </Authors>
    <name>Book2</name>
  </book>
  <book year="2014" isbn="ISBN83763550019---11">
    <Authors>
      <Author>
        <Name>Fred</Name>
        <Email>fweasley@hogwarts.co.uk</Email>
      </Author>
      <Author>
        <Name>George</Name>
        <Email>gweasley@hogwarts.co.uk</Email>
      </Author>
    </Authors>
    <name>Book1</name>
  </book>
  <book year="2014" isbn="ISBN83763550019---11">
    <Authors>
      <Author>
        <Name>Fred</Name>
        <Email>fweasley@hogwarts.co.uk</Email>
      </Author>
      <Author>
        <Name>George</Name>
        <Email>gweasley@hogwarts.co.uk</Email>
      </Author>
    </Authors>
    <name>Book2</name>
  </book>
  <book year="2014" isbn="ISBN83763550019---11">
    <Authors>
      <Author>
        <Name>Fred</Name>
        <Email>fweasley@hogwarts.co.uk</Email>
      </Author>
      <Author>
        <Name>George</Name>
        <Email>gweasley@hogwarts.co.uk</Email>
      </Author>
    </Authors>
    <name>Book1</name>
  </book>
  <book year="2014" isbn="ISBN83763550019---11">
    <Authors>
      <Author>
        <Name>Fred</Name>
        <Email>fweasley@hogwarts.co.uk</Email>
      </Author>
      <Author>
        <Name>George</Name>
        <Email>gweasley@hogwarts.co.uk</Email>
      </Author>
    </Authors>
    <name>Book2</name>
  </book>
  <book year="2014" isbn="ISBN83763550019---11">
    <Authors>
      <Author>
        <Name>Fred</Name>
        <Email>fweasley@hogwarts.co.uk</Email>
      </Author>
      <Author>
        <Name>George</Name>
        <Email>gweasley@hogwarts.co.uk</Email>
      </Author>
    </Authors>
    <name>Book1</name>
  </book>
  <book year="2014" isbn="ISBN83763550019---11">
    <Authors>
      <Author>
        <Name>Fred</Name>
        <Email>fweasley@hogwarts.co.uk</Email>
      </Author>
      <Author>
        <Name>George</Name>
        <Email>gweasley@hogwarts.co.uk</Email>
      </Author>
    </Authors>
    <name>Book2</name>
  </book>
  <book year="2014" isbn="ISBN83763550019---11">
    <Authors>
      <Author>
        <Name>Fred</Name>
        <Email>fweasley@hogwarts.co.uk</Email>
      </Author>
      <Author>
        <Name>George</Name>
        <Email>gweasley@hogwarts.co.uk</Email>
      </Author>
    </Authors>
    <name>Book1</name>
  </book>
  <book year="2014" isbn="ISBN83763550019---11">
    <Authors>
      <Author>
        <Name>Fred</Name>
        <Email>fweasley@hogwarts.co.uk</Email>
      </Author>
      <Author>
        <Name>George</Name>
        <Email>gweasley@hogwarts.co.uk</Email>
      </Author>
    </Authors>
    <name>Book2</name>
  </book>
  <book year="2014" isbn="ISBN83763550019---11">
    <Authors>
      <Author>
        <Name>Fred</Name>
        <Email>fweasley@hogwarts.co.uk</Email>
      </Author>
      <Author>
        <Name>George</Name>
        <Email>gweasley@hogwarts.co.uk</Email>
      </Author>
    </Authors>
    <name>Book1</name>
  </book>
  <book year="2014" isbn="ISBN83763550019---11">
    <Authors>
      <Author>
        <Name>Fred</Name>
        <Email>fweasley@hogwarts.co.uk</Email>
      </Author>
      <Author>
        <Name>George</Name>
        <Email>gweasley@hogwarts.co.uk</Email>
      </Author>
    </Authors>
    <name>Book2</name>
  </book>
  <book year="2014" isbn="ISBN83763550019---11">
    <Authors>
      <Author>
        <Name>Fred</Name>
        <Email>fweasley@hogwarts.co.uk</Email>
      </Author>
      <Author>
        <Name>George</Name>
        <Email>gweasley@hogwarts.co.uk</Email>
      </Author>
    </Authors>
    <name>Book1</name>
  </book>
  <book year="2014" isbn="ISBN83763550019---11">
    <Authors>
      <Author>
        <Name>Fred</Name>
        <Email>fweasley@hogwarts.co.uk</Email>
      </Author>
      <Author>
        <Name>George</Name>
        <Email>gweasley@hogwarts.co.uk</Email>
      </Author>
    </Authors>
    <name>Book2</name>
  </book>
  <book year="2014" isbn="ISBN83763550019---11">
    <Authors>
      <Author>
        <Name>Fred</Name>
        <Email>fweasley@hogwarts.co.uk</Email>
      </Author>
      <Author>
        <Name>George</Name>
        <Email>gweasley@hogwarts.co.uk</Email>
      </Author>
    </Authors>
    <name>Book1</name>
  </book>
  <book year="2014" isbn="ISBN83763550019---11">
    <Authors>
      <Author>
        <Name>Fred</Name>
        <Email>fweasley@hogwarts.co.uk</Email>
      </Author>
      <Author>
        <Name>George</Name>
        <Email>gweasley@hogwarts.co.uk</Email>
      </Author>
    </Authors>
    <name>Book2</name>
  </book>
  <book year="2014" isbn="ISBN83763550019---11">
    <Authors>
      <Author>
        <Name>Fred</Name>
        <Email>fweasley@hogwarts.co.uk</Email>
      </Author>
      <Author>
        <Name>George</Name>
        <Email>gweasley@hogwarts.co.uk</Email>
      </Author>
    </Authors>
    <name>Book1</name>
  </book>
  <book year="2014" isbn="ISBN83763550019---11">
    <Authors>
      <Author>
        <Name>Fred</Name>
        <Email>fweasley@hogwarts.co.uk</Email>
      </Author>
      <Author>
        <Name>George</Name>
        <Email>gweasley@hogwarts.co.uk</Email>
      </Author>
    </Authors>
    <name>Book2</name>
  </book>
  <book year="2014" isbn="ISBN83763550019---11">
    <Authors>
      <Author>
        <Name>Fred</Name>
        <Email>fweasley@hogwarts.co.uk</Email>
      </Author>
      <Author>
        <Name>George</Name>
        <Email>gweasley@hogwarts.co.uk</Email>
      </Author>
    </Authors>
    <name>Book1</name>
  </book>
  <book year="2014" isbn="ISBN83763550019---11">
    <Authors>
      <Author>
        <Name>Fred</Name>
        <Email>fweasley@hogwarts.co.uk</Email>
      </Author>
      <Author>
        <Name>George</Name>
        <Email>gweasley@hogwarts.co.uk</Email>
      </Author>
    </Authors>
    <name>Book2</name>
  </book>
  <book year="2014" isbn="ISBN83763550019---11">
    <Authors>
      <Author>
        <Name>Fred</Name>
        <Email>fweasley@hogwarts.co.uk</Email>
      </Author>
      <Author>
        <Name>George</Name>
        <Email>gweasley@hogwarts.co.uk</Email>
      </Author>
    </Authors>
    <name>Book1</name>
  </book>
  <book year="2014" isbn="ISBN83763550019---11">
    <Authors>
      <Author>
        <Name>Fred</Name>
        <Email>fweasley@hogwarts.co.uk</Email>
      </Author>
      <Author>
        <Name>George</Name>
        <Email>gweasley@hogwarts.co.uk</Email>
      </Author>
    </Authors>
    <name>Book2</name>
  </book>
  <book year="2014" isbn="ISBN83763550019---11">
    <Authors>
      <Author>
        <Name>Fred</Name>
        <Email>fweasley@hogwarts.co.uk</Email>
      </Author>
      <Author>
        <Name>George</Name>
        <Email>gweasley@hogwarts.co.uk</Email>
      </Author>
    </Authors>
    <name>Book1</name>
  </book>
  <book year="2014" isbn="ISBN83763550019---11">
    <Authors>
      <Author>
        <Name>Fred</Name>
        <Email>fweasley@hogwarts.co.uk</Email>
      </Author>
      <Author>
        <Name>George</Name>
        <Email>gweasley@hogwarts.co.uk</Email>
      </Author>
    </Authors>
    <name>Book2</name>
  </book>
  <book year="2014" isbn="ISBN83763550019---11">
    <Authors>
      <Author>
        <Name>Fred</Name>
        <Email>fweasley@hogwarts.co.uk</Email>
      </Author>
      <Author>
        <Name>George</Name>
        <Email>gweasley@hogwarts.co.uk</Email>
      </Author>
    </Authors>
    <name>Book1</name>
  </book>
  <book year="2014" isbn="ISBN83763550019---11">
    <Authors>
      <Author>
        <Name>Fred</Name>
        <Email>fweasley@hogwarts.co.uk</Email>
      </Author>
      <Author>
        <Name>George</Name>
        <Email>gweasley@hogwarts.co.uk</Email>
      </Author>
    </Authors>
    <name>Book2</name>
  </book>
  <book year="2014" isbn="ISBN83763550019---11">
    <Authors>
      <Author>
        <Name>Fred</Name>
        <Email>fweasley@hogwarts.co.uk</Email>
      </Author>
      <Author>
        <Name>George</Name>
        <Email>gweasley@hogwarts.co.uk</Email>
      </Author>
    </Authors>
    <name>Book1</name>
  </book>
  <book year="2014" isbn="ISBN83763550019---11">
    <Authors>
      <Author>
        <Name>Fred</Name>
        <Email>fweasley@hogwarts.co.uk</Email>
      </Author>
      <Author>
        <Name>George</Name>
        <Email>gweasley@hogwarts.co.uk</Email>
      </Author>
    </Authors>
    <name>Book2</name>
  </book>
  <book year="2014" isbn="ISBN83763550019---11">
    <Authors>
      <Author>
        <Name>Fred</Name>
        <Email>fweasley@hogwarts.co.uk</Email>
      </Author>
      <Author>
        <Name>George</Name>
        <Email>gweasley@hogwarts.co.uk</Email>
      </Author>
    </Authors>
    <name>Book1</name>
  </book>
  <book year="2014" isbn="ISBN83763550019---11">
    <Authors>
      <Author>
        <Name>Fred</Name>
        <Email>fweasley@hogwarts.co.uk</Email>
      </Author>
      <Author>
        <Name>George</Name>
        <Email>gweasley@hogwarts.co.uk</Email>
      </Author>
    </Authors>
    <name>Book2</name>
  </book>
  <book year="2014" isbn="ISBN83763550019---11">
    <Authors>
      <Author>
        <Name>Fred</Name>
        <Email>fweasley@hogwarts.co.uk</Email>
      </Author>
      <Author>
        <Name>George</Name>
        <Email>gweasley@hogwarts.co.uk</Email>
      </Author>
    </Authors>
    <name>Book1</name>
  </book>
  <book year="2014" isbn="ISBN83763550019---11">
    <Authors>
      <Author>
        <Name>Fred</Name>
        <Email>fweasley@hogwarts.co.uk</Email>
      </Author>
      <Author>
        <Name>George</Name>
        <Email>gweasley@hogwarts.co.uk</Email>
      </Author>
    </Authors>
    <name>Book2</name>
  </book>
  <book year="2014" isbn="ISBN83763550019---11">
    <Authors>
      <Author>
        <Name>Fred</Name>
        <Email>fweasley@hogwarts.co.uk</Email>
      </Author>
      <Author>
        <Name>George</Name>
        <Email>gweasley@hogwarts.co.uk</Email>
      </Author>
    </Authors>
    <name>Book1</name>
  </book>
  <book year="2014" isbn="ISBN83763550019---11">
    <Authors>
      <Author>
        <Name>Fred</Name>
        <Email>fweasley@hogwarts.co.uk</Email>
      </Author>
      <Author>
        <Name>George</Name>
        <Email>gweasley@hogwarts.co.uk</Email>
      </Author>
    </Authors>
    <name>Book2</name>
  </book>
  <book year="2014" isbn="ISBN83763550019---11">
    <Authors>
      <Author>
        <Name>Fred</Name>
        <Email>fweasley@hogwarts.co.uk</Email>
      </Author>
      <Author>
        <Name>George</Name>
        <Email>gweasley@hogwarts.co.uk</Email>
      </Author>
    </Authors>
    <name>Book1</name>
  </book>
  <book year="2014" isbn="ISBN83763550019---11">
    <Authors>
      <Author>
        <Name>Fred</Name>
        <Email>fweasley@hogwarts.co.uk</Email>
      </Author>
      <Author>
        <Name>George</Name>
        <Email>gweasley@hogwarts.co.uk</Email>
      </Author>
    </Authors>
    <name>Book2</name>
  </book>
  <book year="2014" isbn="ISBN83763550019---11">
    <Authors>
      <Author>
        <Name>Fred</Name>
        <Email>fweasley@hogwarts.co.uk</Email>
      </Author>
      <Author>
        <Name>George</Name>
        <Email>gweasley@hogwarts.co.uk</Email>
      </Author>
    </Authors>
    <name>Book1</name>
  </book>
  <book year="2014" isbn="ISBN83763550019---11">
    <Authors>
      <Author>
        <Name>Fred</Name>
        <Email>fweasley@hogwarts.co.uk</Email>
      </Author>
      <Author>
        <Name>George</Name>
        <Email>gweasley@hogwarts.co.uk</Email>
      </Author>
    </Authors>
    <name>Book2</name>
  </book>
  <book year="2014" isbn="ISBN83763550019---11">
    <Authors>
      <Author>
        <Name>Fred</Name>
        <Email>fweasley@hogwarts.co.uk</Email>
      </Author>
      <Author>
        <Name>George</Name>
        <Email>gweasley@hogwarts.co.uk</Email>
      </Author>
    </Authors>
    <name>Book1</name>
  </book>
  <book year="2014" isbn="ISBN83763550019---11">
    <Authors>
      <Author>
        <Name>Fred</Name>
        <Email>fweasley@hogwarts.co.uk</Email>
      </Author>
      <Author>
        <Name>George</Name>
        <Email>gweasley@hogwarts.co.uk</Email>
      </Author>
    </Authors>
    <name>Book2</name>
  </book>
  <book year="2014" isbn="ISBN83763550019---11">
    <Authors>
      <Author>
        <Name>Fred</Name>
        <Email>fweasley@hogwarts.co.uk</Email>
      </Author>
      <Author>
        <Name>George</Name>
        <Email>gweasley@hogwarts.co.uk</Email>
      </Author>
    </Authors>
    <name>Book1</name>
  </book>
  <book year="2014" isbn="ISBN83763550019---11">
    <Authors>
      <Author>
        <Name>Fred</Name>
        <Email>fweasley@hogwarts.co.uk</Email>
      </Author>
      <Author>
        <Name>George</Name>
        <Email>gweasley@hogwarts.co.uk</Email>
      </Author>
    </Authors>
    <name>Book2</name>
  </book>
  <book year="2014" isbn="ISBN83763550019---11">
    <Authors>
      <Author>
        <Name>Fred</Name>
        <Email>fweasley@hogwarts.co.uk</Email>
      </Author>
      <Author>
        <Name>George</Name>
        <Email>gweasley@hogwarts.co.uk</Email>
      </Author>
    </Authors>
    <name>Book1</name>
  </book>
  <book year="2014" isbn="ISBN83763550019---11">
    <Authors>
      <Author>
        <Name>Fred</Name>
        <Email>fweasley@hogwarts.co.uk</Email>
      </Author>
      <Author>
        <Name>George</Name>
        <Email>gweasley@hogwarts.co.uk</Email>
      </Author>
    </Authors>
    <name>Book2</name>
  </book>
  <book year="2014" isbn="ISBN83763550019---11">
    <Authors>
      <Author>
        <Name>Fred</Name>
        <Email>fweasley@hogwarts.co.uk</Email>
      </Author>
      <Author>
        <Name>George</Name>
        <Email>gweasley@hogwarts.co.uk</Email>
      </Author>
    </Authors>
    <name>Book1</name>
  </book>
  <book year="2014" isbn="ISBN83763550019---11">
    <Authors>
      <Author>
        <Name>Fred</Name>
        <Email>fweasley@hogwarts.co.uk</Email>
      </Author>
      <Author>
        <Name>George</Name>
        <Email>gweasley@hogwarts.co.uk</Email>
      </Author>
    </Authors>
    <name>Book2</name>
  </book>
  <book year="2014" isbn="ISBN83763550019---11">
    <Authors>
      <Author>
        <Name>Fred</Name>
        <Email>fweasley@hogwarts.co.uk</Email>
      </Author>
      <Author>
        <Name>George</Name>
        <Email>gweasley@hogwarts.co.uk</Email>
      </Author>
    </Authors>
    <name>Book1</name>
  </book>
  <book year="2014" isbn="ISBN83763550019---11">
    <Authors>
      <Author>
        <Name>Fred</Name>
        <Email>fweasley@hogwarts.co.uk</Email>
      </Author>
      <Author>
        <Name>George</Name>
        <Email>gweasley@hogwarts.co.uk</Email>
      </Author>
    </Authors>
    <name>Book2</name>
  </book>
  <book year="2014" isbn="ISBN83763550019---11">
    <Authors>
      <Author>
        <Name>Fred</Name>
        <Email>fweasley@hogwarts.co.uk</Email>
      </Author>
      <Author>
        <Name>George</Name>
        <Email>gweasley@hogwarts.co.uk</Email>
      </Author>
    </Authors>
    <name>Book1</name>
  </book>
  <book year="2014" isbn="ISBN83763550019---11">
    <Authors>
      <Author>
        <Name>Fred</Name>
        <Email>fweasley@hogwarts.co.uk</Email>
      </Author>
      <Author>
        <Name>George</Name>
        <Email>gweasley@hogwarts.co.uk</Email>
      </Author>
    </Authors>
    <name>Book2</name>
  </book>
  <book year="2014" isbn="ISBN83763550019---11">
    <Authors>
      <Author>
        <Name>Fred</Name>
        <Email>fweasley@hogwarts.co.uk</Email>
      </Author>
      <Author>
        <Name>George</Name>
        <Email>gweasley@hogwarts.co.uk</Email>
      </Author>
    </Authors>
    <name>Book1</name>
  </book>
  <book year="2014" isbn="ISBN83763550019---11">
    <Authors>
      <Author>
        <Name>Fred</Name>
        <Email>fweasley@hogwarts.co.uk</Email>
      </Author>
      <Author>
        <Name>George</Name>
        <Email>gweasley@hogwarts.co.uk</Email>
      </Author>
    </Authors>
    <name>Book2</name>
  </book>
  <book year="2014" isbn="ISBN83763550019---11">
    <Authors>
      <Author>
        <Name>Fred</Name>
        <Email>fweasley@hogwarts.co.uk</Email>
      </Author>
      <Author>
        <Name>George</Name>
        <Email>gweasley@hogwarts.co.uk</Email>
      </Author>
    </Authors>
    <name>Book1</name>
  </book>
  <book year="2014" isbn="ISBN83763550019---11">
    <Authors>
      <Author>
        <Name>Fred</Name>
        <Email>fweasley@hogwarts.co.uk</Email>
      </Author>
      <Author>
        <Name>George</Name>
        <Email>gweasley@hogwarts.co.uk</Email>
      </Author>
    </Authors>
    <name>Book2</name>
  </book>
  <book year="2014" isbn="ISBN83763550019---11">
    <Authors>
      <Author>
        <Name>Fred</Name>
        <Email>fweasley@hogwarts.co.uk</Email>
      </Author>
      <Author>
        <Name>George</Name>
        <Email>gweasley@hogwarts.co.uk</Email>
      </Author>
    </Authors>
    <name>Book1</name>
  </book>
  <book year="2014" isbn="ISBN83763550019---11">
    <Authors>
      <Author>
        <Name>Fred</Name>
        <Email>fweasley@hogwarts.co.uk</Email>
      </Author>
      <Author>
        <Name>George</Name>
        <Email>gweasley@hogwarts.co.uk</Email>
      </Author>
    </Authors>
    <name>Book2</name>
  </book>
  <book year="2014" isbn="ISBN83763550019---11">
    <Authors>
      <Author>
        <Name>Fred</Name>
        <Email>fweasley@hogwarts.co.uk</Email>
      </Author>
      <Author>
        <Name>George</Name>
        <Email>gweasley@hogwarts.co.uk</Email>
      </Author>
    </Authors>
    <name>Book1</name>
  </book>
  <book year="2014" isbn="ISBN83763550019---11">
    <Authors>
      <Author>
        <Name>Fred</Name>
        <Email>fweasley@hogwarts.co.uk</Email>
      </Author>
      <Author>
        <Name>George</Name>
        <Email>gweasley@hogwarts.co.uk</Email>
      </Author>
    </Authors>
    <name>Book2</name>
  </book>
  <book year="2014" isbn="ISBN83763550019---11">
    <Authors>
      <Author>
        <Name>Fred</Name>
        <Email>fweasley@hogwarts.co.uk</Email>
      </Author>
      <Author>
        <Name>George</Name>
        <Email>gweasley@hogwarts.co.uk</Email>
      </Author>
    </Authors>
    <name>Book1</name>
  </book>
  <book year="2014" isbn="ISBN83763550019---11">
    <Authors>
      <Author>
        <Name>Fred</Name>
        <Email>fweasley@hogwarts.co.uk</Email>
      </Author>
      <Author>
        <Name>George</Name>
        <Email>gweasley@hogwarts.co.uk</Email>
      </Author>
    </Authors>
    <name>Book2</name>
  </book>
  <book year="2014" isbn="ISBN83763550019---11">
    <Authors>
      <Author>
        <Name>Fred</Name>
        <Email>fweasley@hogwarts.co.uk</Email>
      </Author>
      <Author>
        <Name>George</Name>
        <Email>gweasley@hogwarts.co.uk</Email>
      </Author>
    </Authors>
    <name>Book1</name>
  </book>
  <book year="2014" isbn="ISBN83763550019---11">
    <Authors>
      <Author>
        <Name>Fred</Name>
        <Email>fweasley@hogwarts.co.uk</Email>
      </Author>
      <Author>
        <Name>George</Name>
        <Email>gweasley@hogwarts.co.uk</Email>
      </Author>
    </Authors>
    <name>Book2</name>
  </book>
  <book year="2014" isbn="ISBN83763550019---11">
    <Authors>
      <Author>
        <Name>Fred</Name>
        <Email>fweasley@hogwarts.co.uk</Email>
      </Author>
      <Author>
        <Name>George</Name>
        <Email>gweasley@hogwarts.co.uk</Email>
      </Author>
    </Authors>
    <name>Book1</name>
  </book>
  <book year="2014" isbn="ISBN83763550019---11">
    <Authors>
      <Author>
        <Name>Fred</Name>
        <Email>fweasley@hogwarts.co.uk</Email>
      </Author>
      <Author>
        <Name>George</Name>
        <Email>gweasley@hogwarts.co.uk</Email>
      </Author>
    </Authors>
    <name>Book2</name>
  </book>
  <book year="2014" isbn="ISBN83763550019---11">
    <Authors>
      <Author>
        <Name>Fred</Name>
        <Email>fweasley@hogwarts.co.uk</Email>
      </Author>
      <Author>
        <Name>George</Name>
        <Email>gweasley@hogwarts.co.uk</Email>
      </Author>
    </Authors>
    <name>Book1</name>
  </book>
  <book year="2014" isbn="ISBN83763550019---11">
    <Authors>
      <Author>
        <Name>Fred</Name>
        <Email>fweasley@hogwarts.co.uk</Email>
      </Author>
      <Author>
        <Name>George</Name>
        <Email>gweasley@hogwarts.co.uk</Email>
      </Author>
    </Authors>
    <name>Book2</name>
  </book>
  <book year="2014" isbn="ISBN83763550019---11">
    <Authors>
      <Author>
        <Name>Fred</Name>
        <Email>fweasley@hogwarts.co.uk</Email>
      </Author>
      <Author>
        <Name>George</Name>
        <Email>gweasley@hogwarts.co.uk</Email>
      </Author>
    </Authors>
    <name>Book1</name>
  </book>
  <book year="2014" isbn="ISBN83763550019---11">
    <Authors>
      <Author>
        <Name>Fred</Name>
        <Email>fweasley@hogwarts.co.uk</Email>
      </Author>
      <Author>
        <Name>George</Name>
        <Email>gweasley@hogwarts.co.uk</Email>
      </Author>
    </Authors>
    <name>Book2</name>
  </book>
  <book year="2014" isbn="ISBN83763550019---11">
    <Authors>
      <Author>
        <Name>Fred</Name>
        <Email>fweasley@hogwarts.co.uk</Email>
      </Author>
      <Author>
        <Name>George</Name>
        <Email>gweasley@hogwarts.co.uk</Email>
      </Author>
    </Authors>
    <name>Book1</name>
  </book>
  <book year="2014" isbn="ISBN83763550019---11">
    <Authors>
      <Author>
        <Name>Fred</Name>
        <Email>fweasley@hogwarts.co.uk</Email>
      </Author>
      <Author>
        <Name>George</Name>
        <Email>gweasley@hogwarts.co.uk</Email>
      </Author>
    </Authors>
    <name>Book2</name>
  </book>
  <book year="2014" isbn="ISBN83763550019---11">
    <Authors>
      <Author>
        <Name>Fred</Name>
        <Email>fweasley@hogwarts.co.uk</Email>
      </Author>
      <Author>
        <Name>George</Name>
        <Email>gweasley@hogwarts.co.uk</Email>
      </Author>
    </Authors>
    <name>Book1</name>
  </book>
  <book year="2014" isbn="ISBN83763550019---11">
    <Authors>
      <Author>
        <Name>Fred</Name>
        <Email>fweasley@hogwarts.co.uk</Email>
      </Author>
      <Author>
        <Name>George</Name>
        <Email>gweasley@hogwarts.co.uk</Email>
      </Author>
    </Authors>
    <name>Book2</name>
  </book>
  <book year="2014" isbn="ISBN83763550019---11">
    <Authors>
      <Author>
        <Name>Fred</Name>
        <Email>fweasley@hogwarts.co.uk</Email>
      </Author>
      <Author>
        <Name>George</Name>
        <Email>gweasley@hogwarts.co.uk</Email>
      </Author>
    </Authors>
    <name>Book1</name>
  </book>
  <book year="2014" isbn="ISBN83763550019---11">
    <Authors>
      <Author>
        <Name>Fred</Name>
        <Email>fweasley@hogwarts.co.uk</Email>
      </Author>
      <Author>
        <Name>George</Name>
        <Email>gweasley@hogwarts.co.uk</Email>
      </Author>
    </Authors>
    <name>Book2</name>
  </book>
  <book year="2014" isbn="ISBN83763550019---11">
    <Authors>
      <Author>
        <Name>Fred</Name>
        <Email>fweasley@hogwarts.co.uk</Email>
      </Author>
      <Author>
        <Name>George</Name>
        <Email>gweasley@hogwarts.co.uk</Email>
      </Author>
    </Authors>
    <name>Book1</name>
  </book>
  <book year="2014" isbn="ISBN83763550019---11">
    <Authors>
      <Author>
        <Name>Fred</Name>
        <Email>fweasley@hogwarts.co.uk</Email>
      </Author>
      <Author>
        <Name>George</Name>
        <Email>gweasley@hogwarts.co.uk</Email>
      </Author>
    </Authors>
    <name>Book2</name>
  </book>
  <book year="2014" isbn="ISBN83763550019---11">
    <Authors>
      <Author>
        <Name>Fred</Name>
        <Email>fweasley@hogwarts.co.uk</Email>
      </Author>
      <Author>
        <Name>George</Name>
        <Email>gweasley@hogwarts.co.uk</Email>
      </Author>
    </Authors>
    <name>Book1</name>
  </book>
  <book year="2014" isbn="ISBN83763550019---11">
    <Authors>
      <Author>
        <Name>Fred</Name>
        <Email>fweasley@hogwarts.co.uk</Email>
      </Author>
      <Author>
        <Name>George</Name>
        <Email>gweasley@hogwarts.co.uk</Email>
      </Author>
    </Authors>
    <name>Book2</name>
  </book>
  <book year="2014" isbn="ISBN83763550019---11">
    <Authors>
      <Author>
        <Name>Fred</Name>
        <Email>fweasley@hogwarts.co.uk</Email>
      </Author>
      <Author>
        <Name>George</Name>
        <Email>gweasley@hogwarts.co.uk</Email>
      </Author>
    </Authors>
    <name>Book1</name>
  </book>
  <book year="2014" isbn="ISBN83763550019---11">
    <Authors>
      <Author>
        <Name>Fred</Name>
        <Email>fweasley@hogwarts.co.uk</Email>
      </Author>
      <Author>
        <Name>George</Name>
        <Email>gweasley@hogwarts.co.uk</Email>
      </Author>
    </Authors>
    <name>Book2</name>
  </book>
  <book year="2014" isbn="ISBN83763550019---11">
    <Authors>
      <Author>
        <Name>Fred</Name>
        <Email>fweasley@hogwarts.co.uk</Email>
      </Author>
      <Author>
        <Name>George</Name>
        <Email>gweasley@hogwarts.co.uk</Email>
      </Author>
    </Authors>
    <name>Book1</name>
  </book>
  <book year="2014" isbn="ISBN83763550019---11">
    <Authors>
      <Author>
        <Name>Fred</Name>
        <Email>fweasley@hogwarts.co.uk</Email>
      </Author>
      <Author>
        <Name>George</Name>
        <Email>gweasley@hogwarts.co.uk</Email>
      </Author>
    </Authors>
    <name>Book2</name>
  </book>
  <book year="2014" isbn="ISBN83763550019---11">
    <Authors>
      <Author>
        <Name>Fred</Name>
        <Email>fweasley@hogwarts.co.uk</Email>
      </Author>
      <Author>
        <Name>George</Name>
        <Email>gweasley@hogwarts.co.uk</Email>
      </Author>
    </Authors>
    <name>Book1</name>
  </book>
  <book year="2014" isbn="ISBN83763550019---11">
    <Authors>
      <Author>
        <Name>Fred</Name>
        <Email>fweasley@hogwarts.co.uk</Email>
      </Author>
      <Author>
        <Name>George</Name>
        <Email>gweasley@hogwarts.co.uk</Email>
      </Author>
    </Authors>
    <name>Book2</name>
  </book>
  <book year="2014" isbn="ISBN83763550019---11">
    <Authors>
      <Author>
        <Name>Fred</Name>
        <Email>fweasley@hogwarts.co.uk</Email>
      </Author>
      <Author>
        <Name>George</Name>
        <Email>gweasley@hogwarts.co.uk</Email>
      </Author>
    </Authors>
    <name>Book1</name>
  </book>
  <book year="2014" isbn="ISBN83763550019---11">
    <Authors>
      <Author>
        <Name>Fred</Name>
        <Email>fweasley@hogwarts.co.uk</Email>
      </Author>
      <Author>
        <Name>George</Name>
        <Email>gweasley@hogwarts.co.uk</Email>
      </Author>
    </Authors>
    <name>Book2</name>
  </book>
  <book year="2014" isbn="ISBN83763550019---11">
    <Authors>
      <Author>
        <Name>Fred</Name>
        <Email>fweasley@hogwarts.co.uk</Email>
      </Author>
      <Author>
        <Name>George</Name>
        <Email>gweasley@hogwarts.co.uk</Email>
      </Author>
    </Authors>
    <name>Book1</name>
  </book>
  <book year="2014" isbn="ISBN83763550019---11">
    <Authors>
      <Author>
        <Name>Fred</Name>
        <Email>fweasley@hogwarts.co.uk</Email>
      </Author>
      <Author>
        <Name>George</Name>
        <Email>gweasley@hogwarts.co.uk</Email>
      </Author>
    </Authors>
    <name>Book2</name>
  </book>
  <book year="2014" isbn="ISBN83763550019---11">
    <Authors>
      <Author>
        <Name>Fred</Name>
        <Email>fweasley@hogwarts.co.uk</Email>
      </Author>
      <Author>
        <Name>George</Name>
        <Email>gweasley@hogwarts.co.uk</Email>
      </Author>
    </Authors>
    <name>Book1</name>
  </book>
  <book year="2014" isbn="ISBN83763550019---11">
    <Authors>
      <Author>
        <Name>Fred</Name>
        <Email>fweasley@hogwarts.co.uk</Email>
      </Author>
      <Author>
        <Name>George</Name>
        <Email>gweasley@hogwarts.co.uk</Email>
      </Author>
    </Authors>
    <name>Book2</name>
  </book>
  <book year="2014" isbn="ISBN83763550019---11">
    <Authors>
      <Author>
        <Name>Fred</Name>
        <Email>fweasley@hogwarts.co.uk</Email>
      </Author>
      <Author>
        <Name>George</Name>
        <Email>gweasley@hogwarts.co.uk</Email>
      </Author>
    </Authors>
    <name>Book1</name>
  </book>
  <book year="2014" isbn="ISBN83763550019---11">
    <Authors>
      <Author>
        <Name>Fred</Name>
        <Email>fweasley@hogwarts.co.uk</Email>
      </Author>
      <Author>
        <Name>George</Name>
        <Email>gweasley@hogwarts.co.uk</Email>
      </Author>
    </Authors>
    <name>Book2</name>
  </book>
  <book year="2014" isbn="ISBN83763550019---11">
    <Authors>
      <Author>
        <Name>Fred</Name>
        <Email>fweasley@hogwarts.co.uk</Email>
      </Author>
      <Author>
        <Name>George</Name>
        <Email>gweasley@hogwarts.co.uk</Email>
      </Author>
    </Authors>
    <name>Book1</name>
  </book>
  <book year="2014" isbn="ISBN83763550019---11">
    <Authors>
      <Author>
        <Name>Fred</Name>
        <Email>fweasley@hogwarts.co.uk</Email>
      </Author>
      <Author>
        <Name>George</Name>
        <Email>gweasley@hogwarts.co.uk</Email>
      </Author>
    </Authors>
    <name>Book2</name>
  </book>
  <book year="2014" isbn="ISBN83763550019---11">
    <Authors>
      <Author>
        <Name>Fred</Name>
        <Email>fweasley@hogwarts.co.uk</Email>
      </Author>
      <Author>
        <Name>George</Name>
        <Email>gweasley@hogwarts.co.uk</Email>
      </Author>
    </Authors>
    <name>Book1</name>
  </book>
  <book year="2014" isbn="ISBN83763550019---11">
    <Authors>
      <Author>
        <Name>Fred</Name>
        <Email>fweasley@hogwarts.co.uk</Email>
      </Author>
      <Author>
        <Name>George</Name>
        <Email>gweasley@hogwarts.co.uk</Email>
      </Author>
    </Authors>
    <name>Book2</name>
  </book>
  <book year="2014" isbn="ISBN83763550019---11">
    <Authors>
      <Author>
        <Name>Fred</Name>
        <Email>fweasley@hogwarts.co.uk</Email>
      </Author>
      <Author>
        <Name>George</Name>
        <Email>gweasley@hogwarts.co.uk</Email>
      </Author>
    </Authors>
    <name>Book1</name>
  </book>
  <book year="2014" isbn="ISBN83763550019---11">
    <Authors>
      <Author>
        <Name>Fred</Name>
        <Email>fweasley@hogwarts.co.uk</Email>
      </Author>
      <Author>
        <Name>George</Name>
        <Email>gweasley@hogwarts.co.uk</Email>
      </Author>
    </Authors>
    <name>Book2</name>
  </book>
  <book year="2014" isbn="ISBN83763550019---11">
    <Authors>
      <Author>
        <Name>Fred</Name>
        <Email>fweasley@hogwarts.co.uk</Email>
      </Author>
      <Author>
        <Name>George</Name>
        <Email>gweasley@hogwarts.co.uk</Email>
      </Author>
    </Authors>
    <name>Book1</name>
  </book>
  <book year="2014" isbn="ISBN83763550019---11">
    <Authors>
      <Author>
        <Name>Fred</Name>
        <Email>fweasley@hogwarts.co.uk</Email>
      </Author>
      <Author>
        <Name>George</Name>
        <Email>gweasley@hogwarts.co.uk</Email>
      </Author>
    </Authors>
    <name>Book2</name>
  </book>
  <book year="2014" isbn="ISBN83763550019---11">
    <Authors>
      <Author>
        <Name>Fred</Name>
        <Email>fweasley@hogwarts.co.uk</Email>
      </Author>
      <Author>
        <Name>George</Name>
        <Email>gweasley@hogwarts.co.uk</Email>
      </Author>
    </Authors>
    <name>Book1</name>
  </book>
  <book year="2014" isbn="ISBN83763550019---11">
    <Authors>
      <Author>
        <Name>Fred</Name>
        <Email>fweasley@hogwarts.co.uk</Email>
      </Author>
      <Author>
        <Name>George</Name>
        <Email>gweasley@hogwarts.co.uk</Email>
      </Author>
    </Authors>
    <name>Book2</name>
  </book>
  <book year="2014" isbn="ISBN83763550019---11">
    <Authors>
      <Author>
        <Name>Fred</Name>
        <Email>fweasley@hogwarts.co.uk</Email>
      </Author>
      <Author>
        <Name>George</Name>
        <Email>gweasley@hogwarts.co.uk</Email>
      </Author>
    </Authors>
    <name>Book1</name>
  </book>
  <book year="2014" isbn="ISBN83763550019---11">
    <Authors>
      <Author>
        <Name>Fred</Name>
        <Email>fweasley@hogwarts.co.uk</Email>
      </Author>
      <Author>
        <Name>George</Name>
        <Email>gweasley@hogwarts.co.uk</Email>
      </Author>
    </Authors>
    <name>Book2</name>
  </book>
  <book year="2014" isbn="ISBN83763550019---11">
    <Authors>
      <Author>
        <Name>Fred</Name>
        <Email>fweasley@hogwarts.co.uk</Email>
      </Author>
      <Author>
        <Name>George</Name>
        <Email>gweasley@hogwarts.co.uk</Email>
      </Author>
    </Authors>
    <name>Book1</name>
  </book>
  <book year="2014" isbn="ISBN83763550019---11">
    <Authors>
      <Author>
        <Name>Fred</Name>
        <Email>fweasley@hogwarts.co.uk</Email>
      </Author>
      <Author>
        <Name>George</Name>
        <Email>gweasley@hogwarts.co.uk</Email>
      </Author>
    </Authors>
    <name>Book2</name>
  </book>
  <book year="2014" isbn="ISBN83763550019---11">
    <Authors>
      <Author>
        <Name>Fred</Name>
        <Email>fweasley@hogwarts.co.uk</Email>
      </Author>
      <Author>
        <Name>George</Name>
        <Email>gweasley@hogwarts.co.uk</Email>
      </Author>
    </Authors>
    <name>Book1</name>
  </book>
  <book year="2014" isbn="ISBN83763550019---11">
    <Authors>
      <Author>
        <Name>Fred</Name>
        <Email>fweasley@hogwarts.co.uk</Email>
      </Author>
      <Author>
        <Name>George</Name>
        <Email>gweasley@hogwarts.co.uk</Email>
      </Author>
    </Authors>
    <name>Book2</name>
  </book>
  <book year="2014" isbn="ISBN83763550019---11">
    <Authors>
      <Author>
        <Name>Fred</Name>
        <Email>fweasley@hogwarts.co.uk</Email>
      </Author>
      <Author>
        <Name>George</Name>
        <Email>gweasley@hogwarts.co.uk</Email>
      </Author>
    </Authors>
    <name>Book1</name>
  </book>
  <book year="2014" isbn="ISBN83763550019---11">
    <Authors>
      <Author>
        <Name>Fred</Name>
        <Email>fweasley@hogwarts.co.uk</Email>
      </Author>
      <Author>
        <Name>George</Name>
        <Email>gweasley@hogwarts.co.uk</Email>
      </Author>
    </Authors>
    <name>Book2</name>
  </book>
  <book year="2014" isbn="ISBN83763550019---11">
    <Authors>
      <Author>
        <Name>Fred</Name>
        <Email>fweasley@hogwarts.co.uk</Email>
      </Author>
      <Author>
        <Name>George</Name>
        <Email>gweasley@hogwarts.co.uk</Email>
      </Author>
    </Authors>
    <name>Book1</name>
  </book>
  <book year="2014" isbn="ISBN83763550019---11">
    <Authors>
      <Author>
        <Name>Fred</Name>
        <Email>fweasley@hogwarts.co.uk</Email>
      </Author>
      <Author>
        <Name>George</Name>
        <Email>gweasley@hogwarts.co.uk</Email>
      </Author>
    </Authors>
    <name>Book2</name>
  </book>
  <book year="2014" isbn="ISBN83763550019---11">
    <Authors>
      <Author>
        <Name>Fred</Name>
        <Email>fweasley@hogwarts.co.uk</Email>
      </Author>
      <Author>
        <Name>George</Name>
        <Email>gweasley@hogwarts.co.uk</Email>
      </Author>
    </Authors>
    <name>Book1</name>
  </book>
  <book year="2014" isbn="ISBN83763550019---11">
    <Authors>
      <Author>
        <Name>Fred</Name>
        <Email>fweasley@hogwarts.co.uk</Email>
      </Author>
      <Author>
        <Name>George</Name>
        <Email>gweasley@hogwarts.co.uk</Email>
      </Author>
    </Authors>
    <name>Book2</name>
  </book>
  <book year="2014" isbn="ISBN83763550019---11">
    <Authors>
      <Author>
        <Name>Fred</Name>
        <Email>fweasley@hogwarts.co.uk</Email>
      </Author>
      <Author>
        <Name>George</Name>
        <Email>gweasley@hogwarts.co.uk</Email>
      </Author>
    </Authors>
    <name>Book1</name>
  </book>
  <book year="2014" isbn="ISBN83763550019---11">
    <Authors>
      <Author>
        <Name>Fred</Name>
        <Email>fweasley@hogwarts.co.uk</Email>
      </Author>
      <Author>
        <Name>George</Name>
        <Email>gweasley@hogwarts.co.uk</Email>
      </Author>
    </Authors>
    <name>Book2</name>
  </book>
  <book year="2014" isbn="ISBN83763550019---11">
    <Authors>
      <Author>
        <Name>Fred</Name>
        <Email>fweasley@hogwarts.co.uk</Email>
      </Author>
      <Author>
        <Name>George</Name>
        <Email>gweasley@hogwarts.co.uk</Email>
      </Author>
    </Authors>
    <name>Book1</name>
  </book>
  <book year="2014" isbn="ISBN83763550019---11">
    <Authors>
      <Author>
        <Name>Fred</Name>
        <Email>fweasley@hogwarts.co.uk</Email>
      </Author>
      <Author>
        <Name>George</Name>
        <Email>gweasley@hogwarts.co.uk</Email>
      </Author>
    </Authors>
    <name>Book2</name>
  </book>
  <book year="2014" isbn="ISBN83763550019---11">
    <Authors>
      <Author>
        <Name>Fred</Name>
        <Email>fweasley@hogwarts.co.uk</Email>
      </Author>
      <Author>
        <Name>George</Name>
        <Email>gweasley@hogwarts.co.uk</Email>
      </Author>
    </Authors>
    <name>Book1</name>
  </book>
  <book year="2014" isbn="ISBN83763550019---11">
    <Authors>
      <Author>
        <Name>Fred</Name>
        <Email>fweasley@hogwarts.co.uk</Email>
      </Author>
      <Author>
        <Name>George</Name>
        <Email>gweasley@hogwarts.co.uk</Email>
      </Author>
    </Authors>
    <name>Book2</name>
  </book>
  <book year="2014" isbn="ISBN83763550019---11">
    <Authors>
      <Author>
        <Name>Fred</Name>
        <Email>fweasley@hogwarts.co.uk</Email>
      </Author>
      <Author>
        <Name>George</Name>
        <Email>gweasley@hogwarts.co.uk</Email>
      </Author>
    </Authors>
    <name>Book1</name>
  </book>
  <book year="2014" isbn="ISBN83763550019---11">
    <Authors>
      <Author>
        <Name>Fred</Name>
        <Email>fweasley@hogwarts.co.uk</Email>
      </Author>
      <Author>
        <Name>George</Name>
        <Email>gweasley@hogwarts.co.uk</Email>
      </Author>
    </Authors>
    <name>Book2</name>
  </book>
  <book year="2014" isbn="ISBN83763550019---11">
    <Authors>
      <Author>
        <Name>Fred</Name>
        <Email>fweasley@hogwarts.co.uk</Email>
      </Author>
      <Author>
        <Name>George</Name>
        <Email>gweasley@hogwarts.co.uk</Email>
      </Author>
    </Authors>
    <name>Book1</name>
  </book>
  <book year="2014" isbn="ISBN83763550019---11">
    <Authors>
      <Author>
        <Name>Fred</Name>
        <Email>fweasley@hogwarts.co.uk</Email>
      </Author>
      <Author>
        <Name>George</Name>
        <Email>gweasley@hogwarts.co.uk</Email>
      </Author>
    </Authors>
    <name>Book2</name>
  </book>
  <book year="2014" isbn="ISBN83763550019---11">
    <Authors>
      <Author>
        <Name>Fred</Name>
        <Email>fweasley@hogwarts.co.uk</Email>
      </Author>
      <Author>
        <Name>George</Name>
        <Email>gweasley@hogwarts.co.uk</Email>
      </Author>
    </Authors>
    <name>Book1</name>
  </book>
  <book year="2014" isbn="ISBN83763550019---11">
    <Authors>
      <Author>
        <Name>Fred</Name>
        <Email>fweasley@hogwarts.co.uk</Email>
      </Author>
      <Author>
        <Name>George</Name>
        <Email>gweasley@hogwarts.co.uk</Email>
      </Author>
    </Authors>
    <name>Book2</name>
  </book>
  <book year="2014" isbn="ISBN83763550019---11">
    <Authors>
      <Author>
        <Name>Fred</Name>
        <Email>fweasley@hogwarts.co.uk</Email>
      </Author>
      <Author>
        <Name>George</Name>
        <Email>gweasley@hogwarts.co.uk</Email>
      </Author>
    </Authors>
    <name>Book1</name>
  </book>
  <book year="2014" isbn="ISBN83763550019---11">
    <Authors>
      <Author>
        <Name>Fred</Name>
        <Email>fweasley@hogwarts.co.uk</Email>
      </Author>
      <Author>
        <Name>George</Name>
        <Email>gweasley@hogwarts.co.uk</Email>
      </Author>
    </Authors>
    <name>Book2</name>
  </book>
  <book year="2014" isbn="ISBN83763550019---11">
    <Authors>
      <Author>
        <Name>Fred</Name>
        <Email>fweasley@hogwarts.co.uk</Email>
      </Author>
      <Author>
        <Name>George</Name>
        <Email>gweasley@hogwarts.co.uk</Email>
      </Author>
    </Authors>
    <name>Book1</name>
  </book>
  <book year="2014" isbn="ISBN83763550019---11">
    <Authors>
      <Author>
        <Name>Fred</Name>
        <Email>fweasley@hogwarts.co.uk</Email>
      </Author>
      <Author>
        <Name>George</Name>
        <Email>gweasley@hogwarts.co.uk</Email>
      </Author>
    </Authors>
    <name>Book2</name>
  </book>
  <book year="2014" isbn="ISBN83763550019---11">
    <Authors>
      <Author>
        <Name>Fred</Name>
        <Email>fweasley@hogwarts.co.uk</Email>
      </Author>
      <Author>
        <Name>George</Name>
        <Email>gweasley@hogwarts.co.uk</Email>
      </Author>
    </Authors>
    <name>Book1</name>
  </book>
  <book year="2014" isbn="ISBN83763550019---11">
    <Authors>
      <Author>
        <Name>Fred</Name>
        <Email>fweasley@hogwarts.co.uk</Email>
      </Author>
      <Author>
        <Name>George</Name>
        <Email>gweasley@hogwarts.co.uk</Email>
      </Author>
    </Authors>
    <name>Book2</name>
  </book>
  <book year="2014" isbn="ISBN83763550019---11">
    <Authors>
      <Author>
        <Name>Fred</Name>
        <Email>fweasley@hogwarts.co.uk</Email>
      </Author>
      <Author>
        <Name>George</Name>
        <Email>gweasley@hogwarts.co.uk</Email>
      </Author>
    </Authors>
    <name>Book1</name>
  </book>
  <book year="2014" isbn="ISBN83763550019---11">
    <Authors>
      <Author>
        <Name>Fred</Name>
        <Email>fweasley@hogwarts.co.uk</Email>
      </Author>
      <Author>
        <Name>George</Name>
        <Email>gweasley@hogwarts.co.uk</Email>
      </Author>
    </Authors>
    <name>Book2</name>
  </book>
  <book year="2014" isbn="ISBN83763550019---11">
    <Authors>
      <Author>
        <Name>Fred</Name>
        <Email>fweasley@hogwarts.co.uk</Email>
      </Author>
      <Author>
        <Name>George</Name>
        <Email>gweasley@hogwarts.co.uk</Email>
      </Author>
    </Authors>
    <name>Book1</name>
  </book>
  <book year="2014" isbn="ISBN83763550019---11">
    <Authors>
      <Author>
        <Name>Fred</Name>
        <Email>fweasley@hogwarts.co.uk</Email>
      </Author>
      <Author>
        <Name>George</Name>
        <Email>gweasley@hogwarts.co.uk</Email>
      </Author>
    </Authors>
    <name>Book2</name>
  </book>
  <book year="2014" isbn="ISBN83763550019---11">
    <Authors>
      <Author>
        <Name>Fred</Name>
        <Email>fweasley@hogwarts.co.uk</Email>
      </Author>
      <Author>
        <Name>George</Name>
        <Email>gweasley@hogwarts.co.uk</Email>
      </Author>
    </Authors>
    <name>Book1</name>
  </book>
  <book year="2014" isbn="ISBN83763550019---11">
    <Authors>
      <Author>
        <Name>Fred</Name>
        <Email>fweasley@hogwarts.co.uk</Email>
      </Author>
      <Author>
        <Name>George</Name>
        <Email>gweasley@hogwarts.co.uk</Email>
      </Author>
    </Authors>
    <name>Book2</name>
  </book>
  <book year="2014" isbn="ISBN83763550019---11">
    <Authors>
      <Author>
        <Name>Fred</Name>
        <Email>fweasley@hogwarts.co.uk</Email>
      </Author>
      <Author>
        <Name>George</Name>
        <Email>gweasley@hogwarts.co.uk</Email>
      </Author>
    </Authors>
    <name>Book1</name>
  </book>
  <book year="2014" isbn="ISBN83763550019---11">
    <Authors>
      <Author>
        <Name>Fred</Name>
        <Email>fweasley@hogwarts.co.uk</Email>
      </Author>
      <Author>
        <Name>George</Name>
        <Email>gweasley@hogwarts.co.uk</Email>
      </Author>
    </Authors>
    <name>Book2</name>
  </book>
  <book year="2014" isbn="ISBN83763550019---11">
    <Authors>
      <Author>
        <Name>Fred</Name>
        <Email>fweasley@hogwarts.co.uk</Email>
      </Author>
      <Author>
        <Name>George</Name>
        <Email>gweasley@hogwarts.co.uk</Email>
      </Author>
    </Authors>
    <name>Book1</name>
  </book>
  <book year="2014" isbn="ISBN83763550019---11">
    <Authors>
      <Author>
        <Name>Fred</Name>
        <Email>fweasley@hogwarts.co.uk</Email>
      </Author>
      <Author>
        <Name>George</Name>
        <Email>gweasley@hogwarts.co.uk</Email>
      </Author>
    </Authors>
    <name>Book2</name>
  </book>
  <book year="2014" isbn="ISBN83763550019---11">
    <Authors>
      <Author>
        <Name>Fred</Name>
        <Email>fweasley@hogwarts.co.uk</Email>
      </Author>
      <Author>
        <Name>George</Name>
        <Email>gweasley@hogwarts.co.uk</Email>
      </Author>
    </Authors>
    <name>Book1</name>
  </book>
  <book year="2014" isbn="ISBN83763550019---11">
    <Authors>
      <Author>
        <Name>Fred</Name>
        <Email>fweasley@hogwarts.co.uk</Email>
      </Author>
      <Author>
        <Name>George</Name>
        <Email>gweasley@hogwarts.co.uk</Email>
      </Author>
    </Authors>
    <name>Book2</name>
  </book>
  <book year="2014" isbn="ISBN83763550019---11">
    <Authors>
      <Author>
        <Name>Fred</Name>
        <Email>fweasley@hogwarts.co.uk</Email>
      </Author>
      <Author>
        <Name>George</Name>
        <Email>gweasley@hogwarts.co.uk</Email>
      </Author>
    </Authors>
    <name>Book1</name>
  </book>
  <book year="2014" isbn="ISBN83763550019---11">
    <Authors>
      <Author>
        <Name>Fred</Name>
        <Email>fweasley@hogwarts.co.uk</Email>
      </Author>
      <Author>
        <Name>George</Name>
        <Email>gweasley@hogwarts.co.uk</Email>
      </Author>
    </Authors>
    <name>Book2</name>
  </book>
  <book year="2014" isbn="ISBN83763550019---11">
    <Authors>
      <Author>
        <Name>Fred</Name>
        <Email>fweasley@hogwarts.co.uk</Email>
      </Author>
      <Author>
        <Name>George</Name>
        <Email>gweasley@hogwarts.co.uk</Email>
      </Author>
    </Authors>
    <name>Book1</name>
  </book>
  <book year="2014" isbn="ISBN83763550019---11">
    <Authors>
      <Author>
        <Name>Fred</Name>
        <Email>fweasley@hogwarts.co.uk</Email>
      </Author>
      <Author>
        <Name>George</Name>
        <Email>gweasley@hogwarts.co.uk</Email>
      </Author>
    </Authors>
    <name>Book2</name>
  </book>
  <book year="2014" isbn="ISBN83763550019---11">
    <Authors>
      <Author>
        <Name>Fred</Name>
        <Email>fweasley@hogwarts.co.uk</Email>
      </Author>
      <Author>
        <Name>George</Name>
        <Email>gweasley@hogwarts.co.uk</Email>
      </Author>
    </Authors>
    <name>Book1</name>
  </book>
  <book year="2014" isbn="ISBN83763550019---11">
    <Authors>
      <Author>
        <Name>Fred</Name>
        <Email>fweasley@hogwarts.co.uk</Email>
      </Author>
      <Author>
        <Name>George</Name>
        <Email>gweasley@hogwarts.co.uk</Email>
      </Author>
    </Authors>
    <name>Book2</name>
  </book>
  <book year="2014" isbn="ISBN83763550019---11">
    <Authors>
      <Author>
        <Name>Fred</Name>
        <Email>fweasley@hogwarts.co.uk</Email>
      </Author>
      <Author>
        <Name>George</Name>
        <Email>gweasley@hogwarts.co.uk</Email>
      </Author>
    </Authors>
    <name>Book1</name>
  </book>
  <book year="2014" isbn="ISBN83763550019---11">
    <Authors>
      <Author>
        <Name>Fred</Name>
        <Email>fweasley@hogwarts.co.uk</Email>
      </Author>
      <Author>
        <Name>George</Name>
        <Email>gweasley@hogwarts.co.uk</Email>
      </Author>
    </Authors>
    <name>Book2</name>
  </book>
  <book year="2014" isbn="ISBN83763550019---11">
    <Authors>
      <Author>
        <Name>Fred</Name>
        <Email>fweasley@hogwarts.co.uk</Email>
      </Author>
      <Author>
        <Name>George</Name>
        <Email>gweasley@hogwarts.co.uk</Email>
      </Author>
    </Authors>
    <name>Book1</name>
  </book>
  <book year="2014" isbn="ISBN83763550019---11">
    <Authors>
      <Author>
        <Name>Fred</Name>
        <Email>fweasley@hogwarts.co.uk</Email>
      </Author>
      <Author>
        <Name>George</Name>
        <Email>gweasley@hogwarts.co.uk</Email>
      </Author>
    </Authors>
    <name>Book2</name>
  </book>
  <book year="2014" isbn="ISBN83763550019---11">
    <Authors>
      <Author>
        <Name>Fred</Name>
        <Email>fweasley@hogwarts.co.uk</Email>
      </Author>
      <Author>
        <Name>George</Name>
        <Email>gweasley@hogwarts.co.uk</Email>
      </Author>
    </Authors>
    <name>Book1</name>
  </book>
  <book year="2014" isbn="ISBN83763550019---11">
    <Authors>
      <Author>
        <Name>Fred</Name>
        <Email>fweasley@hogwarts.co.uk</Email>
      </Author>
      <Author>
        <Name>George</Name>
        <Email>gweasley@hogwarts.co.uk</Email>
      </Author>
    </Authors>
    <name>Book2</name>
  </book>
  <book year="2014" isbn="ISBN83763550019---11">
    <Authors>
      <Author>
        <Name>Fred</Name>
        <Email>fweasley@hogwarts.co.uk</Email>
      </Author>
      <Author>
        <Name>George</Name>
        <Email>gweasley@hogwarts.co.uk</Email>
      </Author>
    </Authors>
    <name>Book1</name>
  </book>
  <book year="2014" isbn="ISBN83763550019---11">
    <Authors>
      <Author>
        <Name>Fred</Name>
        <Email>fweasley@hogwarts.co.uk</Email>
      </Author>
      <Author>
        <Name>George</Name>
        <Email>gweasley@hogwarts.co.uk</Email>
      </Author>
    </Authors>
    <name>Book2</name>
  </book>
  <book year="2014" isbn="ISBN83763550019---11">
    <Authors>
      <Author>
        <Name>Fred</Name>
        <Email>fweasley@hogwarts.co.uk</Email>
      </Author>
      <Author>
        <Name>George</Name>
        <Email>gweasley@hogwarts.co.uk</Email>
      </Author>
    </Authors>
    <name>Book1</name>
  </book>
  <book year="2014" isbn="ISBN83763550019---11">
    <Authors>
      <Author>
        <Name>Fred</Name>
        <Email>fweasley@hogwarts.co.uk</Email>
      </Author>
      <Author>
        <Name>George</Name>
        <Email>gweasley@hogwarts.co.uk</Email>
      </Author>
    </Authors>
    <name>Book2</name>
  </book>
  <book year="2014" isbn="ISBN83763550019---11">
    <Authors>
      <Author>
        <Name>Fred</Name>
        <Email>fweasley@hogwarts.co.uk</Email>
      </Author>
      <Author>
        <Name>George</Name>
        <Email>gweasley@hogwarts.co.uk</Email>
      </Author>
    </Authors>
    <name>Book1</name>
  </book>
  <book year="2014" isbn="ISBN83763550019---11">
    <Authors>
      <Author>
        <Name>Fred</Name>
        <Email>fweasley@hogwarts.co.uk</Email>
      </Author>
      <Author>
        <Name>George</Name>
        <Email>gweasley@hogwarts.co.uk</Email>
      </Author>
    </Authors>
    <name>Book2</name>
  </book>
  <book year="2014" isbn="ISBN83763550019---11">
    <Authors>
      <Author>
        <Name>Fred</Name>
        <Email>fweasley@hogwarts.co.uk</Email>
      </Author>
      <Author>
        <Name>George</Name>
        <Email>gweasley@hogwarts.co.uk</Email>
      </Author>
    </Authors>
    <name>Book1</name>
  </book>
  <book year="2014" isbn="ISBN83763550019---11">
    <Authors>
      <Author>
        <Name>Fred</Name>
        <Email>fweasley@hogwarts.co.uk</Email>
      </Author>
      <Author>
        <Name>George</Name>
        <Email>gweasley@hogwarts.co.uk</Email>
      </Author>
    </Authors>
    <name>Book2</name>
  </book>
  <book year="2014" isbn="ISBN83763550019---11">
    <Authors>
      <Author>
        <Name>Fred</Name>
        <Email>fweasley@hogwarts.co.uk</Email>
      </Author>
      <Author>
        <Name>George</Name>
        <Email>gweasley@hogwarts.co.uk</Email>
      </Author>
    </Authors>
    <name>Book1</name>
  </book>
  <book year="2014" isbn="ISBN83763550019---11">
    <Authors>
      <Author>
        <Name>Fred</Name>
        <Email>fweasley@hogwarts.co.uk</Email>
      </Author>
      <Author>
        <Name>George</Name>
        <Email>gweasley@hogwarts.co.uk</Email>
      </Author>
    </Authors>
    <name>Book2</name>
  </book>
  <book>
    <Authors>
      <Author>
        <Name>Fred</Name>
        <Email>fweasley@hogwarts.co.uk</Email>
      </Author>
      <Author>
        <Name>George</Name>
        <Email>gweasley@hogwarts.co.uk</Email>
      </Author>
    </Authors>
    <name>Book1</name>
  </book>
  <book>
    <Authors>
      <Author>
        <Name>Fred</Name>
        <Email>fweasley@hogwarts.co.uk</Email>
      </Author>
      <Author>
        <Name>George</Name>
        <Email>gweasley@hogwarts.co.uk</Email>
      </Author>
    </Authors>
    <name>Book1</name>
  </book>
  <book>
    <Authors>
      <Author>
        <Name>Fred</Name>
        <Email>fweasley@hogwarts.co.uk</Email>
      </Author>
      <Author>
        <Name>George</Name>
        <Email>gweasley@hogwarts.co.uk</Email>
      </Author>
    </Authors>
    <name>Book1</name>
  </book>
  <book>
    <Authors>
      <Author>
        <Name>Fred</Name>
        <Email>fweasley@hogwarts.co.uk</Email>
      </Author>
      <Author>
        <Name>George</Name>
        <Email>gweasley@hogwarts.co.uk</Email>
      </Author>
    </Authors>
    <name>Book1</name>
  </book>
  <book>
    <Authors>
      <Author>
        <Name>Fred</Name>
        <Email>fweasley@hogwarts.co.uk</Email>
      </Author>
      <Author>
        <Name>George</Name>
        <Email>gweasley@hogwarts.co.uk</Email>
      </Author>
    </Authors>
    <name>Book1</name>
  </book>
  <book>
    <Authors>
      <Author>
        <Name>Fred</Name>
        <Email>fweasley@hogwarts.co.uk</Email>
      </Author>
      <Author>
        <Name>George</Name>
        <Email>gweasley@hogwarts.co.uk</Email>
      </Author>
    </Authors>
    <name>Book1</name>
  </book>
  <book>
    <Authors>
      <Author>
        <Name>Fred</Name>
        <Email>fweasley@hogwarts.co.uk</Email>
      </Author>
      <Author>
        <Name>George</Name>
        <Email>gweasley@hogwarts.co.uk</Email>
      </Author>
    </Authors>
    <name>Book1</name>
  </book>
  <book>
    <Authors>
      <Author>
        <Name>Fred</Name>
        <Email>fweasley@hogwarts.co.uk</Email>
      </Author>
      <Author>
        <Name>George</Name>
        <Email>gweasley@hogwarts.co.uk</Email>
      </Author>
    </Authors>
    <name>Book1</name>
  </book>
  <book>
    <Authors>
      <Author>
        <Name>Fred</Name>
        <Email>fweasley@hogwarts.co.uk</Email>
      </Author>
      <Author>
        <Name>George</Name>
        <Email>gweasley@hogwarts.co.uk</Email>
      </Author>
    </Authors>
    <name>Book1</name>
  </book>
  <book>
    <Authors>
      <Author>
        <Name>Fred</Name>
        <Email>fweasley@hogwarts.co.uk</Email>
      </Author>
      <Author>
        <Name>George</Name>
        <Email>gweasley@hogwarts.co.uk</Email>
      </Author>
    </Authors>
    <name>Book1</name>
  </book>
  <book>
    <Authors>
      <Author>
        <Name>Fred</Name>
        <Email>fweasley@hogwarts.co.uk</Email>
      </Author>
      <Author>
        <Name>George</Name>
        <Email>gweasley@hogwarts.co.uk</Email>
      </Author>
    </Authors>
    <name>Book1</name>
  </book>
  <book>
    <Authors>
      <Author>
        <Name>Fred</Name>
        <Email>fweasley@hogwarts.co.uk</Email>
      </Author>
      <Author>
        <Name>George</Name>
        <Email>gweasley@hogwarts.co.uk</Email>
      </Author>
    </Authors>
    <name>Book1</name>
  </book>
  <book>
    <Authors>
      <Author>
        <Name>Fred</Name>
        <Email>fweasley@hogwarts.co.uk</Email>
      </Author>
      <Author>
        <Name>George</Name>
        <Email>gweasley@hogwarts.co.uk</Email>
      </Author>
    </Authors>
    <name>Book1</name>
  </book>
  <book>
    <Authors>
      <Author>
        <Name>Fred</Name>
        <Email>fweasley@hogwarts.co.uk</Email>
      </Author>
      <Author>
        <Name>George</Name>
        <Email>gweasley@hogwarts.co.uk</Email>
      </Author>
    </Authors>
    <name>Book1</name>
  </book>
  <book>
    <Authors>
      <Author>
        <Name>Fred</Name>
        <Email>fweasley@hogwarts.co.uk</Email>
      </Author>
      <Author>
        <Name>George</Name>
        <Email>gweasley@hogwarts.co.uk</Email>
      </Author>
    </Authors>
    <name>Book1</name>
  </book>
  <book>
    <Authors>
      <Author>
        <Name>Fred</Name>
        <Email>fweasley@hogwarts.co.uk</Email>
      </Author>
      <Author>
        <Name>George</Name>
        <Email>gweasley@hogwarts.co.uk</Email>
      </Author>
    </Authors>
    <name>Book1</name>
  </book>
  <book>
    <Authors>
      <Author>
        <Name>Fred</Name>
        <Email>fweasley@hogwarts.co.uk</Email>
      </Author>
      <Author>
        <Name>George</Name>
        <Email>gweasley@hogwarts.co.uk</Email>
      </Author>
    </Authors>
    <name>Book1</name>
  </book>
  <book>
    <Authors>
      <Author>
        <Name>Fred</Name>
        <Email>fweasley@hogwarts.co.uk</Email>
      </Author>
      <Author>
        <Name>George</Name>
        <Email>gweasley@hogwarts.co.uk</Email>
      </Author>
    </Authors>
    <name>Book1</name>
  </book>
  <book>
    <Authors>
      <Author>
        <Name>Fred</Name>
        <Email>fweasley@hogwarts.co.uk</Email>
      </Author>
      <Author>
        <Name>George</Name>
        <Email>gweasley@hogwarts.co.uk</Email>
      </Author>
    </Authors>
    <name>Book1</name>
  </book>
  <book>
    <Authors>
      <Author>
        <Name>Fred</Name>
        <Email>fweasley@hogwarts.co.uk</Email>
      </Author>
      <Author>
        <Name>George</Name>
        <Email>gweasley@hogwarts.co.uk</Email>
      </Author>
    </Authors>
    <name>Book1</name>
  </book>
  <book>
    <Authors>
      <Author>
        <Name>Fred</Name>
        <Email>fweasley@hogwarts.co.uk</Email>
      </Author>
      <Author>
        <Name>George</Name>
        <Email>gweasley@hogwarts.co.uk</Email>
      </Author>
    </Authors>
    <name>Book1</name>
  </book>
  <book>
    <Authors>
      <Author>
        <Name>Fred</Name>
        <Email>fweasley@hogwarts.co.uk</Email>
      </Author>
      <Author>
        <Name>George</Name>
        <Email>gweasley@hogwarts.co.uk</Email>
      </Author>
    </Authors>
    <name>Book1</name>
  </book>
  <book>
    <Authors>
      <Author>
        <Name>Fred</Name>
        <Email>fweasley@hogwarts.co.uk</Email>
      </Author>
      <Author>
        <Name>George</Name>
        <Email>gweasley@hogwarts.co.uk</Email>
      </Author>
    </Authors>
    <name>Book1</name>
  </book>
  <book>
    <Authors>
      <Author>
        <Name>Fred</Name>
        <Email>fweasley@hogwarts.co.uk</Email>
      </Author>
      <Author>
        <Name>George</Name>
        <Email>gweasley@hogwarts.co.uk</Email>
      </Author>
    </Authors>
    <name>Book1</name>
  </book>
  <book>
    <Authors>
      <Author>
        <Name>Fred</Name>
        <Email>fweasley@hogwarts.co.uk</Email>
      </Author>
      <Author>
        <Name>George</Name>
        <Email>gweasley@hogwarts.co.uk</Email>
      </Author>
    </Authors>
    <name>Book1</name>
  </book>
  <book>
    <Authors>
      <Author>
        <Name>Fred</Name>
        <Email>fweasley@hogwarts.co.uk</Email>
      </Author>
      <Author>
        <Name>George</Name>
        <Email>gweasley@hogwarts.co.uk</Email>
      </Author>
    </Authors>
    <name>Book1</name>
  </book>
  <book>
    <Authors>
      <Author>
        <Name>Fred</Name>
        <Email>fweasley@hogwarts.co.uk</Email>
      </Author>
      <Author>
        <Name>George</Name>
        <Email>gweasley@hogwarts.co.uk</Email>
      </Author>
    </Authors>
    <name>Book1</name>
  </book>
  <book>
    <Authors>
      <Author>
        <Name>Fred</Name>
        <Email>fweasley@hogwarts.co.uk</Email>
      </Author>
      <Author>
        <Name>George</Name>
        <Email>gweasley@hogwarts.co.uk</Email>
      </Author>
    </Authors>
    <name>Book1</name>
  </book>
  <book>
    <Authors>
      <Author>
        <Name>Fred</Name>
        <Email>fweasley@hogwarts.co.uk</Email>
      </Author>
      <Author>
        <Name>George</Name>
        <Email>gweasley@hogwarts.co.uk</Email>
      </Author>
    </Authors>
    <name>Book1</name>
  </book>
  <book>
    <Authors>
      <Author>
        <Name>Fred</Name>
        <Email>fweasley@hogwarts.co.uk</Email>
      </Author>
      <Author>
        <Name>George</Name>
        <Email>gweasley@hogwarts.co.uk</Email>
      </Author>
    </Authors>
    <name>Book1</name>
  </book>
  <book>
    <Authors>
      <Author>
        <Name>Fred</Name>
        <Email>fweasley@hogwarts.co.uk</Email>
      </Author>
      <Author>
        <Name>George</Name>
        <Email>gweasley@hogwarts.co.uk</Email>
      </Author>
    </Authors>
    <name>Book1</name>
  </book>
  <book>
    <Authors>
      <Author>
        <Name>Fred</Name>
        <Email>fweasley@hogwarts.co.uk</Email>
      </Author>
      <Author>
        <Name>George</Name>
        <Email>gweasley@hogwarts.co.uk</Email>
      </Author>
    </Authors>
    <name>Book1</name>
  </book>
  <book>
    <Authors>
      <Author>
        <Name>Fred</Name>
        <Email>fweasley@hogwarts.co.uk</Email>
      </Author>
      <Author>
        <Name>George</Name>
        <Email>gweasley@hogwarts.co.uk</Email>
      </Author>
    </Authors>
    <name>Book1</name>
  </book>
  <book>
    <Authors>
      <Author>
        <Name>Fred</Name>
        <Email>fweasley@hogwarts.co.uk</Email>
      </Author>
      <Author>
        <Name>George</Name>
        <Email>gweasley@hogwarts.co.uk</Email>
      </Author>
    </Authors>
    <name>Book1</name>
  </book>
  <book>
    <Authors>
      <Author>
        <Name>Fred</Name>
        <Email>fweasley@hogwarts.co.uk</Email>
      </Author>
      <Author>
        <Name>George</Name>
        <Email>gweasley@hogwarts.co.uk</Email>
      </Author>
    </Authors>
    <name>Book1</name>
  </book>
  <book>
    <Authors>
      <Author>
        <Name>Fred</Name>
        <Email>fweasley@hogwarts.co.uk</Email>
      </Author>
      <Author>
        <Name>George</Name>
        <Email>gweasley@hogwarts.co.uk</Email>
      </Author>
    </Authors>
    <name>Book1</name>
  </book>
  <book>
    <Authors>
      <Author>
        <Name>Fred</Name>
        <Email>fweasley@hogwarts.co.uk</Email>
      </Author>
      <Author>
        <Name>George</Name>
        <Email>gweasley@hogwarts.co.uk</Email>
      </Author>
    </Authors>
    <name>Book1</name>
  </book>
  <book>
    <Authors>
      <Author>
        <Name>Fred</Name>
        <Email>fweasley@hogwarts.co.uk</Email>
      </Author>
      <Author>
        <Name>George</Name>
        <Email>gweasley@hogwarts.co.uk</Email>
      </Author>
    </Authors>
    <name>Book1</name>
  </book>
  <book>
    <Authors>
      <Author>
        <Name>Fred</Name>
        <Email>fweasley@hogwarts.co.uk</Email>
      </Author>
      <Author>
        <Name>George</Name>
        <Email>gweasley@hogwarts.co.uk</Email>
      </Author>
    </Authors>
    <name>Book1</name>
  </book>
  <book>
    <Authors>
      <Author>
        <Name>Fred</Name>
        <Email>fweasley@hogwarts.co.uk</Email>
      </Author>
      <Author>
        <Name>George</Name>
        <Email>gweasley@hogwarts.co.uk</Email>
      </Author>
    </Authors>
    <name>Book1</name>
  </book>
  <book>
    <Authors>
      <Author>
        <Name>Fred</Name>
        <Email>fweasley@hogwarts.co.uk</Email>
      </Author>
      <Author>
        <Name>George</Name>
        <Email>gweasley@hogwarts.co.uk</Email>
      </Author>
    </Authors>
    <name>Book1</name>
  </book>
  <book>
    <Authors>
      <Author>
        <Name>Fred</Name>
        <Email>fweasley@hogwarts.co.uk</Email>
      </Author>
      <Author>
        <Name>George</Name>
        <Email>gweasley@hogwarts.co.uk</Email>
      </Author>
    </Authors>
    <name>Book1</name>
  </book>
  <book>
    <Authors>
      <Author>
        <Name>Fred</Name>
        <Email>fweasley@hogwarts.co.uk</Email>
      </Author>
      <Author>
        <Name>George</Name>
        <Email>gweasley@hogwarts.co.uk</Email>
      </Author>
    </Authors>
    <name>Book1</name>
  </book>
  <book>
    <Authors>
      <Author>
        <Name>Fred</Name>
        <Email>fweasley@hogwarts.co.uk</Email>
      </Author>
      <Author>
        <Name>George</Name>
        <Email>gweasley@hogwarts.co.uk</Email>
      </Author>
    </Authors>
    <name>Book1</name>
  </book>
  <book>
    <Authors>
      <Author>
        <Name>Fred</Name>
        <Email>fweasley@hogwarts.co.uk</Email>
      </Author>
      <Author>
        <Name>George</Name>
        <Email>gweasley@hogwarts.co.uk</Email>
      </Author>
    </Authors>
    <name>Book1</name>
  </book>
  <book>
    <Authors>
      <Author>
        <Name>Fred</Name>
        <Email>fweasley@hogwarts.co.uk</Email>
      </Author>
      <Author>
        <Name>George</Name>
        <Email>gweasley@hogwarts.co.uk</Email>
      </Author>
    </Authors>
    <name>Book1</name>
  </book>
  <book>
    <Authors>
      <Author>
        <Name>Fred</Name>
        <Email>fweasley@hogwarts.co.uk</Email>
      </Author>
      <Author>
        <Name>George</Name>
        <Email>gweasley@hogwarts.co.uk</Email>
      </Author>
    </Authors>
    <name>Book1</name>
  </book>
  <book>
    <Authors>
      <Author>
        <Name>Fred</Name>
        <Email>fweasley@hogwarts.co.uk</Email>
      </Author>
      <Author>
        <Name>George</Name>
        <Email>gweasley@hogwarts.co.uk</Email>
      </Author>
    </Authors>
    <name>Book1</name>
  </book>
  <book>
    <Authors>
      <Author>
        <Name>Fred</Name>
        <Email>fweasley@hogwarts.co.uk</Email>
      </Author>
      <Author>
        <Name>George</Name>
        <Email>gweasley@hogwarts.co.uk</Email>
      </Author>
    </Authors>
    <name>Book1</name>
  </book>
  <book>
    <Authors>
      <Author>
        <Name>Fred</Name>
        <Email>fweasley@hogwarts.co.uk</Email>
      </Author>
      <Author>
        <Name>George</Name>
        <Email>gweasley@hogwarts.co.uk</Email>
      </Author>
    </Authors>
    <name>Book1</name>
  </book>
  <book>
    <Authors>
      <Author>
        <Name>Fred</Name>
        <Email>fweasley@hogwarts.co.uk</Email>
      </Author>
      <Author>
        <Name>George</Name>
        <Email>gweasley@hogwarts.co.uk</Email>
      </Author>
    </Authors>
    <name>Book1</name>
  </book>
  <book>
    <Authors>
      <Author>
        <Name>Fred</Name>
        <Email>fweasley@hogwarts.co.uk</Email>
      </Author>
      <Author>
        <Name>George</Name>
        <Email>gweasley@hogwarts.co.uk</Email>
      </Author>
    </Authors>
    <name>Book1</name>
  </book>
  <book>
    <Authors>
      <Author>
        <Name>Fred</Name>
        <Email>fweasley@hogwarts.co.uk</Email>
      </Author>
      <Author>
        <Name>George</Name>
        <Email>gweasley@hogwarts.co.uk</Email>
      </Author>
    </Authors>
    <name>Book1</name>
  </book>
  <book>
    <Authors>
      <Author>
        <Name>Fred</Name>
        <Email>fweasley@hogwarts.co.uk</Email>
      </Author>
      <Author>
        <Name>George</Name>
        <Email>gweasley@hogwarts.co.uk</Email>
      </Author>
    </Authors>
    <name>Book1</name>
  </book>
  <book>
    <Authors>
      <Author>
        <Name>Fred</Name>
        <Email>fweasley@hogwarts.co.uk</Email>
      </Author>
      <Author>
        <Name>George</Name>
        <Email>gweasley@hogwarts.co.uk</Email>
      </Author>
    </Authors>
    <name>Book1</name>
  </book>
  <book>
    <Authors>
      <Author>
        <Name>Fred</Name>
        <Email>fweasley@hogwarts.co.uk</Email>
      </Author>
      <Author>
        <Name>George</Name>
        <Email>gweasley@hogwarts.co.uk</Email>
      </Author>
    </Authors>
    <name>Book1</name>
  </book>
  <book>
    <Authors>
      <Author>
        <Name>Fred</Name>
        <Email>fweasley@hogwarts.co.uk</Email>
      </Author>
      <Author>
        <Name>George</Name>
        <Email>gweasley@hogwarts.co.uk</Email>
      </Author>
    </Authors>
    <name>Book1</name>
  </book>
  <book>
    <Authors>
      <Author>
        <Name>Fred</Name>
        <Email>fweasley@hogwarts.co.uk</Email>
      </Author>
      <Author>
        <Name>George</Name>
        <Email>gweasley@hogwarts.co.uk</Email>
      </Author>
    </Authors>
    <name>Book1</name>
  </book>
  <book>
    <Authors>
      <Author>
        <Name>Fred</Name>
        <Email>fweasley@hogwarts.co.uk</Email>
      </Author>
      <Author>
        <Name>George</Name>
        <Email>gweasley@hogwarts.co.uk</Email>
      </Author>
    </Authors>
    <name>Book1</name>
  </book>
  <book>
    <Authors>
      <Author>
        <Name>Fred</Name>
        <Email>fweasley@hogwarts.co.uk</Email>
      </Author>
      <Author>
        <Name>George</Name>
        <Email>gweasley@hogwarts.co.uk</Email>
      </Author>
    </Authors>
    <name>Book1</name>
  </book>
  <book>
    <Authors>
      <Author>
        <Name>Fred</Name>
        <Email>fweasley@hogwarts.co.uk</Email>
      </Author>
      <Author>
        <Name>George</Name>
        <Email>gweasley@hogwarts.co.uk</Email>
      </Author>
    </Authors>
    <name>Book1</name>
  </book>
  <book>
    <Authors>
      <Author>
        <Name>Fred</Name>
        <Email>fweasley@hogwarts.co.uk</Email>
      </Author>
      <Author>
        <Name>George</Name>
        <Email>gweasley@hogwarts.co.uk</Email>
      </Author>
    </Authors>
    <name>Book1</name>
  </book>
  <book>
    <Authors>
      <Author>
        <Name>Fred</Name>
        <Email>fweasley@hogwarts.co.uk</Email>
      </Author>
      <Author>
        <Name>George</Name>
        <Email>gweasley@hogwarts.co.uk</Email>
      </Author>
    </Authors>
    <name>Book1</name>
  </book>
  <book>
    <Authors>
      <Author>
        <Name>Fred</Name>
        <Email>fweasley@hogwarts.co.uk</Email>
      </Author>
      <Author>
        <Name>George</Name>
        <Email>gweasley@hogwarts.co.uk</Email>
      </Author>
    </Authors>
    <name>Book1</name>
  </book>
  <book>
    <Authors>
      <Author>
        <Name>Fred</Name>
        <Email>fweasley@hogwarts.co.uk</Email>
      </Author>
      <Author>
        <Name>George</Name>
        <Email>gweasley@hogwarts.co.uk</Email>
      </Author>
    </Authors>
    <name>Book1</name>
  </book>
  <book>
    <Authors>
      <Author>
        <Name>Fred</Name>
        <Email>fweasley@hogwarts.co.uk</Email>
      </Author>
      <Author>
        <Name>George</Name>
        <Email>gweasley@hogwarts.co.uk</Email>
      </Author>
    </Authors>
    <name>Book1</name>
  </book>
  <book>
    <Authors>
      <Author>
        <Name>Fred</Name>
        <Email>fweasley@hogwarts.co.uk</Email>
      </Author>
      <Author>
        <Name>George</Name>
        <Email>gweasley@hogwarts.co.uk</Email>
      </Author>
    </Authors>
    <name>Book1</name>
  </book>
  <book>
    <Authors>
      <Author>
        <Name>Fred</Name>
        <Email>fweasley@hogwarts.co.uk</Email>
      </Author>
      <Author>
        <Name>George</Name>
        <Email>gweasley@hogwarts.co.uk</Email>
      </Author>
    </Authors>
    <name>Book1</name>
  </book>
  <book>
    <Authors>
      <Author>
        <Name>Fred</Name>
        <Email>fweasley@hogwarts.co.uk</Email>
      </Author>
      <Author>
        <Name>George</Name>
        <Email>gweasley@hogwarts.co.uk</Email>
      </Author>
    </Authors>
    <name>Book1</name>
  </book>
  <book>
    <Authors>
      <Author>
        <Name>Fred</Name>
        <Email>fweasley@hogwarts.co.uk</Email>
      </Author>
      <Author>
        <Name>George</Name>
        <Email>gweasley@hogwarts.co.uk</Email>
      </Author>
    </Authors>
    <name>Book1</name>
  </book>
  <book>
    <Authors>
      <Author>
        <Name>Fred</Name>
        <Email>fweasley@hogwarts.co.uk</Email>
      </Author>
      <Author>
        <Name>George</Name>
        <Email>gweasley@hogwarts.co.uk</Email>
      </Author>
    </Authors>
    <name>Book1</name>
  </book>
  <book>
    <Authors>
      <Author>
        <Name>Fred</Name>
        <Email>fweasley@hogwarts.co.uk</Email>
      </Author>
      <Author>
        <Name>George</Name>
        <Email>gweasley@hogwarts.co.uk</Email>
      </Author>
    </Authors>
    <name>Book1</name>
  </book>
  <book>
    <Authors>
      <Author>
        <Name>Fred</Name>
        <Email>fweasley@hogwarts.co.uk</Email>
      </Author>
      <Author>
        <Name>George</Name>
        <Email>gweasley@hogwarts.co.uk</Email>
      </Author>
    </Authors>
    <name>Book1</name>
  </book>
  <book>
    <Authors>
      <Author>
        <Name>Fred</Name>
        <Email>fweasley@hogwarts.co.uk</Email>
      </Author>
      <Author>
        <Name>George</Name>
        <Email>gweasley@hogwarts.co.uk</Email>
      </Author>
    </Authors>
    <name>Book1</name>
  </book>
  <book>
    <Authors>
      <Author>
        <Name>Fred</Name>
        <Email>fweasley@hogwarts.co.uk</Email>
      </Author>
      <Author>
        <Name>George</Name>
        <Email>gweasley@hogwarts.co.uk</Email>
      </Author>
    </Authors>
    <name>Book1</name>
  </book>
  <book>
    <Authors>
      <Author>
        <Name>Fred</Name>
        <Email>fweasley@hogwarts.co.uk</Email>
      </Author>
      <Author>
        <Name>George</Name>
        <Email>gweasley@hogwarts.co.uk</Email>
      </Author>
    </Authors>
    <name>Book1</name>
  </book>
  <book>
    <Authors>
      <Author>
        <Name>Fred</Name>
        <Email>fweasley@hogwarts.co.uk</Email>
      </Author>
      <Author>
        <Name>George</Name>
        <Email>gweasley@hogwarts.co.uk</Email>
      </Author>
    </Authors>
    <name>Book1</name>
  </book>
  <book>
    <Authors>
      <Author>
        <Name>Fred</Name>
        <Email>fweasley@hogwarts.co.uk</Email>
      </Author>
      <Author>
        <Name>George</Name>
        <Email>gweasley@hogwarts.co.uk</Email>
      </Author>
    </Authors>
    <name>Book1</name>
  </book>
  <book>
    <Authors>
      <Author>
        <Name>Fred</Name>
        <Email>fweasley@hogwarts.co.uk</Email>
      </Author>
      <Author>
        <Name>George</Name>
        <Email>gweasley@hogwarts.co.uk</Email>
      </Author>
    </Authors>
    <name>Book1</name>
  </book>
  <book>
    <Authors>
      <Author>
        <Name>Fred</Name>
        <Email>fweasley@hogwarts.co.uk</Email>
      </Author>
      <Author>
        <Name>George</Name>
        <Email>gweasley@hogwarts.co.uk</Email>
      </Author>
    </Authors>
    <name>Book1</name>
  </book>
  <book>
    <Authors>
      <Author>
        <Name>Fred</Name>
        <Email>fweasley@hogwarts.co.uk</Email>
      </Author>
      <Author>
        <Name>George</Name>
        <Email>gweasley@hogwarts.co.uk</Email>
      </Author>
    </Authors>
    <name>Book1</name>
  </book>
  <book>
    <Authors>
      <Author>
        <Name>Fred</Name>
        <Email>fweasley@hogwarts.co.uk</Email>
      </Author>
      <Author>
        <Name>George</Name>
        <Email>gweasley@hogwarts.co.uk</Email>
      </Author>
    </Authors>
    <name>Book1</name>
  </book>
  <book>
    <Authors>
      <Author>
        <Name>Fred</Name>
        <Email>fweasley@hogwarts.co.uk</Email>
      </Author>
      <Author>
        <Name>George</Name>
        <Email>gweasley@hogwarts.co.uk</Email>
      </Author>
    </Authors>
    <name>Book1</name>
  </book>
  <book>
    <Authors>
      <Author>
        <Name>Fred</Name>
        <Email>fweasley@hogwarts.co.uk</Email>
      </Author>
      <Author>
        <Name>George</Name>
        <Email>gweasley@hogwarts.co.uk</Email>
      </Author>
    </Authors>
    <name>Book1</name>
  </book>
  <book>
    <Authors>
      <Author>
        <Name>Fred</Name>
        <Email>fweasley@hogwarts.co.uk</Email>
      </Author>
      <Author>
        <Name>George</Name>
        <Email>gweasley@hogwarts.co.uk</Email>
      </Author>
    </Authors>
    <name>Book1</name>
  </book>
  <book>
    <Authors>
      <Author>
        <Name>Fred</Name>
        <Email>fweasley@hogwarts.co.uk</Email>
      </Author>
      <Author>
        <Name>George</Name>
        <Email>gweasley@hogwarts.co.uk</Email>
      </Author>
    </Authors>
    <name>Book1</name>
  </book>
  <book>
    <Authors>
      <Author>
        <Name>Fred</Name>
        <Email>fweasley@hogwarts.co.uk</Email>
      </Author>
      <Author>
        <Name>George</Name>
        <Email>gweasley@hogwarts.co.uk</Email>
      </Author>
    </Authors>
    <name>Book1</name>
  </book>
  <book>
    <Authors>
      <Author>
        <Name>Fred</Name>
        <Email>fweasley@hogwarts.co.uk</Email>
      </Author>
      <Author>
        <Name>George</Name>
        <Email>gweasley@hogwarts.co.uk</Email>
      </Author>
    </Authors>
    <name>Book1</name>
  </book>
  <book>
    <Authors>
      <Author>
        <Name>Fred</Name>
        <Email>fweasley@hogwarts.co.uk</Email>
      </Author>
      <Author>
        <Name>George</Name>
        <Email>gweasley@hogwarts.co.uk</Email>
      </Author>
    </Authors>
    <name>Book1</name>
  </book>
  <book>
    <Authors>
      <Author>
        <Name>Fred</Name>
        <Email>fweasley@hogwarts.co.uk</Email>
      </Author>
      <Author>
        <Name>George</Name>
        <Email>gweasley@hogwarts.co.uk</Email>
      </Author>
    </Authors>
    <name>Book1</name>
  </book>
  <book>
    <Authors>
      <Author>
        <Name>Fred</Name>
        <Email>fweasley@hogwarts.co.uk</Email>
      </Author>
      <Author>
        <Name>George</Name>
        <Email>gweasley@hogwarts.co.uk</Email>
      </Author>
    </Authors>
    <name>Book1</name>
  </book>
  <book>
    <Authors>
      <Author>
        <Name>Fred</Name>
        <Email>fweasley@hogwarts.co.uk</Email>
      </Author>
      <Author>
        <Name>George</Name>
        <Email>gweasley@hogwarts.co.uk</Email>
      </Author>
    </Authors>
    <name>Book1</name>
  </book>
  <book>
    <Authors>
      <Author>
        <Name>Fred</Name>
        <Email>fweasley@hogwarts.co.uk</Email>
      </Author>
      <Author>
        <Name>George</Name>
        <Email>gweasley@hogwarts.co.uk</Email>
      </Author>
    </Authors>
    <name>Book1</name>
  </book>
  <book>
    <Authors>
      <Author>
        <Name>Fred</Name>
        <Email>fweasley@hogwarts.co.uk</Email>
      </Author>
      <Author>
        <Name>George</Name>
        <Email>gweasley@hogwarts.co.uk</Email>
      </Author>
    </Authors>
    <name>Book1</name>
  </book>
  <book>
    <Authors>
      <Author>
        <Name>Fred</Name>
        <Email>fweasley@hogwarts.co.uk</Email>
      </Author>
      <Author>
        <Name>George</Name>
        <Email>gweasley@hogwarts.co.uk</Email>
      </Author>
    </Authors>
    <name>Book1</name>
  </book>
  <book>
    <Authors>
      <Author>
        <Name>Fred</Name>
        <Email>fweasley@hogwarts.co.uk</Email>
      </Author>
      <Author>
        <Name>George</Name>
        <Email>gweasley@hogwarts.co.uk</Email>
      </Author>
    </Authors>
    <name>Book1</name>
  </book>
  <book>
    <Authors>
      <Author>
        <Name>Fred</Name>
        <Email>fweasley@hogwarts.co.uk</Email>
      </Author>
      <Author>
        <Name>George</Name>
        <Email>gweasley@hogwarts.co.uk</Email>
      </Author>
    </Authors>
    <name>Book1</name>
  </book>
  <book>
    <Authors>
      <Author>
        <Name>Fred</Name>
        <Email>fweasley@hogwarts.co.uk</Email>
      </Author>
      <Author>
        <Name>George</Name>
        <Email>gweasley@hogwarts.co.uk</Email>
      </Author>
    </Authors>
    <name>Book1</name>
  </book>
  <book>
    <Authors>
      <Author>
        <Name>Fred</Name>
        <Email>fweasley@hogwarts.co.uk</Email>
      </Author>
      <Author>
        <Name>George</Name>
        <Email>gweasley@hogwarts.co.uk</Email>
      </Author>
    </Authors>
    <name>Book1</name>
  </book>
  <book>
    <Authors>
      <Author>
        <Name>Fred</Name>
        <Email>fweasley@hogwarts.co.uk</Email>
      </Author>
      <Author>
        <Name>George</Name>
        <Email>gweasley@hogwarts.co.uk</Email>
      </Author>
    </Authors>
    <name>Book1</name>
  </book>
  <book>
    <Authors>
      <Author>
        <Name>Fred</Name>
        <Email>fweasley@hogwarts.co.uk</Email>
      </Author>
      <Author>
        <Name>George</Name>
        <Email>gweasley@hogwarts.co.uk</Email>
      </Author>
    </Authors>
    <name>Book1</name>
  </book>
  <book>
    <Authors>
      <Author>
        <Name>Fred</Name>
        <Email>fweasley@hogwarts.co.uk</Email>
      </Author>
      <Author>
        <Name>George</Name>
        <Email>gweasley@hogwarts.co.uk</Email>
      </Author>
    </Authors>
    <name>Book1</name>
  </book>
  <book>
    <Authors>
      <Author>
        <Name>Fred</Name>
        <Email>fweasley@hogwarts.co.uk</Email>
      </Author>
      <Author>
        <Name>George</Name>
        <Email>gweasley@hogwarts.co.uk</Email>
      </Author>
    </Authors>
    <name>Book1</name>
  </book>
  <book>
    <Authors>
      <Author>
        <Name>Fred</Name>
        <Email>fweasley@hogwarts.co.uk</Email>
      </Author>
      <Author>
        <Name>George</Name>
        <Email>gweasley@hogwarts.co.uk</Email>
      </Author>
    </Authors>
    <name>Book1</name>
  </book>
  <book>
    <Authors>
      <Author>
        <Name>Fred</Name>
        <Email>fweasley@hogwarts.co.uk</Email>
      </Author>
      <Author>
        <Name>George</Name>
        <Email>gweasley@hogwarts.co.uk</Email>
      </Author>
    </Authors>
    <name>Book1</name>
  </book>
  <book>
    <Authors>
      <Author>
        <Name>Fred</Name>
        <Email>fweasley@hogwarts.co.uk</Email>
      </Author>
      <Author>
        <Name>George</Name>
        <Email>gweasley@hogwarts.co.uk</Email>
      </Author>
    </Authors>
    <name>Book1</name>
  </book>
  <book>
    <Authors>
      <Author>
        <Name>Fred</Name>
        <Email>fweasley@hogwarts.co.uk</Email>
      </Author>
      <Author>
        <Name>George</Name>
        <Email>gweasley@hogwarts.co.uk</Email>
      </Author>
    </Authors>
    <name>Book1</name>
  </book>
  <book>
    <Authors>
      <Author>
        <Name>Fred</Name>
        <Email>fweasley@hogwarts.co.uk</Email>
      </Author>
      <Author>
        <Name>George</Name>
        <Email>gweasley@hogwarts.co.uk</Email>
      </Author>
    </Authors>
    <name>Book1</name>
  </book>
  <book>
    <Authors>
      <Author>
        <Name>Fred</Name>
        <Email>fweasley@hogwarts.co.uk</Email>
      </Author>
      <Author>
        <Name>George</Name>
        <Email>gweasley@hogwarts.co.uk</Email>
      </Author>
    </Authors>
    <name>Book1</name>
  </book>
  <book>
    <Authors>
      <Author>
        <Name>Fred</Name>
        <Email>fweasley@hogwarts.co.uk</Email>
      </Author>
      <Author>
        <Name>George</Name>
        <Email>gweasley@hogwarts.co.uk</Email>
      </Author>
    </Authors>
    <name>Book1</name>
  </book>
  <book>
    <Authors>
      <Author>
        <Name>Fred</Name>
        <Email>fweasley@hogwarts.co.uk</Email>
      </Author>
      <Author>
        <Name>George</Name>
        <Email>gweasley@hogwarts.co.uk</Email>
      </Author>
    </Authors>
    <name>Book1</name>
  </book>
  <book>
    <Authors>
      <Author>
        <Name>Fred</Name>
        <Email>fweasley@hogwarts.co.uk</Email>
      </Author>
      <Author>
        <Name>George</Name>
        <Email>gweasley@hogwarts.co.uk</Email>
      </Author>
    </Authors>
    <name>Book1</name>
  </book>
  <book>
    <Authors>
      <Author>
        <Name>Fred</Name>
        <Email>fweasley@hogwarts.co.uk</Email>
      </Author>
      <Author>
        <Name>George</Name>
        <Email>gweasley@hogwarts.co.uk</Email>
      </Author>
    </Authors>
    <name>Book1</name>
  </book>
  <book>
    <Authors>
      <Author>
        <Name>Fred</Name>
        <Email>fweasley@hogwarts.co.uk</Email>
      </Author>
      <Author>
        <Name>George</Name>
        <Email>gweasley@hogwarts.co.uk</Email>
      </Author>
    </Authors>
    <name>Book1</name>
  </book>
  <book>
    <Authors>
      <Author>
        <Name>Fred</Name>
        <Email>fweasley@hogwarts.co.uk</Email>
      </Author>
      <Author>
        <Name>George</Name>
        <Email>gweasley@hogwarts.co.uk</Email>
      </Author>
    </Authors>
    <name>Book1</name>
  </book>
  <book>
    <Authors>
      <Author>
        <Name>Fred</Name>
        <Email>fweasley@hogwarts.co.uk</Email>
      </Author>
      <Author>
        <Name>George</Name>
        <Email>gweasley@hogwarts.co.uk</Email>
      </Author>
    </Authors>
    <name>Book1</name>
  </book>
  <book>
    <Authors>
      <Author>
        <Name>Fred</Name>
        <Email>fweasley@hogwarts.co.uk</Email>
      </Author>
      <Author>
        <Name>George</Name>
        <Email>gweasley@hogwarts.co.uk</Email>
      </Author>
    </Authors>
    <name>Book1</name>
  </book>
  <book>
    <Authors>
      <Author>
        <Name>Fred</Name>
        <Email>fweasley@hogwarts.co.uk</Email>
      </Author>
      <Author>
        <Name>George</Name>
        <Email>gweasley@hogwarts.co.uk</Email>
      </Author>
    </Authors>
    <name>Book1</name>
  </book>
  <book>
    <Authors>
      <Author>
        <Name>Fred</Name>
        <Email>fweasley@hogwarts.co.uk</Email>
      </Author>
      <Author>
        <Name>George</Name>
        <Email>gweasley@hogwarts.co.uk</Email>
      </Author>
    </Authors>
    <name>Book1</name>
  </book>
  <book>
    <Authors>
      <Author>
        <Name>Fred</Name>
        <Email>fweasley@hogwarts.co.uk</Email>
      </Author>
      <Author>
        <Name>George</Name>
        <Email>gweasley@hogwarts.co.uk</Email>
      </Author>
    </Authors>
    <name>Book1</name>
  </book>
  <book>
    <Authors>
      <Author>
        <Name>Fred</Name>
        <Email>fweasley@hogwarts.co.uk</Email>
      </Author>
      <Author>
        <Name>George</Name>
        <Email>gweasley@hogwarts.co.uk</Email>
      </Author>
    </Authors>
    <name>Book1</name>
  </book>
  <book>
    <Authors>
      <Author>
        <Name>Fred</Name>
        <Email>fweasley@hogwarts.co.uk</Email>
      </Author>
      <Author>
        <Name>George</Name>
        <Email>gweasley@hogwarts.co.uk</Email>
      </Author>
    </Authors>
    <name>Book1</name>
  </book>
  <book>
    <Authors>
      <Author>
        <Name>Fred</Name>
        <Email>fweasley@hogwarts.co.uk</Email>
      </Author>
      <Author>
        <Name>George</Name>
        <Email>gweasley@hogwarts.co.uk</Email>
      </Author>
    </Authors>
    <name>Book1</name>
  </book>
  <book>
    <Authors>
      <Author>
        <Name>Fred</Name>
        <Email>fweasley@hogwarts.co.uk</Email>
      </Author>
      <Author>
        <Name>George</Name>
        <Email>gweasley@hogwarts.co.uk</Email>
      </Author>
    </Authors>
    <name>Book1</name>
  </book>
  <book>
    <Authors>
      <Author>
        <Name>Fred</Name>
        <Email>fweasley@hogwarts.co.uk</Email>
      </Author>
      <Author>
        <Name>George</Name>
        <Email>gweasley@hogwarts.co.uk</Email>
      </Author>
    </Authors>
    <name>Book1</name>
  </book>
  <book>
    <Authors>
      <Author>
        <Name>Fred</Name>
        <Email>fweasley@hogwarts.co.uk</Email>
      </Author>
      <Author>
        <Name>George</Name>
        <Email>gweasley@hogwarts.co.uk</Email>
      </Author>
    </Authors>
    <name>Book1</name>
  </book>
  <book>
    <Authors>
      <Author>
        <Name>Fred</Name>
        <Email>fweasley@hogwarts.co.uk</Email>
      </Author>
      <Author>
        <Name>George</Name>
        <Email>gweasley@hogwarts.co.uk</Email>
      </Author>
    </Authors>
    <name>Book1</name>
  </book>
  <book>
    <Authors>
      <Author>
        <Name>Fred</Name>
        <Email>fweasley@hogwarts.co.uk</Email>
      </Author>
      <Author>
        <Name>George</Name>
        <Email>gweasley@hogwarts.co.uk</Email>
      </Author>
    </Authors>
    <name>Book1</name>
  </book>
  <book>
    <Authors>
      <Author>
        <Name>Fred</Name>
        <Email>fweasley@hogwarts.co.uk</Email>
      </Author>
      <Author>
        <Name>George</Name>
        <Email>gweasley@hogwarts.co.uk</Email>
      </Author>
    </Authors>
    <name>Book1</name>
  </book>
  <book>
    <Authors>
      <Author>
        <Name>Fred</Name>
        <Email>fweasley@hogwarts.co.uk</Email>
      </Author>
      <Author>
        <Name>George</Name>
        <Email>gweasley@hogwarts.co.uk</Email>
      </Author>
    </Authors>
    <name>Book1</name>
  </book>
  <book>
    <Authors>
      <Author>
        <Name>Fred</Name>
        <Email>fweasley@hogwarts.co.uk</Email>
      </Author>
      <Author>
        <Name>George</Name>
        <Email>gweasley@hogwarts.co.uk</Email>
      </Author>
    </Authors>
    <name>Book1</name>
  </book>
  <book>
    <Authors>
      <Author>
        <Name>Fred</Name>
        <Email>fweasley@hogwarts.co.uk</Email>
      </Author>
      <Author>
        <Name>George</Name>
        <Email>gweasley@hogwarts.co.uk</Email>
      </Author>
    </Authors>
    <name>Book1</name>
  </book>
  <book>
    <Authors>
      <Author>
        <Name>Fred</Name>
        <Email>fweasley@hogwarts.co.uk</Email>
      </Author>
      <Author>
        <Name>George</Name>
        <Email>gweasley@hogwarts.co.uk</Email>
      </Author>
    </Authors>
    <name>Book1</name>
  </book>
  <book>
    <Authors>
      <Author>
        <Name>Fred</Name>
        <Email>fweasley@hogwarts.co.uk</Email>
      </Author>
      <Author>
        <Name>George</Name>
        <Email>gweasley@hogwarts.co.uk</Email>
      </Author>
    </Authors>
    <name>Book1</name>
  </book>
  <book>
    <Authors>
      <Author>
        <Name>Fred</Name>
        <Email>fweasley@hogwarts.co.uk</Email>
      </Author>
      <Author>
        <Name>George</Name>
        <Email>gweasley@hogwarts.co.uk</Email>
      </Author>
    </Authors>
    <name>Book1</name>
  </book>
  <book>
    <Authors>
      <Author>
        <Name>Fred</Name>
        <Email>fweasley@hogwarts.co.uk</Email>
      </Author>
      <Author>
        <Name>George</Name>
        <Email>gweasley@hogwarts.co.uk</Email>
      </Author>
    </Authors>
    <name>Book1</name>
  </book>
  <book>
    <Authors>
      <Author>
        <Name>Fred</Name>
        <Email>fweasley@hogwarts.co.uk</Email>
      </Author>
      <Author>
        <Name>George</Name>
        <Email>gweasley@hogwarts.co.uk</Email>
      </Author>
    </Authors>
    <name>Book1</name>
  </book>
  <book>
    <Authors>
      <Author>
        <Name>Fred</Name>
        <Email>fweasley@hogwarts.co.uk</Email>
      </Author>
      <Author>
        <Name>George</Name>
        <Email>gweasley@hogwarts.co.uk</Email>
      </Author>
    </Authors>
    <name>Book1</name>
  </book>
  <book>
    <Authors>
      <Author>
        <Name>Fred</Name>
        <Email>fweasley@hogwarts.co.uk</Email>
      </Author>
      <Author>
        <Name>George</Name>
        <Email>gweasley@hogwarts.co.uk</Email>
      </Author>
    </Authors>
    <name>Book1</name>
  </book>
  <book>
    <Authors>
      <Author>
        <Name>Fred</Name>
        <Email>fweasley@hogwarts.co.uk</Email>
      </Author>
      <Author>
        <Name>George</Name>
        <Email>gweasley@hogwarts.co.uk</Email>
      </Author>
    </Authors>
    <name>Book1</name>
  </book>
  <book>
    <Authors>
      <Author>
        <Name>Fred</Name>
        <Email>fweasley@hogwarts.co.uk</Email>
      </Author>
      <Author>
        <Name>George</Name>
        <Email>gweasley@hogwarts.co.uk</Email>
      </Author>
    </Authors>
    <name>Book1</name>
  </book>
  <book>
    <Authors>
      <Author>
        <Name>Fred</Name>
        <Email>fweasley@hogwarts.co.uk</Email>
      </Author>
      <Author>
        <Name>George</Name>
        <Email>gweasley@hogwarts.co.uk</Email>
      </Author>
    </Authors>
    <name>Book1</name>
  </book>
  <book>
    <Authors>
      <Author>
        <Name>Fred</Name>
        <Email>fweasley@hogwarts.co.uk</Email>
      </Author>
      <Author>
        <Name>George</Name>
        <Email>gweasley@hogwarts.co.uk</Email>
      </Author>
    </Authors>
    <name>Book1</name>
  </book>
  <book>
    <Authors>
      <Author>
        <Name>Fred</Name>
        <Email>fweasley@hogwarts.co.uk</Email>
      </Author>
      <Author>
        <Name>George</Name>
        <Email>gweasley@hogwarts.co.uk</Email>
      </Author>
    </Authors>
    <name>Book1</name>
  </book>
  <book>
    <Authors>
      <Author>
        <Name>Fred</Name>
        <Email>fweasley@hogwarts.co.uk</Email>
      </Author>
      <Author>
        <Name>George</Name>
        <Email>gweasley@hogwarts.co.uk</Email>
      </Author>
    </Authors>
    <name>Book1</name>
  </book>
  <book>
    <Authors>
      <Author>
        <Name>Fred</Name>
        <Email>fweasley@hogwarts.co.uk</Email>
      </Author>
      <Author>
        <Name>George</Name>
        <Email>gweasley@hogwarts.co.uk</Email>
      </Author>
    </Authors>
    <name>Book1</name>
  </book>
  <book>
    <Authors>
      <Author>
        <Name>Fred</Name>
        <Email>fweasley@hogwarts.co.uk</Email>
      </Author>
      <Author>
        <Name>George</Name>
        <Email>gweasley@hogwarts.co.uk</Email>
      </Author>
    </Authors>
    <name>Book1</name>
  </book>
  <book>
    <Authors>
      <Author>
        <Name>Fred</Name>
        <Email>fweasley@hogwarts.co.uk</Email>
      </Author>
      <Author>
        <Name>George</Name>
        <Email>gweasley@hogwarts.co.uk</Email>
      </Author>
    </Authors>
    <name>Book1</name>
  </book>
  <book>
    <Authors>
      <Author>
        <Name>Fred</Name>
        <Email>fweasley@hogwarts.co.uk</Email>
      </Author>
      <Author>
        <Name>George</Name>
        <Email>gweasley@hogwarts.co.uk</Email>
      </Author>
    </Authors>
    <name>Book1</name>
  </book>
  <book>
    <Authors>
      <Author>
        <Name>Fred</Name>
        <Email>fweasley@hogwarts.co.uk</Email>
      </Author>
      <Author>
        <Name>George</Name>
        <Email>gweasley@hogwarts.co.uk</Email>
      </Author>
    </Authors>
    <name>Book1</name>
  </book>
  <book>
    <Authors>
      <Author>
        <Name>Fred</Name>
        <Email>fweasley@hogwarts.co.uk</Email>
      </Author>
      <Author>
        <Name>George</Name>
        <Email>gweasley@hogwarts.co.uk</Email>
      </Author>
    </Authors>
    <name>Book1</name>
  </book>
  <book>
    <Authors>
      <Author>
        <Name>Fred</Name>
        <Email>fweasley@hogwarts.co.uk</Email>
      </Author>
      <Author>
        <Name>George</Name>
        <Email>gweasley@hogwarts.co.uk</Email>
      </Author>
    </Authors>
    <name>Book1</name>
  </book>
  <book year="2014" isbn="ISBN83763550019---11">
    <Authors>
      <Author>
        <Name>Fred</Name>
        <Email>fweasley@hogwarts.co.uk</Email>
      </Author>
      <Author>
        <Name>George</Name>
        <Email>gweasley@hogwarts.co.uk</Email>
      </Author>
    </Authors>
    <name>Book1</name>
  </book>
  <book year="2014" isbn="ISBN83763550019---11">
    <Authors>
      <Author>
        <Name>Fred</Name>
        <Email>fweasley@hogwarts.co.uk</Email>
      </Author>
      <Author>
        <Name>George</Name>
        <Email>gweasley@hogwarts.co.uk</Email>
      </Author>
    </Authors>
    <name>Book2</name>
  </book>
  <book year="2014" isbn="ISBN83763550019---11">
    <Authors>
      <Author>
        <Name>Fred</Name>
        <Email>fweasley@hogwarts.co.uk</Email>
      </Author>
      <Author>
        <Name>George</Name>
        <Email>gweasley@hogwarts.co.uk</Email>
      </Author>
    </Authors>
    <name>Book1</name>
  </book>
  <book year="2014" isbn="ISBN83763550019---11">
    <Authors>
      <Author>
        <Name>Fred</Name>
        <Email>fweasley@hogwarts.co.uk</Email>
      </Author>
      <Author>
        <Name>George</Name>
        <Email>gweasley@hogwarts.co.uk</Email>
      </Author>
    </Authors>
    <name>Book2</name>
  </book>
  <book year="2014" isbn="ISBN83763550019---11">
    <Authors>
      <Author>
        <Name>Fred</Name>
        <Email>fweasley@hogwarts.co.uk</Email>
      </Author>
      <Author>
        <Name>George</Name>
        <Email>gweasley@hogwarts.co.uk</Email>
      </Author>
    </Authors>
    <name>Book1</name>
  </book>
  <book year="2014" isbn="ISBN83763550019---11">
    <Authors>
      <Author>
        <Name>Fred</Name>
        <Email>fweasley@hogwarts.co.uk</Email>
      </Author>
      <Author>
        <Name>George</Name>
        <Email>gweasley@hogwarts.co.uk</Email>
      </Author>
    </Authors>
    <name>Book2</name>
  </book>
  <book year="2014" isbn="ISBN83763550019---11">
    <Authors>
      <Author>
        <Name>Fred</Name>
        <Email>fweasley@hogwarts.co.uk</Email>
      </Author>
      <Author>
        <Name>George</Name>
        <Email>gweasley@hogwarts.co.uk</Email>
      </Author>
    </Authors>
    <name>Book1</name>
  </book>
  <book year="2014" isbn="ISBN83763550019---11">
    <Authors>
      <Author>
        <Name>Fred</Name>
        <Email>fweasley@hogwarts.co.uk</Email>
      </Author>
      <Author>
        <Name>George</Name>
        <Email>gweasley@hogwarts.co.uk</Email>
      </Author>
    </Authors>
    <name>Book2</name>
  </book>
  <book year="2014" isbn="ISBN83763550019---11">
    <Authors>
      <Author>
        <Name>Fred</Name>
        <Email>fweasley@hogwarts.co.uk</Email>
      </Author>
      <Author>
        <Name>George</Name>
        <Email>gweasley@hogwarts.co.uk</Email>
      </Author>
    </Authors>
    <name>Book1</name>
  </book>
  <book year="2014" isbn="ISBN83763550019---11">
    <Authors>
      <Author>
        <Name>Fred</Name>
        <Email>fweasley@hogwarts.co.uk</Email>
      </Author>
      <Author>
        <Name>George</Name>
        <Email>gweasley@hogwarts.co.uk</Email>
      </Author>
    </Authors>
    <name>Book2</name>
  </book>
  <book year="2014" isbn="ISBN83763550019---11">
    <Authors>
      <Author>
        <Name>Fred</Name>
        <Email>fweasley@hogwarts.co.uk</Email>
      </Author>
      <Author>
        <Name>George</Name>
        <Email>gweasley@hogwarts.co.uk</Email>
      </Author>
    </Authors>
    <name>Book1</name>
  </book>
  <book year="2014" isbn="ISBN83763550019---11">
    <Authors>
      <Author>
        <Name>Fred</Name>
        <Email>fweasley@hogwarts.co.uk</Email>
      </Author>
      <Author>
        <Name>George</Name>
        <Email>gweasley@hogwarts.co.uk</Email>
      </Author>
    </Authors>
    <name>Book2</name>
  </book>
  <book year="2014" isbn="ISBN83763550019---11">
    <Authors>
      <Author>
        <Name>Fred</Name>
        <Email>fweasley@hogwarts.co.uk</Email>
      </Author>
      <Author>
        <Name>George</Name>
        <Email>gweasley@hogwarts.co.uk</Email>
      </Author>
    </Authors>
    <name>Book1</name>
  </book>
  <book year="2014" isbn="ISBN83763550019---11">
    <Authors>
      <Author>
        <Name>Fred</Name>
        <Email>fweasley@hogwarts.co.uk</Email>
      </Author>
      <Author>
        <Name>George</Name>
        <Email>gweasley@hogwarts.co.uk</Email>
      </Author>
    </Authors>
    <name>Book2</name>
  </book>
  <book year="2014" isbn="ISBN83763550019---11">
    <Authors>
      <Author>
        <Name>Fred</Name>
        <Email>fweasley@hogwarts.co.uk</Email>
      </Author>
      <Author>
        <Name>George</Name>
        <Email>gweasley@hogwarts.co.uk</Email>
      </Author>
    </Authors>
    <name>Book1</name>
  </book>
  <book year="2014" isbn="ISBN83763550019---11">
    <Authors>
      <Author>
        <Name>Fred</Name>
        <Email>fweasley@hogwarts.co.uk</Email>
      </Author>
      <Author>
        <Name>George</Name>
        <Email>gweasley@hogwarts.co.uk</Email>
      </Author>
    </Authors>
    <name>Book2</name>
  </book>
  <book year="2014" isbn="ISBN83763550019---11">
    <Authors>
      <Author>
        <Name>Fred</Name>
        <Email>fweasley@hogwarts.co.uk</Email>
      </Author>
      <Author>
        <Name>George</Name>
        <Email>gweasley@hogwarts.co.uk</Email>
      </Author>
    </Authors>
    <name>Book1</name>
  </book>
  <book year="2014" isbn="ISBN83763550019---11">
    <Authors>
      <Author>
        <Name>Fred</Name>
        <Email>fweasley@hogwarts.co.uk</Email>
      </Author>
      <Author>
        <Name>George</Name>
        <Email>gweasley@hogwarts.co.uk</Email>
      </Author>
    </Authors>
    <name>Book2</name>
  </book>
  <book year="2014" isbn="ISBN83763550019---11">
    <Authors>
      <Author>
        <Name>Fred</Name>
        <Email>fweasley@hogwarts.co.uk</Email>
      </Author>
      <Author>
        <Name>George</Name>
        <Email>gweasley@hogwarts.co.uk</Email>
      </Author>
    </Authors>
    <name>Book1</name>
  </book>
  <book year="2014" isbn="ISBN83763550019---11">
    <Authors>
      <Author>
        <Name>Fred</Name>
        <Email>fweasley@hogwarts.co.uk</Email>
      </Author>
      <Author>
        <Name>George</Name>
        <Email>gweasley@hogwarts.co.uk</Email>
      </Author>
    </Authors>
    <name>Book2</name>
  </book>
  <book year="2014" isbn="ISBN83763550019---11">
    <Authors>
      <Author>
        <Name>Fred</Name>
        <Email>fweasley@hogwarts.co.uk</Email>
      </Author>
      <Author>
        <Name>George</Name>
        <Email>gweasley@hogwarts.co.uk</Email>
      </Author>
    </Authors>
    <name>Book1</name>
  </book>
  <book year="2014" isbn="ISBN83763550019---11">
    <Authors>
      <Author>
        <Name>Fred</Name>
        <Email>fweasley@hogwarts.co.uk</Email>
      </Author>
      <Author>
        <Name>George</Name>
        <Email>gweasley@hogwarts.co.uk</Email>
      </Author>
    </Authors>
    <name>Book2</name>
  </book>
  <book year="2014" isbn="ISBN83763550019---11">
    <Authors>
      <Author>
        <Name>Fred</Name>
        <Email>fweasley@hogwarts.co.uk</Email>
      </Author>
      <Author>
        <Name>George</Name>
        <Email>gweasley@hogwarts.co.uk</Email>
      </Author>
    </Authors>
    <name>Book1</name>
  </book>
  <book year="2014" isbn="ISBN83763550019---11">
    <Authors>
      <Author>
        <Name>Fred</Name>
        <Email>fweasley@hogwarts.co.uk</Email>
      </Author>
      <Author>
        <Name>George</Name>
        <Email>gweasley@hogwarts.co.uk</Email>
      </Author>
    </Authors>
    <name>Book2</name>
  </book>
  <book year="2014" isbn="ISBN83763550019---11">
    <Authors>
      <Author>
        <Name>Fred</Name>
        <Email>fweasley@hogwarts.co.uk</Email>
      </Author>
      <Author>
        <Name>George</Name>
        <Email>gweasley@hogwarts.co.uk</Email>
      </Author>
    </Authors>
    <name>Book1</name>
  </book>
  <book year="2014" isbn="ISBN83763550019---11">
    <Authors>
      <Author>
        <Name>Fred</Name>
        <Email>fweasley@hogwarts.co.uk</Email>
      </Author>
      <Author>
        <Name>George</Name>
        <Email>gweasley@hogwarts.co.uk</Email>
      </Author>
    </Authors>
    <name>Book2</name>
  </book>
  <book year="2014" isbn="ISBN83763550019---11">
    <Authors>
      <Author>
        <Name>Fred</Name>
        <Email>fweasley@hogwarts.co.uk</Email>
      </Author>
      <Author>
        <Name>George</Name>
        <Email>gweasley@hogwarts.co.uk</Email>
      </Author>
    </Authors>
    <name>Book1</name>
  </book>
  <book year="2014" isbn="ISBN83763550019---11">
    <Authors>
      <Author>
        <Name>Fred</Name>
        <Email>fweasley@hogwarts.co.uk</Email>
      </Author>
      <Author>
        <Name>George</Name>
        <Email>gweasley@hogwarts.co.uk</Email>
      </Author>
    </Authors>
    <name>Book2</name>
  </book>
  <book year="2014" isbn="ISBN83763550019---11">
    <Authors>
      <Author>
        <Name>Fred</Name>
        <Email>fweasley@hogwarts.co.uk</Email>
      </Author>
      <Author>
        <Name>George</Name>
        <Email>gweasley@hogwarts.co.uk</Email>
      </Author>
    </Authors>
    <name>Book1</name>
  </book>
  <book year="2014" isbn="ISBN83763550019---11">
    <Authors>
      <Author>
        <Name>Fred</Name>
        <Email>fweasley@hogwarts.co.uk</Email>
      </Author>
      <Author>
        <Name>George</Name>
        <Email>gweasley@hogwarts.co.uk</Email>
      </Author>
    </Authors>
    <name>Book2</name>
  </book>
  <book year="2014" isbn="ISBN83763550019---11">
    <Authors>
      <Author>
        <Name>Fred</Name>
        <Email>fweasley@hogwarts.co.uk</Email>
      </Author>
      <Author>
        <Name>George</Name>
        <Email>gweasley@hogwarts.co.uk</Email>
      </Author>
    </Authors>
    <name>Book1</name>
  </book>
  <book year="2014" isbn="ISBN83763550019---11">
    <Authors>
      <Author>
        <Name>Fred</Name>
        <Email>fweasley@hogwarts.co.uk</Email>
      </Author>
      <Author>
        <Name>George</Name>
        <Email>gweasley@hogwarts.co.uk</Email>
      </Author>
    </Authors>
    <name>Book2</name>
  </book>
  <book year="2014" isbn="ISBN83763550019---11">
    <Authors>
      <Author>
        <Name>Fred</Name>
        <Email>fweasley@hogwarts.co.uk</Email>
      </Author>
      <Author>
        <Name>George</Name>
        <Email>gweasley@hogwarts.co.uk</Email>
      </Author>
    </Authors>
    <name>Book1</name>
  </book>
  <book year="2014" isbn="ISBN83763550019---11">
    <Authors>
      <Author>
        <Name>Fred</Name>
        <Email>fweasley@hogwarts.co.uk</Email>
      </Author>
      <Author>
        <Name>George</Name>
        <Email>gweasley@hogwarts.co.uk</Email>
      </Author>
    </Authors>
    <name>Book2</name>
  </book>
  <book year="2014" isbn="ISBN83763550019---11">
    <Authors>
      <Author>
        <Name>Fred</Name>
        <Email>fweasley@hogwarts.co.uk</Email>
      </Author>
      <Author>
        <Name>George</Name>
        <Email>gweasley@hogwarts.co.uk</Email>
      </Author>
    </Authors>
    <name>Book1</name>
  </book>
  <book year="2014" isbn="ISBN83763550019---11">
    <Authors>
      <Author>
        <Name>Fred</Name>
        <Email>fweasley@hogwarts.co.uk</Email>
      </Author>
      <Author>
        <Name>George</Name>
        <Email>gweasley@hogwarts.co.uk</Email>
      </Author>
    </Authors>
    <name>Book2</name>
  </book>
  <book year="2014" isbn="ISBN83763550019---11">
    <Authors>
      <Author>
        <Name>Fred</Name>
        <Email>fweasley@hogwarts.co.uk</Email>
      </Author>
      <Author>
        <Name>George</Name>
        <Email>gweasley@hogwarts.co.uk</Email>
      </Author>
    </Authors>
    <name>Book1</name>
  </book>
  <book year="2014" isbn="ISBN83763550019---11">
    <Authors>
      <Author>
        <Name>Fred</Name>
        <Email>fweasley@hogwarts.co.uk</Email>
      </Author>
      <Author>
        <Name>George</Name>
        <Email>gweasley@hogwarts.co.uk</Email>
      </Author>
    </Authors>
    <name>Book2</name>
  </book>
  <book year="2014" isbn="ISBN83763550019---11">
    <Authors>
      <Author>
        <Name>Fred</Name>
        <Email>fweasley@hogwarts.co.uk</Email>
      </Author>
      <Author>
        <Name>George</Name>
        <Email>gweasley@hogwarts.co.uk</Email>
      </Author>
    </Authors>
    <name>Book1</name>
  </book>
  <book year="2014" isbn="ISBN83763550019---11">
    <Authors>
      <Author>
        <Name>Fred</Name>
        <Email>fweasley@hogwarts.co.uk</Email>
      </Author>
      <Author>
        <Name>George</Name>
        <Email>gweasley@hogwarts.co.uk</Email>
      </Author>
    </Authors>
    <name>Book2</name>
  </book>
  <book year="2014" isbn="ISBN83763550019---11">
    <Authors>
      <Author>
        <Name>Fred</Name>
        <Email>fweasley@hogwarts.co.uk</Email>
      </Author>
      <Author>
        <Name>George</Name>
        <Email>gweasley@hogwarts.co.uk</Email>
      </Author>
    </Authors>
    <name>Book1</name>
  </book>
  <book year="2014" isbn="ISBN83763550019---11">
    <Authors>
      <Author>
        <Name>Fred</Name>
        <Email>fweasley@hogwarts.co.uk</Email>
      </Author>
      <Author>
        <Name>George</Name>
        <Email>gweasley@hogwarts.co.uk</Email>
      </Author>
    </Authors>
    <name>Book2</name>
  </book>
  <book year="2014" isbn="ISBN83763550019---11">
    <Authors>
      <Author>
        <Name>Fred</Name>
        <Email>fweasley@hogwarts.co.uk</Email>
      </Author>
      <Author>
        <Name>George</Name>
        <Email>gweasley@hogwarts.co.uk</Email>
      </Author>
    </Authors>
    <name>Book1</name>
  </book>
  <book year="2014" isbn="ISBN83763550019---11">
    <Authors>
      <Author>
        <Name>Fred</Name>
        <Email>fweasley@hogwarts.co.uk</Email>
      </Author>
      <Author>
        <Name>George</Name>
        <Email>gweasley@hogwarts.co.uk</Email>
      </Author>
    </Authors>
    <name>Book2</name>
  </book>
  <book year="2014" isbn="ISBN83763550019---11">
    <Authors>
      <Author>
        <Name>Fred</Name>
        <Email>fweasley@hogwarts.co.uk</Email>
      </Author>
      <Author>
        <Name>George</Name>
        <Email>gweasley@hogwarts.co.uk</Email>
      </Author>
    </Authors>
    <name>Book1</name>
  </book>
  <book year="2014" isbn="ISBN83763550019---11">
    <Authors>
      <Author>
        <Name>Fred</Name>
        <Email>fweasley@hogwarts.co.uk</Email>
      </Author>
      <Author>
        <Name>George</Name>
        <Email>gweasley@hogwarts.co.uk</Email>
      </Author>
    </Authors>
    <name>Book2</name>
  </book>
  <book year="2014" isbn="ISBN83763550019---11">
    <Authors>
      <Author>
        <Name>Fred</Name>
        <Email>fweasley@hogwarts.co.uk</Email>
      </Author>
      <Author>
        <Name>George</Name>
        <Email>gweasley@hogwarts.co.uk</Email>
      </Author>
    </Authors>
    <name>Book1</name>
  </book>
  <book year="2014" isbn="ISBN83763550019---11">
    <Authors>
      <Author>
        <Name>Fred</Name>
        <Email>fweasley@hogwarts.co.uk</Email>
      </Author>
      <Author>
        <Name>George</Name>
        <Email>gweasley@hogwarts.co.uk</Email>
      </Author>
    </Authors>
    <name>Book2</name>
  </book>
  <book year="2014" isbn="ISBN83763550019---11">
    <Authors>
      <Author>
        <Name>Fred</Name>
        <Email>fweasley@hogwarts.co.uk</Email>
      </Author>
      <Author>
        <Name>George</Name>
        <Email>gweasley@hogwarts.co.uk</Email>
      </Author>
    </Authors>
    <name>Book1</name>
  </book>
  <book year="2014" isbn="ISBN83763550019---11">
    <Authors>
      <Author>
        <Name>Fred</Name>
        <Email>fweasley@hogwarts.co.uk</Email>
      </Author>
      <Author>
        <Name>George</Name>
        <Email>gweasley@hogwarts.co.uk</Email>
      </Author>
    </Authors>
    <name>Book2</name>
  </book>
  <book year="2014" isbn="ISBN83763550019---11">
    <Authors>
      <Author>
        <Name>Fred</Name>
        <Email>fweasley@hogwarts.co.uk</Email>
      </Author>
      <Author>
        <Name>George</Name>
        <Email>gweasley@hogwarts.co.uk</Email>
      </Author>
    </Authors>
    <name>Book1</name>
  </book>
  <book year="2014" isbn="ISBN83763550019---11">
    <Authors>
      <Author>
        <Name>Fred</Name>
        <Email>fweasley@hogwarts.co.uk</Email>
      </Author>
      <Author>
        <Name>George</Name>
        <Email>gweasley@hogwarts.co.uk</Email>
      </Author>
    </Authors>
    <name>Book2</name>
  </book>
  <book year="2014" isbn="ISBN83763550019---11">
    <Authors>
      <Author>
        <Name>Fred</Name>
        <Email>fweasley@hogwarts.co.uk</Email>
      </Author>
      <Author>
        <Name>George</Name>
        <Email>gweasley@hogwarts.co.uk</Email>
      </Author>
    </Authors>
    <name>Book1</name>
  </book>
  <book year="2014" isbn="ISBN83763550019---11">
    <Authors>
      <Author>
        <Name>Fred</Name>
        <Email>fweasley@hogwarts.co.uk</Email>
      </Author>
      <Author>
        <Name>George</Name>
        <Email>gweasley@hogwarts.co.uk</Email>
      </Author>
    </Authors>
    <name>Book2</name>
  </book>
  <book year="2014" isbn="ISBN83763550019---11">
    <Authors>
      <Author>
        <Name>Fred</Name>
        <Email>fweasley@hogwarts.co.uk</Email>
      </Author>
      <Author>
        <Name>George</Name>
        <Email>gweasley@hogwarts.co.uk</Email>
      </Author>
    </Authors>
    <name>Book1</name>
  </book>
  <book year="2014" isbn="ISBN83763550019---11">
    <Authors>
      <Author>
        <Name>Fred</Name>
        <Email>fweasley@hogwarts.co.uk</Email>
      </Author>
      <Author>
        <Name>George</Name>
        <Email>gweasley@hogwarts.co.uk</Email>
      </Author>
    </Authors>
    <name>Book2</name>
  </book>
  <book year="2014" isbn="ISBN83763550019---11">
    <Authors>
      <Author>
        <Name>Fred</Name>
        <Email>fweasley@hogwarts.co.uk</Email>
      </Author>
      <Author>
        <Name>George</Name>
        <Email>gweasley@hogwarts.co.uk</Email>
      </Author>
    </Authors>
    <name>Book1</name>
  </book>
  <book year="2014" isbn="ISBN83763550019---11">
    <Authors>
      <Author>
        <Name>Fred</Name>
        <Email>fweasley@hogwarts.co.uk</Email>
      </Author>
      <Author>
        <Name>George</Name>
        <Email>gweasley@hogwarts.co.uk</Email>
      </Author>
    </Authors>
    <name>Book2</name>
  </book>
  <book year="2014" isbn="ISBN83763550019---11">
    <Authors>
      <Author>
        <Name>Fred</Name>
        <Email>fweasley@hogwarts.co.uk</Email>
      </Author>
      <Author>
        <Name>George</Name>
        <Email>gweasley@hogwarts.co.uk</Email>
      </Author>
    </Authors>
    <name>Book1</name>
  </book>
  <book year="2014" isbn="ISBN83763550019---11">
    <Authors>
      <Author>
        <Name>Fred</Name>
        <Email>fweasley@hogwarts.co.uk</Email>
      </Author>
      <Author>
        <Name>George</Name>
        <Email>gweasley@hogwarts.co.uk</Email>
      </Author>
    </Authors>
    <name>Book2</name>
  </book>
  <book year="2014" isbn="ISBN83763550019---11">
    <Authors>
      <Author>
        <Name>Fred</Name>
        <Email>fweasley@hogwarts.co.uk</Email>
      </Author>
      <Author>
        <Name>George</Name>
        <Email>gweasley@hogwarts.co.uk</Email>
      </Author>
    </Authors>
    <name>Book1</name>
  </book>
  <book year="2014" isbn="ISBN83763550019---11">
    <Authors>
      <Author>
        <Name>Fred</Name>
        <Email>fweasley@hogwarts.co.uk</Email>
      </Author>
      <Author>
        <Name>George</Name>
        <Email>gweasley@hogwarts.co.uk</Email>
      </Author>
    </Authors>
    <name>Book2</name>
  </book>
  <book year="2014" isbn="ISBN83763550019---11">
    <Authors>
      <Author>
        <Name>Fred</Name>
        <Email>fweasley@hogwarts.co.uk</Email>
      </Author>
      <Author>
        <Name>George</Name>
        <Email>gweasley@hogwarts.co.uk</Email>
      </Author>
    </Authors>
    <name>Book1</name>
  </book>
  <book year="2014" isbn="ISBN83763550019---11">
    <Authors>
      <Author>
        <Name>Fred</Name>
        <Email>fweasley@hogwarts.co.uk</Email>
      </Author>
      <Author>
        <Name>George</Name>
        <Email>gweasley@hogwarts.co.uk</Email>
      </Author>
    </Authors>
    <name>Book2</name>
  </book>
  <book year="2014" isbn="ISBN83763550019---11">
    <Authors>
      <Author>
        <Name>Fred</Name>
        <Email>fweasley@hogwarts.co.uk</Email>
      </Author>
      <Author>
        <Name>George</Name>
        <Email>gweasley@hogwarts.co.uk</Email>
      </Author>
    </Authors>
    <name>Book1</name>
  </book>
  <book year="2014" isbn="ISBN83763550019---11">
    <Authors>
      <Author>
        <Name>Fred</Name>
        <Email>fweasley@hogwarts.co.uk</Email>
      </Author>
      <Author>
        <Name>George</Name>
        <Email>gweasley@hogwarts.co.uk</Email>
      </Author>
    </Authors>
    <name>Book2</name>
  </book>
  <book year="2014" isbn="ISBN83763550019---11">
    <Authors>
      <Author>
        <Name>Fred</Name>
        <Email>fweasley@hogwarts.co.uk</Email>
      </Author>
      <Author>
        <Name>George</Name>
        <Email>gweasley@hogwarts.co.uk</Email>
      </Author>
    </Authors>
    <name>Book1</name>
  </book>
  <book year="2014" isbn="ISBN83763550019---11">
    <Authors>
      <Author>
        <Name>Fred</Name>
        <Email>fweasley@hogwarts.co.uk</Email>
      </Author>
      <Author>
        <Name>George</Name>
        <Email>gweasley@hogwarts.co.uk</Email>
      </Author>
    </Authors>
    <name>Book2</name>
  </book>
  <book year="2014" isbn="ISBN83763550019---11">
    <Authors>
      <Author>
        <Name>Fred</Name>
        <Email>fweasley@hogwarts.co.uk</Email>
      </Author>
      <Author>
        <Name>George</Name>
        <Email>gweasley@hogwarts.co.uk</Email>
      </Author>
    </Authors>
    <name>Book1</name>
  </book>
  <book year="2014" isbn="ISBN83763550019---11">
    <Authors>
      <Author>
        <Name>Fred</Name>
        <Email>fweasley@hogwarts.co.uk</Email>
      </Author>
      <Author>
        <Name>George</Name>
        <Email>gweasley@hogwarts.co.uk</Email>
      </Author>
    </Authors>
    <name>Book2</name>
  </book>
  <book year="2014" isbn="ISBN83763550019---11">
    <Authors>
      <Author>
        <Name>Fred</Name>
        <Email>fweasley@hogwarts.co.uk</Email>
      </Author>
      <Author>
        <Name>George</Name>
        <Email>gweasley@hogwarts.co.uk</Email>
      </Author>
    </Authors>
    <name>Book1</name>
  </book>
  <book year="2014" isbn="ISBN83763550019---11">
    <Authors>
      <Author>
        <Name>Fred</Name>
        <Email>fweasley@hogwarts.co.uk</Email>
      </Author>
      <Author>
        <Name>George</Name>
        <Email>gweasley@hogwarts.co.uk</Email>
      </Author>
    </Authors>
    <name>Book2</name>
  </book>
  <book year="2014" isbn="ISBN83763550019---11">
    <Authors>
      <Author>
        <Name>Fred</Name>
        <Email>fweasley@hogwarts.co.uk</Email>
      </Author>
      <Author>
        <Name>George</Name>
        <Email>gweasley@hogwarts.co.uk</Email>
      </Author>
    </Authors>
    <name>Book1</name>
  </book>
  <book year="2014" isbn="ISBN83763550019---11">
    <Authors>
      <Author>
        <Name>Fred</Name>
        <Email>fweasley@hogwarts.co.uk</Email>
      </Author>
      <Author>
        <Name>George</Name>
        <Email>gweasley@hogwarts.co.uk</Email>
      </Author>
    </Authors>
    <name>Book2</name>
  </book>
  <book year="2014" isbn="ISBN83763550019---11">
    <Authors>
      <Author>
        <Name>Fred</Name>
        <Email>fweasley@hogwarts.co.uk</Email>
      </Author>
      <Author>
        <Name>George</Name>
        <Email>gweasley@hogwarts.co.uk</Email>
      </Author>
    </Authors>
    <name>Book1</name>
  </book>
  <book year="2014" isbn="ISBN83763550019---11">
    <Authors>
      <Author>
        <Name>Fred</Name>
        <Email>fweasley@hogwarts.co.uk</Email>
      </Author>
      <Author>
        <Name>George</Name>
        <Email>gweasley@hogwarts.co.uk</Email>
      </Author>
    </Authors>
    <name>Book2</name>
  </book>
  <book year="2014" isbn="ISBN83763550019---11">
    <Authors>
      <Author>
        <Name>Fred</Name>
        <Email>fweasley@hogwarts.co.uk</Email>
      </Author>
      <Author>
        <Name>George</Name>
        <Email>gweasley@hogwarts.co.uk</Email>
      </Author>
    </Authors>
    <name>Book1</name>
  </book>
  <book year="2014" isbn="ISBN83763550019---11">
    <Authors>
      <Author>
        <Name>Fred</Name>
        <Email>fweasley@hogwarts.co.uk</Email>
      </Author>
      <Author>
        <Name>George</Name>
        <Email>gweasley@hogwarts.co.uk</Email>
      </Author>
    </Authors>
    <name>Book2</name>
  </book>
  <book year="2014" isbn="ISBN83763550019---11">
    <Authors>
      <Author>
        <Name>Fred</Name>
        <Email>fweasley@hogwarts.co.uk</Email>
      </Author>
      <Author>
        <Name>George</Name>
        <Email>gweasley@hogwarts.co.uk</Email>
      </Author>
    </Authors>
    <name>Book1</name>
  </book>
  <book year="2014" isbn="ISBN83763550019---11">
    <Authors>
      <Author>
        <Name>Fred</Name>
        <Email>fweasley@hogwarts.co.uk</Email>
      </Author>
      <Author>
        <Name>George</Name>
        <Email>gweasley@hogwarts.co.uk</Email>
      </Author>
    </Authors>
    <name>Book2</name>
  </book>
  <book year="2014" isbn="ISBN83763550019---11">
    <Authors>
      <Author>
        <Name>Fred</Name>
        <Email>fweasley@hogwarts.co.uk</Email>
      </Author>
      <Author>
        <Name>George</Name>
        <Email>gweasley@hogwarts.co.uk</Email>
      </Author>
    </Authors>
    <name>Book1</name>
  </book>
  <book year="2014" isbn="ISBN83763550019---11">
    <Authors>
      <Author>
        <Name>Fred</Name>
        <Email>fweasley@hogwarts.co.uk</Email>
      </Author>
      <Author>
        <Name>George</Name>
        <Email>gweasley@hogwarts.co.uk</Email>
      </Author>
    </Authors>
    <name>Book2</name>
  </book>
  <book year="2014" isbn="ISBN83763550019---11">
    <Authors>
      <Author>
        <Name>Fred</Name>
        <Email>fweasley@hogwarts.co.uk</Email>
      </Author>
      <Author>
        <Name>George</Name>
        <Email>gweasley@hogwarts.co.uk</Email>
      </Author>
    </Authors>
    <name>Book1</name>
  </book>
  <book year="2014" isbn="ISBN83763550019---11">
    <Authors>
      <Author>
        <Name>Fred</Name>
        <Email>fweasley@hogwarts.co.uk</Email>
      </Author>
      <Author>
        <Name>George</Name>
        <Email>gweasley@hogwarts.co.uk</Email>
      </Author>
    </Authors>
    <name>Book2</name>
  </book>
  <book year="2014" isbn="ISBN83763550019---11">
    <Authors>
      <Author>
        <Name>Fred</Name>
        <Email>fweasley@hogwarts.co.uk</Email>
      </Author>
      <Author>
        <Name>George</Name>
        <Email>gweasley@hogwarts.co.uk</Email>
      </Author>
    </Authors>
    <name>Book1</name>
  </book>
  <book year="2014" isbn="ISBN83763550019---11">
    <Authors>
      <Author>
        <Name>Fred</Name>
        <Email>fweasley@hogwarts.co.uk</Email>
      </Author>
      <Author>
        <Name>George</Name>
        <Email>gweasley@hogwarts.co.uk</Email>
      </Author>
    </Authors>
    <name>Book2</name>
  </book>
  <book year="2014" isbn="ISBN83763550019---11">
    <Authors>
      <Author>
        <Name>Fred</Name>
        <Email>fweasley@hogwarts.co.uk</Email>
      </Author>
      <Author>
        <Name>George</Name>
        <Email>gweasley@hogwarts.co.uk</Email>
      </Author>
    </Authors>
    <name>Book1</name>
  </book>
  <book year="2014" isbn="ISBN83763550019---11">
    <Authors>
      <Author>
        <Name>Fred</Name>
        <Email>fweasley@hogwarts.co.uk</Email>
      </Author>
      <Author>
        <Name>George</Name>
        <Email>gweasley@hogwarts.co.uk</Email>
      </Author>
    </Authors>
    <name>Book2</name>
  </book>
  <book year="2014" isbn="ISBN83763550019---11">
    <Authors>
      <Author>
        <Name>Fred</Name>
        <Email>fweasley@hogwarts.co.uk</Email>
      </Author>
      <Author>
        <Name>George</Name>
        <Email>gweasley@hogwarts.co.uk</Email>
      </Author>
    </Authors>
    <name>Book1</name>
  </book>
  <book year="2014" isbn="ISBN83763550019---11">
    <Authors>
      <Author>
        <Name>Fred</Name>
        <Email>fweasley@hogwarts.co.uk</Email>
      </Author>
      <Author>
        <Name>George</Name>
        <Email>gweasley@hogwarts.co.uk</Email>
      </Author>
    </Authors>
    <name>Book2</name>
  </book>
  <book year="2014" isbn="ISBN83763550019---11">
    <Authors>
      <Author>
        <Name>Fred</Name>
        <Email>fweasley@hogwarts.co.uk</Email>
      </Author>
      <Author>
        <Name>George</Name>
        <Email>gweasley@hogwarts.co.uk</Email>
      </Author>
    </Authors>
    <name>Book1</name>
  </book>
  <book year="2014" isbn="ISBN83763550019---11">
    <Authors>
      <Author>
        <Name>Fred</Name>
        <Email>fweasley@hogwarts.co.uk</Email>
      </Author>
      <Author>
        <Name>George</Name>
        <Email>gweasley@hogwarts.co.uk</Email>
      </Author>
    </Authors>
    <name>Book2</name>
  </book>
  <book year="2014" isbn="ISBN83763550019---11">
    <Authors>
      <Author>
        <Name>Fred</Name>
        <Email>fweasley@hogwarts.co.uk</Email>
      </Author>
      <Author>
        <Name>George</Name>
        <Email>gweasley@hogwarts.co.uk</Email>
      </Author>
    </Authors>
    <name>Book1</name>
  </book>
  <book year="2014" isbn="ISBN83763550019---11">
    <Authors>
      <Author>
        <Name>Fred</Name>
        <Email>fweasley@hogwarts.co.uk</Email>
      </Author>
      <Author>
        <Name>George</Name>
        <Email>gweasley@hogwarts.co.uk</Email>
      </Author>
    </Authors>
    <name>Book2</name>
  </book>
  <book year="2014" isbn="ISBN83763550019---11">
    <Authors>
      <Author>
        <Name>Fred</Name>
        <Email>fweasley@hogwarts.co.uk</Email>
      </Author>
      <Author>
        <Name>George</Name>
        <Email>gweasley@hogwarts.co.uk</Email>
      </Author>
    </Authors>
    <name>Book1</name>
  </book>
  <book year="2014" isbn="ISBN83763550019---11">
    <Authors>
      <Author>
        <Name>Fred</Name>
        <Email>fweasley@hogwarts.co.uk</Email>
      </Author>
      <Author>
        <Name>George</Name>
        <Email>gweasley@hogwarts.co.uk</Email>
      </Author>
    </Authors>
    <name>Book2</name>
  </book>
  <book year="2014" isbn="ISBN83763550019---11">
    <Authors>
      <Author>
        <Name>Fred</Name>
        <Email>fweasley@hogwarts.co.uk</Email>
      </Author>
      <Author>
        <Name>George</Name>
        <Email>gweasley@hogwarts.co.uk</Email>
      </Author>
    </Authors>
    <name>Book1</name>
  </book>
  <book year="2014" isbn="ISBN83763550019---11">
    <Authors>
      <Author>
        <Name>Fred</Name>
        <Email>fweasley@hogwarts.co.uk</Email>
      </Author>
      <Author>
        <Name>George</Name>
        <Email>gweasley@hogwarts.co.uk</Email>
      </Author>
    </Authors>
    <name>Book2</name>
  </book>
  <book year="2014" isbn="ISBN83763550019---11">
    <Authors>
      <Author>
        <Name>Fred</Name>
        <Email>fweasley@hogwarts.co.uk</Email>
      </Author>
      <Author>
        <Name>George</Name>
        <Email>gweasley@hogwarts.co.uk</Email>
      </Author>
    </Authors>
    <name>Book1</name>
  </book>
  <book year="2014" isbn="ISBN83763550019---11">
    <Authors>
      <Author>
        <Name>Fred</Name>
        <Email>fweasley@hogwarts.co.uk</Email>
      </Author>
      <Author>
        <Name>George</Name>
        <Email>gweasley@hogwarts.co.uk</Email>
      </Author>
    </Authors>
    <name>Book2</name>
  </book>
  <book year="2014" isbn="ISBN83763550019---11">
    <Authors>
      <Author>
        <Name>Fred</Name>
        <Email>fweasley@hogwarts.co.uk</Email>
      </Author>
      <Author>
        <Name>George</Name>
        <Email>gweasley@hogwarts.co.uk</Email>
      </Author>
    </Authors>
    <name>Book1</name>
  </book>
  <book year="2014" isbn="ISBN83763550019---11">
    <Authors>
      <Author>
        <Name>Fred</Name>
        <Email>fweasley@hogwarts.co.uk</Email>
      </Author>
      <Author>
        <Name>George</Name>
        <Email>gweasley@hogwarts.co.uk</Email>
      </Author>
    </Authors>
    <name>Book2</name>
  </book>
  <book year="2014" isbn="ISBN83763550019---11">
    <Authors>
      <Author>
        <Name>Fred</Name>
        <Email>fweasley@hogwarts.co.uk</Email>
      </Author>
      <Author>
        <Name>George</Name>
        <Email>gweasley@hogwarts.co.uk</Email>
      </Author>
    </Authors>
    <name>Book1</name>
  </book>
  <book year="2014" isbn="ISBN83763550019---11">
    <Authors>
      <Author>
        <Name>Fred</Name>
        <Email>fweasley@hogwarts.co.uk</Email>
      </Author>
      <Author>
        <Name>George</Name>
        <Email>gweasley@hogwarts.co.uk</Email>
      </Author>
    </Authors>
    <name>Book2</name>
  </book>
  <book year="2014" isbn="ISBN83763550019---11">
    <Authors>
      <Author>
        <Name>Fred</Name>
        <Email>fweasley@hogwarts.co.uk</Email>
      </Author>
      <Author>
        <Name>George</Name>
        <Email>gweasley@hogwarts.co.uk</Email>
      </Author>
    </Authors>
    <name>Book1</name>
  </book>
  <book year="2014" isbn="ISBN83763550019---11">
    <Authors>
      <Author>
        <Name>Fred</Name>
        <Email>fweasley@hogwarts.co.uk</Email>
      </Author>
      <Author>
        <Name>George</Name>
        <Email>gweasley@hogwarts.co.uk</Email>
      </Author>
    </Authors>
    <name>Book2</name>
  </book>
  <book year="2014" isbn="ISBN83763550019---11">
    <Authors>
      <Author>
        <Name>Fred</Name>
        <Email>fweasley@hogwarts.co.uk</Email>
      </Author>
      <Author>
        <Name>George</Name>
        <Email>gweasley@hogwarts.co.uk</Email>
      </Author>
    </Authors>
    <name>Book1</name>
  </book>
  <book year="2014" isbn="ISBN83763550019---11">
    <Authors>
      <Author>
        <Name>Fred</Name>
        <Email>fweasley@hogwarts.co.uk</Email>
      </Author>
      <Author>
        <Name>George</Name>
        <Email>gweasley@hogwarts.co.uk</Email>
      </Author>
    </Authors>
    <name>Book2</name>
  </book>
  <book year="2014" isbn="ISBN83763550019---11">
    <Authors>
      <Author>
        <Name>Fred</Name>
        <Email>fweasley@hogwarts.co.uk</Email>
      </Author>
      <Author>
        <Name>George</Name>
        <Email>gweasley@hogwarts.co.uk</Email>
      </Author>
    </Authors>
    <name>Book1</name>
  </book>
  <book year="2014" isbn="ISBN83763550019---11">
    <Authors>
      <Author>
        <Name>Fred</Name>
        <Email>fweasley@hogwarts.co.uk</Email>
      </Author>
      <Author>
        <Name>George</Name>
        <Email>gweasley@hogwarts.co.uk</Email>
      </Author>
    </Authors>
    <name>Book2</name>
  </book>
  <book year="2014" isbn="ISBN83763550019---11">
    <Authors>
      <Author>
        <Name>Fred</Name>
        <Email>fweasley@hogwarts.co.uk</Email>
      </Author>
      <Author>
        <Name>George</Name>
        <Email>gweasley@hogwarts.co.uk</Email>
      </Author>
    </Authors>
    <name>Book1</name>
  </book>
  <book year="2014" isbn="ISBN83763550019---11">
    <Authors>
      <Author>
        <Name>Fred</Name>
        <Email>fweasley@hogwarts.co.uk</Email>
      </Author>
      <Author>
        <Name>George</Name>
        <Email>gweasley@hogwarts.co.uk</Email>
      </Author>
    </Authors>
    <name>Book2</name>
  </book>
  <book year="2014" isbn="ISBN83763550019---11">
    <Authors>
      <Author>
        <Name>Fred</Name>
        <Email>fweasley@hogwarts.co.uk</Email>
      </Author>
      <Author>
        <Name>George</Name>
        <Email>gweasley@hogwarts.co.uk</Email>
      </Author>
    </Authors>
    <name>Book1</name>
  </book>
  <book year="2014" isbn="ISBN83763550019---11">
    <Authors>
      <Author>
        <Name>Fred</Name>
        <Email>fweasley@hogwarts.co.uk</Email>
      </Author>
      <Author>
        <Name>George</Name>
        <Email>gweasley@hogwarts.co.uk</Email>
      </Author>
    </Authors>
    <name>Book2</name>
  </book>
  <book year="2014" isbn="ISBN83763550019---11">
    <Authors>
      <Author>
        <Name>Fred</Name>
        <Email>fweasley@hogwarts.co.uk</Email>
      </Author>
      <Author>
        <Name>George</Name>
        <Email>gweasley@hogwarts.co.uk</Email>
      </Author>
    </Authors>
    <name>Book1</name>
  </book>
  <book year="2014" isbn="ISBN83763550019---11">
    <Authors>
      <Author>
        <Name>Fred</Name>
        <Email>fweasley@hogwarts.co.uk</Email>
      </Author>
      <Author>
        <Name>George</Name>
        <Email>gweasley@hogwarts.co.uk</Email>
      </Author>
    </Authors>
    <name>Book2</name>
  </book>
  <book year="2014" isbn="ISBN83763550019---11">
    <Authors>
      <Author>
        <Name>Fred</Name>
        <Email>fweasley@hogwarts.co.uk</Email>
      </Author>
      <Author>
        <Name>George</Name>
        <Email>gweasley@hogwarts.co.uk</Email>
      </Author>
    </Authors>
    <name>Book1</name>
  </book>
  <book year="2014" isbn="ISBN83763550019---11">
    <Authors>
      <Author>
        <Name>Fred</Name>
        <Email>fweasley@hogwarts.co.uk</Email>
      </Author>
      <Author>
        <Name>George</Name>
        <Email>gweasley@hogwarts.co.uk</Email>
      </Author>
    </Authors>
    <name>Book2</name>
  </book>
  <book year="2014" isbn="ISBN83763550019---11">
    <Authors>
      <Author>
        <Name>Fred</Name>
        <Email>fweasley@hogwarts.co.uk</Email>
      </Author>
      <Author>
        <Name>George</Name>
        <Email>gweasley@hogwarts.co.uk</Email>
      </Author>
    </Authors>
    <name>Book1</name>
  </book>
  <book year="2014" isbn="ISBN83763550019---11">
    <Authors>
      <Author>
        <Name>Fred</Name>
        <Email>fweasley@hogwarts.co.uk</Email>
      </Author>
      <Author>
        <Name>George</Name>
        <Email>gweasley@hogwarts.co.uk</Email>
      </Author>
    </Authors>
    <name>Book2</name>
  </book>
  <book year="2014" isbn="ISBN83763550019---11">
    <Authors>
      <Author>
        <Name>Fred</Name>
        <Email>fweasley@hogwarts.co.uk</Email>
      </Author>
      <Author>
        <Name>George</Name>
        <Email>gweasley@hogwarts.co.uk</Email>
      </Author>
    </Authors>
    <name>Book1</name>
  </book>
  <book year="2014" isbn="ISBN83763550019---11">
    <Authors>
      <Author>
        <Name>Fred</Name>
        <Email>fweasley@hogwarts.co.uk</Email>
      </Author>
      <Author>
        <Name>George</Name>
        <Email>gweasley@hogwarts.co.uk</Email>
      </Author>
    </Authors>
    <name>Book2</name>
  </book>
  <book year="2014" isbn="ISBN83763550019---11">
    <Authors>
      <Author>
        <Name>Fred</Name>
        <Email>fweasley@hogwarts.co.uk</Email>
      </Author>
      <Author>
        <Name>George</Name>
        <Email>gweasley@hogwarts.co.uk</Email>
      </Author>
    </Authors>
    <name>Book1</name>
  </book>
  <book year="2014" isbn="ISBN83763550019---11">
    <Authors>
      <Author>
        <Name>Fred</Name>
        <Email>fweasley@hogwarts.co.uk</Email>
      </Author>
      <Author>
        <Name>George</Name>
        <Email>gweasley@hogwarts.co.uk</Email>
      </Author>
    </Authors>
    <name>Book2</name>
  </book>
  <book year="2014" isbn="ISBN83763550019---11">
    <Authors>
      <Author>
        <Name>Fred</Name>
        <Email>fweasley@hogwarts.co.uk</Email>
      </Author>
      <Author>
        <Name>George</Name>
        <Email>gweasley@hogwarts.co.uk</Email>
      </Author>
    </Authors>
    <name>Book1</name>
  </book>
  <book year="2014" isbn="ISBN83763550019---11">
    <Authors>
      <Author>
        <Name>Fred</Name>
        <Email>fweasley@hogwarts.co.uk</Email>
      </Author>
      <Author>
        <Name>George</Name>
        <Email>gweasley@hogwarts.co.uk</Email>
      </Author>
    </Authors>
    <name>Book2</name>
  </book>
  <book year="2014" isbn="ISBN83763550019---11">
    <Authors>
      <Author>
        <Name>Fred</Name>
        <Email>fweasley@hogwarts.co.uk</Email>
      </Author>
      <Author>
        <Name>George</Name>
        <Email>gweasley@hogwarts.co.uk</Email>
      </Author>
    </Authors>
    <name>Book1</name>
  </book>
  <book year="2014" isbn="ISBN83763550019---11">
    <Authors>
      <Author>
        <Name>Fred</Name>
        <Email>fweasley@hogwarts.co.uk</Email>
      </Author>
      <Author>
        <Name>George</Name>
        <Email>gweasley@hogwarts.co.uk</Email>
      </Author>
    </Authors>
    <name>Book2</name>
  </book>
  <book year="2014" isbn="ISBN83763550019---11">
    <Authors>
      <Author>
        <Name>Fred</Name>
        <Email>fweasley@hogwarts.co.uk</Email>
      </Author>
      <Author>
        <Name>George</Name>
        <Email>gweasley@hogwarts.co.uk</Email>
      </Author>
    </Authors>
    <name>Book1</name>
  </book>
  <book year="2014" isbn="ISBN83763550019---11">
    <Authors>
      <Author>
        <Name>Fred</Name>
        <Email>fweasley@hogwarts.co.uk</Email>
      </Author>
      <Author>
        <Name>George</Name>
        <Email>gweasley@hogwarts.co.uk</Email>
      </Author>
    </Authors>
    <name>Book2</name>
  </book>
  <book year="2014" isbn="ISBN83763550019---11">
    <Authors>
      <Author>
        <Name>Fred</Name>
        <Email>fweasley@hogwarts.co.uk</Email>
      </Author>
      <Author>
        <Name>George</Name>
        <Email>gweasley@hogwarts.co.uk</Email>
      </Author>
    </Authors>
    <name>Book1</name>
  </book>
  <book year="2014" isbn="ISBN83763550019---11">
    <Authors>
      <Author>
        <Name>Fred</Name>
        <Email>fweasley@hogwarts.co.uk</Email>
      </Author>
      <Author>
        <Name>George</Name>
        <Email>gweasley@hogwarts.co.uk</Email>
      </Author>
    </Authors>
    <name>Book2</name>
  </book>
  <book year="2014" isbn="ISBN83763550019---11">
    <Authors>
      <Author>
        <Name>Fred</Name>
        <Email>fweasley@hogwarts.co.uk</Email>
      </Author>
      <Author>
        <Name>George</Name>
        <Email>gweasley@hogwarts.co.uk</Email>
      </Author>
    </Authors>
    <name>Book1</name>
  </book>
  <book year="2014" isbn="ISBN83763550019---11">
    <Authors>
      <Author>
        <Name>Fred</Name>
        <Email>fweasley@hogwarts.co.uk</Email>
      </Author>
      <Author>
        <Name>George</Name>
        <Email>gweasley@hogwarts.co.uk</Email>
      </Author>
    </Authors>
    <name>Book2</name>
  </book>
  <book year="2014" isbn="ISBN83763550019---11">
    <Authors>
      <Author>
        <Name>Fred</Name>
        <Email>fweasley@hogwarts.co.uk</Email>
      </Author>
      <Author>
        <Name>George</Name>
        <Email>gweasley@hogwarts.co.uk</Email>
      </Author>
    </Authors>
    <name>Book1</name>
  </book>
  <book year="2014" isbn="ISBN83763550019---11">
    <Authors>
      <Author>
        <Name>Fred</Name>
        <Email>fweasley@hogwarts.co.uk</Email>
      </Author>
      <Author>
        <Name>George</Name>
        <Email>gweasley@hogwarts.co.uk</Email>
      </Author>
    </Authors>
    <name>Book2</name>
  </book>
  <book year="2014" isbn="ISBN83763550019---11">
    <Authors>
      <Author>
        <Name>Fred</Name>
        <Email>fweasley@hogwarts.co.uk</Email>
      </Author>
      <Author>
        <Name>George</Name>
        <Email>gweasley@hogwarts.co.uk</Email>
      </Author>
    </Authors>
    <name>Book1</name>
  </book>
  <book year="2014" isbn="ISBN83763550019---11">
    <Authors>
      <Author>
        <Name>Fred</Name>
        <Email>fweasley@hogwarts.co.uk</Email>
      </Author>
      <Author>
        <Name>George</Name>
        <Email>gweasley@hogwarts.co.uk</Email>
      </Author>
    </Authors>
    <name>Book2</name>
  </book>
  <book year="2014" isbn="ISBN83763550019---11">
    <Authors>
      <Author>
        <Name>Fred</Name>
        <Email>fweasley@hogwarts.co.uk</Email>
      </Author>
      <Author>
        <Name>George</Name>
        <Email>gweasley@hogwarts.co.uk</Email>
      </Author>
    </Authors>
    <name>Book1</name>
  </book>
  <book year="2014" isbn="ISBN83763550019---11">
    <Authors>
      <Author>
        <Name>Fred</Name>
        <Email>fweasley@hogwarts.co.uk</Email>
      </Author>
      <Author>
        <Name>George</Name>
        <Email>gweasley@hogwarts.co.uk</Email>
      </Author>
    </Authors>
    <name>Book2</name>
  </book>
  <book year="2014" isbn="ISBN83763550019---11">
    <Authors>
      <Author>
        <Name>Fred</Name>
        <Email>fweasley@hogwarts.co.uk</Email>
      </Author>
      <Author>
        <Name>George</Name>
        <Email>gweasley@hogwarts.co.uk</Email>
      </Author>
    </Authors>
    <name>Book1</name>
  </book>
  <book year="2014" isbn="ISBN83763550019---11">
    <Authors>
      <Author>
        <Name>Fred</Name>
        <Email>fweasley@hogwarts.co.uk</Email>
      </Author>
      <Author>
        <Name>George</Name>
        <Email>gweasley@hogwarts.co.uk</Email>
      </Author>
    </Authors>
    <name>Book2</name>
  </book>
  <book year="2014" isbn="ISBN83763550019---11">
    <Authors>
      <Author>
        <Name>Fred</Name>
        <Email>fweasley@hogwarts.co.uk</Email>
      </Author>
      <Author>
        <Name>George</Name>
        <Email>gweasley@hogwarts.co.uk</Email>
      </Author>
    </Authors>
    <name>Book1</name>
  </book>
  <book year="2014" isbn="ISBN83763550019---11">
    <Authors>
      <Author>
        <Name>Fred</Name>
        <Email>fweasley@hogwarts.co.uk</Email>
      </Author>
      <Author>
        <Name>George</Name>
        <Email>gweasley@hogwarts.co.uk</Email>
      </Author>
    </Authors>
    <name>Book2</name>
  </book>
  <book year="2014" isbn="ISBN83763550019---11">
    <Authors>
      <Author>
        <Name>Fred</Name>
        <Email>fweasley@hogwarts.co.uk</Email>
      </Author>
      <Author>
        <Name>George</Name>
        <Email>gweasley@hogwarts.co.uk</Email>
      </Author>
    </Authors>
    <name>Book1</name>
  </book>
  <book year="2014" isbn="ISBN83763550019---11">
    <Authors>
      <Author>
        <Name>Fred</Name>
        <Email>fweasley@hogwarts.co.uk</Email>
      </Author>
      <Author>
        <Name>George</Name>
        <Email>gweasley@hogwarts.co.uk</Email>
      </Author>
    </Authors>
    <name>Book2</name>
  </book>
  <book year="2014" isbn="ISBN83763550019---11">
    <Authors>
      <Author>
        <Name>Fred</Name>
        <Email>fweasley@hogwarts.co.uk</Email>
      </Author>
      <Author>
        <Name>George</Name>
        <Email>gweasley@hogwarts.co.uk</Email>
      </Author>
    </Authors>
    <name>Book1</name>
  </book>
  <book year="2014" isbn="ISBN83763550019---11">
    <Authors>
      <Author>
        <Name>Fred</Name>
        <Email>fweasley@hogwarts.co.uk</Email>
      </Author>
      <Author>
        <Name>George</Name>
        <Email>gweasley@hogwarts.co.uk</Email>
      </Author>
    </Authors>
    <name>Book2</name>
  </book>
  <book year="2014" isbn="ISBN83763550019---11">
    <Authors>
      <Author>
        <Name>Fred</Name>
        <Email>fweasley@hogwarts.co.uk</Email>
      </Author>
      <Author>
        <Name>George</Name>
        <Email>gweasley@hogwarts.co.uk</Email>
      </Author>
    </Authors>
    <name>Book1</name>
  </book>
  <book year="2014" isbn="ISBN83763550019---11">
    <Authors>
      <Author>
        <Name>Fred</Name>
        <Email>fweasley@hogwarts.co.uk</Email>
      </Author>
      <Author>
        <Name>George</Name>
        <Email>gweasley@hogwarts.co.uk</Email>
      </Author>
    </Authors>
    <name>Book2</name>
  </book>
  <book year="2014" isbn="ISBN83763550019---11">
    <Authors>
      <Author>
        <Name>Fred</Name>
        <Email>fweasley@hogwarts.co.uk</Email>
      </Author>
      <Author>
        <Name>George</Name>
        <Email>gweasley@hogwarts.co.uk</Email>
      </Author>
    </Authors>
    <name>Book1</name>
  </book>
  <book year="2014" isbn="ISBN83763550019---11">
    <Authors>
      <Author>
        <Name>Fred</Name>
        <Email>fweasley@hogwarts.co.uk</Email>
      </Author>
      <Author>
        <Name>George</Name>
        <Email>gweasley@hogwarts.co.uk</Email>
      </Author>
    </Authors>
    <name>Book2</name>
  </book>
  <book year="2014" isbn="ISBN83763550019---11">
    <Authors>
      <Author>
        <Name>Fred</Name>
        <Email>fweasley@hogwarts.co.uk</Email>
      </Author>
      <Author>
        <Name>George</Name>
        <Email>gweasley@hogwarts.co.uk</Email>
      </Author>
    </Authors>
    <name>Book1</name>
  </book>
  <book year="2014" isbn="ISBN83763550019---11">
    <Authors>
      <Author>
        <Name>Fred</Name>
        <Email>fweasley@hogwarts.co.uk</Email>
      </Author>
      <Author>
        <Name>George</Name>
        <Email>gweasley@hogwarts.co.uk</Email>
      </Author>
    </Authors>
    <name>Book2</name>
  </book>
  <book year="2014" isbn="ISBN83763550019---11">
    <Authors>
      <Author>
        <Name>Fred</Name>
        <Email>fweasley@hogwarts.co.uk</Email>
      </Author>
      <Author>
        <Name>George</Name>
        <Email>gweasley@hogwarts.co.uk</Email>
      </Author>
    </Authors>
    <name>Book1</name>
  </book>
  <book year="2014" isbn="ISBN83763550019---11">
    <Authors>
      <Author>
        <Name>Fred</Name>
        <Email>fweasley@hogwarts.co.uk</Email>
      </Author>
      <Author>
        <Name>George</Name>
        <Email>gweasley@hogwarts.co.uk</Email>
      </Author>
    </Authors>
    <name>Book2</name>
  </book>
  <book year="2014" isbn="ISBN83763550019---11">
    <Authors>
      <Author>
        <Name>Fred</Name>
        <Email>fweasley@hogwarts.co.uk</Email>
      </Author>
      <Author>
        <Name>George</Name>
        <Email>gweasley@hogwarts.co.uk</Email>
      </Author>
    </Authors>
    <name>Book1</name>
  </book>
  <book year="2014" isbn="ISBN83763550019---11">
    <Authors>
      <Author>
        <Name>Fred</Name>
        <Email>fweasley@hogwarts.co.uk</Email>
      </Author>
      <Author>
        <Name>George</Name>
        <Email>gweasley@hogwarts.co.uk</Email>
      </Author>
    </Authors>
    <name>Book2</name>
  </book>
  <book year="2014" isbn="ISBN83763550019---11">
    <Authors>
      <Author>
        <Name>Fred</Name>
        <Email>fweasley@hogwarts.co.uk</Email>
      </Author>
      <Author>
        <Name>George</Name>
        <Email>gweasley@hogwarts.co.uk</Email>
      </Author>
    </Authors>
    <name>Book1</name>
  </book>
  <book year="2014" isbn="ISBN83763550019---11">
    <Authors>
      <Author>
        <Name>Fred</Name>
        <Email>fweasley@hogwarts.co.uk</Email>
      </Author>
      <Author>
        <Name>George</Name>
        <Email>gweasley@hogwarts.co.uk</Email>
      </Author>
    </Authors>
    <name>Book2</name>
  </book>
  <book year="2014" isbn="ISBN83763550019---11">
    <Authors>
      <Author>
        <Name>Fred</Name>
        <Email>fweasley@hogwarts.co.uk</Email>
      </Author>
      <Author>
        <Name>George</Name>
        <Email>gweasley@hogwarts.co.uk</Email>
      </Author>
    </Authors>
    <name>Book1</name>
  </book>
  <book year="2014" isbn="ISBN83763550019---11">
    <Authors>
      <Author>
        <Name>Fred</Name>
        <Email>fweasley@hogwarts.co.uk</Email>
      </Author>
      <Author>
        <Name>George</Name>
        <Email>gweasley@hogwarts.co.uk</Email>
      </Author>
    </Authors>
    <name>Book2</name>
  </book>
  <book year="2014" isbn="ISBN83763550019---11">
    <Authors>
      <Author>
        <Name>Fred</Name>
        <Email>fweasley@hogwarts.co.uk</Email>
      </Author>
      <Author>
        <Name>George</Name>
        <Email>gweasley@hogwarts.co.uk</Email>
      </Author>
    </Authors>
    <name>Book1</name>
  </book>
  <book year="2014" isbn="ISBN83763550019---11">
    <Authors>
      <Author>
        <Name>Fred</Name>
        <Email>fweasley@hogwarts.co.uk</Email>
      </Author>
      <Author>
        <Name>George</Name>
        <Email>gweasley@hogwarts.co.uk</Email>
      </Author>
    </Authors>
    <name>Book2</name>
  </book>
  <book year="2014" isbn="ISBN83763550019---11">
    <Authors>
      <Author>
        <Name>Fred</Name>
        <Email>fweasley@hogwarts.co.uk</Email>
      </Author>
      <Author>
        <Name>George</Name>
        <Email>gweasley@hogwarts.co.uk</Email>
      </Author>
    </Authors>
    <name>Book1</name>
  </book>
  <book year="2014" isbn="ISBN83763550019---11">
    <Authors>
      <Author>
        <Name>Fred</Name>
        <Email>fweasley@hogwarts.co.uk</Email>
      </Author>
      <Author>
        <Name>George</Name>
        <Email>gweasley@hogwarts.co.uk</Email>
      </Author>
    </Authors>
    <name>Book2</name>
  </book>
  <book year="2014" isbn="ISBN83763550019---11">
    <Authors>
      <Author>
        <Name>Fred</Name>
        <Email>fweasley@hogwarts.co.uk</Email>
      </Author>
      <Author>
        <Name>George</Name>
        <Email>gweasley@hogwarts.co.uk</Email>
      </Author>
    </Authors>
    <name>Book1</name>
  </book>
  <book year="2014" isbn="ISBN83763550019---11">
    <Authors>
      <Author>
        <Name>Fred</Name>
        <Email>fweasley@hogwarts.co.uk</Email>
      </Author>
      <Author>
        <Name>George</Name>
        <Email>gweasley@hogwarts.co.uk</Email>
      </Author>
    </Authors>
    <name>Book2</name>
  </book>
  <book year="2014" isbn="ISBN83763550019---11">
    <Authors>
      <Author>
        <Name>Fred</Name>
        <Email>fweasley@hogwarts.co.uk</Email>
      </Author>
      <Author>
        <Name>George</Name>
        <Email>gweasley@hogwarts.co.uk</Email>
      </Author>
    </Authors>
    <name>Book1</name>
  </book>
  <book year="2014" isbn="ISBN83763550019---11">
    <Authors>
      <Author>
        <Name>Fred</Name>
        <Email>fweasley@hogwarts.co.uk</Email>
      </Author>
      <Author>
        <Name>George</Name>
        <Email>gweasley@hogwarts.co.uk</Email>
      </Author>
    </Authors>
    <name>Book2</name>
  </book>
  <book year="2014" isbn="ISBN83763550019---11">
    <Authors>
      <Author>
        <Name>Fred</Name>
        <Email>fweasley@hogwarts.co.uk</Email>
      </Author>
      <Author>
        <Name>George</Name>
        <Email>gweasley@hogwarts.co.uk</Email>
      </Author>
    </Authors>
    <name>Book1</name>
  </book>
  <book year="2014" isbn="ISBN83763550019---11">
    <Authors>
      <Author>
        <Name>Fred</Name>
        <Email>fweasley@hogwarts.co.uk</Email>
      </Author>
      <Author>
        <Name>George</Name>
        <Email>gweasley@hogwarts.co.uk</Email>
      </Author>
    </Authors>
    <name>Book2</name>
  </book>
  <book year="2014" isbn="ISBN83763550019---11">
    <Authors>
      <Author>
        <Name>Fred</Name>
        <Email>fweasley@hogwarts.co.uk</Email>
      </Author>
      <Author>
        <Name>George</Name>
        <Email>gweasley@hogwarts.co.uk</Email>
      </Author>
    </Authors>
    <name>Book1</name>
  </book>
  <book year="2014" isbn="ISBN83763550019---11">
    <Authors>
      <Author>
        <Name>Fred</Name>
        <Email>fweasley@hogwarts.co.uk</Email>
      </Author>
      <Author>
        <Name>George</Name>
        <Email>gweasley@hogwarts.co.uk</Email>
      </Author>
    </Authors>
    <name>Book2</name>
  </book>
  <book year="2014" isbn="ISBN83763550019---11">
    <Authors>
      <Author>
        <Name>Fred</Name>
        <Email>fweasley@hogwarts.co.uk</Email>
      </Author>
      <Author>
        <Name>George</Name>
        <Email>gweasley@hogwarts.co.uk</Email>
      </Author>
    </Authors>
    <name>Book1</name>
  </book>
  <book year="2014" isbn="ISBN83763550019---11">
    <Authors>
      <Author>
        <Name>Fred</Name>
        <Email>fweasley@hogwarts.co.uk</Email>
      </Author>
      <Author>
        <Name>George</Name>
        <Email>gweasley@hogwarts.co.uk</Email>
      </Author>
    </Authors>
    <name>Book2</name>
  </book>
  <book year="2014" isbn="ISBN83763550019---11">
    <Authors>
      <Author>
        <Name>Fred</Name>
        <Email>fweasley@hogwarts.co.uk</Email>
      </Author>
      <Author>
        <Name>George</Name>
        <Email>gweasley@hogwarts.co.uk</Email>
      </Author>
    </Authors>
    <name>Book1</name>
  </book>
  <book year="2014" isbn="ISBN83763550019---11">
    <Authors>
      <Author>
        <Name>Fred</Name>
        <Email>fweasley@hogwarts.co.uk</Email>
      </Author>
      <Author>
        <Name>George</Name>
        <Email>gweasley@hogwarts.co.uk</Email>
      </Author>
    </Authors>
    <name>Book2</name>
  </book>
  <book year="2014" isbn="ISBN83763550019---11">
    <Authors>
      <Author>
        <Name>Fred</Name>
        <Email>fweasley@hogwarts.co.uk</Email>
      </Author>
      <Author>
        <Name>George</Name>
        <Email>gweasley@hogwarts.co.uk</Email>
      </Author>
    </Authors>
    <name>Book1</name>
  </book>
  <book year="2014" isbn="ISBN83763550019---11">
    <Authors>
      <Author>
        <Name>Fred</Name>
        <Email>fweasley@hogwarts.co.uk</Email>
      </Author>
      <Author>
        <Name>George</Name>
        <Email>gweasley@hogwarts.co.uk</Email>
      </Author>
    </Authors>
    <name>Book2</name>
  </book>
  <book year="2014" isbn="ISBN83763550019---11">
    <Authors>
      <Author>
        <Name>Fred</Name>
        <Email>fweasley@hogwarts.co.uk</Email>
      </Author>
      <Author>
        <Name>George</Name>
        <Email>gweasley@hogwarts.co.uk</Email>
      </Author>
    </Authors>
    <name>Book1</name>
  </book>
  <book year="2014" isbn="ISBN83763550019---11">
    <Authors>
      <Author>
        <Name>Fred</Name>
        <Email>fweasley@hogwarts.co.uk</Email>
      </Author>
      <Author>
        <Name>George</Name>
        <Email>gweasley@hogwarts.co.uk</Email>
      </Author>
    </Authors>
    <name>Book2</name>
  </book>
  <book year="2014" isbn="ISBN83763550019---11">
    <Authors>
      <Author>
        <Name>Fred</Name>
        <Email>fweasley@hogwarts.co.uk</Email>
      </Author>
      <Author>
        <Name>George</Name>
        <Email>gweasley@hogwarts.co.uk</Email>
      </Author>
    </Authors>
    <name>Book1</name>
  </book>
  <book year="2014" isbn="ISBN83763550019---11">
    <Authors>
      <Author>
        <Name>Fred</Name>
        <Email>fweasley@hogwarts.co.uk</Email>
      </Author>
      <Author>
        <Name>George</Name>
        <Email>gweasley@hogwarts.co.uk</Email>
      </Author>
    </Authors>
    <name>Book2</name>
  </book>
  <book year="2014" isbn="ISBN83763550019---11">
    <Authors>
      <Author>
        <Name>Fred</Name>
        <Email>fweasley@hogwarts.co.uk</Email>
      </Author>
      <Author>
        <Name>George</Name>
        <Email>gweasley@hogwarts.co.uk</Email>
      </Author>
    </Authors>
    <name>Book1</name>
  </book>
  <book year="2014" isbn="ISBN83763550019---11">
    <Authors>
      <Author>
        <Name>Fred</Name>
        <Email>fweasley@hogwarts.co.uk</Email>
      </Author>
      <Author>
        <Name>George</Name>
        <Email>gweasley@hogwarts.co.uk</Email>
      </Author>
    </Authors>
    <name>Book2</name>
  </book>
  <book year="2014" isbn="ISBN83763550019---11">
    <Authors>
      <Author>
        <Name>Fred</Name>
        <Email>fweasley@hogwarts.co.uk</Email>
      </Author>
      <Author>
        <Name>George</Name>
        <Email>gweasley@hogwarts.co.uk</Email>
      </Author>
    </Authors>
    <name>Book1</name>
  </book>
  <book year="2014" isbn="ISBN83763550019---11">
    <Authors>
      <Author>
        <Name>Fred</Name>
        <Email>fweasley@hogwarts.co.uk</Email>
      </Author>
      <Author>
        <Name>George</Name>
        <Email>gweasley@hogwarts.co.uk</Email>
      </Author>
    </Authors>
    <name>Book2</name>
  </book>
  <book year="2014" isbn="ISBN83763550019---11">
    <Authors>
      <Author>
        <Name>Fred</Name>
        <Email>fweasley@hogwarts.co.uk</Email>
      </Author>
      <Author>
        <Name>George</Name>
        <Email>gweasley@hogwarts.co.uk</Email>
      </Author>
    </Authors>
    <name>Book1</name>
  </book>
  <book year="2014" isbn="ISBN83763550019---11">
    <Authors>
      <Author>
        <Name>Fred</Name>
        <Email>fweasley@hogwarts.co.uk</Email>
      </Author>
      <Author>
        <Name>George</Name>
        <Email>gweasley@hogwarts.co.uk</Email>
      </Author>
    </Authors>
    <name>Book2</name>
  </book>
  <book year="2014" isbn="ISBN83763550019---11">
    <Authors>
      <Author>
        <Name>Fred</Name>
        <Email>fweasley@hogwarts.co.uk</Email>
      </Author>
      <Author>
        <Name>George</Name>
        <Email>gweasley@hogwarts.co.uk</Email>
      </Author>
    </Authors>
    <name>Book1</name>
  </book>
  <book year="2014" isbn="ISBN83763550019---11">
    <Authors>
      <Author>
        <Name>Fred</Name>
        <Email>fweasley@hogwarts.co.uk</Email>
      </Author>
      <Author>
        <Name>George</Name>
        <Email>gweasley@hogwarts.co.uk</Email>
      </Author>
    </Authors>
    <name>Book2</name>
  </book>
  <book year="2014" isbn="ISBN83763550019---11">
    <Authors>
      <Author>
        <Name>Fred</Name>
        <Email>fweasley@hogwarts.co.uk</Email>
      </Author>
      <Author>
        <Name>George</Name>
        <Email>gweasley@hogwarts.co.uk</Email>
      </Author>
    </Authors>
    <name>Book1</name>
  </book>
  <book year="2014" isbn="ISBN83763550019---11">
    <Authors>
      <Author>
        <Name>Fred</Name>
        <Email>fweasley@hogwarts.co.uk</Email>
      </Author>
      <Author>
        <Name>George</Name>
        <Email>gweasley@hogwarts.co.uk</Email>
      </Author>
    </Authors>
    <name>Book2</name>
  </book>
  <book year="2014" isbn="ISBN83763550019---11">
    <Authors>
      <Author>
        <Name>Fred</Name>
        <Email>fweasley@hogwarts.co.uk</Email>
      </Author>
      <Author>
        <Name>George</Name>
        <Email>gweasley@hogwarts.co.uk</Email>
      </Author>
    </Authors>
    <name>Book1</name>
  </book>
  <book year="2014" isbn="ISBN83763550019---11">
    <Authors>
      <Author>
        <Name>Fred</Name>
        <Email>fweasley@hogwarts.co.uk</Email>
      </Author>
      <Author>
        <Name>George</Name>
        <Email>gweasley@hogwarts.co.uk</Email>
      </Author>
    </Authors>
    <name>Book2</name>
  </book>
  <book year="2014" isbn="ISBN83763550019---11">
    <Authors>
      <Author>
        <Name>Fred</Name>
        <Email>fweasley@hogwarts.co.uk</Email>
      </Author>
      <Author>
        <Name>George</Name>
        <Email>gweasley@hogwarts.co.uk</Email>
      </Author>
    </Authors>
    <name>Book1</name>
  </book>
  <book year="2014" isbn="ISBN83763550019---11">
    <Authors>
      <Author>
        <Name>Fred</Name>
        <Email>fweasley@hogwarts.co.uk</Email>
      </Author>
      <Author>
        <Name>George</Name>
        <Email>gweasley@hogwarts.co.uk</Email>
      </Author>
    </Authors>
    <name>Book2</name>
  </book>
  <book year="2014" isbn="ISBN83763550019---11">
    <Authors>
      <Author>
        <Name>Fred</Name>
        <Email>fweasley@hogwarts.co.uk</Email>
      </Author>
      <Author>
        <Name>George</Name>
        <Email>gweasley@hogwarts.co.uk</Email>
      </Author>
    </Authors>
    <name>Book1</name>
  </book>
  <book year="2014" isbn="ISBN83763550019---11">
    <Authors>
      <Author>
        <Name>Fred</Name>
        <Email>fweasley@hogwarts.co.uk</Email>
      </Author>
      <Author>
        <Name>George</Name>
        <Email>gweasley@hogwarts.co.uk</Email>
      </Author>
    </Authors>
    <name>Book2</name>
  </book>
  <book year="2014" isbn="ISBN83763550019---11">
    <Authors>
      <Author>
        <Name>Fred</Name>
        <Email>fweasley@hogwarts.co.uk</Email>
      </Author>
      <Author>
        <Name>George</Name>
        <Email>gweasley@hogwarts.co.uk</Email>
      </Author>
    </Authors>
    <name>Book1</name>
  </book>
  <book year="2014" isbn="ISBN83763550019---11">
    <Authors>
      <Author>
        <Name>Fred</Name>
        <Email>fweasley@hogwarts.co.uk</Email>
      </Author>
      <Author>
        <Name>George</Name>
        <Email>gweasley@hogwarts.co.uk</Email>
      </Author>
    </Authors>
    <name>Book2</name>
  </book>
  <book year="2014" isbn="ISBN83763550019---11">
    <Authors>
      <Author>
        <Name>Fred</Name>
        <Email>fweasley@hogwarts.co.uk</Email>
      </Author>
      <Author>
        <Name>George</Name>
        <Email>gweasley@hogwarts.co.uk</Email>
      </Author>
    </Authors>
    <name>Book1</name>
  </book>
  <book year="2014" isbn="ISBN83763550019---11">
    <Authors>
      <Author>
        <Name>Fred</Name>
        <Email>fweasley@hogwarts.co.uk</Email>
      </Author>
      <Author>
        <Name>George</Name>
        <Email>gweasley@hogwarts.co.uk</Email>
      </Author>
    </Authors>
    <name>Book2</name>
  </book>
  <book year="2014" isbn="ISBN83763550019---11">
    <Authors>
      <Author>
        <Name>Fred</Name>
        <Email>fweasley@hogwarts.co.uk</Email>
      </Author>
      <Author>
        <Name>George</Name>
        <Email>gweasley@hogwarts.co.uk</Email>
      </Author>
    </Authors>
    <name>Book1</name>
  </book>
  <book year="2014" isbn="ISBN83763550019---11">
    <Authors>
      <Author>
        <Name>Fred</Name>
        <Email>fweasley@hogwarts.co.uk</Email>
      </Author>
      <Author>
        <Name>George</Name>
        <Email>gweasley@hogwarts.co.uk</Email>
      </Author>
    </Authors>
    <name>Book2</name>
  </book>
  <book year="2014" isbn="ISBN83763550019---11">
    <Authors>
      <Author>
        <Name>Fred</Name>
        <Email>fweasley@hogwarts.co.uk</Email>
      </Author>
      <Author>
        <Name>George</Name>
        <Email>gweasley@hogwarts.co.uk</Email>
      </Author>
    </Authors>
    <name>Book1</name>
  </book>
  <book year="2014" isbn="ISBN83763550019---11">
    <Authors>
      <Author>
        <Name>Fred</Name>
        <Email>fweasley@hogwarts.co.uk</Email>
      </Author>
      <Author>
        <Name>George</Name>
        <Email>gweasley@hogwarts.co.uk</Email>
      </Author>
    </Authors>
    <name>Book2</name>
  </book>
  <book year="2014" isbn="ISBN83763550019---11">
    <Authors>
      <Author>
        <Name>Fred</Name>
        <Email>fweasley@hogwarts.co.uk</Email>
      </Author>
      <Author>
        <Name>George</Name>
        <Email>gweasley@hogwarts.co.uk</Email>
      </Author>
    </Authors>
    <name>Book1</name>
  </book>
  <book year="2014" isbn="ISBN83763550019---11">
    <Authors>
      <Author>
        <Name>Fred</Name>
        <Email>fweasley@hogwarts.co.uk</Email>
      </Author>
      <Author>
        <Name>George</Name>
        <Email>gweasley@hogwarts.co.uk</Email>
      </Author>
    </Authors>
    <name>Book2</name>
  </book>
  <book year="2014" isbn="ISBN83763550019---11">
    <Authors>
      <Author>
        <Name>Fred</Name>
        <Email>fweasley@hogwarts.co.uk</Email>
      </Author>
      <Author>
        <Name>George</Name>
        <Email>gweasley@hogwarts.co.uk</Email>
      </Author>
    </Authors>
    <name>Book1</name>
  </book>
  <book year="2014" isbn="ISBN83763550019---11">
    <Authors>
      <Author>
        <Name>Fred</Name>
        <Email>fweasley@hogwarts.co.uk</Email>
      </Author>
      <Author>
        <Name>George</Name>
        <Email>gweasley@hogwarts.co.uk</Email>
      </Author>
    </Authors>
    <name>Book2</name>
  </book>
  <book year="2014" isbn="ISBN83763550019---11">
    <Authors>
      <Author>
        <Name>Fred</Name>
        <Email>fweasley@hogwarts.co.uk</Email>
      </Author>
      <Author>
        <Name>George</Name>
        <Email>gweasley@hogwarts.co.uk</Email>
      </Author>
    </Authors>
    <name>Book1</name>
  </book>
  <book year="2014" isbn="ISBN83763550019---11">
    <Authors>
      <Author>
        <Name>Fred</Name>
        <Email>fweasley@hogwarts.co.uk</Email>
      </Author>
      <Author>
        <Name>George</Name>
        <Email>gweasley@hogwarts.co.uk</Email>
      </Author>
    </Authors>
    <name>Book2</name>
  </book>
  <book year="2014" isbn="ISBN83763550019---11">
    <Authors>
      <Author>
        <Name>Fred</Name>
        <Email>fweasley@hogwarts.co.uk</Email>
      </Author>
      <Author>
        <Name>George</Name>
        <Email>gweasley@hogwarts.co.uk</Email>
      </Author>
    </Authors>
    <name>Book1</name>
  </book>
  <book year="2014" isbn="ISBN83763550019---11">
    <Authors>
      <Author>
        <Name>Fred</Name>
        <Email>fweasley@hogwarts.co.uk</Email>
      </Author>
      <Author>
        <Name>George</Name>
        <Email>gweasley@hogwarts.co.uk</Email>
      </Author>
    </Authors>
    <name>Book2</name>
  </book>
  <book year="2014" isbn="ISBN83763550019---11">
    <Authors>
      <Author>
        <Name>Fred</Name>
        <Email>fweasley@hogwarts.co.uk</Email>
      </Author>
      <Author>
        <Name>George</Name>
        <Email>gweasley@hogwarts.co.uk</Email>
      </Author>
    </Authors>
    <name>Book1</name>
  </book>
  <book year="2014" isbn="ISBN83763550019---11">
    <Authors>
      <Author>
        <Name>Fred</Name>
        <Email>fweasley@hogwarts.co.uk</Email>
      </Author>
      <Author>
        <Name>George</Name>
        <Email>gweasley@hogwarts.co.uk</Email>
      </Author>
    </Authors>
    <name>Book2</name>
  </book>
  <book year="2014" isbn="ISBN83763550019---11">
    <Authors>
      <Author>
        <Name>Fred</Name>
        <Email>fweasley@hogwarts.co.uk</Email>
      </Author>
      <Author>
        <Name>George</Name>
        <Email>gweasley@hogwarts.co.uk</Email>
      </Author>
    </Authors>
    <name>Book1</name>
  </book>
  <book year="2014" isbn="ISBN83763550019---11">
    <Authors>
      <Author>
        <Name>Fred</Name>
        <Email>fweasley@hogwarts.co.uk</Email>
      </Author>
      <Author>
        <Name>George</Name>
        <Email>gweasley@hogwarts.co.uk</Email>
      </Author>
    </Authors>
    <name>Book2</name>
  </book>
  <book year="2014" isbn="ISBN83763550019---11">
    <Authors>
      <Author>
        <Name>Fred</Name>
        <Email>fweasley@hogwarts.co.uk</Email>
      </Author>
      <Author>
        <Name>George</Name>
        <Email>gweasley@hogwarts.co.uk</Email>
      </Author>
    </Authors>
    <name>Book1</name>
  </book>
  <book year="2014" isbn="ISBN83763550019---11">
    <Authors>
      <Author>
        <Name>Fred</Name>
        <Email>fweasley@hogwarts.co.uk</Email>
      </Author>
      <Author>
        <Name>George</Name>
        <Email>gweasley@hogwarts.co.uk</Email>
      </Author>
    </Authors>
    <name>Book2</name>
  </book>
  <book year="2014" isbn="ISBN83763550019---11">
    <Authors>
      <Author>
        <Name>Fred</Name>
        <Email>fweasley@hogwarts.co.uk</Email>
      </Author>
      <Author>
        <Name>George</Name>
        <Email>gweasley@hogwarts.co.uk</Email>
      </Author>
    </Authors>
    <name>Book1</name>
  </book>
  <book year="2014" isbn="ISBN83763550019---11">
    <Authors>
      <Author>
        <Name>Fred</Name>
        <Email>fweasley@hogwarts.co.uk</Email>
      </Author>
      <Author>
        <Name>George</Name>
        <Email>gweasley@hogwarts.co.uk</Email>
      </Author>
    </Authors>
    <name>Book2</name>
  </book>
  <book year="2014" isbn="ISBN83763550019---11">
    <Authors>
      <Author>
        <Name>Fred</Name>
        <Email>fweasley@hogwarts.co.uk</Email>
      </Author>
      <Author>
        <Name>George</Name>
        <Email>gweasley@hogwarts.co.uk</Email>
      </Author>
    </Authors>
    <name>Book1</name>
  </book>
  <book year="2014" isbn="ISBN83763550019---11">
    <Authors>
      <Author>
        <Name>Fred</Name>
        <Email>fweasley@hogwarts.co.uk</Email>
      </Author>
      <Author>
        <Name>George</Name>
        <Email>gweasley@hogwarts.co.uk</Email>
      </Author>
    </Authors>
    <name>Book2</name>
  </book>
  <book year="2014" isbn="ISBN83763550019---11">
    <Authors>
      <Author>
        <Name>Fred</Name>
        <Email>fweasley@hogwarts.co.uk</Email>
      </Author>
      <Author>
        <Name>George</Name>
        <Email>gweasley@hogwarts.co.uk</Email>
      </Author>
    </Authors>
    <name>Book1</name>
  </book>
  <book year="2014" isbn="ISBN83763550019---11">
    <Authors>
      <Author>
        <Name>Fred</Name>
        <Email>fweasley@hogwarts.co.uk</Email>
      </Author>
      <Author>
        <Name>George</Name>
        <Email>gweasley@hogwarts.co.uk</Email>
      </Author>
    </Authors>
    <name>Book2</name>
  </book>
  <book year="2014" isbn="ISBN83763550019---11">
    <Authors>
      <Author>
        <Name>Fred</Name>
        <Email>fweasley@hogwarts.co.uk</Email>
      </Author>
      <Author>
        <Name>George</Name>
        <Email>gweasley@hogwarts.co.uk</Email>
      </Author>
    </Authors>
    <name>Book1</name>
  </book>
  <book year="2014" isbn="ISBN83763550019---11">
    <Authors>
      <Author>
        <Name>Fred</Name>
        <Email>fweasley@hogwarts.co.uk</Email>
      </Author>
      <Author>
        <Name>George</Name>
        <Email>gweasley@hogwarts.co.uk</Email>
      </Author>
    </Authors>
    <name>Book2</name>
  </book>
  <book year="2014" isbn="ISBN83763550019---11">
    <Authors>
      <Author>
        <Name>Fred</Name>
        <Email>fweasley@hogwarts.co.uk</Email>
      </Author>
      <Author>
        <Name>George</Name>
        <Email>gweasley@hogwarts.co.uk</Email>
      </Author>
    </Authors>
    <name>Book1</name>
  </book>
  <book year="2014" isbn="ISBN83763550019---11">
    <Authors>
      <Author>
        <Name>Fred</Name>
        <Email>fweasley@hogwarts.co.uk</Email>
      </Author>
      <Author>
        <Name>George</Name>
        <Email>gweasley@hogwarts.co.uk</Email>
      </Author>
    </Authors>
    <name>Book2</name>
  </book>
  <book year="2014" isbn="ISBN83763550019---11">
    <Authors>
      <Author>
        <Name>Fred</Name>
        <Email>fweasley@hogwarts.co.uk</Email>
      </Author>
      <Author>
        <Name>George</Name>
        <Email>gweasley@hogwarts.co.uk</Email>
      </Author>
    </Authors>
    <name>Book1</name>
  </book>
  <book year="2014" isbn="ISBN83763550019---11">
    <Authors>
      <Author>
        <Name>Fred</Name>
        <Email>fweasley@hogwarts.co.uk</Email>
      </Author>
      <Author>
        <Name>George</Name>
        <Email>gweasley@hogwarts.co.uk</Email>
      </Author>
    </Authors>
    <name>Book2</name>
  </book>
  <book year="2014" isbn="ISBN83763550019---11">
    <Authors>
      <Author>
        <Name>Fred</Name>
        <Email>fweasley@hogwarts.co.uk</Email>
      </Author>
      <Author>
        <Name>George</Name>
        <Email>gweasley@hogwarts.co.uk</Email>
      </Author>
    </Authors>
    <name>Book1</name>
  </book>
  <book year="2014" isbn="ISBN83763550019---11">
    <Authors>
      <Author>
        <Name>Fred</Name>
        <Email>fweasley@hogwarts.co.uk</Email>
      </Author>
      <Author>
        <Name>George</Name>
        <Email>gweasley@hogwarts.co.uk</Email>
      </Author>
    </Authors>
    <name>Book2</name>
  </book>
  <book year="2014" isbn="ISBN83763550019---11">
    <Authors>
      <Author>
        <Name>Fred</Name>
        <Email>fweasley@hogwarts.co.uk</Email>
      </Author>
      <Author>
        <Name>George</Name>
        <Email>gweasley@hogwarts.co.uk</Email>
      </Author>
    </Authors>
    <name>Book1</name>
  </book>
  <book year="2014" isbn="ISBN83763550019---11">
    <Authors>
      <Author>
        <Name>Fred</Name>
        <Email>fweasley@hogwarts.co.uk</Email>
      </Author>
      <Author>
        <Name>George</Name>
        <Email>gweasley@hogwarts.co.uk</Email>
      </Author>
    </Authors>
    <name>Book2</name>
  </book>
  <book year="2014" isbn="ISBN83763550019---11">
    <Authors>
      <Author>
        <Name>Fred</Name>
        <Email>fweasley@hogwarts.co.uk</Email>
      </Author>
      <Author>
        <Name>George</Name>
        <Email>gweasley@hogwarts.co.uk</Email>
      </Author>
    </Authors>
    <name>Book1</name>
  </book>
  <book year="2014" isbn="ISBN83763550019---11">
    <Authors>
      <Author>
        <Name>Fred</Name>
        <Email>fweasley@hogwarts.co.uk</Email>
      </Author>
      <Author>
        <Name>George</Name>
        <Email>gweasley@hogwarts.co.uk</Email>
      </Author>
    </Authors>
    <name>Book2</name>
  </book>
  <book year="2014" isbn="ISBN83763550019---11">
    <Authors>
      <Author>
        <Name>Fred</Name>
        <Email>fweasley@hogwarts.co.uk</Email>
      </Author>
      <Author>
        <Name>George</Name>
        <Email>gweasley@hogwarts.co.uk</Email>
      </Author>
    </Authors>
    <name>Book1</name>
  </book>
  <book year="2014" isbn="ISBN83763550019---11">
    <Authors>
      <Author>
        <Name>Fred</Name>
        <Email>fweasley@hogwarts.co.uk</Email>
      </Author>
      <Author>
        <Name>George</Name>
        <Email>gweasley@hogwarts.co.uk</Email>
      </Author>
    </Authors>
    <name>Book2</name>
  </book>
  <book year="2014" isbn="ISBN83763550019---11">
    <Authors>
      <Author>
        <Name>Fred</Name>
        <Email>fweasley@hogwarts.co.uk</Email>
      </Author>
      <Author>
        <Name>George</Name>
        <Email>gweasley@hogwarts.co.uk</Email>
      </Author>
    </Authors>
    <name>Book1</name>
  </book>
  <book year="2014" isbn="ISBN83763550019---11">
    <Authors>
      <Author>
        <Name>Fred</Name>
        <Email>fweasley@hogwarts.co.uk</Email>
      </Author>
      <Author>
        <Name>George</Name>
        <Email>gweasley@hogwarts.co.uk</Email>
      </Author>
    </Authors>
    <name>Book2</name>
  </book>
  <book year="2014" isbn="ISBN83763550019---11">
    <Authors>
      <Author>
        <Name>Fred</Name>
        <Email>fweasley@hogwarts.co.uk</Email>
      </Author>
      <Author>
        <Name>George</Name>
        <Email>gweasley@hogwarts.co.uk</Email>
      </Author>
    </Authors>
    <name>Book1</name>
  </book>
  <book year="2014" isbn="ISBN83763550019---11">
    <Authors>
      <Author>
        <Name>Fred</Name>
        <Email>fweasley@hogwarts.co.uk</Email>
      </Author>
      <Author>
        <Name>George</Name>
        <Email>gweasley@hogwarts.co.uk</Email>
      </Author>
    </Authors>
    <name>Book2</name>
  </book>
  <book year="2014" isbn="ISBN83763550019---11">
    <Authors>
      <Author>
        <Name>Fred</Name>
        <Email>fweasley@hogwarts.co.uk</Email>
      </Author>
      <Author>
        <Name>George</Name>
        <Email>gweasley@hogwarts.co.uk</Email>
      </Author>
    </Authors>
    <name>Book1</name>
  </book>
  <book year="2014" isbn="ISBN83763550019---11">
    <Authors>
      <Author>
        <Name>Fred</Name>
        <Email>fweasley@hogwarts.co.uk</Email>
      </Author>
      <Author>
        <Name>George</Name>
        <Email>gweasley@hogwarts.co.uk</Email>
      </Author>
    </Authors>
    <name>Book2</name>
  </book>
  <book year="2014" isbn="ISBN83763550019---11">
    <Authors>
      <Author>
        <Name>Fred</Name>
        <Email>fweasley@hogwarts.co.uk</Email>
      </Author>
      <Author>
        <Name>George</Name>
        <Email>gweasley@hogwarts.co.uk</Email>
      </Author>
    </Authors>
    <name>Book1</name>
  </book>
  <book year="2014" isbn="ISBN83763550019---11">
    <Authors>
      <Author>
        <Name>Fred</Name>
        <Email>fweasley@hogwarts.co.uk</Email>
      </Author>
      <Author>
        <Name>George</Name>
        <Email>gweasley@hogwarts.co.uk</Email>
      </Author>
    </Authors>
    <name>Book2</name>
  </book>
  <book year="2014" isbn="ISBN83763550019---11">
    <Authors>
      <Author>
        <Name>Fred</Name>
        <Email>fweasley@hogwarts.co.uk</Email>
      </Author>
      <Author>
        <Name>George</Name>
        <Email>gweasley@hogwarts.co.uk</Email>
      </Author>
    </Authors>
    <name>Book1</name>
  </book>
  <book year="2014" isbn="ISBN83763550019---11">
    <Authors>
      <Author>
        <Name>Fred</Name>
        <Email>fweasley@hogwarts.co.uk</Email>
      </Author>
      <Author>
        <Name>George</Name>
        <Email>gweasley@hogwarts.co.uk</Email>
      </Author>
    </Authors>
    <name>Book2</name>
  </book>
  <book year="2014" isbn="ISBN83763550019---11">
    <Authors>
      <Author>
        <Name>Fred</Name>
        <Email>fweasley@hogwarts.co.uk</Email>
      </Author>
      <Author>
        <Name>George</Name>
        <Email>gweasley@hogwarts.co.uk</Email>
      </Author>
    </Authors>
    <name>Book1</name>
  </book>
  <book year="2014" isbn="ISBN83763550019---11">
    <Authors>
      <Author>
        <Name>Fred</Name>
        <Email>fweasley@hogwarts.co.uk</Email>
      </Author>
      <Author>
        <Name>George</Name>
        <Email>gweasley@hogwarts.co.uk</Email>
      </Author>
    </Authors>
    <name>Book2</name>
  </book>
  <book year="2014" isbn="ISBN83763550019---11">
    <Authors>
      <Author>
        <Name>Fred</Name>
        <Email>fweasley@hogwarts.co.uk</Email>
      </Author>
      <Author>
        <Name>George</Name>
        <Email>gweasley@hogwarts.co.uk</Email>
      </Author>
    </Authors>
    <name>Book1</name>
  </book>
  <book year="2014" isbn="ISBN83763550019---11">
    <Authors>
      <Author>
        <Name>Fred</Name>
        <Email>fweasley@hogwarts.co.uk</Email>
      </Author>
      <Author>
        <Name>George</Name>
        <Email>gweasley@hogwarts.co.uk</Email>
      </Author>
    </Authors>
    <name>Book2</name>
  </book>
  <book year="2014" isbn="ISBN83763550019---11">
    <Authors>
      <Author>
        <Name>Fred</Name>
        <Email>fweasley@hogwarts.co.uk</Email>
      </Author>
      <Author>
        <Name>George</Name>
        <Email>gweasley@hogwarts.co.uk</Email>
      </Author>
    </Authors>
    <name>Book1</name>
  </book>
  <book year="2014" isbn="ISBN83763550019---11">
    <Authors>
      <Author>
        <Name>Fred</Name>
        <Email>fweasley@hogwarts.co.uk</Email>
      </Author>
      <Author>
        <Name>George</Name>
        <Email>gweasley@hogwarts.co.uk</Email>
      </Author>
    </Authors>
    <name>Book2</name>
  </book>
  <book year="2014" isbn="ISBN83763550019---11">
    <Authors>
      <Author>
        <Name>Fred</Name>
        <Email>fweasley@hogwarts.co.uk</Email>
      </Author>
      <Author>
        <Name>George</Name>
        <Email>gweasley@hogwarts.co.uk</Email>
      </Author>
    </Authors>
    <name>Book1</name>
  </book>
  <book year="2014" isbn="ISBN83763550019---11">
    <Authors>
      <Author>
        <Name>Fred</Name>
        <Email>fweasley@hogwarts.co.uk</Email>
      </Author>
      <Author>
        <Name>George</Name>
        <Email>gweasley@hogwarts.co.uk</Email>
      </Author>
    </Authors>
    <name>Book2</name>
  </book>
  <book year="2014" isbn="ISBN83763550019---11">
    <Authors>
      <Author>
        <Name>Fred</Name>
        <Email>fweasley@hogwarts.co.uk</Email>
      </Author>
      <Author>
        <Name>George</Name>
        <Email>gweasley@hogwarts.co.uk</Email>
      </Author>
    </Authors>
    <name>Book1</name>
  </book>
  <book year="2014" isbn="ISBN83763550019---11">
    <Authors>
      <Author>
        <Name>Fred</Name>
        <Email>fweasley@hogwarts.co.uk</Email>
      </Author>
      <Author>
        <Name>George</Name>
        <Email>gweasley@hogwarts.co.uk</Email>
      </Author>
    </Authors>
    <name>Book2</name>
  </book>
  <book year="2014" isbn="ISBN83763550019---11">
    <Authors>
      <Author>
        <Name>Fred</Name>
        <Email>fweasley@hogwarts.co.uk</Email>
      </Author>
      <Author>
        <Name>George</Name>
        <Email>gweasley@hogwarts.co.uk</Email>
      </Author>
    </Authors>
    <name>Book1</name>
  </book>
  <book year="2014" isbn="ISBN83763550019---11">
    <Authors>
      <Author>
        <Name>Fred</Name>
        <Email>fweasley@hogwarts.co.uk</Email>
      </Author>
      <Author>
        <Name>George</Name>
        <Email>gweasley@hogwarts.co.uk</Email>
      </Author>
    </Authors>
    <name>Book2</name>
  </book>
  <book year="2014" isbn="ISBN83763550019---11">
    <Authors>
      <Author>
        <Name>Fred</Name>
        <Email>fweasley@hogwarts.co.uk</Email>
      </Author>
      <Author>
        <Name>George</Name>
        <Email>gweasley@hogwarts.co.uk</Email>
      </Author>
    </Authors>
    <name>Book1</name>
  </book>
  <book year="2014" isbn="ISBN83763550019---11">
    <Authors>
      <Author>
        <Name>Fred</Name>
        <Email>fweasley@hogwarts.co.uk</Email>
      </Author>
      <Author>
        <Name>George</Name>
        <Email>gweasley@hogwarts.co.uk</Email>
      </Author>
    </Authors>
    <name>Book2</name>
  </book>
  <book year="2014" isbn="ISBN83763550019---11">
    <Authors>
      <Author>
        <Name>Fred</Name>
        <Email>fweasley@hogwarts.co.uk</Email>
      </Author>
      <Author>
        <Name>George</Name>
        <Email>gweasley@hogwarts.co.uk</Email>
      </Author>
    </Authors>
    <name>Book1</name>
  </book>
  <book year="2014" isbn="ISBN83763550019---11">
    <Authors>
      <Author>
        <Name>Fred</Name>
        <Email>fweasley@hogwarts.co.uk</Email>
      </Author>
      <Author>
        <Name>George</Name>
        <Email>gweasley@hogwarts.co.uk</Email>
      </Author>
    </Authors>
    <name>Book2</name>
  </book>
  <book year="2014" isbn="ISBN83763550019---11">
    <Authors>
      <Author>
        <Name>Fred</Name>
        <Email>fweasley@hogwarts.co.uk</Email>
      </Author>
      <Author>
        <Name>George</Name>
        <Email>gweasley@hogwarts.co.uk</Email>
      </Author>
    </Authors>
    <name>Book1</name>
  </book>
  <book year="2014" isbn="ISBN83763550019---11">
    <Authors>
      <Author>
        <Name>Fred</Name>
        <Email>fweasley@hogwarts.co.uk</Email>
      </Author>
      <Author>
        <Name>George</Name>
        <Email>gweasley@hogwarts.co.uk</Email>
      </Author>
    </Authors>
    <name>Book2</name>
  </book>
  <book year="2014" isbn="ISBN83763550019---11">
    <Authors>
      <Author>
        <Name>Fred</Name>
        <Email>fweasley@hogwarts.co.uk</Email>
      </Author>
      <Author>
        <Name>George</Name>
        <Email>gweasley@hogwarts.co.uk</Email>
      </Author>
    </Authors>
    <name>Book1</name>
  </book>
  <book year="2014" isbn="ISBN83763550019---11">
    <Authors>
      <Author>
        <Name>Fred</Name>
        <Email>fweasley@hogwarts.co.uk</Email>
      </Author>
      <Author>
        <Name>George</Name>
        <Email>gweasley@hogwarts.co.uk</Email>
      </Author>
    </Authors>
    <name>Book2</name>
  </book>
  <book year="2014" isbn="ISBN83763550019---11">
    <Authors>
      <Author>
        <Name>Fred</Name>
        <Email>fweasley@hogwarts.co.uk</Email>
      </Author>
      <Author>
        <Name>George</Name>
        <Email>gweasley@hogwarts.co.uk</Email>
      </Author>
    </Authors>
    <name>Book1</name>
  </book>
  <book year="2014" isbn="ISBN83763550019---11">
    <Authors>
      <Author>
        <Name>Fred</Name>
        <Email>fweasley@hogwarts.co.uk</Email>
      </Author>
      <Author>
        <Name>George</Name>
        <Email>gweasley@hogwarts.co.uk</Email>
      </Author>
    </Authors>
    <name>Book2</name>
  </book>
  <book year="2014" isbn="ISBN83763550019---11">
    <Authors>
      <Author>
        <Name>Fred</Name>
        <Email>fweasley@hogwarts.co.uk</Email>
      </Author>
      <Author>
        <Name>George</Name>
        <Email>gweasley@hogwarts.co.uk</Email>
      </Author>
    </Authors>
    <name>Book1</name>
  </book>
  <book year="2014" isbn="ISBN83763550019---11">
    <Authors>
      <Author>
        <Name>Fred</Name>
        <Email>fweasley@hogwarts.co.uk</Email>
      </Author>
      <Author>
        <Name>George</Name>
        <Email>gweasley@hogwarts.co.uk</Email>
      </Author>
    </Authors>
    <name>Book2</name>
  </book>
  <book year="2014" isbn="ISBN83763550019---11">
    <Authors>
      <Author>
        <Name>Fred</Name>
        <Email>fweasley@hogwarts.co.uk</Email>
      </Author>
      <Author>
        <Name>George</Name>
        <Email>gweasley@hogwarts.co.uk</Email>
      </Author>
    </Authors>
    <name>Book1</name>
  </book>
  <book year="2014" isbn="ISBN83763550019---11">
    <Authors>
      <Author>
        <Name>Fred</Name>
        <Email>fweasley@hogwarts.co.uk</Email>
      </Author>
      <Author>
        <Name>George</Name>
        <Email>gweasley@hogwarts.co.uk</Email>
      </Author>
    </Authors>
    <name>Book2</name>
  </book>
  <book year="2014" isbn="ISBN83763550019---11">
    <Authors>
      <Author>
        <Name>Fred</Name>
        <Email>fweasley@hogwarts.co.uk</Email>
      </Author>
      <Author>
        <Name>George</Name>
        <Email>gweasley@hogwarts.co.uk</Email>
      </Author>
    </Authors>
    <name>Book1</name>
  </book>
  <book year="2014" isbn="ISBN83763550019---11">
    <Authors>
      <Author>
        <Name>Fred</Name>
        <Email>fweasley@hogwarts.co.uk</Email>
      </Author>
      <Author>
        <Name>George</Name>
        <Email>gweasley@hogwarts.co.uk</Email>
      </Author>
    </Authors>
    <name>Book2</name>
  </book>
  <book year="2014" isbn="ISBN83763550019---11">
    <Authors>
      <Author>
        <Name>Fred</Name>
        <Email>fweasley@hogwarts.co.uk</Email>
      </Author>
      <Author>
        <Name>George</Name>
        <Email>gweasley@hogwarts.co.uk</Email>
      </Author>
    </Authors>
    <name>Book1</name>
  </book>
  <book year="2014" isbn="ISBN83763550019---11">
    <Authors>
      <Author>
        <Name>Fred</Name>
        <Email>fweasley@hogwarts.co.uk</Email>
      </Author>
      <Author>
        <Name>George</Name>
        <Email>gweasley@hogwarts.co.uk</Email>
      </Author>
    </Authors>
    <name>Book2</name>
  </book>
  <book year="2014" isbn="ISBN83763550019---11">
    <Authors>
      <Author>
        <Name>Fred</Name>
        <Email>fweasley@hogwarts.co.uk</Email>
      </Author>
      <Author>
        <Name>George</Name>
        <Email>gweasley@hogwarts.co.uk</Email>
      </Author>
    </Authors>
    <name>Book1</name>
  </book>
  <book year="2014" isbn="ISBN83763550019---11">
    <Authors>
      <Author>
        <Name>Fred</Name>
        <Email>fweasley@hogwarts.co.uk</Email>
      </Author>
      <Author>
        <Name>George</Name>
        <Email>gweasley@hogwarts.co.uk</Email>
      </Author>
    </Authors>
    <name>Book2</name>
  </book>
  <book year="2014" isbn="ISBN83763550019---11">
    <Authors>
      <Author>
        <Name>Fred</Name>
        <Email>fweasley@hogwarts.co.uk</Email>
      </Author>
      <Author>
        <Name>George</Name>
        <Email>gweasley@hogwarts.co.uk</Email>
      </Author>
    </Authors>
    <name>Book1</name>
  </book>
  <book year="2014" isbn="ISBN83763550019---11">
    <Authors>
      <Author>
        <Name>Fred</Name>
        <Email>fweasley@hogwarts.co.uk</Email>
      </Author>
      <Author>
        <Name>George</Name>
        <Email>gweasley@hogwarts.co.uk</Email>
      </Author>
    </Authors>
    <name>Book2</name>
  </book>
  <book year="2014" isbn="ISBN83763550019---11">
    <Authors>
      <Author>
        <Name>Fred</Name>
        <Email>fweasley@hogwarts.co.uk</Email>
      </Author>
      <Author>
        <Name>George</Name>
        <Email>gweasley@hogwarts.co.uk</Email>
      </Author>
    </Authors>
    <name>Book1</name>
  </book>
  <book year="2014" isbn="ISBN83763550019---11">
    <Authors>
      <Author>
        <Name>Fred</Name>
        <Email>fweasley@hogwarts.co.uk</Email>
      </Author>
      <Author>
        <Name>George</Name>
        <Email>gweasley@hogwarts.co.uk</Email>
      </Author>
    </Authors>
    <name>Book2</name>
  </book>
  <book year="2014" isbn="ISBN83763550019---11">
    <Authors>
      <Author>
        <Name>Fred</Name>
        <Email>fweasley@hogwarts.co.uk</Email>
      </Author>
      <Author>
        <Name>George</Name>
        <Email>gweasley@hogwarts.co.uk</Email>
      </Author>
    </Authors>
    <name>Book1</name>
  </book>
  <book year="2014" isbn="ISBN83763550019---11">
    <Authors>
      <Author>
        <Name>Fred</Name>
        <Email>fweasley@hogwarts.co.uk</Email>
      </Author>
      <Author>
        <Name>George</Name>
        <Email>gweasley@hogwarts.co.uk</Email>
      </Author>
    </Authors>
    <name>Book2</name>
  </book>
  <book year="2014" isbn="ISBN83763550019---11">
    <Authors>
      <Author>
        <Name>Fred</Name>
        <Email>fweasley@hogwarts.co.uk</Email>
      </Author>
      <Author>
        <Name>George</Name>
        <Email>gweasley@hogwarts.co.uk</Email>
      </Author>
    </Authors>
    <name>Book1</name>
  </book>
  <book year="2014" isbn="ISBN83763550019---11">
    <Authors>
      <Author>
        <Name>Fred</Name>
        <Email>fweasley@hogwarts.co.uk</Email>
      </Author>
      <Author>
        <Name>George</Name>
        <Email>gweasley@hogwarts.co.uk</Email>
      </Author>
    </Authors>
    <name>Book2</name>
  </book>
  <book year="2014" isbn="ISBN83763550019---11">
    <Authors>
      <Author>
        <Name>Fred</Name>
        <Email>fweasley@hogwarts.co.uk</Email>
      </Author>
      <Author>
        <Name>George</Name>
        <Email>gweasley@hogwarts.co.uk</Email>
      </Author>
    </Authors>
    <name>Book1</name>
  </book>
  <book year="2014" isbn="ISBN83763550019---11">
    <Authors>
      <Author>
        <Name>Fred</Name>
        <Email>fweasley@hogwarts.co.uk</Email>
      </Author>
      <Author>
        <Name>George</Name>
        <Email>gweasley@hogwarts.co.uk</Email>
      </Author>
    </Authors>
    <name>Book2</name>
  </book>
  <book year="2014" isbn="ISBN83763550019---11">
    <Authors>
      <Author>
        <Name>Fred</Name>
        <Email>fweasley@hogwarts.co.uk</Email>
      </Author>
      <Author>
        <Name>George</Name>
        <Email>gweasley@hogwarts.co.uk</Email>
      </Author>
    </Authors>
    <name>Book1</name>
  </book>
  <book year="2014" isbn="ISBN83763550019---11">
    <Authors>
      <Author>
        <Name>Fred</Name>
        <Email>fweasley@hogwarts.co.uk</Email>
      </Author>
      <Author>
        <Name>George</Name>
        <Email>gweasley@hogwarts.co.uk</Email>
      </Author>
    </Authors>
    <name>Book2</name>
  </book>
  <book year="2014" isbn="ISBN83763550019---11">
    <Authors>
      <Author>
        <Name>Fred</Name>
        <Email>fweasley@hogwarts.co.uk</Email>
      </Author>
      <Author>
        <Name>George</Name>
        <Email>gweasley@hogwarts.co.uk</Email>
      </Author>
    </Authors>
    <name>Book1</name>
  </book>
  <book year="2014" isbn="ISBN83763550019---11">
    <Authors>
      <Author>
        <Name>Fred</Name>
        <Email>fweasley@hogwarts.co.uk</Email>
      </Author>
      <Author>
        <Name>George</Name>
        <Email>gweasley@hogwarts.co.uk</Email>
      </Author>
    </Authors>
    <name>Book2</name>
  </book>
  <book year="2014" isbn="ISBN83763550019---11">
    <Authors>
      <Author>
        <Name>Fred</Name>
        <Email>fweasley@hogwarts.co.uk</Email>
      </Author>
      <Author>
        <Name>George</Name>
        <Email>gweasley@hogwarts.co.uk</Email>
      </Author>
    </Authors>
    <name>Book1</name>
  </book>
  <book year="2014" isbn="ISBN83763550019---11">
    <Authors>
      <Author>
        <Name>Fred</Name>
        <Email>fweasley@hogwarts.co.uk</Email>
      </Author>
      <Author>
        <Name>George</Name>
        <Email>gweasley@hogwarts.co.uk</Email>
      </Author>
    </Authors>
    <name>Book2</name>
  </book>
  <book year="2014" isbn="ISBN83763550019---11">
    <Authors>
      <Author>
        <Name>Fred</Name>
        <Email>fweasley@hogwarts.co.uk</Email>
      </Author>
      <Author>
        <Name>George</Name>
        <Email>gweasley@hogwarts.co.uk</Email>
      </Author>
    </Authors>
    <name>Book1</name>
  </book>
  <book year="2014" isbn="ISBN83763550019---11">
    <Authors>
      <Author>
        <Name>Fred</Name>
        <Email>fweasley@hogwarts.co.uk</Email>
      </Author>
      <Author>
        <Name>George</Name>
        <Email>gweasley@hogwarts.co.uk</Email>
      </Author>
    </Authors>
    <name>Book2</name>
  </book>
  <book year="2014" isbn="ISBN83763550019---11">
    <Authors>
      <Author>
        <Name>Fred</Name>
        <Email>fweasley@hogwarts.co.uk</Email>
      </Author>
      <Author>
        <Name>George</Name>
        <Email>gweasley@hogwarts.co.uk</Email>
      </Author>
    </Authors>
    <name>Book1</name>
  </book>
  <book year="2014" isbn="ISBN83763550019---11">
    <Authors>
      <Author>
        <Name>Fred</Name>
        <Email>fweasley@hogwarts.co.uk</Email>
      </Author>
      <Author>
        <Name>George</Name>
        <Email>gweasley@hogwarts.co.uk</Email>
      </Author>
    </Authors>
    <name>Book2</name>
  </book>
  <book year="2014" isbn="ISBN83763550019---11">
    <Authors>
      <Author>
        <Name>Fred</Name>
        <Email>fweasley@hogwarts.co.uk</Email>
      </Author>
      <Author>
        <Name>George</Name>
        <Email>gweasley@hogwarts.co.uk</Email>
      </Author>
    </Authors>
    <name>Book1</name>
  </book>
  <book year="2014" isbn="ISBN83763550019---11">
    <Authors>
      <Author>
        <Name>Fred</Name>
        <Email>fweasley@hogwarts.co.uk</Email>
      </Author>
      <Author>
        <Name>George</Name>
        <Email>gweasley@hogwarts.co.uk</Email>
      </Author>
    </Authors>
    <name>Book2</name>
  </book>
  <book year="2014" isbn="ISBN83763550019---11">
    <Authors>
      <Author>
        <Name>Fred</Name>
        <Email>fweasley@hogwarts.co.uk</Email>
      </Author>
      <Author>
        <Name>George</Name>
        <Email>gweasley@hogwarts.co.uk</Email>
      </Author>
    </Authors>
    <name>Book1</name>
  </book>
  <book year="2014" isbn="ISBN83763550019---11">
    <Authors>
      <Author>
        <Name>Fred</Name>
        <Email>fweasley@hogwarts.co.uk</Email>
      </Author>
      <Author>
        <Name>George</Name>
        <Email>gweasley@hogwarts.co.uk</Email>
      </Author>
    </Authors>
    <name>Book2</name>
  </book>
  <book year="2014" isbn="ISBN83763550019---11">
    <Authors>
      <Author>
        <Name>Fred</Name>
        <Email>fweasley@hogwarts.co.uk</Email>
      </Author>
      <Author>
        <Name>George</Name>
        <Email>gweasley@hogwarts.co.uk</Email>
      </Author>
    </Authors>
    <name>Book1</name>
  </book>
  <book year="2014" isbn="ISBN83763550019---11">
    <Authors>
      <Author>
        <Name>Fred</Name>
        <Email>fweasley@hogwarts.co.uk</Email>
      </Author>
      <Author>
        <Name>George</Name>
        <Email>gweasley@hogwarts.co.uk</Email>
      </Author>
    </Authors>
    <name>Book2</name>
  </book>
  <book year="2014" isbn="ISBN83763550019---11">
    <Authors>
      <Author>
        <Name>Fred</Name>
        <Email>fweasley@hogwarts.co.uk</Email>
      </Author>
      <Author>
        <Name>George</Name>
        <Email>gweasley@hogwarts.co.uk</Email>
      </Author>
    </Authors>
    <name>Book1</name>
  </book>
  <book year="2014" isbn="ISBN83763550019---11">
    <Authors>
      <Author>
        <Name>Fred</Name>
        <Email>fweasley@hogwarts.co.uk</Email>
      </Author>
      <Author>
        <Name>George</Name>
        <Email>gweasley@hogwarts.co.uk</Email>
      </Author>
    </Authors>
    <name>Book2</name>
  </book>
  <book year="2014" isbn="ISBN83763550019---11">
    <Authors>
      <Author>
        <Name>Fred</Name>
        <Email>fweasley@hogwarts.co.uk</Email>
      </Author>
      <Author>
        <Name>George</Name>
        <Email>gweasley@hogwarts.co.uk</Email>
      </Author>
    </Authors>
    <name>Book1</name>
  </book>
  <book year="2014" isbn="ISBN83763550019---11">
    <Authors>
      <Author>
        <Name>Fred</Name>
        <Email>fweasley@hogwarts.co.uk</Email>
      </Author>
      <Author>
        <Name>George</Name>
        <Email>gweasley@hogwarts.co.uk</Email>
      </Author>
    </Authors>
    <name>Book2</name>
  </book>
  <book year="2014" isbn="ISBN83763550019---11">
    <Authors>
      <Author>
        <Name>Fred</Name>
        <Email>fweasley@hogwarts.co.uk</Email>
      </Author>
      <Author>
        <Name>George</Name>
        <Email>gweasley@hogwarts.co.uk</Email>
      </Author>
    </Authors>
    <name>Book1</name>
  </book>
  <book year="2014" isbn="ISBN83763550019---11">
    <Authors>
      <Author>
        <Name>Fred</Name>
        <Email>fweasley@hogwarts.co.uk</Email>
      </Author>
      <Author>
        <Name>George</Name>
        <Email>gweasley@hogwarts.co.uk</Email>
      </Author>
    </Authors>
    <name>Book2</name>
  </book>
  <book year="2014" isbn="ISBN83763550019---11">
    <Authors>
      <Author>
        <Name>Fred</Name>
        <Email>fweasley@hogwarts.co.uk</Email>
      </Author>
      <Author>
        <Name>George</Name>
        <Email>gweasley@hogwarts.co.uk</Email>
      </Author>
    </Authors>
    <name>Book1</name>
  </book>
  <book year="2014" isbn="ISBN83763550019---11">
    <Authors>
      <Author>
        <Name>Fred</Name>
        <Email>fweasley@hogwarts.co.uk</Email>
      </Author>
      <Author>
        <Name>George</Name>
        <Email>gweasley@hogwarts.co.uk</Email>
      </Author>
    </Authors>
    <name>Book2</name>
  </book>
  <book year="2014" isbn="ISBN83763550019---11">
    <Authors>
      <Author>
        <Name>Fred</Name>
        <Email>fweasley@hogwarts.co.uk</Email>
      </Author>
      <Author>
        <Name>George</Name>
        <Email>gweasley@hogwarts.co.uk</Email>
      </Author>
    </Authors>
    <name>Book1</name>
  </book>
  <book year="2014" isbn="ISBN83763550019---11">
    <Authors>
      <Author>
        <Name>Fred</Name>
        <Email>fweasley@hogwarts.co.uk</Email>
      </Author>
      <Author>
        <Name>George</Name>
        <Email>gweasley@hogwarts.co.uk</Email>
      </Author>
    </Authors>
    <name>Book2</name>
  </book>
  <book year="2014" isbn="ISBN83763550019---11">
    <Authors>
      <Author>
        <Name>Fred</Name>
        <Email>fweasley@hogwarts.co.uk</Email>
      </Author>
      <Author>
        <Name>George</Name>
        <Email>gweasley@hogwarts.co.uk</Email>
      </Author>
    </Authors>
    <name>Book1</name>
  </book>
  <book year="2014" isbn="ISBN83763550019---11">
    <Authors>
      <Author>
        <Name>Fred</Name>
        <Email>fweasley@hogwarts.co.uk</Email>
      </Author>
      <Author>
        <Name>George</Name>
        <Email>gweasley@hogwarts.co.uk</Email>
      </Author>
    </Authors>
    <name>Book2</name>
  </book>
  <book year="2014" isbn="ISBN83763550019---11">
    <Authors>
      <Author>
        <Name>Fred</Name>
        <Email>fweasley@hogwarts.co.uk</Email>
      </Author>
      <Author>
        <Name>George</Name>
        <Email>gweasley@hogwarts.co.uk</Email>
      </Author>
    </Authors>
    <name>Book1</name>
  </book>
  <book year="2014" isbn="ISBN83763550019---11">
    <Authors>
      <Author>
        <Name>Fred</Name>
        <Email>fweasley@hogwarts.co.uk</Email>
      </Author>
      <Author>
        <Name>George</Name>
        <Email>gweasley@hogwarts.co.uk</Email>
      </Author>
    </Authors>
    <name>Book2</name>
  </book>
  <book year="2014" isbn="ISBN83763550019---11">
    <Authors>
      <Author>
        <Name>Fred</Name>
        <Email>fweasley@hogwarts.co.uk</Email>
      </Author>
      <Author>
        <Name>George</Name>
        <Email>gweasley@hogwarts.co.uk</Email>
      </Author>
    </Authors>
    <name>Book1</name>
  </book>
  <book year="2014" isbn="ISBN83763550019---11">
    <Authors>
      <Author>
        <Name>Fred</Name>
        <Email>fweasley@hogwarts.co.uk</Email>
      </Author>
      <Author>
        <Name>George</Name>
        <Email>gweasley@hogwarts.co.uk</Email>
      </Author>
    </Authors>
    <name>Book2</name>
  </book>
  <book year="2014" isbn="ISBN83763550019---11">
    <Authors>
      <Author>
        <Name>Fred</Name>
        <Email>fweasley@hogwarts.co.uk</Email>
      </Author>
      <Author>
        <Name>George</Name>
        <Email>gweasley@hogwarts.co.uk</Email>
      </Author>
    </Authors>
    <name>Book1</name>
  </book>
  <book year="2014" isbn="ISBN83763550019---11">
    <Authors>
      <Author>
        <Name>Fred</Name>
        <Email>fweasley@hogwarts.co.uk</Email>
      </Author>
      <Author>
        <Name>George</Name>
        <Email>gweasley@hogwarts.co.uk</Email>
      </Author>
    </Authors>
    <name>Book2</name>
  </book>
  <book year="2014" isbn="ISBN83763550019---11">
    <Authors>
      <Author>
        <Name>Fred</Name>
        <Email>fweasley@hogwarts.co.uk</Email>
      </Author>
      <Author>
        <Name>George</Name>
        <Email>gweasley@hogwarts.co.uk</Email>
      </Author>
    </Authors>
    <name>Book1</name>
  </book>
  <book year="2014" isbn="ISBN83763550019---11">
    <Authors>
      <Author>
        <Name>Fred</Name>
        <Email>fweasley@hogwarts.co.uk</Email>
      </Author>
      <Author>
        <Name>George</Name>
        <Email>gweasley@hogwarts.co.uk</Email>
      </Author>
    </Authors>
    <name>Book2</name>
  </book>
  <book year="2014" isbn="ISBN83763550019---11">
    <Authors>
      <Author>
        <Name>Fred</Name>
        <Email>fweasley@hogwarts.co.uk</Email>
      </Author>
      <Author>
        <Name>George</Name>
        <Email>gweasley@hogwarts.co.uk</Email>
      </Author>
    </Authors>
    <name>Book1</name>
  </book>
  <book year="2014" isbn="ISBN83763550019---11">
    <Authors>
      <Author>
        <Name>Fred</Name>
        <Email>fweasley@hogwarts.co.uk</Email>
      </Author>
      <Author>
        <Name>George</Name>
        <Email>gweasley@hogwarts.co.uk</Email>
      </Author>
    </Authors>
    <name>Book2</name>
  </book>
  <book year="2014" isbn="ISBN83763550019---11">
    <Authors>
      <Author>
        <Name>Fred</Name>
        <Email>fweasley@hogwarts.co.uk</Email>
      </Author>
      <Author>
        <Name>George</Name>
        <Email>gweasley@hogwarts.co.uk</Email>
      </Author>
    </Authors>
    <name>Book1</name>
  </book>
  <book year="2014" isbn="ISBN83763550019---11">
    <Authors>
      <Author>
        <Name>Fred</Name>
        <Email>fweasley@hogwarts.co.uk</Email>
      </Author>
      <Author>
        <Name>George</Name>
        <Email>gweasley@hogwarts.co.uk</Email>
      </Author>
    </Authors>
    <name>Book2</name>
  </book>
  <book year="2014" isbn="ISBN83763550019---11">
    <Authors>
      <Author>
        <Name>Fred</Name>
        <Email>fweasley@hogwarts.co.uk</Email>
      </Author>
      <Author>
        <Name>George</Name>
        <Email>gweasley@hogwarts.co.uk</Email>
      </Author>
    </Authors>
    <name>Book1</name>
  </book>
  <book year="2014" isbn="ISBN83763550019---11">
    <Authors>
      <Author>
        <Name>Fred</Name>
        <Email>fweasley@hogwarts.co.uk</Email>
      </Author>
      <Author>
        <Name>George</Name>
        <Email>gweasley@hogwarts.co.uk</Email>
      </Author>
    </Authors>
    <name>Book2</name>
  </book>
  <book year="2014" isbn="ISBN83763550019---11">
    <Authors>
      <Author>
        <Name>Fred</Name>
        <Email>fweasley@hogwarts.co.uk</Email>
      </Author>
      <Author>
        <Name>George</Name>
        <Email>gweasley@hogwarts.co.uk</Email>
      </Author>
    </Authors>
    <name>Book1</name>
  </book>
  <book year="2014" isbn="ISBN83763550019---11">
    <Authors>
      <Author>
        <Name>Fred</Name>
        <Email>fweasley@hogwarts.co.uk</Email>
      </Author>
      <Author>
        <Name>George</Name>
        <Email>gweasley@hogwarts.co.uk</Email>
      </Author>
    </Authors>
    <name>Book2</name>
  </book>
  <book year="2014" isbn="ISBN83763550019---11">
    <Authors>
      <Author>
        <Name>Fred</Name>
        <Email>fweasley@hogwarts.co.uk</Email>
      </Author>
      <Author>
        <Name>George</Name>
        <Email>gweasley@hogwarts.co.uk</Email>
      </Author>
    </Authors>
    <name>Book1</name>
  </book>
  <book year="2014" isbn="ISBN83763550019---11">
    <Authors>
      <Author>
        <Name>Fred</Name>
        <Email>fweasley@hogwarts.co.uk</Email>
      </Author>
      <Author>
        <Name>George</Name>
        <Email>gweasley@hogwarts.co.uk</Email>
      </Author>
    </Authors>
    <name>Book2</name>
  </book>
  <book year="2014" isbn="ISBN83763550019---11">
    <Authors>
      <Author>
        <Name>Fred</Name>
        <Email>fweasley@hogwarts.co.uk</Email>
      </Author>
      <Author>
        <Name>George</Name>
        <Email>gweasley@hogwarts.co.uk</Email>
      </Author>
    </Authors>
    <name>Book1</name>
  </book>
  <book year="2014" isbn="ISBN83763550019---11">
    <Authors>
      <Author>
        <Name>Fred</Name>
        <Email>fweasley@hogwarts.co.uk</Email>
      </Author>
      <Author>
        <Name>George</Name>
        <Email>gweasley@hogwarts.co.uk</Email>
      </Author>
    </Authors>
    <name>Book2</name>
  </book>
  <book year="2014" isbn="ISBN83763550019---11">
    <Authors>
      <Author>
        <Name>Fred</Name>
        <Email>fweasley@hogwarts.co.uk</Email>
      </Author>
      <Author>
        <Name>George</Name>
        <Email>gweasley@hogwarts.co.uk</Email>
      </Author>
    </Authors>
    <name>Book1</name>
  </book>
  <book year="2014" isbn="ISBN83763550019---11">
    <Authors>
      <Author>
        <Name>Fred</Name>
        <Email>fweasley@hogwarts.co.uk</Email>
      </Author>
      <Author>
        <Name>George</Name>
        <Email>gweasley@hogwarts.co.uk</Email>
      </Author>
    </Authors>
    <name>Book2</name>
  </book>
  <book year="2014" isbn="ISBN83763550019---11">
    <Authors>
      <Author>
        <Name>Fred</Name>
        <Email>fweasley@hogwarts.co.uk</Email>
      </Author>
      <Author>
        <Name>George</Name>
        <Email>gweasley@hogwarts.co.uk</Email>
      </Author>
    </Authors>
    <name>Book1</name>
  </book>
  <book year="2014" isbn="ISBN83763550019---11">
    <Authors>
      <Author>
        <Name>Fred</Name>
        <Email>fweasley@hogwarts.co.uk</Email>
      </Author>
      <Author>
        <Name>George</Name>
        <Email>gweasley@hogwarts.co.uk</Email>
      </Author>
    </Authors>
    <name>Book2</name>
  </book>
  <book year="2014" isbn="ISBN83763550019---11">
    <Authors>
      <Author>
        <Name>Fred</Name>
        <Email>fweasley@hogwarts.co.uk</Email>
      </Author>
      <Author>
        <Name>George</Name>
        <Email>gweasley@hogwarts.co.uk</Email>
      </Author>
    </Authors>
    <name>Book1</name>
  </book>
  <book year="2014" isbn="ISBN83763550019---11">
    <Authors>
      <Author>
        <Name>Fred</Name>
        <Email>fweasley@hogwarts.co.uk</Email>
      </Author>
      <Author>
        <Name>George</Name>
        <Email>gweasley@hogwarts.co.uk</Email>
      </Author>
    </Authors>
    <name>Book2</name>
  </book>
  <book year="2014" isbn="ISBN83763550019---11">
    <Authors>
      <Author>
        <Name>Fred</Name>
        <Email>fweasley@hogwarts.co.uk</Email>
      </Author>
      <Author>
        <Name>George</Name>
        <Email>gweasley@hogwarts.co.uk</Email>
      </Author>
    </Authors>
    <name>Book1</name>
  </book>
  <book year="2014" isbn="ISBN83763550019---11">
    <Authors>
      <Author>
        <Name>Fred</Name>
        <Email>fweasley@hogwarts.co.uk</Email>
      </Author>
      <Author>
        <Name>George</Name>
        <Email>gweasley@hogwarts.co.uk</Email>
      </Author>
    </Authors>
    <name>Book2</name>
  </book>
  <book year="2014" isbn="ISBN83763550019---11">
    <Authors>
      <Author>
        <Name>Fred</Name>
        <Email>fweasley@hogwarts.co.uk</Email>
      </Author>
      <Author>
        <Name>George</Name>
        <Email>gweasley@hogwarts.co.uk</Email>
      </Author>
    </Authors>
    <name>Book1</name>
  </book>
  <book year="2014" isbn="ISBN83763550019---11">
    <Authors>
      <Author>
        <Name>Fred</Name>
        <Email>fweasley@hogwarts.co.uk</Email>
      </Author>
      <Author>
        <Name>George</Name>
        <Email>gweasley@hogwarts.co.uk</Email>
      </Author>
    </Authors>
    <name>Book2</name>
  </book>
  <book year="2014" isbn="ISBN83763550019---11">
    <Authors>
      <Author>
        <Name>Fred</Name>
        <Email>fweasley@hogwarts.co.uk</Email>
      </Author>
      <Author>
        <Name>George</Name>
        <Email>gweasley@hogwarts.co.uk</Email>
      </Author>
    </Authors>
    <name>Book1</name>
  </book>
  <book year="2014" isbn="ISBN83763550019---11">
    <Authors>
      <Author>
        <Name>Fred</Name>
        <Email>fweasley@hogwarts.co.uk</Email>
      </Author>
      <Author>
        <Name>George</Name>
        <Email>gweasley@hogwarts.co.uk</Email>
      </Author>
    </Authors>
    <name>Book2</name>
  </book>
  <book year="2014" isbn="ISBN83763550019---11">
    <Authors>
      <Author>
        <Name>Fred</Name>
        <Email>fweasley@hogwarts.co.uk</Email>
      </Author>
      <Author>
        <Name>George</Name>
        <Email>gweasley@hogwarts.co.uk</Email>
      </Author>
    </Authors>
    <name>Book1</name>
  </book>
  <book year="2014" isbn="ISBN83763550019---11">
    <Authors>
      <Author>
        <Name>Fred</Name>
        <Email>fweasley@hogwarts.co.uk</Email>
      </Author>
      <Author>
        <Name>George</Name>
        <Email>gweasley@hogwarts.co.uk</Email>
      </Author>
    </Authors>
    <name>Book2</name>
  </book>
  <book year="2014" isbn="ISBN83763550019---11">
    <Authors>
      <Author>
        <Name>Fred</Name>
        <Email>fweasley@hogwarts.co.uk</Email>
      </Author>
      <Author>
        <Name>George</Name>
        <Email>gweasley@hogwarts.co.uk</Email>
      </Author>
    </Authors>
    <name>Book1</name>
  </book>
  <book year="2014" isbn="ISBN83763550019---11">
    <Authors>
      <Author>
        <Name>Fred</Name>
        <Email>fweasley@hogwarts.co.uk</Email>
      </Author>
      <Author>
        <Name>George</Name>
        <Email>gweasley@hogwarts.co.uk</Email>
      </Author>
    </Authors>
    <name>Book2</name>
  </book>
  <book year="2014" isbn="ISBN83763550019---11">
    <Authors>
      <Author>
        <Name>Fred</Name>
        <Email>fweasley@hogwarts.co.uk</Email>
      </Author>
      <Author>
        <Name>George</Name>
        <Email>gweasley@hogwarts.co.uk</Email>
      </Author>
    </Authors>
    <name>Book1</name>
  </book>
  <book year="2014" isbn="ISBN83763550019---11">
    <Authors>
      <Author>
        <Name>Fred</Name>
        <Email>fweasley@hogwarts.co.uk</Email>
      </Author>
      <Author>
        <Name>George</Name>
        <Email>gweasley@hogwarts.co.uk</Email>
      </Author>
    </Authors>
    <name>Book2</name>
  </book>
  <book year="2014" isbn="ISBN83763550019---11">
    <Authors>
      <Author>
        <Name>Fred</Name>
        <Email>fweasley@hogwarts.co.uk</Email>
      </Author>
      <Author>
        <Name>George</Name>
        <Email>gweasley@hogwarts.co.uk</Email>
      </Author>
    </Authors>
    <name>Book1</name>
  </book>
  <book year="2014" isbn="ISBN83763550019---11">
    <Authors>
      <Author>
        <Name>Fred</Name>
        <Email>fweasley@hogwarts.co.uk</Email>
      </Author>
      <Author>
        <Name>George</Name>
        <Email>gweasley@hogwarts.co.uk</Email>
      </Author>
    </Authors>
    <name>Book2</name>
  </book>
  <book year="2014" isbn="ISBN83763550019---11">
    <Authors>
      <Author>
        <Name>Fred</Name>
        <Email>fweasley@hogwarts.co.uk</Email>
      </Author>
      <Author>
        <Name>George</Name>
        <Email>gweasley@hogwarts.co.uk</Email>
      </Author>
    </Authors>
    <name>Book1</name>
  </book>
  <book year="2014" isbn="ISBN83763550019---11">
    <Authors>
      <Author>
        <Name>Fred</Name>
        <Email>fweasley@hogwarts.co.uk</Email>
      </Author>
      <Author>
        <Name>George</Name>
        <Email>gweasley@hogwarts.co.uk</Email>
      </Author>
    </Authors>
    <name>Book2</name>
  </book>
  <book year="2014" isbn="ISBN83763550019---11">
    <Authors>
      <Author>
        <Name>Fred</Name>
        <Email>fweasley@hogwarts.co.uk</Email>
      </Author>
      <Author>
        <Name>George</Name>
        <Email>gweasley@hogwarts.co.uk</Email>
      </Author>
    </Authors>
    <name>Book1</name>
  </book>
  <book year="2014" isbn="ISBN83763550019---11">
    <Authors>
      <Author>
        <Name>Fred</Name>
        <Email>fweasley@hogwarts.co.uk</Email>
      </Author>
      <Author>
        <Name>George</Name>
        <Email>gweasley@hogwarts.co.uk</Email>
      </Author>
    </Authors>
    <name>Book2</name>
  </book>
  <book year="2014" isbn="ISBN83763550019---11">
    <Authors>
      <Author>
        <Name>Fred</Name>
        <Email>fweasley@hogwarts.co.uk</Email>
      </Author>
      <Author>
        <Name>George</Name>
        <Email>gweasley@hogwarts.co.uk</Email>
      </Author>
    </Authors>
    <name>Book1</name>
  </book>
  <book year="2014" isbn="ISBN83763550019---11">
    <Authors>
      <Author>
        <Name>Fred</Name>
        <Email>fweasley@hogwarts.co.uk</Email>
      </Author>
      <Author>
        <Name>George</Name>
        <Email>gweasley@hogwarts.co.uk</Email>
      </Author>
    </Authors>
    <name>Book2</name>
  </book>
  <book year="2014" isbn="ISBN83763550019---11">
    <Authors>
      <Author>
        <Name>Fred</Name>
        <Email>fweasley@hogwarts.co.uk</Email>
      </Author>
      <Author>
        <Name>George</Name>
        <Email>gweasley@hogwarts.co.uk</Email>
      </Author>
    </Authors>
    <name>Book1</name>
  </book>
  <book year="2014" isbn="ISBN83763550019---11">
    <Authors>
      <Author>
        <Name>Fred</Name>
        <Email>fweasley@hogwarts.co.uk</Email>
      </Author>
      <Author>
        <Name>George</Name>
        <Email>gweasley@hogwarts.co.uk</Email>
      </Author>
    </Authors>
    <name>Book2</name>
  </book>
  <book year="2014" isbn="ISBN83763550019---11">
    <Authors>
      <Author>
        <Name>Fred</Name>
        <Email>fweasley@hogwarts.co.uk</Email>
      </Author>
      <Author>
        <Name>George</Name>
        <Email>gweasley@hogwarts.co.uk</Email>
      </Author>
    </Authors>
    <name>Book1</name>
  </book>
  <book year="2014" isbn="ISBN83763550019---11">
    <Authors>
      <Author>
        <Name>Fred</Name>
        <Email>fweasley@hogwarts.co.uk</Email>
      </Author>
      <Author>
        <Name>George</Name>
        <Email>gweasley@hogwarts.co.uk</Email>
      </Author>
    </Authors>
    <name>Book2</name>
  </book>
  <book year="2014" isbn="ISBN83763550019---11">
    <Authors>
      <Author>
        <Name>Fred</Name>
        <Email>fweasley@hogwarts.co.uk</Email>
      </Author>
      <Author>
        <Name>George</Name>
        <Email>gweasley@hogwarts.co.uk</Email>
      </Author>
    </Authors>
    <name>Book1</name>
  </book>
  <book year="2014" isbn="ISBN83763550019---11">
    <Authors>
      <Author>
        <Name>Fred</Name>
        <Email>fweasley@hogwarts.co.uk</Email>
      </Author>
      <Author>
        <Name>George</Name>
        <Email>gweasley@hogwarts.co.uk</Email>
      </Author>
    </Authors>
    <name>Book2</name>
  </book>
  <book year="2014" isbn="ISBN83763550019---11">
    <Authors>
      <Author>
        <Name>Fred</Name>
        <Email>fweasley@hogwarts.co.uk</Email>
      </Author>
      <Author>
        <Name>George</Name>
        <Email>gweasley@hogwarts.co.uk</Email>
      </Author>
    </Authors>
    <name>Book1</name>
  </book>
  <book year="2014" isbn="ISBN83763550019---11">
    <Authors>
      <Author>
        <Name>Fred</Name>
        <Email>fweasley@hogwarts.co.uk</Email>
      </Author>
      <Author>
        <Name>George</Name>
        <Email>gweasley@hogwarts.co.uk</Email>
      </Author>
    </Authors>
    <name>Book2</name>
  </book>
  <book year="2014" isbn="ISBN83763550019---11">
    <Authors>
      <Author>
        <Name>Fred</Name>
        <Email>fweasley@hogwarts.co.uk</Email>
      </Author>
      <Author>
        <Name>George</Name>
        <Email>gweasley@hogwarts.co.uk</Email>
      </Author>
    </Authors>
    <name>Book1</name>
  </book>
  <book year="2014" isbn="ISBN83763550019---11">
    <Authors>
      <Author>
        <Name>Fred</Name>
        <Email>fweasley@hogwarts.co.uk</Email>
      </Author>
      <Author>
        <Name>George</Name>
        <Email>gweasley@hogwarts.co.uk</Email>
      </Author>
    </Authors>
    <name>Book2</name>
  </book>
  <book year="2014" isbn="ISBN83763550019---11">
    <Authors>
      <Author>
        <Name>Fred</Name>
        <Email>fweasley@hogwarts.co.uk</Email>
      </Author>
      <Author>
        <Name>George</Name>
        <Email>gweasley@hogwarts.co.uk</Email>
      </Author>
    </Authors>
    <name>Book1</name>
  </book>
  <book year="2014" isbn="ISBN83763550019---11">
    <Authors>
      <Author>
        <Name>Fred</Name>
        <Email>fweasley@hogwarts.co.uk</Email>
      </Author>
      <Author>
        <Name>George</Name>
        <Email>gweasley@hogwarts.co.uk</Email>
      </Author>
    </Authors>
    <name>Book2</name>
  </book>
  <book year="2014" isbn="ISBN83763550019---11">
    <Authors>
      <Author>
        <Name>Fred</Name>
        <Email>fweasley@hogwarts.co.uk</Email>
      </Author>
      <Author>
        <Name>George</Name>
        <Email>gweasley@hogwarts.co.uk</Email>
      </Author>
    </Authors>
    <name>Book1</name>
  </book>
  <book year="2014" isbn="ISBN83763550019---11">
    <Authors>
      <Author>
        <Name>Fred</Name>
        <Email>fweasley@hogwarts.co.uk</Email>
      </Author>
      <Author>
        <Name>George</Name>
        <Email>gweasley@hogwarts.co.uk</Email>
      </Author>
    </Authors>
    <name>Book2</name>
  </book>
  <book year="2014" isbn="ISBN83763550019---11">
    <Authors>
      <Author>
        <Name>Fred</Name>
        <Email>fweasley@hogwarts.co.uk</Email>
      </Author>
      <Author>
        <Name>George</Name>
        <Email>gweasley@hogwarts.co.uk</Email>
      </Author>
    </Authors>
    <name>Book1</name>
  </book>
  <book year="2014" isbn="ISBN83763550019---11">
    <Authors>
      <Author>
        <Name>Fred</Name>
        <Email>fweasley@hogwarts.co.uk</Email>
      </Author>
      <Author>
        <Name>George</Name>
        <Email>gweasley@hogwarts.co.uk</Email>
      </Author>
    </Authors>
    <name>Book2</name>
  </book>
  <book year="2014" isbn="ISBN83763550019---11">
    <Authors>
      <Author>
        <Name>Fred</Name>
        <Email>fweasley@hogwarts.co.uk</Email>
      </Author>
      <Author>
        <Name>George</Name>
        <Email>gweasley@hogwarts.co.uk</Email>
      </Author>
    </Authors>
    <name>Book1</name>
  </book>
  <book year="2014" isbn="ISBN83763550019---11">
    <Authors>
      <Author>
        <Name>Fred</Name>
        <Email>fweasley@hogwarts.co.uk</Email>
      </Author>
      <Author>
        <Name>George</Name>
        <Email>gweasley@hogwarts.co.uk</Email>
      </Author>
    </Authors>
    <name>Book2</name>
  </book>
  <book year="2014" isbn="ISBN83763550019---11">
    <Authors>
      <Author>
        <Name>Fred</Name>
        <Email>fweasley@hogwarts.co.uk</Email>
      </Author>
      <Author>
        <Name>George</Name>
        <Email>gweasley@hogwarts.co.uk</Email>
      </Author>
    </Authors>
    <name>Book1</name>
  </book>
  <book year="2014" isbn="ISBN83763550019---11">
    <Authors>
      <Author>
        <Name>Fred</Name>
        <Email>fweasley@hogwarts.co.uk</Email>
      </Author>
      <Author>
        <Name>George</Name>
        <Email>gweasley@hogwarts.co.uk</Email>
      </Author>
    </Authors>
    <name>Book2</name>
  </book>
  <book year="2014" isbn="ISBN83763550019---11">
    <Authors>
      <Author>
        <Name>Fred</Name>
        <Email>fweasley@hogwarts.co.uk</Email>
      </Author>
      <Author>
        <Name>George</Name>
        <Email>gweasley@hogwarts.co.uk</Email>
      </Author>
    </Authors>
    <name>Book1</name>
  </book>
  <book year="2014" isbn="ISBN83763550019---11">
    <Authors>
      <Author>
        <Name>Fred</Name>
        <Email>fweasley@hogwarts.co.uk</Email>
      </Author>
      <Author>
        <Name>George</Name>
        <Email>gweasley@hogwarts.co.uk</Email>
      </Author>
    </Authors>
    <name>Book2</name>
  </book>
  <book year="2014" isbn="ISBN83763550019---11">
    <Authors>
      <Author>
        <Name>Fred</Name>
        <Email>fweasley@hogwarts.co.uk</Email>
      </Author>
      <Author>
        <Name>George</Name>
        <Email>gweasley@hogwarts.co.uk</Email>
      </Author>
    </Authors>
    <name>Book1</name>
  </book>
  <book year="2014" isbn="ISBN83763550019---11">
    <Authors>
      <Author>
        <Name>Fred</Name>
        <Email>fweasley@hogwarts.co.uk</Email>
      </Author>
      <Author>
        <Name>George</Name>
        <Email>gweasley@hogwarts.co.uk</Email>
      </Author>
    </Authors>
    <name>Book2</name>
  </book>
  <book year="2014" isbn="ISBN83763550019---11">
    <Authors>
      <Author>
        <Name>Fred</Name>
        <Email>fweasley@hogwarts.co.uk</Email>
      </Author>
      <Author>
        <Name>George</Name>
        <Email>gweasley@hogwarts.co.uk</Email>
      </Author>
    </Authors>
    <name>Book1</name>
  </book>
  <book year="2014" isbn="ISBN83763550019---11">
    <Authors>
      <Author>
        <Name>Fred</Name>
        <Email>fweasley@hogwarts.co.uk</Email>
      </Author>
      <Author>
        <Name>George</Name>
        <Email>gweasley@hogwarts.co.uk</Email>
      </Author>
    </Authors>
    <name>Book2</name>
  </book>
  <book year="2014" isbn="ISBN83763550019---11">
    <Authors>
      <Author>
        <Name>Fred</Name>
        <Email>fweasley@hogwarts.co.uk</Email>
      </Author>
      <Author>
        <Name>George</Name>
        <Email>gweasley@hogwarts.co.uk</Email>
      </Author>
    </Authors>
    <name>Book1</name>
  </book>
  <book year="2014" isbn="ISBN83763550019---11">
    <Authors>
      <Author>
        <Name>Fred</Name>
        <Email>fweasley@hogwarts.co.uk</Email>
      </Author>
      <Author>
        <Name>George</Name>
        <Email>gweasley@hogwarts.co.uk</Email>
      </Author>
    </Authors>
    <name>Book2</name>
  </book>
  <book year="2014" isbn="ISBN83763550019---11">
    <Authors>
      <Author>
        <Name>Fred</Name>
        <Email>fweasley@hogwarts.co.uk</Email>
      </Author>
      <Author>
        <Name>George</Name>
        <Email>gweasley@hogwarts.co.uk</Email>
      </Author>
    </Authors>
    <name>Book1</name>
  </book>
  <book year="2014" isbn="ISBN83763550019---11">
    <Authors>
      <Author>
        <Name>Fred</Name>
        <Email>fweasley@hogwarts.co.uk</Email>
      </Author>
      <Author>
        <Name>George</Name>
        <Email>gweasley@hogwarts.co.uk</Email>
      </Author>
    </Authors>
    <name>Book2</name>
  </book>
  <book year="2014" isbn="ISBN83763550019---11">
    <Authors>
      <Author>
        <Name>Fred</Name>
        <Email>fweasley@hogwarts.co.uk</Email>
      </Author>
      <Author>
        <Name>George</Name>
        <Email>gweasley@hogwarts.co.uk</Email>
      </Author>
    </Authors>
    <name>Book1</name>
  </book>
  <book year="2014" isbn="ISBN83763550019---11">
    <Authors>
      <Author>
        <Name>Fred</Name>
        <Email>fweasley@hogwarts.co.uk</Email>
      </Author>
      <Author>
        <Name>George</Name>
        <Email>gweasley@hogwarts.co.uk</Email>
      </Author>
    </Authors>
    <name>Book2</name>
  </book>
  <book year="2014" isbn="ISBN83763550019---11">
    <Authors>
      <Author>
        <Name>Fred</Name>
        <Email>fweasley@hogwarts.co.uk</Email>
      </Author>
      <Author>
        <Name>George</Name>
        <Email>gweasley@hogwarts.co.uk</Email>
      </Author>
    </Authors>
    <name>Book1</name>
  </book>
  <book year="2014" isbn="ISBN83763550019---11">
    <Authors>
      <Author>
        <Name>Fred</Name>
        <Email>fweasley@hogwarts.co.uk</Email>
      </Author>
      <Author>
        <Name>George</Name>
        <Email>gweasley@hogwarts.co.uk</Email>
      </Author>
    </Authors>
    <name>Book2</name>
  </book>
  <book year="2014" isbn="ISBN83763550019---11">
    <Authors>
      <Author>
        <Name>Fred</Name>
        <Email>fweasley@hogwarts.co.uk</Email>
      </Author>
      <Author>
        <Name>George</Name>
        <Email>gweasley@hogwarts.co.uk</Email>
      </Author>
    </Authors>
    <name>Book1</name>
  </book>
  <book year="2014" isbn="ISBN83763550019---11">
    <Authors>
      <Author>
        <Name>Fred</Name>
        <Email>fweasley@hogwarts.co.uk</Email>
      </Author>
      <Author>
        <Name>George</Name>
        <Email>gweasley@hogwarts.co.uk</Email>
      </Author>
    </Authors>
    <name>Book2</name>
  </book>
  <book year="2014" isbn="ISBN83763550019---11">
    <Authors>
      <Author>
        <Name>Fred</Name>
        <Email>fweasley@hogwarts.co.uk</Email>
      </Author>
      <Author>
        <Name>George</Name>
        <Email>gweasley@hogwarts.co.uk</Email>
      </Author>
    </Authors>
    <name>Book1</name>
  </book>
  <book year="2014" isbn="ISBN83763550019---11">
    <Authors>
      <Author>
        <Name>Fred</Name>
        <Email>fweasley@hogwarts.co.uk</Email>
      </Author>
      <Author>
        <Name>George</Name>
        <Email>gweasley@hogwarts.co.uk</Email>
      </Author>
    </Authors>
    <name>Book2</name>
  </book>
  <book year="2014" isbn="ISBN83763550019---11">
    <Authors>
      <Author>
        <Name>Fred</Name>
        <Email>fweasley@hogwarts.co.uk</Email>
      </Author>
      <Author>
        <Name>George</Name>
        <Email>gweasley@hogwarts.co.uk</Email>
      </Author>
    </Authors>
    <name>Book1</name>
  </book>
  <book year="2014" isbn="ISBN83763550019---11">
    <Authors>
      <Author>
        <Name>Fred</Name>
        <Email>fweasley@hogwarts.co.uk</Email>
      </Author>
      <Author>
        <Name>George</Name>
        <Email>gweasley@hogwarts.co.uk</Email>
      </Author>
    </Authors>
    <name>Book2</name>
  </book>
  <book year="2014" isbn="ISBN83763550019---11">
    <Authors>
      <Author>
        <Name>Fred</Name>
        <Email>fweasley@hogwarts.co.uk</Email>
      </Author>
      <Author>
        <Name>George</Name>
        <Email>gweasley@hogwarts.co.uk</Email>
      </Author>
    </Authors>
    <name>Book1</name>
  </book>
  <book year="2014" isbn="ISBN83763550019---11">
    <Authors>
      <Author>
        <Name>Fred</Name>
        <Email>fweasley@hogwarts.co.uk</Email>
      </Author>
      <Author>
        <Name>George</Name>
        <Email>gweasley@hogwarts.co.uk</Email>
      </Author>
    </Authors>
    <name>Book2</name>
  </book>
  <book year="2014" isbn="ISBN83763550019---11">
    <Authors>
      <Author>
        <Name>Fred</Name>
        <Email>fweasley@hogwarts.co.uk</Email>
      </Author>
      <Author>
        <Name>George</Name>
        <Email>gweasley@hogwarts.co.uk</Email>
      </Author>
    </Authors>
    <name>Book1</name>
  </book>
  <book year="2014" isbn="ISBN83763550019---11">
    <Authors>
      <Author>
        <Name>Fred</Name>
        <Email>fweasley@hogwarts.co.uk</Email>
      </Author>
      <Author>
        <Name>George</Name>
        <Email>gweasley@hogwarts.co.uk</Email>
      </Author>
    </Authors>
    <name>Book2</name>
  </book>
  <book year="2014" isbn="ISBN83763550019---11">
    <Authors>
      <Author>
        <Name>Fred</Name>
        <Email>fweasley@hogwarts.co.uk</Email>
      </Author>
      <Author>
        <Name>George</Name>
        <Email>gweasley@hogwarts.co.uk</Email>
      </Author>
    </Authors>
    <name>Book1</name>
  </book>
  <book year="2014" isbn="ISBN83763550019---11">
    <Authors>
      <Author>
        <Name>Fred</Name>
        <Email>fweasley@hogwarts.co.uk</Email>
      </Author>
      <Author>
        <Name>George</Name>
        <Email>gweasley@hogwarts.co.uk</Email>
      </Author>
    </Authors>
    <name>Book2</name>
  </book>
  <book year="2014" isbn="ISBN83763550019---11">
    <Authors>
      <Author>
        <Name>Fred</Name>
        <Email>fweasley@hogwarts.co.uk</Email>
      </Author>
      <Author>
        <Name>George</Name>
        <Email>gweasley@hogwarts.co.uk</Email>
      </Author>
    </Authors>
    <name>Book1</name>
  </book>
  <book year="2014" isbn="ISBN83763550019---11">
    <Authors>
      <Author>
        <Name>Fred</Name>
        <Email>fweasley@hogwarts.co.uk</Email>
      </Author>
      <Author>
        <Name>George</Name>
        <Email>gweasley@hogwarts.co.uk</Email>
      </Author>
    </Authors>
    <name>Book2</name>
  </book>
  <book year="2014" isbn="ISBN83763550019---11">
    <Authors>
      <Author>
        <Name>Fred</Name>
        <Email>fweasley@hogwarts.co.uk</Email>
      </Author>
      <Author>
        <Name>George</Name>
        <Email>gweasley@hogwarts.co.uk</Email>
      </Author>
    </Authors>
    <name>Book1</name>
  </book>
  <book year="2014" isbn="ISBN83763550019---11">
    <Authors>
      <Author>
        <Name>Fred</Name>
        <Email>fweasley@hogwarts.co.uk</Email>
      </Author>
      <Author>
        <Name>George</Name>
        <Email>gweasley@hogwarts.co.uk</Email>
      </Author>
    </Authors>
    <name>Book2</name>
  </book>
  <book year="2014" isbn="ISBN83763550019---11">
    <Authors>
      <Author>
        <Name>Fred</Name>
        <Email>fweasley@hogwarts.co.uk</Email>
      </Author>
      <Author>
        <Name>George</Name>
        <Email>gweasley@hogwarts.co.uk</Email>
      </Author>
    </Authors>
    <name>Book1</name>
  </book>
  <book year="2014" isbn="ISBN83763550019---11">
    <Authors>
      <Author>
        <Name>Fred</Name>
        <Email>fweasley@hogwarts.co.uk</Email>
      </Author>
      <Author>
        <Name>George</Name>
        <Email>gweasley@hogwarts.co.uk</Email>
      </Author>
    </Authors>
    <name>Book2</name>
  </book>
  <book year="2014" isbn="ISBN83763550019---11">
    <Authors>
      <Author>
        <Name>Fred</Name>
        <Email>fweasley@hogwarts.co.uk</Email>
      </Author>
      <Author>
        <Name>George</Name>
        <Email>gweasley@hogwarts.co.uk</Email>
      </Author>
    </Authors>
    <name>Book1</name>
  </book>
  <book year="2014" isbn="ISBN83763550019---11">
    <Authors>
      <Author>
        <Name>Fred</Name>
        <Email>fweasley@hogwarts.co.uk</Email>
      </Author>
      <Author>
        <Name>George</Name>
        <Email>gweasley@hogwarts.co.uk</Email>
      </Author>
    </Authors>
    <name>Book2</name>
  </book>
  <book year="2014" isbn="ISBN83763550019---11">
    <Authors>
      <Author>
        <Name>Fred</Name>
        <Email>fweasley@hogwarts.co.uk</Email>
      </Author>
      <Author>
        <Name>George</Name>
        <Email>gweasley@hogwarts.co.uk</Email>
      </Author>
    </Authors>
    <name>Book1</name>
  </book>
  <book year="2014" isbn="ISBN83763550019---11">
    <Authors>
      <Author>
        <Name>Fred</Name>
        <Email>fweasley@hogwarts.co.uk</Email>
      </Author>
      <Author>
        <Name>George</Name>
        <Email>gweasley@hogwarts.co.uk</Email>
      </Author>
    </Authors>
    <name>Book2</name>
  </book>
  <book year="2014" isbn="ISBN83763550019---11">
    <Authors>
      <Author>
        <Name>Fred</Name>
        <Email>fweasley@hogwarts.co.uk</Email>
      </Author>
      <Author>
        <Name>George</Name>
        <Email>gweasley@hogwarts.co.uk</Email>
      </Author>
    </Authors>
    <name>Book1</name>
  </book>
  <book year="2014" isbn="ISBN83763550019---11">
    <Authors>
      <Author>
        <Name>Fred</Name>
        <Email>fweasley@hogwarts.co.uk</Email>
      </Author>
      <Author>
        <Name>George</Name>
        <Email>gweasley@hogwarts.co.uk</Email>
      </Author>
    </Authors>
    <name>Book2</name>
  </book>
  <book year="2014" isbn="ISBN83763550019---11">
    <Authors>
      <Author>
        <Name>Fred</Name>
        <Email>fweasley@hogwarts.co.uk</Email>
      </Author>
      <Author>
        <Name>George</Name>
        <Email>gweasley@hogwarts.co.uk</Email>
      </Author>
    </Authors>
    <name>Book1</name>
  </book>
  <book year="2014" isbn="ISBN83763550019---11">
    <Authors>
      <Author>
        <Name>Fred</Name>
        <Email>fweasley@hogwarts.co.uk</Email>
      </Author>
      <Author>
        <Name>George</Name>
        <Email>gweasley@hogwarts.co.uk</Email>
      </Author>
    </Authors>
    <name>Book2</name>
  </book>
  <book year="2014" isbn="ISBN83763550019---11">
    <Authors>
      <Author>
        <Name>Fred</Name>
        <Email>fweasley@hogwarts.co.uk</Email>
      </Author>
      <Author>
        <Name>George</Name>
        <Email>gweasley@hogwarts.co.uk</Email>
      </Author>
    </Authors>
    <name>Book1</name>
  </book>
  <book year="2014" isbn="ISBN83763550019---11">
    <Authors>
      <Author>
        <Name>Fred</Name>
        <Email>fweasley@hogwarts.co.uk</Email>
      </Author>
      <Author>
        <Name>George</Name>
        <Email>gweasley@hogwarts.co.uk</Email>
      </Author>
    </Authors>
    <name>Book2</name>
  </book>
  <book year="2014" isbn="ISBN83763550019---11">
    <Authors>
      <Author>
        <Name>Fred</Name>
        <Email>fweasley@hogwarts.co.uk</Email>
      </Author>
      <Author>
        <Name>George</Name>
        <Email>gweasley@hogwarts.co.uk</Email>
      </Author>
    </Authors>
    <name>Book1</name>
  </book>
  <book year="2014" isbn="ISBN83763550019---11">
    <Authors>
      <Author>
        <Name>Fred</Name>
        <Email>fweasley@hogwarts.co.uk</Email>
      </Author>
      <Author>
        <Name>George</Name>
        <Email>gweasley@hogwarts.co.uk</Email>
      </Author>
    </Authors>
    <name>Book2</name>
  </book>
  <book year="2014" isbn="ISBN83763550019---11">
    <Authors>
      <Author>
        <Name>Fred</Name>
        <Email>fweasley@hogwarts.co.uk</Email>
      </Author>
      <Author>
        <Name>George</Name>
        <Email>gweasley@hogwarts.co.uk</Email>
      </Author>
    </Authors>
    <name>Book1</name>
  </book>
  <book year="2014" isbn="ISBN83763550019---11">
    <Authors>
      <Author>
        <Name>Fred</Name>
        <Email>fweasley@hogwarts.co.uk</Email>
      </Author>
      <Author>
        <Name>George</Name>
        <Email>gweasley@hogwarts.co.uk</Email>
      </Author>
    </Authors>
    <name>Book2</name>
  </book>
  <book year="2014" isbn="ISBN83763550019---11">
    <Authors>
      <Author>
        <Name>Fred</Name>
        <Email>fweasley@hogwarts.co.uk</Email>
      </Author>
      <Author>
        <Name>George</Name>
        <Email>gweasley@hogwarts.co.uk</Email>
      </Author>
    </Authors>
    <name>Book1</name>
  </book>
  <book year="2014" isbn="ISBN83763550019---11">
    <Authors>
      <Author>
        <Name>Fred</Name>
        <Email>fweasley@hogwarts.co.uk</Email>
      </Author>
      <Author>
        <Name>George</Name>
        <Email>gweasley@hogwarts.co.uk</Email>
      </Author>
    </Authors>
    <name>Book2</name>
  </book>
  <book year="2014" isbn="ISBN83763550019---11">
    <Authors>
      <Author>
        <Name>Fred</Name>
        <Email>fweasley@hogwarts.co.uk</Email>
      </Author>
      <Author>
        <Name>George</Name>
        <Email>gweasley@hogwarts.co.uk</Email>
      </Author>
    </Authors>
    <name>Book1</name>
  </book>
  <book year="2014" isbn="ISBN83763550019---11">
    <Authors>
      <Author>
        <Name>Fred</Name>
        <Email>fweasley@hogwarts.co.uk</Email>
      </Author>
      <Author>
        <Name>George</Name>
        <Email>gweasley@hogwarts.co.uk</Email>
      </Author>
    </Authors>
    <name>Book2</name>
  </book>
  <book year="2014" isbn="ISBN83763550019---11">
    <Authors>
      <Author>
        <Name>Fred</Name>
        <Email>fweasley@hogwarts.co.uk</Email>
      </Author>
      <Author>
        <Name>George</Name>
        <Email>gweasley@hogwarts.co.uk</Email>
      </Author>
    </Authors>
    <name>Book1</name>
  </book>
  <book year="2014" isbn="ISBN83763550019---11">
    <Authors>
      <Author>
        <Name>Fred</Name>
        <Email>fweasley@hogwarts.co.uk</Email>
      </Author>
      <Author>
        <Name>George</Name>
        <Email>gweasley@hogwarts.co.uk</Email>
      </Author>
    </Authors>
    <name>Book2</name>
  </book>
  <book year="2014" isbn="ISBN83763550019---11">
    <Authors>
      <Author>
        <Name>Fred</Name>
        <Email>fweasley@hogwarts.co.uk</Email>
      </Author>
      <Author>
        <Name>George</Name>
        <Email>gweasley@hogwarts.co.uk</Email>
      </Author>
    </Authors>
    <name>Book1</name>
  </book>
  <book year="2014" isbn="ISBN83763550019---11">
    <Authors>
      <Author>
        <Name>Fred</Name>
        <Email>fweasley@hogwarts.co.uk</Email>
      </Author>
      <Author>
        <Name>George</Name>
        <Email>gweasley@hogwarts.co.uk</Email>
      </Author>
    </Authors>
    <name>Book2</name>
  </book>
  <book year="2014" isbn="ISBN83763550019---11">
    <Authors>
      <Author>
        <Name>Fred</Name>
        <Email>fweasley@hogwarts.co.uk</Email>
      </Author>
      <Author>
        <Name>George</Name>
        <Email>gweasley@hogwarts.co.uk</Email>
      </Author>
    </Authors>
    <name>Book1</name>
  </book>
  <book year="2014" isbn="ISBN83763550019---11">
    <Authors>
      <Author>
        <Name>Fred</Name>
        <Email>fweasley@hogwarts.co.uk</Email>
      </Author>
      <Author>
        <Name>George</Name>
        <Email>gweasley@hogwarts.co.uk</Email>
      </Author>
    </Authors>
    <name>Book2</name>
  </book>
  <book year="2014" isbn="ISBN83763550019---11">
    <Authors>
      <Author>
        <Name>Fred</Name>
        <Email>fweasley@hogwarts.co.uk</Email>
      </Author>
      <Author>
        <Name>George</Name>
        <Email>gweasley@hogwarts.co.uk</Email>
      </Author>
    </Authors>
    <name>Book1</name>
  </book>
  <book year="2014" isbn="ISBN83763550019---11">
    <Authors>
      <Author>
        <Name>Fred</Name>
        <Email>fweasley@hogwarts.co.uk</Email>
      </Author>
      <Author>
        <Name>George</Name>
        <Email>gweasley@hogwarts.co.uk</Email>
      </Author>
    </Authors>
    <name>Book2</name>
  </book>
  <book year="2014" isbn="ISBN83763550019---11">
    <Authors>
      <Author>
        <Name>Fred</Name>
        <Email>fweasley@hogwarts.co.uk</Email>
      </Author>
      <Author>
        <Name>George</Name>
        <Email>gweasley@hogwarts.co.uk</Email>
      </Author>
    </Authors>
    <name>Book1</name>
  </book>
  <book year="2014" isbn="ISBN83763550019---11">
    <Authors>
      <Author>
        <Name>Fred</Name>
        <Email>fweasley@hogwarts.co.uk</Email>
      </Author>
      <Author>
        <Name>George</Name>
        <Email>gweasley@hogwarts.co.uk</Email>
      </Author>
    </Authors>
    <name>Book2</name>
  </book>
  <book year="2014" isbn="ISBN83763550019---11">
    <Authors>
      <Author>
        <Name>Fred</Name>
        <Email>fweasley@hogwarts.co.uk</Email>
      </Author>
      <Author>
        <Name>George</Name>
        <Email>gweasley@hogwarts.co.uk</Email>
      </Author>
    </Authors>
    <name>Book1</name>
  </book>
  <book year="2014" isbn="ISBN83763550019---11">
    <Authors>
      <Author>
        <Name>Fred</Name>
        <Email>fweasley@hogwarts.co.uk</Email>
      </Author>
      <Author>
        <Name>George</Name>
        <Email>gweasley@hogwarts.co.uk</Email>
      </Author>
    </Authors>
    <name>Book2</name>
  </book>
  <book year="2014" isbn="ISBN83763550019---11">
    <Authors>
      <Author>
        <Name>Fred</Name>
        <Email>fweasley@hogwarts.co.uk</Email>
      </Author>
      <Author>
        <Name>George</Name>
        <Email>gweasley@hogwarts.co.uk</Email>
      </Author>
    </Authors>
    <name>Book1</name>
  </book>
  <book year="2014" isbn="ISBN83763550019---11">
    <Authors>
      <Author>
        <Name>Fred</Name>
        <Email>fweasley@hogwarts.co.uk</Email>
      </Author>
      <Author>
        <Name>George</Name>
        <Email>gweasley@hogwarts.co.uk</Email>
      </Author>
    </Authors>
    <name>Book2</name>
  </book>
  <book year="2014" isbn="ISBN83763550019---11">
    <Authors>
      <Author>
        <Name>Fred</Name>
        <Email>fweasley@hogwarts.co.uk</Email>
      </Author>
      <Author>
        <Name>George</Name>
        <Email>gweasley@hogwarts.co.uk</Email>
      </Author>
    </Authors>
    <name>Book1</name>
  </book>
  <book year="2014" isbn="ISBN83763550019---11">
    <Authors>
      <Author>
        <Name>Fred</Name>
        <Email>fweasley@hogwarts.co.uk</Email>
      </Author>
      <Author>
        <Name>George</Name>
        <Email>gweasley@hogwarts.co.uk</Email>
      </Author>
    </Authors>
    <name>Book2</name>
  </book>
  <book year="2014" isbn="ISBN83763550019---11">
    <Authors>
      <Author>
        <Name>Fred</Name>
        <Email>fweasley@hogwarts.co.uk</Email>
      </Author>
      <Author>
        <Name>George</Name>
        <Email>gweasley@hogwarts.co.uk</Email>
      </Author>
    </Authors>
    <name>Book1</name>
  </book>
  <book year="2014" isbn="ISBN83763550019---11">
    <Authors>
      <Author>
        <Name>Fred</Name>
        <Email>fweasley@hogwarts.co.uk</Email>
      </Author>
      <Author>
        <Name>George</Name>
        <Email>gweasley@hogwarts.co.uk</Email>
      </Author>
    </Authors>
    <name>Book2</name>
  </book>
  <book year="2014" isbn="ISBN83763550019---11">
    <Authors>
      <Author>
        <Name>Fred</Name>
        <Email>fweasley@hogwarts.co.uk</Email>
      </Author>
      <Author>
        <Name>George</Name>
        <Email>gweasley@hogwarts.co.uk</Email>
      </Author>
    </Authors>
    <name>Book1</name>
  </book>
  <book year="2014" isbn="ISBN83763550019---11">
    <Authors>
      <Author>
        <Name>Fred</Name>
        <Email>fweasley@hogwarts.co.uk</Email>
      </Author>
      <Author>
        <Name>George</Name>
        <Email>gweasley@hogwarts.co.uk</Email>
      </Author>
    </Authors>
    <name>Book2</name>
  </book>
  <book year="2014" isbn="ISBN83763550019---11">
    <Authors>
      <Author>
        <Name>Fred</Name>
        <Email>fweasley@hogwarts.co.uk</Email>
      </Author>
      <Author>
        <Name>George</Name>
        <Email>gweasley@hogwarts.co.uk</Email>
      </Author>
    </Authors>
    <name>Book1</name>
  </book>
  <book year="2014" isbn="ISBN83763550019---11">
    <Authors>
      <Author>
        <Name>Fred</Name>
        <Email>fweasley@hogwarts.co.uk</Email>
      </Author>
      <Author>
        <Name>George</Name>
        <Email>gweasley@hogwarts.co.uk</Email>
      </Author>
    </Authors>
    <name>Book2</name>
  </book>
  <book year="2014" isbn="ISBN83763550019---11">
    <Authors>
      <Author>
        <Name>Fred</Name>
        <Email>fweasley@hogwarts.co.uk</Email>
      </Author>
      <Author>
        <Name>George</Name>
        <Email>gweasley@hogwarts.co.uk</Email>
      </Author>
    </Authors>
    <name>Book1</name>
  </book>
  <book year="2014" isbn="ISBN83763550019---11">
    <Authors>
      <Author>
        <Name>Fred</Name>
        <Email>fweasley@hogwarts.co.uk</Email>
      </Author>
      <Author>
        <Name>George</Name>
        <Email>gweasley@hogwarts.co.uk</Email>
      </Author>
    </Authors>
    <name>Book2</name>
  </book>
  <book year="2014" isbn="ISBN83763550019---11">
    <Authors>
      <Author>
        <Name>Fred</Name>
        <Email>fweasley@hogwarts.co.uk</Email>
      </Author>
      <Author>
        <Name>George</Name>
        <Email>gweasley@hogwarts.co.uk</Email>
      </Author>
    </Authors>
    <name>Book1</name>
  </book>
  <book year="2014" isbn="ISBN83763550019---11">
    <Authors>
      <Author>
        <Name>Fred</Name>
        <Email>fweasley@hogwarts.co.uk</Email>
      </Author>
      <Author>
        <Name>George</Name>
        <Email>gweasley@hogwarts.co.uk</Email>
      </Author>
    </Authors>
    <name>Book2</name>
  </book>
  <book year="2014" isbn="ISBN83763550019---11">
    <Authors>
      <Author>
        <Name>Fred</Name>
        <Email>fweasley@hogwarts.co.uk</Email>
      </Author>
      <Author>
        <Name>George</Name>
        <Email>gweasley@hogwarts.co.uk</Email>
      </Author>
    </Authors>
    <name>Book1</name>
  </book>
  <book year="2014" isbn="ISBN83763550019---11">
    <Authors>
      <Author>
        <Name>Fred</Name>
        <Email>fweasley@hogwarts.co.uk</Email>
      </Author>
      <Author>
        <Name>George</Name>
        <Email>gweasley@hogwarts.co.uk</Email>
      </Author>
    </Authors>
    <name>Book2</name>
  </book>
  <book year="2014" isbn="ISBN83763550019---11">
    <Authors>
      <Author>
        <Name>Fred</Name>
        <Email>fweasley@hogwarts.co.uk</Email>
      </Author>
      <Author>
        <Name>George</Name>
        <Email>gweasley@hogwarts.co.uk</Email>
      </Author>
    </Authors>
    <name>Book1</name>
  </book>
  <book year="2014" isbn="ISBN83763550019---11">
    <Authors>
      <Author>
        <Name>Fred</Name>
        <Email>fweasley@hogwarts.co.uk</Email>
      </Author>
      <Author>
        <Name>George</Name>
        <Email>gweasley@hogwarts.co.uk</Email>
      </Author>
    </Authors>
    <name>Book2</name>
  </book>
  <book year="2014" isbn="ISBN83763550019---11">
    <Authors>
      <Author>
        <Name>Fred</Name>
        <Email>fweasley@hogwarts.co.uk</Email>
      </Author>
      <Author>
        <Name>George</Name>
        <Email>gweasley@hogwarts.co.uk</Email>
      </Author>
    </Authors>
    <name>Book1</name>
  </book>
  <book year="2014" isbn="ISBN83763550019---11">
    <Authors>
      <Author>
        <Name>Fred</Name>
        <Email>fweasley@hogwarts.co.uk</Email>
      </Author>
      <Author>
        <Name>George</Name>
        <Email>gweasley@hogwarts.co.uk</Email>
      </Author>
    </Authors>
    <name>Book2</name>
  </book>
  <book year="2014" isbn="ISBN83763550019---11">
    <Authors>
      <Author>
        <Name>Fred</Name>
        <Email>fweasley@hogwarts.co.uk</Email>
      </Author>
      <Author>
        <Name>George</Name>
        <Email>gweasley@hogwarts.co.uk</Email>
      </Author>
    </Authors>
    <name>Book1</name>
  </book>
  <book year="2014" isbn="ISBN83763550019---11">
    <Authors>
      <Author>
        <Name>Fred</Name>
        <Email>fweasley@hogwarts.co.uk</Email>
      </Author>
      <Author>
        <Name>George</Name>
        <Email>gweasley@hogwarts.co.uk</Email>
      </Author>
    </Authors>
    <name>Book2</name>
  </book>
  <book year="2014" isbn="ISBN83763550019---11">
    <Authors>
      <Author>
        <Name>Fred</Name>
        <Email>fweasley@hogwarts.co.uk</Email>
      </Author>
      <Author>
        <Name>George</Name>
        <Email>gweasley@hogwarts.co.uk</Email>
      </Author>
    </Authors>
    <name>Book1</name>
  </book>
  <book year="2014" isbn="ISBN83763550019---11">
    <Authors>
      <Author>
        <Name>Fred</Name>
        <Email>fweasley@hogwarts.co.uk</Email>
      </Author>
      <Author>
        <Name>George</Name>
        <Email>gweasley@hogwarts.co.uk</Email>
      </Author>
    </Authors>
    <name>Book2</name>
  </book>
  <book year="2014" isbn="ISBN83763550019---11">
    <Authors>
      <Author>
        <Name>Fred</Name>
        <Email>fweasley@hogwarts.co.uk</Email>
      </Author>
      <Author>
        <Name>George</Name>
        <Email>gweasley@hogwarts.co.uk</Email>
      </Author>
    </Authors>
    <name>Book1</name>
  </book>
  <book year="2014" isbn="ISBN83763550019---11">
    <Authors>
      <Author>
        <Name>Fred</Name>
        <Email>fweasley@hogwarts.co.uk</Email>
      </Author>
      <Author>
        <Name>George</Name>
        <Email>gweasley@hogwarts.co.uk</Email>
      </Author>
    </Authors>
    <name>Book2</name>
  </book>
  <book year="2014" isbn="ISBN83763550019---11">
    <Authors>
      <Author>
        <Name>Fred</Name>
        <Email>fweasley@hogwarts.co.uk</Email>
      </Author>
      <Author>
        <Name>George</Name>
        <Email>gweasley@hogwarts.co.uk</Email>
      </Author>
    </Authors>
    <name>Book1</name>
  </book>
  <book year="2014" isbn="ISBN83763550019---11">
    <Authors>
      <Author>
        <Name>Fred</Name>
        <Email>fweasley@hogwarts.co.uk</Email>
      </Author>
      <Author>
        <Name>George</Name>
        <Email>gweasley@hogwarts.co.uk</Email>
      </Author>
    </Authors>
    <name>Book2</name>
  </book>
  <book year="2014" isbn="ISBN83763550019---11">
    <Authors>
      <Author>
        <Name>Fred</Name>
        <Email>fweasley@hogwarts.co.uk</Email>
      </Author>
      <Author>
        <Name>George</Name>
        <Email>gweasley@hogwarts.co.uk</Email>
      </Author>
    </Authors>
    <name>Book1</name>
  </book>
  <book year="2014" isbn="ISBN83763550019---11">
    <Authors>
      <Author>
        <Name>Fred</Name>
        <Email>fweasley@hogwarts.co.uk</Email>
      </Author>
      <Author>
        <Name>George</Name>
        <Email>gweasley@hogwarts.co.uk</Email>
      </Author>
    </Authors>
    <name>Book2</name>
  </book>
  <book year="2014" isbn="ISBN83763550019---11">
    <Authors>
      <Author>
        <Name>Fred</Name>
        <Email>fweasley@hogwarts.co.uk</Email>
      </Author>
      <Author>
        <Name>George</Name>
        <Email>gweasley@hogwarts.co.uk</Email>
      </Author>
    </Authors>
    <name>Book1</name>
  </book>
  <book year="2014" isbn="ISBN83763550019---11">
    <Authors>
      <Author>
        <Name>Fred</Name>
        <Email>fweasley@hogwarts.co.uk</Email>
      </Author>
      <Author>
        <Name>George</Name>
        <Email>gweasley@hogwarts.co.uk</Email>
      </Author>
    </Authors>
    <name>Book2</name>
  </book>
  <book year="2014" isbn="ISBN83763550019---11">
    <Authors>
      <Author>
        <Name>Fred</Name>
        <Email>fweasley@hogwarts.co.uk</Email>
      </Author>
      <Author>
        <Name>George</Name>
        <Email>gweasley@hogwarts.co.uk</Email>
      </Author>
    </Authors>
    <name>Book1</name>
  </book>
  <book year="2014" isbn="ISBN83763550019---11">
    <Authors>
      <Author>
        <Name>Fred</Name>
        <Email>fweasley@hogwarts.co.uk</Email>
      </Author>
      <Author>
        <Name>George</Name>
        <Email>gweasley@hogwarts.co.uk</Email>
      </Author>
    </Authors>
    <name>Book2</name>
  </book>
  <book year="2014" isbn="ISBN83763550019---11">
    <Authors>
      <Author>
        <Name>Fred</Name>
        <Email>fweasley@hogwarts.co.uk</Email>
      </Author>
      <Author>
        <Name>George</Name>
        <Email>gweasley@hogwarts.co.uk</Email>
      </Author>
    </Authors>
    <name>Book1</name>
  </book>
  <book year="2014" isbn="ISBN83763550019---11">
    <Authors>
      <Author>
        <Name>Fred</Name>
        <Email>fweasley@hogwarts.co.uk</Email>
      </Author>
      <Author>
        <Name>George</Name>
        <Email>gweasley@hogwarts.co.uk</Email>
      </Author>
    </Authors>
    <name>Book2</name>
  </book>
  <book year="2014" isbn="ISBN83763550019---11">
    <Authors>
      <Author>
        <Name>Fred</Name>
        <Email>fweasley@hogwarts.co.uk</Email>
      </Author>
      <Author>
        <Name>George</Name>
        <Email>gweasley@hogwarts.co.uk</Email>
      </Author>
    </Authors>
    <name>Book1</name>
  </book>
  <book year="2014" isbn="ISBN83763550019---11">
    <Authors>
      <Author>
        <Name>Fred</Name>
        <Email>fweasley@hogwarts.co.uk</Email>
      </Author>
      <Author>
        <Name>George</Name>
        <Email>gweasley@hogwarts.co.uk</Email>
      </Author>
    </Authors>
    <name>Book2</name>
  </book>
  <book year="2014" isbn="ISBN83763550019---11">
    <Authors>
      <Author>
        <Name>Fred</Name>
        <Email>fweasley@hogwarts.co.uk</Email>
      </Author>
      <Author>
        <Name>George</Name>
        <Email>gweasley@hogwarts.co.uk</Email>
      </Author>
    </Authors>
    <name>Book1</name>
  </book>
  <book year="2014" isbn="ISBN83763550019---11">
    <Authors>
      <Author>
        <Name>Fred</Name>
        <Email>fweasley@hogwarts.co.uk</Email>
      </Author>
      <Author>
        <Name>George</Name>
        <Email>gweasley@hogwarts.co.uk</Email>
      </Author>
    </Authors>
    <name>Book2</name>
  </book>
  <book year="2014" isbn="ISBN83763550019---11">
    <Authors>
      <Author>
        <Name>Fred</Name>
        <Email>fweasley@hogwarts.co.uk</Email>
      </Author>
      <Author>
        <Name>George</Name>
        <Email>gweasley@hogwarts.co.uk</Email>
      </Author>
    </Authors>
    <name>Book1</name>
  </book>
  <book year="2014" isbn="ISBN83763550019---11">
    <Authors>
      <Author>
        <Name>Fred</Name>
        <Email>fweasley@hogwarts.co.uk</Email>
      </Author>
      <Author>
        <Name>George</Name>
        <Email>gweasley@hogwarts.co.uk</Email>
      </Author>
    </Authors>
    <name>Book2</name>
  </book>
  <book year="2014" isbn="ISBN83763550019---11">
    <Authors>
      <Author>
        <Name>Fred</Name>
        <Email>fweasley@hogwarts.co.uk</Email>
      </Author>
      <Author>
        <Name>George</Name>
        <Email>gweasley@hogwarts.co.uk</Email>
      </Author>
    </Authors>
    <name>Book1</name>
  </book>
  <book year="2014" isbn="ISBN83763550019---11">
    <Authors>
      <Author>
        <Name>Fred</Name>
        <Email>fweasley@hogwarts.co.uk</Email>
      </Author>
      <Author>
        <Name>George</Name>
        <Email>gweasley@hogwarts.co.uk</Email>
      </Author>
    </Authors>
    <name>Book2</name>
  </book>
  <book year="2014" isbn="ISBN83763550019---11">
    <Authors>
      <Author>
        <Name>Fred</Name>
        <Email>fweasley@hogwarts.co.uk</Email>
      </Author>
      <Author>
        <Name>George</Name>
        <Email>gweasley@hogwarts.co.uk</Email>
      </Author>
    </Authors>
    <name>Book1</name>
  </book>
  <book year="2014" isbn="ISBN83763550019---11">
    <Authors>
      <Author>
        <Name>Fred</Name>
        <Email>fweasley@hogwarts.co.uk</Email>
      </Author>
      <Author>
        <Name>George</Name>
        <Email>gweasley@hogwarts.co.uk</Email>
      </Author>
    </Authors>
    <name>Book2</name>
  </book>
  <book year="2014" isbn="ISBN83763550019---11">
    <Authors>
      <Author>
        <Name>Fred</Name>
        <Email>fweasley@hogwarts.co.uk</Email>
      </Author>
      <Author>
        <Name>George</Name>
        <Email>gweasley@hogwarts.co.uk</Email>
      </Author>
    </Authors>
    <name>Book1</name>
  </book>
  <book year="2014" isbn="ISBN83763550019---11">
    <Authors>
      <Author>
        <Name>Fred</Name>
        <Email>fweasley@hogwarts.co.uk</Email>
      </Author>
      <Author>
        <Name>George</Name>
        <Email>gweasley@hogwarts.co.uk</Email>
      </Author>
    </Authors>
    <name>Book2</name>
  </book>
  <book year="2014" isbn="ISBN83763550019---11">
    <Authors>
      <Author>
        <Name>Fred</Name>
        <Email>fweasley@hogwarts.co.uk</Email>
      </Author>
      <Author>
        <Name>George</Name>
        <Email>gweasley@hogwarts.co.uk</Email>
      </Author>
    </Authors>
    <name>Book1</name>
  </book>
  <book year="2014" isbn="ISBN83763550019---11">
    <Authors>
      <Author>
        <Name>Fred</Name>
        <Email>fweasley@hogwarts.co.uk</Email>
      </Author>
      <Author>
        <Name>George</Name>
        <Email>gweasley@hogwarts.co.uk</Email>
      </Author>
    </Authors>
    <name>Book2</name>
  </book>
  <book year="2014" isbn="ISBN83763550019---11">
    <Authors>
      <Author>
        <Name>Fred</Name>
        <Email>fweasley@hogwarts.co.uk</Email>
      </Author>
      <Author>
        <Name>George</Name>
        <Email>gweasley@hogwarts.co.uk</Email>
      </Author>
    </Authors>
    <name>Book1</name>
  </book>
  <book year="2014" isbn="ISBN83763550019---11">
    <Authors>
      <Author>
        <Name>Fred</Name>
        <Email>fweasley@hogwarts.co.uk</Email>
      </Author>
      <Author>
        <Name>George</Name>
        <Email>gweasley@hogwarts.co.uk</Email>
      </Author>
    </Authors>
    <name>Book2</name>
  </book>
  <book year="2014" isbn="ISBN83763550019---11">
    <Authors>
      <Author>
        <Name>Fred</Name>
        <Email>fweasley@hogwarts.co.uk</Email>
      </Author>
      <Author>
        <Name>George</Name>
        <Email>gweasley@hogwarts.co.uk</Email>
      </Author>
    </Authors>
    <name>Book1</name>
  </book>
  <book year="2014" isbn="ISBN83763550019---11">
    <Authors>
      <Author>
        <Name>Fred</Name>
        <Email>fweasley@hogwarts.co.uk</Email>
      </Author>
      <Author>
        <Name>George</Name>
        <Email>gweasley@hogwarts.co.uk</Email>
      </Author>
    </Authors>
    <name>Book2</name>
  </book>
  <book year="2014" isbn="ISBN83763550019---11">
    <Authors>
      <Author>
        <Name>Fred</Name>
        <Email>fweasley@hogwarts.co.uk</Email>
      </Author>
      <Author>
        <Name>George</Name>
        <Email>gweasley@hogwarts.co.uk</Email>
      </Author>
    </Authors>
    <name>Book1</name>
  </book>
  <book year="2014" isbn="ISBN83763550019---11">
    <Authors>
      <Author>
        <Name>Fred</Name>
        <Email>fweasley@hogwarts.co.uk</Email>
      </Author>
      <Author>
        <Name>George</Name>
        <Email>gweasley@hogwarts.co.uk</Email>
      </Author>
    </Authors>
    <name>Book2</name>
  </book>
  <book year="2014" isbn="ISBN83763550019---11">
    <Authors>
      <Author>
        <Name>Fred</Name>
        <Email>fweasley@hogwarts.co.uk</Email>
      </Author>
      <Author>
        <Name>George</Name>
        <Email>gweasley@hogwarts.co.uk</Email>
      </Author>
    </Authors>
    <name>Book1</name>
  </book>
  <book year="2014" isbn="ISBN83763550019---11">
    <Authors>
      <Author>
        <Name>Fred</Name>
        <Email>fweasley@hogwarts.co.uk</Email>
      </Author>
      <Author>
        <Name>George</Name>
        <Email>gweasley@hogwarts.co.uk</Email>
      </Author>
    </Authors>
    <name>Book2</name>
  </book>
  <book year="2014" isbn="ISBN83763550019---11">
    <Authors>
      <Author>
        <Name>Fred</Name>
        <Email>fweasley@hogwarts.co.uk</Email>
      </Author>
      <Author>
        <Name>George</Name>
        <Email>gweasley@hogwarts.co.uk</Email>
      </Author>
    </Authors>
    <name>Book1</name>
  </book>
  <book year="2014" isbn="ISBN83763550019---11">
    <Authors>
      <Author>
        <Name>Fred</Name>
        <Email>fweasley@hogwarts.co.uk</Email>
      </Author>
      <Author>
        <Name>George</Name>
        <Email>gweasley@hogwarts.co.uk</Email>
      </Author>
    </Authors>
    <name>Book2</name>
  </book>
  <book year="2014" isbn="ISBN83763550019---11">
    <Authors>
      <Author>
        <Name>Fred</Name>
        <Email>fweasley@hogwarts.co.uk</Email>
      </Author>
      <Author>
        <Name>George</Name>
        <Email>gweasley@hogwarts.co.uk</Email>
      </Author>
    </Authors>
    <name>Book1</name>
  </book>
  <book year="2014" isbn="ISBN83763550019---11">
    <Authors>
      <Author>
        <Name>Fred</Name>
        <Email>fweasley@hogwarts.co.uk</Email>
      </Author>
      <Author>
        <Name>George</Name>
        <Email>gweasley@hogwarts.co.uk</Email>
      </Author>
    </Authors>
    <name>Book2</name>
  </book>
  <book year="2014" isbn="ISBN83763550019---11">
    <Authors>
      <Author>
        <Name>Fred</Name>
        <Email>fweasley@hogwarts.co.uk</Email>
      </Author>
      <Author>
        <Name>George</Name>
        <Email>gweasley@hogwarts.co.uk</Email>
      </Author>
    </Authors>
    <name>Book1</name>
  </book>
  <book year="2014" isbn="ISBN83763550019---11">
    <Authors>
      <Author>
        <Name>Fred</Name>
        <Email>fweasley@hogwarts.co.uk</Email>
      </Author>
      <Author>
        <Name>George</Name>
        <Email>gweasley@hogwarts.co.uk</Email>
      </Author>
    </Authors>
    <name>Book2</name>
  </book>
  <book year="2014" isbn="ISBN83763550019---11">
    <Authors>
      <Author>
        <Name>Fred</Name>
        <Email>fweasley@hogwarts.co.uk</Email>
      </Author>
      <Author>
        <Name>George</Name>
        <Email>gweasley@hogwarts.co.uk</Email>
      </Author>
    </Authors>
    <name>Book1</name>
  </book>
  <book year="2014" isbn="ISBN83763550019---11">
    <Authors>
      <Author>
        <Name>Fred</Name>
        <Email>fweasley@hogwarts.co.uk</Email>
      </Author>
      <Author>
        <Name>George</Name>
        <Email>gweasley@hogwarts.co.uk</Email>
      </Author>
    </Authors>
    <name>Book2</name>
  </book>
  <book year="2014" isbn="ISBN83763550019---11">
    <Authors>
      <Author>
        <Name>Fred</Name>
        <Email>fweasley@hogwarts.co.uk</Email>
      </Author>
      <Author>
        <Name>George</Name>
        <Email>gweasley@hogwarts.co.uk</Email>
      </Author>
    </Authors>
    <name>Book1</name>
  </book>
  <book year="2014" isbn="ISBN83763550019---11">
    <Authors>
      <Author>
        <Name>Fred</Name>
        <Email>fweasley@hogwarts.co.uk</Email>
      </Author>
      <Author>
        <Name>George</Name>
        <Email>gweasley@hogwarts.co.uk</Email>
      </Author>
    </Authors>
    <name>Book2</name>
  </book>
  <book year="2014" isbn="ISBN83763550019---11">
    <Authors>
      <Author>
        <Name>Fred</Name>
        <Email>fweasley@hogwarts.co.uk</Email>
      </Author>
      <Author>
        <Name>George</Name>
        <Email>gweasley@hogwarts.co.uk</Email>
      </Author>
    </Authors>
    <name>Book1</name>
  </book>
  <book year="2014" isbn="ISBN83763550019---11">
    <Authors>
      <Author>
        <Name>Fred</Name>
        <Email>fweasley@hogwarts.co.uk</Email>
      </Author>
      <Author>
        <Name>George</Name>
        <Email>gweasley@hogwarts.co.uk</Email>
      </Author>
    </Authors>
    <name>Book2</name>
  </book>
  <book year="2014" isbn="ISBN83763550019---11">
    <Authors>
      <Author>
        <Name>Fred</Name>
        <Email>fweasley@hogwarts.co.uk</Email>
      </Author>
      <Author>
        <Name>George</Name>
        <Email>gweasley@hogwarts.co.uk</Email>
      </Author>
    </Authors>
    <name>Book1</name>
  </book>
  <book year="2014" isbn="ISBN83763550019---11">
    <Authors>
      <Author>
        <Name>Fred</Name>
        <Email>fweasley@hogwarts.co.uk</Email>
      </Author>
      <Author>
        <Name>George</Name>
        <Email>gweasley@hogwarts.co.uk</Email>
      </Author>
    </Authors>
    <name>Book2</name>
  </book>
  <book year="2014" isbn="ISBN83763550019---11">
    <Authors>
      <Author>
        <Name>Fred</Name>
        <Email>fweasley@hogwarts.co.uk</Email>
      </Author>
      <Author>
        <Name>George</Name>
        <Email>gweasley@hogwarts.co.uk</Email>
      </Author>
    </Authors>
    <name>Book1</name>
  </book>
  <book year="2014" isbn="ISBN83763550019---11">
    <Authors>
      <Author>
        <Name>Fred</Name>
        <Email>fweasley@hogwarts.co.uk</Email>
      </Author>
      <Author>
        <Name>George</Name>
        <Email>gweasley@hogwarts.co.uk</Email>
      </Author>
    </Authors>
    <name>Book2</name>
  </book>
  <book year="2014" isbn="ISBN83763550019---11">
    <Authors>
      <Author>
        <Name>Fred</Name>
        <Email>fweasley@hogwarts.co.uk</Email>
      </Author>
      <Author>
        <Name>George</Name>
        <Email>gweasley@hogwarts.co.uk</Email>
      </Author>
    </Authors>
    <name>Book1</name>
  </book>
  <book year="2014" isbn="ISBN83763550019---11">
    <Authors>
      <Author>
        <Name>Fred</Name>
        <Email>fweasley@hogwarts.co.uk</Email>
      </Author>
      <Author>
        <Name>George</Name>
        <Email>gweasley@hogwarts.co.uk</Email>
      </Author>
    </Authors>
    <name>Book2</name>
  </book>
  <book year="2014" isbn="ISBN83763550019---11">
    <Authors>
      <Author>
        <Name>Fred</Name>
        <Email>fweasley@hogwarts.co.uk</Email>
      </Author>
      <Author>
        <Name>George</Name>
        <Email>gweasley@hogwarts.co.uk</Email>
      </Author>
    </Authors>
    <name>Book1</name>
  </book>
  <book year="2014" isbn="ISBN83763550019---11">
    <Authors>
      <Author>
        <Name>Fred</Name>
        <Email>fweasley@hogwarts.co.uk</Email>
      </Author>
      <Author>
        <Name>George</Name>
        <Email>gweasley@hogwarts.co.uk</Email>
      </Author>
    </Authors>
    <name>Book2</name>
  </book>
  <book year="2014" isbn="ISBN83763550019---11">
    <Authors>
      <Author>
        <Name>Fred</Name>
        <Email>fweasley@hogwarts.co.uk</Email>
      </Author>
      <Author>
        <Name>George</Name>
        <Email>gweasley@hogwarts.co.uk</Email>
      </Author>
    </Authors>
    <name>Book1</name>
  </book>
  <book year="2014" isbn="ISBN83763550019---11">
    <Authors>
      <Author>
        <Name>Fred</Name>
        <Email>fweasley@hogwarts.co.uk</Email>
      </Author>
      <Author>
        <Name>George</Name>
        <Email>gweasley@hogwarts.co.uk</Email>
      </Author>
    </Authors>
    <name>Book2</name>
  </book>
  <book year="2014" isbn="ISBN83763550019---11">
    <Authors>
      <Author>
        <Name>Fred</Name>
        <Email>fweasley@hogwarts.co.uk</Email>
      </Author>
      <Author>
        <Name>George</Name>
        <Email>gweasley@hogwarts.co.uk</Email>
      </Author>
    </Authors>
    <name>Book1</name>
  </book>
  <book year="2014" isbn="ISBN83763550019---11">
    <Authors>
      <Author>
        <Name>Fred</Name>
        <Email>fweasley@hogwarts.co.uk</Email>
      </Author>
      <Author>
        <Name>George</Name>
        <Email>gweasley@hogwarts.co.uk</Email>
      </Author>
    </Authors>
    <name>Book2</name>
  </book>
  <book year="2014" isbn="ISBN83763550019---11">
    <Authors>
      <Author>
        <Name>Fred</Name>
        <Email>fweasley@hogwarts.co.uk</Email>
      </Author>
      <Author>
        <Name>George</Name>
        <Email>gweasley@hogwarts.co.uk</Email>
      </Author>
    </Authors>
    <name>Book1</name>
  </book>
  <book year="2014" isbn="ISBN83763550019---11">
    <Authors>
      <Author>
        <Name>Fred</Name>
        <Email>fweasley@hogwarts.co.uk</Email>
      </Author>
      <Author>
        <Name>George</Name>
        <Email>gweasley@hogwarts.co.uk</Email>
      </Author>
    </Authors>
    <name>Book2</name>
  </book>
  <book year="2014" isbn="ISBN83763550019---11">
    <Authors>
      <Author>
        <Name>Fred</Name>
        <Email>fweasley@hogwarts.co.uk</Email>
      </Author>
      <Author>
        <Name>George</Name>
        <Email>gweasley@hogwarts.co.uk</Email>
      </Author>
    </Authors>
    <name>Book1</name>
  </book>
  <book year="2014" isbn="ISBN83763550019---11">
    <Authors>
      <Author>
        <Name>Fred</Name>
        <Email>fweasley@hogwarts.co.uk</Email>
      </Author>
      <Author>
        <Name>George</Name>
        <Email>gweasley@hogwarts.co.uk</Email>
      </Author>
    </Authors>
    <name>Book2</name>
  </book>
  <book year="2014" isbn="ISBN83763550019---11">
    <Authors>
      <Author>
        <Name>Fred</Name>
        <Email>fweasley@hogwarts.co.uk</Email>
      </Author>
      <Author>
        <Name>George</Name>
        <Email>gweasley@hogwarts.co.uk</Email>
      </Author>
    </Authors>
    <name>Book1</name>
  </book>
  <book year="2014" isbn="ISBN83763550019---11">
    <Authors>
      <Author>
        <Name>Fred</Name>
        <Email>fweasley@hogwarts.co.uk</Email>
      </Author>
      <Author>
        <Name>George</Name>
        <Email>gweasley@hogwarts.co.uk</Email>
      </Author>
    </Authors>
    <name>Book2</name>
  </book>
  <book year="2014" isbn="ISBN83763550019---11">
    <Authors>
      <Author>
        <Name>Fred</Name>
        <Email>fweasley@hogwarts.co.uk</Email>
      </Author>
      <Author>
        <Name>George</Name>
        <Email>gweasley@hogwarts.co.uk</Email>
      </Author>
    </Authors>
    <name>Book1</name>
  </book>
  <book year="2014" isbn="ISBN83763550019---11">
    <Authors>
      <Author>
        <Name>Fred</Name>
        <Email>fweasley@hogwarts.co.uk</Email>
      </Author>
      <Author>
        <Name>George</Name>
        <Email>gweasley@hogwarts.co.uk</Email>
      </Author>
    </Authors>
    <name>Book2</name>
  </book>
  <book year="2014" isbn="ISBN83763550019---11">
    <Authors>
      <Author>
        <Name>Fred</Name>
        <Email>fweasley@hogwarts.co.uk</Email>
      </Author>
      <Author>
        <Name>George</Name>
        <Email>gweasley@hogwarts.co.uk</Email>
      </Author>
    </Authors>
    <name>Book1</name>
  </book>
  <book year="2014" isbn="ISBN83763550019---11">
    <Authors>
      <Author>
        <Name>Fred</Name>
        <Email>fweasley@hogwarts.co.uk</Email>
      </Author>
      <Author>
        <Name>George</Name>
        <Email>gweasley@hogwarts.co.uk</Email>
      </Author>
    </Authors>
    <name>Book2</name>
  </book>
  <book year="2014" isbn="ISBN83763550019---11">
    <Authors>
      <Author>
        <Name>Fred</Name>
        <Email>fweasley@hogwarts.co.uk</Email>
      </Author>
      <Author>
        <Name>George</Name>
        <Email>gweasley@hogwarts.co.uk</Email>
      </Author>
    </Authors>
    <name>Book1</name>
  </book>
  <book year="2014" isbn="ISBN83763550019---11">
    <Authors>
      <Author>
        <Name>Fred</Name>
        <Email>fweasley@hogwarts.co.uk</Email>
      </Author>
      <Author>
        <Name>George</Name>
        <Email>gweasley@hogwarts.co.uk</Email>
      </Author>
    </Authors>
    <name>Book2</name>
  </book>
  <book year="2014" isbn="ISBN83763550019---11">
    <Authors>
      <Author>
        <Name>Fred</Name>
        <Email>fweasley@hogwarts.co.uk</Email>
      </Author>
      <Author>
        <Name>George</Name>
        <Email>gweasley@hogwarts.co.uk</Email>
      </Author>
    </Authors>
    <name>Book1</name>
  </book>
  <book year="2014" isbn="ISBN83763550019---11">
    <Authors>
      <Author>
        <Name>Fred</Name>
        <Email>fweasley@hogwarts.co.uk</Email>
      </Author>
      <Author>
        <Name>George</Name>
        <Email>gweasley@hogwarts.co.uk</Email>
      </Author>
    </Authors>
    <name>Book2</name>
  </book>
  <book year="2014" isbn="ISBN83763550019---11">
    <Authors>
      <Author>
        <Name>Fred</Name>
        <Email>fweasley@hogwarts.co.uk</Email>
      </Author>
      <Author>
        <Name>George</Name>
        <Email>gweasley@hogwarts.co.uk</Email>
      </Author>
    </Authors>
    <name>Book1</name>
  </book>
  <book year="2014" isbn="ISBN83763550019---11">
    <Authors>
      <Author>
        <Name>Fred</Name>
        <Email>fweasley@hogwarts.co.uk</Email>
      </Author>
      <Author>
        <Name>George</Name>
        <Email>gweasley@hogwarts.co.uk</Email>
      </Author>
    </Authors>
    <name>Book2</name>
  </book>
  <book year="2014" isbn="ISBN83763550019---11">
    <Authors>
      <Author>
        <Name>Fred</Name>
        <Email>fweasley@hogwarts.co.uk</Email>
      </Author>
      <Author>
        <Name>George</Name>
        <Email>gweasley@hogwarts.co.uk</Email>
      </Author>
    </Authors>
    <name>Book1</name>
  </book>
  <book year="2014" isbn="ISBN83763550019---11">
    <Authors>
      <Author>
        <Name>Fred</Name>
        <Email>fweasley@hogwarts.co.uk</Email>
      </Author>
      <Author>
        <Name>George</Name>
        <Email>gweasley@hogwarts.co.uk</Email>
      </Author>
    </Authors>
    <name>Book2</name>
  </book>
  <book year="2014" isbn="ISBN83763550019---11">
    <Authors>
      <Author>
        <Name>Fred</Name>
        <Email>fweasley@hogwarts.co.uk</Email>
      </Author>
      <Author>
        <Name>George</Name>
        <Email>gweasley@hogwarts.co.uk</Email>
      </Author>
    </Authors>
    <name>Book1</name>
  </book>
  <book year="2014" isbn="ISBN83763550019---11">
    <Authors>
      <Author>
        <Name>Fred</Name>
        <Email>fweasley@hogwarts.co.uk</Email>
      </Author>
      <Author>
        <Name>George</Name>
        <Email>gweasley@hogwarts.co.uk</Email>
      </Author>
    </Authors>
    <name>Book2</name>
  </book>
  <book year="2014" isbn="ISBN83763550019---11">
    <Authors>
      <Author>
        <Name>Fred</Name>
        <Email>fweasley@hogwarts.co.uk</Email>
      </Author>
      <Author>
        <Name>George</Name>
        <Email>gweasley@hogwarts.co.uk</Email>
      </Author>
    </Authors>
    <name>Book1</name>
  </book>
  <book year="2014" isbn="ISBN83763550019---11">
    <Authors>
      <Author>
        <Name>Fred</Name>
        <Email>fweasley@hogwarts.co.uk</Email>
      </Author>
      <Author>
        <Name>George</Name>
        <Email>gweasley@hogwarts.co.uk</Email>
      </Author>
    </Authors>
    <name>Book2</name>
  </book>
  <book year="2014" isbn="ISBN83763550019---11">
    <Authors>
      <Author>
        <Name>Fred</Name>
        <Email>fweasley@hogwarts.co.uk</Email>
      </Author>
      <Author>
        <Name>George</Name>
        <Email>gweasley@hogwarts.co.uk</Email>
      </Author>
    </Authors>
    <name>Book1</name>
  </book>
  <book year="2014" isbn="ISBN83763550019---11">
    <Authors>
      <Author>
        <Name>Fred</Name>
        <Email>fweasley@hogwarts.co.uk</Email>
      </Author>
      <Author>
        <Name>George</Name>
        <Email>gweasley@hogwarts.co.uk</Email>
      </Author>
    </Authors>
    <name>Book2</name>
  </book>
  <book year="2014" isbn="ISBN83763550019---11">
    <Authors>
      <Author>
        <Name>Fred</Name>
        <Email>fweasley@hogwarts.co.uk</Email>
      </Author>
      <Author>
        <Name>George</Name>
        <Email>gweasley@hogwarts.co.uk</Email>
      </Author>
    </Authors>
    <name>Book1</name>
  </book>
  <book year="2014" isbn="ISBN83763550019---11">
    <Authors>
      <Author>
        <Name>Fred</Name>
        <Email>fweasley@hogwarts.co.uk</Email>
      </Author>
      <Author>
        <Name>George</Name>
        <Email>gweasley@hogwarts.co.uk</Email>
      </Author>
    </Authors>
    <name>Book2</name>
  </book>
  <book year="2014" isbn="ISBN83763550019---11">
    <Authors>
      <Author>
        <Name>Fred</Name>
        <Email>fweasley@hogwarts.co.uk</Email>
      </Author>
      <Author>
        <Name>George</Name>
        <Email>gweasley@hogwarts.co.uk</Email>
      </Author>
    </Authors>
    <name>Book1</name>
  </book>
  <book year="2014" isbn="ISBN83763550019---11">
    <Authors>
      <Author>
        <Name>Fred</Name>
        <Email>fweasley@hogwarts.co.uk</Email>
      </Author>
      <Author>
        <Name>George</Name>
        <Email>gweasley@hogwarts.co.uk</Email>
      </Author>
    </Authors>
    <name>Book2</name>
  </book>
  <book year="2014" isbn="ISBN83763550019---11">
    <Authors>
      <Author>
        <Name>Fred</Name>
        <Email>fweasley@hogwarts.co.uk</Email>
      </Author>
      <Author>
        <Name>George</Name>
        <Email>gweasley@hogwarts.co.uk</Email>
      </Author>
    </Authors>
    <name>Book1</name>
  </book>
  <book year="2014" isbn="ISBN83763550019---11">
    <Authors>
      <Author>
        <Name>Fred</Name>
        <Email>fweasley@hogwarts.co.uk</Email>
      </Author>
      <Author>
        <Name>George</Name>
        <Email>gweasley@hogwarts.co.uk</Email>
      </Author>
    </Authors>
    <name>Book2</name>
  </book>
  <book year="2014" isbn="ISBN83763550019---11">
    <Authors>
      <Author>
        <Name>Fred</Name>
        <Email>fweasley@hogwarts.co.uk</Email>
      </Author>
      <Author>
        <Name>George</Name>
        <Email>gweasley@hogwarts.co.uk</Email>
      </Author>
    </Authors>
    <name>Book1</name>
  </book>
  <book year="2014" isbn="ISBN83763550019---11">
    <Authors>
      <Author>
        <Name>Fred</Name>
        <Email>fweasley@hogwarts.co.uk</Email>
      </Author>
      <Author>
        <Name>George</Name>
        <Email>gweasley@hogwarts.co.uk</Email>
      </Author>
    </Authors>
    <name>Book2</name>
  </book>
  <book year="2014" isbn="ISBN83763550019---11">
    <Authors>
      <Author>
        <Name>Fred</Name>
        <Email>fweasley@hogwarts.co.uk</Email>
      </Author>
      <Author>
        <Name>George</Name>
        <Email>gweasley@hogwarts.co.uk</Email>
      </Author>
    </Authors>
    <name>Book1</name>
  </book>
  <book year="2014" isbn="ISBN83763550019---11">
    <Authors>
      <Author>
        <Name>Fred</Name>
        <Email>fweasley@hogwarts.co.uk</Email>
      </Author>
      <Author>
        <Name>George</Name>
        <Email>gweasley@hogwarts.co.uk</Email>
      </Author>
    </Authors>
    <name>Book2</name>
  </book>
  <book year="2014" isbn="ISBN83763550019---11">
    <Authors>
      <Author>
        <Name>Fred</Name>
        <Email>fweasley@hogwarts.co.uk</Email>
      </Author>
      <Author>
        <Name>George</Name>
        <Email>gweasley@hogwarts.co.uk</Email>
      </Author>
    </Authors>
    <name>Book1</name>
  </book>
  <book year="2014" isbn="ISBN83763550019---11">
    <Authors>
      <Author>
        <Name>Fred</Name>
        <Email>fweasley@hogwarts.co.uk</Email>
      </Author>
      <Author>
        <Name>George</Name>
        <Email>gweasley@hogwarts.co.uk</Email>
      </Author>
    </Authors>
    <name>Book2</name>
  </book>
  <book year="2014" isbn="ISBN83763550019---11">
    <Authors>
      <Author>
        <Name>Fred</Name>
        <Email>fweasley@hogwarts.co.uk</Email>
      </Author>
      <Author>
        <Name>George</Name>
        <Email>gweasley@hogwarts.co.uk</Email>
      </Author>
    </Authors>
    <name>Book1</name>
  </book>
  <book year="2014" isbn="ISBN83763550019---11">
    <Authors>
      <Author>
        <Name>Fred</Name>
        <Email>fweasley@hogwarts.co.uk</Email>
      </Author>
      <Author>
        <Name>George</Name>
        <Email>gweasley@hogwarts.co.uk</Email>
      </Author>
    </Authors>
    <name>Book2</name>
  </book>
  <book year="2014" isbn="ISBN83763550019---11">
    <Authors>
      <Author>
        <Name>Fred</Name>
        <Email>fweasley@hogwarts.co.uk</Email>
      </Author>
      <Author>
        <Name>George</Name>
        <Email>gweasley@hogwarts.co.uk</Email>
      </Author>
    </Authors>
    <name>Book1</name>
  </book>
  <book year="2014" isbn="ISBN83763550019---11">
    <Authors>
      <Author>
        <Name>Fred</Name>
        <Email>fweasley@hogwarts.co.uk</Email>
      </Author>
      <Author>
        <Name>George</Name>
        <Email>gweasley@hogwarts.co.uk</Email>
      </Author>
    </Authors>
    <name>Book2</name>
  </book>
  <book year="2014" isbn="ISBN83763550019---11">
    <Authors>
      <Author>
        <Name>Fred</Name>
        <Email>fweasley@hogwarts.co.uk</Email>
      </Author>
      <Author>
        <Name>George</Name>
        <Email>gweasley@hogwarts.co.uk</Email>
      </Author>
    </Authors>
    <name>Book1</name>
  </book>
  <book year="2014" isbn="ISBN83763550019---11">
    <Authors>
      <Author>
        <Name>Fred</Name>
        <Email>fweasley@hogwarts.co.uk</Email>
      </Author>
      <Author>
        <Name>George</Name>
        <Email>gweasley@hogwarts.co.uk</Email>
      </Author>
    </Authors>
    <name>Book2</name>
  </book>
  <book year="2014" isbn="ISBN83763550019---11">
    <Authors>
      <Author>
        <Name>Fred</Name>
        <Email>fweasley@hogwarts.co.uk</Email>
      </Author>
      <Author>
        <Name>George</Name>
        <Email>gweasley@hogwarts.co.uk</Email>
      </Author>
    </Authors>
    <name>Book1</name>
  </book>
  <book year="2014" isbn="ISBN83763550019---11">
    <Authors>
      <Author>
        <Name>Fred</Name>
        <Email>fweasley@hogwarts.co.uk</Email>
      </Author>
      <Author>
        <Name>George</Name>
        <Email>gweasley@hogwarts.co.uk</Email>
      </Author>
    </Authors>
    <name>Book2</name>
  </book>
  <book year="2014" isbn="ISBN83763550019---11">
    <Authors>
      <Author>
        <Name>Fred</Name>
        <Email>fweasley@hogwarts.co.uk</Email>
      </Author>
      <Author>
        <Name>George</Name>
        <Email>gweasley@hogwarts.co.uk</Email>
      </Author>
    </Authors>
    <name>Book1</name>
  </book>
  <book year="2014" isbn="ISBN83763550019---11">
    <Authors>
      <Author>
        <Name>Fred</Name>
        <Email>fweasley@hogwarts.co.uk</Email>
      </Author>
      <Author>
        <Name>George</Name>
        <Email>gweasley@hogwarts.co.uk</Email>
      </Author>
    </Authors>
    <name>Book2</name>
  </book>
  <book year="2014" isbn="ISBN83763550019---11">
    <Authors>
      <Author>
        <Name>Fred</Name>
        <Email>fweasley@hogwarts.co.uk</Email>
      </Author>
      <Author>
        <Name>George</Name>
        <Email>gweasley@hogwarts.co.uk</Email>
      </Author>
    </Authors>
    <name>Book1</name>
  </book>
  <book year="2014" isbn="ISBN83763550019---11">
    <Authors>
      <Author>
        <Name>Fred</Name>
        <Email>fweasley@hogwarts.co.uk</Email>
      </Author>
      <Author>
        <Name>George</Name>
        <Email>gweasley@hogwarts.co.uk</Email>
      </Author>
    </Authors>
    <name>Book2</name>
  </book>
  <book year="2014" isbn="ISBN83763550019---11">
    <Authors>
      <Author>
        <Name>Fred</Name>
        <Email>fweasley@hogwarts.co.uk</Email>
      </Author>
      <Author>
        <Name>George</Name>
        <Email>gweasley@hogwarts.co.uk</Email>
      </Author>
    </Authors>
    <name>Book1</name>
  </book>
  <book year="2014" isbn="ISBN83763550019---11">
    <Authors>
      <Author>
        <Name>Fred</Name>
        <Email>fweasley@hogwarts.co.uk</Email>
      </Author>
      <Author>
        <Name>George</Name>
        <Email>gweasley@hogwarts.co.uk</Email>
      </Author>
    </Authors>
    <name>Book2</name>
  </book>
  <book year="2014" isbn="ISBN83763550019---11">
    <Authors>
      <Author>
        <Name>Fred</Name>
        <Email>fweasley@hogwarts.co.uk</Email>
      </Author>
      <Author>
        <Name>George</Name>
        <Email>gweasley@hogwarts.co.uk</Email>
      </Author>
    </Authors>
    <name>Book1</name>
  </book>
  <book year="2014" isbn="ISBN83763550019---11">
    <Authors>
      <Author>
        <Name>Fred</Name>
        <Email>fweasley@hogwarts.co.uk</Email>
      </Author>
      <Author>
        <Name>George</Name>
        <Email>gweasley@hogwarts.co.uk</Email>
      </Author>
    </Authors>
    <name>Book2</name>
  </book>
  <book year="2014" isbn="ISBN83763550019---11">
    <Authors>
      <Author>
        <Name>Fred</Name>
        <Email>fweasley@hogwarts.co.uk</Email>
      </Author>
      <Author>
        <Name>George</Name>
        <Email>gweasley@hogwarts.co.uk</Email>
      </Author>
    </Authors>
    <name>Book1</name>
  </book>
  <book year="2014" isbn="ISBN83763550019---11">
    <Authors>
      <Author>
        <Name>Fred</Name>
        <Email>fweasley@hogwarts.co.uk</Email>
      </Author>
      <Author>
        <Name>George</Name>
        <Email>gweasley@hogwarts.co.uk</Email>
      </Author>
    </Authors>
    <name>Book2</name>
  </book>
  <book year="2014" isbn="ISBN83763550019---11">
    <Authors>
      <Author>
        <Name>Fred</Name>
        <Email>fweasley@hogwarts.co.uk</Email>
      </Author>
      <Author>
        <Name>George</Name>
        <Email>gweasley@hogwarts.co.uk</Email>
      </Author>
    </Authors>
    <name>Book1</name>
  </book>
  <book year="2014" isbn="ISBN83763550019---11">
    <Authors>
      <Author>
        <Name>Fred</Name>
        <Email>fweasley@hogwarts.co.uk</Email>
      </Author>
      <Author>
        <Name>George</Name>
        <Email>gweasley@hogwarts.co.uk</Email>
      </Author>
    </Authors>
    <name>Book2</name>
  </book>
  <book year="2014" isbn="ISBN83763550019---11">
    <Authors>
      <Author>
        <Name>Fred</Name>
        <Email>fweasley@hogwarts.co.uk</Email>
      </Author>
      <Author>
        <Name>George</Name>
        <Email>gweasley@hogwarts.co.uk</Email>
      </Author>
    </Authors>
    <name>Book1</name>
  </book>
  <book year="2014" isbn="ISBN83763550019---11">
    <Authors>
      <Author>
        <Name>Fred</Name>
        <Email>fweasley@hogwarts.co.uk</Email>
      </Author>
      <Author>
        <Name>George</Name>
        <Email>gweasley@hogwarts.co.uk</Email>
      </Author>
    </Authors>
    <name>Book2</name>
  </book>
  <book year="2014" isbn="ISBN83763550019---11">
    <Authors>
      <Author>
        <Name>Fred</Name>
        <Email>fweasley@hogwarts.co.uk</Email>
      </Author>
      <Author>
        <Name>George</Name>
        <Email>gweasley@hogwarts.co.uk</Email>
      </Author>
    </Authors>
    <name>Book1</name>
  </book>
  <book year="2014" isbn="ISBN83763550019---11">
    <Authors>
      <Author>
        <Name>Fred</Name>
        <Email>fweasley@hogwarts.co.uk</Email>
      </Author>
      <Author>
        <Name>George</Name>
        <Email>gweasley@hogwarts.co.uk</Email>
      </Author>
    </Authors>
    <name>Book2</name>
  </book>
  <book year="2014" isbn="ISBN83763550019---11">
    <Authors>
      <Author>
        <Name>Fred</Name>
        <Email>fweasley@hogwarts.co.uk</Email>
      </Author>
      <Author>
        <Name>George</Name>
        <Email>gweasley@hogwarts.co.uk</Email>
      </Author>
    </Authors>
    <name>Book1</name>
  </book>
  <book year="2014" isbn="ISBN83763550019---11">
    <Authors>
      <Author>
        <Name>Fred</Name>
        <Email>fweasley@hogwarts.co.uk</Email>
      </Author>
      <Author>
        <Name>George</Name>
        <Email>gweasley@hogwarts.co.uk</Email>
      </Author>
    </Authors>
    <name>Book2</name>
  </book>
  <book year="2014" isbn="ISBN83763550019---11">
    <Authors>
      <Author>
        <Name>Fred</Name>
        <Email>fweasley@hogwarts.co.uk</Email>
      </Author>
      <Author>
        <Name>George</Name>
        <Email>gweasley@hogwarts.co.uk</Email>
      </Author>
    </Authors>
    <name>Book1</name>
  </book>
  <book year="2014" isbn="ISBN83763550019---11">
    <Authors>
      <Author>
        <Name>Fred</Name>
        <Email>fweasley@hogwarts.co.uk</Email>
      </Author>
      <Author>
        <Name>George</Name>
        <Email>gweasley@hogwarts.co.uk</Email>
      </Author>
    </Authors>
    <name>Book2</name>
  </book>
  <book year="2014" isbn="ISBN83763550019---11">
    <Authors>
      <Author>
        <Name>Fred</Name>
        <Email>fweasley@hogwarts.co.uk</Email>
      </Author>
      <Author>
        <Name>George</Name>
        <Email>gweasley@hogwarts.co.uk</Email>
      </Author>
    </Authors>
    <name>Book1</name>
  </book>
  <book year="2014" isbn="ISBN83763550019---11">
    <Authors>
      <Author>
        <Name>Fred</Name>
        <Email>fweasley@hogwarts.co.uk</Email>
      </Author>
      <Author>
        <Name>George</Name>
        <Email>gweasley@hogwarts.co.uk</Email>
      </Author>
    </Authors>
    <name>Book2</name>
  </book>
  <book year="2014" isbn="ISBN83763550019---11">
    <Authors>
      <Author>
        <Name>Fred</Name>
        <Email>fweasley@hogwarts.co.uk</Email>
      </Author>
      <Author>
        <Name>George</Name>
        <Email>gweasley@hogwarts.co.uk</Email>
      </Author>
    </Authors>
    <name>Book1</name>
  </book>
  <book year="2014" isbn="ISBN83763550019---11">
    <Authors>
      <Author>
        <Name>Fred</Name>
        <Email>fweasley@hogwarts.co.uk</Email>
      </Author>
      <Author>
        <Name>George</Name>
        <Email>gweasley@hogwarts.co.uk</Email>
      </Author>
    </Authors>
    <name>Book2</name>
  </book>
  <book year="2014" isbn="ISBN83763550019---11">
    <Authors>
      <Author>
        <Name>Fred</Name>
        <Email>fweasley@hogwarts.co.uk</Email>
      </Author>
      <Author>
        <Name>George</Name>
        <Email>gweasley@hogwarts.co.uk</Email>
      </Author>
    </Authors>
    <name>Book1</name>
  </book>
  <book year="2014" isbn="ISBN83763550019---11">
    <Authors>
      <Author>
        <Name>Fred</Name>
        <Email>fweasley@hogwarts.co.uk</Email>
      </Author>
      <Author>
        <Name>George</Name>
        <Email>gweasley@hogwarts.co.uk</Email>
      </Author>
    </Authors>
    <name>Book2</name>
  </book>
  <book year="2014" isbn="ISBN83763550019---11">
    <Authors>
      <Author>
        <Name>Fred</Name>
        <Email>fweasley@hogwarts.co.uk</Email>
      </Author>
      <Author>
        <Name>George</Name>
        <Email>gweasley@hogwarts.co.uk</Email>
      </Author>
    </Authors>
    <name>Book1</name>
  </book>
  <book year="2014" isbn="ISBN83763550019---11">
    <Authors>
      <Author>
        <Name>Fred</Name>
        <Email>fweasley@hogwarts.co.uk</Email>
      </Author>
      <Author>
        <Name>George</Name>
        <Email>gweasley@hogwarts.co.uk</Email>
      </Author>
    </Authors>
    <name>Book2</name>
  </book>
  <book year="2014" isbn="ISBN83763550019---11">
    <Authors>
      <Author>
        <Name>Fred</Name>
        <Email>fweasley@hogwarts.co.uk</Email>
      </Author>
      <Author>
        <Name>George</Name>
        <Email>gweasley@hogwarts.co.uk</Email>
      </Author>
    </Authors>
    <name>Book1</name>
  </book>
  <book year="2014" isbn="ISBN83763550019---11">
    <Authors>
      <Author>
        <Name>Fred</Name>
        <Email>fweasley@hogwarts.co.uk</Email>
      </Author>
      <Author>
        <Name>George</Name>
        <Email>gweasley@hogwarts.co.uk</Email>
      </Author>
    </Authors>
    <name>Book2</name>
  </book>
  <book year="2014" isbn="ISBN83763550019---11">
    <Authors>
      <Author>
        <Name>Fred</Name>
        <Email>fweasley@hogwarts.co.uk</Email>
      </Author>
      <Author>
        <Name>George</Name>
        <Email>gweasley@hogwarts.co.uk</Email>
      </Author>
    </Authors>
    <name>Book1</name>
  </book>
  <book year="2014" isbn="ISBN83763550019---11">
    <Authors>
      <Author>
        <Name>Fred</Name>
        <Email>fweasley@hogwarts.co.uk</Email>
      </Author>
      <Author>
        <Name>George</Name>
        <Email>gweasley@hogwarts.co.uk</Email>
      </Author>
    </Authors>
    <name>Book2</name>
  </book>
  <book year="2014" isbn="ISBN83763550019---11">
    <Authors>
      <Author>
        <Name>Fred</Name>
        <Email>fweasley@hogwarts.co.uk</Email>
      </Author>
      <Author>
        <Name>George</Name>
        <Email>gweasley@hogwarts.co.uk</Email>
      </Author>
    </Authors>
    <name>Book1</name>
  </book>
  <book year="2014" isbn="ISBN83763550019---11">
    <Authors>
      <Author>
        <Name>Fred</Name>
        <Email>fweasley@hogwarts.co.uk</Email>
      </Author>
      <Author>
        <Name>George</Name>
        <Email>gweasley@hogwarts.co.uk</Email>
      </Author>
    </Authors>
    <name>Book2</name>
  </book>
  <book year="2014" isbn="ISBN83763550019---11">
    <Authors>
      <Author>
        <Name>Fred</Name>
        <Email>fweasley@hogwarts.co.uk</Email>
      </Author>
      <Author>
        <Name>George</Name>
        <Email>gweasley@hogwarts.co.uk</Email>
      </Author>
    </Authors>
    <name>Book1</name>
  </book>
  <book year="2014" isbn="ISBN83763550019---11">
    <Authors>
      <Author>
        <Name>Fred</Name>
        <Email>fweasley@hogwarts.co.uk</Email>
      </Author>
      <Author>
        <Name>George</Name>
        <Email>gweasley@hogwarts.co.uk</Email>
      </Author>
    </Authors>
    <name>Book2</name>
  </book>
  <book year="2014" isbn="ISBN83763550019---11">
    <Authors>
      <Author>
        <Name>Fred</Name>
        <Email>fweasley@hogwarts.co.uk</Email>
      </Author>
      <Author>
        <Name>George</Name>
        <Email>gweasley@hogwarts.co.uk</Email>
      </Author>
    </Authors>
    <name>Book1</name>
  </book>
  <book year="2014" isbn="ISBN83763550019---11">
    <Authors>
      <Author>
        <Name>Fred</Name>
        <Email>fweasley@hogwarts.co.uk</Email>
      </Author>
      <Author>
        <Name>George</Name>
        <Email>gweasley@hogwarts.co.uk</Email>
      </Author>
    </Authors>
    <name>Book2</name>
  </book>
  <book year="2014" isbn="ISBN83763550019---11">
    <Authors>
      <Author>
        <Name>Fred</Name>
        <Email>fweasley@hogwarts.co.uk</Email>
      </Author>
      <Author>
        <Name>George</Name>
        <Email>gweasley@hogwarts.co.uk</Email>
      </Author>
    </Authors>
    <name>Book1</name>
  </book>
  <book year="2014" isbn="ISBN83763550019---11">
    <Authors>
      <Author>
        <Name>Fred</Name>
        <Email>fweasley@hogwarts.co.uk</Email>
      </Author>
      <Author>
        <Name>George</Name>
        <Email>gweasley@hogwarts.co.uk</Email>
      </Author>
    </Authors>
    <name>Book2</name>
  </book>
  <book year="2014" isbn="ISBN83763550019---11">
    <Authors>
      <Author>
        <Name>Fred</Name>
        <Email>fweasley@hogwarts.co.uk</Email>
      </Author>
      <Author>
        <Name>George</Name>
        <Email>gweasley@hogwarts.co.uk</Email>
      </Author>
    </Authors>
    <name>Book1</name>
  </book>
  <book year="2014" isbn="ISBN83763550019---11">
    <Authors>
      <Author>
        <Name>Fred</Name>
        <Email>fweasley@hogwarts.co.uk</Email>
      </Author>
      <Author>
        <Name>George</Name>
        <Email>gweasley@hogwarts.co.uk</Email>
      </Author>
    </Authors>
    <name>Book2</name>
  </book>
  <book year="2014" isbn="ISBN83763550019---11">
    <Authors>
      <Author>
        <Name>Fred</Name>
        <Email>fweasley@hogwarts.co.uk</Email>
      </Author>
      <Author>
        <Name>George</Name>
        <Email>gweasley@hogwarts.co.uk</Email>
      </Author>
    </Authors>
    <name>Book1</name>
  </book>
  <book year="2014" isbn="ISBN83763550019---11">
    <Authors>
      <Author>
        <Name>Fred</Name>
        <Email>fweasley@hogwarts.co.uk</Email>
      </Author>
      <Author>
        <Name>George</Name>
        <Email>gweasley@hogwarts.co.uk</Email>
      </Author>
    </Authors>
    <name>Book2</name>
  </book>
  <book year="2014" isbn="ISBN83763550019---11">
    <Authors>
      <Author>
        <Name>Fred</Name>
        <Email>fweasley@hogwarts.co.uk</Email>
      </Author>
      <Author>
        <Name>George</Name>
        <Email>gweasley@hogwarts.co.uk</Email>
      </Author>
    </Authors>
    <name>Book1</name>
  </book>
  <book year="2014" isbn="ISBN83763550019---11">
    <Authors>
      <Author>
        <Name>Fred</Name>
        <Email>fweasley@hogwarts.co.uk</Email>
      </Author>
      <Author>
        <Name>George</Name>
        <Email>gweasley@hogwarts.co.uk</Email>
      </Author>
    </Authors>
    <name>Book2</name>
  </book>
  <book year="2014" isbn="ISBN83763550019---11">
    <Authors>
      <Author>
        <Name>Fred</Name>
        <Email>fweasley@hogwarts.co.uk</Email>
      </Author>
      <Author>
        <Name>George</Name>
        <Email>gweasley@hogwarts.co.uk</Email>
      </Author>
    </Authors>
    <name>Book1</name>
  </book>
  <book year="2014" isbn="ISBN83763550019---11">
    <Authors>
      <Author>
        <Name>Fred</Name>
        <Email>fweasley@hogwarts.co.uk</Email>
      </Author>
      <Author>
        <Name>George</Name>
        <Email>gweasley@hogwarts.co.uk</Email>
      </Author>
    </Authors>
    <name>Book2</name>
  </book>
  <book year="2014" isbn="ISBN83763550019---11">
    <Authors>
      <Author>
        <Name>Fred</Name>
        <Email>fweasley@hogwarts.co.uk</Email>
      </Author>
      <Author>
        <Name>George</Name>
        <Email>gweasley@hogwarts.co.uk</Email>
      </Author>
    </Authors>
    <name>Book1</name>
  </book>
  <book year="2014" isbn="ISBN83763550019---11">
    <Authors>
      <Author>
        <Name>Fred</Name>
        <Email>fweasley@hogwarts.co.uk</Email>
      </Author>
      <Author>
        <Name>George</Name>
        <Email>gweasley@hogwarts.co.uk</Email>
      </Author>
    </Authors>
    <name>Book2</name>
  </book>
  <book year="2014" isbn="ISBN83763550019---11">
    <Authors>
      <Author>
        <Name>Fred</Name>
        <Email>fweasley@hogwarts.co.uk</Email>
      </Author>
      <Author>
        <Name>George</Name>
        <Email>gweasley@hogwarts.co.uk</Email>
      </Author>
    </Authors>
    <name>Book1</name>
  </book>
  <book year="2014" isbn="ISBN83763550019---11">
    <Authors>
      <Author>
        <Name>Fred</Name>
        <Email>fweasley@hogwarts.co.uk</Email>
      </Author>
      <Author>
        <Name>George</Name>
        <Email>gweasley@hogwarts.co.uk</Email>
      </Author>
    </Authors>
    <name>Book2</name>
  </book>
  <book year="2014" isbn="ISBN83763550019---11">
    <Authors>
      <Author>
        <Name>Fred</Name>
        <Email>fweasley@hogwarts.co.uk</Email>
      </Author>
      <Author>
        <Name>George</Name>
        <Email>gweasley@hogwarts.co.uk</Email>
      </Author>
    </Authors>
    <name>Book1</name>
  </book>
  <book year="2014" isbn="ISBN83763550019---11">
    <Authors>
      <Author>
        <Name>Fred</Name>
        <Email>fweasley@hogwarts.co.uk</Email>
      </Author>
      <Author>
        <Name>George</Name>
        <Email>gweasley@hogwarts.co.uk</Email>
      </Author>
    </Authors>
    <name>Book2</name>
  </book>
  <book year="2014" isbn="ISBN83763550019---11">
    <Authors>
      <Author>
        <Name>Fred</Name>
        <Email>fweasley@hogwarts.co.uk</Email>
      </Author>
      <Author>
        <Name>George</Name>
        <Email>gweasley@hogwarts.co.uk</Email>
      </Author>
    </Authors>
    <name>Book1</name>
  </book>
  <book year="2014" isbn="ISBN83763550019---11">
    <Authors>
      <Author>
        <Name>Fred</Name>
        <Email>fweasley@hogwarts.co.uk</Email>
      </Author>
      <Author>
        <Name>George</Name>
        <Email>gweasley@hogwarts.co.uk</Email>
      </Author>
    </Authors>
    <name>Book2</name>
  </book>
  <book year="2014" isbn="ISBN83763550019---11">
    <Authors>
      <Author>
        <Name>Fred</Name>
        <Email>fweasley@hogwarts.co.uk</Email>
      </Author>
      <Author>
        <Name>George</Name>
        <Email>gweasley@hogwarts.co.uk</Email>
      </Author>
    </Authors>
    <name>Book1</name>
  </book>
  <book year="2014" isbn="ISBN83763550019---11">
    <Authors>
      <Author>
        <Name>Fred</Name>
        <Email>fweasley@hogwarts.co.uk</Email>
      </Author>
      <Author>
        <Name>George</Name>
        <Email>gweasley@hogwarts.co.uk</Email>
      </Author>
    </Authors>
    <name>Book2</name>
  </book>
  <book year="2014" isbn="ISBN83763550019---11">
    <Authors>
      <Author>
        <Name>Fred</Name>
        <Email>fweasley@hogwarts.co.uk</Email>
      </Author>
      <Author>
        <Name>George</Name>
        <Email>gweasley@hogwarts.co.uk</Email>
      </Author>
    </Authors>
    <name>Book1</name>
  </book>
  <book year="2014" isbn="ISBN83763550019---11">
    <Authors>
      <Author>
        <Name>Fred</Name>
        <Email>fweasley@hogwarts.co.uk</Email>
      </Author>
      <Author>
        <Name>George</Name>
        <Email>gweasley@hogwarts.co.uk</Email>
      </Author>
    </Authors>
    <name>Book2</name>
  </book>
  <book year="2014" isbn="ISBN83763550019---11">
    <Authors>
      <Author>
        <Name>Fred</Name>
        <Email>fweasley@hogwarts.co.uk</Email>
      </Author>
      <Author>
        <Name>George</Name>
        <Email>gweasley@hogwarts.co.uk</Email>
      </Author>
    </Authors>
    <name>Book1</name>
  </book>
  <book year="2014" isbn="ISBN83763550019---11">
    <Authors>
      <Author>
        <Name>Fred</Name>
        <Email>fweasley@hogwarts.co.uk</Email>
      </Author>
      <Author>
        <Name>George</Name>
        <Email>gweasley@hogwarts.co.uk</Email>
      </Author>
    </Authors>
    <name>Book2</name>
  </book>
  <book year="2014" isbn="ISBN83763550019---11">
    <Authors>
      <Author>
        <Name>Fred</Name>
        <Email>fweasley@hogwarts.co.uk</Email>
      </Author>
      <Author>
        <Name>George</Name>
        <Email>gweasley@hogwarts.co.uk</Email>
      </Author>
    </Authors>
    <name>Book1</name>
  </book>
  <book year="2014" isbn="ISBN83763550019---11">
    <Authors>
      <Author>
        <Name>Fred</Name>
        <Email>fweasley@hogwarts.co.uk</Email>
      </Author>
      <Author>
        <Name>George</Name>
        <Email>gweasley@hogwarts.co.uk</Email>
      </Author>
    </Authors>
    <name>Book2</name>
  </book>
  <book year="2014" isbn="ISBN83763550019---11">
    <Authors>
      <Author>
        <Name>Fred</Name>
        <Email>fweasley@hogwarts.co.uk</Email>
      </Author>
      <Author>
        <Name>George</Name>
        <Email>gweasley@hogwarts.co.uk</Email>
      </Author>
    </Authors>
    <name>Book1</name>
  </book>
  <book year="2014" isbn="ISBN83763550019---11">
    <Authors>
      <Author>
        <Name>Fred</Name>
        <Email>fweasley@hogwarts.co.uk</Email>
      </Author>
      <Author>
        <Name>George</Name>
        <Email>gweasley@hogwarts.co.uk</Email>
      </Author>
    </Authors>
    <name>Book2</name>
  </book>
  <book year="2014" isbn="ISBN83763550019---11">
    <Authors>
      <Author>
        <Name>Fred</Name>
        <Email>fweasley@hogwarts.co.uk</Email>
      </Author>
      <Author>
        <Name>George</Name>
        <Email>gweasley@hogwarts.co.uk</Email>
      </Author>
    </Authors>
    <name>Book1</name>
  </book>
  <book year="2014" isbn="ISBN83763550019---11">
    <Authors>
      <Author>
        <Name>Fred</Name>
        <Email>fweasley@hogwarts.co.uk</Email>
      </Author>
      <Author>
        <Name>George</Name>
        <Email>gweasley@hogwarts.co.uk</Email>
      </Author>
    </Authors>
    <name>Book2</name>
  </book>
  <book year="2014" isbn="ISBN83763550019---11">
    <Authors>
      <Author>
        <Name>Fred</Name>
        <Email>fweasley@hogwarts.co.uk</Email>
      </Author>
      <Author>
        <Name>George</Name>
        <Email>gweasley@hogwarts.co.uk</Email>
      </Author>
    </Authors>
    <name>Book1</name>
  </book>
  <book year="2014" isbn="ISBN83763550019---11">
    <Authors>
      <Author>
        <Name>Fred</Name>
        <Email>fweasley@hogwarts.co.uk</Email>
      </Author>
      <Author>
        <Name>George</Name>
        <Email>gweasley@hogwarts.co.uk</Email>
      </Author>
    </Authors>
    <name>Book2</name>
  </book>
  <book year="2014" isbn="ISBN83763550019---11">
    <Authors>
      <Author>
        <Name>Fred</Name>
        <Email>fweasley@hogwarts.co.uk</Email>
      </Author>
      <Author>
        <Name>George</Name>
        <Email>gweasley@hogwarts.co.uk</Email>
      </Author>
    </Authors>
    <name>Book1</name>
  </book>
  <book year="2014" isbn="ISBN83763550019---11">
    <Authors>
      <Author>
        <Name>Fred</Name>
        <Email>fweasley@hogwarts.co.uk</Email>
      </Author>
      <Author>
        <Name>George</Name>
        <Email>gweasley@hogwarts.co.uk</Email>
      </Author>
    </Authors>
    <name>Book2</name>
  </book>
  <book year="2014" isbn="ISBN83763550019---11">
    <Authors>
      <Author>
        <Name>Fred</Name>
        <Email>fweasley@hogwarts.co.uk</Email>
      </Author>
      <Author>
        <Name>George</Name>
        <Email>gweasley@hogwarts.co.uk</Email>
      </Author>
    </Authors>
    <name>Book1</name>
  </book>
  <book year="2014" isbn="ISBN83763550019---11">
    <Authors>
      <Author>
        <Name>Fred</Name>
        <Email>fweasley@hogwarts.co.uk</Email>
      </Author>
      <Author>
        <Name>George</Name>
        <Email>gweasley@hogwarts.co.uk</Email>
      </Author>
    </Authors>
    <name>Book2</name>
  </book>
  <book year="2014" isbn="ISBN83763550019---11">
    <Authors>
      <Author>
        <Name>Fred</Name>
        <Email>fweasley@hogwarts.co.uk</Email>
      </Author>
      <Author>
        <Name>George</Name>
        <Email>gweasley@hogwarts.co.uk</Email>
      </Author>
    </Authors>
    <name>Book1</name>
  </book>
  <book year="2014" isbn="ISBN83763550019---11">
    <Authors>
      <Author>
        <Name>Fred</Name>
        <Email>fweasley@hogwarts.co.uk</Email>
      </Author>
      <Author>
        <Name>George</Name>
        <Email>gweasley@hogwarts.co.uk</Email>
      </Author>
    </Authors>
    <name>Book2</name>
  </book>
  <book year="2014" isbn="ISBN83763550019---11">
    <Authors>
      <Author>
        <Name>Fred</Name>
        <Email>fweasley@hogwarts.co.uk</Email>
      </Author>
      <Author>
        <Name>George</Name>
        <Email>gweasley@hogwarts.co.uk</Email>
      </Author>
    </Authors>
    <name>Book1</name>
  </book>
  <book year="2014" isbn="ISBN83763550019---11">
    <Authors>
      <Author>
        <Name>Fred</Name>
        <Email>fweasley@hogwarts.co.uk</Email>
      </Author>
      <Author>
        <Name>George</Name>
        <Email>gweasley@hogwarts.co.uk</Email>
      </Author>
    </Authors>
    <name>Book2</name>
  </book>
  <book year="2014" isbn="ISBN83763550019---11">
    <Authors>
      <Author>
        <Name>Fred</Name>
        <Email>fweasley@hogwarts.co.uk</Email>
      </Author>
      <Author>
        <Name>George</Name>
        <Email>gweasley@hogwarts.co.uk</Email>
      </Author>
    </Authors>
    <name>Book1</name>
  </book>
  <book year="2014" isbn="ISBN83763550019---11">
    <Authors>
      <Author>
        <Name>Fred</Name>
        <Email>fweasley@hogwarts.co.uk</Email>
      </Author>
      <Author>
        <Name>George</Name>
        <Email>gweasley@hogwarts.co.uk</Email>
      </Author>
    </Authors>
    <name>Book2</name>
  </book>
  <book year="2014" isbn="ISBN83763550019---11">
    <Authors>
      <Author>
        <Name>Fred</Name>
        <Email>fweasley@hogwarts.co.uk</Email>
      </Author>
      <Author>
        <Name>George</Name>
        <Email>gweasley@hogwarts.co.uk</Email>
      </Author>
    </Authors>
    <name>Book1</name>
  </book>
  <book year="2014" isbn="ISBN83763550019---11">
    <Authors>
      <Author>
        <Name>Fred</Name>
        <Email>fweasley@hogwarts.co.uk</Email>
      </Author>
      <Author>
        <Name>George</Name>
        <Email>gweasley@hogwarts.co.uk</Email>
      </Author>
    </Authors>
    <name>Book2</name>
  </book>
  <book year="2014" isbn="ISBN83763550019---11">
    <Authors>
      <Author>
        <Name>Fred</Name>
        <Email>fweasley@hogwarts.co.uk</Email>
      </Author>
      <Author>
        <Name>George</Name>
        <Email>gweasley@hogwarts.co.uk</Email>
      </Author>
    </Authors>
    <name>Book1</name>
  </book>
  <book year="2014" isbn="ISBN83763550019---11">
    <Authors>
      <Author>
        <Name>Fred</Name>
        <Email>fweasley@hogwarts.co.uk</Email>
      </Author>
      <Author>
        <Name>George</Name>
        <Email>gweasley@hogwarts.co.uk</Email>
      </Author>
    </Authors>
    <name>Book2</name>
  </book>
  <book year="2014" isbn="ISBN83763550019---11">
    <Authors>
      <Author>
        <Name>Fred</Name>
        <Email>fweasley@hogwarts.co.uk</Email>
      </Author>
      <Author>
        <Name>George</Name>
        <Email>gweasley@hogwarts.co.uk</Email>
      </Author>
    </Authors>
    <name>Book1</name>
  </book>
  <book year="2014" isbn="ISBN83763550019---11">
    <Authors>
      <Author>
        <Name>Fred</Name>
        <Email>fweasley@hogwarts.co.uk</Email>
      </Author>
      <Author>
        <Name>George</Name>
        <Email>gweasley@hogwarts.co.uk</Email>
      </Author>
    </Authors>
    <name>Book2</name>
  </book>
  <book year="2014" isbn="ISBN83763550019---11">
    <Authors>
      <Author>
        <Name>Fred</Name>
        <Email>fweasley@hogwarts.co.uk</Email>
      </Author>
      <Author>
        <Name>George</Name>
        <Email>gweasley@hogwarts.co.uk</Email>
      </Author>
    </Authors>
    <name>Book1</name>
  </book>
  <book year="2014" isbn="ISBN83763550019---11">
    <Authors>
      <Author>
        <Name>Fred</Name>
        <Email>fweasley@hogwarts.co.uk</Email>
      </Author>
      <Author>
        <Name>George</Name>
        <Email>gweasley@hogwarts.co.uk</Email>
      </Author>
    </Authors>
    <name>Book2</name>
  </book>
  <book year="2014" isbn="ISBN83763550019---11">
    <Authors>
      <Author>
        <Name>Fred</Name>
        <Email>fweasley@hogwarts.co.uk</Email>
      </Author>
      <Author>
        <Name>George</Name>
        <Email>gweasley@hogwarts.co.uk</Email>
      </Author>
    </Authors>
    <name>Book1</name>
  </book>
  <book year="2014" isbn="ISBN83763550019---11">
    <Authors>
      <Author>
        <Name>Fred</Name>
        <Email>fweasley@hogwarts.co.uk</Email>
      </Author>
      <Author>
        <Name>George</Name>
        <Email>gweasley@hogwarts.co.uk</Email>
      </Author>
    </Authors>
    <name>Book2</name>
  </book>
  <book year="2014" isbn="ISBN83763550019---11">
    <Authors>
      <Author>
        <Name>Fred</Name>
        <Email>fweasley@hogwarts.co.uk</Email>
      </Author>
      <Author>
        <Name>George</Name>
        <Email>gweasley@hogwarts.co.uk</Email>
      </Author>
    </Authors>
    <name>Book1</name>
  </book>
  <book year="2014" isbn="ISBN83763550019---11">
    <Authors>
      <Author>
        <Name>Fred</Name>
        <Email>fweasley@hogwarts.co.uk</Email>
      </Author>
      <Author>
        <Name>George</Name>
        <Email>gweasley@hogwarts.co.uk</Email>
      </Author>
    </Authors>
    <name>Book2</name>
  </book>
  <book year="2014" isbn="ISBN83763550019---11">
    <Authors>
      <Author>
        <Name>Fred</Name>
        <Email>fweasley@hogwarts.co.uk</Email>
      </Author>
      <Author>
        <Name>George</Name>
        <Email>gweasley@hogwarts.co.uk</Email>
      </Author>
    </Authors>
    <name>Book1</name>
  </book>
  <book year="2014" isbn="ISBN83763550019---11">
    <Authors>
      <Author>
        <Name>Fred</Name>
        <Email>fweasley@hogwarts.co.uk</Email>
      </Author>
      <Author>
        <Name>George</Name>
        <Email>gweasley@hogwarts.co.uk</Email>
      </Author>
    </Authors>
    <name>Book2</name>
  </book>
  <book year="2014" isbn="ISBN83763550019---11">
    <Authors>
      <Author>
        <Name>Fred</Name>
        <Email>fweasley@hogwarts.co.uk</Email>
      </Author>
      <Author>
        <Name>George</Name>
        <Email>gweasley@hogwarts.co.uk</Email>
      </Author>
    </Authors>
    <name>Book1</name>
  </book>
  <book year="2014" isbn="ISBN83763550019---11">
    <Authors>
      <Author>
        <Name>Fred</Name>
        <Email>fweasley@hogwarts.co.uk</Email>
      </Author>
      <Author>
        <Name>George</Name>
        <Email>gweasley@hogwarts.co.uk</Email>
      </Author>
    </Authors>
    <name>Book2</name>
  </book>
  <book year="2014" isbn="ISBN83763550019---11">
    <Authors>
      <Author>
        <Name>Fred</Name>
        <Email>fweasley@hogwarts.co.uk</Email>
      </Author>
      <Author>
        <Name>George</Name>
        <Email>gweasley@hogwarts.co.uk</Email>
      </Author>
    </Authors>
    <name>Book1</name>
  </book>
  <book year="2014" isbn="ISBN83763550019---11">
    <Authors>
      <Author>
        <Name>Fred</Name>
        <Email>fweasley@hogwarts.co.uk</Email>
      </Author>
      <Author>
        <Name>George</Name>
        <Email>gweasley@hogwarts.co.uk</Email>
      </Author>
    </Authors>
    <name>Book2</name>
  </book>
  <book year="2014" isbn="ISBN83763550019---11">
    <Authors>
      <Author>
        <Name>Fred</Name>
        <Email>fweasley@hogwarts.co.uk</Email>
      </Author>
      <Author>
        <Name>George</Name>
        <Email>gweasley@hogwarts.co.uk</Email>
      </Author>
    </Authors>
    <name>Book1</name>
  </book>
  <book year="2014" isbn="ISBN83763550019---11">
    <Authors>
      <Author>
        <Name>Fred</Name>
        <Email>fweasley@hogwarts.co.uk</Email>
      </Author>
      <Author>
        <Name>George</Name>
        <Email>gweasley@hogwarts.co.uk</Email>
      </Author>
    </Authors>
    <name>Book2</name>
  </book>
  <book year="2014" isbn="ISBN83763550019---11">
    <Authors>
      <Author>
        <Name>Fred</Name>
        <Email>fweasley@hogwarts.co.uk</Email>
      </Author>
      <Author>
        <Name>George</Name>
        <Email>gweasley@hogwarts.co.uk</Email>
      </Author>
    </Authors>
    <name>Book1</name>
  </book>
  <book year="2014" isbn="ISBN83763550019---11">
    <Authors>
      <Author>
        <Name>Fred</Name>
        <Email>fweasley@hogwarts.co.uk</Email>
      </Author>
      <Author>
        <Name>George</Name>
        <Email>gweasley@hogwarts.co.uk</Email>
      </Author>
    </Authors>
    <name>Book2</name>
  </book>
  <book year="2014" isbn="ISBN83763550019---11">
    <Authors>
      <Author>
        <Name>Fred</Name>
        <Email>fweasley@hogwarts.co.uk</Email>
      </Author>
      <Author>
        <Name>George</Name>
        <Email>gweasley@hogwarts.co.uk</Email>
      </Author>
    </Authors>
    <name>Book1</name>
  </book>
  <book year="2014" isbn="ISBN83763550019---11">
    <Authors>
      <Author>
        <Name>Fred</Name>
        <Email>fweasley@hogwarts.co.uk</Email>
      </Author>
      <Author>
        <Name>George</Name>
        <Email>gweasley@hogwarts.co.uk</Email>
      </Author>
    </Authors>
    <name>Book2</name>
  </book>
  <book year="2014" isbn="ISBN83763550019---11">
    <Authors>
      <Author>
        <Name>Fred</Name>
        <Email>fweasley@hogwarts.co.uk</Email>
      </Author>
      <Author>
        <Name>George</Name>
        <Email>gweasley@hogwarts.co.uk</Email>
      </Author>
    </Authors>
    <name>Book1</name>
  </book>
  <book year="2014" isbn="ISBN83763550019---11">
    <Authors>
      <Author>
        <Name>Fred</Name>
        <Email>fweasley@hogwarts.co.uk</Email>
      </Author>
      <Author>
        <Name>George</Name>
        <Email>gweasley@hogwarts.co.uk</Email>
      </Author>
    </Authors>
    <name>Book2</name>
  </book>
  <book year="2014" isbn="ISBN83763550019---11">
    <Authors>
      <Author>
        <Name>Fred</Name>
        <Email>fweasley@hogwarts.co.uk</Email>
      </Author>
      <Author>
        <Name>George</Name>
        <Email>gweasley@hogwarts.co.uk</Email>
      </Author>
    </Authors>
    <name>Book1</name>
  </book>
  <book year="2014" isbn="ISBN83763550019---11">
    <Authors>
      <Author>
        <Name>Fred</Name>
        <Email>fweasley@hogwarts.co.uk</Email>
      </Author>
      <Author>
        <Name>George</Name>
        <Email>gweasley@hogwarts.co.uk</Email>
      </Author>
    </Authors>
    <name>Book2</name>
  </book>
  <book year="2014" isbn="ISBN83763550019---11">
    <Authors>
      <Author>
        <Name>Fred</Name>
        <Email>fweasley@hogwarts.co.uk</Email>
      </Author>
      <Author>
        <Name>George</Name>
        <Email>gweasley@hogwarts.co.uk</Email>
      </Author>
    </Authors>
    <name>Book1</name>
  </book>
  <book year="2014" isbn="ISBN83763550019---11">
    <Authors>
      <Author>
        <Name>Fred</Name>
        <Email>fweasley@hogwarts.co.uk</Email>
      </Author>
      <Author>
        <Name>George</Name>
        <Email>gweasley@hogwarts.co.uk</Email>
      </Author>
    </Authors>
    <name>Book2</name>
  </book>
  <book year="2014" isbn="ISBN83763550019---11">
    <Authors>
      <Author>
        <Name>Fred</Name>
        <Email>fweasley@hogwarts.co.uk</Email>
      </Author>
      <Author>
        <Name>George</Name>
        <Email>gweasley@hogwarts.co.uk</Email>
      </Author>
    </Authors>
    <name>Book1</name>
  </book>
  <book year="2014" isbn="ISBN83763550019---11">
    <Authors>
      <Author>
        <Name>Fred</Name>
        <Email>fweasley@hogwarts.co.uk</Email>
      </Author>
      <Author>
        <Name>George</Name>
        <Email>gweasley@hogwarts.co.uk</Email>
      </Author>
    </Authors>
    <name>Book2</name>
  </book>
  <book>
    <Authors>
      <Author>
        <Name>Fred</Name>
        <Email>fweasley@hogwarts.co.uk</Email>
      </Author>
      <Author>
        <Name>George</Name>
        <Email>gweasley@hogwarts.co.uk</Email>
      </Author>
    </Authors>
    <name>Book1</name>
  </book>
  <book>
    <Authors>
      <Author>
        <Name>Fred</Name>
        <Email>fweasley@hogwarts.co.uk</Email>
      </Author>
      <Author>
        <Name>George</Name>
        <Email>gweasley@hogwarts.co.uk</Email>
      </Author>
    </Authors>
    <name>Book1</name>
  </book>
  <book>
    <Authors>
      <Author>
        <Name>Fred</Name>
        <Email>fweasley@hogwarts.co.uk</Email>
      </Author>
      <Author>
        <Name>George</Name>
        <Email>gweasley@hogwarts.co.uk</Email>
      </Author>
    </Authors>
    <name>Book1</name>
  </book>
  <book>
    <Authors>
      <Author>
        <Name>Fred</Name>
        <Email>fweasley@hogwarts.co.uk</Email>
      </Author>
      <Author>
        <Name>George</Name>
        <Email>gweasley@hogwarts.co.uk</Email>
      </Author>
    </Authors>
    <name>Book1</name>
  </book>
  <book>
    <Authors>
      <Author>
        <Name>Fred</Name>
        <Email>fweasley@hogwarts.co.uk</Email>
      </Author>
      <Author>
        <Name>George</Name>
        <Email>gweasley@hogwarts.co.uk</Email>
      </Author>
    </Authors>
    <name>Book1</name>
  </book>
  <book>
    <Authors>
      <Author>
        <Name>Fred</Name>
        <Email>fweasley@hogwarts.co.uk</Email>
      </Author>
      <Author>
        <Name>George</Name>
        <Email>gweasley@hogwarts.co.uk</Email>
      </Author>
    </Authors>
    <name>Book1</name>
  </book>
  <book>
    <Authors>
      <Author>
        <Name>Fred</Name>
        <Email>fweasley@hogwarts.co.uk</Email>
      </Author>
      <Author>
        <Name>George</Name>
        <Email>gweasley@hogwarts.co.uk</Email>
      </Author>
    </Authors>
    <name>Book1</name>
  </book>
  <book>
    <Authors>
      <Author>
        <Name>Fred</Name>
        <Email>fweasley@hogwarts.co.uk</Email>
      </Author>
      <Author>
        <Name>George</Name>
        <Email>gweasley@hogwarts.co.uk</Email>
      </Author>
    </Authors>
    <name>Book1</name>
  </book>
  <book>
    <Authors>
      <Author>
        <Name>Fred</Name>
        <Email>fweasley@hogwarts.co.uk</Email>
      </Author>
      <Author>
        <Name>George</Name>
        <Email>gweasley@hogwarts.co.uk</Email>
      </Author>
    </Authors>
    <name>Book1</name>
  </book>
  <book>
    <Authors>
      <Author>
        <Name>Fred</Name>
        <Email>fweasley@hogwarts.co.uk</Email>
      </Author>
      <Author>
        <Name>George</Name>
        <Email>gweasley@hogwarts.co.uk</Email>
      </Author>
    </Authors>
    <name>Book1</name>
  </book>
  <book>
    <Authors>
      <Author>
        <Name>Fred</Name>
        <Email>fweasley@hogwarts.co.uk</Email>
      </Author>
      <Author>
        <Name>George</Name>
        <Email>gweasley@hogwarts.co.uk</Email>
      </Author>
    </Authors>
    <name>Book1</name>
  </book>
  <book>
    <Authors>
      <Author>
        <Name>Fred</Name>
        <Email>fweasley@hogwarts.co.uk</Email>
      </Author>
      <Author>
        <Name>George</Name>
        <Email>gweasley@hogwarts.co.uk</Email>
      </Author>
    </Authors>
    <name>Book1</name>
  </book>
  <book>
    <Authors>
      <Author>
        <Name>Fred</Name>
        <Email>fweasley@hogwarts.co.uk</Email>
      </Author>
      <Author>
        <Name>George</Name>
        <Email>gweasley@hogwarts.co.uk</Email>
      </Author>
    </Authors>
    <name>Book1</name>
  </book>
  <book>
    <Authors>
      <Author>
        <Name>Fred</Name>
        <Email>fweasley@hogwarts.co.uk</Email>
      </Author>
      <Author>
        <Name>George</Name>
        <Email>gweasley@hogwarts.co.uk</Email>
      </Author>
    </Authors>
    <name>Book1</name>
  </book>
  <book>
    <Authors>
      <Author>
        <Name>Fred</Name>
        <Email>fweasley@hogwarts.co.uk</Email>
      </Author>
      <Author>
        <Name>George</Name>
        <Email>gweasley@hogwarts.co.uk</Email>
      </Author>
    </Authors>
    <name>Book1</name>
  </book>
  <book>
    <Authors>
      <Author>
        <Name>Fred</Name>
        <Email>fweasley@hogwarts.co.uk</Email>
      </Author>
      <Author>
        <Name>George</Name>
        <Email>gweasley@hogwarts.co.uk</Email>
      </Author>
    </Authors>
    <name>Book1</name>
  </book>
  <book>
    <Authors>
      <Author>
        <Name>Fred</Name>
        <Email>fweasley@hogwarts.co.uk</Email>
      </Author>
      <Author>
        <Name>George</Name>
        <Email>gweasley@hogwarts.co.uk</Email>
      </Author>
    </Authors>
    <name>Book1</name>
  </book>
  <book>
    <Authors>
      <Author>
        <Name>Fred</Name>
        <Email>fweasley@hogwarts.co.uk</Email>
      </Author>
      <Author>
        <Name>George</Name>
        <Email>gweasley@hogwarts.co.uk</Email>
      </Author>
    </Authors>
    <name>Book1</name>
  </book>
  <book>
    <Authors>
      <Author>
        <Name>Fred</Name>
        <Email>fweasley@hogwarts.co.uk</Email>
      </Author>
      <Author>
        <Name>George</Name>
        <Email>gweasley@hogwarts.co.uk</Email>
      </Author>
    </Authors>
    <name>Book1</name>
  </book>
  <book>
    <Authors>
      <Author>
        <Name>Fred</Name>
        <Email>fweasley@hogwarts.co.uk</Email>
      </Author>
      <Author>
        <Name>George</Name>
        <Email>gweasley@hogwarts.co.uk</Email>
      </Author>
    </Authors>
    <name>Book1</name>
  </book>
  <book>
    <Authors>
      <Author>
        <Name>Fred</Name>
        <Email>fweasley@hogwarts.co.uk</Email>
      </Author>
      <Author>
        <Name>George</Name>
        <Email>gweasley@hogwarts.co.uk</Email>
      </Author>
    </Authors>
    <name>Book1</name>
  </book>
  <book>
    <Authors>
      <Author>
        <Name>Fred</Name>
        <Email>fweasley@hogwarts.co.uk</Email>
      </Author>
      <Author>
        <Name>George</Name>
        <Email>gweasley@hogwarts.co.uk</Email>
      </Author>
    </Authors>
    <name>Book1</name>
  </book>
  <book>
    <Authors>
      <Author>
        <Name>Fred</Name>
        <Email>fweasley@hogwarts.co.uk</Email>
      </Author>
      <Author>
        <Name>George</Name>
        <Email>gweasley@hogwarts.co.uk</Email>
      </Author>
    </Authors>
    <name>Book1</name>
  </book>
  <book>
    <Authors>
      <Author>
        <Name>Fred</Name>
        <Email>fweasley@hogwarts.co.uk</Email>
      </Author>
      <Author>
        <Name>George</Name>
        <Email>gweasley@hogwarts.co.uk</Email>
      </Author>
    </Authors>
    <name>Book1</name>
  </book>
  <book>
    <Authors>
      <Author>
        <Name>Fred</Name>
        <Email>fweasley@hogwarts.co.uk</Email>
      </Author>
      <Author>
        <Name>George</Name>
        <Email>gweasley@hogwarts.co.uk</Email>
      </Author>
    </Authors>
    <name>Book1</name>
  </book>
  <book>
    <Authors>
      <Author>
        <Name>Fred</Name>
        <Email>fweasley@hogwarts.co.uk</Email>
      </Author>
      <Author>
        <Name>George</Name>
        <Email>gweasley@hogwarts.co.uk</Email>
      </Author>
    </Authors>
    <name>Book1</name>
  </book>
  <book>
    <Authors>
      <Author>
        <Name>Fred</Name>
        <Email>fweasley@hogwarts.co.uk</Email>
      </Author>
      <Author>
        <Name>George</Name>
        <Email>gweasley@hogwarts.co.uk</Email>
      </Author>
    </Authors>
    <name>Book1</name>
  </book>
  <book>
    <Authors>
      <Author>
        <Name>Fred</Name>
        <Email>fweasley@hogwarts.co.uk</Email>
      </Author>
      <Author>
        <Name>George</Name>
        <Email>gweasley@hogwarts.co.uk</Email>
      </Author>
    </Authors>
    <name>Book1</name>
  </book>
  <book>
    <Authors>
      <Author>
        <Name>Fred</Name>
        <Email>fweasley@hogwarts.co.uk</Email>
      </Author>
      <Author>
        <Name>George</Name>
        <Email>gweasley@hogwarts.co.uk</Email>
      </Author>
    </Authors>
    <name>Book1</name>
  </book>
  <book>
    <Authors>
      <Author>
        <Name>Fred</Name>
        <Email>fweasley@hogwarts.co.uk</Email>
      </Author>
      <Author>
        <Name>George</Name>
        <Email>gweasley@hogwarts.co.uk</Email>
      </Author>
    </Authors>
    <name>Book1</name>
  </book>
  <book>
    <Authors>
      <Author>
        <Name>Fred</Name>
        <Email>fweasley@hogwarts.co.uk</Email>
      </Author>
      <Author>
        <Name>George</Name>
        <Email>gweasley@hogwarts.co.uk</Email>
      </Author>
    </Authors>
    <name>Book1</name>
  </book>
  <book>
    <Authors>
      <Author>
        <Name>Fred</Name>
        <Email>fweasley@hogwarts.co.uk</Email>
      </Author>
      <Author>
        <Name>George</Name>
        <Email>gweasley@hogwarts.co.uk</Email>
      </Author>
    </Authors>
    <name>Book1</name>
  </book>
  <book>
    <Authors>
      <Author>
        <Name>Fred</Name>
        <Email>fweasley@hogwarts.co.uk</Email>
      </Author>
      <Author>
        <Name>George</Name>
        <Email>gweasley@hogwarts.co.uk</Email>
      </Author>
    </Authors>
    <name>Book1</name>
  </book>
  <book>
    <Authors>
      <Author>
        <Name>Fred</Name>
        <Email>fweasley@hogwarts.co.uk</Email>
      </Author>
      <Author>
        <Name>George</Name>
        <Email>gweasley@hogwarts.co.uk</Email>
      </Author>
    </Authors>
    <name>Book1</name>
  </book>
  <book>
    <Authors>
      <Author>
        <Name>Fred</Name>
        <Email>fweasley@hogwarts.co.uk</Email>
      </Author>
      <Author>
        <Name>George</Name>
        <Email>gweasley@hogwarts.co.uk</Email>
      </Author>
    </Authors>
    <name>Book1</name>
  </book>
  <book>
    <Authors>
      <Author>
        <Name>Fred</Name>
        <Email>fweasley@hogwarts.co.uk</Email>
      </Author>
      <Author>
        <Name>George</Name>
        <Email>gweasley@hogwarts.co.uk</Email>
      </Author>
    </Authors>
    <name>Book1</name>
  </book>
  <book>
    <Authors>
      <Author>
        <Name>Fred</Name>
        <Email>fweasley@hogwarts.co.uk</Email>
      </Author>
      <Author>
        <Name>George</Name>
        <Email>gweasley@hogwarts.co.uk</Email>
      </Author>
    </Authors>
    <name>Book1</name>
  </book>
  <book>
    <Authors>
      <Author>
        <Name>Fred</Name>
        <Email>fweasley@hogwarts.co.uk</Email>
      </Author>
      <Author>
        <Name>George</Name>
        <Email>gweasley@hogwarts.co.uk</Email>
      </Author>
    </Authors>
    <name>Book1</name>
  </book>
  <book>
    <Authors>
      <Author>
        <Name>Fred</Name>
        <Email>fweasley@hogwarts.co.uk</Email>
      </Author>
      <Author>
        <Name>George</Name>
        <Email>gweasley@hogwarts.co.uk</Email>
      </Author>
    </Authors>
    <name>Book1</name>
  </book>
  <book>
    <Authors>
      <Author>
        <Name>Fred</Name>
        <Email>fweasley@hogwarts.co.uk</Email>
      </Author>
      <Author>
        <Name>George</Name>
        <Email>gweasley@hogwarts.co.uk</Email>
      </Author>
    </Authors>
    <name>Book1</name>
  </book>
  <book>
    <Authors>
      <Author>
        <Name>Fred</Name>
        <Email>fweasley@hogwarts.co.uk</Email>
      </Author>
      <Author>
        <Name>George</Name>
        <Email>gweasley@hogwarts.co.uk</Email>
      </Author>
    </Authors>
    <name>Book1</name>
  </book>
  <book>
    <Authors>
      <Author>
        <Name>Fred</Name>
        <Email>fweasley@hogwarts.co.uk</Email>
      </Author>
      <Author>
        <Name>George</Name>
        <Email>gweasley@hogwarts.co.uk</Email>
      </Author>
    </Authors>
    <name>Book1</name>
  </book>
  <book>
    <Authors>
      <Author>
        <Name>Fred</Name>
        <Email>fweasley@hogwarts.co.uk</Email>
      </Author>
      <Author>
        <Name>George</Name>
        <Email>gweasley@hogwarts.co.uk</Email>
      </Author>
    </Authors>
    <name>Book1</name>
  </book>
  <book>
    <Authors>
      <Author>
        <Name>Fred</Name>
        <Email>fweasley@hogwarts.co.uk</Email>
      </Author>
      <Author>
        <Name>George</Name>
        <Email>gweasley@hogwarts.co.uk</Email>
      </Author>
    </Authors>
    <name>Book1</name>
  </book>
  <book>
    <Authors>
      <Author>
        <Name>Fred</Name>
        <Email>fweasley@hogwarts.co.uk</Email>
      </Author>
      <Author>
        <Name>George</Name>
        <Email>gweasley@hogwarts.co.uk</Email>
      </Author>
    </Authors>
    <name>Book1</name>
  </book>
  <book>
    <Authors>
      <Author>
        <Name>Fred</Name>
        <Email>fweasley@hogwarts.co.uk</Email>
      </Author>
      <Author>
        <Name>George</Name>
        <Email>gweasley@hogwarts.co.uk</Email>
      </Author>
    </Authors>
    <name>Book1</name>
  </book>
  <book>
    <Authors>
      <Author>
        <Name>Fred</Name>
        <Email>fweasley@hogwarts.co.uk</Email>
      </Author>
      <Author>
        <Name>George</Name>
        <Email>gweasley@hogwarts.co.uk</Email>
      </Author>
    </Authors>
    <name>Book1</name>
  </book>
  <book>
    <Authors>
      <Author>
        <Name>Fred</Name>
        <Email>fweasley@hogwarts.co.uk</Email>
      </Author>
      <Author>
        <Name>George</Name>
        <Email>gweasley@hogwarts.co.uk</Email>
      </Author>
    </Authors>
    <name>Book1</name>
  </book>
  <book>
    <Authors>
      <Author>
        <Name>Fred</Name>
        <Email>fweasley@hogwarts.co.uk</Email>
      </Author>
      <Author>
        <Name>George</Name>
        <Email>gweasley@hogwarts.co.uk</Email>
      </Author>
    </Authors>
    <name>Book1</name>
  </book>
  <book>
    <Authors>
      <Author>
        <Name>Fred</Name>
        <Email>fweasley@hogwarts.co.uk</Email>
      </Author>
      <Author>
        <Name>George</Name>
        <Email>gweasley@hogwarts.co.uk</Email>
      </Author>
    </Authors>
    <name>Book1</name>
  </book>
  <book>
    <Authors>
      <Author>
        <Name>Fred</Name>
        <Email>fweasley@hogwarts.co.uk</Email>
      </Author>
      <Author>
        <Name>George</Name>
        <Email>gweasley@hogwarts.co.uk</Email>
      </Author>
    </Authors>
    <name>Book1</name>
  </book>
  <book>
    <Authors>
      <Author>
        <Name>Fred</Name>
        <Email>fweasley@hogwarts.co.uk</Email>
      </Author>
      <Author>
        <Name>George</Name>
        <Email>gweasley@hogwarts.co.uk</Email>
      </Author>
    </Authors>
    <name>Book1</name>
  </book>
  <book>
    <Authors>
      <Author>
        <Name>Fred</Name>
        <Email>fweasley@hogwarts.co.uk</Email>
      </Author>
      <Author>
        <Name>George</Name>
        <Email>gweasley@hogwarts.co.uk</Email>
      </Author>
    </Authors>
    <name>Book1</name>
  </book>
  <book>
    <Authors>
      <Author>
        <Name>Fred</Name>
        <Email>fweasley@hogwarts.co.uk</Email>
      </Author>
      <Author>
        <Name>George</Name>
        <Email>gweasley@hogwarts.co.uk</Email>
      </Author>
    </Authors>
    <name>Book1</name>
  </book>
  <book>
    <Authors>
      <Author>
        <Name>Fred</Name>
        <Email>fweasley@hogwarts.co.uk</Email>
      </Author>
      <Author>
        <Name>George</Name>
        <Email>gweasley@hogwarts.co.uk</Email>
      </Author>
    </Authors>
    <name>Book1</name>
  </book>
  <book>
    <Authors>
      <Author>
        <Name>Fred</Name>
        <Email>fweasley@hogwarts.co.uk</Email>
      </Author>
      <Author>
        <Name>George</Name>
        <Email>gweasley@hogwarts.co.uk</Email>
      </Author>
    </Authors>
    <name>Book1</name>
  </book>
  <book>
    <Authors>
      <Author>
        <Name>Fred</Name>
        <Email>fweasley@hogwarts.co.uk</Email>
      </Author>
      <Author>
        <Name>George</Name>
        <Email>gweasley@hogwarts.co.uk</Email>
      </Author>
    </Authors>
    <name>Book1</name>
  </book>
  <book>
    <Authors>
      <Author>
        <Name>Fred</Name>
        <Email>fweasley@hogwarts.co.uk</Email>
      </Author>
      <Author>
        <Name>George</Name>
        <Email>gweasley@hogwarts.co.uk</Email>
      </Author>
    </Authors>
    <name>Book1</name>
  </book>
  <book>
    <Authors>
      <Author>
        <Name>Fred</Name>
        <Email>fweasley@hogwarts.co.uk</Email>
      </Author>
      <Author>
        <Name>George</Name>
        <Email>gweasley@hogwarts.co.uk</Email>
      </Author>
    </Authors>
    <name>Book1</name>
  </book>
  <book>
    <Authors>
      <Author>
        <Name>Fred</Name>
        <Email>fweasley@hogwarts.co.uk</Email>
      </Author>
      <Author>
        <Name>George</Name>
        <Email>gweasley@hogwarts.co.uk</Email>
      </Author>
    </Authors>
    <name>Book1</name>
  </book>
  <book>
    <Authors>
      <Author>
        <Name>Fred</Name>
        <Email>fweasley@hogwarts.co.uk</Email>
      </Author>
      <Author>
        <Name>George</Name>
        <Email>gweasley@hogwarts.co.uk</Email>
      </Author>
    </Authors>
    <name>Book1</name>
  </book>
  <book>
    <Authors>
      <Author>
        <Name>Fred</Name>
        <Email>fweasley@hogwarts.co.uk</Email>
      </Author>
      <Author>
        <Name>George</Name>
        <Email>gweasley@hogwarts.co.uk</Email>
      </Author>
    </Authors>
    <name>Book1</name>
  </book>
  <book>
    <Authors>
      <Author>
        <Name>Fred</Name>
        <Email>fweasley@hogwarts.co.uk</Email>
      </Author>
      <Author>
        <Name>George</Name>
        <Email>gweasley@hogwarts.co.uk</Email>
      </Author>
    </Authors>
    <name>Book1</name>
  </book>
  <book>
    <Authors>
      <Author>
        <Name>Fred</Name>
        <Email>fweasley@hogwarts.co.uk</Email>
      </Author>
      <Author>
        <Name>George</Name>
        <Email>gweasley@hogwarts.co.uk</Email>
      </Author>
    </Authors>
    <name>Book1</name>
  </book>
  <book>
    <Authors>
      <Author>
        <Name>Fred</Name>
        <Email>fweasley@hogwarts.co.uk</Email>
      </Author>
      <Author>
        <Name>George</Name>
        <Email>gweasley@hogwarts.co.uk</Email>
      </Author>
    </Authors>
    <name>Book1</name>
  </book>
  <book>
    <Authors>
      <Author>
        <Name>Fred</Name>
        <Email>fweasley@hogwarts.co.uk</Email>
      </Author>
      <Author>
        <Name>George</Name>
        <Email>gweasley@hogwarts.co.uk</Email>
      </Author>
    </Authors>
    <name>Book1</name>
  </book>
  <book>
    <Authors>
      <Author>
        <Name>Fred</Name>
        <Email>fweasley@hogwarts.co.uk</Email>
      </Author>
      <Author>
        <Name>George</Name>
        <Email>gweasley@hogwarts.co.uk</Email>
      </Author>
    </Authors>
    <name>Book1</name>
  </book>
  <book>
    <Authors>
      <Author>
        <Name>Fred</Name>
        <Email>fweasley@hogwarts.co.uk</Email>
      </Author>
      <Author>
        <Name>George</Name>
        <Email>gweasley@hogwarts.co.uk</Email>
      </Author>
    </Authors>
    <name>Book1</name>
  </book>
  <book>
    <Authors>
      <Author>
        <Name>Fred</Name>
        <Email>fweasley@hogwarts.co.uk</Email>
      </Author>
      <Author>
        <Name>George</Name>
        <Email>gweasley@hogwarts.co.uk</Email>
      </Author>
    </Authors>
    <name>Book1</name>
  </book>
  <book>
    <Authors>
      <Author>
        <Name>Fred</Name>
        <Email>fweasley@hogwarts.co.uk</Email>
      </Author>
      <Author>
        <Name>George</Name>
        <Email>gweasley@hogwarts.co.uk</Email>
      </Author>
    </Authors>
    <name>Book1</name>
  </book>
  <book>
    <Authors>
      <Author>
        <Name>Fred</Name>
        <Email>fweasley@hogwarts.co.uk</Email>
      </Author>
      <Author>
        <Name>George</Name>
        <Email>gweasley@hogwarts.co.uk</Email>
      </Author>
    </Authors>
    <name>Book1</name>
  </book>
  <book>
    <Authors>
      <Author>
        <Name>Fred</Name>
        <Email>fweasley@hogwarts.co.uk</Email>
      </Author>
      <Author>
        <Name>George</Name>
        <Email>gweasley@hogwarts.co.uk</Email>
      </Author>
    </Authors>
    <name>Book1</name>
  </book>
  <book>
    <Authors>
      <Author>
        <Name>Fred</Name>
        <Email>fweasley@hogwarts.co.uk</Email>
      </Author>
      <Author>
        <Name>George</Name>
        <Email>gweasley@hogwarts.co.uk</Email>
      </Author>
    </Authors>
    <name>Book1</name>
  </book>
  <book>
    <Authors>
      <Author>
        <Name>Fred</Name>
        <Email>fweasley@hogwarts.co.uk</Email>
      </Author>
      <Author>
        <Name>George</Name>
        <Email>gweasley@hogwarts.co.uk</Email>
      </Author>
    </Authors>
    <name>Book1</name>
  </book>
  <book>
    <Authors>
      <Author>
        <Name>Fred</Name>
        <Email>fweasley@hogwarts.co.uk</Email>
      </Author>
      <Author>
        <Name>George</Name>
        <Email>gweasley@hogwarts.co.uk</Email>
      </Author>
    </Authors>
    <name>Book1</name>
  </book>
  <book>
    <Authors>
      <Author>
        <Name>Fred</Name>
        <Email>fweasley@hogwarts.co.uk</Email>
      </Author>
      <Author>
        <Name>George</Name>
        <Email>gweasley@hogwarts.co.uk</Email>
      </Author>
    </Authors>
    <name>Book1</name>
  </book>
  <book>
    <Authors>
      <Author>
        <Name>Fred</Name>
        <Email>fweasley@hogwarts.co.uk</Email>
      </Author>
      <Author>
        <Name>George</Name>
        <Email>gweasley@hogwarts.co.uk</Email>
      </Author>
    </Authors>
    <name>Book1</name>
  </book>
  <book>
    <Authors>
      <Author>
        <Name>Fred</Name>
        <Email>fweasley@hogwarts.co.uk</Email>
      </Author>
      <Author>
        <Name>George</Name>
        <Email>gweasley@hogwarts.co.uk</Email>
      </Author>
    </Authors>
    <name>Book1</name>
  </book>
  <book>
    <Authors>
      <Author>
        <Name>Fred</Name>
        <Email>fweasley@hogwarts.co.uk</Email>
      </Author>
      <Author>
        <Name>George</Name>
        <Email>gweasley@hogwarts.co.uk</Email>
      </Author>
    </Authors>
    <name>Book1</name>
  </book>
  <book>
    <Authors>
      <Author>
        <Name>Fred</Name>
        <Email>fweasley@hogwarts.co.uk</Email>
      </Author>
      <Author>
        <Name>George</Name>
        <Email>gweasley@hogwarts.co.uk</Email>
      </Author>
    </Authors>
    <name>Book1</name>
  </book>
  <book>
    <Authors>
      <Author>
        <Name>Fred</Name>
        <Email>fweasley@hogwarts.co.uk</Email>
      </Author>
      <Author>
        <Name>George</Name>
        <Email>gweasley@hogwarts.co.uk</Email>
      </Author>
    </Authors>
    <name>Book1</name>
  </book>
  <book>
    <Authors>
      <Author>
        <Name>Fred</Name>
        <Email>fweasley@hogwarts.co.uk</Email>
      </Author>
      <Author>
        <Name>George</Name>
        <Email>gweasley@hogwarts.co.uk</Email>
      </Author>
    </Authors>
    <name>Book1</name>
  </book>
  <book>
    <Authors>
      <Author>
        <Name>Fred</Name>
        <Email>fweasley@hogwarts.co.uk</Email>
      </Author>
      <Author>
        <Name>George</Name>
        <Email>gweasley@hogwarts.co.uk</Email>
      </Author>
    </Authors>
    <name>Book1</name>
  </book>
  <book>
    <Authors>
      <Author>
        <Name>Fred</Name>
        <Email>fweasley@hogwarts.co.uk</Email>
      </Author>
      <Author>
        <Name>George</Name>
        <Email>gweasley@hogwarts.co.uk</Email>
      </Author>
    </Authors>
    <name>Book1</name>
  </book>
  <book>
    <Authors>
      <Author>
        <Name>Fred</Name>
        <Email>fweasley@hogwarts.co.uk</Email>
      </Author>
      <Author>
        <Name>George</Name>
        <Email>gweasley@hogwarts.co.uk</Email>
      </Author>
    </Authors>
    <name>Book1</name>
  </book>
  <book>
    <Authors>
      <Author>
        <Name>Fred</Name>
        <Email>fweasley@hogwarts.co.uk</Email>
      </Author>
      <Author>
        <Name>George</Name>
        <Email>gweasley@hogwarts.co.uk</Email>
      </Author>
    </Authors>
    <name>Book1</name>
  </book>
  <book>
    <Authors>
      <Author>
        <Name>Fred</Name>
        <Email>fweasley@hogwarts.co.uk</Email>
      </Author>
      <Author>
        <Name>George</Name>
        <Email>gweasley@hogwarts.co.uk</Email>
      </Author>
    </Authors>
    <name>Book1</name>
  </book>
  <book>
    <Authors>
      <Author>
        <Name>Fred</Name>
        <Email>fweasley@hogwarts.co.uk</Email>
      </Author>
      <Author>
        <Name>George</Name>
        <Email>gweasley@hogwarts.co.uk</Email>
      </Author>
    </Authors>
    <name>Book1</name>
  </book>
  <book>
    <Authors>
      <Author>
        <Name>Fred</Name>
        <Email>fweasley@hogwarts.co.uk</Email>
      </Author>
      <Author>
        <Name>George</Name>
        <Email>gweasley@hogwarts.co.uk</Email>
      </Author>
    </Authors>
    <name>Book1</name>
  </book>
  <book>
    <Authors>
      <Author>
        <Name>Fred</Name>
        <Email>fweasley@hogwarts.co.uk</Email>
      </Author>
      <Author>
        <Name>George</Name>
        <Email>gweasley@hogwarts.co.uk</Email>
      </Author>
    </Authors>
    <name>Book1</name>
  </book>
  <book>
    <Authors>
      <Author>
        <Name>Fred</Name>
        <Email>fweasley@hogwarts.co.uk</Email>
      </Author>
      <Author>
        <Name>George</Name>
        <Email>gweasley@hogwarts.co.uk</Email>
      </Author>
    </Authors>
    <name>Book1</name>
  </book>
  <book>
    <Authors>
      <Author>
        <Name>Fred</Name>
        <Email>fweasley@hogwarts.co.uk</Email>
      </Author>
      <Author>
        <Name>George</Name>
        <Email>gweasley@hogwarts.co.uk</Email>
      </Author>
    </Authors>
    <name>Book1</name>
  </book>
  <book>
    <Authors>
      <Author>
        <Name>Fred</Name>
        <Email>fweasley@hogwarts.co.uk</Email>
      </Author>
      <Author>
        <Name>George</Name>
        <Email>gweasley@hogwarts.co.uk</Email>
      </Author>
    </Authors>
    <name>Book1</name>
  </book>
  <book>
    <Authors>
      <Author>
        <Name>Fred</Name>
        <Email>fweasley@hogwarts.co.uk</Email>
      </Author>
      <Author>
        <Name>George</Name>
        <Email>gweasley@hogwarts.co.uk</Email>
      </Author>
    </Authors>
    <name>Book1</name>
  </book>
  <book>
    <Authors>
      <Author>
        <Name>Fred</Name>
        <Email>fweasley@hogwarts.co.uk</Email>
      </Author>
      <Author>
        <Name>George</Name>
        <Email>gweasley@hogwarts.co.uk</Email>
      </Author>
    </Authors>
    <name>Book1</name>
  </book>
  <book>
    <Authors>
      <Author>
        <Name>Fred</Name>
        <Email>fweasley@hogwarts.co.uk</Email>
      </Author>
      <Author>
        <Name>George</Name>
        <Email>gweasley@hogwarts.co.uk</Email>
      </Author>
    </Authors>
    <name>Book1</name>
  </book>
  <book>
    <Authors>
      <Author>
        <Name>Fred</Name>
        <Email>fweasley@hogwarts.co.uk</Email>
      </Author>
      <Author>
        <Name>George</Name>
        <Email>gweasley@hogwarts.co.uk</Email>
      </Author>
    </Authors>
    <name>Book1</name>
  </book>
  <book>
    <Authors>
      <Author>
        <Name>Fred</Name>
        <Email>fweasley@hogwarts.co.uk</Email>
      </Author>
      <Author>
        <Name>George</Name>
        <Email>gweasley@hogwarts.co.uk</Email>
      </Author>
    </Authors>
    <name>Book1</name>
  </book>
  <book>
    <Authors>
      <Author>
        <Name>Fred</Name>
        <Email>fweasley@hogwarts.co.uk</Email>
      </Author>
      <Author>
        <Name>George</Name>
        <Email>gweasley@hogwarts.co.uk</Email>
      </Author>
    </Authors>
    <name>Book1</name>
  </book>
  <book>
    <Authors>
      <Author>
        <Name>Fred</Name>
        <Email>fweasley@hogwarts.co.uk</Email>
      </Author>
      <Author>
        <Name>George</Name>
        <Email>gweasley@hogwarts.co.uk</Email>
      </Author>
    </Authors>
    <name>Book1</name>
  </book>
  <book>
    <Authors>
      <Author>
        <Name>Fred</Name>
        <Email>fweasley@hogwarts.co.uk</Email>
      </Author>
      <Author>
        <Name>George</Name>
        <Email>gweasley@hogwarts.co.uk</Email>
      </Author>
    </Authors>
    <name>Book1</name>
  </book>
  <book>
    <Authors>
      <Author>
        <Name>Fred</Name>
        <Email>fweasley@hogwarts.co.uk</Email>
      </Author>
      <Author>
        <Name>George</Name>
        <Email>gweasley@hogwarts.co.uk</Email>
      </Author>
    </Authors>
    <name>Book1</name>
  </book>
  <book>
    <Authors>
      <Author>
        <Name>Fred</Name>
        <Email>fweasley@hogwarts.co.uk</Email>
      </Author>
      <Author>
        <Name>George</Name>
        <Email>gweasley@hogwarts.co.uk</Email>
      </Author>
    </Authors>
    <name>Book1</name>
  </book>
  <book>
    <Authors>
      <Author>
        <Name>Fred</Name>
        <Email>fweasley@hogwarts.co.uk</Email>
      </Author>
      <Author>
        <Name>George</Name>
        <Email>gweasley@hogwarts.co.uk</Email>
      </Author>
    </Authors>
    <name>Book1</name>
  </book>
  <book>
    <Authors>
      <Author>
        <Name>Fred</Name>
        <Email>fweasley@hogwarts.co.uk</Email>
      </Author>
      <Author>
        <Name>George</Name>
        <Email>gweasley@hogwarts.co.uk</Email>
      </Author>
    </Authors>
    <name>Book1</name>
  </book>
  <book>
    <Authors>
      <Author>
        <Name>Fred</Name>
        <Email>fweasley@hogwarts.co.uk</Email>
      </Author>
      <Author>
        <Name>George</Name>
        <Email>gweasley@hogwarts.co.uk</Email>
      </Author>
    </Authors>
    <name>Book1</name>
  </book>
  <book>
    <Authors>
      <Author>
        <Name>Fred</Name>
        <Email>fweasley@hogwarts.co.uk</Email>
      </Author>
      <Author>
        <Name>George</Name>
        <Email>gweasley@hogwarts.co.uk</Email>
      </Author>
    </Authors>
    <name>Book1</name>
  </book>
  <book>
    <Authors>
      <Author>
        <Name>Fred</Name>
        <Email>fweasley@hogwarts.co.uk</Email>
      </Author>
      <Author>
        <Name>George</Name>
        <Email>gweasley@hogwarts.co.uk</Email>
      </Author>
    </Authors>
    <name>Book1</name>
  </book>
  <book>
    <Authors>
      <Author>
        <Name>Fred</Name>
        <Email>fweasley@hogwarts.co.uk</Email>
      </Author>
      <Author>
        <Name>George</Name>
        <Email>gweasley@hogwarts.co.uk</Email>
      </Author>
    </Authors>
    <name>Book1</name>
  </book>
  <book>
    <Authors>
      <Author>
        <Name>Fred</Name>
        <Email>fweasley@hogwarts.co.uk</Email>
      </Author>
      <Author>
        <Name>George</Name>
        <Email>gweasley@hogwarts.co.uk</Email>
      </Author>
    </Authors>
    <name>Book1</name>
  </book>
  <book>
    <Authors>
      <Author>
        <Name>Fred</Name>
        <Email>fweasley@hogwarts.co.uk</Email>
      </Author>
      <Author>
        <Name>George</Name>
        <Email>gweasley@hogwarts.co.uk</Email>
      </Author>
    </Authors>
    <name>Book1</name>
  </book>
  <book>
    <Authors>
      <Author>
        <Name>Fred</Name>
        <Email>fweasley@hogwarts.co.uk</Email>
      </Author>
      <Author>
        <Name>George</Name>
        <Email>gweasley@hogwarts.co.uk</Email>
      </Author>
    </Authors>
    <name>Book1</name>
  </book>
  <book>
    <Authors>
      <Author>
        <Name>Fred</Name>
        <Email>fweasley@hogwarts.co.uk</Email>
      </Author>
      <Author>
        <Name>George</Name>
        <Email>gweasley@hogwarts.co.uk</Email>
      </Author>
    </Authors>
    <name>Book1</name>
  </book>
  <book>
    <Authors>
      <Author>
        <Name>Fred</Name>
        <Email>fweasley@hogwarts.co.uk</Email>
      </Author>
      <Author>
        <Name>George</Name>
        <Email>gweasley@hogwarts.co.uk</Email>
      </Author>
    </Authors>
    <name>Book1</name>
  </book>
  <book>
    <Authors>
      <Author>
        <Name>Fred</Name>
        <Email>fweasley@hogwarts.co.uk</Email>
      </Author>
      <Author>
        <Name>George</Name>
        <Email>gweasley@hogwarts.co.uk</Email>
      </Author>
    </Authors>
    <name>Book1</name>
  </book>
  <book>
    <Authors>
      <Author>
        <Name>Fred</Name>
        <Email>fweasley@hogwarts.co.uk</Email>
      </Author>
      <Author>
        <Name>George</Name>
        <Email>gweasley@hogwarts.co.uk</Email>
      </Author>
    </Authors>
    <name>Book1</name>
  </book>
  <book>
    <Authors>
      <Author>
        <Name>Fred</Name>
        <Email>fweasley@hogwarts.co.uk</Email>
      </Author>
      <Author>
        <Name>George</Name>
        <Email>gweasley@hogwarts.co.uk</Email>
      </Author>
    </Authors>
    <name>Book1</name>
  </book>
  <book>
    <Authors>
      <Author>
        <Name>Fred</Name>
        <Email>fweasley@hogwarts.co.uk</Email>
      </Author>
      <Author>
        <Name>George</Name>
        <Email>gweasley@hogwarts.co.uk</Email>
      </Author>
    </Authors>
    <name>Book1</name>
  </book>
  <book>
    <Authors>
      <Author>
        <Name>Fred</Name>
        <Email>fweasley@hogwarts.co.uk</Email>
      </Author>
      <Author>
        <Name>George</Name>
        <Email>gweasley@hogwarts.co.uk</Email>
      </Author>
    </Authors>
    <name>Book1</name>
  </book>
  <book>
    <Authors>
      <Author>
        <Name>Fred</Name>
        <Email>fweasley@hogwarts.co.uk</Email>
      </Author>
      <Author>
        <Name>George</Name>
        <Email>gweasley@hogwarts.co.uk</Email>
      </Author>
    </Authors>
    <name>Book1</name>
  </book>
  <book>
    <Authors>
      <Author>
        <Name>Fred</Name>
        <Email>fweasley@hogwarts.co.uk</Email>
      </Author>
      <Author>
        <Name>George</Name>
        <Email>gweasley@hogwarts.co.uk</Email>
      </Author>
    </Authors>
    <name>Book1</name>
  </book>
  <book>
    <Authors>
      <Author>
        <Name>Fred</Name>
        <Email>fweasley@hogwarts.co.uk</Email>
      </Author>
      <Author>
        <Name>George</Name>
        <Email>gweasley@hogwarts.co.uk</Email>
      </Author>
    </Authors>
    <name>Book1</name>
  </book>
  <book>
    <Authors>
      <Author>
        <Name>Fred</Name>
        <Email>fweasley@hogwarts.co.uk</Email>
      </Author>
      <Author>
        <Name>George</Name>
        <Email>gweasley@hogwarts.co.uk</Email>
      </Author>
    </Authors>
    <name>Book1</name>
  </book>
  <book>
    <Authors>
      <Author>
        <Name>Fred</Name>
        <Email>fweasley@hogwarts.co.uk</Email>
      </Author>
      <Author>
        <Name>George</Name>
        <Email>gweasley@hogwarts.co.uk</Email>
      </Author>
    </Authors>
    <name>Book1</name>
  </book>
  <book>
    <Authors>
      <Author>
        <Name>Fred</Name>
        <Email>fweasley@hogwarts.co.uk</Email>
      </Author>
      <Author>
        <Name>George</Name>
        <Email>gweasley@hogwarts.co.uk</Email>
      </Author>
    </Authors>
    <name>Book1</name>
  </book>
  <book>
    <Authors>
      <Author>
        <Name>Fred</Name>
        <Email>fweasley@hogwarts.co.uk</Email>
      </Author>
      <Author>
        <Name>George</Name>
        <Email>gweasley@hogwarts.co.uk</Email>
      </Author>
    </Authors>
    <name>Book1</name>
  </book>
  <book>
    <Authors>
      <Author>
        <Name>Fred</Name>
        <Email>fweasley@hogwarts.co.uk</Email>
      </Author>
      <Author>
        <Name>George</Name>
        <Email>gweasley@hogwarts.co.uk</Email>
      </Author>
    </Authors>
    <name>Book1</name>
  </book>
  <book>
    <Authors>
      <Author>
        <Name>Fred</Name>
        <Email>fweasley@hogwarts.co.uk</Email>
      </Author>
      <Author>
        <Name>George</Name>
        <Email>gweasley@hogwarts.co.uk</Email>
      </Author>
    </Authors>
    <name>Book1</name>
  </book>
  <book>
    <Authors>
      <Author>
        <Name>Fred</Name>
        <Email>fweasley@hogwarts.co.uk</Email>
      </Author>
      <Author>
        <Name>George</Name>
        <Email>gweasley@hogwarts.co.uk</Email>
      </Author>
    </Authors>
    <name>Book1</name>
  </book>
  <book>
    <Authors>
      <Author>
        <Name>Fred</Name>
        <Email>fweasley@hogwarts.co.uk</Email>
      </Author>
      <Author>
        <Name>George</Name>
        <Email>gweasley@hogwarts.co.uk</Email>
      </Author>
    </Authors>
    <name>Book1</name>
  </book>
  <book>
    <Authors>
      <Author>
        <Name>Fred</Name>
        <Email>fweasley@hogwarts.co.uk</Email>
      </Author>
      <Author>
        <Name>George</Name>
        <Email>gweasley@hogwarts.co.uk</Email>
      </Author>
    </Authors>
    <name>Book1</name>
  </book>
  <book>
    <Authors>
      <Author>
        <Name>Fred</Name>
        <Email>fweasley@hogwarts.co.uk</Email>
      </Author>
      <Author>
        <Name>George</Name>
        <Email>gweasley@hogwarts.co.uk</Email>
      </Author>
    </Authors>
    <name>Book1</name>
  </book>
  <book>
    <Authors>
      <Author>
        <Name>Fred</Name>
        <Email>fweasley@hogwarts.co.uk</Email>
      </Author>
      <Author>
        <Name>George</Name>
        <Email>gweasley@hogwarts.co.uk</Email>
      </Author>
    </Authors>
    <name>Book1</name>
  </book>
  <book>
    <Authors>
      <Author>
        <Name>Fred</Name>
        <Email>fweasley@hogwarts.co.uk</Email>
      </Author>
      <Author>
        <Name>George</Name>
        <Email>gweasley@hogwarts.co.uk</Email>
      </Author>
    </Authors>
    <name>Book1</name>
  </book>
  <book>
    <Authors>
      <Author>
        <Name>Fred</Name>
        <Email>fweasley@hogwarts.co.uk</Email>
      </Author>
      <Author>
        <Name>George</Name>
        <Email>gweasley@hogwarts.co.uk</Email>
      </Author>
    </Authors>
    <name>Book1</name>
  </book>
  <book>
    <Authors>
      <Author>
        <Name>Fred</Name>
        <Email>fweasley@hogwarts.co.uk</Email>
      </Author>
      <Author>
        <Name>George</Name>
        <Email>gweasley@hogwarts.co.uk</Email>
      </Author>
    </Authors>
    <name>Book1</name>
  </book>
  <book>
    <Authors>
      <Author>
        <Name>Fred</Name>
        <Email>fweasley@hogwarts.co.uk</Email>
      </Author>
      <Author>
        <Name>George</Name>
        <Email>gweasley@hogwarts.co.uk</Email>
      </Author>
    </Authors>
    <name>Book1</name>
  </book>
  <book>
    <Authors>
      <Author>
        <Name>Fred</Name>
        <Email>fweasley@hogwarts.co.uk</Email>
      </Author>
      <Author>
        <Name>George</Name>
        <Email>gweasley@hogwarts.co.uk</Email>
      </Author>
    </Authors>
    <name>Book1</name>
  </book>
  <book>
    <Authors>
      <Author>
        <Name>Fred</Name>
        <Email>fweasley@hogwarts.co.uk</Email>
      </Author>
      <Author>
        <Name>George</Name>
        <Email>gweasley@hogwarts.co.uk</Email>
      </Author>
    </Authors>
    <name>Book1</name>
  </book>
  <book>
    <Authors>
      <Author>
        <Name>Fred</Name>
        <Email>fweasley@hogwarts.co.uk</Email>
      </Author>
      <Author>
        <Name>George</Name>
        <Email>gweasley@hogwarts.co.uk</Email>
      </Author>
    </Authors>
    <name>Book1</name>
  </book>
  <book>
    <Authors>
      <Author>
        <Name>Fred</Name>
        <Email>fweasley@hogwarts.co.uk</Email>
      </Author>
      <Author>
        <Name>George</Name>
        <Email>gweasley@hogwarts.co.uk</Email>
      </Author>
    </Authors>
    <name>Book1</name>
  </book>
  <book>
    <Authors>
      <Author>
        <Name>Fred</Name>
        <Email>fweasley@hogwarts.co.uk</Email>
      </Author>
      <Author>
        <Name>George</Name>
        <Email>gweasley@hogwarts.co.uk</Email>
      </Author>
    </Authors>
    <name>Book1</name>
  </book>
  <book>
    <Authors>
      <Author>
        <Name>Fred</Name>
        <Email>fweasley@hogwarts.co.uk</Email>
      </Author>
      <Author>
        <Name>George</Name>
        <Email>gweasley@hogwarts.co.uk</Email>
      </Author>
    </Authors>
    <name>Book1</name>
  </book>
  <book>
    <Authors>
      <Author>
        <Name>Fred</Name>
        <Email>fweasley@hogwarts.co.uk</Email>
      </Author>
      <Author>
        <Name>George</Name>
        <Email>gweasley@hogwarts.co.uk</Email>
      </Author>
    </Authors>
    <name>Book1</name>
  </book>
  <book>
    <Authors>
      <Author>
        <Name>Fred</Name>
        <Email>fweasley@hogwarts.co.uk</Email>
      </Author>
      <Author>
        <Name>George</Name>
        <Email>gweasley@hogwarts.co.uk</Email>
      </Author>
    </Authors>
    <name>Book1</name>
  </book>
  <book>
    <Authors>
      <Author>
        <Name>Fred</Name>
        <Email>fweasley@hogwarts.co.uk</Email>
      </Author>
      <Author>
        <Name>George</Name>
        <Email>gweasley@hogwarts.co.uk</Email>
      </Author>
    </Authors>
    <name>Book1</name>
  </book>
  <book>
    <Authors>
      <Author>
        <Name>Fred</Name>
        <Email>fweasley@hogwarts.co.uk</Email>
      </Author>
      <Author>
        <Name>George</Name>
        <Email>gweasley@hogwarts.co.uk</Email>
      </Author>
    </Authors>
    <name>Book1</name>
  </book>
  <book>
    <Authors>
      <Author>
        <Name>Fred</Name>
        <Email>fweasley@hogwarts.co.uk</Email>
      </Author>
      <Author>
        <Name>George</Name>
        <Email>gweasley@hogwarts.co.uk</Email>
      </Author>
    </Authors>
    <name>Book1</name>
  </book>
  <book>
    <Authors>
      <Author>
        <Name>Fred</Name>
        <Email>fweasley@hogwarts.co.uk</Email>
      </Author>
      <Author>
        <Name>George</Name>
        <Email>gweasley@hogwarts.co.uk</Email>
      </Author>
    </Authors>
    <name>Book1</name>
  </book>
  <book>
    <Authors>
      <Author>
        <Name>Fred</Name>
        <Email>fweasley@hogwarts.co.uk</Email>
      </Author>
      <Author>
        <Name>George</Name>
        <Email>gweasley@hogwarts.co.uk</Email>
      </Author>
    </Authors>
    <name>Book1</name>
  </book>
  <book>
    <Authors>
      <Author>
        <Name>Fred</Name>
        <Email>fweasley@hogwarts.co.uk</Email>
      </Author>
      <Author>
        <Name>George</Name>
        <Email>gweasley@hogwarts.co.uk</Email>
      </Author>
    </Authors>
    <name>Book1</name>
  </book>
  <book>
    <Authors>
      <Author>
        <Name>Fred</Name>
        <Email>fweasley@hogwarts.co.uk</Email>
      </Author>
      <Author>
        <Name>George</Name>
        <Email>gweasley@hogwarts.co.uk</Email>
      </Author>
    </Authors>
    <name>Book1</name>
  </book>
  <book year="2014" isbn="ISBN83763550019---11">
    <Authors>
      <Author>
        <Name>Fred</Name>
        <Email>fweasley@hogwarts.co.uk</Email>
      </Author>
      <Author>
        <Name>George</Name>
        <Email>gweasley@hogwarts.co.uk</Email>
      </Author>
    </Authors>
    <name>Book1</name>
  </book>
  <book year="2014" isbn="ISBN83763550019---11">
    <Authors>
      <Author>
        <Name>Fred</Name>
        <Email>fweasley@hogwarts.co.uk</Email>
      </Author>
      <Author>
        <Name>George</Name>
        <Email>gweasley@hogwarts.co.uk</Email>
      </Author>
    </Authors>
    <name>Book2</name>
  </book>
  <book year="2014" isbn="ISBN83763550019---11">
    <Authors>
      <Author>
        <Name>Fred</Name>
        <Email>fweasley@hogwarts.co.uk</Email>
      </Author>
      <Author>
        <Name>George</Name>
        <Email>gweasley@hogwarts.co.uk</Email>
      </Author>
    </Authors>
    <name>Book1</name>
  </book>
  <book year="2014" isbn="ISBN83763550019---11">
    <Authors>
      <Author>
        <Name>Fred</Name>
        <Email>fweasley@hogwarts.co.uk</Email>
      </Author>
      <Author>
        <Name>George</Name>
        <Email>gweasley@hogwarts.co.uk</Email>
      </Author>
    </Authors>
    <name>Book2</name>
  </book>
  <book year="2014" isbn="ISBN83763550019---11">
    <Authors>
      <Author>
        <Name>Fred</Name>
        <Email>fweasley@hogwarts.co.uk</Email>
      </Author>
      <Author>
        <Name>George</Name>
        <Email>gweasley@hogwarts.co.uk</Email>
      </Author>
    </Authors>
    <name>Book1</name>
  </book>
  <book year="2014" isbn="ISBN83763550019---11">
    <Authors>
      <Author>
        <Name>Fred</Name>
        <Email>fweasley@hogwarts.co.uk</Email>
      </Author>
      <Author>
        <Name>George</Name>
        <Email>gweasley@hogwarts.co.uk</Email>
      </Author>
    </Authors>
    <name>Book2</name>
  </book>
  <book year="2014" isbn="ISBN83763550019---11">
    <Authors>
      <Author>
        <Name>Fred</Name>
        <Email>fweasley@hogwarts.co.uk</Email>
      </Author>
      <Author>
        <Name>George</Name>
        <Email>gweasley@hogwarts.co.uk</Email>
      </Author>
    </Authors>
    <name>Book1</name>
  </book>
  <book year="2014" isbn="ISBN83763550019---11">
    <Authors>
      <Author>
        <Name>Fred</Name>
        <Email>fweasley@hogwarts.co.uk</Email>
      </Author>
      <Author>
        <Name>George</Name>
        <Email>gweasley@hogwarts.co.uk</Email>
      </Author>
    </Authors>
    <name>Book2</name>
  </book>
  <book year="2014" isbn="ISBN83763550019---11">
    <Authors>
      <Author>
        <Name>Fred</Name>
        <Email>fweasley@hogwarts.co.uk</Email>
      </Author>
      <Author>
        <Name>George</Name>
        <Email>gweasley@hogwarts.co.uk</Email>
      </Author>
    </Authors>
    <name>Book1</name>
  </book>
  <book year="2014" isbn="ISBN83763550019---11">
    <Authors>
      <Author>
        <Name>Fred</Name>
        <Email>fweasley@hogwarts.co.uk</Email>
      </Author>
      <Author>
        <Name>George</Name>
        <Email>gweasley@hogwarts.co.uk</Email>
      </Author>
    </Authors>
    <name>Book2</name>
  </book>
  <book year="2014" isbn="ISBN83763550019---11">
    <Authors>
      <Author>
        <Name>Fred</Name>
        <Email>fweasley@hogwarts.co.uk</Email>
      </Author>
      <Author>
        <Name>George</Name>
        <Email>gweasley@hogwarts.co.uk</Email>
      </Author>
    </Authors>
    <name>Book1</name>
  </book>
  <book year="2014" isbn="ISBN83763550019---11">
    <Authors>
      <Author>
        <Name>Fred</Name>
        <Email>fweasley@hogwarts.co.uk</Email>
      </Author>
      <Author>
        <Name>George</Name>
        <Email>gweasley@hogwarts.co.uk</Email>
      </Author>
    </Authors>
    <name>Book2</name>
  </book>
  <book year="2014" isbn="ISBN83763550019---11">
    <Authors>
      <Author>
        <Name>Fred</Name>
        <Email>fweasley@hogwarts.co.uk</Email>
      </Author>
      <Author>
        <Name>George</Name>
        <Email>gweasley@hogwarts.co.uk</Email>
      </Author>
    </Authors>
    <name>Book1</name>
  </book>
  <book year="2014" isbn="ISBN83763550019---11">
    <Authors>
      <Author>
        <Name>Fred</Name>
        <Email>fweasley@hogwarts.co.uk</Email>
      </Author>
      <Author>
        <Name>George</Name>
        <Email>gweasley@hogwarts.co.uk</Email>
      </Author>
    </Authors>
    <name>Book2</name>
  </book>
  <book year="2014" isbn="ISBN83763550019---11">
    <Authors>
      <Author>
        <Name>Fred</Name>
        <Email>fweasley@hogwarts.co.uk</Email>
      </Author>
      <Author>
        <Name>George</Name>
        <Email>gweasley@hogwarts.co.uk</Email>
      </Author>
    </Authors>
    <name>Book1</name>
  </book>
  <book year="2014" isbn="ISBN83763550019---11">
    <Authors>
      <Author>
        <Name>Fred</Name>
        <Email>fweasley@hogwarts.co.uk</Email>
      </Author>
      <Author>
        <Name>George</Name>
        <Email>gweasley@hogwarts.co.uk</Email>
      </Author>
    </Authors>
    <name>Book2</name>
  </book>
  <book year="2014" isbn="ISBN83763550019---11">
    <Authors>
      <Author>
        <Name>Fred</Name>
        <Email>fweasley@hogwarts.co.uk</Email>
      </Author>
      <Author>
        <Name>George</Name>
        <Email>gweasley@hogwarts.co.uk</Email>
      </Author>
    </Authors>
    <name>Book1</name>
  </book>
  <book year="2014" isbn="ISBN83763550019---11">
    <Authors>
      <Author>
        <Name>Fred</Name>
        <Email>fweasley@hogwarts.co.uk</Email>
      </Author>
      <Author>
        <Name>George</Name>
        <Email>gweasley@hogwarts.co.uk</Email>
      </Author>
    </Authors>
    <name>Book2</name>
  </book>
  <book year="2014" isbn="ISBN83763550019---11">
    <Authors>
      <Author>
        <Name>Fred</Name>
        <Email>fweasley@hogwarts.co.uk</Email>
      </Author>
      <Author>
        <Name>George</Name>
        <Email>gweasley@hogwarts.co.uk</Email>
      </Author>
    </Authors>
    <name>Book1</name>
  </book>
  <book year="2014" isbn="ISBN83763550019---11">
    <Authors>
      <Author>
        <Name>Fred</Name>
        <Email>fweasley@hogwarts.co.uk</Email>
      </Author>
      <Author>
        <Name>George</Name>
        <Email>gweasley@hogwarts.co.uk</Email>
      </Author>
    </Authors>
    <name>Book2</name>
  </book>
  <book year="2014" isbn="ISBN83763550019---11">
    <Authors>
      <Author>
        <Name>Fred</Name>
        <Email>fweasley@hogwarts.co.uk</Email>
      </Author>
      <Author>
        <Name>George</Name>
        <Email>gweasley@hogwarts.co.uk</Email>
      </Author>
    </Authors>
    <name>Book1</name>
  </book>
  <book year="2014" isbn="ISBN83763550019---11">
    <Authors>
      <Author>
        <Name>Fred</Name>
        <Email>fweasley@hogwarts.co.uk</Email>
      </Author>
      <Author>
        <Name>George</Name>
        <Email>gweasley@hogwarts.co.uk</Email>
      </Author>
    </Authors>
    <name>Book2</name>
  </book>
  <book year="2014" isbn="ISBN83763550019---11">
    <Authors>
      <Author>
        <Name>Fred</Name>
        <Email>fweasley@hogwarts.co.uk</Email>
      </Author>
      <Author>
        <Name>George</Name>
        <Email>gweasley@hogwarts.co.uk</Email>
      </Author>
    </Authors>
    <name>Book1</name>
  </book>
  <book year="2014" isbn="ISBN83763550019---11">
    <Authors>
      <Author>
        <Name>Fred</Name>
        <Email>fweasley@hogwarts.co.uk</Email>
      </Author>
      <Author>
        <Name>George</Name>
        <Email>gweasley@hogwarts.co.uk</Email>
      </Author>
    </Authors>
    <name>Book2</name>
  </book>
  <book year="2014" isbn="ISBN83763550019---11">
    <Authors>
      <Author>
        <Name>Fred</Name>
        <Email>fweasley@hogwarts.co.uk</Email>
      </Author>
      <Author>
        <Name>George</Name>
        <Email>gweasley@hogwarts.co.uk</Email>
      </Author>
    </Authors>
    <name>Book1</name>
  </book>
  <book year="2014" isbn="ISBN83763550019---11">
    <Authors>
      <Author>
        <Name>Fred</Name>
        <Email>fweasley@hogwarts.co.uk</Email>
      </Author>
      <Author>
        <Name>George</Name>
        <Email>gweasley@hogwarts.co.uk</Email>
      </Author>
    </Authors>
    <name>Book2</name>
  </book>
  <book year="2014" isbn="ISBN83763550019---11">
    <Authors>
      <Author>
        <Name>Fred</Name>
        <Email>fweasley@hogwarts.co.uk</Email>
      </Author>
      <Author>
        <Name>George</Name>
        <Email>gweasley@hogwarts.co.uk</Email>
      </Author>
    </Authors>
    <name>Book1</name>
  </book>
  <book year="2014" isbn="ISBN83763550019---11">
    <Authors>
      <Author>
        <Name>Fred</Name>
        <Email>fweasley@hogwarts.co.uk</Email>
      </Author>
      <Author>
        <Name>George</Name>
        <Email>gweasley@hogwarts.co.uk</Email>
      </Author>
    </Authors>
    <name>Book2</name>
  </book>
  <book year="2014" isbn="ISBN83763550019---11">
    <Authors>
      <Author>
        <Name>Fred</Name>
        <Email>fweasley@hogwarts.co.uk</Email>
      </Author>
      <Author>
        <Name>George</Name>
        <Email>gweasley@hogwarts.co.uk</Email>
      </Author>
    </Authors>
    <name>Book1</name>
  </book>
  <book year="2014" isbn="ISBN83763550019---11">
    <Authors>
      <Author>
        <Name>Fred</Name>
        <Email>fweasley@hogwarts.co.uk</Email>
      </Author>
      <Author>
        <Name>George</Name>
        <Email>gweasley@hogwarts.co.uk</Email>
      </Author>
    </Authors>
    <name>Book2</name>
  </book>
  <book year="2014" isbn="ISBN83763550019---11">
    <Authors>
      <Author>
        <Name>Fred</Name>
        <Email>fweasley@hogwarts.co.uk</Email>
      </Author>
      <Author>
        <Name>George</Name>
        <Email>gweasley@hogwarts.co.uk</Email>
      </Author>
    </Authors>
    <name>Book1</name>
  </book>
  <book year="2014" isbn="ISBN83763550019---11">
    <Authors>
      <Author>
        <Name>Fred</Name>
        <Email>fweasley@hogwarts.co.uk</Email>
      </Author>
      <Author>
        <Name>George</Name>
        <Email>gweasley@hogwarts.co.uk</Email>
      </Author>
    </Authors>
    <name>Book2</name>
  </book>
  <book year="2014" isbn="ISBN83763550019---11">
    <Authors>
      <Author>
        <Name>Fred</Name>
        <Email>fweasley@hogwarts.co.uk</Email>
      </Author>
      <Author>
        <Name>George</Name>
        <Email>gweasley@hogwarts.co.uk</Email>
      </Author>
    </Authors>
    <name>Book1</name>
  </book>
  <book year="2014" isbn="ISBN83763550019---11">
    <Authors>
      <Author>
        <Name>Fred</Name>
        <Email>fweasley@hogwarts.co.uk</Email>
      </Author>
      <Author>
        <Name>George</Name>
        <Email>gweasley@hogwarts.co.uk</Email>
      </Author>
    </Authors>
    <name>Book2</name>
  </book>
  <book year="2014" isbn="ISBN83763550019---11">
    <Authors>
      <Author>
        <Name>Fred</Name>
        <Email>fweasley@hogwarts.co.uk</Email>
      </Author>
      <Author>
        <Name>George</Name>
        <Email>gweasley@hogwarts.co.uk</Email>
      </Author>
    </Authors>
    <name>Book1</name>
  </book>
  <book year="2014" isbn="ISBN83763550019---11">
    <Authors>
      <Author>
        <Name>Fred</Name>
        <Email>fweasley@hogwarts.co.uk</Email>
      </Author>
      <Author>
        <Name>George</Name>
        <Email>gweasley@hogwarts.co.uk</Email>
      </Author>
    </Authors>
    <name>Book2</name>
  </book>
  <book year="2014" isbn="ISBN83763550019---11">
    <Authors>
      <Author>
        <Name>Fred</Name>
        <Email>fweasley@hogwarts.co.uk</Email>
      </Author>
      <Author>
        <Name>George</Name>
        <Email>gweasley@hogwarts.co.uk</Email>
      </Author>
    </Authors>
    <name>Book1</name>
  </book>
  <book year="2014" isbn="ISBN83763550019---11">
    <Authors>
      <Author>
        <Name>Fred</Name>
        <Email>fweasley@hogwarts.co.uk</Email>
      </Author>
      <Author>
        <Name>George</Name>
        <Email>gweasley@hogwarts.co.uk</Email>
      </Author>
    </Authors>
    <name>Book2</name>
  </book>
  <book year="2014" isbn="ISBN83763550019---11">
    <Authors>
      <Author>
        <Name>Fred</Name>
        <Email>fweasley@hogwarts.co.uk</Email>
      </Author>
      <Author>
        <Name>George</Name>
        <Email>gweasley@hogwarts.co.uk</Email>
      </Author>
    </Authors>
    <name>Book1</name>
  </book>
  <book year="2014" isbn="ISBN83763550019---11">
    <Authors>
      <Author>
        <Name>Fred</Name>
        <Email>fweasley@hogwarts.co.uk</Email>
      </Author>
      <Author>
        <Name>George</Name>
        <Email>gweasley@hogwarts.co.uk</Email>
      </Author>
    </Authors>
    <name>Book2</name>
  </book>
  <book year="2014" isbn="ISBN83763550019---11">
    <Authors>
      <Author>
        <Name>Fred</Name>
        <Email>fweasley@hogwarts.co.uk</Email>
      </Author>
      <Author>
        <Name>George</Name>
        <Email>gweasley@hogwarts.co.uk</Email>
      </Author>
    </Authors>
    <name>Book1</name>
  </book>
  <book year="2014" isbn="ISBN83763550019---11">
    <Authors>
      <Author>
        <Name>Fred</Name>
        <Email>fweasley@hogwarts.co.uk</Email>
      </Author>
      <Author>
        <Name>George</Name>
        <Email>gweasley@hogwarts.co.uk</Email>
      </Author>
    </Authors>
    <name>Book2</name>
  </book>
  <book year="2014" isbn="ISBN83763550019---11">
    <Authors>
      <Author>
        <Name>Fred</Name>
        <Email>fweasley@hogwarts.co.uk</Email>
      </Author>
      <Author>
        <Name>George</Name>
        <Email>gweasley@hogwarts.co.uk</Email>
      </Author>
    </Authors>
    <name>Book1</name>
  </book>
  <book year="2014" isbn="ISBN83763550019---11">
    <Authors>
      <Author>
        <Name>Fred</Name>
        <Email>fweasley@hogwarts.co.uk</Email>
      </Author>
      <Author>
        <Name>George</Name>
        <Email>gweasley@hogwarts.co.uk</Email>
      </Author>
    </Authors>
    <name>Book2</name>
  </book>
  <book year="2014" isbn="ISBN83763550019---11">
    <Authors>
      <Author>
        <Name>Fred</Name>
        <Email>fweasley@hogwarts.co.uk</Email>
      </Author>
      <Author>
        <Name>George</Name>
        <Email>gweasley@hogwarts.co.uk</Email>
      </Author>
    </Authors>
    <name>Book1</name>
  </book>
  <book year="2014" isbn="ISBN83763550019---11">
    <Authors>
      <Author>
        <Name>Fred</Name>
        <Email>fweasley@hogwarts.co.uk</Email>
      </Author>
      <Author>
        <Name>George</Name>
        <Email>gweasley@hogwarts.co.uk</Email>
      </Author>
    </Authors>
    <name>Book2</name>
  </book>
  <book year="2014" isbn="ISBN83763550019---11">
    <Authors>
      <Author>
        <Name>Fred</Name>
        <Email>fweasley@hogwarts.co.uk</Email>
      </Author>
      <Author>
        <Name>George</Name>
        <Email>gweasley@hogwarts.co.uk</Email>
      </Author>
    </Authors>
    <name>Book1</name>
  </book>
  <book year="2014" isbn="ISBN83763550019---11">
    <Authors>
      <Author>
        <Name>Fred</Name>
        <Email>fweasley@hogwarts.co.uk</Email>
      </Author>
      <Author>
        <Name>George</Name>
        <Email>gweasley@hogwarts.co.uk</Email>
      </Author>
    </Authors>
    <name>Book2</name>
  </book>
  <book year="2014" isbn="ISBN83763550019---11">
    <Authors>
      <Author>
        <Name>Fred</Name>
        <Email>fweasley@hogwarts.co.uk</Email>
      </Author>
      <Author>
        <Name>George</Name>
        <Email>gweasley@hogwarts.co.uk</Email>
      </Author>
    </Authors>
    <name>Book1</name>
  </book>
  <book year="2014" isbn="ISBN83763550019---11">
    <Authors>
      <Author>
        <Name>Fred</Name>
        <Email>fweasley@hogwarts.co.uk</Email>
      </Author>
      <Author>
        <Name>George</Name>
        <Email>gweasley@hogwarts.co.uk</Email>
      </Author>
    </Authors>
    <name>Book2</name>
  </book>
  <book year="2014" isbn="ISBN83763550019---11">
    <Authors>
      <Author>
        <Name>Fred</Name>
        <Email>fweasley@hogwarts.co.uk</Email>
      </Author>
      <Author>
        <Name>George</Name>
        <Email>gweasley@hogwarts.co.uk</Email>
      </Author>
    </Authors>
    <name>Book1</name>
  </book>
  <book year="2014" isbn="ISBN83763550019---11">
    <Authors>
      <Author>
        <Name>Fred</Name>
        <Email>fweasley@hogwarts.co.uk</Email>
      </Author>
      <Author>
        <Name>George</Name>
        <Email>gweasley@hogwarts.co.uk</Email>
      </Author>
    </Authors>
    <name>Book2</name>
  </book>
  <book year="2014" isbn="ISBN83763550019---11">
    <Authors>
      <Author>
        <Name>Fred</Name>
        <Email>fweasley@hogwarts.co.uk</Email>
      </Author>
      <Author>
        <Name>George</Name>
        <Email>gweasley@hogwarts.co.uk</Email>
      </Author>
    </Authors>
    <name>Book1</name>
  </book>
  <book year="2014" isbn="ISBN83763550019---11">
    <Authors>
      <Author>
        <Name>Fred</Name>
        <Email>fweasley@hogwarts.co.uk</Email>
      </Author>
      <Author>
        <Name>George</Name>
        <Email>gweasley@hogwarts.co.uk</Email>
      </Author>
    </Authors>
    <name>Book2</name>
  </book>
  <book year="2014" isbn="ISBN83763550019---11">
    <Authors>
      <Author>
        <Name>Fred</Name>
        <Email>fweasley@hogwarts.co.uk</Email>
      </Author>
      <Author>
        <Name>George</Name>
        <Email>gweasley@hogwarts.co.uk</Email>
      </Author>
    </Authors>
    <name>Book1</name>
  </book>
  <book year="2014" isbn="ISBN83763550019---11">
    <Authors>
      <Author>
        <Name>Fred</Name>
        <Email>fweasley@hogwarts.co.uk</Email>
      </Author>
      <Author>
        <Name>George</Name>
        <Email>gweasley@hogwarts.co.uk</Email>
      </Author>
    </Authors>
    <name>Book2</name>
  </book>
  <book year="2014" isbn="ISBN83763550019---11">
    <Authors>
      <Author>
        <Name>Fred</Name>
        <Email>fweasley@hogwarts.co.uk</Email>
      </Author>
      <Author>
        <Name>George</Name>
        <Email>gweasley@hogwarts.co.uk</Email>
      </Author>
    </Authors>
    <name>Book1</name>
  </book>
  <book year="2014" isbn="ISBN83763550019---11">
    <Authors>
      <Author>
        <Name>Fred</Name>
        <Email>fweasley@hogwarts.co.uk</Email>
      </Author>
      <Author>
        <Name>George</Name>
        <Email>gweasley@hogwarts.co.uk</Email>
      </Author>
    </Authors>
    <name>Book2</name>
  </book>
  <book year="2014" isbn="ISBN83763550019---11">
    <Authors>
      <Author>
        <Name>Fred</Name>
        <Email>fweasley@hogwarts.co.uk</Email>
      </Author>
      <Author>
        <Name>George</Name>
        <Email>gweasley@hogwarts.co.uk</Email>
      </Author>
    </Authors>
    <name>Book1</name>
  </book>
  <book year="2014" isbn="ISBN83763550019---11">
    <Authors>
      <Author>
        <Name>Fred</Name>
        <Email>fweasley@hogwarts.co.uk</Email>
      </Author>
      <Author>
        <Name>George</Name>
        <Email>gweasley@hogwarts.co.uk</Email>
      </Author>
    </Authors>
    <name>Book2</name>
  </book>
  <book year="2014" isbn="ISBN83763550019---11">
    <Authors>
      <Author>
        <Name>Fred</Name>
        <Email>fweasley@hogwarts.co.uk</Email>
      </Author>
      <Author>
        <Name>George</Name>
        <Email>gweasley@hogwarts.co.uk</Email>
      </Author>
    </Authors>
    <name>Book1</name>
  </book>
  <book year="2014" isbn="ISBN83763550019---11">
    <Authors>
      <Author>
        <Name>Fred</Name>
        <Email>fweasley@hogwarts.co.uk</Email>
      </Author>
      <Author>
        <Name>George</Name>
        <Email>gweasley@hogwarts.co.uk</Email>
      </Author>
    </Authors>
    <name>Book2</name>
  </book>
  <book year="2014" isbn="ISBN83763550019---11">
    <Authors>
      <Author>
        <Name>Fred</Name>
        <Email>fweasley@hogwarts.co.uk</Email>
      </Author>
      <Author>
        <Name>George</Name>
        <Email>gweasley@hogwarts.co.uk</Email>
      </Author>
    </Authors>
    <name>Book1</name>
  </book>
  <book year="2014" isbn="ISBN83763550019---11">
    <Authors>
      <Author>
        <Name>Fred</Name>
        <Email>fweasley@hogwarts.co.uk</Email>
      </Author>
      <Author>
        <Name>George</Name>
        <Email>gweasley@hogwarts.co.uk</Email>
      </Author>
    </Authors>
    <name>Book2</name>
  </book>
  <book year="2014" isbn="ISBN83763550019---11">
    <Authors>
      <Author>
        <Name>Fred</Name>
        <Email>fweasley@hogwarts.co.uk</Email>
      </Author>
      <Author>
        <Name>George</Name>
        <Email>gweasley@hogwarts.co.uk</Email>
      </Author>
    </Authors>
    <name>Book1</name>
  </book>
  <book year="2014" isbn="ISBN83763550019---11">
    <Authors>
      <Author>
        <Name>Fred</Name>
        <Email>fweasley@hogwarts.co.uk</Email>
      </Author>
      <Author>
        <Name>George</Name>
        <Email>gweasley@hogwarts.co.uk</Email>
      </Author>
    </Authors>
    <name>Book2</name>
  </book>
  <book year="2014" isbn="ISBN83763550019---11">
    <Authors>
      <Author>
        <Name>Fred</Name>
        <Email>fweasley@hogwarts.co.uk</Email>
      </Author>
      <Author>
        <Name>George</Name>
        <Email>gweasley@hogwarts.co.uk</Email>
      </Author>
    </Authors>
    <name>Book1</name>
  </book>
  <book year="2014" isbn="ISBN83763550019---11">
    <Authors>
      <Author>
        <Name>Fred</Name>
        <Email>fweasley@hogwarts.co.uk</Email>
      </Author>
      <Author>
        <Name>George</Name>
        <Email>gweasley@hogwarts.co.uk</Email>
      </Author>
    </Authors>
    <name>Book2</name>
  </book>
  <book year="2014" isbn="ISBN83763550019---11">
    <Authors>
      <Author>
        <Name>Fred</Name>
        <Email>fweasley@hogwarts.co.uk</Email>
      </Author>
      <Author>
        <Name>George</Name>
        <Email>gweasley@hogwarts.co.uk</Email>
      </Author>
    </Authors>
    <name>Book1</name>
  </book>
  <book year="2014" isbn="ISBN83763550019---11">
    <Authors>
      <Author>
        <Name>Fred</Name>
        <Email>fweasley@hogwarts.co.uk</Email>
      </Author>
      <Author>
        <Name>George</Name>
        <Email>gweasley@hogwarts.co.uk</Email>
      </Author>
    </Authors>
    <name>Book2</name>
  </book>
  <book year="2014" isbn="ISBN83763550019---11">
    <Authors>
      <Author>
        <Name>Fred</Name>
        <Email>fweasley@hogwarts.co.uk</Email>
      </Author>
      <Author>
        <Name>George</Name>
        <Email>gweasley@hogwarts.co.uk</Email>
      </Author>
    </Authors>
    <name>Book1</name>
  </book>
  <book year="2014" isbn="ISBN83763550019---11">
    <Authors>
      <Author>
        <Name>Fred</Name>
        <Email>fweasley@hogwarts.co.uk</Email>
      </Author>
      <Author>
        <Name>George</Name>
        <Email>gweasley@hogwarts.co.uk</Email>
      </Author>
    </Authors>
    <name>Book2</name>
  </book>
  <book year="2014" isbn="ISBN83763550019---11">
    <Authors>
      <Author>
        <Name>Fred</Name>
        <Email>fweasley@hogwarts.co.uk</Email>
      </Author>
      <Author>
        <Name>George</Name>
        <Email>gweasley@hogwarts.co.uk</Email>
      </Author>
    </Authors>
    <name>Book1</name>
  </book>
  <book year="2014" isbn="ISBN83763550019---11">
    <Authors>
      <Author>
        <Name>Fred</Name>
        <Email>fweasley@hogwarts.co.uk</Email>
      </Author>
      <Author>
        <Name>George</Name>
        <Email>gweasley@hogwarts.co.uk</Email>
      </Author>
    </Authors>
    <name>Book2</name>
  </book>
  <book year="2014" isbn="ISBN83763550019---11">
    <Authors>
      <Author>
        <Name>Fred</Name>
        <Email>fweasley@hogwarts.co.uk</Email>
      </Author>
      <Author>
        <Name>George</Name>
        <Email>gweasley@hogwarts.co.uk</Email>
      </Author>
    </Authors>
    <name>Book1</name>
  </book>
  <book year="2014" isbn="ISBN83763550019---11">
    <Authors>
      <Author>
        <Name>Fred</Name>
        <Email>fweasley@hogwarts.co.uk</Email>
      </Author>
      <Author>
        <Name>George</Name>
        <Email>gweasley@hogwarts.co.uk</Email>
      </Author>
    </Authors>
    <name>Book2</name>
  </book>
  <book year="2014" isbn="ISBN83763550019---11">
    <Authors>
      <Author>
        <Name>Fred</Name>
        <Email>fweasley@hogwarts.co.uk</Email>
      </Author>
      <Author>
        <Name>George</Name>
        <Email>gweasley@hogwarts.co.uk</Email>
      </Author>
    </Authors>
    <name>Book1</name>
  </book>
  <book year="2014" isbn="ISBN83763550019---11">
    <Authors>
      <Author>
        <Name>Fred</Name>
        <Email>fweasley@hogwarts.co.uk</Email>
      </Author>
      <Author>
        <Name>George</Name>
        <Email>gweasley@hogwarts.co.uk</Email>
      </Author>
    </Authors>
    <name>Book2</name>
  </book>
  <book year="2014" isbn="ISBN83763550019---11">
    <Authors>
      <Author>
        <Name>Fred</Name>
        <Email>fweasley@hogwarts.co.uk</Email>
      </Author>
      <Author>
        <Name>George</Name>
        <Email>gweasley@hogwarts.co.uk</Email>
      </Author>
    </Authors>
    <name>Book1</name>
  </book>
  <book year="2014" isbn="ISBN83763550019---11">
    <Authors>
      <Author>
        <Name>Fred</Name>
        <Email>fweasley@hogwarts.co.uk</Email>
      </Author>
      <Author>
        <Name>George</Name>
        <Email>gweasley@hogwarts.co.uk</Email>
      </Author>
    </Authors>
    <name>Book2</name>
  </book>
  <book year="2014" isbn="ISBN83763550019---11">
    <Authors>
      <Author>
        <Name>Fred</Name>
        <Email>fweasley@hogwarts.co.uk</Email>
      </Author>
      <Author>
        <Name>George</Name>
        <Email>gweasley@hogwarts.co.uk</Email>
      </Author>
    </Authors>
    <name>Book1</name>
  </book>
  <book year="2014" isbn="ISBN83763550019---11">
    <Authors>
      <Author>
        <Name>Fred</Name>
        <Email>fweasley@hogwarts.co.uk</Email>
      </Author>
      <Author>
        <Name>George</Name>
        <Email>gweasley@hogwarts.co.uk</Email>
      </Author>
    </Authors>
    <name>Book2</name>
  </book>
  <book year="2014" isbn="ISBN83763550019---11">
    <Authors>
      <Author>
        <Name>Fred</Name>
        <Email>fweasley@hogwarts.co.uk</Email>
      </Author>
      <Author>
        <Name>George</Name>
        <Email>gweasley@hogwarts.co.uk</Email>
      </Author>
    </Authors>
    <name>Book1</name>
  </book>
  <book year="2014" isbn="ISBN83763550019---11">
    <Authors>
      <Author>
        <Name>Fred</Name>
        <Email>fweasley@hogwarts.co.uk</Email>
      </Author>
      <Author>
        <Name>George</Name>
        <Email>gweasley@hogwarts.co.uk</Email>
      </Author>
    </Authors>
    <name>Book2</name>
  </book>
  <book year="2014" isbn="ISBN83763550019---11">
    <Authors>
      <Author>
        <Name>Fred</Name>
        <Email>fweasley@hogwarts.co.uk</Email>
      </Author>
      <Author>
        <Name>George</Name>
        <Email>gweasley@hogwarts.co.uk</Email>
      </Author>
    </Authors>
    <name>Book1</name>
  </book>
  <book year="2014" isbn="ISBN83763550019---11">
    <Authors>
      <Author>
        <Name>Fred</Name>
        <Email>fweasley@hogwarts.co.uk</Email>
      </Author>
      <Author>
        <Name>George</Name>
        <Email>gweasley@hogwarts.co.uk</Email>
      </Author>
    </Authors>
    <name>Book2</name>
  </book>
  <book year="2014" isbn="ISBN83763550019---11">
    <Authors>
      <Author>
        <Name>Fred</Name>
        <Email>fweasley@hogwarts.co.uk</Email>
      </Author>
      <Author>
        <Name>George</Name>
        <Email>gweasley@hogwarts.co.uk</Email>
      </Author>
    </Authors>
    <name>Book1</name>
  </book>
  <book year="2014" isbn="ISBN83763550019---11">
    <Authors>
      <Author>
        <Name>Fred</Name>
        <Email>fweasley@hogwarts.co.uk</Email>
      </Author>
      <Author>
        <Name>George</Name>
        <Email>gweasley@hogwarts.co.uk</Email>
      </Author>
    </Authors>
    <name>Book2</name>
  </book>
  <book year="2014" isbn="ISBN83763550019---11">
    <Authors>
      <Author>
        <Name>Fred</Name>
        <Email>fweasley@hogwarts.co.uk</Email>
      </Author>
      <Author>
        <Name>George</Name>
        <Email>gweasley@hogwarts.co.uk</Email>
      </Author>
    </Authors>
    <name>Book1</name>
  </book>
  <book year="2014" isbn="ISBN83763550019---11">
    <Authors>
      <Author>
        <Name>Fred</Name>
        <Email>fweasley@hogwarts.co.uk</Email>
      </Author>
      <Author>
        <Name>George</Name>
        <Email>gweasley@hogwarts.co.uk</Email>
      </Author>
    </Authors>
    <name>Book2</name>
  </book>
  <book year="2014" isbn="ISBN83763550019---11">
    <Authors>
      <Author>
        <Name>Fred</Name>
        <Email>fweasley@hogwarts.co.uk</Email>
      </Author>
      <Author>
        <Name>George</Name>
        <Email>gweasley@hogwarts.co.uk</Email>
      </Author>
    </Authors>
    <name>Book1</name>
  </book>
  <book year="2014" isbn="ISBN83763550019---11">
    <Authors>
      <Author>
        <Name>Fred</Name>
        <Email>fweasley@hogwarts.co.uk</Email>
      </Author>
      <Author>
        <Name>George</Name>
        <Email>gweasley@hogwarts.co.uk</Email>
      </Author>
    </Authors>
    <name>Book2</name>
  </book>
  <book year="2014" isbn="ISBN83763550019---11">
    <Authors>
      <Author>
        <Name>Fred</Name>
        <Email>fweasley@hogwarts.co.uk</Email>
      </Author>
      <Author>
        <Name>George</Name>
        <Email>gweasley@hogwarts.co.uk</Email>
      </Author>
    </Authors>
    <name>Book1</name>
  </book>
  <book year="2014" isbn="ISBN83763550019---11">
    <Authors>
      <Author>
        <Name>Fred</Name>
        <Email>fweasley@hogwarts.co.uk</Email>
      </Author>
      <Author>
        <Name>George</Name>
        <Email>gweasley@hogwarts.co.uk</Email>
      </Author>
    </Authors>
    <name>Book2</name>
  </book>
  <book year="2014" isbn="ISBN83763550019---11">
    <Authors>
      <Author>
        <Name>Fred</Name>
        <Email>fweasley@hogwarts.co.uk</Email>
      </Author>
      <Author>
        <Name>George</Name>
        <Email>gweasley@hogwarts.co.uk</Email>
      </Author>
    </Authors>
    <name>Book1</name>
  </book>
  <book year="2014" isbn="ISBN83763550019---11">
    <Authors>
      <Author>
        <Name>Fred</Name>
        <Email>fweasley@hogwarts.co.uk</Email>
      </Author>
      <Author>
        <Name>George</Name>
        <Email>gweasley@hogwarts.co.uk</Email>
      </Author>
    </Authors>
    <name>Book2</name>
  </book>
  <book year="2014" isbn="ISBN83763550019---11">
    <Authors>
      <Author>
        <Name>Fred</Name>
        <Email>fweasley@hogwarts.co.uk</Email>
      </Author>
      <Author>
        <Name>George</Name>
        <Email>gweasley@hogwarts.co.uk</Email>
      </Author>
    </Authors>
    <name>Book1</name>
  </book>
  <book year="2014" isbn="ISBN83763550019---11">
    <Authors>
      <Author>
        <Name>Fred</Name>
        <Email>fweasley@hogwarts.co.uk</Email>
      </Author>
      <Author>
        <Name>George</Name>
        <Email>gweasley@hogwarts.co.uk</Email>
      </Author>
    </Authors>
    <name>Book2</name>
  </book>
  <book year="2014" isbn="ISBN83763550019---11">
    <Authors>
      <Author>
        <Name>Fred</Name>
        <Email>fweasley@hogwarts.co.uk</Email>
      </Author>
      <Author>
        <Name>George</Name>
        <Email>gweasley@hogwarts.co.uk</Email>
      </Author>
    </Authors>
    <name>Book1</name>
  </book>
  <book year="2014" isbn="ISBN83763550019---11">
    <Authors>
      <Author>
        <Name>Fred</Name>
        <Email>fweasley@hogwarts.co.uk</Email>
      </Author>
      <Author>
        <Name>George</Name>
        <Email>gweasley@hogwarts.co.uk</Email>
      </Author>
    </Authors>
    <name>Book2</name>
  </book>
  <book year="2014" isbn="ISBN83763550019---11">
    <Authors>
      <Author>
        <Name>Fred</Name>
        <Email>fweasley@hogwarts.co.uk</Email>
      </Author>
      <Author>
        <Name>George</Name>
        <Email>gweasley@hogwarts.co.uk</Email>
      </Author>
    </Authors>
    <name>Book1</name>
  </book>
  <book year="2014" isbn="ISBN83763550019---11">
    <Authors>
      <Author>
        <Name>Fred</Name>
        <Email>fweasley@hogwarts.co.uk</Email>
      </Author>
      <Author>
        <Name>George</Name>
        <Email>gweasley@hogwarts.co.uk</Email>
      </Author>
    </Authors>
    <name>Book2</name>
  </book>
  <book year="2014" isbn="ISBN83763550019---11">
    <Authors>
      <Author>
        <Name>Fred</Name>
        <Email>fweasley@hogwarts.co.uk</Email>
      </Author>
      <Author>
        <Name>George</Name>
        <Email>gweasley@hogwarts.co.uk</Email>
      </Author>
    </Authors>
    <name>Book1</name>
  </book>
  <book year="2014" isbn="ISBN83763550019---11">
    <Authors>
      <Author>
        <Name>Fred</Name>
        <Email>fweasley@hogwarts.co.uk</Email>
      </Author>
      <Author>
        <Name>George</Name>
        <Email>gweasley@hogwarts.co.uk</Email>
      </Author>
    </Authors>
    <name>Book2</name>
  </book>
  <book year="2014" isbn="ISBN83763550019---11">
    <Authors>
      <Author>
        <Name>Fred</Name>
        <Email>fweasley@hogwarts.co.uk</Email>
      </Author>
      <Author>
        <Name>George</Name>
        <Email>gweasley@hogwarts.co.uk</Email>
      </Author>
    </Authors>
    <name>Book1</name>
  </book>
  <book year="2014" isbn="ISBN83763550019---11">
    <Authors>
      <Author>
        <Name>Fred</Name>
        <Email>fweasley@hogwarts.co.uk</Email>
      </Author>
      <Author>
        <Name>George</Name>
        <Email>gweasley@hogwarts.co.uk</Email>
      </Author>
    </Authors>
    <name>Book2</name>
  </book>
  <book year="2014" isbn="ISBN83763550019---11">
    <Authors>
      <Author>
        <Name>Fred</Name>
        <Email>fweasley@hogwarts.co.uk</Email>
      </Author>
      <Author>
        <Name>George</Name>
        <Email>gweasley@hogwarts.co.uk</Email>
      </Author>
    </Authors>
    <name>Book1</name>
  </book>
  <book year="2014" isbn="ISBN83763550019---11">
    <Authors>
      <Author>
        <Name>Fred</Name>
        <Email>fweasley@hogwarts.co.uk</Email>
      </Author>
      <Author>
        <Name>George</Name>
        <Email>gweasley@hogwarts.co.uk</Email>
      </Author>
    </Authors>
    <name>Book2</name>
  </book>
  <book year="2014" isbn="ISBN83763550019---11">
    <Authors>
      <Author>
        <Name>Fred</Name>
        <Email>fweasley@hogwarts.co.uk</Email>
      </Author>
      <Author>
        <Name>George</Name>
        <Email>gweasley@hogwarts.co.uk</Email>
      </Author>
    </Authors>
    <name>Book1</name>
  </book>
  <book year="2014" isbn="ISBN83763550019---11">
    <Authors>
      <Author>
        <Name>Fred</Name>
        <Email>fweasley@hogwarts.co.uk</Email>
      </Author>
      <Author>
        <Name>George</Name>
        <Email>gweasley@hogwarts.co.uk</Email>
      </Author>
    </Authors>
    <name>Book2</name>
  </book>
  <book year="2014" isbn="ISBN83763550019---11">
    <Authors>
      <Author>
        <Name>Fred</Name>
        <Email>fweasley@hogwarts.co.uk</Email>
      </Author>
      <Author>
        <Name>George</Name>
        <Email>gweasley@hogwarts.co.uk</Email>
      </Author>
    </Authors>
    <name>Book1</name>
  </book>
  <book year="2014" isbn="ISBN83763550019---11">
    <Authors>
      <Author>
        <Name>Fred</Name>
        <Email>fweasley@hogwarts.co.uk</Email>
      </Author>
      <Author>
        <Name>George</Name>
        <Email>gweasley@hogwarts.co.uk</Email>
      </Author>
    </Authors>
    <name>Book2</name>
  </book>
  <book year="2014" isbn="ISBN83763550019---11">
    <Authors>
      <Author>
        <Name>Fred</Name>
        <Email>fweasley@hogwarts.co.uk</Email>
      </Author>
      <Author>
        <Name>George</Name>
        <Email>gweasley@hogwarts.co.uk</Email>
      </Author>
    </Authors>
    <name>Book1</name>
  </book>
  <book year="2014" isbn="ISBN83763550019---11">
    <Authors>
      <Author>
        <Name>Fred</Name>
        <Email>fweasley@hogwarts.co.uk</Email>
      </Author>
      <Author>
        <Name>George</Name>
        <Email>gweasley@hogwarts.co.uk</Email>
      </Author>
    </Authors>
    <name>Book2</name>
  </book>
  <book year="2014" isbn="ISBN83763550019---11">
    <Authors>
      <Author>
        <Name>Fred</Name>
        <Email>fweasley@hogwarts.co.uk</Email>
      </Author>
      <Author>
        <Name>George</Name>
        <Email>gweasley@hogwarts.co.uk</Email>
      </Author>
    </Authors>
    <name>Book1</name>
  </book>
  <book year="2014" isbn="ISBN83763550019---11">
    <Authors>
      <Author>
        <Name>Fred</Name>
        <Email>fweasley@hogwarts.co.uk</Email>
      </Author>
      <Author>
        <Name>George</Name>
        <Email>gweasley@hogwarts.co.uk</Email>
      </Author>
    </Authors>
    <name>Book2</name>
  </book>
  <book year="2014" isbn="ISBN83763550019---11">
    <Authors>
      <Author>
        <Name>Fred</Name>
        <Email>fweasley@hogwarts.co.uk</Email>
      </Author>
      <Author>
        <Name>George</Name>
        <Email>gweasley@hogwarts.co.uk</Email>
      </Author>
    </Authors>
    <name>Book1</name>
  </book>
  <book year="2014" isbn="ISBN83763550019---11">
    <Authors>
      <Author>
        <Name>Fred</Name>
        <Email>fweasley@hogwarts.co.uk</Email>
      </Author>
      <Author>
        <Name>George</Name>
        <Email>gweasley@hogwarts.co.uk</Email>
      </Author>
    </Authors>
    <name>Book2</name>
  </book>
  <book year="2014" isbn="ISBN83763550019---11">
    <Authors>
      <Author>
        <Name>Fred</Name>
        <Email>fweasley@hogwarts.co.uk</Email>
      </Author>
      <Author>
        <Name>George</Name>
        <Email>gweasley@hogwarts.co.uk</Email>
      </Author>
    </Authors>
    <name>Book1</name>
  </book>
  <book year="2014" isbn="ISBN83763550019---11">
    <Authors>
      <Author>
        <Name>Fred</Name>
        <Email>fweasley@hogwarts.co.uk</Email>
      </Author>
      <Author>
        <Name>George</Name>
        <Email>gweasley@hogwarts.co.uk</Email>
      </Author>
    </Authors>
    <name>Book2</name>
  </book>
  <book year="2014" isbn="ISBN83763550019---11">
    <Authors>
      <Author>
        <Name>Fred</Name>
        <Email>fweasley@hogwarts.co.uk</Email>
      </Author>
      <Author>
        <Name>George</Name>
        <Email>gweasley@hogwarts.co.uk</Email>
      </Author>
    </Authors>
    <name>Book1</name>
  </book>
  <book year="2014" isbn="ISBN83763550019---11">
    <Authors>
      <Author>
        <Name>Fred</Name>
        <Email>fweasley@hogwarts.co.uk</Email>
      </Author>
      <Author>
        <Name>George</Name>
        <Email>gweasley@hogwarts.co.uk</Email>
      </Author>
    </Authors>
    <name>Book2</name>
  </book>
  <book year="2014" isbn="ISBN83763550019---11">
    <Authors>
      <Author>
        <Name>Fred</Name>
        <Email>fweasley@hogwarts.co.uk</Email>
      </Author>
      <Author>
        <Name>George</Name>
        <Email>gweasley@hogwarts.co.uk</Email>
      </Author>
    </Authors>
    <name>Book1</name>
  </book>
  <book year="2014" isbn="ISBN83763550019---11">
    <Authors>
      <Author>
        <Name>Fred</Name>
        <Email>fweasley@hogwarts.co.uk</Email>
      </Author>
      <Author>
        <Name>George</Name>
        <Email>gweasley@hogwarts.co.uk</Email>
      </Author>
    </Authors>
    <name>Book2</name>
  </book>
  <book year="2014" isbn="ISBN83763550019---11">
    <Authors>
      <Author>
        <Name>Fred</Name>
        <Email>fweasley@hogwarts.co.uk</Email>
      </Author>
      <Author>
        <Name>George</Name>
        <Email>gweasley@hogwarts.co.uk</Email>
      </Author>
    </Authors>
    <name>Book1</name>
  </book>
  <book year="2014" isbn="ISBN83763550019---11">
    <Authors>
      <Author>
        <Name>Fred</Name>
        <Email>fweasley@hogwarts.co.uk</Email>
      </Author>
      <Author>
        <Name>George</Name>
        <Email>gweasley@hogwarts.co.uk</Email>
      </Author>
    </Authors>
    <name>Book2</name>
  </book>
  <book year="2014" isbn="ISBN83763550019---11">
    <Authors>
      <Author>
        <Name>Fred</Name>
        <Email>fweasley@hogwarts.co.uk</Email>
      </Author>
      <Author>
        <Name>George</Name>
        <Email>gweasley@hogwarts.co.uk</Email>
      </Author>
    </Authors>
    <name>Book1</name>
  </book>
  <book year="2014" isbn="ISBN83763550019---11">
    <Authors>
      <Author>
        <Name>Fred</Name>
        <Email>fweasley@hogwarts.co.uk</Email>
      </Author>
      <Author>
        <Name>George</Name>
        <Email>gweasley@hogwarts.co.uk</Email>
      </Author>
    </Authors>
    <name>Book2</name>
  </book>
  <book year="2014" isbn="ISBN83763550019---11">
    <Authors>
      <Author>
        <Name>Fred</Name>
        <Email>fweasley@hogwarts.co.uk</Email>
      </Author>
      <Author>
        <Name>George</Name>
        <Email>gweasley@hogwarts.co.uk</Email>
      </Author>
    </Authors>
    <name>Book1</name>
  </book>
  <book year="2014" isbn="ISBN83763550019---11">
    <Authors>
      <Author>
        <Name>Fred</Name>
        <Email>fweasley@hogwarts.co.uk</Email>
      </Author>
      <Author>
        <Name>George</Name>
        <Email>gweasley@hogwarts.co.uk</Email>
      </Author>
    </Authors>
    <name>Book2</name>
  </book>
  <book year="2014" isbn="ISBN83763550019---11">
    <Authors>
      <Author>
        <Name>Fred</Name>
        <Email>fweasley@hogwarts.co.uk</Email>
      </Author>
      <Author>
        <Name>George</Name>
        <Email>gweasley@hogwarts.co.uk</Email>
      </Author>
    </Authors>
    <name>Book1</name>
  </book>
  <book year="2014" isbn="ISBN83763550019---11">
    <Authors>
      <Author>
        <Name>Fred</Name>
        <Email>fweasley@hogwarts.co.uk</Email>
      </Author>
      <Author>
        <Name>George</Name>
        <Email>gweasley@hogwarts.co.uk</Email>
      </Author>
    </Authors>
    <name>Book2</name>
  </book>
  <book year="2014" isbn="ISBN83763550019---11">
    <Authors>
      <Author>
        <Name>Fred</Name>
        <Email>fweasley@hogwarts.co.uk</Email>
      </Author>
      <Author>
        <Name>George</Name>
        <Email>gweasley@hogwarts.co.uk</Email>
      </Author>
    </Authors>
    <name>Book1</name>
  </book>
  <book year="2014" isbn="ISBN83763550019---11">
    <Authors>
      <Author>
        <Name>Fred</Name>
        <Email>fweasley@hogwarts.co.uk</Email>
      </Author>
      <Author>
        <Name>George</Name>
        <Email>gweasley@hogwarts.co.uk</Email>
      </Author>
    </Authors>
    <name>Book2</name>
  </book>
  <book year="2014" isbn="ISBN83763550019---11">
    <Authors>
      <Author>
        <Name>Fred</Name>
        <Email>fweasley@hogwarts.co.uk</Email>
      </Author>
      <Author>
        <Name>George</Name>
        <Email>gweasley@hogwarts.co.uk</Email>
      </Author>
    </Authors>
    <name>Book1</name>
  </book>
  <book year="2014" isbn="ISBN83763550019---11">
    <Authors>
      <Author>
        <Name>Fred</Name>
        <Email>fweasley@hogwarts.co.uk</Email>
      </Author>
      <Author>
        <Name>George</Name>
        <Email>gweasley@hogwarts.co.uk</Email>
      </Author>
    </Authors>
    <name>Book2</name>
  </book>
  <book year="2014" isbn="ISBN83763550019---11">
    <Authors>
      <Author>
        <Name>Fred</Name>
        <Email>fweasley@hogwarts.co.uk</Email>
      </Author>
      <Author>
        <Name>George</Name>
        <Email>gweasley@hogwarts.co.uk</Email>
      </Author>
    </Authors>
    <name>Book1</name>
  </book>
  <book year="2014" isbn="ISBN83763550019---11">
    <Authors>
      <Author>
        <Name>Fred</Name>
        <Email>fweasley@hogwarts.co.uk</Email>
      </Author>
      <Author>
        <Name>George</Name>
        <Email>gweasley@hogwarts.co.uk</Email>
      </Author>
    </Authors>
    <name>Book2</name>
  </book>
  <book year="2014" isbn="ISBN83763550019---11">
    <Authors>
      <Author>
        <Name>Fred</Name>
        <Email>fweasley@hogwarts.co.uk</Email>
      </Author>
      <Author>
        <Name>George</Name>
        <Email>gweasley@hogwarts.co.uk</Email>
      </Author>
    </Authors>
    <name>Book1</name>
  </book>
  <book year="2014" isbn="ISBN83763550019---11">
    <Authors>
      <Author>
        <Name>Fred</Name>
        <Email>fweasley@hogwarts.co.uk</Email>
      </Author>
      <Author>
        <Name>George</Name>
        <Email>gweasley@hogwarts.co.uk</Email>
      </Author>
    </Authors>
    <name>Book2</name>
  </book>
  <book year="2014" isbn="ISBN83763550019---11">
    <Authors>
      <Author>
        <Name>Fred</Name>
        <Email>fweasley@hogwarts.co.uk</Email>
      </Author>
      <Author>
        <Name>George</Name>
        <Email>gweasley@hogwarts.co.uk</Email>
      </Author>
    </Authors>
    <name>Book1</name>
  </book>
  <book year="2014" isbn="ISBN83763550019---11">
    <Authors>
      <Author>
        <Name>Fred</Name>
        <Email>fweasley@hogwarts.co.uk</Email>
      </Author>
      <Author>
        <Name>George</Name>
        <Email>gweasley@hogwarts.co.uk</Email>
      </Author>
    </Authors>
    <name>Book2</name>
  </book>
  <book year="2014" isbn="ISBN83763550019---11">
    <Authors>
      <Author>
        <Name>Fred</Name>
        <Email>fweasley@hogwarts.co.uk</Email>
      </Author>
      <Author>
        <Name>George</Name>
        <Email>gweasley@hogwarts.co.uk</Email>
      </Author>
    </Authors>
    <name>Book1</name>
  </book>
  <book year="2014" isbn="ISBN83763550019---11">
    <Authors>
      <Author>
        <Name>Fred</Name>
        <Email>fweasley@hogwarts.co.uk</Email>
      </Author>
      <Author>
        <Name>George</Name>
        <Email>gweasley@hogwarts.co.uk</Email>
      </Author>
    </Authors>
    <name>Book2</name>
  </book>
  <book year="2014" isbn="ISBN83763550019---11">
    <Authors>
      <Author>
        <Name>Fred</Name>
        <Email>fweasley@hogwarts.co.uk</Email>
      </Author>
      <Author>
        <Name>George</Name>
        <Email>gweasley@hogwarts.co.uk</Email>
      </Author>
    </Authors>
    <name>Book1</name>
  </book>
  <book year="2014" isbn="ISBN83763550019---11">
    <Authors>
      <Author>
        <Name>Fred</Name>
        <Email>fweasley@hogwarts.co.uk</Email>
      </Author>
      <Author>
        <Name>George</Name>
        <Email>gweasley@hogwarts.co.uk</Email>
      </Author>
    </Authors>
    <name>Book2</name>
  </book>
  <book year="2014" isbn="ISBN83763550019---11">
    <Authors>
      <Author>
        <Name>Fred</Name>
        <Email>fweasley@hogwarts.co.uk</Email>
      </Author>
      <Author>
        <Name>George</Name>
        <Email>gweasley@hogwarts.co.uk</Email>
      </Author>
    </Authors>
    <name>Book1</name>
  </book>
  <book year="2014" isbn="ISBN83763550019---11">
    <Authors>
      <Author>
        <Name>Fred</Name>
        <Email>fweasley@hogwarts.co.uk</Email>
      </Author>
      <Author>
        <Name>George</Name>
        <Email>gweasley@hogwarts.co.uk</Email>
      </Author>
    </Authors>
    <name>Book2</name>
  </book>
  <book year="2014" isbn="ISBN83763550019---11">
    <Authors>
      <Author>
        <Name>Fred</Name>
        <Email>fweasley@hogwarts.co.uk</Email>
      </Author>
      <Author>
        <Name>George</Name>
        <Email>gweasley@hogwarts.co.uk</Email>
      </Author>
    </Authors>
    <name>Book1</name>
  </book>
  <book year="2014" isbn="ISBN83763550019---11">
    <Authors>
      <Author>
        <Name>Fred</Name>
        <Email>fweasley@hogwarts.co.uk</Email>
      </Author>
      <Author>
        <Name>George</Name>
        <Email>gweasley@hogwarts.co.uk</Email>
      </Author>
    </Authors>
    <name>Book2</name>
  </book>
  <book year="2014" isbn="ISBN83763550019---11">
    <Authors>
      <Author>
        <Name>Fred</Name>
        <Email>fweasley@hogwarts.co.uk</Email>
      </Author>
      <Author>
        <Name>George</Name>
        <Email>gweasley@hogwarts.co.uk</Email>
      </Author>
    </Authors>
    <name>Book1</name>
  </book>
  <book year="2014" isbn="ISBN83763550019---11">
    <Authors>
      <Author>
        <Name>Fred</Name>
        <Email>fweasley@hogwarts.co.uk</Email>
      </Author>
      <Author>
        <Name>George</Name>
        <Email>gweasley@hogwarts.co.uk</Email>
      </Author>
    </Authors>
    <name>Book2</name>
  </book>
  <book year="2014" isbn="ISBN83763550019---11">
    <Authors>
      <Author>
        <Name>Fred</Name>
        <Email>fweasley@hogwarts.co.uk</Email>
      </Author>
      <Author>
        <Name>George</Name>
        <Email>gweasley@hogwarts.co.uk</Email>
      </Author>
    </Authors>
    <name>Book1</name>
  </book>
  <book year="2014" isbn="ISBN83763550019---11">
    <Authors>
      <Author>
        <Name>Fred</Name>
        <Email>fweasley@hogwarts.co.uk</Email>
      </Author>
      <Author>
        <Name>George</Name>
        <Email>gweasley@hogwarts.co.uk</Email>
      </Author>
    </Authors>
    <name>Book2</name>
  </book>
  <book year="2014" isbn="ISBN83763550019---11">
    <Authors>
      <Author>
        <Name>Fred</Name>
        <Email>fweasley@hogwarts.co.uk</Email>
      </Author>
      <Author>
        <Name>George</Name>
        <Email>gweasley@hogwarts.co.uk</Email>
      </Author>
    </Authors>
    <name>Book1</name>
  </book>
  <book year="2014" isbn="ISBN83763550019---11">
    <Authors>
      <Author>
        <Name>Fred</Name>
        <Email>fweasley@hogwarts.co.uk</Email>
      </Author>
      <Author>
        <Name>George</Name>
        <Email>gweasley@hogwarts.co.uk</Email>
      </Author>
    </Authors>
    <name>Book2</name>
  </book>
  <book year="2014" isbn="ISBN83763550019---11">
    <Authors>
      <Author>
        <Name>Fred</Name>
        <Email>fweasley@hogwarts.co.uk</Email>
      </Author>
      <Author>
        <Name>George</Name>
        <Email>gweasley@hogwarts.co.uk</Email>
      </Author>
    </Authors>
    <name>Book1</name>
  </book>
  <book year="2014" isbn="ISBN83763550019---11">
    <Authors>
      <Author>
        <Name>Fred</Name>
        <Email>fweasley@hogwarts.co.uk</Email>
      </Author>
      <Author>
        <Name>George</Name>
        <Email>gweasley@hogwarts.co.uk</Email>
      </Author>
    </Authors>
    <name>Book2</name>
  </book>
  <book year="2014" isbn="ISBN83763550019---11">
    <Authors>
      <Author>
        <Name>Fred</Name>
        <Email>fweasley@hogwarts.co.uk</Email>
      </Author>
      <Author>
        <Name>George</Name>
        <Email>gweasley@hogwarts.co.uk</Email>
      </Author>
    </Authors>
    <name>Book1</name>
  </book>
  <book year="2014" isbn="ISBN83763550019---11">
    <Authors>
      <Author>
        <Name>Fred</Name>
        <Email>fweasley@hogwarts.co.uk</Email>
      </Author>
      <Author>
        <Name>George</Name>
        <Email>gweasley@hogwarts.co.uk</Email>
      </Author>
    </Authors>
    <name>Book2</name>
  </book>
  <book year="2014" isbn="ISBN83763550019---11">
    <Authors>
      <Author>
        <Name>Fred</Name>
        <Email>fweasley@hogwarts.co.uk</Email>
      </Author>
      <Author>
        <Name>George</Name>
        <Email>gweasley@hogwarts.co.uk</Email>
      </Author>
    </Authors>
    <name>Book1</name>
  </book>
  <book year="2014" isbn="ISBN83763550019---11">
    <Authors>
      <Author>
        <Name>Fred</Name>
        <Email>fweasley@hogwarts.co.uk</Email>
      </Author>
      <Author>
        <Name>George</Name>
        <Email>gweasley@hogwarts.co.uk</Email>
      </Author>
    </Authors>
    <name>Book2</name>
  </book>
  <book year="2014" isbn="ISBN83763550019---11">
    <Authors>
      <Author>
        <Name>Fred</Name>
        <Email>fweasley@hogwarts.co.uk</Email>
      </Author>
      <Author>
        <Name>George</Name>
        <Email>gweasley@hogwarts.co.uk</Email>
      </Author>
    </Authors>
    <name>Book1</name>
  </book>
  <book year="2014" isbn="ISBN83763550019---11">
    <Authors>
      <Author>
        <Name>Fred</Name>
        <Email>fweasley@hogwarts.co.uk</Email>
      </Author>
      <Author>
        <Name>George</Name>
        <Email>gweasley@hogwarts.co.uk</Email>
      </Author>
    </Authors>
    <name>Book2</name>
  </book>
  <book year="2014" isbn="ISBN83763550019---11">
    <Authors>
      <Author>
        <Name>Fred</Name>
        <Email>fweasley@hogwarts.co.uk</Email>
      </Author>
      <Author>
        <Name>George</Name>
        <Email>gweasley@hogwarts.co.uk</Email>
      </Author>
    </Authors>
    <name>Book1</name>
  </book>
  <book year="2014" isbn="ISBN83763550019---11">
    <Authors>
      <Author>
        <Name>Fred</Name>
        <Email>fweasley@hogwarts.co.uk</Email>
      </Author>
      <Author>
        <Name>George</Name>
        <Email>gweasley@hogwarts.co.uk</Email>
      </Author>
    </Authors>
    <name>Book2</name>
  </book>
  <book year="2014" isbn="ISBN83763550019---11">
    <Authors>
      <Author>
        <Name>Fred</Name>
        <Email>fweasley@hogwarts.co.uk</Email>
      </Author>
      <Author>
        <Name>George</Name>
        <Email>gweasley@hogwarts.co.uk</Email>
      </Author>
    </Authors>
    <name>Book1</name>
  </book>
  <book year="2014" isbn="ISBN83763550019---11">
    <Authors>
      <Author>
        <Name>Fred</Name>
        <Email>fweasley@hogwarts.co.uk</Email>
      </Author>
      <Author>
        <Name>George</Name>
        <Email>gweasley@hogwarts.co.uk</Email>
      </Author>
    </Authors>
    <name>Book2</name>
  </book>
  <book year="2014" isbn="ISBN83763550019---11">
    <Authors>
      <Author>
        <Name>Fred</Name>
        <Email>fweasley@hogwarts.co.uk</Email>
      </Author>
      <Author>
        <Name>George</Name>
        <Email>gweasley@hogwarts.co.uk</Email>
      </Author>
    </Authors>
    <name>Book1</name>
  </book>
  <book year="2014" isbn="ISBN83763550019---11">
    <Authors>
      <Author>
        <Name>Fred</Name>
        <Email>fweasley@hogwarts.co.uk</Email>
      </Author>
      <Author>
        <Name>George</Name>
        <Email>gweasley@hogwarts.co.uk</Email>
      </Author>
    </Authors>
    <name>Book2</name>
  </book>
  <book year="2014" isbn="ISBN83763550019---11">
    <Authors>
      <Author>
        <Name>Fred</Name>
        <Email>fweasley@hogwarts.co.uk</Email>
      </Author>
      <Author>
        <Name>George</Name>
        <Email>gweasley@hogwarts.co.uk</Email>
      </Author>
    </Authors>
    <name>Book1</name>
  </book>
  <book year="2014" isbn="ISBN83763550019---11">
    <Authors>
      <Author>
        <Name>Fred</Name>
        <Email>fweasley@hogwarts.co.uk</Email>
      </Author>
      <Author>
        <Name>George</Name>
        <Email>gweasley@hogwarts.co.uk</Email>
      </Author>
    </Authors>
    <name>Book2</name>
  </book>
  <book year="2014" isbn="ISBN83763550019---11">
    <Authors>
      <Author>
        <Name>Fred</Name>
        <Email>fweasley@hogwarts.co.uk</Email>
      </Author>
      <Author>
        <Name>George</Name>
        <Email>gweasley@hogwarts.co.uk</Email>
      </Author>
    </Authors>
    <name>Book1</name>
  </book>
  <book year="2014" isbn="ISBN83763550019---11">
    <Authors>
      <Author>
        <Name>Fred</Name>
        <Email>fweasley@hogwarts.co.uk</Email>
      </Author>
      <Author>
        <Name>George</Name>
        <Email>gweasley@hogwarts.co.uk</Email>
      </Author>
    </Authors>
    <name>Book2</name>
  </book>
  <book year="2014" isbn="ISBN83763550019---11">
    <Authors>
      <Author>
        <Name>Fred</Name>
        <Email>fweasley@hogwarts.co.uk</Email>
      </Author>
      <Author>
        <Name>George</Name>
        <Email>gweasley@hogwarts.co.uk</Email>
      </Author>
    </Authors>
    <name>Book1</name>
  </book>
  <book year="2014" isbn="ISBN83763550019---11">
    <Authors>
      <Author>
        <Name>Fred</Name>
        <Email>fweasley@hogwarts.co.uk</Email>
      </Author>
      <Author>
        <Name>George</Name>
        <Email>gweasley@hogwarts.co.uk</Email>
      </Author>
    </Authors>
    <name>Book2</name>
  </book>
  <book year="2014" isbn="ISBN83763550019---11">
    <Authors>
      <Author>
        <Name>Fred</Name>
        <Email>fweasley@hogwarts.co.uk</Email>
      </Author>
      <Author>
        <Name>George</Name>
        <Email>gweasley@hogwarts.co.uk</Email>
      </Author>
    </Authors>
    <name>Book1</name>
  </book>
  <book year="2014" isbn="ISBN83763550019---11">
    <Authors>
      <Author>
        <Name>Fred</Name>
        <Email>fweasley@hogwarts.co.uk</Email>
      </Author>
      <Author>
        <Name>George</Name>
        <Email>gweasley@hogwarts.co.uk</Email>
      </Author>
    </Authors>
    <name>Book2</name>
  </book>
  <book year="2014" isbn="ISBN83763550019---11">
    <Authors>
      <Author>
        <Name>Fred</Name>
        <Email>fweasley@hogwarts.co.uk</Email>
      </Author>
      <Author>
        <Name>George</Name>
        <Email>gweasley@hogwarts.co.uk</Email>
      </Author>
    </Authors>
    <name>Book1</name>
  </book>
  <book year="2014" isbn="ISBN83763550019---11">
    <Authors>
      <Author>
        <Name>Fred</Name>
        <Email>fweasley@hogwarts.co.uk</Email>
      </Author>
      <Author>
        <Name>George</Name>
        <Email>gweasley@hogwarts.co.uk</Email>
      </Author>
    </Authors>
    <name>Book2</name>
  </book>
  <book year="2014" isbn="ISBN83763550019---11">
    <Authors>
      <Author>
        <Name>Fred</Name>
        <Email>fweasley@hogwarts.co.uk</Email>
      </Author>
      <Author>
        <Name>George</Name>
        <Email>gweasley@hogwarts.co.uk</Email>
      </Author>
    </Authors>
    <name>Book1</name>
  </book>
  <book year="2014" isbn="ISBN83763550019---11">
    <Authors>
      <Author>
        <Name>Fred</Name>
        <Email>fweasley@hogwarts.co.uk</Email>
      </Author>
      <Author>
        <Name>George</Name>
        <Email>gweasley@hogwarts.co.uk</Email>
      </Author>
    </Authors>
    <name>Book2</name>
  </book>
  <book year="2014" isbn="ISBN83763550019---11">
    <Authors>
      <Author>
        <Name>Fred</Name>
        <Email>fweasley@hogwarts.co.uk</Email>
      </Author>
      <Author>
        <Name>George</Name>
        <Email>gweasley@hogwarts.co.uk</Email>
      </Author>
    </Authors>
    <name>Book1</name>
  </book>
  <book year="2014" isbn="ISBN83763550019---11">
    <Authors>
      <Author>
        <Name>Fred</Name>
        <Email>fweasley@hogwarts.co.uk</Email>
      </Author>
      <Author>
        <Name>George</Name>
        <Email>gweasley@hogwarts.co.uk</Email>
      </Author>
    </Authors>
    <name>Book2</name>
  </book>
  <book year="2014" isbn="ISBN83763550019---11">
    <Authors>
      <Author>
        <Name>Fred</Name>
        <Email>fweasley@hogwarts.co.uk</Email>
      </Author>
      <Author>
        <Name>George</Name>
        <Email>gweasley@hogwarts.co.uk</Email>
      </Author>
    </Authors>
    <name>Book1</name>
  </book>
  <book year="2014" isbn="ISBN83763550019---11">
    <Authors>
      <Author>
        <Name>Fred</Name>
        <Email>fweasley@hogwarts.co.uk</Email>
      </Author>
      <Author>
        <Name>George</Name>
        <Email>gweasley@hogwarts.co.uk</Email>
      </Author>
    </Authors>
    <name>Book2</name>
  </book>
  <book year="2014" isbn="ISBN83763550019---11">
    <Authors>
      <Author>
        <Name>Fred</Name>
        <Email>fweasley@hogwarts.co.uk</Email>
      </Author>
      <Author>
        <Name>George</Name>
        <Email>gweasley@hogwarts.co.uk</Email>
      </Author>
    </Authors>
    <name>Book1</name>
  </book>
  <book year="2014" isbn="ISBN83763550019---11">
    <Authors>
      <Author>
        <Name>Fred</Name>
        <Email>fweasley@hogwarts.co.uk</Email>
      </Author>
      <Author>
        <Name>George</Name>
        <Email>gweasley@hogwarts.co.uk</Email>
      </Author>
    </Authors>
    <name>Book2</name>
  </book>
  <book year="2014" isbn="ISBN83763550019---11">
    <Authors>
      <Author>
        <Name>Fred</Name>
        <Email>fweasley@hogwarts.co.uk</Email>
      </Author>
      <Author>
        <Name>George</Name>
        <Email>gweasley@hogwarts.co.uk</Email>
      </Author>
    </Authors>
    <name>Book1</name>
  </book>
  <book year="2014" isbn="ISBN83763550019---11">
    <Authors>
      <Author>
        <Name>Fred</Name>
        <Email>fweasley@hogwarts.co.uk</Email>
      </Author>
      <Author>
        <Name>George</Name>
        <Email>gweasley@hogwarts.co.uk</Email>
      </Author>
    </Authors>
    <name>Book2</name>
  </book>
  <book year="2014" isbn="ISBN83763550019---11">
    <Authors>
      <Author>
        <Name>Fred</Name>
        <Email>fweasley@hogwarts.co.uk</Email>
      </Author>
      <Author>
        <Name>George</Name>
        <Email>gweasley@hogwarts.co.uk</Email>
      </Author>
    </Authors>
    <name>Book1</name>
  </book>
  <book year="2014" isbn="ISBN83763550019---11">
    <Authors>
      <Author>
        <Name>Fred</Name>
        <Email>fweasley@hogwarts.co.uk</Email>
      </Author>
      <Author>
        <Name>George</Name>
        <Email>gweasley@hogwarts.co.uk</Email>
      </Author>
    </Authors>
    <name>Book2</name>
  </book>
  <book year="2014" isbn="ISBN83763550019---11">
    <Authors>
      <Author>
        <Name>Fred</Name>
        <Email>fweasley@hogwarts.co.uk</Email>
      </Author>
      <Author>
        <Name>George</Name>
        <Email>gweasley@hogwarts.co.uk</Email>
      </Author>
    </Authors>
    <name>Book1</name>
  </book>
  <book year="2014" isbn="ISBN83763550019---11">
    <Authors>
      <Author>
        <Name>Fred</Name>
        <Email>fweasley@hogwarts.co.uk</Email>
      </Author>
      <Author>
        <Name>George</Name>
        <Email>gweasley@hogwarts.co.uk</Email>
      </Author>
    </Authors>
    <name>Book2</name>
  </book>
  <book year="2014" isbn="ISBN83763550019---11">
    <Authors>
      <Author>
        <Name>Fred</Name>
        <Email>fweasley@hogwarts.co.uk</Email>
      </Author>
      <Author>
        <Name>George</Name>
        <Email>gweasley@hogwarts.co.uk</Email>
      </Author>
    </Authors>
    <name>Book1</name>
  </book>
  <book year="2014" isbn="ISBN83763550019---11">
    <Authors>
      <Author>
        <Name>Fred</Name>
        <Email>fweasley@hogwarts.co.uk</Email>
      </Author>
      <Author>
        <Name>George</Name>
        <Email>gweasley@hogwarts.co.uk</Email>
      </Author>
    </Authors>
    <name>Book2</name>
  </book>
  <book year="2014" isbn="ISBN83763550019---11">
    <Authors>
      <Author>
        <Name>Fred</Name>
        <Email>fweasley@hogwarts.co.uk</Email>
      </Author>
      <Author>
        <Name>George</Name>
        <Email>gweasley@hogwarts.co.uk</Email>
      </Author>
    </Authors>
    <name>Book1</name>
  </book>
  <book year="2014" isbn="ISBN83763550019---11">
    <Authors>
      <Author>
        <Name>Fred</Name>
        <Email>fweasley@hogwarts.co.uk</Email>
      </Author>
      <Author>
        <Name>George</Name>
        <Email>gweasley@hogwarts.co.uk</Email>
      </Author>
    </Authors>
    <name>Book2</name>
  </book>
  <book year="2014" isbn="ISBN83763550019---11">
    <Authors>
      <Author>
        <Name>Fred</Name>
        <Email>fweasley@hogwarts.co.uk</Email>
      </Author>
      <Author>
        <Name>George</Name>
        <Email>gweasley@hogwarts.co.uk</Email>
      </Author>
    </Authors>
    <name>Book1</name>
  </book>
  <book year="2014" isbn="ISBN83763550019---11">
    <Authors>
      <Author>
        <Name>Fred</Name>
        <Email>fweasley@hogwarts.co.uk</Email>
      </Author>
      <Author>
        <Name>George</Name>
        <Email>gweasley@hogwarts.co.uk</Email>
      </Author>
    </Authors>
    <name>Book2</name>
  </book>
  <book year="2014" isbn="ISBN83763550019---11">
    <Authors>
      <Author>
        <Name>Fred</Name>
        <Email>fweasley@hogwarts.co.uk</Email>
      </Author>
      <Author>
        <Name>George</Name>
        <Email>gweasley@hogwarts.co.uk</Email>
      </Author>
    </Authors>
    <name>Book1</name>
  </book>
  <book year="2014" isbn="ISBN83763550019---11">
    <Authors>
      <Author>
        <Name>Fred</Name>
        <Email>fweasley@hogwarts.co.uk</Email>
      </Author>
      <Author>
        <Name>George</Name>
        <Email>gweasley@hogwarts.co.uk</Email>
      </Author>
    </Authors>
    <name>Book2</name>
  </book>
  <book year="2014" isbn="ISBN83763550019---11">
    <Authors>
      <Author>
        <Name>Fred</Name>
        <Email>fweasley@hogwarts.co.uk</Email>
      </Author>
      <Author>
        <Name>George</Name>
        <Email>gweasley@hogwarts.co.uk</Email>
      </Author>
    </Authors>
    <name>Book1</name>
  </book>
  <book year="2014" isbn="ISBN83763550019---11">
    <Authors>
      <Author>
        <Name>Fred</Name>
        <Email>fweasley@hogwarts.co.uk</Email>
      </Author>
      <Author>
        <Name>George</Name>
        <Email>gweasley@hogwarts.co.uk</Email>
      </Author>
    </Authors>
    <name>Book2</name>
  </book>
  <book year="2014" isbn="ISBN83763550019---11">
    <Authors>
      <Author>
        <Name>Fred</Name>
        <Email>fweasley@hogwarts.co.uk</Email>
      </Author>
      <Author>
        <Name>George</Name>
        <Email>gweasley@hogwarts.co.uk</Email>
      </Author>
    </Authors>
    <name>Book1</name>
  </book>
  <book year="2014" isbn="ISBN83763550019---11">
    <Authors>
      <Author>
        <Name>Fred</Name>
        <Email>fweasley@hogwarts.co.uk</Email>
      </Author>
      <Author>
        <Name>George</Name>
        <Email>gweasley@hogwarts.co.uk</Email>
      </Author>
    </Authors>
    <name>Book2</name>
  </book>
  <book year="2014" isbn="ISBN83763550019---11">
    <Authors>
      <Author>
        <Name>Fred</Name>
        <Email>fweasley@hogwarts.co.uk</Email>
      </Author>
      <Author>
        <Name>George</Name>
        <Email>gweasley@hogwarts.co.uk</Email>
      </Author>
    </Authors>
    <name>Book1</name>
  </book>
  <book year="2014" isbn="ISBN83763550019---11">
    <Authors>
      <Author>
        <Name>Fred</Name>
        <Email>fweasley@hogwarts.co.uk</Email>
      </Author>
      <Author>
        <Name>George</Name>
        <Email>gweasley@hogwarts.co.uk</Email>
      </Author>
    </Authors>
    <name>Book2</name>
  </book>
  <book year="2014" isbn="ISBN83763550019---11">
    <Authors>
      <Author>
        <Name>Fred</Name>
        <Email>fweasley@hogwarts.co.uk</Email>
      </Author>
      <Author>
        <Name>George</Name>
        <Email>gweasley@hogwarts.co.uk</Email>
      </Author>
    </Authors>
    <name>Book1</name>
  </book>
  <book year="2014" isbn="ISBN83763550019---11">
    <Authors>
      <Author>
        <Name>Fred</Name>
        <Email>fweasley@hogwarts.co.uk</Email>
      </Author>
      <Author>
        <Name>George</Name>
        <Email>gweasley@hogwarts.co.uk</Email>
      </Author>
    </Authors>
    <name>Book2</name>
  </book>
  <book year="2014" isbn="ISBN83763550019---11">
    <Authors>
      <Author>
        <Name>Fred</Name>
        <Email>fweasley@hogwarts.co.uk</Email>
      </Author>
      <Author>
        <Name>George</Name>
        <Email>gweasley@hogwarts.co.uk</Email>
      </Author>
    </Authors>
    <name>Book1</name>
  </book>
  <book year="2014" isbn="ISBN83763550019---11">
    <Authors>
      <Author>
        <Name>Fred</Name>
        <Email>fweasley@hogwarts.co.uk</Email>
      </Author>
      <Author>
        <Name>George</Name>
        <Email>gweasley@hogwarts.co.uk</Email>
      </Author>
    </Authors>
    <name>Book2</name>
  </book>
  <book year="2014" isbn="ISBN83763550019---11">
    <Authors>
      <Author>
        <Name>Fred</Name>
        <Email>fweasley@hogwarts.co.uk</Email>
      </Author>
      <Author>
        <Name>George</Name>
        <Email>gweasley@hogwarts.co.uk</Email>
      </Author>
    </Authors>
    <name>Book1</name>
  </book>
  <book year="2014" isbn="ISBN83763550019---11">
    <Authors>
      <Author>
        <Name>Fred</Name>
        <Email>fweasley@hogwarts.co.uk</Email>
      </Author>
      <Author>
        <Name>George</Name>
        <Email>gweasley@hogwarts.co.uk</Email>
      </Author>
    </Authors>
    <name>Book2</name>
  </book>
  <book year="2014" isbn="ISBN83763550019---11">
    <Authors>
      <Author>
        <Name>Fred</Name>
        <Email>fweasley@hogwarts.co.uk</Email>
      </Author>
      <Author>
        <Name>George</Name>
        <Email>gweasley@hogwarts.co.uk</Email>
      </Author>
    </Authors>
    <name>Book1</name>
  </book>
  <book year="2014" isbn="ISBN83763550019---11">
    <Authors>
      <Author>
        <Name>Fred</Name>
        <Email>fweasley@hogwarts.co.uk</Email>
      </Author>
      <Author>
        <Name>George</Name>
        <Email>gweasley@hogwarts.co.uk</Email>
      </Author>
    </Authors>
    <name>Book2</name>
  </book>
  <book year="2014" isbn="ISBN83763550019---11">
    <Authors>
      <Author>
        <Name>Fred</Name>
        <Email>fweasley@hogwarts.co.uk</Email>
      </Author>
      <Author>
        <Name>George</Name>
        <Email>gweasley@hogwarts.co.uk</Email>
      </Author>
    </Authors>
    <name>Book1</name>
  </book>
  <book year="2014" isbn="ISBN83763550019---11">
    <Authors>
      <Author>
        <Name>Fred</Name>
        <Email>fweasley@hogwarts.co.uk</Email>
      </Author>
      <Author>
        <Name>George</Name>
        <Email>gweasley@hogwarts.co.uk</Email>
      </Author>
    </Authors>
    <name>Book2</name>
  </book>
  <book year="2014" isbn="ISBN83763550019---11">
    <Authors>
      <Author>
        <Name>Fred</Name>
        <Email>fweasley@hogwarts.co.uk</Email>
      </Author>
      <Author>
        <Name>George</Name>
        <Email>gweasley@hogwarts.co.uk</Email>
      </Author>
    </Authors>
    <name>Book1</name>
  </book>
  <book year="2014" isbn="ISBN83763550019---11">
    <Authors>
      <Author>
        <Name>Fred</Name>
        <Email>fweasley@hogwarts.co.uk</Email>
      </Author>
      <Author>
        <Name>George</Name>
        <Email>gweasley@hogwarts.co.uk</Email>
      </Author>
    </Authors>
    <name>Book2</name>
  </book>
  <book year="2014" isbn="ISBN83763550019---11">
    <Authors>
      <Author>
        <Name>Fred</Name>
        <Email>fweasley@hogwarts.co.uk</Email>
      </Author>
      <Author>
        <Name>George</Name>
        <Email>gweasley@hogwarts.co.uk</Email>
      </Author>
    </Authors>
    <name>Book1</name>
  </book>
  <book year="2014" isbn="ISBN83763550019---11">
    <Authors>
      <Author>
        <Name>Fred</Name>
        <Email>fweasley@hogwarts.co.uk</Email>
      </Author>
      <Author>
        <Name>George</Name>
        <Email>gweasley@hogwarts.co.uk</Email>
      </Author>
    </Authors>
    <name>Book2</name>
  </book>
  <book year="2014" isbn="ISBN83763550019---11">
    <Authors>
      <Author>
        <Name>Fred</Name>
        <Email>fweasley@hogwarts.co.uk</Email>
      </Author>
      <Author>
        <Name>George</Name>
        <Email>gweasley@hogwarts.co.uk</Email>
      </Author>
    </Authors>
    <name>Book1</name>
  </book>
  <book year="2014" isbn="ISBN83763550019---11">
    <Authors>
      <Author>
        <Name>Fred</Name>
        <Email>fweasley@hogwarts.co.uk</Email>
      </Author>
      <Author>
        <Name>George</Name>
        <Email>gweasley@hogwarts.co.uk</Email>
      </Author>
    </Authors>
    <name>Book2</name>
  </book>
  <book year="2014" isbn="ISBN83763550019---11">
    <Authors>
      <Author>
        <Name>Fred</Name>
        <Email>fweasley@hogwarts.co.uk</Email>
      </Author>
      <Author>
        <Name>George</Name>
        <Email>gweasley@hogwarts.co.uk</Email>
      </Author>
    </Authors>
    <name>Book1</name>
  </book>
  <book year="2014" isbn="ISBN83763550019---11">
    <Authors>
      <Author>
        <Name>Fred</Name>
        <Email>fweasley@hogwarts.co.uk</Email>
      </Author>
      <Author>
        <Name>George</Name>
        <Email>gweasley@hogwarts.co.uk</Email>
      </Author>
    </Authors>
    <name>Book2</name>
  </book>
  <book year="2014" isbn="ISBN83763550019---11">
    <Authors>
      <Author>
        <Name>Fred</Name>
        <Email>fweasley@hogwarts.co.uk</Email>
      </Author>
      <Author>
        <Name>George</Name>
        <Email>gweasley@hogwarts.co.uk</Email>
      </Author>
    </Authors>
    <name>Book1</name>
  </book>
  <book year="2014" isbn="ISBN83763550019---11">
    <Authors>
      <Author>
        <Name>Fred</Name>
        <Email>fweasley@hogwarts.co.uk</Email>
      </Author>
      <Author>
        <Name>George</Name>
        <Email>gweasley@hogwarts.co.uk</Email>
      </Author>
    </Authors>
    <name>Book2</name>
  </book>
  <book year="2014" isbn="ISBN83763550019---11">
    <Authors>
      <Author>
        <Name>Fred</Name>
        <Email>fweasley@hogwarts.co.uk</Email>
      </Author>
      <Author>
        <Name>George</Name>
        <Email>gweasley@hogwarts.co.uk</Email>
      </Author>
    </Authors>
    <name>Book1</name>
  </book>
  <book year="2014" isbn="ISBN83763550019---11">
    <Authors>
      <Author>
        <Name>Fred</Name>
        <Email>fweasley@hogwarts.co.uk</Email>
      </Author>
      <Author>
        <Name>George</Name>
        <Email>gweasley@hogwarts.co.uk</Email>
      </Author>
    </Authors>
    <name>Book2</name>
  </book>
  <book year="2014" isbn="ISBN83763550019---11">
    <Authors>
      <Author>
        <Name>Fred</Name>
        <Email>fweasley@hogwarts.co.uk</Email>
      </Author>
      <Author>
        <Name>George</Name>
        <Email>gweasley@hogwarts.co.uk</Email>
      </Author>
    </Authors>
    <name>Book1</name>
  </book>
  <book year="2014" isbn="ISBN83763550019---11">
    <Authors>
      <Author>
        <Name>Fred</Name>
        <Email>fweasley@hogwarts.co.uk</Email>
      </Author>
      <Author>
        <Name>George</Name>
        <Email>gweasley@hogwarts.co.uk</Email>
      </Author>
    </Authors>
    <name>Book2</name>
  </book>
  <book year="2014" isbn="ISBN83763550019---11">
    <Authors>
      <Author>
        <Name>Fred</Name>
        <Email>fweasley@hogwarts.co.uk</Email>
      </Author>
      <Author>
        <Name>George</Name>
        <Email>gweasley@hogwarts.co.uk</Email>
      </Author>
    </Authors>
    <name>Book1</name>
  </book>
  <book year="2014" isbn="ISBN83763550019---11">
    <Authors>
      <Author>
        <Name>Fred</Name>
        <Email>fweasley@hogwarts.co.uk</Email>
      </Author>
      <Author>
        <Name>George</Name>
        <Email>gweasley@hogwarts.co.uk</Email>
      </Author>
    </Authors>
    <name>Book2</name>
  </book>
  <book year="2014" isbn="ISBN83763550019---11">
    <Authors>
      <Author>
        <Name>Fred</Name>
        <Email>fweasley@hogwarts.co.uk</Email>
      </Author>
      <Author>
        <Name>George</Name>
        <Email>gweasley@hogwarts.co.uk</Email>
      </Author>
    </Authors>
    <name>Book1</name>
  </book>
  <book year="2014" isbn="ISBN83763550019---11">
    <Authors>
      <Author>
        <Name>Fred</Name>
        <Email>fweasley@hogwarts.co.uk</Email>
      </Author>
      <Author>
        <Name>George</Name>
        <Email>gweasley@hogwarts.co.uk</Email>
      </Author>
    </Authors>
    <name>Book2</name>
  </book>
  <book year="2014" isbn="ISBN83763550019---11">
    <Authors>
      <Author>
        <Name>Fred</Name>
        <Email>fweasley@hogwarts.co.uk</Email>
      </Author>
      <Author>
        <Name>George</Name>
        <Email>gweasley@hogwarts.co.uk</Email>
      </Author>
    </Authors>
    <name>Book1</name>
  </book>
  <book year="2014" isbn="ISBN83763550019---11">
    <Authors>
      <Author>
        <Name>Fred</Name>
        <Email>fweasley@hogwarts.co.uk</Email>
      </Author>
      <Author>
        <Name>George</Name>
        <Email>gweasley@hogwarts.co.uk</Email>
      </Author>
    </Authors>
    <name>Book2</name>
  </book>
  <book year="2014" isbn="ISBN83763550019---11">
    <Authors>
      <Author>
        <Name>Fred</Name>
        <Email>fweasley@hogwarts.co.uk</Email>
      </Author>
      <Author>
        <Name>George</Name>
        <Email>gweasley@hogwarts.co.uk</Email>
      </Author>
    </Authors>
    <name>Book1</name>
  </book>
  <book year="2014" isbn="ISBN83763550019---11">
    <Authors>
      <Author>
        <Name>Fred</Name>
        <Email>fweasley@hogwarts.co.uk</Email>
      </Author>
      <Author>
        <Name>George</Name>
        <Email>gweasley@hogwarts.co.uk</Email>
      </Author>
    </Authors>
    <name>Book2</name>
  </book>
  <book year="2014" isbn="ISBN83763550019---11">
    <Authors>
      <Author>
        <Name>Fred</Name>
        <Email>fweasley@hogwarts.co.uk</Email>
      </Author>
      <Author>
        <Name>George</Name>
        <Email>gweasley@hogwarts.co.uk</Email>
      </Author>
    </Authors>
    <name>Book1</name>
  </book>
  <book year="2014" isbn="ISBN83763550019---11">
    <Authors>
      <Author>
        <Name>Fred</Name>
        <Email>fweasley@hogwarts.co.uk</Email>
      </Author>
      <Author>
        <Name>George</Name>
        <Email>gweasley@hogwarts.co.uk</Email>
      </Author>
    </Authors>
    <name>Book2</name>
  </book>
  <book year="2014" isbn="ISBN83763550019---11">
    <Authors>
      <Author>
        <Name>Fred</Name>
        <Email>fweasley@hogwarts.co.uk</Email>
      </Author>
      <Author>
        <Name>George</Name>
        <Email>gweasley@hogwarts.co.uk</Email>
      </Author>
    </Authors>
    <name>Book1</name>
  </book>
  <book year="2014" isbn="ISBN83763550019---11">
    <Authors>
      <Author>
        <Name>Fred</Name>
        <Email>fweasley@hogwarts.co.uk</Email>
      </Author>
      <Author>
        <Name>George</Name>
        <Email>gweasley@hogwarts.co.uk</Email>
      </Author>
    </Authors>
    <name>Book2</name>
  </book>
  <book year="2014" isbn="ISBN83763550019---11">
    <Authors>
      <Author>
        <Name>Fred</Name>
        <Email>fweasley@hogwarts.co.uk</Email>
      </Author>
      <Author>
        <Name>George</Name>
        <Email>gweasley@hogwarts.co.uk</Email>
      </Author>
    </Authors>
    <name>Book1</name>
  </book>
  <book year="2014" isbn="ISBN83763550019---11">
    <Authors>
      <Author>
        <Name>Fred</Name>
        <Email>fweasley@hogwarts.co.uk</Email>
      </Author>
      <Author>
        <Name>George</Name>
        <Email>gweasley@hogwarts.co.uk</Email>
      </Author>
    </Authors>
    <name>Book2</name>
  </book>
  <book year="2014" isbn="ISBN83763550019---11">
    <Authors>
      <Author>
        <Name>Fred</Name>
        <Email>fweasley@hogwarts.co.uk</Email>
      </Author>
      <Author>
        <Name>George</Name>
        <Email>gweasley@hogwarts.co.uk</Email>
      </Author>
    </Authors>
    <name>Book1</name>
  </book>
  <book year="2014" isbn="ISBN83763550019---11">
    <Authors>
      <Author>
        <Name>Fred</Name>
        <Email>fweasley@hogwarts.co.uk</Email>
      </Author>
      <Author>
        <Name>George</Name>
        <Email>gweasley@hogwarts.co.uk</Email>
      </Author>
    </Authors>
    <name>Book2</name>
  </book>
  <book year="2014" isbn="ISBN83763550019---11">
    <Authors>
      <Author>
        <Name>Fred</Name>
        <Email>fweasley@hogwarts.co.uk</Email>
      </Author>
      <Author>
        <Name>George</Name>
        <Email>gweasley@hogwarts.co.uk</Email>
      </Author>
    </Authors>
    <name>Book1</name>
  </book>
  <book year="2014" isbn="ISBN83763550019---11">
    <Authors>
      <Author>
        <Name>Fred</Name>
        <Email>fweasley@hogwarts.co.uk</Email>
      </Author>
      <Author>
        <Name>George</Name>
        <Email>gweasley@hogwarts.co.uk</Email>
      </Author>
    </Authors>
    <name>Book2</name>
  </book>
  <book year="2014" isbn="ISBN83763550019---11">
    <Authors>
      <Author>
        <Name>Fred</Name>
        <Email>fweasley@hogwarts.co.uk</Email>
      </Author>
      <Author>
        <Name>George</Name>
        <Email>gweasley@hogwarts.co.uk</Email>
      </Author>
    </Authors>
    <name>Book1</name>
  </book>
  <book year="2014" isbn="ISBN83763550019---11">
    <Authors>
      <Author>
        <Name>Fred</Name>
        <Email>fweasley@hogwarts.co.uk</Email>
      </Author>
      <Author>
        <Name>George</Name>
        <Email>gweasley@hogwarts.co.uk</Email>
      </Author>
    </Authors>
    <name>Book2</name>
  </book>
  <book year="2014" isbn="ISBN83763550019---11">
    <Authors>
      <Author>
        <Name>Fred</Name>
        <Email>fweasley@hogwarts.co.uk</Email>
      </Author>
      <Author>
        <Name>George</Name>
        <Email>gweasley@hogwarts.co.uk</Email>
      </Author>
    </Authors>
    <name>Book1</name>
  </book>
  <book year="2014" isbn="ISBN83763550019---11">
    <Authors>
      <Author>
        <Name>Fred</Name>
        <Email>fweasley@hogwarts.co.uk</Email>
      </Author>
      <Author>
        <Name>George</Name>
        <Email>gweasley@hogwarts.co.uk</Email>
      </Author>
    </Authors>
    <name>Book2</name>
  </book>
  <book year="2014" isbn="ISBN83763550019---11">
    <Authors>
      <Author>
        <Name>Fred</Name>
        <Email>fweasley@hogwarts.co.uk</Email>
      </Author>
      <Author>
        <Name>George</Name>
        <Email>gweasley@hogwarts.co.uk</Email>
      </Author>
    </Authors>
    <name>Book1</name>
  </book>
  <book year="2014" isbn="ISBN83763550019---11">
    <Authors>
      <Author>
        <Name>Fred</Name>
        <Email>fweasley@hogwarts.co.uk</Email>
      </Author>
      <Author>
        <Name>George</Name>
        <Email>gweasley@hogwarts.co.uk</Email>
      </Author>
    </Authors>
    <name>Book2</name>
  </book>
  <book year="2014" isbn="ISBN83763550019---11">
    <Authors>
      <Author>
        <Name>Fred</Name>
        <Email>fweasley@hogwarts.co.uk</Email>
      </Author>
      <Author>
        <Name>George</Name>
        <Email>gweasley@hogwarts.co.uk</Email>
      </Author>
    </Authors>
    <name>Book1</name>
  </book>
  <book year="2014" isbn="ISBN83763550019---11">
    <Authors>
      <Author>
        <Name>Fred</Name>
        <Email>fweasley@hogwarts.co.uk</Email>
      </Author>
      <Author>
        <Name>George</Name>
        <Email>gweasley@hogwarts.co.uk</Email>
      </Author>
    </Authors>
    <name>Book2</name>
  </book>
  <book year="2014" isbn="ISBN83763550019---11">
    <Authors>
      <Author>
        <Name>Fred</Name>
        <Email>fweasley@hogwarts.co.uk</Email>
      </Author>
      <Author>
        <Name>George</Name>
        <Email>gweasley@hogwarts.co.uk</Email>
      </Author>
    </Authors>
    <name>Book1</name>
  </book>
  <book year="2014" isbn="ISBN83763550019---11">
    <Authors>
      <Author>
        <Name>Fred</Name>
        <Email>fweasley@hogwarts.co.uk</Email>
      </Author>
      <Author>
        <Name>George</Name>
        <Email>gweasley@hogwarts.co.uk</Email>
      </Author>
    </Authors>
    <name>Book2</name>
  </book>
  <book year="2014" isbn="ISBN83763550019---11">
    <Authors>
      <Author>
        <Name>Fred</Name>
        <Email>fweasley@hogwarts.co.uk</Email>
      </Author>
      <Author>
        <Name>George</Name>
        <Email>gweasley@hogwarts.co.uk</Email>
      </Author>
    </Authors>
    <name>Book1</name>
  </book>
  <book year="2014" isbn="ISBN83763550019---11">
    <Authors>
      <Author>
        <Name>Fred</Name>
        <Email>fweasley@hogwarts.co.uk</Email>
      </Author>
      <Author>
        <Name>George</Name>
        <Email>gweasley@hogwarts.co.uk</Email>
      </Author>
    </Authors>
    <name>Book2</name>
  </book>
  <book year="2014" isbn="ISBN83763550019---11">
    <Authors>
      <Author>
        <Name>Fred</Name>
        <Email>fweasley@hogwarts.co.uk</Email>
      </Author>
      <Author>
        <Name>George</Name>
        <Email>gweasley@hogwarts.co.uk</Email>
      </Author>
    </Authors>
    <name>Book1</name>
  </book>
  <book year="2014" isbn="ISBN83763550019---11">
    <Authors>
      <Author>
        <Name>Fred</Name>
        <Email>fweasley@hogwarts.co.uk</Email>
      </Author>
      <Author>
        <Name>George</Name>
        <Email>gweasley@hogwarts.co.uk</Email>
      </Author>
    </Authors>
    <name>Book2</name>
  </book>
  <book year="2014" isbn="ISBN83763550019---11">
    <Authors>
      <Author>
        <Name>Fred</Name>
        <Email>fweasley@hogwarts.co.uk</Email>
      </Author>
      <Author>
        <Name>George</Name>
        <Email>gweasley@hogwarts.co.uk</Email>
      </Author>
    </Authors>
    <name>Book1</name>
  </book>
  <book year="2014" isbn="ISBN83763550019---11">
    <Authors>
      <Author>
        <Name>Fred</Name>
        <Email>fweasley@hogwarts.co.uk</Email>
      </Author>
      <Author>
        <Name>George</Name>
        <Email>gweasley@hogwarts.co.uk</Email>
      </Author>
    </Authors>
    <name>Book2</name>
  </book>
  <book year="2014" isbn="ISBN83763550019---11">
    <Authors>
      <Author>
        <Name>Fred</Name>
        <Email>fweasley@hogwarts.co.uk</Email>
      </Author>
      <Author>
        <Name>George</Name>
        <Email>gweasley@hogwarts.co.uk</Email>
      </Author>
    </Authors>
    <name>Book1</name>
  </book>
  <book year="2014" isbn="ISBN83763550019---11">
    <Authors>
      <Author>
        <Name>Fred</Name>
        <Email>fweasley@hogwarts.co.uk</Email>
      </Author>
      <Author>
        <Name>George</Name>
        <Email>gweasley@hogwarts.co.uk</Email>
      </Author>
    </Authors>
    <name>Book2</name>
  </book>
  <book year="2014" isbn="ISBN83763550019---11">
    <Authors>
      <Author>
        <Name>Fred</Name>
        <Email>fweasley@hogwarts.co.uk</Email>
      </Author>
      <Author>
        <Name>George</Name>
        <Email>gweasley@hogwarts.co.uk</Email>
      </Author>
    </Authors>
    <name>Book1</name>
  </book>
  <book year="2014" isbn="ISBN83763550019---11">
    <Authors>
      <Author>
        <Name>Fred</Name>
        <Email>fweasley@hogwarts.co.uk</Email>
      </Author>
      <Author>
        <Name>George</Name>
        <Email>gweasley@hogwarts.co.uk</Email>
      </Author>
    </Authors>
    <name>Book2</name>
  </book>
  <book year="2014" isbn="ISBN83763550019---11">
    <Authors>
      <Author>
        <Name>Fred</Name>
        <Email>fweasley@hogwarts.co.uk</Email>
      </Author>
      <Author>
        <Name>George</Name>
        <Email>gweasley@hogwarts.co.uk</Email>
      </Author>
    </Authors>
    <name>Book1</name>
  </book>
  <book year="2014" isbn="ISBN83763550019---11">
    <Authors>
      <Author>
        <Name>Fred</Name>
        <Email>fweasley@hogwarts.co.uk</Email>
      </Author>
      <Author>
        <Name>George</Name>
        <Email>gweasley@hogwarts.co.uk</Email>
      </Author>
    </Authors>
    <name>Book2</name>
  </book>
  <book year="2014" isbn="ISBN83763550019---11">
    <Authors>
      <Author>
        <Name>Fred</Name>
        <Email>fweasley@hogwarts.co.uk</Email>
      </Author>
      <Author>
        <Name>George</Name>
        <Email>gweasley@hogwarts.co.uk</Email>
      </Author>
    </Authors>
    <name>Book1</name>
  </book>
  <book year="2014" isbn="ISBN83763550019---11">
    <Authors>
      <Author>
        <Name>Fred</Name>
        <Email>fweasley@hogwarts.co.uk</Email>
      </Author>
      <Author>
        <Name>George</Name>
        <Email>gweasley@hogwarts.co.uk</Email>
      </Author>
    </Authors>
    <name>Book2</name>
  </book>
  <book year="2014" isbn="ISBN83763550019---11">
    <Authors>
      <Author>
        <Name>Fred</Name>
        <Email>fweasley@hogwarts.co.uk</Email>
      </Author>
      <Author>
        <Name>George</Name>
        <Email>gweasley@hogwarts.co.uk</Email>
      </Author>
    </Authors>
    <name>Book1</name>
  </book>
  <book year="2014" isbn="ISBN83763550019---11">
    <Authors>
      <Author>
        <Name>Fred</Name>
        <Email>fweasley@hogwarts.co.uk</Email>
      </Author>
      <Author>
        <Name>George</Name>
        <Email>gweasley@hogwarts.co.uk</Email>
      </Author>
    </Authors>
    <name>Book2</name>
  </book>
  <book year="2014" isbn="ISBN83763550019---11">
    <Authors>
      <Author>
        <Name>Fred</Name>
        <Email>fweasley@hogwarts.co.uk</Email>
      </Author>
      <Author>
        <Name>George</Name>
        <Email>gweasley@hogwarts.co.uk</Email>
      </Author>
    </Authors>
    <name>Book1</name>
  </book>
  <book year="2014" isbn="ISBN83763550019---11">
    <Authors>
      <Author>
        <Name>Fred</Name>
        <Email>fweasley@hogwarts.co.uk</Email>
      </Author>
      <Author>
        <Name>George</Name>
        <Email>gweasley@hogwarts.co.uk</Email>
      </Author>
    </Authors>
    <name>Book2</name>
  </book>
  <book year="2014" isbn="ISBN83763550019---11">
    <Authors>
      <Author>
        <Name>Fred</Name>
        <Email>fweasley@hogwarts.co.uk</Email>
      </Author>
      <Author>
        <Name>George</Name>
        <Email>gweasley@hogwarts.co.uk</Email>
      </Author>
    </Authors>
    <name>Book1</name>
  </book>
  <book year="2014" isbn="ISBN83763550019---11">
    <Authors>
      <Author>
        <Name>Fred</Name>
        <Email>fweasley@hogwarts.co.uk</Email>
      </Author>
      <Author>
        <Name>George</Name>
        <Email>gweasley@hogwarts.co.uk</Email>
      </Author>
    </Authors>
    <name>Book2</name>
  </book>
  <book year="2014" isbn="ISBN83763550019---11">
    <Authors>
      <Author>
        <Name>Fred</Name>
        <Email>fweasley@hogwarts.co.uk</Email>
      </Author>
      <Author>
        <Name>George</Name>
        <Email>gweasley@hogwarts.co.uk</Email>
      </Author>
    </Authors>
    <name>Book1</name>
  </book>
  <book year="2014" isbn="ISBN83763550019---11">
    <Authors>
      <Author>
        <Name>Fred</Name>
        <Email>fweasley@hogwarts.co.uk</Email>
      </Author>
      <Author>
        <Name>George</Name>
        <Email>gweasley@hogwarts.co.uk</Email>
      </Author>
    </Authors>
    <name>Book2</name>
  </book>
  <book year="2014" isbn="ISBN83763550019---11">
    <Authors>
      <Author>
        <Name>Fred</Name>
        <Email>fweasley@hogwarts.co.uk</Email>
      </Author>
      <Author>
        <Name>George</Name>
        <Email>gweasley@hogwarts.co.uk</Email>
      </Author>
    </Authors>
    <name>Book1</name>
  </book>
  <book year="2014" isbn="ISBN83763550019---11">
    <Authors>
      <Author>
        <Name>Fred</Name>
        <Email>fweasley@hogwarts.co.uk</Email>
      </Author>
      <Author>
        <Name>George</Name>
        <Email>gweasley@hogwarts.co.uk</Email>
      </Author>
    </Authors>
    <name>Book2</name>
  </book>
  <book year="2014" isbn="ISBN83763550019---11">
    <Authors>
      <Author>
        <Name>Fred</Name>
        <Email>fweasley@hogwarts.co.uk</Email>
      </Author>
      <Author>
        <Name>George</Name>
        <Email>gweasley@hogwarts.co.uk</Email>
      </Author>
    </Authors>
    <name>Book1</name>
  </book>
  <book year="2014" isbn="ISBN83763550019---11">
    <Authors>
      <Author>
        <Name>Fred</Name>
        <Email>fweasley@hogwarts.co.uk</Email>
      </Author>
      <Author>
        <Name>George</Name>
        <Email>gweasley@hogwarts.co.uk</Email>
      </Author>
    </Authors>
    <name>Book2</name>
  </book>
  <book year="2014" isbn="ISBN83763550019---11">
    <Authors>
      <Author>
        <Name>Fred</Name>
        <Email>fweasley@hogwarts.co.uk</Email>
      </Author>
      <Author>
        <Name>George</Name>
        <Email>gweasley@hogwarts.co.uk</Email>
      </Author>
    </Authors>
    <name>Book1</name>
  </book>
  <book year="2014" isbn="ISBN83763550019---11">
    <Authors>
      <Author>
        <Name>Fred</Name>
        <Email>fweasley@hogwarts.co.uk</Email>
      </Author>
      <Author>
        <Name>George</Name>
        <Email>gweasley@hogwarts.co.uk</Email>
      </Author>
    </Authors>
    <name>Book2</name>
  </book>
  <book year="2014" isbn="ISBN83763550019---11">
    <Authors>
      <Author>
        <Name>Fred</Name>
        <Email>fweasley@hogwarts.co.uk</Email>
      </Author>
      <Author>
        <Name>George</Name>
        <Email>gweasley@hogwarts.co.uk</Email>
      </Author>
    </Authors>
    <name>Book1</name>
  </book>
  <book year="2014" isbn="ISBN83763550019---11">
    <Authors>
      <Author>
        <Name>Fred</Name>
        <Email>fweasley@hogwarts.co.uk</Email>
      </Author>
      <Author>
        <Name>George</Name>
        <Email>gweasley@hogwarts.co.uk</Email>
      </Author>
    </Authors>
    <name>Book2</name>
  </book>
  <book year="2014" isbn="ISBN83763550019---11">
    <Authors>
      <Author>
        <Name>Fred</Name>
        <Email>fweasley@hogwarts.co.uk</Email>
      </Author>
      <Author>
        <Name>George</Name>
        <Email>gweasley@hogwarts.co.uk</Email>
      </Author>
    </Authors>
    <name>Book1</name>
  </book>
  <book year="2014" isbn="ISBN83763550019---11">
    <Authors>
      <Author>
        <Name>Fred</Name>
        <Email>fweasley@hogwarts.co.uk</Email>
      </Author>
      <Author>
        <Name>George</Name>
        <Email>gweasley@hogwarts.co.uk</Email>
      </Author>
    </Authors>
    <name>Book2</name>
  </book>
  <book year="2014" isbn="ISBN83763550019---11">
    <Authors>
      <Author>
        <Name>Fred</Name>
        <Email>fweasley@hogwarts.co.uk</Email>
      </Author>
      <Author>
        <Name>George</Name>
        <Email>gweasley@hogwarts.co.uk</Email>
      </Author>
    </Authors>
    <name>Book1</name>
  </book>
  <book year="2014" isbn="ISBN83763550019---11">
    <Authors>
      <Author>
        <Name>Fred</Name>
        <Email>fweasley@hogwarts.co.uk</Email>
      </Author>
      <Author>
        <Name>George</Name>
        <Email>gweasley@hogwarts.co.uk</Email>
      </Author>
    </Authors>
    <name>Book2</name>
  </book>
  <book year="2014" isbn="ISBN83763550019---11">
    <Authors>
      <Author>
        <Name>Fred</Name>
        <Email>fweasley@hogwarts.co.uk</Email>
      </Author>
      <Author>
        <Name>George</Name>
        <Email>gweasley@hogwarts.co.uk</Email>
      </Author>
    </Authors>
    <name>Book1</name>
  </book>
  <book year="2014" isbn="ISBN83763550019---11">
    <Authors>
      <Author>
        <Name>Fred</Name>
        <Email>fweasley@hogwarts.co.uk</Email>
      </Author>
      <Author>
        <Name>George</Name>
        <Email>gweasley@hogwarts.co.uk</Email>
      </Author>
    </Authors>
    <name>Book2</name>
  </book>
  <book year="2014" isbn="ISBN83763550019---11">
    <Authors>
      <Author>
        <Name>Fred</Name>
        <Email>fweasley@hogwarts.co.uk</Email>
      </Author>
      <Author>
        <Name>George</Name>
        <Email>gweasley@hogwarts.co.uk</Email>
      </Author>
    </Authors>
    <name>Book1</name>
  </book>
  <book year="2014" isbn="ISBN83763550019---11">
    <Authors>
      <Author>
        <Name>Fred</Name>
        <Email>fweasley@hogwarts.co.uk</Email>
      </Author>
      <Author>
        <Name>George</Name>
        <Email>gweasley@hogwarts.co.uk</Email>
      </Author>
    </Authors>
    <name>Book2</name>
  </book>
  <book year="2014" isbn="ISBN83763550019---11">
    <Authors>
      <Author>
        <Name>Fred</Name>
        <Email>fweasley@hogwarts.co.uk</Email>
      </Author>
      <Author>
        <Name>George</Name>
        <Email>gweasley@hogwarts.co.uk</Email>
      </Author>
    </Authors>
    <name>Book1</name>
  </book>
  <book year="2014" isbn="ISBN83763550019---11">
    <Authors>
      <Author>
        <Name>Fred</Name>
        <Email>fweasley@hogwarts.co.uk</Email>
      </Author>
      <Author>
        <Name>George</Name>
        <Email>gweasley@hogwarts.co.uk</Email>
      </Author>
    </Authors>
    <name>Book2</name>
  </book>
  <book year="2014" isbn="ISBN83763550019---11">
    <Authors>
      <Author>
        <Name>Fred</Name>
        <Email>fweasley@hogwarts.co.uk</Email>
      </Author>
      <Author>
        <Name>George</Name>
        <Email>gweasley@hogwarts.co.uk</Email>
      </Author>
    </Authors>
    <name>Book1</name>
  </book>
  <book year="2014" isbn="ISBN83763550019---11">
    <Authors>
      <Author>
        <Name>Fred</Name>
        <Email>fweasley@hogwarts.co.uk</Email>
      </Author>
      <Author>
        <Name>George</Name>
        <Email>gweasley@hogwarts.co.uk</Email>
      </Author>
    </Authors>
    <name>Book2</name>
  </book>
  <book year="2014" isbn="ISBN83763550019---11">
    <Authors>
      <Author>
        <Name>Fred</Name>
        <Email>fweasley@hogwarts.co.uk</Email>
      </Author>
      <Author>
        <Name>George</Name>
        <Email>gweasley@hogwarts.co.uk</Email>
      </Author>
    </Authors>
    <name>Book1</name>
  </book>
  <book year="2014" isbn="ISBN83763550019---11">
    <Authors>
      <Author>
        <Name>Fred</Name>
        <Email>fweasley@hogwarts.co.uk</Email>
      </Author>
      <Author>
        <Name>George</Name>
        <Email>gweasley@hogwarts.co.uk</Email>
      </Author>
    </Authors>
    <name>Book2</name>
  </book>
  <book year="2014" isbn="ISBN83763550019---11">
    <Authors>
      <Author>
        <Name>Fred</Name>
        <Email>fweasley@hogwarts.co.uk</Email>
      </Author>
      <Author>
        <Name>George</Name>
        <Email>gweasley@hogwarts.co.uk</Email>
      </Author>
    </Authors>
    <name>Book1</name>
  </book>
  <book year="2014" isbn="ISBN83763550019---11">
    <Authors>
      <Author>
        <Name>Fred</Name>
        <Email>fweasley@hogwarts.co.uk</Email>
      </Author>
      <Author>
        <Name>George</Name>
        <Email>gweasley@hogwarts.co.uk</Email>
      </Author>
    </Authors>
    <name>Book2</name>
  </book>
  <book year="2014" isbn="ISBN83763550019---11">
    <Authors>
      <Author>
        <Name>Fred</Name>
        <Email>fweasley@hogwarts.co.uk</Email>
      </Author>
      <Author>
        <Name>George</Name>
        <Email>gweasley@hogwarts.co.uk</Email>
      </Author>
    </Authors>
    <name>Book1</name>
  </book>
  <book year="2014" isbn="ISBN83763550019---11">
    <Authors>
      <Author>
        <Name>Fred</Name>
        <Email>fweasley@hogwarts.co.uk</Email>
      </Author>
      <Author>
        <Name>George</Name>
        <Email>gweasley@hogwarts.co.uk</Email>
      </Author>
    </Authors>
    <name>Book2</name>
  </book>
  <book year="2014" isbn="ISBN83763550019---11">
    <Authors>
      <Author>
        <Name>Fred</Name>
        <Email>fweasley@hogwarts.co.uk</Email>
      </Author>
      <Author>
        <Name>George</Name>
        <Email>gweasley@hogwarts.co.uk</Email>
      </Author>
    </Authors>
    <name>Book1</name>
  </book>
  <book year="2014" isbn="ISBN83763550019---11">
    <Authors>
      <Author>
        <Name>Fred</Name>
        <Email>fweasley@hogwarts.co.uk</Email>
      </Author>
      <Author>
        <Name>George</Name>
        <Email>gweasley@hogwarts.co.uk</Email>
      </Author>
    </Authors>
    <name>Book2</name>
  </book>
  <book year="2014" isbn="ISBN83763550019---11">
    <Authors>
      <Author>
        <Name>Fred</Name>
        <Email>fweasley@hogwarts.co.uk</Email>
      </Author>
      <Author>
        <Name>George</Name>
        <Email>gweasley@hogwarts.co.uk</Email>
      </Author>
    </Authors>
    <name>Book1</name>
  </book>
  <book year="2014" isbn="ISBN83763550019---11">
    <Authors>
      <Author>
        <Name>Fred</Name>
        <Email>fweasley@hogwarts.co.uk</Email>
      </Author>
      <Author>
        <Name>George</Name>
        <Email>gweasley@hogwarts.co.uk</Email>
      </Author>
    </Authors>
    <name>Book2</name>
  </book>
  <book year="2014" isbn="ISBN83763550019---11">
    <Authors>
      <Author>
        <Name>Fred</Name>
        <Email>fweasley@hogwarts.co.uk</Email>
      </Author>
      <Author>
        <Name>George</Name>
        <Email>gweasley@hogwarts.co.uk</Email>
      </Author>
    </Authors>
    <name>Book1</name>
  </book>
  <book year="2014" isbn="ISBN83763550019---11">
    <Authors>
      <Author>
        <Name>Fred</Name>
        <Email>fweasley@hogwarts.co.uk</Email>
      </Author>
      <Author>
        <Name>George</Name>
        <Email>gweasley@hogwarts.co.uk</Email>
      </Author>
    </Authors>
    <name>Book2</name>
  </book>
  <book year="2014" isbn="ISBN83763550019---11">
    <Authors>
      <Author>
        <Name>Fred</Name>
        <Email>fweasley@hogwarts.co.uk</Email>
      </Author>
      <Author>
        <Name>George</Name>
        <Email>gweasley@hogwarts.co.uk</Email>
      </Author>
    </Authors>
    <name>Book1</name>
  </book>
  <book year="2014" isbn="ISBN83763550019---11">
    <Authors>
      <Author>
        <Name>Fred</Name>
        <Email>fweasley@hogwarts.co.uk</Email>
      </Author>
      <Author>
        <Name>George</Name>
        <Email>gweasley@hogwarts.co.uk</Email>
      </Author>
    </Authors>
    <name>Book2</name>
  </book>
  <book year="2014" isbn="ISBN83763550019---11">
    <Authors>
      <Author>
        <Name>Fred</Name>
        <Email>fweasley@hogwarts.co.uk</Email>
      </Author>
      <Author>
        <Name>George</Name>
        <Email>gweasley@hogwarts.co.uk</Email>
      </Author>
    </Authors>
    <name>Book1</name>
  </book>
  <book year="2014" isbn="ISBN83763550019---11">
    <Authors>
      <Author>
        <Name>Fred</Name>
        <Email>fweasley@hogwarts.co.uk</Email>
      </Author>
      <Author>
        <Name>George</Name>
        <Email>gweasley@hogwarts.co.uk</Email>
      </Author>
    </Authors>
    <name>Book2</name>
  </book>
  <book year="2014" isbn="ISBN83763550019---11">
    <Authors>
      <Author>
        <Name>Fred</Name>
        <Email>fweasley@hogwarts.co.uk</Email>
      </Author>
      <Author>
        <Name>George</Name>
        <Email>gweasley@hogwarts.co.uk</Email>
      </Author>
    </Authors>
    <name>Book1</name>
  </book>
  <book year="2014" isbn="ISBN83763550019---11">
    <Authors>
      <Author>
        <Name>Fred</Name>
        <Email>fweasley@hogwarts.co.uk</Email>
      </Author>
      <Author>
        <Name>George</Name>
        <Email>gweasley@hogwarts.co.uk</Email>
      </Author>
    </Authors>
    <name>Book2</name>
  </book>
  <book year="2014" isbn="ISBN83763550019---11">
    <Authors>
      <Author>
        <Name>Fred</Name>
        <Email>fweasley@hogwarts.co.uk</Email>
      </Author>
      <Author>
        <Name>George</Name>
        <Email>gweasley@hogwarts.co.uk</Email>
      </Author>
    </Authors>
    <name>Book1</name>
  </book>
  <book year="2014" isbn="ISBN83763550019---11">
    <Authors>
      <Author>
        <Name>Fred</Name>
        <Email>fweasley@hogwarts.co.uk</Email>
      </Author>
      <Author>
        <Name>George</Name>
        <Email>gweasley@hogwarts.co.uk</Email>
      </Author>
    </Authors>
    <name>Book2</name>
  </book>
  <book year="2014" isbn="ISBN83763550019---11">
    <Authors>
      <Author>
        <Name>Fred</Name>
        <Email>fweasley@hogwarts.co.uk</Email>
      </Author>
      <Author>
        <Name>George</Name>
        <Email>gweasley@hogwarts.co.uk</Email>
      </Author>
    </Authors>
    <name>Book1</name>
  </book>
  <book year="2014" isbn="ISBN83763550019---11">
    <Authors>
      <Author>
        <Name>Fred</Name>
        <Email>fweasley@hogwarts.co.uk</Email>
      </Author>
      <Author>
        <Name>George</Name>
        <Email>gweasley@hogwarts.co.uk</Email>
      </Author>
    </Authors>
    <name>Book2</name>
  </book>
  <book year="2014" isbn="ISBN83763550019---11">
    <Authors>
      <Author>
        <Name>Fred</Name>
        <Email>fweasley@hogwarts.co.uk</Email>
      </Author>
      <Author>
        <Name>George</Name>
        <Email>gweasley@hogwarts.co.uk</Email>
      </Author>
    </Authors>
    <name>Book1</name>
  </book>
  <book year="2014" isbn="ISBN83763550019---11">
    <Authors>
      <Author>
        <Name>Fred</Name>
        <Email>fweasley@hogwarts.co.uk</Email>
      </Author>
      <Author>
        <Name>George</Name>
        <Email>gweasley@hogwarts.co.uk</Email>
      </Author>
    </Authors>
    <name>Book2</name>
  </book>
  <book year="2014" isbn="ISBN83763550019---11">
    <Authors>
      <Author>
        <Name>Fred</Name>
        <Email>fweasley@hogwarts.co.uk</Email>
      </Author>
      <Author>
        <Name>George</Name>
        <Email>gweasley@hogwarts.co.uk</Email>
      </Author>
    </Authors>
    <name>Book1</name>
  </book>
  <book year="2014" isbn="ISBN83763550019---11">
    <Authors>
      <Author>
        <Name>Fred</Name>
        <Email>fweasley@hogwarts.co.uk</Email>
      </Author>
      <Author>
        <Name>George</Name>
        <Email>gweasley@hogwarts.co.uk</Email>
      </Author>
    </Authors>
    <name>Book2</name>
  </book>
  <book year="2014" isbn="ISBN83763550019---11">
    <Authors>
      <Author>
        <Name>Fred</Name>
        <Email>fweasley@hogwarts.co.uk</Email>
      </Author>
      <Author>
        <Name>George</Name>
        <Email>gweasley@hogwarts.co.uk</Email>
      </Author>
    </Authors>
    <name>Book1</name>
  </book>
  <book year="2014" isbn="ISBN83763550019---11">
    <Authors>
      <Author>
        <Name>Fred</Name>
        <Email>fweasley@hogwarts.co.uk</Email>
      </Author>
      <Author>
        <Name>George</Name>
        <Email>gweasley@hogwarts.co.uk</Email>
      </Author>
    </Authors>
    <name>Book2</name>
  </book>
  <book year="2014" isbn="ISBN83763550019---11">
    <Authors>
      <Author>
        <Name>Fred</Name>
        <Email>fweasley@hogwarts.co.uk</Email>
      </Author>
      <Author>
        <Name>George</Name>
        <Email>gweasley@hogwarts.co.uk</Email>
      </Author>
    </Authors>
    <name>Book1</name>
  </book>
  <book year="2014" isbn="ISBN83763550019---11">
    <Authors>
      <Author>
        <Name>Fred</Name>
        <Email>fweasley@hogwarts.co.uk</Email>
      </Author>
      <Author>
        <Name>George</Name>
        <Email>gweasley@hogwarts.co.uk</Email>
      </Author>
    </Authors>
    <name>Book2</name>
  </book>
  <book year="2014" isbn="ISBN83763550019---11">
    <Authors>
      <Author>
        <Name>Fred</Name>
        <Email>fweasley@hogwarts.co.uk</Email>
      </Author>
      <Author>
        <Name>George</Name>
        <Email>gweasley@hogwarts.co.uk</Email>
      </Author>
    </Authors>
    <name>Book1</name>
  </book>
  <book year="2014" isbn="ISBN83763550019---11">
    <Authors>
      <Author>
        <Name>Fred</Name>
        <Email>fweasley@hogwarts.co.uk</Email>
      </Author>
      <Author>
        <Name>George</Name>
        <Email>gweasley@hogwarts.co.uk</Email>
      </Author>
    </Authors>
    <name>Book2</name>
  </book>
  <book year="2014" isbn="ISBN83763550019---11">
    <Authors>
      <Author>
        <Name>Fred</Name>
        <Email>fweasley@hogwarts.co.uk</Email>
      </Author>
      <Author>
        <Name>George</Name>
        <Email>gweasley@hogwarts.co.uk</Email>
      </Author>
    </Authors>
    <name>Book1</name>
  </book>
  <book year="2014" isbn="ISBN83763550019---11">
    <Authors>
      <Author>
        <Name>Fred</Name>
        <Email>fweasley@hogwarts.co.uk</Email>
      </Author>
      <Author>
        <Name>George</Name>
        <Email>gweasley@hogwarts.co.uk</Email>
      </Author>
    </Authors>
    <name>Book2</name>
  </book>
  <book year="2014" isbn="ISBN83763550019---11">
    <Authors>
      <Author>
        <Name>Fred</Name>
        <Email>fweasley@hogwarts.co.uk</Email>
      </Author>
      <Author>
        <Name>George</Name>
        <Email>gweasley@hogwarts.co.uk</Email>
      </Author>
    </Authors>
    <name>Book1</name>
  </book>
  <book year="2014" isbn="ISBN83763550019---11">
    <Authors>
      <Author>
        <Name>Fred</Name>
        <Email>fweasley@hogwarts.co.uk</Email>
      </Author>
      <Author>
        <Name>George</Name>
        <Email>gweasley@hogwarts.co.uk</Email>
      </Author>
    </Authors>
    <name>Book2</name>
  </book>
  <book year="2014" isbn="ISBN83763550019---11">
    <Authors>
      <Author>
        <Name>Fred</Name>
        <Email>fweasley@hogwarts.co.uk</Email>
      </Author>
      <Author>
        <Name>George</Name>
        <Email>gweasley@hogwarts.co.uk</Email>
      </Author>
    </Authors>
    <name>Book1</name>
  </book>
  <book year="2014" isbn="ISBN83763550019---11">
    <Authors>
      <Author>
        <Name>Fred</Name>
        <Email>fweasley@hogwarts.co.uk</Email>
      </Author>
      <Author>
        <Name>George</Name>
        <Email>gweasley@hogwarts.co.uk</Email>
      </Author>
    </Authors>
    <name>Book2</name>
  </book>
  <book year="2014" isbn="ISBN83763550019---11">
    <Authors>
      <Author>
        <Name>Fred</Name>
        <Email>fweasley@hogwarts.co.uk</Email>
      </Author>
      <Author>
        <Name>George</Name>
        <Email>gweasley@hogwarts.co.uk</Email>
      </Author>
    </Authors>
    <name>Book1</name>
  </book>
  <book year="2014" isbn="ISBN83763550019---11">
    <Authors>
      <Author>
        <Name>Fred</Name>
        <Email>fweasley@hogwarts.co.uk</Email>
      </Author>
      <Author>
        <Name>George</Name>
        <Email>gweasley@hogwarts.co.uk</Email>
      </Author>
    </Authors>
    <name>Book2</name>
  </book>
  <book year="2014" isbn="ISBN83763550019---11">
    <Authors>
      <Author>
        <Name>Fred</Name>
        <Email>fweasley@hogwarts.co.uk</Email>
      </Author>
      <Author>
        <Name>George</Name>
        <Email>gweasley@hogwarts.co.uk</Email>
      </Author>
    </Authors>
    <name>Book1</name>
  </book>
  <book year="2014" isbn="ISBN83763550019---11">
    <Authors>
      <Author>
        <Name>Fred</Name>
        <Email>fweasley@hogwarts.co.uk</Email>
      </Author>
      <Author>
        <Name>George</Name>
        <Email>gweasley@hogwarts.co.uk</Email>
      </Author>
    </Authors>
    <name>Book2</name>
  </book>
  <book year="2014" isbn="ISBN83763550019---11">
    <Authors>
      <Author>
        <Name>Fred</Name>
        <Email>fweasley@hogwarts.co.uk</Email>
      </Author>
      <Author>
        <Name>George</Name>
        <Email>gweasley@hogwarts.co.uk</Email>
      </Author>
    </Authors>
    <name>Book1</name>
  </book>
  <book year="2014" isbn="ISBN83763550019---11">
    <Authors>
      <Author>
        <Name>Fred</Name>
        <Email>fweasley@hogwarts.co.uk</Email>
      </Author>
      <Author>
        <Name>George</Name>
        <Email>gweasley@hogwarts.co.uk</Email>
      </Author>
    </Authors>
    <name>Book2</name>
  </book>
  <book year="2014" isbn="ISBN83763550019---11">
    <Authors>
      <Author>
        <Name>Fred</Name>
        <Email>fweasley@hogwarts.co.uk</Email>
      </Author>
      <Author>
        <Name>George</Name>
        <Email>gweasley@hogwarts.co.uk</Email>
      </Author>
    </Authors>
    <name>Book1</name>
  </book>
  <book year="2014" isbn="ISBN83763550019---11">
    <Authors>
      <Author>
        <Name>Fred</Name>
        <Email>fweasley@hogwarts.co.uk</Email>
      </Author>
      <Author>
        <Name>George</Name>
        <Email>gweasley@hogwarts.co.uk</Email>
      </Author>
    </Authors>
    <name>Book2</name>
  </book>
  <book year="2014" isbn="ISBN83763550019---11">
    <Authors>
      <Author>
        <Name>Fred</Name>
        <Email>fweasley@hogwarts.co.uk</Email>
      </Author>
      <Author>
        <Name>George</Name>
        <Email>gweasley@hogwarts.co.uk</Email>
      </Author>
    </Authors>
    <name>Book1</name>
  </book>
  <book year="2014" isbn="ISBN83763550019---11">
    <Authors>
      <Author>
        <Name>Fred</Name>
        <Email>fweasley@hogwarts.co.uk</Email>
      </Author>
      <Author>
        <Name>George</Name>
        <Email>gweasley@hogwarts.co.uk</Email>
      </Author>
    </Authors>
    <name>Book2</name>
  </book>
  <book year="2014" isbn="ISBN83763550019---11">
    <Authors>
      <Author>
        <Name>Fred</Name>
        <Email>fweasley@hogwarts.co.uk</Email>
      </Author>
      <Author>
        <Name>George</Name>
        <Email>gweasley@hogwarts.co.uk</Email>
      </Author>
    </Authors>
    <name>Book1</name>
  </book>
  <book year="2014" isbn="ISBN83763550019---11">
    <Authors>
      <Author>
        <Name>Fred</Name>
        <Email>fweasley@hogwarts.co.uk</Email>
      </Author>
      <Author>
        <Name>George</Name>
        <Email>gweasley@hogwarts.co.uk</Email>
      </Author>
    </Authors>
    <name>Book2</name>
  </book>
  <book year="2014" isbn="ISBN83763550019---11">
    <Authors>
      <Author>
        <Name>Fred</Name>
        <Email>fweasley@hogwarts.co.uk</Email>
      </Author>
      <Author>
        <Name>George</Name>
        <Email>gweasley@hogwarts.co.uk</Email>
      </Author>
    </Authors>
    <name>Book1</name>
  </book>
  <book year="2014" isbn="ISBN83763550019---11">
    <Authors>
      <Author>
        <Name>Fred</Name>
        <Email>fweasley@hogwarts.co.uk</Email>
      </Author>
      <Author>
        <Name>George</Name>
        <Email>gweasley@hogwarts.co.uk</Email>
      </Author>
    </Authors>
    <name>Book2</name>
  </book>
  <book year="2014" isbn="ISBN83763550019---11">
    <Authors>
      <Author>
        <Name>Fred</Name>
        <Email>fweasley@hogwarts.co.uk</Email>
      </Author>
      <Author>
        <Name>George</Name>
        <Email>gweasley@hogwarts.co.uk</Email>
      </Author>
    </Authors>
    <name>Book1</name>
  </book>
  <book year="2014" isbn="ISBN83763550019---11">
    <Authors>
      <Author>
        <Name>Fred</Name>
        <Email>fweasley@hogwarts.co.uk</Email>
      </Author>
      <Author>
        <Name>George</Name>
        <Email>gweasley@hogwarts.co.uk</Email>
      </Author>
    </Authors>
    <name>Book2</name>
  </book>
  <book year="2014" isbn="ISBN83763550019---11">
    <Authors>
      <Author>
        <Name>Fred</Name>
        <Email>fweasley@hogwarts.co.uk</Email>
      </Author>
      <Author>
        <Name>George</Name>
        <Email>gweasley@hogwarts.co.uk</Email>
      </Author>
    </Authors>
    <name>Book1</name>
  </book>
  <book year="2014" isbn="ISBN83763550019---11">
    <Authors>
      <Author>
        <Name>Fred</Name>
        <Email>fweasley@hogwarts.co.uk</Email>
      </Author>
      <Author>
        <Name>George</Name>
        <Email>gweasley@hogwarts.co.uk</Email>
      </Author>
    </Authors>
    <name>Book2</name>
  </book>
  <book year="2014" isbn="ISBN83763550019---11">
    <Authors>
      <Author>
        <Name>Fred</Name>
        <Email>fweasley@hogwarts.co.uk</Email>
      </Author>
      <Author>
        <Name>George</Name>
        <Email>gweasley@hogwarts.co.uk</Email>
      </Author>
    </Authors>
    <name>Book1</name>
  </book>
  <book year="2014" isbn="ISBN83763550019---11">
    <Authors>
      <Author>
        <Name>Fred</Name>
        <Email>fweasley@hogwarts.co.uk</Email>
      </Author>
      <Author>
        <Name>George</Name>
        <Email>gweasley@hogwarts.co.uk</Email>
      </Author>
    </Authors>
    <name>Book2</name>
  </book>
  <book year="2014" isbn="ISBN83763550019---11">
    <Authors>
      <Author>
        <Name>Fred</Name>
        <Email>fweasley@hogwarts.co.uk</Email>
      </Author>
      <Author>
        <Name>George</Name>
        <Email>gweasley@hogwarts.co.uk</Email>
      </Author>
    </Authors>
    <name>Book1</name>
  </book>
  <book year="2014" isbn="ISBN83763550019---11">
    <Authors>
      <Author>
        <Name>Fred</Name>
        <Email>fweasley@hogwarts.co.uk</Email>
      </Author>
      <Author>
        <Name>George</Name>
        <Email>gweasley@hogwarts.co.uk</Email>
      </Author>
    </Authors>
    <name>Book2</name>
  </book>
  <book year="2014" isbn="ISBN83763550019---11">
    <Authors>
      <Author>
        <Name>Fred</Name>
        <Email>fweasley@hogwarts.co.uk</Email>
      </Author>
      <Author>
        <Name>George</Name>
        <Email>gweasley@hogwarts.co.uk</Email>
      </Author>
    </Authors>
    <name>Book1</name>
  </book>
  <book year="2014" isbn="ISBN83763550019---11">
    <Authors>
      <Author>
        <Name>Fred</Name>
        <Email>fweasley@hogwarts.co.uk</Email>
      </Author>
      <Author>
        <Name>George</Name>
        <Email>gweasley@hogwarts.co.uk</Email>
      </Author>
    </Authors>
    <name>Book2</name>
  </book>
  <book year="2014" isbn="ISBN83763550019---11">
    <Authors>
      <Author>
        <Name>Fred</Name>
        <Email>fweasley@hogwarts.co.uk</Email>
      </Author>
      <Author>
        <Name>George</Name>
        <Email>gweasley@hogwarts.co.uk</Email>
      </Author>
    </Authors>
    <name>Book1</name>
  </book>
  <book year="2014" isbn="ISBN83763550019---11">
    <Authors>
      <Author>
        <Name>Fred</Name>
        <Email>fweasley@hogwarts.co.uk</Email>
      </Author>
      <Author>
        <Name>George</Name>
        <Email>gweasley@hogwarts.co.uk</Email>
      </Author>
    </Authors>
    <name>Book2</name>
  </book>
  <book year="2014" isbn="ISBN83763550019---11">
    <Authors>
      <Author>
        <Name>Fred</Name>
        <Email>fweasley@hogwarts.co.uk</Email>
      </Author>
      <Author>
        <Name>George</Name>
        <Email>gweasley@hogwarts.co.uk</Email>
      </Author>
    </Authors>
    <name>Book1</name>
  </book>
  <book year="2014" isbn="ISBN83763550019---11">
    <Authors>
      <Author>
        <Name>Fred</Name>
        <Email>fweasley@hogwarts.co.uk</Email>
      </Author>
      <Author>
        <Name>George</Name>
        <Email>gweasley@hogwarts.co.uk</Email>
      </Author>
    </Authors>
    <name>Book2</name>
  </book>
  <book year="2014" isbn="ISBN83763550019---11">
    <Authors>
      <Author>
        <Name>Fred</Name>
        <Email>fweasley@hogwarts.co.uk</Email>
      </Author>
      <Author>
        <Name>George</Name>
        <Email>gweasley@hogwarts.co.uk</Email>
      </Author>
    </Authors>
    <name>Book1</name>
  </book>
  <book year="2014" isbn="ISBN83763550019---11">
    <Authors>
      <Author>
        <Name>Fred</Name>
        <Email>fweasley@hogwarts.co.uk</Email>
      </Author>
      <Author>
        <Name>George</Name>
        <Email>gweasley@hogwarts.co.uk</Email>
      </Author>
    </Authors>
    <name>Book2</name>
  </book>
  <book year="2014" isbn="ISBN83763550019---11">
    <Authors>
      <Author>
        <Name>Fred</Name>
        <Email>fweasley@hogwarts.co.uk</Email>
      </Author>
      <Author>
        <Name>George</Name>
        <Email>gweasley@hogwarts.co.uk</Email>
      </Author>
    </Authors>
    <name>Book1</name>
  </book>
  <book year="2014" isbn="ISBN83763550019---11">
    <Authors>
      <Author>
        <Name>Fred</Name>
        <Email>fweasley@hogwarts.co.uk</Email>
      </Author>
      <Author>
        <Name>George</Name>
        <Email>gweasley@hogwarts.co.uk</Email>
      </Author>
    </Authors>
    <name>Book2</name>
  </book>
  <book year="2014" isbn="ISBN83763550019---11">
    <Authors>
      <Author>
        <Name>Fred</Name>
        <Email>fweasley@hogwarts.co.uk</Email>
      </Author>
      <Author>
        <Name>George</Name>
        <Email>gweasley@hogwarts.co.uk</Email>
      </Author>
    </Authors>
    <name>Book1</name>
  </book>
  <book year="2014" isbn="ISBN83763550019---11">
    <Authors>
      <Author>
        <Name>Fred</Name>
        <Email>fweasley@hogwarts.co.uk</Email>
      </Author>
      <Author>
        <Name>George</Name>
        <Email>gweasley@hogwarts.co.uk</Email>
      </Author>
    </Authors>
    <name>Book2</name>
  </book>
  <book year="2014" isbn="ISBN83763550019---11">
    <Authors>
      <Author>
        <Name>Fred</Name>
        <Email>fweasley@hogwarts.co.uk</Email>
      </Author>
      <Author>
        <Name>George</Name>
        <Email>gweasley@hogwarts.co.uk</Email>
      </Author>
    </Authors>
    <name>Book1</name>
  </book>
  <book year="2014" isbn="ISBN83763550019---11">
    <Authors>
      <Author>
        <Name>Fred</Name>
        <Email>fweasley@hogwarts.co.uk</Email>
      </Author>
      <Author>
        <Name>George</Name>
        <Email>gweasley@hogwarts.co.uk</Email>
      </Author>
    </Authors>
    <name>Book2</name>
  </book>
  <book year="2014" isbn="ISBN83763550019---11">
    <Authors>
      <Author>
        <Name>Fred</Name>
        <Email>fweasley@hogwarts.co.uk</Email>
      </Author>
      <Author>
        <Name>George</Name>
        <Email>gweasley@hogwarts.co.uk</Email>
      </Author>
    </Authors>
    <name>Book1</name>
  </book>
  <book year="2014" isbn="ISBN83763550019---11">
    <Authors>
      <Author>
        <Name>Fred</Name>
        <Email>fweasley@hogwarts.co.uk</Email>
      </Author>
      <Author>
        <Name>George</Name>
        <Email>gweasley@hogwarts.co.uk</Email>
      </Author>
    </Authors>
    <name>Book2</name>
  </book>
  <book year="2014" isbn="ISBN83763550019---11">
    <Authors>
      <Author>
        <Name>Fred</Name>
        <Email>fweasley@hogwarts.co.uk</Email>
      </Author>
      <Author>
        <Name>George</Name>
        <Email>gweasley@hogwarts.co.uk</Email>
      </Author>
    </Authors>
    <name>Book1</name>
  </book>
  <book year="2014" isbn="ISBN83763550019---11">
    <Authors>
      <Author>
        <Name>Fred</Name>
        <Email>fweasley@hogwarts.co.uk</Email>
      </Author>
      <Author>
        <Name>George</Name>
        <Email>gweasley@hogwarts.co.uk</Email>
      </Author>
    </Authors>
    <name>Book2</name>
  </book>
  <book year="2014" isbn="ISBN83763550019---11">
    <Authors>
      <Author>
        <Name>Fred</Name>
        <Email>fweasley@hogwarts.co.uk</Email>
      </Author>
      <Author>
        <Name>George</Name>
        <Email>gweasley@hogwarts.co.uk</Email>
      </Author>
    </Authors>
    <name>Book1</name>
  </book>
  <book year="2014" isbn="ISBN83763550019---11">
    <Authors>
      <Author>
        <Name>Fred</Name>
        <Email>fweasley@hogwarts.co.uk</Email>
      </Author>
      <Author>
        <Name>George</Name>
        <Email>gweasley@hogwarts.co.uk</Email>
      </Author>
    </Authors>
    <name>Book2</name>
  </book>
  <book year="2014" isbn="ISBN83763550019---11">
    <Authors>
      <Author>
        <Name>Fred</Name>
        <Email>fweasley@hogwarts.co.uk</Email>
      </Author>
      <Author>
        <Name>George</Name>
        <Email>gweasley@hogwarts.co.uk</Email>
      </Author>
    </Authors>
    <name>Book1</name>
  </book>
  <book year="2014" isbn="ISBN83763550019---11">
    <Authors>
      <Author>
        <Name>Fred</Name>
        <Email>fweasley@hogwarts.co.uk</Email>
      </Author>
      <Author>
        <Name>George</Name>
        <Email>gweasley@hogwarts.co.uk</Email>
      </Author>
    </Authors>
    <name>Book2</name>
  </book>
  <book year="2014" isbn="ISBN83763550019---11">
    <Authors>
      <Author>
        <Name>Fred</Name>
        <Email>fweasley@hogwarts.co.uk</Email>
      </Author>
      <Author>
        <Name>George</Name>
        <Email>gweasley@hogwarts.co.uk</Email>
      </Author>
    </Authors>
    <name>Book1</name>
  </book>
  <book year="2014" isbn="ISBN83763550019---11">
    <Authors>
      <Author>
        <Name>Fred</Name>
        <Email>fweasley@hogwarts.co.uk</Email>
      </Author>
      <Author>
        <Name>George</Name>
        <Email>gweasley@hogwarts.co.uk</Email>
      </Author>
    </Authors>
    <name>Book2</name>
  </book>
  <book year="2014" isbn="ISBN83763550019---11">
    <Authors>
      <Author>
        <Name>Fred</Name>
        <Email>fweasley@hogwarts.co.uk</Email>
      </Author>
      <Author>
        <Name>George</Name>
        <Email>gweasley@hogwarts.co.uk</Email>
      </Author>
    </Authors>
    <name>Book1</name>
  </book>
  <book year="2014" isbn="ISBN83763550019---11">
    <Authors>
      <Author>
        <Name>Fred</Name>
        <Email>fweasley@hogwarts.co.uk</Email>
      </Author>
      <Author>
        <Name>George</Name>
        <Email>gweasley@hogwarts.co.uk</Email>
      </Author>
    </Authors>
    <name>Book2</name>
  </book>
  <book year="2014" isbn="ISBN83763550019---11">
    <Authors>
      <Author>
        <Name>Fred</Name>
        <Email>fweasley@hogwarts.co.uk</Email>
      </Author>
      <Author>
        <Name>George</Name>
        <Email>gweasley@hogwarts.co.uk</Email>
      </Author>
    </Authors>
    <name>Book1</name>
  </book>
  <book year="2014" isbn="ISBN83763550019---11">
    <Authors>
      <Author>
        <Name>Fred</Name>
        <Email>fweasley@hogwarts.co.uk</Email>
      </Author>
      <Author>
        <Name>George</Name>
        <Email>gweasley@hogwarts.co.uk</Email>
      </Author>
    </Authors>
    <name>Book2</name>
  </book>
  <book year="2014" isbn="ISBN83763550019---11">
    <Authors>
      <Author>
        <Name>Fred</Name>
        <Email>fweasley@hogwarts.co.uk</Email>
      </Author>
      <Author>
        <Name>George</Name>
        <Email>gweasley@hogwarts.co.uk</Email>
      </Author>
    </Authors>
    <name>Book1</name>
  </book>
  <book year="2014" isbn="ISBN83763550019---11">
    <Authors>
      <Author>
        <Name>Fred</Name>
        <Email>fweasley@hogwarts.co.uk</Email>
      </Author>
      <Author>
        <Name>George</Name>
        <Email>gweasley@hogwarts.co.uk</Email>
      </Author>
    </Authors>
    <name>Book2</name>
  </book>
  <book year="2014" isbn="ISBN83763550019---11">
    <Authors>
      <Author>
        <Name>Fred</Name>
        <Email>fweasley@hogwarts.co.uk</Email>
      </Author>
      <Author>
        <Name>George</Name>
        <Email>gweasley@hogwarts.co.uk</Email>
      </Author>
    </Authors>
    <name>Book1</name>
  </book>
  <book year="2014" isbn="ISBN83763550019---11">
    <Authors>
      <Author>
        <Name>Fred</Name>
        <Email>fweasley@hogwarts.co.uk</Email>
      </Author>
      <Author>
        <Name>George</Name>
        <Email>gweasley@hogwarts.co.uk</Email>
      </Author>
    </Authors>
    <name>Book2</name>
  </book>
  <book year="2014" isbn="ISBN83763550019---11">
    <Authors>
      <Author>
        <Name>Fred</Name>
        <Email>fweasley@hogwarts.co.uk</Email>
      </Author>
      <Author>
        <Name>George</Name>
        <Email>gweasley@hogwarts.co.uk</Email>
      </Author>
    </Authors>
    <name>Book1</name>
  </book>
  <book year="2014" isbn="ISBN83763550019---11">
    <Authors>
      <Author>
        <Name>Fred</Name>
        <Email>fweasley@hogwarts.co.uk</Email>
      </Author>
      <Author>
        <Name>George</Name>
        <Email>gweasley@hogwarts.co.uk</Email>
      </Author>
    </Authors>
    <name>Book2</name>
  </book>
  <book year="2014" isbn="ISBN83763550019---11">
    <Authors>
      <Author>
        <Name>Fred</Name>
        <Email>fweasley@hogwarts.co.uk</Email>
      </Author>
      <Author>
        <Name>George</Name>
        <Email>gweasley@hogwarts.co.uk</Email>
      </Author>
    </Authors>
    <name>Book1</name>
  </book>
  <book year="2014" isbn="ISBN83763550019---11">
    <Authors>
      <Author>
        <Name>Fred</Name>
        <Email>fweasley@hogwarts.co.uk</Email>
      </Author>
      <Author>
        <Name>George</Name>
        <Email>gweasley@hogwarts.co.uk</Email>
      </Author>
    </Authors>
    <name>Book2</name>
  </book>
  <book year="2014" isbn="ISBN83763550019---11">
    <Authors>
      <Author>
        <Name>Fred</Name>
        <Email>fweasley@hogwarts.co.uk</Email>
      </Author>
      <Author>
        <Name>George</Name>
        <Email>gweasley@hogwarts.co.uk</Email>
      </Author>
    </Authors>
    <name>Book1</name>
  </book>
  <book year="2014" isbn="ISBN83763550019---11">
    <Authors>
      <Author>
        <Name>Fred</Name>
        <Email>fweasley@hogwarts.co.uk</Email>
      </Author>
      <Author>
        <Name>George</Name>
        <Email>gweasley@hogwarts.co.uk</Email>
      </Author>
    </Authors>
    <name>Book2</name>
  </book>
  <book year="2014" isbn="ISBN83763550019---11">
    <Authors>
      <Author>
        <Name>Fred</Name>
        <Email>fweasley@hogwarts.co.uk</Email>
      </Author>
      <Author>
        <Name>George</Name>
        <Email>gweasley@hogwarts.co.uk</Email>
      </Author>
    </Authors>
    <name>Book1</name>
  </book>
  <book year="2014" isbn="ISBN83763550019---11">
    <Authors>
      <Author>
        <Name>Fred</Name>
        <Email>fweasley@hogwarts.co.uk</Email>
      </Author>
      <Author>
        <Name>George</Name>
        <Email>gweasley@hogwarts.co.uk</Email>
      </Author>
    </Authors>
    <name>Book2</name>
  </book>
  <book year="2014" isbn="ISBN83763550019---11">
    <Authors>
      <Author>
        <Name>Fred</Name>
        <Email>fweasley@hogwarts.co.uk</Email>
      </Author>
      <Author>
        <Name>George</Name>
        <Email>gweasley@hogwarts.co.uk</Email>
      </Author>
    </Authors>
    <name>Book1</name>
  </book>
  <book year="2014" isbn="ISBN83763550019---11">
    <Authors>
      <Author>
        <Name>Fred</Name>
        <Email>fweasley@hogwarts.co.uk</Email>
      </Author>
      <Author>
        <Name>George</Name>
        <Email>gweasley@hogwarts.co.uk</Email>
      </Author>
    </Authors>
    <name>Book2</name>
  </book>
  <book year="2014" isbn="ISBN83763550019---11">
    <Authors>
      <Author>
        <Name>Fred</Name>
        <Email>fweasley@hogwarts.co.uk</Email>
      </Author>
      <Author>
        <Name>George</Name>
        <Email>gweasley@hogwarts.co.uk</Email>
      </Author>
    </Authors>
    <name>Book1</name>
  </book>
  <book year="2014" isbn="ISBN83763550019---11">
    <Authors>
      <Author>
        <Name>Fred</Name>
        <Email>fweasley@hogwarts.co.uk</Email>
      </Author>
      <Author>
        <Name>George</Name>
        <Email>gweasley@hogwarts.co.uk</Email>
      </Author>
    </Authors>
    <name>Book2</name>
  </book>
  <book year="2014" isbn="ISBN83763550019---11">
    <Authors>
      <Author>
        <Name>Fred</Name>
        <Email>fweasley@hogwarts.co.uk</Email>
      </Author>
      <Author>
        <Name>George</Name>
        <Email>gweasley@hogwarts.co.uk</Email>
      </Author>
    </Authors>
    <name>Book1</name>
  </book>
  <book year="2014" isbn="ISBN83763550019---11">
    <Authors>
      <Author>
        <Name>Fred</Name>
        <Email>fweasley@hogwarts.co.uk</Email>
      </Author>
      <Author>
        <Name>George</Name>
        <Email>gweasley@hogwarts.co.uk</Email>
      </Author>
    </Authors>
    <name>Book2</name>
  </book>
  <book year="2014" isbn="ISBN83763550019---11">
    <Authors>
      <Author>
        <Name>Fred</Name>
        <Email>fweasley@hogwarts.co.uk</Email>
      </Author>
      <Author>
        <Name>George</Name>
        <Email>gweasley@hogwarts.co.uk</Email>
      </Author>
    </Authors>
    <name>Book1</name>
  </book>
  <book year="2014" isbn="ISBN83763550019---11">
    <Authors>
      <Author>
        <Name>Fred</Name>
        <Email>fweasley@hogwarts.co.uk</Email>
      </Author>
      <Author>
        <Name>George</Name>
        <Email>gweasley@hogwarts.co.uk</Email>
      </Author>
    </Authors>
    <name>Book2</name>
  </book>
  <book year="2014" isbn="ISBN83763550019---11">
    <Authors>
      <Author>
        <Name>Fred</Name>
        <Email>fweasley@hogwarts.co.uk</Email>
      </Author>
      <Author>
        <Name>George</Name>
        <Email>gweasley@hogwarts.co.uk</Email>
      </Author>
    </Authors>
    <name>Book1</name>
  </book>
  <book year="2014" isbn="ISBN83763550019---11">
    <Authors>
      <Author>
        <Name>Fred</Name>
        <Email>fweasley@hogwarts.co.uk</Email>
      </Author>
      <Author>
        <Name>George</Name>
        <Email>gweasley@hogwarts.co.uk</Email>
      </Author>
    </Authors>
    <name>Book2</name>
  </book>
  <book year="2014" isbn="ISBN83763550019---11">
    <Authors>
      <Author>
        <Name>Fred</Name>
        <Email>fweasley@hogwarts.co.uk</Email>
      </Author>
      <Author>
        <Name>George</Name>
        <Email>gweasley@hogwarts.co.uk</Email>
      </Author>
    </Authors>
    <name>Book1</name>
  </book>
  <book year="2014" isbn="ISBN83763550019---11">
    <Authors>
      <Author>
        <Name>Fred</Name>
        <Email>fweasley@hogwarts.co.uk</Email>
      </Author>
      <Author>
        <Name>George</Name>
        <Email>gweasley@hogwarts.co.uk</Email>
      </Author>
    </Authors>
    <name>Book2</name>
  </book>
  <book year="2014" isbn="ISBN83763550019---11">
    <Authors>
      <Author>
        <Name>Fred</Name>
        <Email>fweasley@hogwarts.co.uk</Email>
      </Author>
      <Author>
        <Name>George</Name>
        <Email>gweasley@hogwarts.co.uk</Email>
      </Author>
    </Authors>
    <name>Book1</name>
  </book>
  <book year="2014" isbn="ISBN83763550019---11">
    <Authors>
      <Author>
        <Name>Fred</Name>
        <Email>fweasley@hogwarts.co.uk</Email>
      </Author>
      <Author>
        <Name>George</Name>
        <Email>gweasley@hogwarts.co.uk</Email>
      </Author>
    </Authors>
    <name>Book2</name>
  </book>
  <book year="2014" isbn="ISBN83763550019---11">
    <Authors>
      <Author>
        <Name>Fred</Name>
        <Email>fweasley@hogwarts.co.uk</Email>
      </Author>
      <Author>
        <Name>George</Name>
        <Email>gweasley@hogwarts.co.uk</Email>
      </Author>
    </Authors>
    <name>Book1</name>
  </book>
  <book year="2014" isbn="ISBN83763550019---11">
    <Authors>
      <Author>
        <Name>Fred</Name>
        <Email>fweasley@hogwarts.co.uk</Email>
      </Author>
      <Author>
        <Name>George</Name>
        <Email>gweasley@hogwarts.co.uk</Email>
      </Author>
    </Authors>
    <name>Book2</name>
  </book>
  <book year="2014" isbn="ISBN83763550019---11">
    <Authors>
      <Author>
        <Name>Fred</Name>
        <Email>fweasley@hogwarts.co.uk</Email>
      </Author>
      <Author>
        <Name>George</Name>
        <Email>gweasley@hogwarts.co.uk</Email>
      </Author>
    </Authors>
    <name>Book1</name>
  </book>
  <book year="2014" isbn="ISBN83763550019---11">
    <Authors>
      <Author>
        <Name>Fred</Name>
        <Email>fweasley@hogwarts.co.uk</Email>
      </Author>
      <Author>
        <Name>George</Name>
        <Email>gweasley@hogwarts.co.uk</Email>
      </Author>
    </Authors>
    <name>Book2</name>
  </book>
  <book year="2014" isbn="ISBN83763550019---11">
    <Authors>
      <Author>
        <Name>Fred</Name>
        <Email>fweasley@hogwarts.co.uk</Email>
      </Author>
      <Author>
        <Name>George</Name>
        <Email>gweasley@hogwarts.co.uk</Email>
      </Author>
    </Authors>
    <name>Book1</name>
  </book>
  <book year="2014" isbn="ISBN83763550019---11">
    <Authors>
      <Author>
        <Name>Fred</Name>
        <Email>fweasley@hogwarts.co.uk</Email>
      </Author>
      <Author>
        <Name>George</Name>
        <Email>gweasley@hogwarts.co.uk</Email>
      </Author>
    </Authors>
    <name>Book2</name>
  </book>
  <book year="2014" isbn="ISBN83763550019---11">
    <Authors>
      <Author>
        <Name>Fred</Name>
        <Email>fweasley@hogwarts.co.uk</Email>
      </Author>
      <Author>
        <Name>George</Name>
        <Email>gweasley@hogwarts.co.uk</Email>
      </Author>
    </Authors>
    <name>Book1</name>
  </book>
  <book year="2014" isbn="ISBN83763550019---11">
    <Authors>
      <Author>
        <Name>Fred</Name>
        <Email>fweasley@hogwarts.co.uk</Email>
      </Author>
      <Author>
        <Name>George</Name>
        <Email>gweasley@hogwarts.co.uk</Email>
      </Author>
    </Authors>
    <name>Book2</name>
  </book>
  <book year="2014" isbn="ISBN83763550019---11">
    <Authors>
      <Author>
        <Name>Fred</Name>
        <Email>fweasley@hogwarts.co.uk</Email>
      </Author>
      <Author>
        <Name>George</Name>
        <Email>gweasley@hogwarts.co.uk</Email>
      </Author>
    </Authors>
    <name>Book1</name>
  </book>
  <book year="2014" isbn="ISBN83763550019---11">
    <Authors>
      <Author>
        <Name>Fred</Name>
        <Email>fweasley@hogwarts.co.uk</Email>
      </Author>
      <Author>
        <Name>George</Name>
        <Email>gweasley@hogwarts.co.uk</Email>
      </Author>
    </Authors>
    <name>Book2</name>
  </book>
  <book year="2014" isbn="ISBN83763550019---11">
    <Authors>
      <Author>
        <Name>Fred</Name>
        <Email>fweasley@hogwarts.co.uk</Email>
      </Author>
      <Author>
        <Name>George</Name>
        <Email>gweasley@hogwarts.co.uk</Email>
      </Author>
    </Authors>
    <name>Book1</name>
  </book>
  <book year="2014" isbn="ISBN83763550019---11">
    <Authors>
      <Author>
        <Name>Fred</Name>
        <Email>fweasley@hogwarts.co.uk</Email>
      </Author>
      <Author>
        <Name>George</Name>
        <Email>gweasley@hogwarts.co.uk</Email>
      </Author>
    </Authors>
    <name>Book2</name>
  </book>
  <book year="2014" isbn="ISBN83763550019---11">
    <Authors>
      <Author>
        <Name>Fred</Name>
        <Email>fweasley@hogwarts.co.uk</Email>
      </Author>
      <Author>
        <Name>George</Name>
        <Email>gweasley@hogwarts.co.uk</Email>
      </Author>
    </Authors>
    <name>Book1</name>
  </book>
  <book year="2014" isbn="ISBN83763550019---11">
    <Authors>
      <Author>
        <Name>Fred</Name>
        <Email>fweasley@hogwarts.co.uk</Email>
      </Author>
      <Author>
        <Name>George</Name>
        <Email>gweasley@hogwarts.co.uk</Email>
      </Author>
    </Authors>
    <name>Book2</name>
  </book>
  <book year="2014" isbn="ISBN83763550019---11">
    <Authors>
      <Author>
        <Name>Fred</Name>
        <Email>fweasley@hogwarts.co.uk</Email>
      </Author>
      <Author>
        <Name>George</Name>
        <Email>gweasley@hogwarts.co.uk</Email>
      </Author>
    </Authors>
    <name>Book1</name>
  </book>
  <book year="2014" isbn="ISBN83763550019---11">
    <Authors>
      <Author>
        <Name>Fred</Name>
        <Email>fweasley@hogwarts.co.uk</Email>
      </Author>
      <Author>
        <Name>George</Name>
        <Email>gweasley@hogwarts.co.uk</Email>
      </Author>
    </Authors>
    <name>Book2</name>
  </book>
  <book year="2014" isbn="ISBN83763550019---11">
    <Authors>
      <Author>
        <Name>Fred</Name>
        <Email>fweasley@hogwarts.co.uk</Email>
      </Author>
      <Author>
        <Name>George</Name>
        <Email>gweasley@hogwarts.co.uk</Email>
      </Author>
    </Authors>
    <name>Book1</name>
  </book>
  <book year="2014" isbn="ISBN83763550019---11">
    <Authors>
      <Author>
        <Name>Fred</Name>
        <Email>fweasley@hogwarts.co.uk</Email>
      </Author>
      <Author>
        <Name>George</Name>
        <Email>gweasley@hogwarts.co.uk</Email>
      </Author>
    </Authors>
    <name>Book2</name>
  </book>
  <book year="2014" isbn="ISBN83763550019---11">
    <Authors>
      <Author>
        <Name>Fred</Name>
        <Email>fweasley@hogwarts.co.uk</Email>
      </Author>
      <Author>
        <Name>George</Name>
        <Email>gweasley@hogwarts.co.uk</Email>
      </Author>
    </Authors>
    <name>Book1</name>
  </book>
  <book year="2014" isbn="ISBN83763550019---11">
    <Authors>
      <Author>
        <Name>Fred</Name>
        <Email>fweasley@hogwarts.co.uk</Email>
      </Author>
      <Author>
        <Name>George</Name>
        <Email>gweasley@hogwarts.co.uk</Email>
      </Author>
    </Authors>
    <name>Book2</name>
  </book>
  <book year="2014" isbn="ISBN83763550019---11">
    <Authors>
      <Author>
        <Name>Fred</Name>
        <Email>fweasley@hogwarts.co.uk</Email>
      </Author>
      <Author>
        <Name>George</Name>
        <Email>gweasley@hogwarts.co.uk</Email>
      </Author>
    </Authors>
    <name>Book1</name>
  </book>
  <book year="2014" isbn="ISBN83763550019---11">
    <Authors>
      <Author>
        <Name>Fred</Name>
        <Email>fweasley@hogwarts.co.uk</Email>
      </Author>
      <Author>
        <Name>George</Name>
        <Email>gweasley@hogwarts.co.uk</Email>
      </Author>
    </Authors>
    <name>Book2</name>
  </book>
  <book year="2014" isbn="ISBN83763550019---11">
    <Authors>
      <Author>
        <Name>Fred</Name>
        <Email>fweasley@hogwarts.co.uk</Email>
      </Author>
      <Author>
        <Name>George</Name>
        <Email>gweasley@hogwarts.co.uk</Email>
      </Author>
    </Authors>
    <name>Book1</name>
  </book>
  <book year="2014" isbn="ISBN83763550019---11">
    <Authors>
      <Author>
        <Name>Fred</Name>
        <Email>fweasley@hogwarts.co.uk</Email>
      </Author>
      <Author>
        <Name>George</Name>
        <Email>gweasley@hogwarts.co.uk</Email>
      </Author>
    </Authors>
    <name>Book2</name>
  </book>
  <book year="2014" isbn="ISBN83763550019---11">
    <Authors>
      <Author>
        <Name>Fred</Name>
        <Email>fweasley@hogwarts.co.uk</Email>
      </Author>
      <Author>
        <Name>George</Name>
        <Email>gweasley@hogwarts.co.uk</Email>
      </Author>
    </Authors>
    <name>Book1</name>
  </book>
  <book year="2014" isbn="ISBN83763550019---11">
    <Authors>
      <Author>
        <Name>Fred</Name>
        <Email>fweasley@hogwarts.co.uk</Email>
      </Author>
      <Author>
        <Name>George</Name>
        <Email>gweasley@hogwarts.co.uk</Email>
      </Author>
    </Authors>
    <name>Book2</name>
  </book>
  <book year="2014" isbn="ISBN83763550019---11">
    <Authors>
      <Author>
        <Name>Fred</Name>
        <Email>fweasley@hogwarts.co.uk</Email>
      </Author>
      <Author>
        <Name>George</Name>
        <Email>gweasley@hogwarts.co.uk</Email>
      </Author>
    </Authors>
    <name>Book1</name>
  </book>
  <book year="2014" isbn="ISBN83763550019---11">
    <Authors>
      <Author>
        <Name>Fred</Name>
        <Email>fweasley@hogwarts.co.uk</Email>
      </Author>
      <Author>
        <Name>George</Name>
        <Email>gweasley@hogwarts.co.uk</Email>
      </Author>
    </Authors>
    <name>Book2</name>
  </book>
  <book year="2014" isbn="ISBN83763550019---11">
    <Authors>
      <Author>
        <Name>Fred</Name>
        <Email>fweasley@hogwarts.co.uk</Email>
      </Author>
      <Author>
        <Name>George</Name>
        <Email>gweasley@hogwarts.co.uk</Email>
      </Author>
    </Authors>
    <name>Book1</name>
  </book>
  <book year="2014" isbn="ISBN83763550019---11">
    <Authors>
      <Author>
        <Name>Fred</Name>
        <Email>fweasley@hogwarts.co.uk</Email>
      </Author>
      <Author>
        <Name>George</Name>
        <Email>gweasley@hogwarts.co.uk</Email>
      </Author>
    </Authors>
    <name>Book2</name>
  </book>
  <book year="2014" isbn="ISBN83763550019---11">
    <Authors>
      <Author>
        <Name>Fred</Name>
        <Email>fweasley@hogwarts.co.uk</Email>
      </Author>
      <Author>
        <Name>George</Name>
        <Email>gweasley@hogwarts.co.uk</Email>
      </Author>
    </Authors>
    <name>Book1</name>
  </book>
  <book year="2014" isbn="ISBN83763550019---11">
    <Authors>
      <Author>
        <Name>Fred</Name>
        <Email>fweasley@hogwarts.co.uk</Email>
      </Author>
      <Author>
        <Name>George</Name>
        <Email>gweasley@hogwarts.co.uk</Email>
      </Author>
    </Authors>
    <name>Book2</name>
  </book>
  <book year="2014" isbn="ISBN83763550019---11">
    <Authors>
      <Author>
        <Name>Fred</Name>
        <Email>fweasley@hogwarts.co.uk</Email>
      </Author>
      <Author>
        <Name>George</Name>
        <Email>gweasley@hogwarts.co.uk</Email>
      </Author>
    </Authors>
    <name>Book1</name>
  </book>
  <book year="2014" isbn="ISBN83763550019---11">
    <Authors>
      <Author>
        <Name>Fred</Name>
        <Email>fweasley@hogwarts.co.uk</Email>
      </Author>
      <Author>
        <Name>George</Name>
        <Email>gweasley@hogwarts.co.uk</Email>
      </Author>
    </Authors>
    <name>Book2</name>
  </book>
  <book year="2014" isbn="ISBN83763550019---11">
    <Authors>
      <Author>
        <Name>Fred</Name>
        <Email>fweasley@hogwarts.co.uk</Email>
      </Author>
      <Author>
        <Name>George</Name>
        <Email>gweasley@hogwarts.co.uk</Email>
      </Author>
    </Authors>
    <name>Book1</name>
  </book>
  <book year="2014" isbn="ISBN83763550019---11">
    <Authors>
      <Author>
        <Name>Fred</Name>
        <Email>fweasley@hogwarts.co.uk</Email>
      </Author>
      <Author>
        <Name>George</Name>
        <Email>gweasley@hogwarts.co.uk</Email>
      </Author>
    </Authors>
    <name>Book2</name>
  </book>
  <book year="2014" isbn="ISBN83763550019---11">
    <Authors>
      <Author>
        <Name>Fred</Name>
        <Email>fweasley@hogwarts.co.uk</Email>
      </Author>
      <Author>
        <Name>George</Name>
        <Email>gweasley@hogwarts.co.uk</Email>
      </Author>
    </Authors>
    <name>Book1</name>
  </book>
  <book year="2014" isbn="ISBN83763550019---11">
    <Authors>
      <Author>
        <Name>Fred</Name>
        <Email>fweasley@hogwarts.co.uk</Email>
      </Author>
      <Author>
        <Name>George</Name>
        <Email>gweasley@hogwarts.co.uk</Email>
      </Author>
    </Authors>
    <name>Book2</name>
  </book>
  <book year="2014" isbn="ISBN83763550019---11">
    <Authors>
      <Author>
        <Name>Fred</Name>
        <Email>fweasley@hogwarts.co.uk</Email>
      </Author>
      <Author>
        <Name>George</Name>
        <Email>gweasley@hogwarts.co.uk</Email>
      </Author>
    </Authors>
    <name>Book1</name>
  </book>
  <book year="2014" isbn="ISBN83763550019---11">
    <Authors>
      <Author>
        <Name>Fred</Name>
        <Email>fweasley@hogwarts.co.uk</Email>
      </Author>
      <Author>
        <Name>George</Name>
        <Email>gweasley@hogwarts.co.uk</Email>
      </Author>
    </Authors>
    <name>Book2</name>
  </book>
  <book year="2014" isbn="ISBN83763550019---11">
    <Authors>
      <Author>
        <Name>Fred</Name>
        <Email>fweasley@hogwarts.co.uk</Email>
      </Author>
      <Author>
        <Name>George</Name>
        <Email>gweasley@hogwarts.co.uk</Email>
      </Author>
    </Authors>
    <name>Book1</name>
  </book>
  <book year="2014" isbn="ISBN83763550019---11">
    <Authors>
      <Author>
        <Name>Fred</Name>
        <Email>fweasley@hogwarts.co.uk</Email>
      </Author>
      <Author>
        <Name>George</Name>
        <Email>gweasley@hogwarts.co.uk</Email>
      </Author>
    </Authors>
    <name>Book2</name>
  </book>
  <book year="2014" isbn="ISBN83763550019---11">
    <Authors>
      <Author>
        <Name>Fred</Name>
        <Email>fweasley@hogwarts.co.uk</Email>
      </Author>
      <Author>
        <Name>George</Name>
        <Email>gweasley@hogwarts.co.uk</Email>
      </Author>
    </Authors>
    <name>Book1</name>
  </book>
  <book year="2014" isbn="ISBN83763550019---11">
    <Authors>
      <Author>
        <Name>Fred</Name>
        <Email>fweasley@hogwarts.co.uk</Email>
      </Author>
      <Author>
        <Name>George</Name>
        <Email>gweasley@hogwarts.co.uk</Email>
      </Author>
    </Authors>
    <name>Book2</name>
  </book>
  <book year="2014" isbn="ISBN83763550019---11">
    <Authors>
      <Author>
        <Name>Fred</Name>
        <Email>fweasley@hogwarts.co.uk</Email>
      </Author>
      <Author>
        <Name>George</Name>
        <Email>gweasley@hogwarts.co.uk</Email>
      </Author>
    </Authors>
    <name>Book1</name>
  </book>
  <book year="2014" isbn="ISBN83763550019---11">
    <Authors>
      <Author>
        <Name>Fred</Name>
        <Email>fweasley@hogwarts.co.uk</Email>
      </Author>
      <Author>
        <Name>George</Name>
        <Email>gweasley@hogwarts.co.uk</Email>
      </Author>
    </Authors>
    <name>Book2</name>
  </book>
  <book year="2014" isbn="ISBN83763550019---11">
    <Authors>
      <Author>
        <Name>Fred</Name>
        <Email>fweasley@hogwarts.co.uk</Email>
      </Author>
      <Author>
        <Name>George</Name>
        <Email>gweasley@hogwarts.co.uk</Email>
      </Author>
    </Authors>
    <name>Book1</name>
  </book>
  <book year="2014" isbn="ISBN83763550019---11">
    <Authors>
      <Author>
        <Name>Fred</Name>
        <Email>fweasley@hogwarts.co.uk</Email>
      </Author>
      <Author>
        <Name>George</Name>
        <Email>gweasley@hogwarts.co.uk</Email>
      </Author>
    </Authors>
    <name>Book2</name>
  </book>
  <book year="2014" isbn="ISBN83763550019---11">
    <Authors>
      <Author>
        <Name>Fred</Name>
        <Email>fweasley@hogwarts.co.uk</Email>
      </Author>
      <Author>
        <Name>George</Name>
        <Email>gweasley@hogwarts.co.uk</Email>
      </Author>
    </Authors>
    <name>Book1</name>
  </book>
  <book year="2014" isbn="ISBN83763550019---11">
    <Authors>
      <Author>
        <Name>Fred</Name>
        <Email>fweasley@hogwarts.co.uk</Email>
      </Author>
      <Author>
        <Name>George</Name>
        <Email>gweasley@hogwarts.co.uk</Email>
      </Author>
    </Authors>
    <name>Book2</name>
  </book>
  <book year="2014" isbn="ISBN83763550019---11">
    <Authors>
      <Author>
        <Name>Fred</Name>
        <Email>fweasley@hogwarts.co.uk</Email>
      </Author>
      <Author>
        <Name>George</Name>
        <Email>gweasley@hogwarts.co.uk</Email>
      </Author>
    </Authors>
    <name>Book1</name>
  </book>
  <book year="2014" isbn="ISBN83763550019---11">
    <Authors>
      <Author>
        <Name>Fred</Name>
        <Email>fweasley@hogwarts.co.uk</Email>
      </Author>
      <Author>
        <Name>George</Name>
        <Email>gweasley@hogwarts.co.uk</Email>
      </Author>
    </Authors>
    <name>Book2</name>
  </book>
  <book year="2014" isbn="ISBN83763550019---11">
    <Authors>
      <Author>
        <Name>Fred</Name>
        <Email>fweasley@hogwarts.co.uk</Email>
      </Author>
      <Author>
        <Name>George</Name>
        <Email>gweasley@hogwarts.co.uk</Email>
      </Author>
    </Authors>
    <name>Book1</name>
  </book>
  <book year="2014" isbn="ISBN83763550019---11">
    <Authors>
      <Author>
        <Name>Fred</Name>
        <Email>fweasley@hogwarts.co.uk</Email>
      </Author>
      <Author>
        <Name>George</Name>
        <Email>gweasley@hogwarts.co.uk</Email>
      </Author>
    </Authors>
    <name>Book2</name>
  </book>
  <book year="2014" isbn="ISBN83763550019---11">
    <Authors>
      <Author>
        <Name>Fred</Name>
        <Email>fweasley@hogwarts.co.uk</Email>
      </Author>
      <Author>
        <Name>George</Name>
        <Email>gweasley@hogwarts.co.uk</Email>
      </Author>
    </Authors>
    <name>Book1</name>
  </book>
  <book year="2014" isbn="ISBN83763550019---11">
    <Authors>
      <Author>
        <Name>Fred</Name>
        <Email>fweasley@hogwarts.co.uk</Email>
      </Author>
      <Author>
        <Name>George</Name>
        <Email>gweasley@hogwarts.co.uk</Email>
      </Author>
    </Authors>
    <name>Book2</name>
  </book>
  <book year="2014" isbn="ISBN83763550019---11">
    <Authors>
      <Author>
        <Name>Fred</Name>
        <Email>fweasley@hogwarts.co.uk</Email>
      </Author>
      <Author>
        <Name>George</Name>
        <Email>gweasley@hogwarts.co.uk</Email>
      </Author>
    </Authors>
    <name>Book1</name>
  </book>
  <book year="2014" isbn="ISBN83763550019---11">
    <Authors>
      <Author>
        <Name>Fred</Name>
        <Email>fweasley@hogwarts.co.uk</Email>
      </Author>
      <Author>
        <Name>George</Name>
        <Email>gweasley@hogwarts.co.uk</Email>
      </Author>
    </Authors>
    <name>Book2</name>
  </book>
  <book year="2014" isbn="ISBN83763550019---11">
    <Authors>
      <Author>
        <Name>Fred</Name>
        <Email>fweasley@hogwarts.co.uk</Email>
      </Author>
      <Author>
        <Name>George</Name>
        <Email>gweasley@hogwarts.co.uk</Email>
      </Author>
    </Authors>
    <name>Book1</name>
  </book>
  <book year="2014" isbn="ISBN83763550019---11">
    <Authors>
      <Author>
        <Name>Fred</Name>
        <Email>fweasley@hogwarts.co.uk</Email>
      </Author>
      <Author>
        <Name>George</Name>
        <Email>gweasley@hogwarts.co.uk</Email>
      </Author>
    </Authors>
    <name>Book2</name>
  </book>
  <book year="2014" isbn="ISBN83763550019---11">
    <Authors>
      <Author>
        <Name>Fred</Name>
        <Email>fweasley@hogwarts.co.uk</Email>
      </Author>
      <Author>
        <Name>George</Name>
        <Email>gweasley@hogwarts.co.uk</Email>
      </Author>
    </Authors>
    <name>Book1</name>
  </book>
  <book year="2014" isbn="ISBN83763550019---11">
    <Authors>
      <Author>
        <Name>Fred</Name>
        <Email>fweasley@hogwarts.co.uk</Email>
      </Author>
      <Author>
        <Name>George</Name>
        <Email>gweasley@hogwarts.co.uk</Email>
      </Author>
    </Authors>
    <name>Book2</name>
  </book>
  <book year="2014" isbn="ISBN83763550019---11">
    <Authors>
      <Author>
        <Name>Fred</Name>
        <Email>fweasley@hogwarts.co.uk</Email>
      </Author>
      <Author>
        <Name>George</Name>
        <Email>gweasley@hogwarts.co.uk</Email>
      </Author>
    </Authors>
    <name>Book1</name>
  </book>
  <book year="2014" isbn="ISBN83763550019---11">
    <Authors>
      <Author>
        <Name>Fred</Name>
        <Email>fweasley@hogwarts.co.uk</Email>
      </Author>
      <Author>
        <Name>George</Name>
        <Email>gweasley@hogwarts.co.uk</Email>
      </Author>
    </Authors>
    <name>Book2</name>
  </book>
  <book year="2014" isbn="ISBN83763550019---11">
    <Authors>
      <Author>
        <Name>Fred</Name>
        <Email>fweasley@hogwarts.co.uk</Email>
      </Author>
      <Author>
        <Name>George</Name>
        <Email>gweasley@hogwarts.co.uk</Email>
      </Author>
    </Authors>
    <name>Book1</name>
  </book>
  <book year="2014" isbn="ISBN83763550019---11">
    <Authors>
      <Author>
        <Name>Fred</Name>
        <Email>fweasley@hogwarts.co.uk</Email>
      </Author>
      <Author>
        <Name>George</Name>
        <Email>gweasley@hogwarts.co.uk</Email>
      </Author>
    </Authors>
    <name>Book2</name>
  </book>
  <book year="2014" isbn="ISBN83763550019---11">
    <Authors>
      <Author>
        <Name>Fred</Name>
        <Email>fweasley@hogwarts.co.uk</Email>
      </Author>
      <Author>
        <Name>George</Name>
        <Email>gweasley@hogwarts.co.uk</Email>
      </Author>
    </Authors>
    <name>Book1</name>
  </book>
  <book year="2014" isbn="ISBN83763550019---11">
    <Authors>
      <Author>
        <Name>Fred</Name>
        <Email>fweasley@hogwarts.co.uk</Email>
      </Author>
      <Author>
        <Name>George</Name>
        <Email>gweasley@hogwarts.co.uk</Email>
      </Author>
    </Authors>
    <name>Book2</name>
  </book>
  <book year="2014" isbn="ISBN83763550019---11">
    <Authors>
      <Author>
        <Name>Fred</Name>
        <Email>fweasley@hogwarts.co.uk</Email>
      </Author>
      <Author>
        <Name>George</Name>
        <Email>gweasley@hogwarts.co.uk</Email>
      </Author>
    </Authors>
    <name>Book1</name>
  </book>
  <book year="2014" isbn="ISBN83763550019---11">
    <Authors>
      <Author>
        <Name>Fred</Name>
        <Email>fweasley@hogwarts.co.uk</Email>
      </Author>
      <Author>
        <Name>George</Name>
        <Email>gweasley@hogwarts.co.uk</Email>
      </Author>
    </Authors>
    <name>Book2</name>
  </book>
  <book year="2014" isbn="ISBN83763550019---11">
    <Authors>
      <Author>
        <Name>Fred</Name>
        <Email>fweasley@hogwarts.co.uk</Email>
      </Author>
      <Author>
        <Name>George</Name>
        <Email>gweasley@hogwarts.co.uk</Email>
      </Author>
    </Authors>
    <name>Book1</name>
  </book>
  <book year="2014" isbn="ISBN83763550019---11">
    <Authors>
      <Author>
        <Name>Fred</Name>
        <Email>fweasley@hogwarts.co.uk</Email>
      </Author>
      <Author>
        <Name>George</Name>
        <Email>gweasley@hogwarts.co.uk</Email>
      </Author>
    </Authors>
    <name>Book2</name>
  </book>
  <book year="2014" isbn="ISBN83763550019---11">
    <Authors>
      <Author>
        <Name>Fred</Name>
        <Email>fweasley@hogwarts.co.uk</Email>
      </Author>
      <Author>
        <Name>George</Name>
        <Email>gweasley@hogwarts.co.uk</Email>
      </Author>
    </Authors>
    <name>Book1</name>
  </book>
  <book year="2014" isbn="ISBN83763550019---11">
    <Authors>
      <Author>
        <Name>Fred</Name>
        <Email>fweasley@hogwarts.co.uk</Email>
      </Author>
      <Author>
        <Name>George</Name>
        <Email>gweasley@hogwarts.co.uk</Email>
      </Author>
    </Authors>
    <name>Book2</name>
  </book>
  <book year="2014" isbn="ISBN83763550019---11">
    <Authors>
      <Author>
        <Name>Fred</Name>
        <Email>fweasley@hogwarts.co.uk</Email>
      </Author>
      <Author>
        <Name>George</Name>
        <Email>gweasley@hogwarts.co.uk</Email>
      </Author>
    </Authors>
    <name>Book1</name>
  </book>
  <book year="2014" isbn="ISBN83763550019---11">
    <Authors>
      <Author>
        <Name>Fred</Name>
        <Email>fweasley@hogwarts.co.uk</Email>
      </Author>
      <Author>
        <Name>George</Name>
        <Email>gweasley@hogwarts.co.uk</Email>
      </Author>
    </Authors>
    <name>Book2</name>
  </book>
  <book year="2014" isbn="ISBN83763550019---11">
    <Authors>
      <Author>
        <Name>Fred</Name>
        <Email>fweasley@hogwarts.co.uk</Email>
      </Author>
      <Author>
        <Name>George</Name>
        <Email>gweasley@hogwarts.co.uk</Email>
      </Author>
    </Authors>
    <name>Book1</name>
  </book>
  <book year="2014" isbn="ISBN83763550019---11">
    <Authors>
      <Author>
        <Name>Fred</Name>
        <Email>fweasley@hogwarts.co.uk</Email>
      </Author>
      <Author>
        <Name>George</Name>
        <Email>gweasley@hogwarts.co.uk</Email>
      </Author>
    </Authors>
    <name>Book2</name>
  </book>
  <book year="2014" isbn="ISBN83763550019---11">
    <Authors>
      <Author>
        <Name>Fred</Name>
        <Email>fweasley@hogwarts.co.uk</Email>
      </Author>
      <Author>
        <Name>George</Name>
        <Email>gweasley@hogwarts.co.uk</Email>
      </Author>
    </Authors>
    <name>Book1</name>
  </book>
  <book year="2014" isbn="ISBN83763550019---11">
    <Authors>
      <Author>
        <Name>Fred</Name>
        <Email>fweasley@hogwarts.co.uk</Email>
      </Author>
      <Author>
        <Name>George</Name>
        <Email>gweasley@hogwarts.co.uk</Email>
      </Author>
    </Authors>
    <name>Book2</name>
  </book>
  <book year="2014" isbn="ISBN83763550019---11">
    <Authors>
      <Author>
        <Name>Fred</Name>
        <Email>fweasley@hogwarts.co.uk</Email>
      </Author>
      <Author>
        <Name>George</Name>
        <Email>gweasley@hogwarts.co.uk</Email>
      </Author>
    </Authors>
    <name>Book1</name>
  </book>
  <book year="2014" isbn="ISBN83763550019---11">
    <Authors>
      <Author>
        <Name>Fred</Name>
        <Email>fweasley@hogwarts.co.uk</Email>
      </Author>
      <Author>
        <Name>George</Name>
        <Email>gweasley@hogwarts.co.uk</Email>
      </Author>
    </Authors>
    <name>Book2</name>
  </book>
  <book year="2014" isbn="ISBN83763550019---11">
    <Authors>
      <Author>
        <Name>Fred</Name>
        <Email>fweasley@hogwarts.co.uk</Email>
      </Author>
      <Author>
        <Name>George</Name>
        <Email>gweasley@hogwarts.co.uk</Email>
      </Author>
    </Authors>
    <name>Book1</name>
  </book>
  <book year="2014" isbn="ISBN83763550019---11">
    <Authors>
      <Author>
        <Name>Fred</Name>
        <Email>fweasley@hogwarts.co.uk</Email>
      </Author>
      <Author>
        <Name>George</Name>
        <Email>gweasley@hogwarts.co.uk</Email>
      </Author>
    </Authors>
    <name>Book2</name>
  </book>
  <book year="2014" isbn="ISBN83763550019---11">
    <Authors>
      <Author>
        <Name>Fred</Name>
        <Email>fweasley@hogwarts.co.uk</Email>
      </Author>
      <Author>
        <Name>George</Name>
        <Email>gweasley@hogwarts.co.uk</Email>
      </Author>
    </Authors>
    <name>Book1</name>
  </book>
  <book year="2014" isbn="ISBN83763550019---11">
    <Authors>
      <Author>
        <Name>Fred</Name>
        <Email>fweasley@hogwarts.co.uk</Email>
      </Author>
      <Author>
        <Name>George</Name>
        <Email>gweasley@hogwarts.co.uk</Email>
      </Author>
    </Authors>
    <name>Book2</name>
  </book>
  <book year="2014" isbn="ISBN83763550019---11">
    <Authors>
      <Author>
        <Name>Fred</Name>
        <Email>fweasley@hogwarts.co.uk</Email>
      </Author>
      <Author>
        <Name>George</Name>
        <Email>gweasley@hogwarts.co.uk</Email>
      </Author>
    </Authors>
    <name>Book1</name>
  </book>
  <book year="2014" isbn="ISBN83763550019---11">
    <Authors>
      <Author>
        <Name>Fred</Name>
        <Email>fweasley@hogwarts.co.uk</Email>
      </Author>
      <Author>
        <Name>George</Name>
        <Email>gweasley@hogwarts.co.uk</Email>
      </Author>
    </Authors>
    <name>Book2</name>
  </book>
  <book year="2014" isbn="ISBN83763550019---11">
    <Authors>
      <Author>
        <Name>Fred</Name>
        <Email>fweasley@hogwarts.co.uk</Email>
      </Author>
      <Author>
        <Name>George</Name>
        <Email>gweasley@hogwarts.co.uk</Email>
      </Author>
    </Authors>
    <name>Book1</name>
  </book>
  <book year="2014" isbn="ISBN83763550019---11">
    <Authors>
      <Author>
        <Name>Fred</Name>
        <Email>fweasley@hogwarts.co.uk</Email>
      </Author>
      <Author>
        <Name>George</Name>
        <Email>gweasley@hogwarts.co.uk</Email>
      </Author>
    </Authors>
    <name>Book2</name>
  </book>
  <book year="2014" isbn="ISBN83763550019---11">
    <Authors>
      <Author>
        <Name>Fred</Name>
        <Email>fweasley@hogwarts.co.uk</Email>
      </Author>
      <Author>
        <Name>George</Name>
        <Email>gweasley@hogwarts.co.uk</Email>
      </Author>
    </Authors>
    <name>Book1</name>
  </book>
  <book year="2014" isbn="ISBN83763550019---11">
    <Authors>
      <Author>
        <Name>Fred</Name>
        <Email>fweasley@hogwarts.co.uk</Email>
      </Author>
      <Author>
        <Name>George</Name>
        <Email>gweasley@hogwarts.co.uk</Email>
      </Author>
    </Authors>
    <name>Book2</name>
  </book>
  <book year="2014" isbn="ISBN83763550019---11">
    <Authors>
      <Author>
        <Name>Fred</Name>
        <Email>fweasley@hogwarts.co.uk</Email>
      </Author>
      <Author>
        <Name>George</Name>
        <Email>gweasley@hogwarts.co.uk</Email>
      </Author>
    </Authors>
    <name>Book1</name>
  </book>
  <book year="2014" isbn="ISBN83763550019---11">
    <Authors>
      <Author>
        <Name>Fred</Name>
        <Email>fweasley@hogwarts.co.uk</Email>
      </Author>
      <Author>
        <Name>George</Name>
        <Email>gweasley@hogwarts.co.uk</Email>
      </Author>
    </Authors>
    <name>Book2</name>
  </book>
  <book year="2014" isbn="ISBN83763550019---11">
    <Authors>
      <Author>
        <Name>Fred</Name>
        <Email>fweasley@hogwarts.co.uk</Email>
      </Author>
      <Author>
        <Name>George</Name>
        <Email>gweasley@hogwarts.co.uk</Email>
      </Author>
    </Authors>
    <name>Book1</name>
  </book>
  <book year="2014" isbn="ISBN83763550019---11">
    <Authors>
      <Author>
        <Name>Fred</Name>
        <Email>fweasley@hogwarts.co.uk</Email>
      </Author>
      <Author>
        <Name>George</Name>
        <Email>gweasley@hogwarts.co.uk</Email>
      </Author>
    </Authors>
    <name>Book2</name>
  </book>
  <book year="2014" isbn="ISBN83763550019---11">
    <Authors>
      <Author>
        <Name>Fred</Name>
        <Email>fweasley@hogwarts.co.uk</Email>
      </Author>
      <Author>
        <Name>George</Name>
        <Email>gweasley@hogwarts.co.uk</Email>
      </Author>
    </Authors>
    <name>Book1</name>
  </book>
  <book year="2014" isbn="ISBN83763550019---11">
    <Authors>
      <Author>
        <Name>Fred</Name>
        <Email>fweasley@hogwarts.co.uk</Email>
      </Author>
      <Author>
        <Name>George</Name>
        <Email>gweasley@hogwarts.co.uk</Email>
      </Author>
    </Authors>
    <name>Book2</name>
  </book>
  <book year="2014" isbn="ISBN83763550019---11">
    <Authors>
      <Author>
        <Name>Fred</Name>
        <Email>fweasley@hogwarts.co.uk</Email>
      </Author>
      <Author>
        <Name>George</Name>
        <Email>gweasley@hogwarts.co.uk</Email>
      </Author>
    </Authors>
    <name>Book1</name>
  </book>
  <book year="2014" isbn="ISBN83763550019---11">
    <Authors>
      <Author>
        <Name>Fred</Name>
        <Email>fweasley@hogwarts.co.uk</Email>
      </Author>
      <Author>
        <Name>George</Name>
        <Email>gweasley@hogwarts.co.uk</Email>
      </Author>
    </Authors>
    <name>Book2</name>
  </book>
  <book year="2014" isbn="ISBN83763550019---11">
    <Authors>
      <Author>
        <Name>Fred</Name>
        <Email>fweasley@hogwarts.co.uk</Email>
      </Author>
      <Author>
        <Name>George</Name>
        <Email>gweasley@hogwarts.co.uk</Email>
      </Author>
    </Authors>
    <name>Book1</name>
  </book>
  <book year="2014" isbn="ISBN83763550019---11">
    <Authors>
      <Author>
        <Name>Fred</Name>
        <Email>fweasley@hogwarts.co.uk</Email>
      </Author>
      <Author>
        <Name>George</Name>
        <Email>gweasley@hogwarts.co.uk</Email>
      </Author>
    </Authors>
    <name>Book2</name>
  </book>
  <book year="2014" isbn="ISBN83763550019---11">
    <Authors>
      <Author>
        <Name>Fred</Name>
        <Email>fweasley@hogwarts.co.uk</Email>
      </Author>
      <Author>
        <Name>George</Name>
        <Email>gweasley@hogwarts.co.uk</Email>
      </Author>
    </Authors>
    <name>Book1</name>
  </book>
  <book year="2014" isbn="ISBN83763550019---11">
    <Authors>
      <Author>
        <Name>Fred</Name>
        <Email>fweasley@hogwarts.co.uk</Email>
      </Author>
      <Author>
        <Name>George</Name>
        <Email>gweasley@hogwarts.co.uk</Email>
      </Author>
    </Authors>
    <name>Book2</name>
  </book>
  <book year="2014" isbn="ISBN83763550019---11">
    <Authors>
      <Author>
        <Name>Fred</Name>
        <Email>fweasley@hogwarts.co.uk</Email>
      </Author>
      <Author>
        <Name>George</Name>
        <Email>gweasley@hogwarts.co.uk</Email>
      </Author>
    </Authors>
    <name>Book1</name>
  </book>
  <book year="2014" isbn="ISBN83763550019---11">
    <Authors>
      <Author>
        <Name>Fred</Name>
        <Email>fweasley@hogwarts.co.uk</Email>
      </Author>
      <Author>
        <Name>George</Name>
        <Email>gweasley@hogwarts.co.uk</Email>
      </Author>
    </Authors>
    <name>Book2</name>
  </book>
  <book year="2014" isbn="ISBN83763550019---11">
    <Authors>
      <Author>
        <Name>Fred</Name>
        <Email>fweasley@hogwarts.co.uk</Email>
      </Author>
      <Author>
        <Name>George</Name>
        <Email>gweasley@hogwarts.co.uk</Email>
      </Author>
    </Authors>
    <name>Book1</name>
  </book>
  <book year="2014" isbn="ISBN83763550019---11">
    <Authors>
      <Author>
        <Name>Fred</Name>
        <Email>fweasley@hogwarts.co.uk</Email>
      </Author>
      <Author>
        <Name>George</Name>
        <Email>gweasley@hogwarts.co.uk</Email>
      </Author>
    </Authors>
    <name>Book2</name>
  </book>
  <book year="2014" isbn="ISBN83763550019---11">
    <Authors>
      <Author>
        <Name>Fred</Name>
        <Email>fweasley@hogwarts.co.uk</Email>
      </Author>
      <Author>
        <Name>George</Name>
        <Email>gweasley@hogwarts.co.uk</Email>
      </Author>
    </Authors>
    <name>Book1</name>
  </book>
  <book year="2014" isbn="ISBN83763550019---11">
    <Authors>
      <Author>
        <Name>Fred</Name>
        <Email>fweasley@hogwarts.co.uk</Email>
      </Author>
      <Author>
        <Name>George</Name>
        <Email>gweasley@hogwarts.co.uk</Email>
      </Author>
    </Authors>
    <name>Book2</name>
  </book>
  <book year="2014" isbn="ISBN83763550019---11">
    <Authors>
      <Author>
        <Name>Fred</Name>
        <Email>fweasley@hogwarts.co.uk</Email>
      </Author>
      <Author>
        <Name>George</Name>
        <Email>gweasley@hogwarts.co.uk</Email>
      </Author>
    </Authors>
    <name>Book1</name>
  </book>
  <book year="2014" isbn="ISBN83763550019---11">
    <Authors>
      <Author>
        <Name>Fred</Name>
        <Email>fweasley@hogwarts.co.uk</Email>
      </Author>
      <Author>
        <Name>George</Name>
        <Email>gweasley@hogwarts.co.uk</Email>
      </Author>
    </Authors>
    <name>Book2</name>
  </book>
  <book year="2014" isbn="ISBN83763550019---11">
    <Authors>
      <Author>
        <Name>Fred</Name>
        <Email>fweasley@hogwarts.co.uk</Email>
      </Author>
      <Author>
        <Name>George</Name>
        <Email>gweasley@hogwarts.co.uk</Email>
      </Author>
    </Authors>
    <name>Book1</name>
  </book>
  <book year="2014" isbn="ISBN83763550019---11">
    <Authors>
      <Author>
        <Name>Fred</Name>
        <Email>fweasley@hogwarts.co.uk</Email>
      </Author>
      <Author>
        <Name>George</Name>
        <Email>gweasley@hogwarts.co.uk</Email>
      </Author>
    </Authors>
    <name>Book2</name>
  </book>
  <book year="2014" isbn="ISBN83763550019---11">
    <Authors>
      <Author>
        <Name>Fred</Name>
        <Email>fweasley@hogwarts.co.uk</Email>
      </Author>
      <Author>
        <Name>George</Name>
        <Email>gweasley@hogwarts.co.uk</Email>
      </Author>
    </Authors>
    <name>Book1</name>
  </book>
  <book year="2014" isbn="ISBN83763550019---11">
    <Authors>
      <Author>
        <Name>Fred</Name>
        <Email>fweasley@hogwarts.co.uk</Email>
      </Author>
      <Author>
        <Name>George</Name>
        <Email>gweasley@hogwarts.co.uk</Email>
      </Author>
    </Authors>
    <name>Book2</name>
  </book>
  <book year="2014" isbn="ISBN83763550019---11">
    <Authors>
      <Author>
        <Name>Fred</Name>
        <Email>fweasley@hogwarts.co.uk</Email>
      </Author>
      <Author>
        <Name>George</Name>
        <Email>gweasley@hogwarts.co.uk</Email>
      </Author>
    </Authors>
    <name>Book1</name>
  </book>
  <book year="2014" isbn="ISBN83763550019---11">
    <Authors>
      <Author>
        <Name>Fred</Name>
        <Email>fweasley@hogwarts.co.uk</Email>
      </Author>
      <Author>
        <Name>George</Name>
        <Email>gweasley@hogwarts.co.uk</Email>
      </Author>
    </Authors>
    <name>Book2</name>
  </book>
  <book year="2014" isbn="ISBN83763550019---11">
    <Authors>
      <Author>
        <Name>Fred</Name>
        <Email>fweasley@hogwarts.co.uk</Email>
      </Author>
      <Author>
        <Name>George</Name>
        <Email>gweasley@hogwarts.co.uk</Email>
      </Author>
    </Authors>
    <name>Book1</name>
  </book>
  <book year="2014" isbn="ISBN83763550019---11">
    <Authors>
      <Author>
        <Name>Fred</Name>
        <Email>fweasley@hogwarts.co.uk</Email>
      </Author>
      <Author>
        <Name>George</Name>
        <Email>gweasley@hogwarts.co.uk</Email>
      </Author>
    </Authors>
    <name>Book2</name>
  </book>
  <book year="2014" isbn="ISBN83763550019---11">
    <Authors>
      <Author>
        <Name>Fred</Name>
        <Email>fweasley@hogwarts.co.uk</Email>
      </Author>
      <Author>
        <Name>George</Name>
        <Email>gweasley@hogwarts.co.uk</Email>
      </Author>
    </Authors>
    <name>Book1</name>
  </book>
  <book year="2014" isbn="ISBN83763550019---11">
    <Authors>
      <Author>
        <Name>Fred</Name>
        <Email>fweasley@hogwarts.co.uk</Email>
      </Author>
      <Author>
        <Name>George</Name>
        <Email>gweasley@hogwarts.co.uk</Email>
      </Author>
    </Authors>
    <name>Book2</name>
  </book>
  <book year="2014" isbn="ISBN83763550019---11">
    <Authors>
      <Author>
        <Name>Fred</Name>
        <Email>fweasley@hogwarts.co.uk</Email>
      </Author>
      <Author>
        <Name>George</Name>
        <Email>gweasley@hogwarts.co.uk</Email>
      </Author>
    </Authors>
    <name>Book1</name>
  </book>
  <book year="2014" isbn="ISBN83763550019---11">
    <Authors>
      <Author>
        <Name>Fred</Name>
        <Email>fweasley@hogwarts.co.uk</Email>
      </Author>
      <Author>
        <Name>George</Name>
        <Email>gweasley@hogwarts.co.uk</Email>
      </Author>
    </Authors>
    <name>Book2</name>
  </book>
  <book year="2014" isbn="ISBN83763550019---11">
    <Authors>
      <Author>
        <Name>Fred</Name>
        <Email>fweasley@hogwarts.co.uk</Email>
      </Author>
      <Author>
        <Name>George</Name>
        <Email>gweasley@hogwarts.co.uk</Email>
      </Author>
    </Authors>
    <name>Book1</name>
  </book>
  <book year="2014" isbn="ISBN83763550019---11">
    <Authors>
      <Author>
        <Name>Fred</Name>
        <Email>fweasley@hogwarts.co.uk</Email>
      </Author>
      <Author>
        <Name>George</Name>
        <Email>gweasley@hogwarts.co.uk</Email>
      </Author>
    </Authors>
    <name>Book2</name>
  </book>
  <book year="2014" isbn="ISBN83763550019---11">
    <Authors>
      <Author>
        <Name>Fred</Name>
        <Email>fweasley@hogwarts.co.uk</Email>
      </Author>
      <Author>
        <Name>George</Name>
        <Email>gweasley@hogwarts.co.uk</Email>
      </Author>
    </Authors>
    <name>Book1</name>
  </book>
  <book year="2014" isbn="ISBN83763550019---11">
    <Authors>
      <Author>
        <Name>Fred</Name>
        <Email>fweasley@hogwarts.co.uk</Email>
      </Author>
      <Author>
        <Name>George</Name>
        <Email>gweasley@hogwarts.co.uk</Email>
      </Author>
    </Authors>
    <name>Book2</name>
  </book>
  <book year="2014" isbn="ISBN83763550019---11">
    <Authors>
      <Author>
        <Name>Fred</Name>
        <Email>fweasley@hogwarts.co.uk</Email>
      </Author>
      <Author>
        <Name>George</Name>
        <Email>gweasley@hogwarts.co.uk</Email>
      </Author>
    </Authors>
    <name>Book1</name>
  </book>
  <book year="2014" isbn="ISBN83763550019---11">
    <Authors>
      <Author>
        <Name>Fred</Name>
        <Email>fweasley@hogwarts.co.uk</Email>
      </Author>
      <Author>
        <Name>George</Name>
        <Email>gweasley@hogwarts.co.uk</Email>
      </Author>
    </Authors>
    <name>Book2</name>
  </book>
  <book year="2014" isbn="ISBN83763550019---11">
    <Authors>
      <Author>
        <Name>Fred</Name>
        <Email>fweasley@hogwarts.co.uk</Email>
      </Author>
      <Author>
        <Name>George</Name>
        <Email>gweasley@hogwarts.co.uk</Email>
      </Author>
    </Authors>
    <name>Book1</name>
  </book>
  <book year="2014" isbn="ISBN83763550019---11">
    <Authors>
      <Author>
        <Name>Fred</Name>
        <Email>fweasley@hogwarts.co.uk</Email>
      </Author>
      <Author>
        <Name>George</Name>
        <Email>gweasley@hogwarts.co.uk</Email>
      </Author>
    </Authors>
    <name>Book2</name>
  </book>
  <book year="2014" isbn="ISBN83763550019---11">
    <Authors>
      <Author>
        <Name>Fred</Name>
        <Email>fweasley@hogwarts.co.uk</Email>
      </Author>
      <Author>
        <Name>George</Name>
        <Email>gweasley@hogwarts.co.uk</Email>
      </Author>
    </Authors>
    <name>Book1</name>
  </book>
  <book year="2014" isbn="ISBN83763550019---11">
    <Authors>
      <Author>
        <Name>Fred</Name>
        <Email>fweasley@hogwarts.co.uk</Email>
      </Author>
      <Author>
        <Name>George</Name>
        <Email>gweasley@hogwarts.co.uk</Email>
      </Author>
    </Authors>
    <name>Book2</name>
  </book>
  <book year="2014" isbn="ISBN83763550019---11">
    <Authors>
      <Author>
        <Name>Fred</Name>
        <Email>fweasley@hogwarts.co.uk</Email>
      </Author>
      <Author>
        <Name>George</Name>
        <Email>gweasley@hogwarts.co.uk</Email>
      </Author>
    </Authors>
    <name>Book1</name>
  </book>
  <book year="2014" isbn="ISBN83763550019---11">
    <Authors>
      <Author>
        <Name>Fred</Name>
        <Email>fweasley@hogwarts.co.uk</Email>
      </Author>
      <Author>
        <Name>George</Name>
        <Email>gweasley@hogwarts.co.uk</Email>
      </Author>
    </Authors>
    <name>Book2</name>
  </book>
  <book year="2014" isbn="ISBN83763550019---11">
    <Authors>
      <Author>
        <Name>Fred</Name>
        <Email>fweasley@hogwarts.co.uk</Email>
      </Author>
      <Author>
        <Name>George</Name>
        <Email>gweasley@hogwarts.co.uk</Email>
      </Author>
    </Authors>
    <name>Book1</name>
  </book>
  <book year="2014" isbn="ISBN83763550019---11">
    <Authors>
      <Author>
        <Name>Fred</Name>
        <Email>fweasley@hogwarts.co.uk</Email>
      </Author>
      <Author>
        <Name>George</Name>
        <Email>gweasley@hogwarts.co.uk</Email>
      </Author>
    </Authors>
    <name>Book2</name>
  </book>
  <book year="2014" isbn="ISBN83763550019---11">
    <Authors>
      <Author>
        <Name>Fred</Name>
        <Email>fweasley@hogwarts.co.uk</Email>
      </Author>
      <Author>
        <Name>George</Name>
        <Email>gweasley@hogwarts.co.uk</Email>
      </Author>
    </Authors>
    <name>Book1</name>
  </book>
  <book year="2014" isbn="ISBN83763550019---11">
    <Authors>
      <Author>
        <Name>Fred</Name>
        <Email>fweasley@hogwarts.co.uk</Email>
      </Author>
      <Author>
        <Name>George</Name>
        <Email>gweasley@hogwarts.co.uk</Email>
      </Author>
    </Authors>
    <name>Book2</name>
  </book>
  <book year="2014" isbn="ISBN83763550019---11">
    <Authors>
      <Author>
        <Name>Fred</Name>
        <Email>fweasley@hogwarts.co.uk</Email>
      </Author>
      <Author>
        <Name>George</Name>
        <Email>gweasley@hogwarts.co.uk</Email>
      </Author>
    </Authors>
    <name>Book1</name>
  </book>
  <book year="2014" isbn="ISBN83763550019---11">
    <Authors>
      <Author>
        <Name>Fred</Name>
        <Email>fweasley@hogwarts.co.uk</Email>
      </Author>
      <Author>
        <Name>George</Name>
        <Email>gweasley@hogwarts.co.uk</Email>
      </Author>
    </Authors>
    <name>Book2</name>
  </book>
  <book year="2014" isbn="ISBN83763550019---11">
    <Authors>
      <Author>
        <Name>Fred</Name>
        <Email>fweasley@hogwarts.co.uk</Email>
      </Author>
      <Author>
        <Name>George</Name>
        <Email>gweasley@hogwarts.co.uk</Email>
      </Author>
    </Authors>
    <name>Book1</name>
  </book>
  <book year="2014" isbn="ISBN83763550019---11">
    <Authors>
      <Author>
        <Name>Fred</Name>
        <Email>fweasley@hogwarts.co.uk</Email>
      </Author>
      <Author>
        <Name>George</Name>
        <Email>gweasley@hogwarts.co.uk</Email>
      </Author>
    </Authors>
    <name>Book2</name>
  </book>
  <book year="2014" isbn="ISBN83763550019---11">
    <Authors>
      <Author>
        <Name>Fred</Name>
        <Email>fweasley@hogwarts.co.uk</Email>
      </Author>
      <Author>
        <Name>George</Name>
        <Email>gweasley@hogwarts.co.uk</Email>
      </Author>
    </Authors>
    <name>Book1</name>
  </book>
  <book year="2014" isbn="ISBN83763550019---11">
    <Authors>
      <Author>
        <Name>Fred</Name>
        <Email>fweasley@hogwarts.co.uk</Email>
      </Author>
      <Author>
        <Name>George</Name>
        <Email>gweasley@hogwarts.co.uk</Email>
      </Author>
    </Authors>
    <name>Book2</name>
  </book>
  <book year="2014" isbn="ISBN83763550019---11">
    <Authors>
      <Author>
        <Name>Fred</Name>
        <Email>fweasley@hogwarts.co.uk</Email>
      </Author>
      <Author>
        <Name>George</Name>
        <Email>gweasley@hogwarts.co.uk</Email>
      </Author>
    </Authors>
    <name>Book1</name>
  </book>
  <book year="2014" isbn="ISBN83763550019---11">
    <Authors>
      <Author>
        <Name>Fred</Name>
        <Email>fweasley@hogwarts.co.uk</Email>
      </Author>
      <Author>
        <Name>George</Name>
        <Email>gweasley@hogwarts.co.uk</Email>
      </Author>
    </Authors>
    <name>Book2</name>
  </book>
  <book year="2014" isbn="ISBN83763550019---11">
    <Authors>
      <Author>
        <Name>Fred</Name>
        <Email>fweasley@hogwarts.co.uk</Email>
      </Author>
      <Author>
        <Name>George</Name>
        <Email>gweasley@hogwarts.co.uk</Email>
      </Author>
    </Authors>
    <name>Book1</name>
  </book>
  <book year="2014" isbn="ISBN83763550019---11">
    <Authors>
      <Author>
        <Name>Fred</Name>
        <Email>fweasley@hogwarts.co.uk</Email>
      </Author>
      <Author>
        <Name>George</Name>
        <Email>gweasley@hogwarts.co.uk</Email>
      </Author>
    </Authors>
    <name>Book2</name>
  </book>
  <book year="2014" isbn="ISBN83763550019---11">
    <Authors>
      <Author>
        <Name>Fred</Name>
        <Email>fweasley@hogwarts.co.uk</Email>
      </Author>
      <Author>
        <Name>George</Name>
        <Email>gweasley@hogwarts.co.uk</Email>
      </Author>
    </Authors>
    <name>Book1</name>
  </book>
  <book year="2014" isbn="ISBN83763550019---11">
    <Authors>
      <Author>
        <Name>Fred</Name>
        <Email>fweasley@hogwarts.co.uk</Email>
      </Author>
      <Author>
        <Name>George</Name>
        <Email>gweasley@hogwarts.co.uk</Email>
      </Author>
    </Authors>
    <name>Book2</name>
  </book>
  <book year="2014" isbn="ISBN83763550019---11">
    <Authors>
      <Author>
        <Name>Fred</Name>
        <Email>fweasley@hogwarts.co.uk</Email>
      </Author>
      <Author>
        <Name>George</Name>
        <Email>gweasley@hogwarts.co.uk</Email>
      </Author>
    </Authors>
    <name>Book1</name>
  </book>
  <book year="2014" isbn="ISBN83763550019---11">
    <Authors>
      <Author>
        <Name>Fred</Name>
        <Email>fweasley@hogwarts.co.uk</Email>
      </Author>
      <Author>
        <Name>George</Name>
        <Email>gweasley@hogwarts.co.uk</Email>
      </Author>
    </Authors>
    <name>Book2</name>
  </book>
  <book year="2014" isbn="ISBN83763550019---11">
    <Authors>
      <Author>
        <Name>Fred</Name>
        <Email>fweasley@hogwarts.co.uk</Email>
      </Author>
      <Author>
        <Name>George</Name>
        <Email>gweasley@hogwarts.co.uk</Email>
      </Author>
    </Authors>
    <name>Book1</name>
  </book>
  <book year="2014" isbn="ISBN83763550019---11">
    <Authors>
      <Author>
        <Name>Fred</Name>
        <Email>fweasley@hogwarts.co.uk</Email>
      </Author>
      <Author>
        <Name>George</Name>
        <Email>gweasley@hogwarts.co.uk</Email>
      </Author>
    </Authors>
    <name>Book2</name>
  </book>
  <book year="2014" isbn="ISBN83763550019---11">
    <Authors>
      <Author>
        <Name>Fred</Name>
        <Email>fweasley@hogwarts.co.uk</Email>
      </Author>
      <Author>
        <Name>George</Name>
        <Email>gweasley@hogwarts.co.uk</Email>
      </Author>
    </Authors>
    <name>Book1</name>
  </book>
  <book year="2014" isbn="ISBN83763550019---11">
    <Authors>
      <Author>
        <Name>Fred</Name>
        <Email>fweasley@hogwarts.co.uk</Email>
      </Author>
      <Author>
        <Name>George</Name>
        <Email>gweasley@hogwarts.co.uk</Email>
      </Author>
    </Authors>
    <name>Book2</name>
  </book>
  <book year="2014" isbn="ISBN83763550019---11">
    <Authors>
      <Author>
        <Name>Fred</Name>
        <Email>fweasley@hogwarts.co.uk</Email>
      </Author>
      <Author>
        <Name>George</Name>
        <Email>gweasley@hogwarts.co.uk</Email>
      </Author>
    </Authors>
    <name>Book1</name>
  </book>
  <book year="2014" isbn="ISBN83763550019---11">
    <Authors>
      <Author>
        <Name>Fred</Name>
        <Email>fweasley@hogwarts.co.uk</Email>
      </Author>
      <Author>
        <Name>George</Name>
        <Email>gweasley@hogwarts.co.uk</Email>
      </Author>
    </Authors>
    <name>Book2</name>
  </book>
  <book year="2014" isbn="ISBN83763550019---11">
    <Authors>
      <Author>
        <Name>Fred</Name>
        <Email>fweasley@hogwarts.co.uk</Email>
      </Author>
      <Author>
        <Name>George</Name>
        <Email>gweasley@hogwarts.co.uk</Email>
      </Author>
    </Authors>
    <name>Book1</name>
  </book>
  <book year="2014" isbn="ISBN83763550019---11">
    <Authors>
      <Author>
        <Name>Fred</Name>
        <Email>fweasley@hogwarts.co.uk</Email>
      </Author>
      <Author>
        <Name>George</Name>
        <Email>gweasley@hogwarts.co.uk</Email>
      </Author>
    </Authors>
    <name>Book2</name>
  </book>
  <book year="2014" isbn="ISBN83763550019---11">
    <Authors>
      <Author>
        <Name>Fred</Name>
        <Email>fweasley@hogwarts.co.uk</Email>
      </Author>
      <Author>
        <Name>George</Name>
        <Email>gweasley@hogwarts.co.uk</Email>
      </Author>
    </Authors>
    <name>Book1</name>
  </book>
  <book year="2014" isbn="ISBN83763550019---11">
    <Authors>
      <Author>
        <Name>Fred</Name>
        <Email>fweasley@hogwarts.co.uk</Email>
      </Author>
      <Author>
        <Name>George</Name>
        <Email>gweasley@hogwarts.co.uk</Email>
      </Author>
    </Authors>
    <name>Book2</name>
  </book>
  <book year="2014" isbn="ISBN83763550019---11">
    <Authors>
      <Author>
        <Name>Fred</Name>
        <Email>fweasley@hogwarts.co.uk</Email>
      </Author>
      <Author>
        <Name>George</Name>
        <Email>gweasley@hogwarts.co.uk</Email>
      </Author>
    </Authors>
    <name>Book1</name>
  </book>
  <book year="2014" isbn="ISBN83763550019---11">
    <Authors>
      <Author>
        <Name>Fred</Name>
        <Email>fweasley@hogwarts.co.uk</Email>
      </Author>
      <Author>
        <Name>George</Name>
        <Email>gweasley@hogwarts.co.uk</Email>
      </Author>
    </Authors>
    <name>Book2</name>
  </book>
  <book year="2014" isbn="ISBN83763550019---11">
    <Authors>
      <Author>
        <Name>Fred</Name>
        <Email>fweasley@hogwarts.co.uk</Email>
      </Author>
      <Author>
        <Name>George</Name>
        <Email>gweasley@hogwarts.co.uk</Email>
      </Author>
    </Authors>
    <name>Book1</name>
  </book>
  <book year="2014" isbn="ISBN83763550019---11">
    <Authors>
      <Author>
        <Name>Fred</Name>
        <Email>fweasley@hogwarts.co.uk</Email>
      </Author>
      <Author>
        <Name>George</Name>
        <Email>gweasley@hogwarts.co.uk</Email>
      </Author>
    </Authors>
    <name>Book2</name>
  </book>
  <book year="2014" isbn="ISBN83763550019---11">
    <Authors>
      <Author>
        <Name>Fred</Name>
        <Email>fweasley@hogwarts.co.uk</Email>
      </Author>
      <Author>
        <Name>George</Name>
        <Email>gweasley@hogwarts.co.uk</Email>
      </Author>
    </Authors>
    <name>Book1</name>
  </book>
  <book year="2014" isbn="ISBN83763550019---11">
    <Authors>
      <Author>
        <Name>Fred</Name>
        <Email>fweasley@hogwarts.co.uk</Email>
      </Author>
      <Author>
        <Name>George</Name>
        <Email>gweasley@hogwarts.co.uk</Email>
      </Author>
    </Authors>
    <name>Book2</name>
  </book>
  <book year="2014" isbn="ISBN83763550019---11">
    <Authors>
      <Author>
        <Name>Fred</Name>
        <Email>fweasley@hogwarts.co.uk</Email>
      </Author>
      <Author>
        <Name>George</Name>
        <Email>gweasley@hogwarts.co.uk</Email>
      </Author>
    </Authors>
    <name>Book1</name>
  </book>
  <book year="2014" isbn="ISBN83763550019---11">
    <Authors>
      <Author>
        <Name>Fred</Name>
        <Email>fweasley@hogwarts.co.uk</Email>
      </Author>
      <Author>
        <Name>George</Name>
        <Email>gweasley@hogwarts.co.uk</Email>
      </Author>
    </Authors>
    <name>Book2</name>
  </book>
  <book year="2014" isbn="ISBN83763550019---11">
    <Authors>
      <Author>
        <Name>Fred</Name>
        <Email>fweasley@hogwarts.co.uk</Email>
      </Author>
      <Author>
        <Name>George</Name>
        <Email>gweasley@hogwarts.co.uk</Email>
      </Author>
    </Authors>
    <name>Book1</name>
  </book>
  <book year="2014" isbn="ISBN83763550019---11">
    <Authors>
      <Author>
        <Name>Fred</Name>
        <Email>fweasley@hogwarts.co.uk</Email>
      </Author>
      <Author>
        <Name>George</Name>
        <Email>gweasley@hogwarts.co.uk</Email>
      </Author>
    </Authors>
    <name>Book2</name>
  </book>
  <book year="2014" isbn="ISBN83763550019---11">
    <Authors>
      <Author>
        <Name>Fred</Name>
        <Email>fweasley@hogwarts.co.uk</Email>
      </Author>
      <Author>
        <Name>George</Name>
        <Email>gweasley@hogwarts.co.uk</Email>
      </Author>
    </Authors>
    <name>Book1</name>
  </book>
  <book year="2014" isbn="ISBN83763550019---11">
    <Authors>
      <Author>
        <Name>Fred</Name>
        <Email>fweasley@hogwarts.co.uk</Email>
      </Author>
      <Author>
        <Name>George</Name>
        <Email>gweasley@hogwarts.co.uk</Email>
      </Author>
    </Authors>
    <name>Book2</name>
  </book>
  <book year="2014" isbn="ISBN83763550019---11">
    <Authors>
      <Author>
        <Name>Fred</Name>
        <Email>fweasley@hogwarts.co.uk</Email>
      </Author>
      <Author>
        <Name>George</Name>
        <Email>gweasley@hogwarts.co.uk</Email>
      </Author>
    </Authors>
    <name>Book1</name>
  </book>
  <book year="2014" isbn="ISBN83763550019---11">
    <Authors>
      <Author>
        <Name>Fred</Name>
        <Email>fweasley@hogwarts.co.uk</Email>
      </Author>
      <Author>
        <Name>George</Name>
        <Email>gweasley@hogwarts.co.uk</Email>
      </Author>
    </Authors>
    <name>Book2</name>
  </book>
  <book year="2014" isbn="ISBN83763550019---11">
    <Authors>
      <Author>
        <Name>Fred</Name>
        <Email>fweasley@hogwarts.co.uk</Email>
      </Author>
      <Author>
        <Name>George</Name>
        <Email>gweasley@hogwarts.co.uk</Email>
      </Author>
    </Authors>
    <name>Book1</name>
  </book>
  <book year="2014" isbn="ISBN83763550019---11">
    <Authors>
      <Author>
        <Name>Fred</Name>
        <Email>fweasley@hogwarts.co.uk</Email>
      </Author>
      <Author>
        <Name>George</Name>
        <Email>gweasley@hogwarts.co.uk</Email>
      </Author>
    </Authors>
    <name>Book2</name>
  </book>
  <book year="2014" isbn="ISBN83763550019---11">
    <Authors>
      <Author>
        <Name>Fred</Name>
        <Email>fweasley@hogwarts.co.uk</Email>
      </Author>
      <Author>
        <Name>George</Name>
        <Email>gweasley@hogwarts.co.uk</Email>
      </Author>
    </Authors>
    <name>Book1</name>
  </book>
  <book year="2014" isbn="ISBN83763550019---11">
    <Authors>
      <Author>
        <Name>Fred</Name>
        <Email>fweasley@hogwarts.co.uk</Email>
      </Author>
      <Author>
        <Name>George</Name>
        <Email>gweasley@hogwarts.co.uk</Email>
      </Author>
    </Authors>
    <name>Book2</name>
  </book>
  <book year="2014" isbn="ISBN83763550019---11">
    <Authors>
      <Author>
        <Name>Fred</Name>
        <Email>fweasley@hogwarts.co.uk</Email>
      </Author>
      <Author>
        <Name>George</Name>
        <Email>gweasley@hogwarts.co.uk</Email>
      </Author>
    </Authors>
    <name>Book1</name>
  </book>
  <book year="2014" isbn="ISBN83763550019---11">
    <Authors>
      <Author>
        <Name>Fred</Name>
        <Email>fweasley@hogwarts.co.uk</Email>
      </Author>
      <Author>
        <Name>George</Name>
        <Email>gweasley@hogwarts.co.uk</Email>
      </Author>
    </Authors>
    <name>Book2</name>
  </book>
  <book year="2014" isbn="ISBN83763550019---11">
    <Authors>
      <Author>
        <Name>Fred</Name>
        <Email>fweasley@hogwarts.co.uk</Email>
      </Author>
      <Author>
        <Name>George</Name>
        <Email>gweasley@hogwarts.co.uk</Email>
      </Author>
    </Authors>
    <name>Book1</name>
  </book>
  <book year="2014" isbn="ISBN83763550019---11">
    <Authors>
      <Author>
        <Name>Fred</Name>
        <Email>fweasley@hogwarts.co.uk</Email>
      </Author>
      <Author>
        <Name>George</Name>
        <Email>gweasley@hogwarts.co.uk</Email>
      </Author>
    </Authors>
    <name>Book2</name>
  </book>
  <book year="2014" isbn="ISBN83763550019---11">
    <Authors>
      <Author>
        <Name>Fred</Name>
        <Email>fweasley@hogwarts.co.uk</Email>
      </Author>
      <Author>
        <Name>George</Name>
        <Email>gweasley@hogwarts.co.uk</Email>
      </Author>
    </Authors>
    <name>Book1</name>
  </book>
  <book year="2014" isbn="ISBN83763550019---11">
    <Authors>
      <Author>
        <Name>Fred</Name>
        <Email>fweasley@hogwarts.co.uk</Email>
      </Author>
      <Author>
        <Name>George</Name>
        <Email>gweasley@hogwarts.co.uk</Email>
      </Author>
    </Authors>
    <name>Book2</name>
  </book>
  <book year="2014" isbn="ISBN83763550019---11">
    <Authors>
      <Author>
        <Name>Fred</Name>
        <Email>fweasley@hogwarts.co.uk</Email>
      </Author>
      <Author>
        <Name>George</Name>
        <Email>gweasley@hogwarts.co.uk</Email>
      </Author>
    </Authors>
    <name>Book1</name>
  </book>
  <book year="2014" isbn="ISBN83763550019---11">
    <Authors>
      <Author>
        <Name>Fred</Name>
        <Email>fweasley@hogwarts.co.uk</Email>
      </Author>
      <Author>
        <Name>George</Name>
        <Email>gweasley@hogwarts.co.uk</Email>
      </Author>
    </Authors>
    <name>Book2</name>
  </book>
  <book year="2014" isbn="ISBN83763550019---11">
    <Authors>
      <Author>
        <Name>Fred</Name>
        <Email>fweasley@hogwarts.co.uk</Email>
      </Author>
      <Author>
        <Name>George</Name>
        <Email>gweasley@hogwarts.co.uk</Email>
      </Author>
    </Authors>
    <name>Book1</name>
  </book>
  <book year="2014" isbn="ISBN83763550019---11">
    <Authors>
      <Author>
        <Name>Fred</Name>
        <Email>fweasley@hogwarts.co.uk</Email>
      </Author>
      <Author>
        <Name>George</Name>
        <Email>gweasley@hogwarts.co.uk</Email>
      </Author>
    </Authors>
    <name>Book2</name>
  </book>
  <book year="2014" isbn="ISBN83763550019---11">
    <Authors>
      <Author>
        <Name>Fred</Name>
        <Email>fweasley@hogwarts.co.uk</Email>
      </Author>
      <Author>
        <Name>George</Name>
        <Email>gweasley@hogwarts.co.uk</Email>
      </Author>
    </Authors>
    <name>Book1</name>
  </book>
  <book year="2014" isbn="ISBN83763550019---11">
    <Authors>
      <Author>
        <Name>Fred</Name>
        <Email>fweasley@hogwarts.co.uk</Email>
      </Author>
      <Author>
        <Name>George</Name>
        <Email>gweasley@hogwarts.co.uk</Email>
      </Author>
    </Authors>
    <name>Book2</name>
  </book>
  <book year="2014" isbn="ISBN83763550019---11">
    <Authors>
      <Author>
        <Name>Fred</Name>
        <Email>fweasley@hogwarts.co.uk</Email>
      </Author>
      <Author>
        <Name>George</Name>
        <Email>gweasley@hogwarts.co.uk</Email>
      </Author>
    </Authors>
    <name>Book1</name>
  </book>
  <book year="2014" isbn="ISBN83763550019---11">
    <Authors>
      <Author>
        <Name>Fred</Name>
        <Email>fweasley@hogwarts.co.uk</Email>
      </Author>
      <Author>
        <Name>George</Name>
        <Email>gweasley@hogwarts.co.uk</Email>
      </Author>
    </Authors>
    <name>Book2</name>
  </book>
  <book year="2014" isbn="ISBN83763550019---11">
    <Authors>
      <Author>
        <Name>Fred</Name>
        <Email>fweasley@hogwarts.co.uk</Email>
      </Author>
      <Author>
        <Name>George</Name>
        <Email>gweasley@hogwarts.co.uk</Email>
      </Author>
    </Authors>
    <name>Book1</name>
  </book>
  <book year="2014" isbn="ISBN83763550019---11">
    <Authors>
      <Author>
        <Name>Fred</Name>
        <Email>fweasley@hogwarts.co.uk</Email>
      </Author>
      <Author>
        <Name>George</Name>
        <Email>gweasley@hogwarts.co.uk</Email>
      </Author>
    </Authors>
    <name>Book2</name>
  </book>
  <book year="2014" isbn="ISBN83763550019---11">
    <Authors>
      <Author>
        <Name>Fred</Name>
        <Email>fweasley@hogwarts.co.uk</Email>
      </Author>
      <Author>
        <Name>George</Name>
        <Email>gweasley@hogwarts.co.uk</Email>
      </Author>
    </Authors>
    <name>Book1</name>
  </book>
  <book year="2014" isbn="ISBN83763550019---11">
    <Authors>
      <Author>
        <Name>Fred</Name>
        <Email>fweasley@hogwarts.co.uk</Email>
      </Author>
      <Author>
        <Name>George</Name>
        <Email>gweasley@hogwarts.co.uk</Email>
      </Author>
    </Authors>
    <name>Book2</name>
  </book>
  <book year="2014" isbn="ISBN83763550019---11">
    <Authors>
      <Author>
        <Name>Fred</Name>
        <Email>fweasley@hogwarts.co.uk</Email>
      </Author>
      <Author>
        <Name>George</Name>
        <Email>gweasley@hogwarts.co.uk</Email>
      </Author>
    </Authors>
    <name>Book1</name>
  </book>
  <book year="2014" isbn="ISBN83763550019---11">
    <Authors>
      <Author>
        <Name>Fred</Name>
        <Email>fweasley@hogwarts.co.uk</Email>
      </Author>
      <Author>
        <Name>George</Name>
        <Email>gweasley@hogwarts.co.uk</Email>
      </Author>
    </Authors>
    <name>Book2</name>
  </book>
  <book year="2014" isbn="ISBN83763550019---11">
    <Authors>
      <Author>
        <Name>Fred</Name>
        <Email>fweasley@hogwarts.co.uk</Email>
      </Author>
      <Author>
        <Name>George</Name>
        <Email>gweasley@hogwarts.co.uk</Email>
      </Author>
    </Authors>
    <name>Book1</name>
  </book>
  <book year="2014" isbn="ISBN83763550019---11">
    <Authors>
      <Author>
        <Name>Fred</Name>
        <Email>fweasley@hogwarts.co.uk</Email>
      </Author>
      <Author>
        <Name>George</Name>
        <Email>gweasley@hogwarts.co.uk</Email>
      </Author>
    </Authors>
    <name>Book2</name>
  </book>
  <book year="2014" isbn="ISBN83763550019---11">
    <Authors>
      <Author>
        <Name>Fred</Name>
        <Email>fweasley@hogwarts.co.uk</Email>
      </Author>
      <Author>
        <Name>George</Name>
        <Email>gweasley@hogwarts.co.uk</Email>
      </Author>
    </Authors>
    <name>Book1</name>
  </book>
  <book year="2014" isbn="ISBN83763550019---11">
    <Authors>
      <Author>
        <Name>Fred</Name>
        <Email>fweasley@hogwarts.co.uk</Email>
      </Author>
      <Author>
        <Name>George</Name>
        <Email>gweasley@hogwarts.co.uk</Email>
      </Author>
    </Authors>
    <name>Book2</name>
  </book>
  <book year="2014" isbn="ISBN83763550019---11">
    <Authors>
      <Author>
        <Name>Fred</Name>
        <Email>fweasley@hogwarts.co.uk</Email>
      </Author>
      <Author>
        <Name>George</Name>
        <Email>gweasley@hogwarts.co.uk</Email>
      </Author>
    </Authors>
    <name>Book1</name>
  </book>
  <book year="2014" isbn="ISBN83763550019---11">
    <Authors>
      <Author>
        <Name>Fred</Name>
        <Email>fweasley@hogwarts.co.uk</Email>
      </Author>
      <Author>
        <Name>George</Name>
        <Email>gweasley@hogwarts.co.uk</Email>
      </Author>
    </Authors>
    <name>Book2</name>
  </book>
  <book year="2014" isbn="ISBN83763550019---11">
    <Authors>
      <Author>
        <Name>Fred</Name>
        <Email>fweasley@hogwarts.co.uk</Email>
      </Author>
      <Author>
        <Name>George</Name>
        <Email>gweasley@hogwarts.co.uk</Email>
      </Author>
    </Authors>
    <name>Book1</name>
  </book>
  <book year="2014" isbn="ISBN83763550019---11">
    <Authors>
      <Author>
        <Name>Fred</Name>
        <Email>fweasley@hogwarts.co.uk</Email>
      </Author>
      <Author>
        <Name>George</Name>
        <Email>gweasley@hogwarts.co.uk</Email>
      </Author>
    </Authors>
    <name>Book2</name>
  </book>
  <book year="2014" isbn="ISBN83763550019---11">
    <Authors>
      <Author>
        <Name>Fred</Name>
        <Email>fweasley@hogwarts.co.uk</Email>
      </Author>
      <Author>
        <Name>George</Name>
        <Email>gweasley@hogwarts.co.uk</Email>
      </Author>
    </Authors>
    <name>Book1</name>
  </book>
  <book year="2014" isbn="ISBN83763550019---11">
    <Authors>
      <Author>
        <Name>Fred</Name>
        <Email>fweasley@hogwarts.co.uk</Email>
      </Author>
      <Author>
        <Name>George</Name>
        <Email>gweasley@hogwarts.co.uk</Email>
      </Author>
    </Authors>
    <name>Book2</name>
  </book>
  <book year="2014" isbn="ISBN83763550019---11">
    <Authors>
      <Author>
        <Name>Fred</Name>
        <Email>fweasley@hogwarts.co.uk</Email>
      </Author>
      <Author>
        <Name>George</Name>
        <Email>gweasley@hogwarts.co.uk</Email>
      </Author>
    </Authors>
    <name>Book1</name>
  </book>
  <book year="2014" isbn="ISBN83763550019---11">
    <Authors>
      <Author>
        <Name>Fred</Name>
        <Email>fweasley@hogwarts.co.uk</Email>
      </Author>
      <Author>
        <Name>George</Name>
        <Email>gweasley@hogwarts.co.uk</Email>
      </Author>
    </Authors>
    <name>Book2</name>
  </book>
  <book year="2014" isbn="ISBN83763550019---11">
    <Authors>
      <Author>
        <Name>Fred</Name>
        <Email>fweasley@hogwarts.co.uk</Email>
      </Author>
      <Author>
        <Name>George</Name>
        <Email>gweasley@hogwarts.co.uk</Email>
      </Author>
    </Authors>
    <name>Book1</name>
  </book>
  <book year="2014" isbn="ISBN83763550019---11">
    <Authors>
      <Author>
        <Name>Fred</Name>
        <Email>fweasley@hogwarts.co.uk</Email>
      </Author>
      <Author>
        <Name>George</Name>
        <Email>gweasley@hogwarts.co.uk</Email>
      </Author>
    </Authors>
    <name>Book2</name>
  </book>
  <book year="2014" isbn="ISBN83763550019---11">
    <Authors>
      <Author>
        <Name>Fred</Name>
        <Email>fweasley@hogwarts.co.uk</Email>
      </Author>
      <Author>
        <Name>George</Name>
        <Email>gweasley@hogwarts.co.uk</Email>
      </Author>
    </Authors>
    <name>Book1</name>
  </book>
  <book year="2014" isbn="ISBN83763550019---11">
    <Authors>
      <Author>
        <Name>Fred</Name>
        <Email>fweasley@hogwarts.co.uk</Email>
      </Author>
      <Author>
        <Name>George</Name>
        <Email>gweasley@hogwarts.co.uk</Email>
      </Author>
    </Authors>
    <name>Book2</name>
  </book>
  <book year="2014" isbn="ISBN83763550019---11">
    <Authors>
      <Author>
        <Name>Fred</Name>
        <Email>fweasley@hogwarts.co.uk</Email>
      </Author>
      <Author>
        <Name>George</Name>
        <Email>gweasley@hogwarts.co.uk</Email>
      </Author>
    </Authors>
    <name>Book1</name>
  </book>
  <book year="2014" isbn="ISBN83763550019---11">
    <Authors>
      <Author>
        <Name>Fred</Name>
        <Email>fweasley@hogwarts.co.uk</Email>
      </Author>
      <Author>
        <Name>George</Name>
        <Email>gweasley@hogwarts.co.uk</Email>
      </Author>
    </Authors>
    <name>Book2</name>
  </book>
  <book year="2014" isbn="ISBN83763550019---11">
    <Authors>
      <Author>
        <Name>Fred</Name>
        <Email>fweasley@hogwarts.co.uk</Email>
      </Author>
      <Author>
        <Name>George</Name>
        <Email>gweasley@hogwarts.co.uk</Email>
      </Author>
    </Authors>
    <name>Book1</name>
  </book>
  <book year="2014" isbn="ISBN83763550019---11">
    <Authors>
      <Author>
        <Name>Fred</Name>
        <Email>fweasley@hogwarts.co.uk</Email>
      </Author>
      <Author>
        <Name>George</Name>
        <Email>gweasley@hogwarts.co.uk</Email>
      </Author>
    </Authors>
    <name>Book2</name>
  </book>
  <book year="2014" isbn="ISBN83763550019---11">
    <Authors>
      <Author>
        <Name>Fred</Name>
        <Email>fweasley@hogwarts.co.uk</Email>
      </Author>
      <Author>
        <Name>George</Name>
        <Email>gweasley@hogwarts.co.uk</Email>
      </Author>
    </Authors>
    <name>Book1</name>
  </book>
  <book year="2014" isbn="ISBN83763550019---11">
    <Authors>
      <Author>
        <Name>Fred</Name>
        <Email>fweasley@hogwarts.co.uk</Email>
      </Author>
      <Author>
        <Name>George</Name>
        <Email>gweasley@hogwarts.co.uk</Email>
      </Author>
    </Authors>
    <name>Book2</name>
  </book>
  <book year="2014" isbn="ISBN83763550019---11">
    <Authors>
      <Author>
        <Name>Fred</Name>
        <Email>fweasley@hogwarts.co.uk</Email>
      </Author>
      <Author>
        <Name>George</Name>
        <Email>gweasley@hogwarts.co.uk</Email>
      </Author>
    </Authors>
    <name>Book1</name>
  </book>
  <book year="2014" isbn="ISBN83763550019---11">
    <Authors>
      <Author>
        <Name>Fred</Name>
        <Email>fweasley@hogwarts.co.uk</Email>
      </Author>
      <Author>
        <Name>George</Name>
        <Email>gweasley@hogwarts.co.uk</Email>
      </Author>
    </Authors>
    <name>Book2</name>
  </book>
  <book year="2014" isbn="ISBN83763550019---11">
    <Authors>
      <Author>
        <Name>Fred</Name>
        <Email>fweasley@hogwarts.co.uk</Email>
      </Author>
      <Author>
        <Name>George</Name>
        <Email>gweasley@hogwarts.co.uk</Email>
      </Author>
    </Authors>
    <name>Book1</name>
  </book>
  <book year="2014" isbn="ISBN83763550019---11">
    <Authors>
      <Author>
        <Name>Fred</Name>
        <Email>fweasley@hogwarts.co.uk</Email>
      </Author>
      <Author>
        <Name>George</Name>
        <Email>gweasley@hogwarts.co.uk</Email>
      </Author>
    </Authors>
    <name>Book2</name>
  </book>
  <book year="2014" isbn="ISBN83763550019---11">
    <Authors>
      <Author>
        <Name>Fred</Name>
        <Email>fweasley@hogwarts.co.uk</Email>
      </Author>
      <Author>
        <Name>George</Name>
        <Email>gweasley@hogwarts.co.uk</Email>
      </Author>
    </Authors>
    <name>Book1</name>
  </book>
  <book year="2014" isbn="ISBN83763550019---11">
    <Authors>
      <Author>
        <Name>Fred</Name>
        <Email>fweasley@hogwarts.co.uk</Email>
      </Author>
      <Author>
        <Name>George</Name>
        <Email>gweasley@hogwarts.co.uk</Email>
      </Author>
    </Authors>
    <name>Book2</name>
  </book>
  <book year="2014" isbn="ISBN83763550019---11">
    <Authors>
      <Author>
        <Name>Fred</Name>
        <Email>fweasley@hogwarts.co.uk</Email>
      </Author>
      <Author>
        <Name>George</Name>
        <Email>gweasley@hogwarts.co.uk</Email>
      </Author>
    </Authors>
    <name>Book1</name>
  </book>
  <book year="2014" isbn="ISBN83763550019---11">
    <Authors>
      <Author>
        <Name>Fred</Name>
        <Email>fweasley@hogwarts.co.uk</Email>
      </Author>
      <Author>
        <Name>George</Name>
        <Email>gweasley@hogwarts.co.uk</Email>
      </Author>
    </Authors>
    <name>Book2</name>
  </book>
  <book year="2014" isbn="ISBN83763550019---11">
    <Authors>
      <Author>
        <Name>Fred</Name>
        <Email>fweasley@hogwarts.co.uk</Email>
      </Author>
      <Author>
        <Name>George</Name>
        <Email>gweasley@hogwarts.co.uk</Email>
      </Author>
    </Authors>
    <name>Book1</name>
  </book>
  <book year="2014" isbn="ISBN83763550019---11">
    <Authors>
      <Author>
        <Name>Fred</Name>
        <Email>fweasley@hogwarts.co.uk</Email>
      </Author>
      <Author>
        <Name>George</Name>
        <Email>gweasley@hogwarts.co.uk</Email>
      </Author>
    </Authors>
    <name>Book2</name>
  </book>
  <book year="2014" isbn="ISBN83763550019---11">
    <Authors>
      <Author>
        <Name>Fred</Name>
        <Email>fweasley@hogwarts.co.uk</Email>
      </Author>
      <Author>
        <Name>George</Name>
        <Email>gweasley@hogwarts.co.uk</Email>
      </Author>
    </Authors>
    <name>Book1</name>
  </book>
  <book year="2014" isbn="ISBN83763550019---11">
    <Authors>
      <Author>
        <Name>Fred</Name>
        <Email>fweasley@hogwarts.co.uk</Email>
      </Author>
      <Author>
        <Name>George</Name>
        <Email>gweasley@hogwarts.co.uk</Email>
      </Author>
    </Authors>
    <name>Book2</name>
  </book>
  <book year="2014" isbn="ISBN83763550019---11">
    <Authors>
      <Author>
        <Name>Fred</Name>
        <Email>fweasley@hogwarts.co.uk</Email>
      </Author>
      <Author>
        <Name>George</Name>
        <Email>gweasley@hogwarts.co.uk</Email>
      </Author>
    </Authors>
    <name>Book1</name>
  </book>
  <book year="2014" isbn="ISBN83763550019---11">
    <Authors>
      <Author>
        <Name>Fred</Name>
        <Email>fweasley@hogwarts.co.uk</Email>
      </Author>
      <Author>
        <Name>George</Name>
        <Email>gweasley@hogwarts.co.uk</Email>
      </Author>
    </Authors>
    <name>Book2</name>
  </book>
  <book year="2014" isbn="ISBN83763550019---11">
    <Authors>
      <Author>
        <Name>Fred</Name>
        <Email>fweasley@hogwarts.co.uk</Email>
      </Author>
      <Author>
        <Name>George</Name>
        <Email>gweasley@hogwarts.co.uk</Email>
      </Author>
    </Authors>
    <name>Book1</name>
  </book>
  <book year="2014" isbn="ISBN83763550019---11">
    <Authors>
      <Author>
        <Name>Fred</Name>
        <Email>fweasley@hogwarts.co.uk</Email>
      </Author>
      <Author>
        <Name>George</Name>
        <Email>gweasley@hogwarts.co.uk</Email>
      </Author>
    </Authors>
    <name>Book2</name>
  </book>
  <book year="2014" isbn="ISBN83763550019---11">
    <Authors>
      <Author>
        <Name>Fred</Name>
        <Email>fweasley@hogwarts.co.uk</Email>
      </Author>
      <Author>
        <Name>George</Name>
        <Email>gweasley@hogwarts.co.uk</Email>
      </Author>
    </Authors>
    <name>Book1</name>
  </book>
  <book year="2014" isbn="ISBN83763550019---11">
    <Authors>
      <Author>
        <Name>Fred</Name>
        <Email>fweasley@hogwarts.co.uk</Email>
      </Author>
      <Author>
        <Name>George</Name>
        <Email>gweasley@hogwarts.co.uk</Email>
      </Author>
    </Authors>
    <name>Book2</name>
  </book>
  <book year="2014" isbn="ISBN83763550019---11">
    <Authors>
      <Author>
        <Name>Fred</Name>
        <Email>fweasley@hogwarts.co.uk</Email>
      </Author>
      <Author>
        <Name>George</Name>
        <Email>gweasley@hogwarts.co.uk</Email>
      </Author>
    </Authors>
    <name>Book1</name>
  </book>
  <book year="2014" isbn="ISBN83763550019---11">
    <Authors>
      <Author>
        <Name>Fred</Name>
        <Email>fweasley@hogwarts.co.uk</Email>
      </Author>
      <Author>
        <Name>George</Name>
        <Email>gweasley@hogwarts.co.uk</Email>
      </Author>
    </Authors>
    <name>Book2</name>
  </book>
  <book year="2014" isbn="ISBN83763550019---11">
    <Authors>
      <Author>
        <Name>Fred</Name>
        <Email>fweasley@hogwarts.co.uk</Email>
      </Author>
      <Author>
        <Name>George</Name>
        <Email>gweasley@hogwarts.co.uk</Email>
      </Author>
    </Authors>
    <name>Book1</name>
  </book>
  <book year="2014" isbn="ISBN83763550019---11">
    <Authors>
      <Author>
        <Name>Fred</Name>
        <Email>fweasley@hogwarts.co.uk</Email>
      </Author>
      <Author>
        <Name>George</Name>
        <Email>gweasley@hogwarts.co.uk</Email>
      </Author>
    </Authors>
    <name>Book2</name>
  </book>
  <book year="2014" isbn="ISBN83763550019---11">
    <Authors>
      <Author>
        <Name>Fred</Name>
        <Email>fweasley@hogwarts.co.uk</Email>
      </Author>
      <Author>
        <Name>George</Name>
        <Email>gweasley@hogwarts.co.uk</Email>
      </Author>
    </Authors>
    <name>Book1</name>
  </book>
  <book year="2014" isbn="ISBN83763550019---11">
    <Authors>
      <Author>
        <Name>Fred</Name>
        <Email>fweasley@hogwarts.co.uk</Email>
      </Author>
      <Author>
        <Name>George</Name>
        <Email>gweasley@hogwarts.co.uk</Email>
      </Author>
    </Authors>
    <name>Book2</name>
  </book>
  <book year="2014" isbn="ISBN83763550019---11">
    <Authors>
      <Author>
        <Name>Fred</Name>
        <Email>fweasley@hogwarts.co.uk</Email>
      </Author>
      <Author>
        <Name>George</Name>
        <Email>gweasley@hogwarts.co.uk</Email>
      </Author>
    </Authors>
    <name>Book1</name>
  </book>
  <book year="2014" isbn="ISBN83763550019---11">
    <Authors>
      <Author>
        <Name>Fred</Name>
        <Email>fweasley@hogwarts.co.uk</Email>
      </Author>
      <Author>
        <Name>George</Name>
        <Email>gweasley@hogwarts.co.uk</Email>
      </Author>
    </Authors>
    <name>Book2</name>
  </book>
  <book year="2014" isbn="ISBN83763550019---11">
    <Authors>
      <Author>
        <Name>Fred</Name>
        <Email>fweasley@hogwarts.co.uk</Email>
      </Author>
      <Author>
        <Name>George</Name>
        <Email>gweasley@hogwarts.co.uk</Email>
      </Author>
    </Authors>
    <name>Book1</name>
  </book>
  <book year="2014" isbn="ISBN83763550019---11">
    <Authors>
      <Author>
        <Name>Fred</Name>
        <Email>fweasley@hogwarts.co.uk</Email>
      </Author>
      <Author>
        <Name>George</Name>
        <Email>gweasley@hogwarts.co.uk</Email>
      </Author>
    </Authors>
    <name>Book2</name>
  </book>
  <book year="2014" isbn="ISBN83763550019---11">
    <Authors>
      <Author>
        <Name>Fred</Name>
        <Email>fweasley@hogwarts.co.uk</Email>
      </Author>
      <Author>
        <Name>George</Name>
        <Email>gweasley@hogwarts.co.uk</Email>
      </Author>
    </Authors>
    <name>Book1</name>
  </book>
  <book year="2014" isbn="ISBN83763550019---11">
    <Authors>
      <Author>
        <Name>Fred</Name>
        <Email>fweasley@hogwarts.co.uk</Email>
      </Author>
      <Author>
        <Name>George</Name>
        <Email>gweasley@hogwarts.co.uk</Email>
      </Author>
    </Authors>
    <name>Book2</name>
  </book>
  <book year="2014" isbn="ISBN83763550019---11">
    <Authors>
      <Author>
        <Name>Fred</Name>
        <Email>fweasley@hogwarts.co.uk</Email>
      </Author>
      <Author>
        <Name>George</Name>
        <Email>gweasley@hogwarts.co.uk</Email>
      </Author>
    </Authors>
    <name>Book1</name>
  </book>
  <book year="2014" isbn="ISBN83763550019---11">
    <Authors>
      <Author>
        <Name>Fred</Name>
        <Email>fweasley@hogwarts.co.uk</Email>
      </Author>
      <Author>
        <Name>George</Name>
        <Email>gweasley@hogwarts.co.uk</Email>
      </Author>
    </Authors>
    <name>Book2</name>
  </book>
  <book year="2014" isbn="ISBN83763550019---11">
    <Authors>
      <Author>
        <Name>Fred</Name>
        <Email>fweasley@hogwarts.co.uk</Email>
      </Author>
      <Author>
        <Name>George</Name>
        <Email>gweasley@hogwarts.co.uk</Email>
      </Author>
    </Authors>
    <name>Book1</name>
  </book>
  <book year="2014" isbn="ISBN83763550019---11">
    <Authors>
      <Author>
        <Name>Fred</Name>
        <Email>fweasley@hogwarts.co.uk</Email>
      </Author>
      <Author>
        <Name>George</Name>
        <Email>gweasley@hogwarts.co.uk</Email>
      </Author>
    </Authors>
    <name>Book2</name>
  </book>
  <book year="2014" isbn="ISBN83763550019---11">
    <Authors>
      <Author>
        <Name>Fred</Name>
        <Email>fweasley@hogwarts.co.uk</Email>
      </Author>
      <Author>
        <Name>George</Name>
        <Email>gweasley@hogwarts.co.uk</Email>
      </Author>
    </Authors>
    <name>Book1</name>
  </book>
  <book year="2014" isbn="ISBN83763550019---11">
    <Authors>
      <Author>
        <Name>Fred</Name>
        <Email>fweasley@hogwarts.co.uk</Email>
      </Author>
      <Author>
        <Name>George</Name>
        <Email>gweasley@hogwarts.co.uk</Email>
      </Author>
    </Authors>
    <name>Book2</name>
  </book>
  <book year="2014" isbn="ISBN83763550019---11">
    <Authors>
      <Author>
        <Name>Fred</Name>
        <Email>fweasley@hogwarts.co.uk</Email>
      </Author>
      <Author>
        <Name>George</Name>
        <Email>gweasley@hogwarts.co.uk</Email>
      </Author>
    </Authors>
    <name>Book1</name>
  </book>
  <book year="2014" isbn="ISBN83763550019---11">
    <Authors>
      <Author>
        <Name>Fred</Name>
        <Email>fweasley@hogwarts.co.uk</Email>
      </Author>
      <Author>
        <Name>George</Name>
        <Email>gweasley@hogwarts.co.uk</Email>
      </Author>
    </Authors>
    <name>Book2</name>
  </book>
  <book year="2014" isbn="ISBN83763550019---11">
    <Authors>
      <Author>
        <Name>Fred</Name>
        <Email>fweasley@hogwarts.co.uk</Email>
      </Author>
      <Author>
        <Name>George</Name>
        <Email>gweasley@hogwarts.co.uk</Email>
      </Author>
    </Authors>
    <name>Book1</name>
  </book>
  <book year="2014" isbn="ISBN83763550019---11">
    <Authors>
      <Author>
        <Name>Fred</Name>
        <Email>fweasley@hogwarts.co.uk</Email>
      </Author>
      <Author>
        <Name>George</Name>
        <Email>gweasley@hogwarts.co.uk</Email>
      </Author>
    </Authors>
    <name>Book2</name>
  </book>
  <book year="2014" isbn="ISBN83763550019---11">
    <Authors>
      <Author>
        <Name>Fred</Name>
        <Email>fweasley@hogwarts.co.uk</Email>
      </Author>
      <Author>
        <Name>George</Name>
        <Email>gweasley@hogwarts.co.uk</Email>
      </Author>
    </Authors>
    <name>Book1</name>
  </book>
  <book year="2014" isbn="ISBN83763550019---11">
    <Authors>
      <Author>
        <Name>Fred</Name>
        <Email>fweasley@hogwarts.co.uk</Email>
      </Author>
      <Author>
        <Name>George</Name>
        <Email>gweasley@hogwarts.co.uk</Email>
      </Author>
    </Authors>
    <name>Book2</name>
  </book>
  <book year="2014" isbn="ISBN83763550019---11">
    <Authors>
      <Author>
        <Name>Fred</Name>
        <Email>fweasley@hogwarts.co.uk</Email>
      </Author>
      <Author>
        <Name>George</Name>
        <Email>gweasley@hogwarts.co.uk</Email>
      </Author>
    </Authors>
    <name>Book1</name>
  </book>
  <book year="2014" isbn="ISBN83763550019---11">
    <Authors>
      <Author>
        <Name>Fred</Name>
        <Email>fweasley@hogwarts.co.uk</Email>
      </Author>
      <Author>
        <Name>George</Name>
        <Email>gweasley@hogwarts.co.uk</Email>
      </Author>
    </Authors>
    <name>Book2</name>
  </book>
  <book year="2014" isbn="ISBN83763550019---11">
    <Authors>
      <Author>
        <Name>Fred</Name>
        <Email>fweasley@hogwarts.co.uk</Email>
      </Author>
      <Author>
        <Name>George</Name>
        <Email>gweasley@hogwarts.co.uk</Email>
      </Author>
    </Authors>
    <name>Book1</name>
  </book>
  <book year="2014" isbn="ISBN83763550019---11">
    <Authors>
      <Author>
        <Name>Fred</Name>
        <Email>fweasley@hogwarts.co.uk</Email>
      </Author>
      <Author>
        <Name>George</Name>
        <Email>gweasley@hogwarts.co.uk</Email>
      </Author>
    </Authors>
    <name>Book2</name>
  </book>
  <book year="2014" isbn="ISBN83763550019---11">
    <Authors>
      <Author>
        <Name>Fred</Name>
        <Email>fweasley@hogwarts.co.uk</Email>
      </Author>
      <Author>
        <Name>George</Name>
        <Email>gweasley@hogwarts.co.uk</Email>
      </Author>
    </Authors>
    <name>Book1</name>
  </book>
  <book year="2014" isbn="ISBN83763550019---11">
    <Authors>
      <Author>
        <Name>Fred</Name>
        <Email>fweasley@hogwarts.co.uk</Email>
      </Author>
      <Author>
        <Name>George</Name>
        <Email>gweasley@hogwarts.co.uk</Email>
      </Author>
    </Authors>
    <name>Book2</name>
  </book>
  <book>
    <Authors>
      <Author>
        <Name>Fred</Name>
        <Email>fweasley@hogwarts.co.uk</Email>
      </Author>
      <Author>
        <Name>George</Name>
        <Email>gweasley@hogwarts.co.uk</Email>
      </Author>
    </Authors>
    <name>Book1</name>
  </book>
  <book>
    <Authors>
      <Author>
        <Name>Fred</Name>
        <Email>fweasley@hogwarts.co.uk</Email>
      </Author>
      <Author>
        <Name>George</Name>
        <Email>gweasley@hogwarts.co.uk</Email>
      </Author>
    </Authors>
    <name>Book1</name>
  </book>
  <book>
    <Authors>
      <Author>
        <Name>Fred</Name>
        <Email>fweasley@hogwarts.co.uk</Email>
      </Author>
      <Author>
        <Name>George</Name>
        <Email>gweasley@hogwarts.co.uk</Email>
      </Author>
    </Authors>
    <name>Book1</name>
  </book>
  <book>
    <Authors>
      <Author>
        <Name>Fred</Name>
        <Email>fweasley@hogwarts.co.uk</Email>
      </Author>
      <Author>
        <Name>George</Name>
        <Email>gweasley@hogwarts.co.uk</Email>
      </Author>
    </Authors>
    <name>Book1</name>
  </book>
  <book>
    <Authors>
      <Author>
        <Name>Fred</Name>
        <Email>fweasley@hogwarts.co.uk</Email>
      </Author>
      <Author>
        <Name>George</Name>
        <Email>gweasley@hogwarts.co.uk</Email>
      </Author>
    </Authors>
    <name>Book1</name>
  </book>
  <book>
    <Authors>
      <Author>
        <Name>Fred</Name>
        <Email>fweasley@hogwarts.co.uk</Email>
      </Author>
      <Author>
        <Name>George</Name>
        <Email>gweasley@hogwarts.co.uk</Email>
      </Author>
    </Authors>
    <name>Book1</name>
  </book>
  <book>
    <Authors>
      <Author>
        <Name>Fred</Name>
        <Email>fweasley@hogwarts.co.uk</Email>
      </Author>
      <Author>
        <Name>George</Name>
        <Email>gweasley@hogwarts.co.uk</Email>
      </Author>
    </Authors>
    <name>Book1</name>
  </book>
  <book>
    <Authors>
      <Author>
        <Name>Fred</Name>
        <Email>fweasley@hogwarts.co.uk</Email>
      </Author>
      <Author>
        <Name>George</Name>
        <Email>gweasley@hogwarts.co.uk</Email>
      </Author>
    </Authors>
    <name>Book1</name>
  </book>
  <book>
    <Authors>
      <Author>
        <Name>Fred</Name>
        <Email>fweasley@hogwarts.co.uk</Email>
      </Author>
      <Author>
        <Name>George</Name>
        <Email>gweasley@hogwarts.co.uk</Email>
      </Author>
    </Authors>
    <name>Book1</name>
  </book>
  <book>
    <Authors>
      <Author>
        <Name>Fred</Name>
        <Email>fweasley@hogwarts.co.uk</Email>
      </Author>
      <Author>
        <Name>George</Name>
        <Email>gweasley@hogwarts.co.uk</Email>
      </Author>
    </Authors>
    <name>Book1</name>
  </book>
  <book>
    <Authors>
      <Author>
        <Name>Fred</Name>
        <Email>fweasley@hogwarts.co.uk</Email>
      </Author>
      <Author>
        <Name>George</Name>
        <Email>gweasley@hogwarts.co.uk</Email>
      </Author>
    </Authors>
    <name>Book1</name>
  </book>
  <book>
    <Authors>
      <Author>
        <Name>Fred</Name>
        <Email>fweasley@hogwarts.co.uk</Email>
      </Author>
      <Author>
        <Name>George</Name>
        <Email>gweasley@hogwarts.co.uk</Email>
      </Author>
    </Authors>
    <name>Book1</name>
  </book>
  <book>
    <Authors>
      <Author>
        <Name>Fred</Name>
        <Email>fweasley@hogwarts.co.uk</Email>
      </Author>
      <Author>
        <Name>George</Name>
        <Email>gweasley@hogwarts.co.uk</Email>
      </Author>
    </Authors>
    <name>Book1</name>
  </book>
  <book>
    <Authors>
      <Author>
        <Name>Fred</Name>
        <Email>fweasley@hogwarts.co.uk</Email>
      </Author>
      <Author>
        <Name>George</Name>
        <Email>gweasley@hogwarts.co.uk</Email>
      </Author>
    </Authors>
    <name>Book1</name>
  </book>
  <book>
    <Authors>
      <Author>
        <Name>Fred</Name>
        <Email>fweasley@hogwarts.co.uk</Email>
      </Author>
      <Author>
        <Name>George</Name>
        <Email>gweasley@hogwarts.co.uk</Email>
      </Author>
    </Authors>
    <name>Book1</name>
  </book>
  <book>
    <Authors>
      <Author>
        <Name>Fred</Name>
        <Email>fweasley@hogwarts.co.uk</Email>
      </Author>
      <Author>
        <Name>George</Name>
        <Email>gweasley@hogwarts.co.uk</Email>
      </Author>
    </Authors>
    <name>Book1</name>
  </book>
  <book>
    <Authors>
      <Author>
        <Name>Fred</Name>
        <Email>fweasley@hogwarts.co.uk</Email>
      </Author>
      <Author>
        <Name>George</Name>
        <Email>gweasley@hogwarts.co.uk</Email>
      </Author>
    </Authors>
    <name>Book1</name>
  </book>
  <book>
    <Authors>
      <Author>
        <Name>Fred</Name>
        <Email>fweasley@hogwarts.co.uk</Email>
      </Author>
      <Author>
        <Name>George</Name>
        <Email>gweasley@hogwarts.co.uk</Email>
      </Author>
    </Authors>
    <name>Book1</name>
  </book>
  <book>
    <Authors>
      <Author>
        <Name>Fred</Name>
        <Email>fweasley@hogwarts.co.uk</Email>
      </Author>
      <Author>
        <Name>George</Name>
        <Email>gweasley@hogwarts.co.uk</Email>
      </Author>
    </Authors>
    <name>Book1</name>
  </book>
  <book>
    <Authors>
      <Author>
        <Name>Fred</Name>
        <Email>fweasley@hogwarts.co.uk</Email>
      </Author>
      <Author>
        <Name>George</Name>
        <Email>gweasley@hogwarts.co.uk</Email>
      </Author>
    </Authors>
    <name>Book1</name>
  </book>
  <book>
    <Authors>
      <Author>
        <Name>Fred</Name>
        <Email>fweasley@hogwarts.co.uk</Email>
      </Author>
      <Author>
        <Name>George</Name>
        <Email>gweasley@hogwarts.co.uk</Email>
      </Author>
    </Authors>
    <name>Book1</name>
  </book>
  <book>
    <Authors>
      <Author>
        <Name>Fred</Name>
        <Email>fweasley@hogwarts.co.uk</Email>
      </Author>
      <Author>
        <Name>George</Name>
        <Email>gweasley@hogwarts.co.uk</Email>
      </Author>
    </Authors>
    <name>Book1</name>
  </book>
  <book>
    <Authors>
      <Author>
        <Name>Fred</Name>
        <Email>fweasley@hogwarts.co.uk</Email>
      </Author>
      <Author>
        <Name>George</Name>
        <Email>gweasley@hogwarts.co.uk</Email>
      </Author>
    </Authors>
    <name>Book1</name>
  </book>
  <book>
    <Authors>
      <Author>
        <Name>Fred</Name>
        <Email>fweasley@hogwarts.co.uk</Email>
      </Author>
      <Author>
        <Name>George</Name>
        <Email>gweasley@hogwarts.co.uk</Email>
      </Author>
    </Authors>
    <name>Book1</name>
  </book>
  <book>
    <Authors>
      <Author>
        <Name>Fred</Name>
        <Email>fweasley@hogwarts.co.uk</Email>
      </Author>
      <Author>
        <Name>George</Name>
        <Email>gweasley@hogwarts.co.uk</Email>
      </Author>
    </Authors>
    <name>Book1</name>
  </book>
  <book>
    <Authors>
      <Author>
        <Name>Fred</Name>
        <Email>fweasley@hogwarts.co.uk</Email>
      </Author>
      <Author>
        <Name>George</Name>
        <Email>gweasley@hogwarts.co.uk</Email>
      </Author>
    </Authors>
    <name>Book1</name>
  </book>
  <book>
    <Authors>
      <Author>
        <Name>Fred</Name>
        <Email>fweasley@hogwarts.co.uk</Email>
      </Author>
      <Author>
        <Name>George</Name>
        <Email>gweasley@hogwarts.co.uk</Email>
      </Author>
    </Authors>
    <name>Book1</name>
  </book>
  <book>
    <Authors>
      <Author>
        <Name>Fred</Name>
        <Email>fweasley@hogwarts.co.uk</Email>
      </Author>
      <Author>
        <Name>George</Name>
        <Email>gweasley@hogwarts.co.uk</Email>
      </Author>
    </Authors>
    <name>Book1</name>
  </book>
  <book>
    <Authors>
      <Author>
        <Name>Fred</Name>
        <Email>fweasley@hogwarts.co.uk</Email>
      </Author>
      <Author>
        <Name>George</Name>
        <Email>gweasley@hogwarts.co.uk</Email>
      </Author>
    </Authors>
    <name>Book1</name>
  </book>
  <book>
    <Authors>
      <Author>
        <Name>Fred</Name>
        <Email>fweasley@hogwarts.co.uk</Email>
      </Author>
      <Author>
        <Name>George</Name>
        <Email>gweasley@hogwarts.co.uk</Email>
      </Author>
    </Authors>
    <name>Book1</name>
  </book>
  <book>
    <Authors>
      <Author>
        <Name>Fred</Name>
        <Email>fweasley@hogwarts.co.uk</Email>
      </Author>
      <Author>
        <Name>George</Name>
        <Email>gweasley@hogwarts.co.uk</Email>
      </Author>
    </Authors>
    <name>Book1</name>
  </book>
  <book>
    <Authors>
      <Author>
        <Name>Fred</Name>
        <Email>fweasley@hogwarts.co.uk</Email>
      </Author>
      <Author>
        <Name>George</Name>
        <Email>gweasley@hogwarts.co.uk</Email>
      </Author>
    </Authors>
    <name>Book1</name>
  </book>
  <book>
    <Authors>
      <Author>
        <Name>Fred</Name>
        <Email>fweasley@hogwarts.co.uk</Email>
      </Author>
      <Author>
        <Name>George</Name>
        <Email>gweasley@hogwarts.co.uk</Email>
      </Author>
    </Authors>
    <name>Book1</name>
  </book>
  <book>
    <Authors>
      <Author>
        <Name>Fred</Name>
        <Email>fweasley@hogwarts.co.uk</Email>
      </Author>
      <Author>
        <Name>George</Name>
        <Email>gweasley@hogwarts.co.uk</Email>
      </Author>
    </Authors>
    <name>Book1</name>
  </book>
  <book>
    <Authors>
      <Author>
        <Name>Fred</Name>
        <Email>fweasley@hogwarts.co.uk</Email>
      </Author>
      <Author>
        <Name>George</Name>
        <Email>gweasley@hogwarts.co.uk</Email>
      </Author>
    </Authors>
    <name>Book1</name>
  </book>
  <book>
    <Authors>
      <Author>
        <Name>Fred</Name>
        <Email>fweasley@hogwarts.co.uk</Email>
      </Author>
      <Author>
        <Name>George</Name>
        <Email>gweasley@hogwarts.co.uk</Email>
      </Author>
    </Authors>
    <name>Book1</name>
  </book>
  <book>
    <Authors>
      <Author>
        <Name>Fred</Name>
        <Email>fweasley@hogwarts.co.uk</Email>
      </Author>
      <Author>
        <Name>George</Name>
        <Email>gweasley@hogwarts.co.uk</Email>
      </Author>
    </Authors>
    <name>Book1</name>
  </book>
  <book>
    <Authors>
      <Author>
        <Name>Fred</Name>
        <Email>fweasley@hogwarts.co.uk</Email>
      </Author>
      <Author>
        <Name>George</Name>
        <Email>gweasley@hogwarts.co.uk</Email>
      </Author>
    </Authors>
    <name>Book1</name>
  </book>
  <book>
    <Authors>
      <Author>
        <Name>Fred</Name>
        <Email>fweasley@hogwarts.co.uk</Email>
      </Author>
      <Author>
        <Name>George</Name>
        <Email>gweasley@hogwarts.co.uk</Email>
      </Author>
    </Authors>
    <name>Book1</name>
  </book>
  <book>
    <Authors>
      <Author>
        <Name>Fred</Name>
        <Email>fweasley@hogwarts.co.uk</Email>
      </Author>
      <Author>
        <Name>George</Name>
        <Email>gweasley@hogwarts.co.uk</Email>
      </Author>
    </Authors>
    <name>Book1</name>
  </book>
  <book>
    <Authors>
      <Author>
        <Name>Fred</Name>
        <Email>fweasley@hogwarts.co.uk</Email>
      </Author>
      <Author>
        <Name>George</Name>
        <Email>gweasley@hogwarts.co.uk</Email>
      </Author>
    </Authors>
    <name>Book1</name>
  </book>
  <book>
    <Authors>
      <Author>
        <Name>Fred</Name>
        <Email>fweasley@hogwarts.co.uk</Email>
      </Author>
      <Author>
        <Name>George</Name>
        <Email>gweasley@hogwarts.co.uk</Email>
      </Author>
    </Authors>
    <name>Book1</name>
  </book>
  <book>
    <Authors>
      <Author>
        <Name>Fred</Name>
        <Email>fweasley@hogwarts.co.uk</Email>
      </Author>
      <Author>
        <Name>George</Name>
        <Email>gweasley@hogwarts.co.uk</Email>
      </Author>
    </Authors>
    <name>Book1</name>
  </book>
  <book>
    <Authors>
      <Author>
        <Name>Fred</Name>
        <Email>fweasley@hogwarts.co.uk</Email>
      </Author>
      <Author>
        <Name>George</Name>
        <Email>gweasley@hogwarts.co.uk</Email>
      </Author>
    </Authors>
    <name>Book1</name>
  </book>
  <book>
    <Authors>
      <Author>
        <Name>Fred</Name>
        <Email>fweasley@hogwarts.co.uk</Email>
      </Author>
      <Author>
        <Name>George</Name>
        <Email>gweasley@hogwarts.co.uk</Email>
      </Author>
    </Authors>
    <name>Book1</name>
  </book>
  <book>
    <Authors>
      <Author>
        <Name>Fred</Name>
        <Email>fweasley@hogwarts.co.uk</Email>
      </Author>
      <Author>
        <Name>George</Name>
        <Email>gweasley@hogwarts.co.uk</Email>
      </Author>
    </Authors>
    <name>Book1</name>
  </book>
  <book>
    <Authors>
      <Author>
        <Name>Fred</Name>
        <Email>fweasley@hogwarts.co.uk</Email>
      </Author>
      <Author>
        <Name>George</Name>
        <Email>gweasley@hogwarts.co.uk</Email>
      </Author>
    </Authors>
    <name>Book1</name>
  </book>
  <book>
    <Authors>
      <Author>
        <Name>Fred</Name>
        <Email>fweasley@hogwarts.co.uk</Email>
      </Author>
      <Author>
        <Name>George</Name>
        <Email>gweasley@hogwarts.co.uk</Email>
      </Author>
    </Authors>
    <name>Book1</name>
  </book>
  <book>
    <Authors>
      <Author>
        <Name>Fred</Name>
        <Email>fweasley@hogwarts.co.uk</Email>
      </Author>
      <Author>
        <Name>George</Name>
        <Email>gweasley@hogwarts.co.uk</Email>
      </Author>
    </Authors>
    <name>Book1</name>
  </book>
  <book>
    <Authors>
      <Author>
        <Name>Fred</Name>
        <Email>fweasley@hogwarts.co.uk</Email>
      </Author>
      <Author>
        <Name>George</Name>
        <Email>gweasley@hogwarts.co.uk</Email>
      </Author>
    </Authors>
    <name>Book1</name>
  </book>
  <book>
    <Authors>
      <Author>
        <Name>Fred</Name>
        <Email>fweasley@hogwarts.co.uk</Email>
      </Author>
      <Author>
        <Name>George</Name>
        <Email>gweasley@hogwarts.co.uk</Email>
      </Author>
    </Authors>
    <name>Book1</name>
  </book>
  <book>
    <Authors>
      <Author>
        <Name>Fred</Name>
        <Email>fweasley@hogwarts.co.uk</Email>
      </Author>
      <Author>
        <Name>George</Name>
        <Email>gweasley@hogwarts.co.uk</Email>
      </Author>
    </Authors>
    <name>Book1</name>
  </book>
  <book>
    <Authors>
      <Author>
        <Name>Fred</Name>
        <Email>fweasley@hogwarts.co.uk</Email>
      </Author>
      <Author>
        <Name>George</Name>
        <Email>gweasley@hogwarts.co.uk</Email>
      </Author>
    </Authors>
    <name>Book1</name>
  </book>
  <book>
    <Authors>
      <Author>
        <Name>Fred</Name>
        <Email>fweasley@hogwarts.co.uk</Email>
      </Author>
      <Author>
        <Name>George</Name>
        <Email>gweasley@hogwarts.co.uk</Email>
      </Author>
    </Authors>
    <name>Book1</name>
  </book>
  <book>
    <Authors>
      <Author>
        <Name>Fred</Name>
        <Email>fweasley@hogwarts.co.uk</Email>
      </Author>
      <Author>
        <Name>George</Name>
        <Email>gweasley@hogwarts.co.uk</Email>
      </Author>
    </Authors>
    <name>Book1</name>
  </book>
  <book>
    <Authors>
      <Author>
        <Name>Fred</Name>
        <Email>fweasley@hogwarts.co.uk</Email>
      </Author>
      <Author>
        <Name>George</Name>
        <Email>gweasley@hogwarts.co.uk</Email>
      </Author>
    </Authors>
    <name>Book1</name>
  </book>
  <book>
    <Authors>
      <Author>
        <Name>Fred</Name>
        <Email>fweasley@hogwarts.co.uk</Email>
      </Author>
      <Author>
        <Name>George</Name>
        <Email>gweasley@hogwarts.co.uk</Email>
      </Author>
    </Authors>
    <name>Book1</name>
  </book>
  <book>
    <Authors>
      <Author>
        <Name>Fred</Name>
        <Email>fweasley@hogwarts.co.uk</Email>
      </Author>
      <Author>
        <Name>George</Name>
        <Email>gweasley@hogwarts.co.uk</Email>
      </Author>
    </Authors>
    <name>Book1</name>
  </book>
  <book>
    <Authors>
      <Author>
        <Name>Fred</Name>
        <Email>fweasley@hogwarts.co.uk</Email>
      </Author>
      <Author>
        <Name>George</Name>
        <Email>gweasley@hogwarts.co.uk</Email>
      </Author>
    </Authors>
    <name>Book1</name>
  </book>
  <book>
    <Authors>
      <Author>
        <Name>Fred</Name>
        <Email>fweasley@hogwarts.co.uk</Email>
      </Author>
      <Author>
        <Name>George</Name>
        <Email>gweasley@hogwarts.co.uk</Email>
      </Author>
    </Authors>
    <name>Book1</name>
  </book>
  <book>
    <Authors>
      <Author>
        <Name>Fred</Name>
        <Email>fweasley@hogwarts.co.uk</Email>
      </Author>
      <Author>
        <Name>George</Name>
        <Email>gweasley@hogwarts.co.uk</Email>
      </Author>
    </Authors>
    <name>Book1</name>
  </book>
  <book>
    <Authors>
      <Author>
        <Name>Fred</Name>
        <Email>fweasley@hogwarts.co.uk</Email>
      </Author>
      <Author>
        <Name>George</Name>
        <Email>gweasley@hogwarts.co.uk</Email>
      </Author>
    </Authors>
    <name>Book1</name>
  </book>
  <book>
    <Authors>
      <Author>
        <Name>Fred</Name>
        <Email>fweasley@hogwarts.co.uk</Email>
      </Author>
      <Author>
        <Name>George</Name>
        <Email>gweasley@hogwarts.co.uk</Email>
      </Author>
    </Authors>
    <name>Book1</name>
  </book>
  <book>
    <Authors>
      <Author>
        <Name>Fred</Name>
        <Email>fweasley@hogwarts.co.uk</Email>
      </Author>
      <Author>
        <Name>George</Name>
        <Email>gweasley@hogwarts.co.uk</Email>
      </Author>
    </Authors>
    <name>Book1</name>
  </book>
  <book>
    <Authors>
      <Author>
        <Name>Fred</Name>
        <Email>fweasley@hogwarts.co.uk</Email>
      </Author>
      <Author>
        <Name>George</Name>
        <Email>gweasley@hogwarts.co.uk</Email>
      </Author>
    </Authors>
    <name>Book1</name>
  </book>
  <book>
    <Authors>
      <Author>
        <Name>Fred</Name>
        <Email>fweasley@hogwarts.co.uk</Email>
      </Author>
      <Author>
        <Name>George</Name>
        <Email>gweasley@hogwarts.co.uk</Email>
      </Author>
    </Authors>
    <name>Book1</name>
  </book>
  <book>
    <Authors>
      <Author>
        <Name>Fred</Name>
        <Email>fweasley@hogwarts.co.uk</Email>
      </Author>
      <Author>
        <Name>George</Name>
        <Email>gweasley@hogwarts.co.uk</Email>
      </Author>
    </Authors>
    <name>Book1</name>
  </book>
  <book>
    <Authors>
      <Author>
        <Name>Fred</Name>
        <Email>fweasley@hogwarts.co.uk</Email>
      </Author>
      <Author>
        <Name>George</Name>
        <Email>gweasley@hogwarts.co.uk</Email>
      </Author>
    </Authors>
    <name>Book1</name>
  </book>
  <book>
    <Authors>
      <Author>
        <Name>Fred</Name>
        <Email>fweasley@hogwarts.co.uk</Email>
      </Author>
      <Author>
        <Name>George</Name>
        <Email>gweasley@hogwarts.co.uk</Email>
      </Author>
    </Authors>
    <name>Book1</name>
  </book>
  <book>
    <Authors>
      <Author>
        <Name>Fred</Name>
        <Email>fweasley@hogwarts.co.uk</Email>
      </Author>
      <Author>
        <Name>George</Name>
        <Email>gweasley@hogwarts.co.uk</Email>
      </Author>
    </Authors>
    <name>Book1</name>
  </book>
  <book>
    <Authors>
      <Author>
        <Name>Fred</Name>
        <Email>fweasley@hogwarts.co.uk</Email>
      </Author>
      <Author>
        <Name>George</Name>
        <Email>gweasley@hogwarts.co.uk</Email>
      </Author>
    </Authors>
    <name>Book1</name>
  </book>
  <book>
    <Authors>
      <Author>
        <Name>Fred</Name>
        <Email>fweasley@hogwarts.co.uk</Email>
      </Author>
      <Author>
        <Name>George</Name>
        <Email>gweasley@hogwarts.co.uk</Email>
      </Author>
    </Authors>
    <name>Book1</name>
  </book>
  <book>
    <Authors>
      <Author>
        <Name>Fred</Name>
        <Email>fweasley@hogwarts.co.uk</Email>
      </Author>
      <Author>
        <Name>George</Name>
        <Email>gweasley@hogwarts.co.uk</Email>
      </Author>
    </Authors>
    <name>Book1</name>
  </book>
  <book>
    <Authors>
      <Author>
        <Name>Fred</Name>
        <Email>fweasley@hogwarts.co.uk</Email>
      </Author>
      <Author>
        <Name>George</Name>
        <Email>gweasley@hogwarts.co.uk</Email>
      </Author>
    </Authors>
    <name>Book1</name>
  </book>
  <book>
    <Authors>
      <Author>
        <Name>Fred</Name>
        <Email>fweasley@hogwarts.co.uk</Email>
      </Author>
      <Author>
        <Name>George</Name>
        <Email>gweasley@hogwarts.co.uk</Email>
      </Author>
    </Authors>
    <name>Book1</name>
  </book>
  <book>
    <Authors>
      <Author>
        <Name>Fred</Name>
        <Email>fweasley@hogwarts.co.uk</Email>
      </Author>
      <Author>
        <Name>George</Name>
        <Email>gweasley@hogwarts.co.uk</Email>
      </Author>
    </Authors>
    <name>Book1</name>
  </book>
  <book>
    <Authors>
      <Author>
        <Name>Fred</Name>
        <Email>fweasley@hogwarts.co.uk</Email>
      </Author>
      <Author>
        <Name>George</Name>
        <Email>gweasley@hogwarts.co.uk</Email>
      </Author>
    </Authors>
    <name>Book1</name>
  </book>
  <book>
    <Authors>
      <Author>
        <Name>Fred</Name>
        <Email>fweasley@hogwarts.co.uk</Email>
      </Author>
      <Author>
        <Name>George</Name>
        <Email>gweasley@hogwarts.co.uk</Email>
      </Author>
    </Authors>
    <name>Book1</name>
  </book>
  <book>
    <Authors>
      <Author>
        <Name>Fred</Name>
        <Email>fweasley@hogwarts.co.uk</Email>
      </Author>
      <Author>
        <Name>George</Name>
        <Email>gweasley@hogwarts.co.uk</Email>
      </Author>
    </Authors>
    <name>Book1</name>
  </book>
  <book>
    <Authors>
      <Author>
        <Name>Fred</Name>
        <Email>fweasley@hogwarts.co.uk</Email>
      </Author>
      <Author>
        <Name>George</Name>
        <Email>gweasley@hogwarts.co.uk</Email>
      </Author>
    </Authors>
    <name>Book1</name>
  </book>
  <book>
    <Authors>
      <Author>
        <Name>Fred</Name>
        <Email>fweasley@hogwarts.co.uk</Email>
      </Author>
      <Author>
        <Name>George</Name>
        <Email>gweasley@hogwarts.co.uk</Email>
      </Author>
    </Authors>
    <name>Book1</name>
  </book>
  <book>
    <Authors>
      <Author>
        <Name>Fred</Name>
        <Email>fweasley@hogwarts.co.uk</Email>
      </Author>
      <Author>
        <Name>George</Name>
        <Email>gweasley@hogwarts.co.uk</Email>
      </Author>
    </Authors>
    <name>Book1</name>
  </book>
  <book>
    <Authors>
      <Author>
        <Name>Fred</Name>
        <Email>fweasley@hogwarts.co.uk</Email>
      </Author>
      <Author>
        <Name>George</Name>
        <Email>gweasley@hogwarts.co.uk</Email>
      </Author>
    </Authors>
    <name>Book1</name>
  </book>
  <book>
    <Authors>
      <Author>
        <Name>Fred</Name>
        <Email>fweasley@hogwarts.co.uk</Email>
      </Author>
      <Author>
        <Name>George</Name>
        <Email>gweasley@hogwarts.co.uk</Email>
      </Author>
    </Authors>
    <name>Book1</name>
  </book>
  <book>
    <Authors>
      <Author>
        <Name>Fred</Name>
        <Email>fweasley@hogwarts.co.uk</Email>
      </Author>
      <Author>
        <Name>George</Name>
        <Email>gweasley@hogwarts.co.uk</Email>
      </Author>
    </Authors>
    <name>Book1</name>
  </book>
  <book>
    <Authors>
      <Author>
        <Name>Fred</Name>
        <Email>fweasley@hogwarts.co.uk</Email>
      </Author>
      <Author>
        <Name>George</Name>
        <Email>gweasley@hogwarts.co.uk</Email>
      </Author>
    </Authors>
    <name>Book1</name>
  </book>
  <book>
    <Authors>
      <Author>
        <Name>Fred</Name>
        <Email>fweasley@hogwarts.co.uk</Email>
      </Author>
      <Author>
        <Name>George</Name>
        <Email>gweasley@hogwarts.co.uk</Email>
      </Author>
    </Authors>
    <name>Book1</name>
  </book>
  <book>
    <Authors>
      <Author>
        <Name>Fred</Name>
        <Email>fweasley@hogwarts.co.uk</Email>
      </Author>
      <Author>
        <Name>George</Name>
        <Email>gweasley@hogwarts.co.uk</Email>
      </Author>
    </Authors>
    <name>Book1</name>
  </book>
  <book>
    <Authors>
      <Author>
        <Name>Fred</Name>
        <Email>fweasley@hogwarts.co.uk</Email>
      </Author>
      <Author>
        <Name>George</Name>
        <Email>gweasley@hogwarts.co.uk</Email>
      </Author>
    </Authors>
    <name>Book1</name>
  </book>
  <book>
    <Authors>
      <Author>
        <Name>Fred</Name>
        <Email>fweasley@hogwarts.co.uk</Email>
      </Author>
      <Author>
        <Name>George</Name>
        <Email>gweasley@hogwarts.co.uk</Email>
      </Author>
    </Authors>
    <name>Book1</name>
  </book>
  <book>
    <Authors>
      <Author>
        <Name>Fred</Name>
        <Email>fweasley@hogwarts.co.uk</Email>
      </Author>
      <Author>
        <Name>George</Name>
        <Email>gweasley@hogwarts.co.uk</Email>
      </Author>
    </Authors>
    <name>Book1</name>
  </book>
  <book>
    <Authors>
      <Author>
        <Name>Fred</Name>
        <Email>fweasley@hogwarts.co.uk</Email>
      </Author>
      <Author>
        <Name>George</Name>
        <Email>gweasley@hogwarts.co.uk</Email>
      </Author>
    </Authors>
    <name>Book1</name>
  </book>
  <book>
    <Authors>
      <Author>
        <Name>Fred</Name>
        <Email>fweasley@hogwarts.co.uk</Email>
      </Author>
      <Author>
        <Name>George</Name>
        <Email>gweasley@hogwarts.co.uk</Email>
      </Author>
    </Authors>
    <name>Book1</name>
  </book>
  <book>
    <Authors>
      <Author>
        <Name>Fred</Name>
        <Email>fweasley@hogwarts.co.uk</Email>
      </Author>
      <Author>
        <Name>George</Name>
        <Email>gweasley@hogwarts.co.uk</Email>
      </Author>
    </Authors>
    <name>Book1</name>
  </book>
  <book>
    <Authors>
      <Author>
        <Name>Fred</Name>
        <Email>fweasley@hogwarts.co.uk</Email>
      </Author>
      <Author>
        <Name>George</Name>
        <Email>gweasley@hogwarts.co.uk</Email>
      </Author>
    </Authors>
    <name>Book1</name>
  </book>
  <book>
    <Authors>
      <Author>
        <Name>Fred</Name>
        <Email>fweasley@hogwarts.co.uk</Email>
      </Author>
      <Author>
        <Name>George</Name>
        <Email>gweasley@hogwarts.co.uk</Email>
      </Author>
    </Authors>
    <name>Book1</name>
  </book>
  <book>
    <Authors>
      <Author>
        <Name>Fred</Name>
        <Email>fweasley@hogwarts.co.uk</Email>
      </Author>
      <Author>
        <Name>George</Name>
        <Email>gweasley@hogwarts.co.uk</Email>
      </Author>
    </Authors>
    <name>Book1</name>
  </book>
  <book>
    <Authors>
      <Author>
        <Name>Fred</Name>
        <Email>fweasley@hogwarts.co.uk</Email>
      </Author>
      <Author>
        <Name>George</Name>
        <Email>gweasley@hogwarts.co.uk</Email>
      </Author>
    </Authors>
    <name>Book1</name>
  </book>
  <book>
    <Authors>
      <Author>
        <Name>Fred</Name>
        <Email>fweasley@hogwarts.co.uk</Email>
      </Author>
      <Author>
        <Name>George</Name>
        <Email>gweasley@hogwarts.co.uk</Email>
      </Author>
    </Authors>
    <name>Book1</name>
  </book>
  <book>
    <Authors>
      <Author>
        <Name>Fred</Name>
        <Email>fweasley@hogwarts.co.uk</Email>
      </Author>
      <Author>
        <Name>George</Name>
        <Email>gweasley@hogwarts.co.uk</Email>
      </Author>
    </Authors>
    <name>Book1</name>
  </book>
  <book>
    <Authors>
      <Author>
        <Name>Fred</Name>
        <Email>fweasley@hogwarts.co.uk</Email>
      </Author>
      <Author>
        <Name>George</Name>
        <Email>gweasley@hogwarts.co.uk</Email>
      </Author>
    </Authors>
    <name>Book1</name>
  </book>
  <book>
    <Authors>
      <Author>
        <Name>Fred</Name>
        <Email>fweasley@hogwarts.co.uk</Email>
      </Author>
      <Author>
        <Name>George</Name>
        <Email>gweasley@hogwarts.co.uk</Email>
      </Author>
    </Authors>
    <name>Book1</name>
  </book>
  <book>
    <Authors>
      <Author>
        <Name>Fred</Name>
        <Email>fweasley@hogwarts.co.uk</Email>
      </Author>
      <Author>
        <Name>George</Name>
        <Email>gweasley@hogwarts.co.uk</Email>
      </Author>
    </Authors>
    <name>Book1</name>
  </book>
  <book>
    <Authors>
      <Author>
        <Name>Fred</Name>
        <Email>fweasley@hogwarts.co.uk</Email>
      </Author>
      <Author>
        <Name>George</Name>
        <Email>gweasley@hogwarts.co.uk</Email>
      </Author>
    </Authors>
    <name>Book1</name>
  </book>
  <book>
    <Authors>
      <Author>
        <Name>Fred</Name>
        <Email>fweasley@hogwarts.co.uk</Email>
      </Author>
      <Author>
        <Name>George</Name>
        <Email>gweasley@hogwarts.co.uk</Email>
      </Author>
    </Authors>
    <name>Book1</name>
  </book>
  <book>
    <Authors>
      <Author>
        <Name>Fred</Name>
        <Email>fweasley@hogwarts.co.uk</Email>
      </Author>
      <Author>
        <Name>George</Name>
        <Email>gweasley@hogwarts.co.uk</Email>
      </Author>
    </Authors>
    <name>Book1</name>
  </book>
  <book>
    <Authors>
      <Author>
        <Name>Fred</Name>
        <Email>fweasley@hogwarts.co.uk</Email>
      </Author>
      <Author>
        <Name>George</Name>
        <Email>gweasley@hogwarts.co.uk</Email>
      </Author>
    </Authors>
    <name>Book1</name>
  </book>
  <book>
    <Authors>
      <Author>
        <Name>Fred</Name>
        <Email>fweasley@hogwarts.co.uk</Email>
      </Author>
      <Author>
        <Name>George</Name>
        <Email>gweasley@hogwarts.co.uk</Email>
      </Author>
    </Authors>
    <name>Book1</name>
  </book>
  <book>
    <Authors>
      <Author>
        <Name>Fred</Name>
        <Email>fweasley@hogwarts.co.uk</Email>
      </Author>
      <Author>
        <Name>George</Name>
        <Email>gweasley@hogwarts.co.uk</Email>
      </Author>
    </Authors>
    <name>Book1</name>
  </book>
  <book>
    <Authors>
      <Author>
        <Name>Fred</Name>
        <Email>fweasley@hogwarts.co.uk</Email>
      </Author>
      <Author>
        <Name>George</Name>
        <Email>gweasley@hogwarts.co.uk</Email>
      </Author>
    </Authors>
    <name>Book1</name>
  </book>
  <book>
    <Authors>
      <Author>
        <Name>Fred</Name>
        <Email>fweasley@hogwarts.co.uk</Email>
      </Author>
      <Author>
        <Name>George</Name>
        <Email>gweasley@hogwarts.co.uk</Email>
      </Author>
    </Authors>
    <name>Book1</name>
  </book>
  <book>
    <Authors>
      <Author>
        <Name>Fred</Name>
        <Email>fweasley@hogwarts.co.uk</Email>
      </Author>
      <Author>
        <Name>George</Name>
        <Email>gweasley@hogwarts.co.uk</Email>
      </Author>
    </Authors>
    <name>Book1</name>
  </book>
  <book>
    <Authors>
      <Author>
        <Name>Fred</Name>
        <Email>fweasley@hogwarts.co.uk</Email>
      </Author>
      <Author>
        <Name>George</Name>
        <Email>gweasley@hogwarts.co.uk</Email>
      </Author>
    </Authors>
    <name>Book1</name>
  </book>
  <book>
    <Authors>
      <Author>
        <Name>Fred</Name>
        <Email>fweasley@hogwarts.co.uk</Email>
      </Author>
      <Author>
        <Name>George</Name>
        <Email>gweasley@hogwarts.co.uk</Email>
      </Author>
    </Authors>
    <name>Book1</name>
  </book>
  <book>
    <Authors>
      <Author>
        <Name>Fred</Name>
        <Email>fweasley@hogwarts.co.uk</Email>
      </Author>
      <Author>
        <Name>George</Name>
        <Email>gweasley@hogwarts.co.uk</Email>
      </Author>
    </Authors>
    <name>Book1</name>
  </book>
  <book>
    <Authors>
      <Author>
        <Name>Fred</Name>
        <Email>fweasley@hogwarts.co.uk</Email>
      </Author>
      <Author>
        <Name>George</Name>
        <Email>gweasley@hogwarts.co.uk</Email>
      </Author>
    </Authors>
    <name>Book1</name>
  </book>
  <book>
    <Authors>
      <Author>
        <Name>Fred</Name>
        <Email>fweasley@hogwarts.co.uk</Email>
      </Author>
      <Author>
        <Name>George</Name>
        <Email>gweasley@hogwarts.co.uk</Email>
      </Author>
    </Authors>
    <name>Book1</name>
  </book>
  <book>
    <Authors>
      <Author>
        <Name>Fred</Name>
        <Email>fweasley@hogwarts.co.uk</Email>
      </Author>
      <Author>
        <Name>George</Name>
        <Email>gweasley@hogwarts.co.uk</Email>
      </Author>
    </Authors>
    <name>Book1</name>
  </book>
  <book>
    <Authors>
      <Author>
        <Name>Fred</Name>
        <Email>fweasley@hogwarts.co.uk</Email>
      </Author>
      <Author>
        <Name>George</Name>
        <Email>gweasley@hogwarts.co.uk</Email>
      </Author>
    </Authors>
    <name>Book1</name>
  </book>
  <book>
    <Authors>
      <Author>
        <Name>Fred</Name>
        <Email>fweasley@hogwarts.co.uk</Email>
      </Author>
      <Author>
        <Name>George</Name>
        <Email>gweasley@hogwarts.co.uk</Email>
      </Author>
    </Authors>
    <name>Book1</name>
  </book>
  <book>
    <Authors>
      <Author>
        <Name>Fred</Name>
        <Email>fweasley@hogwarts.co.uk</Email>
      </Author>
      <Author>
        <Name>George</Name>
        <Email>gweasley@hogwarts.co.uk</Email>
      </Author>
    </Authors>
    <name>Book1</name>
  </book>
  <book>
    <Authors>
      <Author>
        <Name>Fred</Name>
        <Email>fweasley@hogwarts.co.uk</Email>
      </Author>
      <Author>
        <Name>George</Name>
        <Email>gweasley@hogwarts.co.uk</Email>
      </Author>
    </Authors>
    <name>Book1</name>
  </book>
  <book>
    <Authors>
      <Author>
        <Name>Fred</Name>
        <Email>fweasley@hogwarts.co.uk</Email>
      </Author>
      <Author>
        <Name>George</Name>
        <Email>gweasley@hogwarts.co.uk</Email>
      </Author>
    </Authors>
    <name>Book1</name>
  </book>
  <book>
    <Authors>
      <Author>
        <Name>Fred</Name>
        <Email>fweasley@hogwarts.co.uk</Email>
      </Author>
      <Author>
        <Name>George</Name>
        <Email>gweasley@hogwarts.co.uk</Email>
      </Author>
    </Authors>
    <name>Book1</name>
  </book>
  <book>
    <Authors>
      <Author>
        <Name>Fred</Name>
        <Email>fweasley@hogwarts.co.uk</Email>
      </Author>
      <Author>
        <Name>George</Name>
        <Email>gweasley@hogwarts.co.uk</Email>
      </Author>
    </Authors>
    <name>Book1</name>
  </book>
  <book>
    <Authors>
      <Author>
        <Name>Fred</Name>
        <Email>fweasley@hogwarts.co.uk</Email>
      </Author>
      <Author>
        <Name>George</Name>
        <Email>gweasley@hogwarts.co.uk</Email>
      </Author>
    </Authors>
    <name>Book1</name>
  </book>
  <book>
    <Authors>
      <Author>
        <Name>Fred</Name>
        <Email>fweasley@hogwarts.co.uk</Email>
      </Author>
      <Author>
        <Name>George</Name>
        <Email>gweasley@hogwarts.co.uk</Email>
      </Author>
    </Authors>
    <name>Book1</name>
  </book>
  <book>
    <Authors>
      <Author>
        <Name>Fred</Name>
        <Email>fweasley@hogwarts.co.uk</Email>
      </Author>
      <Author>
        <Name>George</Name>
        <Email>gweasley@hogwarts.co.uk</Email>
      </Author>
    </Authors>
    <name>Book1</name>
  </book>
  <book>
    <Authors>
      <Author>
        <Name>Fred</Name>
        <Email>fweasley@hogwarts.co.uk</Email>
      </Author>
      <Author>
        <Name>George</Name>
        <Email>gweasley@hogwarts.co.uk</Email>
      </Author>
    </Authors>
    <name>Book1</name>
  </book>
  <book>
    <Authors>
      <Author>
        <Name>Fred</Name>
        <Email>fweasley@hogwarts.co.uk</Email>
      </Author>
      <Author>
        <Name>George</Name>
        <Email>gweasley@hogwarts.co.uk</Email>
      </Author>
    </Authors>
    <name>Book1</name>
  </book>
  <book>
    <Authors>
      <Author>
        <Name>Fred</Name>
        <Email>fweasley@hogwarts.co.uk</Email>
      </Author>
      <Author>
        <Name>George</Name>
        <Email>gweasley@hogwarts.co.uk</Email>
      </Author>
    </Authors>
    <name>Book1</name>
  </book>
  <book>
    <Authors>
      <Author>
        <Name>Fred</Name>
        <Email>fweasley@hogwarts.co.uk</Email>
      </Author>
      <Author>
        <Name>George</Name>
        <Email>gweasley@hogwarts.co.uk</Email>
      </Author>
    </Authors>
    <name>Book1</name>
  </book>
  <book>
    <Authors>
      <Author>
        <Name>Fred</Name>
        <Email>fweasley@hogwarts.co.uk</Email>
      </Author>
      <Author>
        <Name>George</Name>
        <Email>gweasley@hogwarts.co.uk</Email>
      </Author>
    </Authors>
    <name>Book1</name>
  </book>
  <book>
    <Authors>
      <Author>
        <Name>Fred</Name>
        <Email>fweasley@hogwarts.co.uk</Email>
      </Author>
      <Author>
        <Name>George</Name>
        <Email>gweasley@hogwarts.co.uk</Email>
      </Author>
    </Authors>
    <name>Book1</name>
  </book>
  <book>
    <Authors>
      <Author>
        <Name>Fred</Name>
        <Email>fweasley@hogwarts.co.uk</Email>
      </Author>
      <Author>
        <Name>George</Name>
        <Email>gweasley@hogwarts.co.uk</Email>
      </Author>
    </Authors>
    <name>Book1</name>
  </book>
  <book>
    <Authors>
      <Author>
        <Name>Fred</Name>
        <Email>fweasley@hogwarts.co.uk</Email>
      </Author>
      <Author>
        <Name>George</Name>
        <Email>gweasley@hogwarts.co.uk</Email>
      </Author>
    </Authors>
    <name>Book1</name>
  </book>
  <book>
    <Authors>
      <Author>
        <Name>Fred</Name>
        <Email>fweasley@hogwarts.co.uk</Email>
      </Author>
      <Author>
        <Name>George</Name>
        <Email>gweasley@hogwarts.co.uk</Email>
      </Author>
    </Authors>
    <name>Book1</name>
  </book>
  <book>
    <Authors>
      <Author>
        <Name>Fred</Name>
        <Email>fweasley@hogwarts.co.uk</Email>
      </Author>
      <Author>
        <Name>George</Name>
        <Email>gweasley@hogwarts.co.uk</Email>
      </Author>
    </Authors>
    <name>Book1</name>
  </book>
  <book>
    <Authors>
      <Author>
        <Name>Fred</Name>
        <Email>fweasley@hogwarts.co.uk</Email>
      </Author>
      <Author>
        <Name>George</Name>
        <Email>gweasley@hogwarts.co.uk</Email>
      </Author>
    </Authors>
    <name>Book1</name>
  </book>
  <book>
    <Authors>
      <Author>
        <Name>Fred</Name>
        <Email>fweasley@hogwarts.co.uk</Email>
      </Author>
      <Author>
        <Name>George</Name>
        <Email>gweasley@hogwarts.co.uk</Email>
      </Author>
    </Authors>
    <name>Book1</name>
  </book>
  <book>
    <Authors>
      <Author>
        <Name>Fred</Name>
        <Email>fweasley@hogwarts.co.uk</Email>
      </Author>
      <Author>
        <Name>George</Name>
        <Email>gweasley@hogwarts.co.uk</Email>
      </Author>
    </Authors>
    <name>Book1</name>
  </book>
  <book>
    <Authors>
      <Author>
        <Name>Fred</Name>
        <Email>fweasley@hogwarts.co.uk</Email>
      </Author>
      <Author>
        <Name>George</Name>
        <Email>gweasley@hogwarts.co.uk</Email>
      </Author>
    </Authors>
    <name>Book1</name>
  </book>
  <book>
    <Authors>
      <Author>
        <Name>Fred</Name>
        <Email>fweasley@hogwarts.co.uk</Email>
      </Author>
      <Author>
        <Name>George</Name>
        <Email>gweasley@hogwarts.co.uk</Email>
      </Author>
    </Authors>
    <name>Book1</name>
  </book>
  <book>
    <Authors>
      <Author>
        <Name>Fred</Name>
        <Email>fweasley@hogwarts.co.uk</Email>
      </Author>
      <Author>
        <Name>George</Name>
        <Email>gweasley@hogwarts.co.uk</Email>
      </Author>
    </Authors>
    <name>Book1</name>
  </book>
  <book>
    <Authors>
      <Author>
        <Name>Fred</Name>
        <Email>fweasley@hogwarts.co.uk</Email>
      </Author>
      <Author>
        <Name>George</Name>
        <Email>gweasley@hogwarts.co.uk</Email>
      </Author>
    </Authors>
    <name>Book1</name>
  </book>
  <book>
    <Authors>
      <Author>
        <Name>Fred</Name>
        <Email>fweasley@hogwarts.co.uk</Email>
      </Author>
      <Author>
        <Name>George</Name>
        <Email>gweasley@hogwarts.co.uk</Email>
      </Author>
    </Authors>
    <name>Book1</name>
  </book>
  <book>
    <Authors>
      <Author>
        <Name>Fred</Name>
        <Email>fweasley@hogwarts.co.uk</Email>
      </Author>
      <Author>
        <Name>George</Name>
        <Email>gweasley@hogwarts.co.uk</Email>
      </Author>
    </Authors>
    <name>Book1</name>
  </book>
  <book>
    <Authors>
      <Author>
        <Name>Fred</Name>
        <Email>fweasley@hogwarts.co.uk</Email>
      </Author>
      <Author>
        <Name>George</Name>
        <Email>gweasley@hogwarts.co.uk</Email>
      </Author>
    </Authors>
    <name>Book1</name>
  </book>
  <book>
    <Authors>
      <Author>
        <Name>Fred</Name>
        <Email>fweasley@hogwarts.co.uk</Email>
      </Author>
      <Author>
        <Name>George</Name>
        <Email>gweasley@hogwarts.co.uk</Email>
      </Author>
    </Authors>
    <name>Book1</name>
  </book>
  <book>
    <Authors>
      <Author>
        <Name>Fred</Name>
        <Email>fweasley@hogwarts.co.uk</Email>
      </Author>
      <Author>
        <Name>George</Name>
        <Email>gweasley@hogwarts.co.uk</Email>
      </Author>
    </Authors>
    <name>Book1</name>
  </book>
  <book>
    <Authors>
      <Author>
        <Name>Fred</Name>
        <Email>fweasley@hogwarts.co.uk</Email>
      </Author>
      <Author>
        <Name>George</Name>
        <Email>gweasley@hogwarts.co.uk</Email>
      </Author>
    </Authors>
    <name>Book1</name>
  </book>
  <book>
    <Authors>
      <Author>
        <Name>Fred</Name>
        <Email>fweasley@hogwarts.co.uk</Email>
      </Author>
      <Author>
        <Name>George</Name>
        <Email>gweasley@hogwarts.co.uk</Email>
      </Author>
    </Authors>
    <name>Book1</name>
  </book>
  <book year="2014" isbn="ISBN83763550019---11">
    <Authors>
      <Author>
        <Name>Fred</Name>
        <Email>fweasley@hogwarts.co.uk</Email>
      </Author>
      <Author>
        <Name>George</Name>
        <Email>gweasley@hogwarts.co.uk</Email>
      </Author>
    </Authors>
    <name>Book1</name>
  </book>
  <book year="2014" isbn="ISBN83763550019---11">
    <Authors>
      <Author>
        <Name>Fred</Name>
        <Email>fweasley@hogwarts.co.uk</Email>
      </Author>
      <Author>
        <Name>George</Name>
        <Email>gweasley@hogwarts.co.uk</Email>
      </Author>
    </Authors>
    <name>Book2</name>
  </book>
  <book year="2014" isbn="ISBN83763550019---11">
    <Authors>
      <Author>
        <Name>Fred</Name>
        <Email>fweasley@hogwarts.co.uk</Email>
      </Author>
      <Author>
        <Name>George</Name>
        <Email>gweasley@hogwarts.co.uk</Email>
      </Author>
    </Authors>
    <name>Book1</name>
  </book>
  <book year="2014" isbn="ISBN83763550019---11">
    <Authors>
      <Author>
        <Name>Fred</Name>
        <Email>fweasley@hogwarts.co.uk</Email>
      </Author>
      <Author>
        <Name>George</Name>
        <Email>gweasley@hogwarts.co.uk</Email>
      </Author>
    </Authors>
    <name>Book2</name>
  </book>
  <book year="2014" isbn="ISBN83763550019---11">
    <Authors>
      <Author>
        <Name>Fred</Name>
        <Email>fweasley@hogwarts.co.uk</Email>
      </Author>
      <Author>
        <Name>George</Name>
        <Email>gweasley@hogwarts.co.uk</Email>
      </Author>
    </Authors>
    <name>Book1</name>
  </book>
  <book year="2014" isbn="ISBN83763550019---11">
    <Authors>
      <Author>
        <Name>Fred</Name>
        <Email>fweasley@hogwarts.co.uk</Email>
      </Author>
      <Author>
        <Name>George</Name>
        <Email>gweasley@hogwarts.co.uk</Email>
      </Author>
    </Authors>
    <name>Book2</name>
  </book>
  <book year="2014" isbn="ISBN83763550019---11">
    <Authors>
      <Author>
        <Name>Fred</Name>
        <Email>fweasley@hogwarts.co.uk</Email>
      </Author>
      <Author>
        <Name>George</Name>
        <Email>gweasley@hogwarts.co.uk</Email>
      </Author>
    </Authors>
    <name>Book1</name>
  </book>
  <book year="2014" isbn="ISBN83763550019---11">
    <Authors>
      <Author>
        <Name>Fred</Name>
        <Email>fweasley@hogwarts.co.uk</Email>
      </Author>
      <Author>
        <Name>George</Name>
        <Email>gweasley@hogwarts.co.uk</Email>
      </Author>
    </Authors>
    <name>Book2</name>
  </book>
  <book year="2014" isbn="ISBN83763550019---11">
    <Authors>
      <Author>
        <Name>Fred</Name>
        <Email>fweasley@hogwarts.co.uk</Email>
      </Author>
      <Author>
        <Name>George</Name>
        <Email>gweasley@hogwarts.co.uk</Email>
      </Author>
    </Authors>
    <name>Book1</name>
  </book>
  <book year="2014" isbn="ISBN83763550019---11">
    <Authors>
      <Author>
        <Name>Fred</Name>
        <Email>fweasley@hogwarts.co.uk</Email>
      </Author>
      <Author>
        <Name>George</Name>
        <Email>gweasley@hogwarts.co.uk</Email>
      </Author>
    </Authors>
    <name>Book2</name>
  </book>
  <book year="2014" isbn="ISBN83763550019---11">
    <Authors>
      <Author>
        <Name>Fred</Name>
        <Email>fweasley@hogwarts.co.uk</Email>
      </Author>
      <Author>
        <Name>George</Name>
        <Email>gweasley@hogwarts.co.uk</Email>
      </Author>
    </Authors>
    <name>Book1</name>
  </book>
  <book year="2014" isbn="ISBN83763550019---11">
    <Authors>
      <Author>
        <Name>Fred</Name>
        <Email>fweasley@hogwarts.co.uk</Email>
      </Author>
      <Author>
        <Name>George</Name>
        <Email>gweasley@hogwarts.co.uk</Email>
      </Author>
    </Authors>
    <name>Book2</name>
  </book>
  <book year="2014" isbn="ISBN83763550019---11">
    <Authors>
      <Author>
        <Name>Fred</Name>
        <Email>fweasley@hogwarts.co.uk</Email>
      </Author>
      <Author>
        <Name>George</Name>
        <Email>gweasley@hogwarts.co.uk</Email>
      </Author>
    </Authors>
    <name>Book1</name>
  </book>
  <book year="2014" isbn="ISBN83763550019---11">
    <Authors>
      <Author>
        <Name>Fred</Name>
        <Email>fweasley@hogwarts.co.uk</Email>
      </Author>
      <Author>
        <Name>George</Name>
        <Email>gweasley@hogwarts.co.uk</Email>
      </Author>
    </Authors>
    <name>Book2</name>
  </book>
  <book year="2014" isbn="ISBN83763550019---11">
    <Authors>
      <Author>
        <Name>Fred</Name>
        <Email>fweasley@hogwarts.co.uk</Email>
      </Author>
      <Author>
        <Name>George</Name>
        <Email>gweasley@hogwarts.co.uk</Email>
      </Author>
    </Authors>
    <name>Book1</name>
  </book>
  <book year="2014" isbn="ISBN83763550019---11">
    <Authors>
      <Author>
        <Name>Fred</Name>
        <Email>fweasley@hogwarts.co.uk</Email>
      </Author>
      <Author>
        <Name>George</Name>
        <Email>gweasley@hogwarts.co.uk</Email>
      </Author>
    </Authors>
    <name>Book2</name>
  </book>
  <book year="2014" isbn="ISBN83763550019---11">
    <Authors>
      <Author>
        <Name>Fred</Name>
        <Email>fweasley@hogwarts.co.uk</Email>
      </Author>
      <Author>
        <Name>George</Name>
        <Email>gweasley@hogwarts.co.uk</Email>
      </Author>
    </Authors>
    <name>Book1</name>
  </book>
  <book year="2014" isbn="ISBN83763550019---11">
    <Authors>
      <Author>
        <Name>Fred</Name>
        <Email>fweasley@hogwarts.co.uk</Email>
      </Author>
      <Author>
        <Name>George</Name>
        <Email>gweasley@hogwarts.co.uk</Email>
      </Author>
    </Authors>
    <name>Book2</name>
  </book>
  <book year="2014" isbn="ISBN83763550019---11">
    <Authors>
      <Author>
        <Name>Fred</Name>
        <Email>fweasley@hogwarts.co.uk</Email>
      </Author>
      <Author>
        <Name>George</Name>
        <Email>gweasley@hogwarts.co.uk</Email>
      </Author>
    </Authors>
    <name>Book1</name>
  </book>
  <book year="2014" isbn="ISBN83763550019---11">
    <Authors>
      <Author>
        <Name>Fred</Name>
        <Email>fweasley@hogwarts.co.uk</Email>
      </Author>
      <Author>
        <Name>George</Name>
        <Email>gweasley@hogwarts.co.uk</Email>
      </Author>
    </Authors>
    <name>Book2</name>
  </book>
  <book year="2014" isbn="ISBN83763550019---11">
    <Authors>
      <Author>
        <Name>Fred</Name>
        <Email>fweasley@hogwarts.co.uk</Email>
      </Author>
      <Author>
        <Name>George</Name>
        <Email>gweasley@hogwarts.co.uk</Email>
      </Author>
    </Authors>
    <name>Book1</name>
  </book>
  <book year="2014" isbn="ISBN83763550019---11">
    <Authors>
      <Author>
        <Name>Fred</Name>
        <Email>fweasley@hogwarts.co.uk</Email>
      </Author>
      <Author>
        <Name>George</Name>
        <Email>gweasley@hogwarts.co.uk</Email>
      </Author>
    </Authors>
    <name>Book2</name>
  </book>
  <book year="2014" isbn="ISBN83763550019---11">
    <Authors>
      <Author>
        <Name>Fred</Name>
        <Email>fweasley@hogwarts.co.uk</Email>
      </Author>
      <Author>
        <Name>George</Name>
        <Email>gweasley@hogwarts.co.uk</Email>
      </Author>
    </Authors>
    <name>Book1</name>
  </book>
  <book year="2014" isbn="ISBN83763550019---11">
    <Authors>
      <Author>
        <Name>Fred</Name>
        <Email>fweasley@hogwarts.co.uk</Email>
      </Author>
      <Author>
        <Name>George</Name>
        <Email>gweasley@hogwarts.co.uk</Email>
      </Author>
    </Authors>
    <name>Book2</name>
  </book>
  <book year="2014" isbn="ISBN83763550019---11">
    <Authors>
      <Author>
        <Name>Fred</Name>
        <Email>fweasley@hogwarts.co.uk</Email>
      </Author>
      <Author>
        <Name>George</Name>
        <Email>gweasley@hogwarts.co.uk</Email>
      </Author>
    </Authors>
    <name>Book1</name>
  </book>
  <book year="2014" isbn="ISBN83763550019---11">
    <Authors>
      <Author>
        <Name>Fred</Name>
        <Email>fweasley@hogwarts.co.uk</Email>
      </Author>
      <Author>
        <Name>George</Name>
        <Email>gweasley@hogwarts.co.uk</Email>
      </Author>
    </Authors>
    <name>Book2</name>
  </book>
  <book year="2014" isbn="ISBN83763550019---11">
    <Authors>
      <Author>
        <Name>Fred</Name>
        <Email>fweasley@hogwarts.co.uk</Email>
      </Author>
      <Author>
        <Name>George</Name>
        <Email>gweasley@hogwarts.co.uk</Email>
      </Author>
    </Authors>
    <name>Book1</name>
  </book>
  <book year="2014" isbn="ISBN83763550019---11">
    <Authors>
      <Author>
        <Name>Fred</Name>
        <Email>fweasley@hogwarts.co.uk</Email>
      </Author>
      <Author>
        <Name>George</Name>
        <Email>gweasley@hogwarts.co.uk</Email>
      </Author>
    </Authors>
    <name>Book2</name>
  </book>
  <book year="2014" isbn="ISBN83763550019---11">
    <Authors>
      <Author>
        <Name>Fred</Name>
        <Email>fweasley@hogwarts.co.uk</Email>
      </Author>
      <Author>
        <Name>George</Name>
        <Email>gweasley@hogwarts.co.uk</Email>
      </Author>
    </Authors>
    <name>Book1</name>
  </book>
  <book year="2014" isbn="ISBN83763550019---11">
    <Authors>
      <Author>
        <Name>Fred</Name>
        <Email>fweasley@hogwarts.co.uk</Email>
      </Author>
      <Author>
        <Name>George</Name>
        <Email>gweasley@hogwarts.co.uk</Email>
      </Author>
    </Authors>
    <name>Book2</name>
  </book>
  <book year="2014" isbn="ISBN83763550019---11">
    <Authors>
      <Author>
        <Name>Fred</Name>
        <Email>fweasley@hogwarts.co.uk</Email>
      </Author>
      <Author>
        <Name>George</Name>
        <Email>gweasley@hogwarts.co.uk</Email>
      </Author>
    </Authors>
    <name>Book1</name>
  </book>
  <book year="2014" isbn="ISBN83763550019---11">
    <Authors>
      <Author>
        <Name>Fred</Name>
        <Email>fweasley@hogwarts.co.uk</Email>
      </Author>
      <Author>
        <Name>George</Name>
        <Email>gweasley@hogwarts.co.uk</Email>
      </Author>
    </Authors>
    <name>Book2</name>
  </book>
  <book year="2014" isbn="ISBN83763550019---11">
    <Authors>
      <Author>
        <Name>Fred</Name>
        <Email>fweasley@hogwarts.co.uk</Email>
      </Author>
      <Author>
        <Name>George</Name>
        <Email>gweasley@hogwarts.co.uk</Email>
      </Author>
    </Authors>
    <name>Book1</name>
  </book>
  <book year="2014" isbn="ISBN83763550019---11">
    <Authors>
      <Author>
        <Name>Fred</Name>
        <Email>fweasley@hogwarts.co.uk</Email>
      </Author>
      <Author>
        <Name>George</Name>
        <Email>gweasley@hogwarts.co.uk</Email>
      </Author>
    </Authors>
    <name>Book2</name>
  </book>
  <book year="2014" isbn="ISBN83763550019---11">
    <Authors>
      <Author>
        <Name>Fred</Name>
        <Email>fweasley@hogwarts.co.uk</Email>
      </Author>
      <Author>
        <Name>George</Name>
        <Email>gweasley@hogwarts.co.uk</Email>
      </Author>
    </Authors>
    <name>Book1</name>
  </book>
  <book year="2014" isbn="ISBN83763550019---11">
    <Authors>
      <Author>
        <Name>Fred</Name>
        <Email>fweasley@hogwarts.co.uk</Email>
      </Author>
      <Author>
        <Name>George</Name>
        <Email>gweasley@hogwarts.co.uk</Email>
      </Author>
    </Authors>
    <name>Book2</name>
  </book>
  <book year="2014" isbn="ISBN83763550019---11">
    <Authors>
      <Author>
        <Name>Fred</Name>
        <Email>fweasley@hogwarts.co.uk</Email>
      </Author>
      <Author>
        <Name>George</Name>
        <Email>gweasley@hogwarts.co.uk</Email>
      </Author>
    </Authors>
    <name>Book1</name>
  </book>
  <book year="2014" isbn="ISBN83763550019---11">
    <Authors>
      <Author>
        <Name>Fred</Name>
        <Email>fweasley@hogwarts.co.uk</Email>
      </Author>
      <Author>
        <Name>George</Name>
        <Email>gweasley@hogwarts.co.uk</Email>
      </Author>
    </Authors>
    <name>Book2</name>
  </book>
  <book year="2014" isbn="ISBN83763550019---11">
    <Authors>
      <Author>
        <Name>Fred</Name>
        <Email>fweasley@hogwarts.co.uk</Email>
      </Author>
      <Author>
        <Name>George</Name>
        <Email>gweasley@hogwarts.co.uk</Email>
      </Author>
    </Authors>
    <name>Book1</name>
  </book>
  <book year="2014" isbn="ISBN83763550019---11">
    <Authors>
      <Author>
        <Name>Fred</Name>
        <Email>fweasley@hogwarts.co.uk</Email>
      </Author>
      <Author>
        <Name>George</Name>
        <Email>gweasley@hogwarts.co.uk</Email>
      </Author>
    </Authors>
    <name>Book2</name>
  </book>
  <book year="2014" isbn="ISBN83763550019---11">
    <Authors>
      <Author>
        <Name>Fred</Name>
        <Email>fweasley@hogwarts.co.uk</Email>
      </Author>
      <Author>
        <Name>George</Name>
        <Email>gweasley@hogwarts.co.uk</Email>
      </Author>
    </Authors>
    <name>Book1</name>
  </book>
  <book year="2014" isbn="ISBN83763550019---11">
    <Authors>
      <Author>
        <Name>Fred</Name>
        <Email>fweasley@hogwarts.co.uk</Email>
      </Author>
      <Author>
        <Name>George</Name>
        <Email>gweasley@hogwarts.co.uk</Email>
      </Author>
    </Authors>
    <name>Book2</name>
  </book>
  <book year="2014" isbn="ISBN83763550019---11">
    <Authors>
      <Author>
        <Name>Fred</Name>
        <Email>fweasley@hogwarts.co.uk</Email>
      </Author>
      <Author>
        <Name>George</Name>
        <Email>gweasley@hogwarts.co.uk</Email>
      </Author>
    </Authors>
    <name>Book1</name>
  </book>
  <book year="2014" isbn="ISBN83763550019---11">
    <Authors>
      <Author>
        <Name>Fred</Name>
        <Email>fweasley@hogwarts.co.uk</Email>
      </Author>
      <Author>
        <Name>George</Name>
        <Email>gweasley@hogwarts.co.uk</Email>
      </Author>
    </Authors>
    <name>Book2</name>
  </book>
  <book year="2014" isbn="ISBN83763550019---11">
    <Authors>
      <Author>
        <Name>Fred</Name>
        <Email>fweasley@hogwarts.co.uk</Email>
      </Author>
      <Author>
        <Name>George</Name>
        <Email>gweasley@hogwarts.co.uk</Email>
      </Author>
    </Authors>
    <name>Book1</name>
  </book>
  <book year="2014" isbn="ISBN83763550019---11">
    <Authors>
      <Author>
        <Name>Fred</Name>
        <Email>fweasley@hogwarts.co.uk</Email>
      </Author>
      <Author>
        <Name>George</Name>
        <Email>gweasley@hogwarts.co.uk</Email>
      </Author>
    </Authors>
    <name>Book2</name>
  </book>
  <book year="2014" isbn="ISBN83763550019---11">
    <Authors>
      <Author>
        <Name>Fred</Name>
        <Email>fweasley@hogwarts.co.uk</Email>
      </Author>
      <Author>
        <Name>George</Name>
        <Email>gweasley@hogwarts.co.uk</Email>
      </Author>
    </Authors>
    <name>Book1</name>
  </book>
  <book year="2014" isbn="ISBN83763550019---11">
    <Authors>
      <Author>
        <Name>Fred</Name>
        <Email>fweasley@hogwarts.co.uk</Email>
      </Author>
      <Author>
        <Name>George</Name>
        <Email>gweasley@hogwarts.co.uk</Email>
      </Author>
    </Authors>
    <name>Book2</name>
  </book>
  <book year="2014" isbn="ISBN83763550019---11">
    <Authors>
      <Author>
        <Name>Fred</Name>
        <Email>fweasley@hogwarts.co.uk</Email>
      </Author>
      <Author>
        <Name>George</Name>
        <Email>gweasley@hogwarts.co.uk</Email>
      </Author>
    </Authors>
    <name>Book1</name>
  </book>
  <book year="2014" isbn="ISBN83763550019---11">
    <Authors>
      <Author>
        <Name>Fred</Name>
        <Email>fweasley@hogwarts.co.uk</Email>
      </Author>
      <Author>
        <Name>George</Name>
        <Email>gweasley@hogwarts.co.uk</Email>
      </Author>
    </Authors>
    <name>Book2</name>
  </book>
  <book year="2014" isbn="ISBN83763550019---11">
    <Authors>
      <Author>
        <Name>Fred</Name>
        <Email>fweasley@hogwarts.co.uk</Email>
      </Author>
      <Author>
        <Name>George</Name>
        <Email>gweasley@hogwarts.co.uk</Email>
      </Author>
    </Authors>
    <name>Book1</name>
  </book>
  <book year="2014" isbn="ISBN83763550019---11">
    <Authors>
      <Author>
        <Name>Fred</Name>
        <Email>fweasley@hogwarts.co.uk</Email>
      </Author>
      <Author>
        <Name>George</Name>
        <Email>gweasley@hogwarts.co.uk</Email>
      </Author>
    </Authors>
    <name>Book2</name>
  </book>
  <book year="2014" isbn="ISBN83763550019---11">
    <Authors>
      <Author>
        <Name>Fred</Name>
        <Email>fweasley@hogwarts.co.uk</Email>
      </Author>
      <Author>
        <Name>George</Name>
        <Email>gweasley@hogwarts.co.uk</Email>
      </Author>
    </Authors>
    <name>Book1</name>
  </book>
  <book year="2014" isbn="ISBN83763550019---11">
    <Authors>
      <Author>
        <Name>Fred</Name>
        <Email>fweasley@hogwarts.co.uk</Email>
      </Author>
      <Author>
        <Name>George</Name>
        <Email>gweasley@hogwarts.co.uk</Email>
      </Author>
    </Authors>
    <name>Book2</name>
  </book>
  <book year="2014" isbn="ISBN83763550019---11">
    <Authors>
      <Author>
        <Name>Fred</Name>
        <Email>fweasley@hogwarts.co.uk</Email>
      </Author>
      <Author>
        <Name>George</Name>
        <Email>gweasley@hogwarts.co.uk</Email>
      </Author>
    </Authors>
    <name>Book1</name>
  </book>
  <book year="2014" isbn="ISBN83763550019---11">
    <Authors>
      <Author>
        <Name>Fred</Name>
        <Email>fweasley@hogwarts.co.uk</Email>
      </Author>
      <Author>
        <Name>George</Name>
        <Email>gweasley@hogwarts.co.uk</Email>
      </Author>
    </Authors>
    <name>Book2</name>
  </book>
  <book year="2014" isbn="ISBN83763550019---11">
    <Authors>
      <Author>
        <Name>Fred</Name>
        <Email>fweasley@hogwarts.co.uk</Email>
      </Author>
      <Author>
        <Name>George</Name>
        <Email>gweasley@hogwarts.co.uk</Email>
      </Author>
    </Authors>
    <name>Book1</name>
  </book>
  <book year="2014" isbn="ISBN83763550019---11">
    <Authors>
      <Author>
        <Name>Fred</Name>
        <Email>fweasley@hogwarts.co.uk</Email>
      </Author>
      <Author>
        <Name>George</Name>
        <Email>gweasley@hogwarts.co.uk</Email>
      </Author>
    </Authors>
    <name>Book2</name>
  </book>
  <book year="2014" isbn="ISBN83763550019---11">
    <Authors>
      <Author>
        <Name>Fred</Name>
        <Email>fweasley@hogwarts.co.uk</Email>
      </Author>
      <Author>
        <Name>George</Name>
        <Email>gweasley@hogwarts.co.uk</Email>
      </Author>
    </Authors>
    <name>Book1</name>
  </book>
  <book year="2014" isbn="ISBN83763550019---11">
    <Authors>
      <Author>
        <Name>Fred</Name>
        <Email>fweasley@hogwarts.co.uk</Email>
      </Author>
      <Author>
        <Name>George</Name>
        <Email>gweasley@hogwarts.co.uk</Email>
      </Author>
    </Authors>
    <name>Book2</name>
  </book>
  <book year="2014" isbn="ISBN83763550019---11">
    <Authors>
      <Author>
        <Name>Fred</Name>
        <Email>fweasley@hogwarts.co.uk</Email>
      </Author>
      <Author>
        <Name>George</Name>
        <Email>gweasley@hogwarts.co.uk</Email>
      </Author>
    </Authors>
    <name>Book1</name>
  </book>
  <book year="2014" isbn="ISBN83763550019---11">
    <Authors>
      <Author>
        <Name>Fred</Name>
        <Email>fweasley@hogwarts.co.uk</Email>
      </Author>
      <Author>
        <Name>George</Name>
        <Email>gweasley@hogwarts.co.uk</Email>
      </Author>
    </Authors>
    <name>Book2</name>
  </book>
  <book year="2014" isbn="ISBN83763550019---11">
    <Authors>
      <Author>
        <Name>Fred</Name>
        <Email>fweasley@hogwarts.co.uk</Email>
      </Author>
      <Author>
        <Name>George</Name>
        <Email>gweasley@hogwarts.co.uk</Email>
      </Author>
    </Authors>
    <name>Book1</name>
  </book>
  <book year="2014" isbn="ISBN83763550019---11">
    <Authors>
      <Author>
        <Name>Fred</Name>
        <Email>fweasley@hogwarts.co.uk</Email>
      </Author>
      <Author>
        <Name>George</Name>
        <Email>gweasley@hogwarts.co.uk</Email>
      </Author>
    </Authors>
    <name>Book2</name>
  </book>
  <book year="2014" isbn="ISBN83763550019---11">
    <Authors>
      <Author>
        <Name>Fred</Name>
        <Email>fweasley@hogwarts.co.uk</Email>
      </Author>
      <Author>
        <Name>George</Name>
        <Email>gweasley@hogwarts.co.uk</Email>
      </Author>
    </Authors>
    <name>Book1</name>
  </book>
  <book year="2014" isbn="ISBN83763550019---11">
    <Authors>
      <Author>
        <Name>Fred</Name>
        <Email>fweasley@hogwarts.co.uk</Email>
      </Author>
      <Author>
        <Name>George</Name>
        <Email>gweasley@hogwarts.co.uk</Email>
      </Author>
    </Authors>
    <name>Book2</name>
  </book>
  <book year="2014" isbn="ISBN83763550019---11">
    <Authors>
      <Author>
        <Name>Fred</Name>
        <Email>fweasley@hogwarts.co.uk</Email>
      </Author>
      <Author>
        <Name>George</Name>
        <Email>gweasley@hogwarts.co.uk</Email>
      </Author>
    </Authors>
    <name>Book1</name>
  </book>
  <book year="2014" isbn="ISBN83763550019---11">
    <Authors>
      <Author>
        <Name>Fred</Name>
        <Email>fweasley@hogwarts.co.uk</Email>
      </Author>
      <Author>
        <Name>George</Name>
        <Email>gweasley@hogwarts.co.uk</Email>
      </Author>
    </Authors>
    <name>Book2</name>
  </book>
  <book year="2014" isbn="ISBN83763550019---11">
    <Authors>
      <Author>
        <Name>Fred</Name>
        <Email>fweasley@hogwarts.co.uk</Email>
      </Author>
      <Author>
        <Name>George</Name>
        <Email>gweasley@hogwarts.co.uk</Email>
      </Author>
    </Authors>
    <name>Book1</name>
  </book>
  <book year="2014" isbn="ISBN83763550019---11">
    <Authors>
      <Author>
        <Name>Fred</Name>
        <Email>fweasley@hogwarts.co.uk</Email>
      </Author>
      <Author>
        <Name>George</Name>
        <Email>gweasley@hogwarts.co.uk</Email>
      </Author>
    </Authors>
    <name>Book2</name>
  </book>
  <book year="2014" isbn="ISBN83763550019---11">
    <Authors>
      <Author>
        <Name>Fred</Name>
        <Email>fweasley@hogwarts.co.uk</Email>
      </Author>
      <Author>
        <Name>George</Name>
        <Email>gweasley@hogwarts.co.uk</Email>
      </Author>
    </Authors>
    <name>Book1</name>
  </book>
  <book year="2014" isbn="ISBN83763550019---11">
    <Authors>
      <Author>
        <Name>Fred</Name>
        <Email>fweasley@hogwarts.co.uk</Email>
      </Author>
      <Author>
        <Name>George</Name>
        <Email>gweasley@hogwarts.co.uk</Email>
      </Author>
    </Authors>
    <name>Book2</name>
  </book>
  <book year="2014" isbn="ISBN83763550019---11">
    <Authors>
      <Author>
        <Name>Fred</Name>
        <Email>fweasley@hogwarts.co.uk</Email>
      </Author>
      <Author>
        <Name>George</Name>
        <Email>gweasley@hogwarts.co.uk</Email>
      </Author>
    </Authors>
    <name>Book1</name>
  </book>
  <book year="2014" isbn="ISBN83763550019---11">
    <Authors>
      <Author>
        <Name>Fred</Name>
        <Email>fweasley@hogwarts.co.uk</Email>
      </Author>
      <Author>
        <Name>George</Name>
        <Email>gweasley@hogwarts.co.uk</Email>
      </Author>
    </Authors>
    <name>Book2</name>
  </book>
  <book year="2014" isbn="ISBN83763550019---11">
    <Authors>
      <Author>
        <Name>Fred</Name>
        <Email>fweasley@hogwarts.co.uk</Email>
      </Author>
      <Author>
        <Name>George</Name>
        <Email>gweasley@hogwarts.co.uk</Email>
      </Author>
    </Authors>
    <name>Book1</name>
  </book>
  <book year="2014" isbn="ISBN83763550019---11">
    <Authors>
      <Author>
        <Name>Fred</Name>
        <Email>fweasley@hogwarts.co.uk</Email>
      </Author>
      <Author>
        <Name>George</Name>
        <Email>gweasley@hogwarts.co.uk</Email>
      </Author>
    </Authors>
    <name>Book2</name>
  </book>
  <book year="2014" isbn="ISBN83763550019---11">
    <Authors>
      <Author>
        <Name>Fred</Name>
        <Email>fweasley@hogwarts.co.uk</Email>
      </Author>
      <Author>
        <Name>George</Name>
        <Email>gweasley@hogwarts.co.uk</Email>
      </Author>
    </Authors>
    <name>Book1</name>
  </book>
  <book year="2014" isbn="ISBN83763550019---11">
    <Authors>
      <Author>
        <Name>Fred</Name>
        <Email>fweasley@hogwarts.co.uk</Email>
      </Author>
      <Author>
        <Name>George</Name>
        <Email>gweasley@hogwarts.co.uk</Email>
      </Author>
    </Authors>
    <name>Book2</name>
  </book>
  <book year="2014" isbn="ISBN83763550019---11">
    <Authors>
      <Author>
        <Name>Fred</Name>
        <Email>fweasley@hogwarts.co.uk</Email>
      </Author>
      <Author>
        <Name>George</Name>
        <Email>gweasley@hogwarts.co.uk</Email>
      </Author>
    </Authors>
    <name>Book1</name>
  </book>
  <book year="2014" isbn="ISBN83763550019---11">
    <Authors>
      <Author>
        <Name>Fred</Name>
        <Email>fweasley@hogwarts.co.uk</Email>
      </Author>
      <Author>
        <Name>George</Name>
        <Email>gweasley@hogwarts.co.uk</Email>
      </Author>
    </Authors>
    <name>Book2</name>
  </book>
  <book year="2014" isbn="ISBN83763550019---11">
    <Authors>
      <Author>
        <Name>Fred</Name>
        <Email>fweasley@hogwarts.co.uk</Email>
      </Author>
      <Author>
        <Name>George</Name>
        <Email>gweasley@hogwarts.co.uk</Email>
      </Author>
    </Authors>
    <name>Book1</name>
  </book>
  <book year="2014" isbn="ISBN83763550019---11">
    <Authors>
      <Author>
        <Name>Fred</Name>
        <Email>fweasley@hogwarts.co.uk</Email>
      </Author>
      <Author>
        <Name>George</Name>
        <Email>gweasley@hogwarts.co.uk</Email>
      </Author>
    </Authors>
    <name>Book2</name>
  </book>
  <book year="2014" isbn="ISBN83763550019---11">
    <Authors>
      <Author>
        <Name>Fred</Name>
        <Email>fweasley@hogwarts.co.uk</Email>
      </Author>
      <Author>
        <Name>George</Name>
        <Email>gweasley@hogwarts.co.uk</Email>
      </Author>
    </Authors>
    <name>Book1</name>
  </book>
  <book year="2014" isbn="ISBN83763550019---11">
    <Authors>
      <Author>
        <Name>Fred</Name>
        <Email>fweasley@hogwarts.co.uk</Email>
      </Author>
      <Author>
        <Name>George</Name>
        <Email>gweasley@hogwarts.co.uk</Email>
      </Author>
    </Authors>
    <name>Book2</name>
  </book>
  <book year="2014" isbn="ISBN83763550019---11">
    <Authors>
      <Author>
        <Name>Fred</Name>
        <Email>fweasley@hogwarts.co.uk</Email>
      </Author>
      <Author>
        <Name>George</Name>
        <Email>gweasley@hogwarts.co.uk</Email>
      </Author>
    </Authors>
    <name>Book1</name>
  </book>
  <book year="2014" isbn="ISBN83763550019---11">
    <Authors>
      <Author>
        <Name>Fred</Name>
        <Email>fweasley@hogwarts.co.uk</Email>
      </Author>
      <Author>
        <Name>George</Name>
        <Email>gweasley@hogwarts.co.uk</Email>
      </Author>
    </Authors>
    <name>Book2</name>
  </book>
  <book year="2014" isbn="ISBN83763550019---11">
    <Authors>
      <Author>
        <Name>Fred</Name>
        <Email>fweasley@hogwarts.co.uk</Email>
      </Author>
      <Author>
        <Name>George</Name>
        <Email>gweasley@hogwarts.co.uk</Email>
      </Author>
    </Authors>
    <name>Book1</name>
  </book>
  <book year="2014" isbn="ISBN83763550019---11">
    <Authors>
      <Author>
        <Name>Fred</Name>
        <Email>fweasley@hogwarts.co.uk</Email>
      </Author>
      <Author>
        <Name>George</Name>
        <Email>gweasley@hogwarts.co.uk</Email>
      </Author>
    </Authors>
    <name>Book2</name>
  </book>
  <book year="2014" isbn="ISBN83763550019---11">
    <Authors>
      <Author>
        <Name>Fred</Name>
        <Email>fweasley@hogwarts.co.uk</Email>
      </Author>
      <Author>
        <Name>George</Name>
        <Email>gweasley@hogwarts.co.uk</Email>
      </Author>
    </Authors>
    <name>Book1</name>
  </book>
  <book year="2014" isbn="ISBN83763550019---11">
    <Authors>
      <Author>
        <Name>Fred</Name>
        <Email>fweasley@hogwarts.co.uk</Email>
      </Author>
      <Author>
        <Name>George</Name>
        <Email>gweasley@hogwarts.co.uk</Email>
      </Author>
    </Authors>
    <name>Book2</name>
  </book>
  <book year="2014" isbn="ISBN83763550019---11">
    <Authors>
      <Author>
        <Name>Fred</Name>
        <Email>fweasley@hogwarts.co.uk</Email>
      </Author>
      <Author>
        <Name>George</Name>
        <Email>gweasley@hogwarts.co.uk</Email>
      </Author>
    </Authors>
    <name>Book1</name>
  </book>
  <book year="2014" isbn="ISBN83763550019---11">
    <Authors>
      <Author>
        <Name>Fred</Name>
        <Email>fweasley@hogwarts.co.uk</Email>
      </Author>
      <Author>
        <Name>George</Name>
        <Email>gweasley@hogwarts.co.uk</Email>
      </Author>
    </Authors>
    <name>Book2</name>
  </book>
  <book year="2014" isbn="ISBN83763550019---11">
    <Authors>
      <Author>
        <Name>Fred</Name>
        <Email>fweasley@hogwarts.co.uk</Email>
      </Author>
      <Author>
        <Name>George</Name>
        <Email>gweasley@hogwarts.co.uk</Email>
      </Author>
    </Authors>
    <name>Book1</name>
  </book>
  <book year="2014" isbn="ISBN83763550019---11">
    <Authors>
      <Author>
        <Name>Fred</Name>
        <Email>fweasley@hogwarts.co.uk</Email>
      </Author>
      <Author>
        <Name>George</Name>
        <Email>gweasley@hogwarts.co.uk</Email>
      </Author>
    </Authors>
    <name>Book2</name>
  </book>
  <book year="2014" isbn="ISBN83763550019---11">
    <Authors>
      <Author>
        <Name>Fred</Name>
        <Email>fweasley@hogwarts.co.uk</Email>
      </Author>
      <Author>
        <Name>George</Name>
        <Email>gweasley@hogwarts.co.uk</Email>
      </Author>
    </Authors>
    <name>Book1</name>
  </book>
  <book year="2014" isbn="ISBN83763550019---11">
    <Authors>
      <Author>
        <Name>Fred</Name>
        <Email>fweasley@hogwarts.co.uk</Email>
      </Author>
      <Author>
        <Name>George</Name>
        <Email>gweasley@hogwarts.co.uk</Email>
      </Author>
    </Authors>
    <name>Book2</name>
  </book>
  <book year="2014" isbn="ISBN83763550019---11">
    <Authors>
      <Author>
        <Name>Fred</Name>
        <Email>fweasley@hogwarts.co.uk</Email>
      </Author>
      <Author>
        <Name>George</Name>
        <Email>gweasley@hogwarts.co.uk</Email>
      </Author>
    </Authors>
    <name>Book1</name>
  </book>
  <book year="2014" isbn="ISBN83763550019---11">
    <Authors>
      <Author>
        <Name>Fred</Name>
        <Email>fweasley@hogwarts.co.uk</Email>
      </Author>
      <Author>
        <Name>George</Name>
        <Email>gweasley@hogwarts.co.uk</Email>
      </Author>
    </Authors>
    <name>Book2</name>
  </book>
  <book year="2014" isbn="ISBN83763550019---11">
    <Authors>
      <Author>
        <Name>Fred</Name>
        <Email>fweasley@hogwarts.co.uk</Email>
      </Author>
      <Author>
        <Name>George</Name>
        <Email>gweasley@hogwarts.co.uk</Email>
      </Author>
    </Authors>
    <name>Book1</name>
  </book>
  <book year="2014" isbn="ISBN83763550019---11">
    <Authors>
      <Author>
        <Name>Fred</Name>
        <Email>fweasley@hogwarts.co.uk</Email>
      </Author>
      <Author>
        <Name>George</Name>
        <Email>gweasley@hogwarts.co.uk</Email>
      </Author>
    </Authors>
    <name>Book2</name>
  </book>
  <book year="2014" isbn="ISBN83763550019---11">
    <Authors>
      <Author>
        <Name>Fred</Name>
        <Email>fweasley@hogwarts.co.uk</Email>
      </Author>
      <Author>
        <Name>George</Name>
        <Email>gweasley@hogwarts.co.uk</Email>
      </Author>
    </Authors>
    <name>Book1</name>
  </book>
  <book year="2014" isbn="ISBN83763550019---11">
    <Authors>
      <Author>
        <Name>Fred</Name>
        <Email>fweasley@hogwarts.co.uk</Email>
      </Author>
      <Author>
        <Name>George</Name>
        <Email>gweasley@hogwarts.co.uk</Email>
      </Author>
    </Authors>
    <name>Book2</name>
  </book>
  <book year="2014" isbn="ISBN83763550019---11">
    <Authors>
      <Author>
        <Name>Fred</Name>
        <Email>fweasley@hogwarts.co.uk</Email>
      </Author>
      <Author>
        <Name>George</Name>
        <Email>gweasley@hogwarts.co.uk</Email>
      </Author>
    </Authors>
    <name>Book1</name>
  </book>
  <book year="2014" isbn="ISBN83763550019---11">
    <Authors>
      <Author>
        <Name>Fred</Name>
        <Email>fweasley@hogwarts.co.uk</Email>
      </Author>
      <Author>
        <Name>George</Name>
        <Email>gweasley@hogwarts.co.uk</Email>
      </Author>
    </Authors>
    <name>Book2</name>
  </book>
  <book year="2014" isbn="ISBN83763550019---11">
    <Authors>
      <Author>
        <Name>Fred</Name>
        <Email>fweasley@hogwarts.co.uk</Email>
      </Author>
      <Author>
        <Name>George</Name>
        <Email>gweasley@hogwarts.co.uk</Email>
      </Author>
    </Authors>
    <name>Book1</name>
  </book>
  <book year="2014" isbn="ISBN83763550019---11">
    <Authors>
      <Author>
        <Name>Fred</Name>
        <Email>fweasley@hogwarts.co.uk</Email>
      </Author>
      <Author>
        <Name>George</Name>
        <Email>gweasley@hogwarts.co.uk</Email>
      </Author>
    </Authors>
    <name>Book2</name>
  </book>
  <book year="2014" isbn="ISBN83763550019---11">
    <Authors>
      <Author>
        <Name>Fred</Name>
        <Email>fweasley@hogwarts.co.uk</Email>
      </Author>
      <Author>
        <Name>George</Name>
        <Email>gweasley@hogwarts.co.uk</Email>
      </Author>
    </Authors>
    <name>Book1</name>
  </book>
  <book year="2014" isbn="ISBN83763550019---11">
    <Authors>
      <Author>
        <Name>Fred</Name>
        <Email>fweasley@hogwarts.co.uk</Email>
      </Author>
      <Author>
        <Name>George</Name>
        <Email>gweasley@hogwarts.co.uk</Email>
      </Author>
    </Authors>
    <name>Book2</name>
  </book>
  <book year="2014" isbn="ISBN83763550019---11">
    <Authors>
      <Author>
        <Name>Fred</Name>
        <Email>fweasley@hogwarts.co.uk</Email>
      </Author>
      <Author>
        <Name>George</Name>
        <Email>gweasley@hogwarts.co.uk</Email>
      </Author>
    </Authors>
    <name>Book1</name>
  </book>
  <book year="2014" isbn="ISBN83763550019---11">
    <Authors>
      <Author>
        <Name>Fred</Name>
        <Email>fweasley@hogwarts.co.uk</Email>
      </Author>
      <Author>
        <Name>George</Name>
        <Email>gweasley@hogwarts.co.uk</Email>
      </Author>
    </Authors>
    <name>Book2</name>
  </book>
  <book year="2014" isbn="ISBN83763550019---11">
    <Authors>
      <Author>
        <Name>Fred</Name>
        <Email>fweasley@hogwarts.co.uk</Email>
      </Author>
      <Author>
        <Name>George</Name>
        <Email>gweasley@hogwarts.co.uk</Email>
      </Author>
    </Authors>
    <name>Book1</name>
  </book>
  <book year="2014" isbn="ISBN83763550019---11">
    <Authors>
      <Author>
        <Name>Fred</Name>
        <Email>fweasley@hogwarts.co.uk</Email>
      </Author>
      <Author>
        <Name>George</Name>
        <Email>gweasley@hogwarts.co.uk</Email>
      </Author>
    </Authors>
    <name>Book2</name>
  </book>
  <book year="2014" isbn="ISBN83763550019---11">
    <Authors>
      <Author>
        <Name>Fred</Name>
        <Email>fweasley@hogwarts.co.uk</Email>
      </Author>
      <Author>
        <Name>George</Name>
        <Email>gweasley@hogwarts.co.uk</Email>
      </Author>
    </Authors>
    <name>Book1</name>
  </book>
  <book year="2014" isbn="ISBN83763550019---11">
    <Authors>
      <Author>
        <Name>Fred</Name>
        <Email>fweasley@hogwarts.co.uk</Email>
      </Author>
      <Author>
        <Name>George</Name>
        <Email>gweasley@hogwarts.co.uk</Email>
      </Author>
    </Authors>
    <name>Book2</name>
  </book>
  <book year="2014" isbn="ISBN83763550019---11">
    <Authors>
      <Author>
        <Name>Fred</Name>
        <Email>fweasley@hogwarts.co.uk</Email>
      </Author>
      <Author>
        <Name>George</Name>
        <Email>gweasley@hogwarts.co.uk</Email>
      </Author>
    </Authors>
    <name>Book1</name>
  </book>
  <book year="2014" isbn="ISBN83763550019---11">
    <Authors>
      <Author>
        <Name>Fred</Name>
        <Email>fweasley@hogwarts.co.uk</Email>
      </Author>
      <Author>
        <Name>George</Name>
        <Email>gweasley@hogwarts.co.uk</Email>
      </Author>
    </Authors>
    <name>Book2</name>
  </book>
  <book year="2014" isbn="ISBN83763550019---11">
    <Authors>
      <Author>
        <Name>Fred</Name>
        <Email>fweasley@hogwarts.co.uk</Email>
      </Author>
      <Author>
        <Name>George</Name>
        <Email>gweasley@hogwarts.co.uk</Email>
      </Author>
    </Authors>
    <name>Book1</name>
  </book>
  <book year="2014" isbn="ISBN83763550019---11">
    <Authors>
      <Author>
        <Name>Fred</Name>
        <Email>fweasley@hogwarts.co.uk</Email>
      </Author>
      <Author>
        <Name>George</Name>
        <Email>gweasley@hogwarts.co.uk</Email>
      </Author>
    </Authors>
    <name>Book2</name>
  </book>
  <book year="2014" isbn="ISBN83763550019---11">
    <Authors>
      <Author>
        <Name>Fred</Name>
        <Email>fweasley@hogwarts.co.uk</Email>
      </Author>
      <Author>
        <Name>George</Name>
        <Email>gweasley@hogwarts.co.uk</Email>
      </Author>
    </Authors>
    <name>Book1</name>
  </book>
  <book year="2014" isbn="ISBN83763550019---11">
    <Authors>
      <Author>
        <Name>Fred</Name>
        <Email>fweasley@hogwarts.co.uk</Email>
      </Author>
      <Author>
        <Name>George</Name>
        <Email>gweasley@hogwarts.co.uk</Email>
      </Author>
    </Authors>
    <name>Book2</name>
  </book>
  <book year="2014" isbn="ISBN83763550019---11">
    <Authors>
      <Author>
        <Name>Fred</Name>
        <Email>fweasley@hogwarts.co.uk</Email>
      </Author>
      <Author>
        <Name>George</Name>
        <Email>gweasley@hogwarts.co.uk</Email>
      </Author>
    </Authors>
    <name>Book1</name>
  </book>
  <book year="2014" isbn="ISBN83763550019---11">
    <Authors>
      <Author>
        <Name>Fred</Name>
        <Email>fweasley@hogwarts.co.uk</Email>
      </Author>
      <Author>
        <Name>George</Name>
        <Email>gweasley@hogwarts.co.uk</Email>
      </Author>
    </Authors>
    <name>Book2</name>
  </book>
  <book year="2014" isbn="ISBN83763550019---11">
    <Authors>
      <Author>
        <Name>Fred</Name>
        <Email>fweasley@hogwarts.co.uk</Email>
      </Author>
      <Author>
        <Name>George</Name>
        <Email>gweasley@hogwarts.co.uk</Email>
      </Author>
    </Authors>
    <name>Book1</name>
  </book>
  <book year="2014" isbn="ISBN83763550019---11">
    <Authors>
      <Author>
        <Name>Fred</Name>
        <Email>fweasley@hogwarts.co.uk</Email>
      </Author>
      <Author>
        <Name>George</Name>
        <Email>gweasley@hogwarts.co.uk</Email>
      </Author>
    </Authors>
    <name>Book2</name>
  </book>
  <book year="2014" isbn="ISBN83763550019---11">
    <Authors>
      <Author>
        <Name>Fred</Name>
        <Email>fweasley@hogwarts.co.uk</Email>
      </Author>
      <Author>
        <Name>George</Name>
        <Email>gweasley@hogwarts.co.uk</Email>
      </Author>
    </Authors>
    <name>Book1</name>
  </book>
  <book year="2014" isbn="ISBN83763550019---11">
    <Authors>
      <Author>
        <Name>Fred</Name>
        <Email>fweasley@hogwarts.co.uk</Email>
      </Author>
      <Author>
        <Name>George</Name>
        <Email>gweasley@hogwarts.co.uk</Email>
      </Author>
    </Authors>
    <name>Book2</name>
  </book>
  <book year="2014" isbn="ISBN83763550019---11">
    <Authors>
      <Author>
        <Name>Fred</Name>
        <Email>fweasley@hogwarts.co.uk</Email>
      </Author>
      <Author>
        <Name>George</Name>
        <Email>gweasley@hogwarts.co.uk</Email>
      </Author>
    </Authors>
    <name>Book1</name>
  </book>
  <book year="2014" isbn="ISBN83763550019---11">
    <Authors>
      <Author>
        <Name>Fred</Name>
        <Email>fweasley@hogwarts.co.uk</Email>
      </Author>
      <Author>
        <Name>George</Name>
        <Email>gweasley@hogwarts.co.uk</Email>
      </Author>
    </Authors>
    <name>Book2</name>
  </book>
  <book year="2014" isbn="ISBN83763550019---11">
    <Authors>
      <Author>
        <Name>Fred</Name>
        <Email>fweasley@hogwarts.co.uk</Email>
      </Author>
      <Author>
        <Name>George</Name>
        <Email>gweasley@hogwarts.co.uk</Email>
      </Author>
    </Authors>
    <name>Book1</name>
  </book>
  <book year="2014" isbn="ISBN83763550019---11">
    <Authors>
      <Author>
        <Name>Fred</Name>
        <Email>fweasley@hogwarts.co.uk</Email>
      </Author>
      <Author>
        <Name>George</Name>
        <Email>gweasley@hogwarts.co.uk</Email>
      </Author>
    </Authors>
    <name>Book2</name>
  </book>
  <book year="2014" isbn="ISBN83763550019---11">
    <Authors>
      <Author>
        <Name>Fred</Name>
        <Email>fweasley@hogwarts.co.uk</Email>
      </Author>
      <Author>
        <Name>George</Name>
        <Email>gweasley@hogwarts.co.uk</Email>
      </Author>
    </Authors>
    <name>Book1</name>
  </book>
  <book year="2014" isbn="ISBN83763550019---11">
    <Authors>
      <Author>
        <Name>Fred</Name>
        <Email>fweasley@hogwarts.co.uk</Email>
      </Author>
      <Author>
        <Name>George</Name>
        <Email>gweasley@hogwarts.co.uk</Email>
      </Author>
    </Authors>
    <name>Book2</name>
  </book>
  <book year="2014" isbn="ISBN83763550019---11">
    <Authors>
      <Author>
        <Name>Fred</Name>
        <Email>fweasley@hogwarts.co.uk</Email>
      </Author>
      <Author>
        <Name>George</Name>
        <Email>gweasley@hogwarts.co.uk</Email>
      </Author>
    </Authors>
    <name>Book1</name>
  </book>
  <book year="2014" isbn="ISBN83763550019---11">
    <Authors>
      <Author>
        <Name>Fred</Name>
        <Email>fweasley@hogwarts.co.uk</Email>
      </Author>
      <Author>
        <Name>George</Name>
        <Email>gweasley@hogwarts.co.uk</Email>
      </Author>
    </Authors>
    <name>Book2</name>
  </book>
  <book year="2014" isbn="ISBN83763550019---11">
    <Authors>
      <Author>
        <Name>Fred</Name>
        <Email>fweasley@hogwarts.co.uk</Email>
      </Author>
      <Author>
        <Name>George</Name>
        <Email>gweasley@hogwarts.co.uk</Email>
      </Author>
    </Authors>
    <name>Book1</name>
  </book>
  <book year="2014" isbn="ISBN83763550019---11">
    <Authors>
      <Author>
        <Name>Fred</Name>
        <Email>fweasley@hogwarts.co.uk</Email>
      </Author>
      <Author>
        <Name>George</Name>
        <Email>gweasley@hogwarts.co.uk</Email>
      </Author>
    </Authors>
    <name>Book2</name>
  </book>
  <book year="2014" isbn="ISBN83763550019---11">
    <Authors>
      <Author>
        <Name>Fred</Name>
        <Email>fweasley@hogwarts.co.uk</Email>
      </Author>
      <Author>
        <Name>George</Name>
        <Email>gweasley@hogwarts.co.uk</Email>
      </Author>
    </Authors>
    <name>Book1</name>
  </book>
  <book year="2014" isbn="ISBN83763550019---11">
    <Authors>
      <Author>
        <Name>Fred</Name>
        <Email>fweasley@hogwarts.co.uk</Email>
      </Author>
      <Author>
        <Name>George</Name>
        <Email>gweasley@hogwarts.co.uk</Email>
      </Author>
    </Authors>
    <name>Book2</name>
  </book>
  <book year="2014" isbn="ISBN83763550019---11">
    <Authors>
      <Author>
        <Name>Fred</Name>
        <Email>fweasley@hogwarts.co.uk</Email>
      </Author>
      <Author>
        <Name>George</Name>
        <Email>gweasley@hogwarts.co.uk</Email>
      </Author>
    </Authors>
    <name>Book1</name>
  </book>
  <book year="2014" isbn="ISBN83763550019---11">
    <Authors>
      <Author>
        <Name>Fred</Name>
        <Email>fweasley@hogwarts.co.uk</Email>
      </Author>
      <Author>
        <Name>George</Name>
        <Email>gweasley@hogwarts.co.uk</Email>
      </Author>
    </Authors>
    <name>Book2</name>
  </book>
  <book year="2014" isbn="ISBN83763550019---11">
    <Authors>
      <Author>
        <Name>Fred</Name>
        <Email>fweasley@hogwarts.co.uk</Email>
      </Author>
      <Author>
        <Name>George</Name>
        <Email>gweasley@hogwarts.co.uk</Email>
      </Author>
    </Authors>
    <name>Book1</name>
  </book>
  <book year="2014" isbn="ISBN83763550019---11">
    <Authors>
      <Author>
        <Name>Fred</Name>
        <Email>fweasley@hogwarts.co.uk</Email>
      </Author>
      <Author>
        <Name>George</Name>
        <Email>gweasley@hogwarts.co.uk</Email>
      </Author>
    </Authors>
    <name>Book2</name>
  </book>
  <book year="2014" isbn="ISBN83763550019---11">
    <Authors>
      <Author>
        <Name>Fred</Name>
        <Email>fweasley@hogwarts.co.uk</Email>
      </Author>
      <Author>
        <Name>George</Name>
        <Email>gweasley@hogwarts.co.uk</Email>
      </Author>
    </Authors>
    <name>Book1</name>
  </book>
  <book year="2014" isbn="ISBN83763550019---11">
    <Authors>
      <Author>
        <Name>Fred</Name>
        <Email>fweasley@hogwarts.co.uk</Email>
      </Author>
      <Author>
        <Name>George</Name>
        <Email>gweasley@hogwarts.co.uk</Email>
      </Author>
    </Authors>
    <name>Book2</name>
  </book>
  <book year="2014" isbn="ISBN83763550019---11">
    <Authors>
      <Author>
        <Name>Fred</Name>
        <Email>fweasley@hogwarts.co.uk</Email>
      </Author>
      <Author>
        <Name>George</Name>
        <Email>gweasley@hogwarts.co.uk</Email>
      </Author>
    </Authors>
    <name>Book1</name>
  </book>
  <book year="2014" isbn="ISBN83763550019---11">
    <Authors>
      <Author>
        <Name>Fred</Name>
        <Email>fweasley@hogwarts.co.uk</Email>
      </Author>
      <Author>
        <Name>George</Name>
        <Email>gweasley@hogwarts.co.uk</Email>
      </Author>
    </Authors>
    <name>Book2</name>
  </book>
  <book year="2014" isbn="ISBN83763550019---11">
    <Authors>
      <Author>
        <Name>Fred</Name>
        <Email>fweasley@hogwarts.co.uk</Email>
      </Author>
      <Author>
        <Name>George</Name>
        <Email>gweasley@hogwarts.co.uk</Email>
      </Author>
    </Authors>
    <name>Book1</name>
  </book>
  <book year="2014" isbn="ISBN83763550019---11">
    <Authors>
      <Author>
        <Name>Fred</Name>
        <Email>fweasley@hogwarts.co.uk</Email>
      </Author>
      <Author>
        <Name>George</Name>
        <Email>gweasley@hogwarts.co.uk</Email>
      </Author>
    </Authors>
    <name>Book2</name>
  </book>
  <book year="2014" isbn="ISBN83763550019---11">
    <Authors>
      <Author>
        <Name>Fred</Name>
        <Email>fweasley@hogwarts.co.uk</Email>
      </Author>
      <Author>
        <Name>George</Name>
        <Email>gweasley@hogwarts.co.uk</Email>
      </Author>
    </Authors>
    <name>Book1</name>
  </book>
  <book year="2014" isbn="ISBN83763550019---11">
    <Authors>
      <Author>
        <Name>Fred</Name>
        <Email>fweasley@hogwarts.co.uk</Email>
      </Author>
      <Author>
        <Name>George</Name>
        <Email>gweasley@hogwarts.co.uk</Email>
      </Author>
    </Authors>
    <name>Book2</name>
  </book>
  <book year="2014" isbn="ISBN83763550019---11">
    <Authors>
      <Author>
        <Name>Fred</Name>
        <Email>fweasley@hogwarts.co.uk</Email>
      </Author>
      <Author>
        <Name>George</Name>
        <Email>gweasley@hogwarts.co.uk</Email>
      </Author>
    </Authors>
    <name>Book1</name>
  </book>
  <book year="2014" isbn="ISBN83763550019---11">
    <Authors>
      <Author>
        <Name>Fred</Name>
        <Email>fweasley@hogwarts.co.uk</Email>
      </Author>
      <Author>
        <Name>George</Name>
        <Email>gweasley@hogwarts.co.uk</Email>
      </Author>
    </Authors>
    <name>Book2</name>
  </book>
  <book year="2014" isbn="ISBN83763550019---11">
    <Authors>
      <Author>
        <Name>Fred</Name>
        <Email>fweasley@hogwarts.co.uk</Email>
      </Author>
      <Author>
        <Name>George</Name>
        <Email>gweasley@hogwarts.co.uk</Email>
      </Author>
    </Authors>
    <name>Book1</name>
  </book>
  <book year="2014" isbn="ISBN83763550019---11">
    <Authors>
      <Author>
        <Name>Fred</Name>
        <Email>fweasley@hogwarts.co.uk</Email>
      </Author>
      <Author>
        <Name>George</Name>
        <Email>gweasley@hogwarts.co.uk</Email>
      </Author>
    </Authors>
    <name>Book2</name>
  </book>
  <book year="2014" isbn="ISBN83763550019---11">
    <Authors>
      <Author>
        <Name>Fred</Name>
        <Email>fweasley@hogwarts.co.uk</Email>
      </Author>
      <Author>
        <Name>George</Name>
        <Email>gweasley@hogwarts.co.uk</Email>
      </Author>
    </Authors>
    <name>Book1</name>
  </book>
  <book year="2014" isbn="ISBN83763550019---11">
    <Authors>
      <Author>
        <Name>Fred</Name>
        <Email>fweasley@hogwarts.co.uk</Email>
      </Author>
      <Author>
        <Name>George</Name>
        <Email>gweasley@hogwarts.co.uk</Email>
      </Author>
    </Authors>
    <name>Book2</name>
  </book>
  <book year="2014" isbn="ISBN83763550019---11">
    <Authors>
      <Author>
        <Name>Fred</Name>
        <Email>fweasley@hogwarts.co.uk</Email>
      </Author>
      <Author>
        <Name>George</Name>
        <Email>gweasley@hogwarts.co.uk</Email>
      </Author>
    </Authors>
    <name>Book1</name>
  </book>
  <book year="2014" isbn="ISBN83763550019---11">
    <Authors>
      <Author>
        <Name>Fred</Name>
        <Email>fweasley@hogwarts.co.uk</Email>
      </Author>
      <Author>
        <Name>George</Name>
        <Email>gweasley@hogwarts.co.uk</Email>
      </Author>
    </Authors>
    <name>Book2</name>
  </book>
  <book year="2014" isbn="ISBN83763550019---11">
    <Authors>
      <Author>
        <Name>Fred</Name>
        <Email>fweasley@hogwarts.co.uk</Email>
      </Author>
      <Author>
        <Name>George</Name>
        <Email>gweasley@hogwarts.co.uk</Email>
      </Author>
    </Authors>
    <name>Book1</name>
  </book>
  <book year="2014" isbn="ISBN83763550019---11">
    <Authors>
      <Author>
        <Name>Fred</Name>
        <Email>fweasley@hogwarts.co.uk</Email>
      </Author>
      <Author>
        <Name>George</Name>
        <Email>gweasley@hogwarts.co.uk</Email>
      </Author>
    </Authors>
    <name>Book2</name>
  </book>
  <book year="2014" isbn="ISBN83763550019---11">
    <Authors>
      <Author>
        <Name>Fred</Name>
        <Email>fweasley@hogwarts.co.uk</Email>
      </Author>
      <Author>
        <Name>George</Name>
        <Email>gweasley@hogwarts.co.uk</Email>
      </Author>
    </Authors>
    <name>Book1</name>
  </book>
  <book year="2014" isbn="ISBN83763550019---11">
    <Authors>
      <Author>
        <Name>Fred</Name>
        <Email>fweasley@hogwarts.co.uk</Email>
      </Author>
      <Author>
        <Name>George</Name>
        <Email>gweasley@hogwarts.co.uk</Email>
      </Author>
    </Authors>
    <name>Book2</name>
  </book>
  <book year="2014" isbn="ISBN83763550019---11">
    <Authors>
      <Author>
        <Name>Fred</Name>
        <Email>fweasley@hogwarts.co.uk</Email>
      </Author>
      <Author>
        <Name>George</Name>
        <Email>gweasley@hogwarts.co.uk</Email>
      </Author>
    </Authors>
    <name>Book1</name>
  </book>
  <book year="2014" isbn="ISBN83763550019---11">
    <Authors>
      <Author>
        <Name>Fred</Name>
        <Email>fweasley@hogwarts.co.uk</Email>
      </Author>
      <Author>
        <Name>George</Name>
        <Email>gweasley@hogwarts.co.uk</Email>
      </Author>
    </Authors>
    <name>Book2</name>
  </book>
  <book year="2014" isbn="ISBN83763550019---11">
    <Authors>
      <Author>
        <Name>Fred</Name>
        <Email>fweasley@hogwarts.co.uk</Email>
      </Author>
      <Author>
        <Name>George</Name>
        <Email>gweasley@hogwarts.co.uk</Email>
      </Author>
    </Authors>
    <name>Book1</name>
  </book>
  <book year="2014" isbn="ISBN83763550019---11">
    <Authors>
      <Author>
        <Name>Fred</Name>
        <Email>fweasley@hogwarts.co.uk</Email>
      </Author>
      <Author>
        <Name>George</Name>
        <Email>gweasley@hogwarts.co.uk</Email>
      </Author>
    </Authors>
    <name>Book2</name>
  </book>
  <book year="2014" isbn="ISBN83763550019---11">
    <Authors>
      <Author>
        <Name>Fred</Name>
        <Email>fweasley@hogwarts.co.uk</Email>
      </Author>
      <Author>
        <Name>George</Name>
        <Email>gweasley@hogwarts.co.uk</Email>
      </Author>
    </Authors>
    <name>Book1</name>
  </book>
  <book year="2014" isbn="ISBN83763550019---11">
    <Authors>
      <Author>
        <Name>Fred</Name>
        <Email>fweasley@hogwarts.co.uk</Email>
      </Author>
      <Author>
        <Name>George</Name>
        <Email>gweasley@hogwarts.co.uk</Email>
      </Author>
    </Authors>
    <name>Book2</name>
  </book>
  <book year="2014" isbn="ISBN83763550019---11">
    <Authors>
      <Author>
        <Name>Fred</Name>
        <Email>fweasley@hogwarts.co.uk</Email>
      </Author>
      <Author>
        <Name>George</Name>
        <Email>gweasley@hogwarts.co.uk</Email>
      </Author>
    </Authors>
    <name>Book1</name>
  </book>
  <book year="2014" isbn="ISBN83763550019---11">
    <Authors>
      <Author>
        <Name>Fred</Name>
        <Email>fweasley@hogwarts.co.uk</Email>
      </Author>
      <Author>
        <Name>George</Name>
        <Email>gweasley@hogwarts.co.uk</Email>
      </Author>
    </Authors>
    <name>Book2</name>
  </book>
  <book year="2014" isbn="ISBN83763550019---11">
    <Authors>
      <Author>
        <Name>Fred</Name>
        <Email>fweasley@hogwarts.co.uk</Email>
      </Author>
      <Author>
        <Name>George</Name>
        <Email>gweasley@hogwarts.co.uk</Email>
      </Author>
    </Authors>
    <name>Book1</name>
  </book>
  <book year="2014" isbn="ISBN83763550019---11">
    <Authors>
      <Author>
        <Name>Fred</Name>
        <Email>fweasley@hogwarts.co.uk</Email>
      </Author>
      <Author>
        <Name>George</Name>
        <Email>gweasley@hogwarts.co.uk</Email>
      </Author>
    </Authors>
    <name>Book2</name>
  </book>
  <book year="2014" isbn="ISBN83763550019---11">
    <Authors>
      <Author>
        <Name>Fred</Name>
        <Email>fweasley@hogwarts.co.uk</Email>
      </Author>
      <Author>
        <Name>George</Name>
        <Email>gweasley@hogwarts.co.uk</Email>
      </Author>
    </Authors>
    <name>Book1</name>
  </book>
  <book year="2014" isbn="ISBN83763550019---11">
    <Authors>
      <Author>
        <Name>Fred</Name>
        <Email>fweasley@hogwarts.co.uk</Email>
      </Author>
      <Author>
        <Name>George</Name>
        <Email>gweasley@hogwarts.co.uk</Email>
      </Author>
    </Authors>
    <name>Book2</name>
  </book>
  <book year="2014" isbn="ISBN83763550019---11">
    <Authors>
      <Author>
        <Name>Fred</Name>
        <Email>fweasley@hogwarts.co.uk</Email>
      </Author>
      <Author>
        <Name>George</Name>
        <Email>gweasley@hogwarts.co.uk</Email>
      </Author>
    </Authors>
    <name>Book1</name>
  </book>
  <book year="2014" isbn="ISBN83763550019---11">
    <Authors>
      <Author>
        <Name>Fred</Name>
        <Email>fweasley@hogwarts.co.uk</Email>
      </Author>
      <Author>
        <Name>George</Name>
        <Email>gweasley@hogwarts.co.uk</Email>
      </Author>
    </Authors>
    <name>Book2</name>
  </book>
  <book year="2014" isbn="ISBN83763550019---11">
    <Authors>
      <Author>
        <Name>Fred</Name>
        <Email>fweasley@hogwarts.co.uk</Email>
      </Author>
      <Author>
        <Name>George</Name>
        <Email>gweasley@hogwarts.co.uk</Email>
      </Author>
    </Authors>
    <name>Book1</name>
  </book>
  <book year="2014" isbn="ISBN83763550019---11">
    <Authors>
      <Author>
        <Name>Fred</Name>
        <Email>fweasley@hogwarts.co.uk</Email>
      </Author>
      <Author>
        <Name>George</Name>
        <Email>gweasley@hogwarts.co.uk</Email>
      </Author>
    </Authors>
    <name>Book2</name>
  </book>
  <book year="2014" isbn="ISBN83763550019---11">
    <Authors>
      <Author>
        <Name>Fred</Name>
        <Email>fweasley@hogwarts.co.uk</Email>
      </Author>
      <Author>
        <Name>George</Name>
        <Email>gweasley@hogwarts.co.uk</Email>
      </Author>
    </Authors>
    <name>Book1</name>
  </book>
  <book year="2014" isbn="ISBN83763550019---11">
    <Authors>
      <Author>
        <Name>Fred</Name>
        <Email>fweasley@hogwarts.co.uk</Email>
      </Author>
      <Author>
        <Name>George</Name>
        <Email>gweasley@hogwarts.co.uk</Email>
      </Author>
    </Authors>
    <name>Book2</name>
  </book>
  <book year="2014" isbn="ISBN83763550019---11">
    <Authors>
      <Author>
        <Name>Fred</Name>
        <Email>fweasley@hogwarts.co.uk</Email>
      </Author>
      <Author>
        <Name>George</Name>
        <Email>gweasley@hogwarts.co.uk</Email>
      </Author>
    </Authors>
    <name>Book1</name>
  </book>
  <book year="2014" isbn="ISBN83763550019---11">
    <Authors>
      <Author>
        <Name>Fred</Name>
        <Email>fweasley@hogwarts.co.uk</Email>
      </Author>
      <Author>
        <Name>George</Name>
        <Email>gweasley@hogwarts.co.uk</Email>
      </Author>
    </Authors>
    <name>Book2</name>
  </book>
  <book year="2014" isbn="ISBN83763550019---11">
    <Authors>
      <Author>
        <Name>Fred</Name>
        <Email>fweasley@hogwarts.co.uk</Email>
      </Author>
      <Author>
        <Name>George</Name>
        <Email>gweasley@hogwarts.co.uk</Email>
      </Author>
    </Authors>
    <name>Book1</name>
  </book>
  <book year="2014" isbn="ISBN83763550019---11">
    <Authors>
      <Author>
        <Name>Fred</Name>
        <Email>fweasley@hogwarts.co.uk</Email>
      </Author>
      <Author>
        <Name>George</Name>
        <Email>gweasley@hogwarts.co.uk</Email>
      </Author>
    </Authors>
    <name>Book2</name>
  </book>
  <book year="2014" isbn="ISBN83763550019---11">
    <Authors>
      <Author>
        <Name>Fred</Name>
        <Email>fweasley@hogwarts.co.uk</Email>
      </Author>
      <Author>
        <Name>George</Name>
        <Email>gweasley@hogwarts.co.uk</Email>
      </Author>
    </Authors>
    <name>Book1</name>
  </book>
  <book year="2014" isbn="ISBN83763550019---11">
    <Authors>
      <Author>
        <Name>Fred</Name>
        <Email>fweasley@hogwarts.co.uk</Email>
      </Author>
      <Author>
        <Name>George</Name>
        <Email>gweasley@hogwarts.co.uk</Email>
      </Author>
    </Authors>
    <name>Book2</name>
  </book>
  <book year="2014" isbn="ISBN83763550019---11">
    <Authors>
      <Author>
        <Name>Fred</Name>
        <Email>fweasley@hogwarts.co.uk</Email>
      </Author>
      <Author>
        <Name>George</Name>
        <Email>gweasley@hogwarts.co.uk</Email>
      </Author>
    </Authors>
    <name>Book1</name>
  </book>
  <book year="2014" isbn="ISBN83763550019---11">
    <Authors>
      <Author>
        <Name>Fred</Name>
        <Email>fweasley@hogwarts.co.uk</Email>
      </Author>
      <Author>
        <Name>George</Name>
        <Email>gweasley@hogwarts.co.uk</Email>
      </Author>
    </Authors>
    <name>Book2</name>
  </book>
  <book year="2014" isbn="ISBN83763550019---11">
    <Authors>
      <Author>
        <Name>Fred</Name>
        <Email>fweasley@hogwarts.co.uk</Email>
      </Author>
      <Author>
        <Name>George</Name>
        <Email>gweasley@hogwarts.co.uk</Email>
      </Author>
    </Authors>
    <name>Book1</name>
  </book>
  <book year="2014" isbn="ISBN83763550019---11">
    <Authors>
      <Author>
        <Name>Fred</Name>
        <Email>fweasley@hogwarts.co.uk</Email>
      </Author>
      <Author>
        <Name>George</Name>
        <Email>gweasley@hogwarts.co.uk</Email>
      </Author>
    </Authors>
    <name>Book2</name>
  </book>
  <book year="2014" isbn="ISBN83763550019---11">
    <Authors>
      <Author>
        <Name>Fred</Name>
        <Email>fweasley@hogwarts.co.uk</Email>
      </Author>
      <Author>
        <Name>George</Name>
        <Email>gweasley@hogwarts.co.uk</Email>
      </Author>
    </Authors>
    <name>Book1</name>
  </book>
  <book year="2014" isbn="ISBN83763550019---11">
    <Authors>
      <Author>
        <Name>Fred</Name>
        <Email>fweasley@hogwarts.co.uk</Email>
      </Author>
      <Author>
        <Name>George</Name>
        <Email>gweasley@hogwarts.co.uk</Email>
      </Author>
    </Authors>
    <name>Book2</name>
  </book>
  <book year="2014" isbn="ISBN83763550019---11">
    <Authors>
      <Author>
        <Name>Fred</Name>
        <Email>fweasley@hogwarts.co.uk</Email>
      </Author>
      <Author>
        <Name>George</Name>
        <Email>gweasley@hogwarts.co.uk</Email>
      </Author>
    </Authors>
    <name>Book1</name>
  </book>
  <book year="2014" isbn="ISBN83763550019---11">
    <Authors>
      <Author>
        <Name>Fred</Name>
        <Email>fweasley@hogwarts.co.uk</Email>
      </Author>
      <Author>
        <Name>George</Name>
        <Email>gweasley@hogwarts.co.uk</Email>
      </Author>
    </Authors>
    <name>Book2</name>
  </book>
  <book year="2014" isbn="ISBN83763550019---11">
    <Authors>
      <Author>
        <Name>Fred</Name>
        <Email>fweasley@hogwarts.co.uk</Email>
      </Author>
      <Author>
        <Name>George</Name>
        <Email>gweasley@hogwarts.co.uk</Email>
      </Author>
    </Authors>
    <name>Book1</name>
  </book>
  <book year="2014" isbn="ISBN83763550019---11">
    <Authors>
      <Author>
        <Name>Fred</Name>
        <Email>fweasley@hogwarts.co.uk</Email>
      </Author>
      <Author>
        <Name>George</Name>
        <Email>gweasley@hogwarts.co.uk</Email>
      </Author>
    </Authors>
    <name>Book2</name>
  </book>
  <book year="2014" isbn="ISBN83763550019---11">
    <Authors>
      <Author>
        <Name>Fred</Name>
        <Email>fweasley@hogwarts.co.uk</Email>
      </Author>
      <Author>
        <Name>George</Name>
        <Email>gweasley@hogwarts.co.uk</Email>
      </Author>
    </Authors>
    <name>Book1</name>
  </book>
  <book year="2014" isbn="ISBN83763550019---11">
    <Authors>
      <Author>
        <Name>Fred</Name>
        <Email>fweasley@hogwarts.co.uk</Email>
      </Author>
      <Author>
        <Name>George</Name>
        <Email>gweasley@hogwarts.co.uk</Email>
      </Author>
    </Authors>
    <name>Book2</name>
  </book>
  <book year="2014" isbn="ISBN83763550019---11">
    <Authors>
      <Author>
        <Name>Fred</Name>
        <Email>fweasley@hogwarts.co.uk</Email>
      </Author>
      <Author>
        <Name>George</Name>
        <Email>gweasley@hogwarts.co.uk</Email>
      </Author>
    </Authors>
    <name>Book1</name>
  </book>
  <book year="2014" isbn="ISBN83763550019---11">
    <Authors>
      <Author>
        <Name>Fred</Name>
        <Email>fweasley@hogwarts.co.uk</Email>
      </Author>
      <Author>
        <Name>George</Name>
        <Email>gweasley@hogwarts.co.uk</Email>
      </Author>
    </Authors>
    <name>Book2</name>
  </book>
  <book year="2014" isbn="ISBN83763550019---11">
    <Authors>
      <Author>
        <Name>Fred</Name>
        <Email>fweasley@hogwarts.co.uk</Email>
      </Author>
      <Author>
        <Name>George</Name>
        <Email>gweasley@hogwarts.co.uk</Email>
      </Author>
    </Authors>
    <name>Book1</name>
  </book>
  <book year="2014" isbn="ISBN83763550019---11">
    <Authors>
      <Author>
        <Name>Fred</Name>
        <Email>fweasley@hogwarts.co.uk</Email>
      </Author>
      <Author>
        <Name>George</Name>
        <Email>gweasley@hogwarts.co.uk</Email>
      </Author>
    </Authors>
    <name>Book2</name>
  </book>
  <book year="2014" isbn="ISBN83763550019---11">
    <Authors>
      <Author>
        <Name>Fred</Name>
        <Email>fweasley@hogwarts.co.uk</Email>
      </Author>
      <Author>
        <Name>George</Name>
        <Email>gweasley@hogwarts.co.uk</Email>
      </Author>
    </Authors>
    <name>Book1</name>
  </book>
  <book year="2014" isbn="ISBN83763550019---11">
    <Authors>
      <Author>
        <Name>Fred</Name>
        <Email>fweasley@hogwarts.co.uk</Email>
      </Author>
      <Author>
        <Name>George</Name>
        <Email>gweasley@hogwarts.co.uk</Email>
      </Author>
    </Authors>
    <name>Book2</name>
  </book>
  <book year="2014" isbn="ISBN83763550019---11">
    <Authors>
      <Author>
        <Name>Fred</Name>
        <Email>fweasley@hogwarts.co.uk</Email>
      </Author>
      <Author>
        <Name>George</Name>
        <Email>gweasley@hogwarts.co.uk</Email>
      </Author>
    </Authors>
    <name>Book1</name>
  </book>
  <book year="2014" isbn="ISBN83763550019---11">
    <Authors>
      <Author>
        <Name>Fred</Name>
        <Email>fweasley@hogwarts.co.uk</Email>
      </Author>
      <Author>
        <Name>George</Name>
        <Email>gweasley@hogwarts.co.uk</Email>
      </Author>
    </Authors>
    <name>Book2</name>
  </book>
  <book year="2014" isbn="ISBN83763550019---11">
    <Authors>
      <Author>
        <Name>Fred</Name>
        <Email>fweasley@hogwarts.co.uk</Email>
      </Author>
      <Author>
        <Name>George</Name>
        <Email>gweasley@hogwarts.co.uk</Email>
      </Author>
    </Authors>
    <name>Book1</name>
  </book>
  <book year="2014" isbn="ISBN83763550019---11">
    <Authors>
      <Author>
        <Name>Fred</Name>
        <Email>fweasley@hogwarts.co.uk</Email>
      </Author>
      <Author>
        <Name>George</Name>
        <Email>gweasley@hogwarts.co.uk</Email>
      </Author>
    </Authors>
    <name>Book2</name>
  </book>
  <book year="2014" isbn="ISBN83763550019---11">
    <Authors>
      <Author>
        <Name>Fred</Name>
        <Email>fweasley@hogwarts.co.uk</Email>
      </Author>
      <Author>
        <Name>George</Name>
        <Email>gweasley@hogwarts.co.uk</Email>
      </Author>
    </Authors>
    <name>Book1</name>
  </book>
  <book year="2014" isbn="ISBN83763550019---11">
    <Authors>
      <Author>
        <Name>Fred</Name>
        <Email>fweasley@hogwarts.co.uk</Email>
      </Author>
      <Author>
        <Name>George</Name>
        <Email>gweasley@hogwarts.co.uk</Email>
      </Author>
    </Authors>
    <name>Book2</name>
  </book>
  <book year="2014" isbn="ISBN83763550019---11">
    <Authors>
      <Author>
        <Name>Fred</Name>
        <Email>fweasley@hogwarts.co.uk</Email>
      </Author>
      <Author>
        <Name>George</Name>
        <Email>gweasley@hogwarts.co.uk</Email>
      </Author>
    </Authors>
    <name>Book1</name>
  </book>
  <book year="2014" isbn="ISBN83763550019---11">
    <Authors>
      <Author>
        <Name>Fred</Name>
        <Email>fweasley@hogwarts.co.uk</Email>
      </Author>
      <Author>
        <Name>George</Name>
        <Email>gweasley@hogwarts.co.uk</Email>
      </Author>
    </Authors>
    <name>Book2</name>
  </book>
  <book year="2014" isbn="ISBN83763550019---11">
    <Authors>
      <Author>
        <Name>Fred</Name>
        <Email>fweasley@hogwarts.co.uk</Email>
      </Author>
      <Author>
        <Name>George</Name>
        <Email>gweasley@hogwarts.co.uk</Email>
      </Author>
    </Authors>
    <name>Book1</name>
  </book>
  <book year="2014" isbn="ISBN83763550019---11">
    <Authors>
      <Author>
        <Name>Fred</Name>
        <Email>fweasley@hogwarts.co.uk</Email>
      </Author>
      <Author>
        <Name>George</Name>
        <Email>gweasley@hogwarts.co.uk</Email>
      </Author>
    </Authors>
    <name>Book2</name>
  </book>
  <book year="2014" isbn="ISBN83763550019---11">
    <Authors>
      <Author>
        <Name>Fred</Name>
        <Email>fweasley@hogwarts.co.uk</Email>
      </Author>
      <Author>
        <Name>George</Name>
        <Email>gweasley@hogwarts.co.uk</Email>
      </Author>
    </Authors>
    <name>Book1</name>
  </book>
  <book year="2014" isbn="ISBN83763550019---11">
    <Authors>
      <Author>
        <Name>Fred</Name>
        <Email>fweasley@hogwarts.co.uk</Email>
      </Author>
      <Author>
        <Name>George</Name>
        <Email>gweasley@hogwarts.co.uk</Email>
      </Author>
    </Authors>
    <name>Book2</name>
  </book>
  <book year="2014" isbn="ISBN83763550019---11">
    <Authors>
      <Author>
        <Name>Fred</Name>
        <Email>fweasley@hogwarts.co.uk</Email>
      </Author>
      <Author>
        <Name>George</Name>
        <Email>gweasley@hogwarts.co.uk</Email>
      </Author>
    </Authors>
    <name>Book1</name>
  </book>
  <book year="2014" isbn="ISBN83763550019---11">
    <Authors>
      <Author>
        <Name>Fred</Name>
        <Email>fweasley@hogwarts.co.uk</Email>
      </Author>
      <Author>
        <Name>George</Name>
        <Email>gweasley@hogwarts.co.uk</Email>
      </Author>
    </Authors>
    <name>Book2</name>
  </book>
  <book year="2014" isbn="ISBN83763550019---11">
    <Authors>
      <Author>
        <Name>Fred</Name>
        <Email>fweasley@hogwarts.co.uk</Email>
      </Author>
      <Author>
        <Name>George</Name>
        <Email>gweasley@hogwarts.co.uk</Email>
      </Author>
    </Authors>
    <name>Book1</name>
  </book>
  <book year="2014" isbn="ISBN83763550019---11">
    <Authors>
      <Author>
        <Name>Fred</Name>
        <Email>fweasley@hogwarts.co.uk</Email>
      </Author>
      <Author>
        <Name>George</Name>
        <Email>gweasley@hogwarts.co.uk</Email>
      </Author>
    </Authors>
    <name>Book2</name>
  </book>
  <book year="2014" isbn="ISBN83763550019---11">
    <Authors>
      <Author>
        <Name>Fred</Name>
        <Email>fweasley@hogwarts.co.uk</Email>
      </Author>
      <Author>
        <Name>George</Name>
        <Email>gweasley@hogwarts.co.uk</Email>
      </Author>
    </Authors>
    <name>Book1</name>
  </book>
  <book year="2014" isbn="ISBN83763550019---11">
    <Authors>
      <Author>
        <Name>Fred</Name>
        <Email>fweasley@hogwarts.co.uk</Email>
      </Author>
      <Author>
        <Name>George</Name>
        <Email>gweasley@hogwarts.co.uk</Email>
      </Author>
    </Authors>
    <name>Book2</name>
  </book>
  <book year="2014" isbn="ISBN83763550019---11">
    <Authors>
      <Author>
        <Name>Fred</Name>
        <Email>fweasley@hogwarts.co.uk</Email>
      </Author>
      <Author>
        <Name>George</Name>
        <Email>gweasley@hogwarts.co.uk</Email>
      </Author>
    </Authors>
    <name>Book1</name>
  </book>
  <book year="2014" isbn="ISBN83763550019---11">
    <Authors>
      <Author>
        <Name>Fred</Name>
        <Email>fweasley@hogwarts.co.uk</Email>
      </Author>
      <Author>
        <Name>George</Name>
        <Email>gweasley@hogwarts.co.uk</Email>
      </Author>
    </Authors>
    <name>Book2</name>
  </book>
  <book year="2014" isbn="ISBN83763550019---11">
    <Authors>
      <Author>
        <Name>Fred</Name>
        <Email>fweasley@hogwarts.co.uk</Email>
      </Author>
      <Author>
        <Name>George</Name>
        <Email>gweasley@hogwarts.co.uk</Email>
      </Author>
    </Authors>
    <name>Book1</name>
  </book>
  <book year="2014" isbn="ISBN83763550019---11">
    <Authors>
      <Author>
        <Name>Fred</Name>
        <Email>fweasley@hogwarts.co.uk</Email>
      </Author>
      <Author>
        <Name>George</Name>
        <Email>gweasley@hogwarts.co.uk</Email>
      </Author>
    </Authors>
    <name>Book2</name>
  </book>
  <book year="2014" isbn="ISBN83763550019---11">
    <Authors>
      <Author>
        <Name>Fred</Name>
        <Email>fweasley@hogwarts.co.uk</Email>
      </Author>
      <Author>
        <Name>George</Name>
        <Email>gweasley@hogwarts.co.uk</Email>
      </Author>
    </Authors>
    <name>Book1</name>
  </book>
  <book year="2014" isbn="ISBN83763550019---11">
    <Authors>
      <Author>
        <Name>Fred</Name>
        <Email>fweasley@hogwarts.co.uk</Email>
      </Author>
      <Author>
        <Name>George</Name>
        <Email>gweasley@hogwarts.co.uk</Email>
      </Author>
    </Authors>
    <name>Book2</name>
  </book>
  <book year="2014" isbn="ISBN83763550019---11">
    <Authors>
      <Author>
        <Name>Fred</Name>
        <Email>fweasley@hogwarts.co.uk</Email>
      </Author>
      <Author>
        <Name>George</Name>
        <Email>gweasley@hogwarts.co.uk</Email>
      </Author>
    </Authors>
    <name>Book1</name>
  </book>
  <book year="2014" isbn="ISBN83763550019---11">
    <Authors>
      <Author>
        <Name>Fred</Name>
        <Email>fweasley@hogwarts.co.uk</Email>
      </Author>
      <Author>
        <Name>George</Name>
        <Email>gweasley@hogwarts.co.uk</Email>
      </Author>
    </Authors>
    <name>Book2</name>
  </book>
  <book year="2014" isbn="ISBN83763550019---11">
    <Authors>
      <Author>
        <Name>Fred</Name>
        <Email>fweasley@hogwarts.co.uk</Email>
      </Author>
      <Author>
        <Name>George</Name>
        <Email>gweasley@hogwarts.co.uk</Email>
      </Author>
    </Authors>
    <name>Book1</name>
  </book>
  <book year="2014" isbn="ISBN83763550019---11">
    <Authors>
      <Author>
        <Name>Fred</Name>
        <Email>fweasley@hogwarts.co.uk</Email>
      </Author>
      <Author>
        <Name>George</Name>
        <Email>gweasley@hogwarts.co.uk</Email>
      </Author>
    </Authors>
    <name>Book2</name>
  </book>
  <book year="2014" isbn="ISBN83763550019---11">
    <Authors>
      <Author>
        <Name>Fred</Name>
        <Email>fweasley@hogwarts.co.uk</Email>
      </Author>
      <Author>
        <Name>George</Name>
        <Email>gweasley@hogwarts.co.uk</Email>
      </Author>
    </Authors>
    <name>Book1</name>
  </book>
  <book year="2014" isbn="ISBN83763550019---11">
    <Authors>
      <Author>
        <Name>Fred</Name>
        <Email>fweasley@hogwarts.co.uk</Email>
      </Author>
      <Author>
        <Name>George</Name>
        <Email>gweasley@hogwarts.co.uk</Email>
      </Author>
    </Authors>
    <name>Book2</name>
  </book>
  <book year="2014" isbn="ISBN83763550019---11">
    <Authors>
      <Author>
        <Name>Fred</Name>
        <Email>fweasley@hogwarts.co.uk</Email>
      </Author>
      <Author>
        <Name>George</Name>
        <Email>gweasley@hogwarts.co.uk</Email>
      </Author>
    </Authors>
    <name>Book1</name>
  </book>
  <book year="2014" isbn="ISBN83763550019---11">
    <Authors>
      <Author>
        <Name>Fred</Name>
        <Email>fweasley@hogwarts.co.uk</Email>
      </Author>
      <Author>
        <Name>George</Name>
        <Email>gweasley@hogwarts.co.uk</Email>
      </Author>
    </Authors>
    <name>Book2</name>
  </book>
  <book year="2014" isbn="ISBN83763550019---11">
    <Authors>
      <Author>
        <Name>Fred</Name>
        <Email>fweasley@hogwarts.co.uk</Email>
      </Author>
      <Author>
        <Name>George</Name>
        <Email>gweasley@hogwarts.co.uk</Email>
      </Author>
    </Authors>
    <name>Book1</name>
  </book>
  <book year="2014" isbn="ISBN83763550019---11">
    <Authors>
      <Author>
        <Name>Fred</Name>
        <Email>fweasley@hogwarts.co.uk</Email>
      </Author>
      <Author>
        <Name>George</Name>
        <Email>gweasley@hogwarts.co.uk</Email>
      </Author>
    </Authors>
    <name>Book2</name>
  </book>
  <book year="2014" isbn="ISBN83763550019---11">
    <Authors>
      <Author>
        <Name>Fred</Name>
        <Email>fweasley@hogwarts.co.uk</Email>
      </Author>
      <Author>
        <Name>George</Name>
        <Email>gweasley@hogwarts.co.uk</Email>
      </Author>
    </Authors>
    <name>Book1</name>
  </book>
  <book year="2014" isbn="ISBN83763550019---11">
    <Authors>
      <Author>
        <Name>Fred</Name>
        <Email>fweasley@hogwarts.co.uk</Email>
      </Author>
      <Author>
        <Name>George</Name>
        <Email>gweasley@hogwarts.co.uk</Email>
      </Author>
    </Authors>
    <name>Book2</name>
  </book>
  <book year="2014" isbn="ISBN83763550019---11">
    <Authors>
      <Author>
        <Name>Fred</Name>
        <Email>fweasley@hogwarts.co.uk</Email>
      </Author>
      <Author>
        <Name>George</Name>
        <Email>gweasley@hogwarts.co.uk</Email>
      </Author>
    </Authors>
    <name>Book1</name>
  </book>
  <book year="2014" isbn="ISBN83763550019---11">
    <Authors>
      <Author>
        <Name>Fred</Name>
        <Email>fweasley@hogwarts.co.uk</Email>
      </Author>
      <Author>
        <Name>George</Name>
        <Email>gweasley@hogwarts.co.uk</Email>
      </Author>
    </Authors>
    <name>Book2</name>
  </book>
  <book year="2014" isbn="ISBN83763550019---11">
    <Authors>
      <Author>
        <Name>Fred</Name>
        <Email>fweasley@hogwarts.co.uk</Email>
      </Author>
      <Author>
        <Name>George</Name>
        <Email>gweasley@hogwarts.co.uk</Email>
      </Author>
    </Authors>
    <name>Book1</name>
  </book>
  <book year="2014" isbn="ISBN83763550019---11">
    <Authors>
      <Author>
        <Name>Fred</Name>
        <Email>fweasley@hogwarts.co.uk</Email>
      </Author>
      <Author>
        <Name>George</Name>
        <Email>gweasley@hogwarts.co.uk</Email>
      </Author>
    </Authors>
    <name>Book2</name>
  </book>
  <book year="2014" isbn="ISBN83763550019---11">
    <Authors>
      <Author>
        <Name>Fred</Name>
        <Email>fweasley@hogwarts.co.uk</Email>
      </Author>
      <Author>
        <Name>George</Name>
        <Email>gweasley@hogwarts.co.uk</Email>
      </Author>
    </Authors>
    <name>Book1</name>
  </book>
  <book year="2014" isbn="ISBN83763550019---11">
    <Authors>
      <Author>
        <Name>Fred</Name>
        <Email>fweasley@hogwarts.co.uk</Email>
      </Author>
      <Author>
        <Name>George</Name>
        <Email>gweasley@hogwarts.co.uk</Email>
      </Author>
    </Authors>
    <name>Book2</name>
  </book>
  <book year="2014" isbn="ISBN83763550019---11">
    <Authors>
      <Author>
        <Name>Fred</Name>
        <Email>fweasley@hogwarts.co.uk</Email>
      </Author>
      <Author>
        <Name>George</Name>
        <Email>gweasley@hogwarts.co.uk</Email>
      </Author>
    </Authors>
    <name>Book1</name>
  </book>
  <book year="2014" isbn="ISBN83763550019---11">
    <Authors>
      <Author>
        <Name>Fred</Name>
        <Email>fweasley@hogwarts.co.uk</Email>
      </Author>
      <Author>
        <Name>George</Name>
        <Email>gweasley@hogwarts.co.uk</Email>
      </Author>
    </Authors>
    <name>Book2</name>
  </book>
  <book year="2014" isbn="ISBN83763550019---11">
    <Authors>
      <Author>
        <Name>Fred</Name>
        <Email>fweasley@hogwarts.co.uk</Email>
      </Author>
      <Author>
        <Name>George</Name>
        <Email>gweasley@hogwarts.co.uk</Email>
      </Author>
    </Authors>
    <name>Book1</name>
  </book>
  <book year="2014" isbn="ISBN83763550019---11">
    <Authors>
      <Author>
        <Name>Fred</Name>
        <Email>fweasley@hogwarts.co.uk</Email>
      </Author>
      <Author>
        <Name>George</Name>
        <Email>gweasley@hogwarts.co.uk</Email>
      </Author>
    </Authors>
    <name>Book2</name>
  </book>
  <book year="2014" isbn="ISBN83763550019---11">
    <Authors>
      <Author>
        <Name>Fred</Name>
        <Email>fweasley@hogwarts.co.uk</Email>
      </Author>
      <Author>
        <Name>George</Name>
        <Email>gweasley@hogwarts.co.uk</Email>
      </Author>
    </Authors>
    <name>Book1</name>
  </book>
  <book year="2014" isbn="ISBN83763550019---11">
    <Authors>
      <Author>
        <Name>Fred</Name>
        <Email>fweasley@hogwarts.co.uk</Email>
      </Author>
      <Author>
        <Name>George</Name>
        <Email>gweasley@hogwarts.co.uk</Email>
      </Author>
    </Authors>
    <name>Book2</name>
  </book>
  <book year="2014" isbn="ISBN83763550019---11">
    <Authors>
      <Author>
        <Name>Fred</Name>
        <Email>fweasley@hogwarts.co.uk</Email>
      </Author>
      <Author>
        <Name>George</Name>
        <Email>gweasley@hogwarts.co.uk</Email>
      </Author>
    </Authors>
    <name>Book1</name>
  </book>
  <book year="2014" isbn="ISBN83763550019---11">
    <Authors>
      <Author>
        <Name>Fred</Name>
        <Email>fweasley@hogwarts.co.uk</Email>
      </Author>
      <Author>
        <Name>George</Name>
        <Email>gweasley@hogwarts.co.uk</Email>
      </Author>
    </Authors>
    <name>Book2</name>
  </book>
  <book year="2014" isbn="ISBN83763550019---11">
    <Authors>
      <Author>
        <Name>Fred</Name>
        <Email>fweasley@hogwarts.co.uk</Email>
      </Author>
      <Author>
        <Name>George</Name>
        <Email>gweasley@hogwarts.co.uk</Email>
      </Author>
    </Authors>
    <name>Book1</name>
  </book>
  <book year="2014" isbn="ISBN83763550019---11">
    <Authors>
      <Author>
        <Name>Fred</Name>
        <Email>fweasley@hogwarts.co.uk</Email>
      </Author>
      <Author>
        <Name>George</Name>
        <Email>gweasley@hogwarts.co.uk</Email>
      </Author>
    </Authors>
    <name>Book2</name>
  </book>
  <book year="2014" isbn="ISBN83763550019---11">
    <Authors>
      <Author>
        <Name>Fred</Name>
        <Email>fweasley@hogwarts.co.uk</Email>
      </Author>
      <Author>
        <Name>George</Name>
        <Email>gweasley@hogwarts.co.uk</Email>
      </Author>
    </Authors>
    <name>Book1</name>
  </book>
  <book year="2014" isbn="ISBN83763550019---11">
    <Authors>
      <Author>
        <Name>Fred</Name>
        <Email>fweasley@hogwarts.co.uk</Email>
      </Author>
      <Author>
        <Name>George</Name>
        <Email>gweasley@hogwarts.co.uk</Email>
      </Author>
    </Authors>
    <name>Book2</name>
  </book>
  <book year="2014" isbn="ISBN83763550019---11">
    <Authors>
      <Author>
        <Name>Fred</Name>
        <Email>fweasley@hogwarts.co.uk</Email>
      </Author>
      <Author>
        <Name>George</Name>
        <Email>gweasley@hogwarts.co.uk</Email>
      </Author>
    </Authors>
    <name>Book1</name>
  </book>
  <book year="2014" isbn="ISBN83763550019---11">
    <Authors>
      <Author>
        <Name>Fred</Name>
        <Email>fweasley@hogwarts.co.uk</Email>
      </Author>
      <Author>
        <Name>George</Name>
        <Email>gweasley@hogwarts.co.uk</Email>
      </Author>
    </Authors>
    <name>Book2</name>
  </book>
  <book year="2014" isbn="ISBN83763550019---11">
    <Authors>
      <Author>
        <Name>Fred</Name>
        <Email>fweasley@hogwarts.co.uk</Email>
      </Author>
      <Author>
        <Name>George</Name>
        <Email>gweasley@hogwarts.co.uk</Email>
      </Author>
    </Authors>
    <name>Book1</name>
  </book>
  <book year="2014" isbn="ISBN83763550019---11">
    <Authors>
      <Author>
        <Name>Fred</Name>
        <Email>fweasley@hogwarts.co.uk</Email>
      </Author>
      <Author>
        <Name>George</Name>
        <Email>gweasley@hogwarts.co.uk</Email>
      </Author>
    </Authors>
    <name>Book2</name>
  </book>
  <book year="2014" isbn="ISBN83763550019---11">
    <Authors>
      <Author>
        <Name>Fred</Name>
        <Email>fweasley@hogwarts.co.uk</Email>
      </Author>
      <Author>
        <Name>George</Name>
        <Email>gweasley@hogwarts.co.uk</Email>
      </Author>
    </Authors>
    <name>Book1</name>
  </book>
  <book year="2014" isbn="ISBN83763550019---11">
    <Authors>
      <Author>
        <Name>Fred</Name>
        <Email>fweasley@hogwarts.co.uk</Email>
      </Author>
      <Author>
        <Name>George</Name>
        <Email>gweasley@hogwarts.co.uk</Email>
      </Author>
    </Authors>
    <name>Book2</name>
  </book>
  <book year="2014" isbn="ISBN83763550019---11">
    <Authors>
      <Author>
        <Name>Fred</Name>
        <Email>fweasley@hogwarts.co.uk</Email>
      </Author>
      <Author>
        <Name>George</Name>
        <Email>gweasley@hogwarts.co.uk</Email>
      </Author>
    </Authors>
    <name>Book1</name>
  </book>
  <book year="2014" isbn="ISBN83763550019---11">
    <Authors>
      <Author>
        <Name>Fred</Name>
        <Email>fweasley@hogwarts.co.uk</Email>
      </Author>
      <Author>
        <Name>George</Name>
        <Email>gweasley@hogwarts.co.uk</Email>
      </Author>
    </Authors>
    <name>Book2</name>
  </book>
  <book year="2014" isbn="ISBN83763550019---11">
    <Authors>
      <Author>
        <Name>Fred</Name>
        <Email>fweasley@hogwarts.co.uk</Email>
      </Author>
      <Author>
        <Name>George</Name>
        <Email>gweasley@hogwarts.co.uk</Email>
      </Author>
    </Authors>
    <name>Book1</name>
  </book>
  <book year="2014" isbn="ISBN83763550019---11">
    <Authors>
      <Author>
        <Name>Fred</Name>
        <Email>fweasley@hogwarts.co.uk</Email>
      </Author>
      <Author>
        <Name>George</Name>
        <Email>gweasley@hogwarts.co.uk</Email>
      </Author>
    </Authors>
    <name>Book2</name>
  </book>
  <book year="2014" isbn="ISBN83763550019---11">
    <Authors>
      <Author>
        <Name>Fred</Name>
        <Email>fweasley@hogwarts.co.uk</Email>
      </Author>
      <Author>
        <Name>George</Name>
        <Email>gweasley@hogwarts.co.uk</Email>
      </Author>
    </Authors>
    <name>Book1</name>
  </book>
  <book year="2014" isbn="ISBN83763550019---11">
    <Authors>
      <Author>
        <Name>Fred</Name>
        <Email>fweasley@hogwarts.co.uk</Email>
      </Author>
      <Author>
        <Name>George</Name>
        <Email>gweasley@hogwarts.co.uk</Email>
      </Author>
    </Authors>
    <name>Book2</name>
  </book>
  <book year="2014" isbn="ISBN83763550019---11">
    <Authors>
      <Author>
        <Name>Fred</Name>
        <Email>fweasley@hogwarts.co.uk</Email>
      </Author>
      <Author>
        <Name>George</Name>
        <Email>gweasley@hogwarts.co.uk</Email>
      </Author>
    </Authors>
    <name>Book1</name>
  </book>
  <book year="2014" isbn="ISBN83763550019---11">
    <Authors>
      <Author>
        <Name>Fred</Name>
        <Email>fweasley@hogwarts.co.uk</Email>
      </Author>
      <Author>
        <Name>George</Name>
        <Email>gweasley@hogwarts.co.uk</Email>
      </Author>
    </Authors>
    <name>Book2</name>
  </book>
  <book year="2014" isbn="ISBN83763550019---11">
    <Authors>
      <Author>
        <Name>Fred</Name>
        <Email>fweasley@hogwarts.co.uk</Email>
      </Author>
      <Author>
        <Name>George</Name>
        <Email>gweasley@hogwarts.co.uk</Email>
      </Author>
    </Authors>
    <name>Book1</name>
  </book>
  <book year="2014" isbn="ISBN83763550019---11">
    <Authors>
      <Author>
        <Name>Fred</Name>
        <Email>fweasley@hogwarts.co.uk</Email>
      </Author>
      <Author>
        <Name>George</Name>
        <Email>gweasley@hogwarts.co.uk</Email>
      </Author>
    </Authors>
    <name>Book2</name>
  </book>
  <book year="2014" isbn="ISBN83763550019---11">
    <Authors>
      <Author>
        <Name>Fred</Name>
        <Email>fweasley@hogwarts.co.uk</Email>
      </Author>
      <Author>
        <Name>George</Name>
        <Email>gweasley@hogwarts.co.uk</Email>
      </Author>
    </Authors>
    <name>Book1</name>
  </book>
  <book year="2014" isbn="ISBN83763550019---11">
    <Authors>
      <Author>
        <Name>Fred</Name>
        <Email>fweasley@hogwarts.co.uk</Email>
      </Author>
      <Author>
        <Name>George</Name>
        <Email>gweasley@hogwarts.co.uk</Email>
      </Author>
    </Authors>
    <name>Book2</name>
  </book>
  <book year="2014" isbn="ISBN83763550019---11">
    <Authors>
      <Author>
        <Name>Fred</Name>
        <Email>fweasley@hogwarts.co.uk</Email>
      </Author>
      <Author>
        <Name>George</Name>
        <Email>gweasley@hogwarts.co.uk</Email>
      </Author>
    </Authors>
    <name>Book1</name>
  </book>
  <book year="2014" isbn="ISBN83763550019---11">
    <Authors>
      <Author>
        <Name>Fred</Name>
        <Email>fweasley@hogwarts.co.uk</Email>
      </Author>
      <Author>
        <Name>George</Name>
        <Email>gweasley@hogwarts.co.uk</Email>
      </Author>
    </Authors>
    <name>Book2</name>
  </book>
  <book year="2014" isbn="ISBN83763550019---11">
    <Authors>
      <Author>
        <Name>Fred</Name>
        <Email>fweasley@hogwarts.co.uk</Email>
      </Author>
      <Author>
        <Name>George</Name>
        <Email>gweasley@hogwarts.co.uk</Email>
      </Author>
    </Authors>
    <name>Book1</name>
  </book>
  <book year="2014" isbn="ISBN83763550019---11">
    <Authors>
      <Author>
        <Name>Fred</Name>
        <Email>fweasley@hogwarts.co.uk</Email>
      </Author>
      <Author>
        <Name>George</Name>
        <Email>gweasley@hogwarts.co.uk</Email>
      </Author>
    </Authors>
    <name>Book2</name>
  </book>
  <book year="2014" isbn="ISBN83763550019---11">
    <Authors>
      <Author>
        <Name>Fred</Name>
        <Email>fweasley@hogwarts.co.uk</Email>
      </Author>
      <Author>
        <Name>George</Name>
        <Email>gweasley@hogwarts.co.uk</Email>
      </Author>
    </Authors>
    <name>Book1</name>
  </book>
  <book year="2014" isbn="ISBN83763550019---11">
    <Authors>
      <Author>
        <Name>Fred</Name>
        <Email>fweasley@hogwarts.co.uk</Email>
      </Author>
      <Author>
        <Name>George</Name>
        <Email>gweasley@hogwarts.co.uk</Email>
      </Author>
    </Authors>
    <name>Book2</name>
  </book>
  <book year="2014" isbn="ISBN83763550019---11">
    <Authors>
      <Author>
        <Name>Fred</Name>
        <Email>fweasley@hogwarts.co.uk</Email>
      </Author>
      <Author>
        <Name>George</Name>
        <Email>gweasley@hogwarts.co.uk</Email>
      </Author>
    </Authors>
    <name>Book1</name>
  </book>
  <book year="2014" isbn="ISBN83763550019---11">
    <Authors>
      <Author>
        <Name>Fred</Name>
        <Email>fweasley@hogwarts.co.uk</Email>
      </Author>
      <Author>
        <Name>George</Name>
        <Email>gweasley@hogwarts.co.uk</Email>
      </Author>
    </Authors>
    <name>Book2</name>
  </book>
  <book year="2014" isbn="ISBN83763550019---11">
    <Authors>
      <Author>
        <Name>Fred</Name>
        <Email>fweasley@hogwarts.co.uk</Email>
      </Author>
      <Author>
        <Name>George</Name>
        <Email>gweasley@hogwarts.co.uk</Email>
      </Author>
    </Authors>
    <name>Book1</name>
  </book>
  <book year="2014" isbn="ISBN83763550019---11">
    <Authors>
      <Author>
        <Name>Fred</Name>
        <Email>fweasley@hogwarts.co.uk</Email>
      </Author>
      <Author>
        <Name>George</Name>
        <Email>gweasley@hogwarts.co.uk</Email>
      </Author>
    </Authors>
    <name>Book2</name>
  </book>
  <book year="2014" isbn="ISBN83763550019---11">
    <Authors>
      <Author>
        <Name>Fred</Name>
        <Email>fweasley@hogwarts.co.uk</Email>
      </Author>
      <Author>
        <Name>George</Name>
        <Email>gweasley@hogwarts.co.uk</Email>
      </Author>
    </Authors>
    <name>Book1</name>
  </book>
  <book year="2014" isbn="ISBN83763550019---11">
    <Authors>
      <Author>
        <Name>Fred</Name>
        <Email>fweasley@hogwarts.co.uk</Email>
      </Author>
      <Author>
        <Name>George</Name>
        <Email>gweasley@hogwarts.co.uk</Email>
      </Author>
    </Authors>
    <name>Book2</name>
  </book>
  <book year="2014" isbn="ISBN83763550019---11">
    <Authors>
      <Author>
        <Name>Fred</Name>
        <Email>fweasley@hogwarts.co.uk</Email>
      </Author>
      <Author>
        <Name>George</Name>
        <Email>gweasley@hogwarts.co.uk</Email>
      </Author>
    </Authors>
    <name>Book1</name>
  </book>
  <book year="2014" isbn="ISBN83763550019---11">
    <Authors>
      <Author>
        <Name>Fred</Name>
        <Email>fweasley@hogwarts.co.uk</Email>
      </Author>
      <Author>
        <Name>George</Name>
        <Email>gweasley@hogwarts.co.uk</Email>
      </Author>
    </Authors>
    <name>Book2</name>
  </book>
  <book year="2014" isbn="ISBN83763550019---11">
    <Authors>
      <Author>
        <Name>Fred</Name>
        <Email>fweasley@hogwarts.co.uk</Email>
      </Author>
      <Author>
        <Name>George</Name>
        <Email>gweasley@hogwarts.co.uk</Email>
      </Author>
    </Authors>
    <name>Book1</name>
  </book>
  <book year="2014" isbn="ISBN83763550019---11">
    <Authors>
      <Author>
        <Name>Fred</Name>
        <Email>fweasley@hogwarts.co.uk</Email>
      </Author>
      <Author>
        <Name>George</Name>
        <Email>gweasley@hogwarts.co.uk</Email>
      </Author>
    </Authors>
    <name>Book2</name>
  </book>
  <book year="2014" isbn="ISBN83763550019---11">
    <Authors>
      <Author>
        <Name>Fred</Name>
        <Email>fweasley@hogwarts.co.uk</Email>
      </Author>
      <Author>
        <Name>George</Name>
        <Email>gweasley@hogwarts.co.uk</Email>
      </Author>
    </Authors>
    <name>Book1</name>
  </book>
  <book year="2014" isbn="ISBN83763550019---11">
    <Authors>
      <Author>
        <Name>Fred</Name>
        <Email>fweasley@hogwarts.co.uk</Email>
      </Author>
      <Author>
        <Name>George</Name>
        <Email>gweasley@hogwarts.co.uk</Email>
      </Author>
    </Authors>
    <name>Book2</name>
  </book>
  <book year="2014" isbn="ISBN83763550019---11">
    <Authors>
      <Author>
        <Name>Fred</Name>
        <Email>fweasley@hogwarts.co.uk</Email>
      </Author>
      <Author>
        <Name>George</Name>
        <Email>gweasley@hogwarts.co.uk</Email>
      </Author>
    </Authors>
    <name>Book1</name>
  </book>
  <book year="2014" isbn="ISBN83763550019---11">
    <Authors>
      <Author>
        <Name>Fred</Name>
        <Email>fweasley@hogwarts.co.uk</Email>
      </Author>
      <Author>
        <Name>George</Name>
        <Email>gweasley@hogwarts.co.uk</Email>
      </Author>
    </Authors>
    <name>Book2</name>
  </book>
  <book year="2014" isbn="ISBN83763550019---11">
    <Authors>
      <Author>
        <Name>Fred</Name>
        <Email>fweasley@hogwarts.co.uk</Email>
      </Author>
      <Author>
        <Name>George</Name>
        <Email>gweasley@hogwarts.co.uk</Email>
      </Author>
    </Authors>
    <name>Book1</name>
  </book>
  <book year="2014" isbn="ISBN83763550019---11">
    <Authors>
      <Author>
        <Name>Fred</Name>
        <Email>fweasley@hogwarts.co.uk</Email>
      </Author>
      <Author>
        <Name>George</Name>
        <Email>gweasley@hogwarts.co.uk</Email>
      </Author>
    </Authors>
    <name>Book2</name>
  </book>
  <book year="2014" isbn="ISBN83763550019---11">
    <Authors>
      <Author>
        <Name>Fred</Name>
        <Email>fweasley@hogwarts.co.uk</Email>
      </Author>
      <Author>
        <Name>George</Name>
        <Email>gweasley@hogwarts.co.uk</Email>
      </Author>
    </Authors>
    <name>Book1</name>
  </book>
  <book year="2014" isbn="ISBN83763550019---11">
    <Authors>
      <Author>
        <Name>Fred</Name>
        <Email>fweasley@hogwarts.co.uk</Email>
      </Author>
      <Author>
        <Name>George</Name>
        <Email>gweasley@hogwarts.co.uk</Email>
      </Author>
    </Authors>
    <name>Book2</name>
  </book>
  <book year="2014" isbn="ISBN83763550019---11">
    <Authors>
      <Author>
        <Name>Fred</Name>
        <Email>fweasley@hogwarts.co.uk</Email>
      </Author>
      <Author>
        <Name>George</Name>
        <Email>gweasley@hogwarts.co.uk</Email>
      </Author>
    </Authors>
    <name>Book1</name>
  </book>
  <book year="2014" isbn="ISBN83763550019---11">
    <Authors>
      <Author>
        <Name>Fred</Name>
        <Email>fweasley@hogwarts.co.uk</Email>
      </Author>
      <Author>
        <Name>George</Name>
        <Email>gweasley@hogwarts.co.uk</Email>
      </Author>
    </Authors>
    <name>Book2</name>
  </book>
  <book year="2014" isbn="ISBN83763550019---11">
    <Authors>
      <Author>
        <Name>Fred</Name>
        <Email>fweasley@hogwarts.co.uk</Email>
      </Author>
      <Author>
        <Name>George</Name>
        <Email>gweasley@hogwarts.co.uk</Email>
      </Author>
    </Authors>
    <name>Book1</name>
  </book>
  <book year="2014" isbn="ISBN83763550019---11">
    <Authors>
      <Author>
        <Name>Fred</Name>
        <Email>fweasley@hogwarts.co.uk</Email>
      </Author>
      <Author>
        <Name>George</Name>
        <Email>gweasley@hogwarts.co.uk</Email>
      </Author>
    </Authors>
    <name>Book2</name>
  </book>
  <book year="2014" isbn="ISBN83763550019---11">
    <Authors>
      <Author>
        <Name>Fred</Name>
        <Email>fweasley@hogwarts.co.uk</Email>
      </Author>
      <Author>
        <Name>George</Name>
        <Email>gweasley@hogwarts.co.uk</Email>
      </Author>
    </Authors>
    <name>Book1</name>
  </book>
  <book year="2014" isbn="ISBN83763550019---11">
    <Authors>
      <Author>
        <Name>Fred</Name>
        <Email>fweasley@hogwarts.co.uk</Email>
      </Author>
      <Author>
        <Name>George</Name>
        <Email>gweasley@hogwarts.co.uk</Email>
      </Author>
    </Authors>
    <name>Book2</name>
  </book>
  <book year="2014" isbn="ISBN83763550019---11">
    <Authors>
      <Author>
        <Name>Fred</Name>
        <Email>fweasley@hogwarts.co.uk</Email>
      </Author>
      <Author>
        <Name>George</Name>
        <Email>gweasley@hogwarts.co.uk</Email>
      </Author>
    </Authors>
    <name>Book1</name>
  </book>
  <book year="2014" isbn="ISBN83763550019---11">
    <Authors>
      <Author>
        <Name>Fred</Name>
        <Email>fweasley@hogwarts.co.uk</Email>
      </Author>
      <Author>
        <Name>George</Name>
        <Email>gweasley@hogwarts.co.uk</Email>
      </Author>
    </Authors>
    <name>Book2</name>
  </book>
  <book year="2014" isbn="ISBN83763550019---11">
    <Authors>
      <Author>
        <Name>Fred</Name>
        <Email>fweasley@hogwarts.co.uk</Email>
      </Author>
      <Author>
        <Name>George</Name>
        <Email>gweasley@hogwarts.co.uk</Email>
      </Author>
    </Authors>
    <name>Book1</name>
  </book>
  <book year="2014" isbn="ISBN83763550019---11">
    <Authors>
      <Author>
        <Name>Fred</Name>
        <Email>fweasley@hogwarts.co.uk</Email>
      </Author>
      <Author>
        <Name>George</Name>
        <Email>gweasley@hogwarts.co.uk</Email>
      </Author>
    </Authors>
    <name>Book2</name>
  </book>
  <book year="2014" isbn="ISBN83763550019---11">
    <Authors>
      <Author>
        <Name>Fred</Name>
        <Email>fweasley@hogwarts.co.uk</Email>
      </Author>
      <Author>
        <Name>George</Name>
        <Email>gweasley@hogwarts.co.uk</Email>
      </Author>
    </Authors>
    <name>Book1</name>
  </book>
  <book year="2014" isbn="ISBN83763550019---11">
    <Authors>
      <Author>
        <Name>Fred</Name>
        <Email>fweasley@hogwarts.co.uk</Email>
      </Author>
      <Author>
        <Name>George</Name>
        <Email>gweasley@hogwarts.co.uk</Email>
      </Author>
    </Authors>
    <name>Book2</name>
  </book>
  <book year="2014" isbn="ISBN83763550019---11">
    <Authors>
      <Author>
        <Name>Fred</Name>
        <Email>fweasley@hogwarts.co.uk</Email>
      </Author>
      <Author>
        <Name>George</Name>
        <Email>gweasley@hogwarts.co.uk</Email>
      </Author>
    </Authors>
    <name>Book1</name>
  </book>
  <book year="2014" isbn="ISBN83763550019---11">
    <Authors>
      <Author>
        <Name>Fred</Name>
        <Email>fweasley@hogwarts.co.uk</Email>
      </Author>
      <Author>
        <Name>George</Name>
        <Email>gweasley@hogwarts.co.uk</Email>
      </Author>
    </Authors>
    <name>Book2</name>
  </book>
  <book year="2014" isbn="ISBN83763550019---11">
    <Authors>
      <Author>
        <Name>Fred</Name>
        <Email>fweasley@hogwarts.co.uk</Email>
      </Author>
      <Author>
        <Name>George</Name>
        <Email>gweasley@hogwarts.co.uk</Email>
      </Author>
    </Authors>
    <name>Book1</name>
  </book>
  <book year="2014" isbn="ISBN83763550019---11">
    <Authors>
      <Author>
        <Name>Fred</Name>
        <Email>fweasley@hogwarts.co.uk</Email>
      </Author>
      <Author>
        <Name>George</Name>
        <Email>gweasley@hogwarts.co.uk</Email>
      </Author>
    </Authors>
    <name>Book2</name>
  </book>
  <book year="2014" isbn="ISBN83763550019---11">
    <Authors>
      <Author>
        <Name>Fred</Name>
        <Email>fweasley@hogwarts.co.uk</Email>
      </Author>
      <Author>
        <Name>George</Name>
        <Email>gweasley@hogwarts.co.uk</Email>
      </Author>
    </Authors>
    <name>Book1</name>
  </book>
  <book year="2014" isbn="ISBN83763550019---11">
    <Authors>
      <Author>
        <Name>Fred</Name>
        <Email>fweasley@hogwarts.co.uk</Email>
      </Author>
      <Author>
        <Name>George</Name>
        <Email>gweasley@hogwarts.co.uk</Email>
      </Author>
    </Authors>
    <name>Book2</name>
  </book>
  <book year="2014" isbn="ISBN83763550019---11">
    <Authors>
      <Author>
        <Name>Fred</Name>
        <Email>fweasley@hogwarts.co.uk</Email>
      </Author>
      <Author>
        <Name>George</Name>
        <Email>gweasley@hogwarts.co.uk</Email>
      </Author>
    </Authors>
    <name>Book1</name>
  </book>
  <book year="2014" isbn="ISBN83763550019---11">
    <Authors>
      <Author>
        <Name>Fred</Name>
        <Email>fweasley@hogwarts.co.uk</Email>
      </Author>
      <Author>
        <Name>George</Name>
        <Email>gweasley@hogwarts.co.uk</Email>
      </Author>
    </Authors>
    <name>Book2</name>
  </book>
  <book year="2014" isbn="ISBN83763550019---11">
    <Authors>
      <Author>
        <Name>Fred</Name>
        <Email>fweasley@hogwarts.co.uk</Email>
      </Author>
      <Author>
        <Name>George</Name>
        <Email>gweasley@hogwarts.co.uk</Email>
      </Author>
    </Authors>
    <name>Book1</name>
  </book>
  <book year="2014" isbn="ISBN83763550019---11">
    <Authors>
      <Author>
        <Name>Fred</Name>
        <Email>fweasley@hogwarts.co.uk</Email>
      </Author>
      <Author>
        <Name>George</Name>
        <Email>gweasley@hogwarts.co.uk</Email>
      </Author>
    </Authors>
    <name>Book2</name>
  </book>
  <book year="2014" isbn="ISBN83763550019---11">
    <Authors>
      <Author>
        <Name>Fred</Name>
        <Email>fweasley@hogwarts.co.uk</Email>
      </Author>
      <Author>
        <Name>George</Name>
        <Email>gweasley@hogwarts.co.uk</Email>
      </Author>
    </Authors>
    <name>Book1</name>
  </book>
  <book year="2014" isbn="ISBN83763550019---11">
    <Authors>
      <Author>
        <Name>Fred</Name>
        <Email>fweasley@hogwarts.co.uk</Email>
      </Author>
      <Author>
        <Name>George</Name>
        <Email>gweasley@hogwarts.co.uk</Email>
      </Author>
    </Authors>
    <name>Book2</name>
  </book>
  <book year="2014" isbn="ISBN83763550019---11">
    <Authors>
      <Author>
        <Name>Fred</Name>
        <Email>fweasley@hogwarts.co.uk</Email>
      </Author>
      <Author>
        <Name>George</Name>
        <Email>gweasley@hogwarts.co.uk</Email>
      </Author>
    </Authors>
    <name>Book1</name>
  </book>
  <book year="2014" isbn="ISBN83763550019---11">
    <Authors>
      <Author>
        <Name>Fred</Name>
        <Email>fweasley@hogwarts.co.uk</Email>
      </Author>
      <Author>
        <Name>George</Name>
        <Email>gweasley@hogwarts.co.uk</Email>
      </Author>
    </Authors>
    <name>Book2</name>
  </book>
  <book year="2014" isbn="ISBN83763550019---11">
    <Authors>
      <Author>
        <Name>Fred</Name>
        <Email>fweasley@hogwarts.co.uk</Email>
      </Author>
      <Author>
        <Name>George</Name>
        <Email>gweasley@hogwarts.co.uk</Email>
      </Author>
    </Authors>
    <name>Book1</name>
  </book>
  <book year="2014" isbn="ISBN83763550019---11">
    <Authors>
      <Author>
        <Name>Fred</Name>
        <Email>fweasley@hogwarts.co.uk</Email>
      </Author>
      <Author>
        <Name>George</Name>
        <Email>gweasley@hogwarts.co.uk</Email>
      </Author>
    </Authors>
    <name>Book2</name>
  </book>
  <book year="2014" isbn="ISBN83763550019---11">
    <Authors>
      <Author>
        <Name>Fred</Name>
        <Email>fweasley@hogwarts.co.uk</Email>
      </Author>
      <Author>
        <Name>George</Name>
        <Email>gweasley@hogwarts.co.uk</Email>
      </Author>
    </Authors>
    <name>Book1</name>
  </book>
  <book year="2014" isbn="ISBN83763550019---11">
    <Authors>
      <Author>
        <Name>Fred</Name>
        <Email>fweasley@hogwarts.co.uk</Email>
      </Author>
      <Author>
        <Name>George</Name>
        <Email>gweasley@hogwarts.co.uk</Email>
      </Author>
    </Authors>
    <name>Book2</name>
  </book>
  <book year="2014" isbn="ISBN83763550019---11">
    <Authors>
      <Author>
        <Name>Fred</Name>
        <Email>fweasley@hogwarts.co.uk</Email>
      </Author>
      <Author>
        <Name>George</Name>
        <Email>gweasley@hogwarts.co.uk</Email>
      </Author>
    </Authors>
    <name>Book1</name>
  </book>
  <book year="2014" isbn="ISBN83763550019---11">
    <Authors>
      <Author>
        <Name>Fred</Name>
        <Email>fweasley@hogwarts.co.uk</Email>
      </Author>
      <Author>
        <Name>George</Name>
        <Email>gweasley@hogwarts.co.uk</Email>
      </Author>
    </Authors>
    <name>Book2</name>
  </book>
  <book year="2014" isbn="ISBN83763550019---11">
    <Authors>
      <Author>
        <Name>Fred</Name>
        <Email>fweasley@hogwarts.co.uk</Email>
      </Author>
      <Author>
        <Name>George</Name>
        <Email>gweasley@hogwarts.co.uk</Email>
      </Author>
    </Authors>
    <name>Book1</name>
  </book>
  <book year="2014" isbn="ISBN83763550019---11">
    <Authors>
      <Author>
        <Name>Fred</Name>
        <Email>fweasley@hogwarts.co.uk</Email>
      </Author>
      <Author>
        <Name>George</Name>
        <Email>gweasley@hogwarts.co.uk</Email>
      </Author>
    </Authors>
    <name>Book2</name>
  </book>
  <book year="2014" isbn="ISBN83763550019---11">
    <Authors>
      <Author>
        <Name>Fred</Name>
        <Email>fweasley@hogwarts.co.uk</Email>
      </Author>
      <Author>
        <Name>George</Name>
        <Email>gweasley@hogwarts.co.uk</Email>
      </Author>
    </Authors>
    <name>Book1</name>
  </book>
  <book year="2014" isbn="ISBN83763550019---11">
    <Authors>
      <Author>
        <Name>Fred</Name>
        <Email>fweasley@hogwarts.co.uk</Email>
      </Author>
      <Author>
        <Name>George</Name>
        <Email>gweasley@hogwarts.co.uk</Email>
      </Author>
    </Authors>
    <name>Book2</name>
  </book>
  <book year="2014" isbn="ISBN83763550019---11">
    <Authors>
      <Author>
        <Name>Fred</Name>
        <Email>fweasley@hogwarts.co.uk</Email>
      </Author>
      <Author>
        <Name>George</Name>
        <Email>gweasley@hogwarts.co.uk</Email>
      </Author>
    </Authors>
    <name>Book1</name>
  </book>
  <book year="2014" isbn="ISBN83763550019---11">
    <Authors>
      <Author>
        <Name>Fred</Name>
        <Email>fweasley@hogwarts.co.uk</Email>
      </Author>
      <Author>
        <Name>George</Name>
        <Email>gweasley@hogwarts.co.uk</Email>
      </Author>
    </Authors>
    <name>Book2</name>
  </book>
  <book year="2014" isbn="ISBN83763550019---11">
    <Authors>
      <Author>
        <Name>Fred</Name>
        <Email>fweasley@hogwarts.co.uk</Email>
      </Author>
      <Author>
        <Name>George</Name>
        <Email>gweasley@hogwarts.co.uk</Email>
      </Author>
    </Authors>
    <name>Book1</name>
  </book>
  <book year="2014" isbn="ISBN83763550019---11">
    <Authors>
      <Author>
        <Name>Fred</Name>
        <Email>fweasley@hogwarts.co.uk</Email>
      </Author>
      <Author>
        <Name>George</Name>
        <Email>gweasley@hogwarts.co.uk</Email>
      </Author>
    </Authors>
    <name>Book2</name>
  </book>
  <book year="2014" isbn="ISBN83763550019---11">
    <Authors>
      <Author>
        <Name>Fred</Name>
        <Email>fweasley@hogwarts.co.uk</Email>
      </Author>
      <Author>
        <Name>George</Name>
        <Email>gweasley@hogwarts.co.uk</Email>
      </Author>
    </Authors>
    <name>Book1</name>
  </book>
  <book year="2014" isbn="ISBN83763550019---11">
    <Authors>
      <Author>
        <Name>Fred</Name>
        <Email>fweasley@hogwarts.co.uk</Email>
      </Author>
      <Author>
        <Name>George</Name>
        <Email>gweasley@hogwarts.co.uk</Email>
      </Author>
    </Authors>
    <name>Book2</name>
  </book>
  <book year="2014" isbn="ISBN83763550019---11">
    <Authors>
      <Author>
        <Name>Fred</Name>
        <Email>fweasley@hogwarts.co.uk</Email>
      </Author>
      <Author>
        <Name>George</Name>
        <Email>gweasley@hogwarts.co.uk</Email>
      </Author>
    </Authors>
    <name>Book1</name>
  </book>
  <book year="2014" isbn="ISBN83763550019---11">
    <Authors>
      <Author>
        <Name>Fred</Name>
        <Email>fweasley@hogwarts.co.uk</Email>
      </Author>
      <Author>
        <Name>George</Name>
        <Email>gweasley@hogwarts.co.uk</Email>
      </Author>
    </Authors>
    <name>Book2</name>
  </book>
  <book year="2014" isbn="ISBN83763550019---11">
    <Authors>
      <Author>
        <Name>Fred</Name>
        <Email>fweasley@hogwarts.co.uk</Email>
      </Author>
      <Author>
        <Name>George</Name>
        <Email>gweasley@hogwarts.co.uk</Email>
      </Author>
    </Authors>
    <name>Book1</name>
  </book>
  <book year="2014" isbn="ISBN83763550019---11">
    <Authors>
      <Author>
        <Name>Fred</Name>
        <Email>fweasley@hogwarts.co.uk</Email>
      </Author>
      <Author>
        <Name>George</Name>
        <Email>gweasley@hogwarts.co.uk</Email>
      </Author>
    </Authors>
    <name>Book2</name>
  </book>
  <book year="2014" isbn="ISBN83763550019---11">
    <Authors>
      <Author>
        <Name>Fred</Name>
        <Email>fweasley@hogwarts.co.uk</Email>
      </Author>
      <Author>
        <Name>George</Name>
        <Email>gweasley@hogwarts.co.uk</Email>
      </Author>
    </Authors>
    <name>Book1</name>
  </book>
  <book year="2014" isbn="ISBN83763550019---11">
    <Authors>
      <Author>
        <Name>Fred</Name>
        <Email>fweasley@hogwarts.co.uk</Email>
      </Author>
      <Author>
        <Name>George</Name>
        <Email>gweasley@hogwarts.co.uk</Email>
      </Author>
    </Authors>
    <name>Book2</name>
  </book>
  <book year="2014" isbn="ISBN83763550019---11">
    <Authors>
      <Author>
        <Name>Fred</Name>
        <Email>fweasley@hogwarts.co.uk</Email>
      </Author>
      <Author>
        <Name>George</Name>
        <Email>gweasley@hogwarts.co.uk</Email>
      </Author>
    </Authors>
    <name>Book1</name>
  </book>
  <book year="2014" isbn="ISBN83763550019---11">
    <Authors>
      <Author>
        <Name>Fred</Name>
        <Email>fweasley@hogwarts.co.uk</Email>
      </Author>
      <Author>
        <Name>George</Name>
        <Email>gweasley@hogwarts.co.uk</Email>
      </Author>
    </Authors>
    <name>Book2</name>
  </book>
  <book year="2014" isbn="ISBN83763550019---11">
    <Authors>
      <Author>
        <Name>Fred</Name>
        <Email>fweasley@hogwarts.co.uk</Email>
      </Author>
      <Author>
        <Name>George</Name>
        <Email>gweasley@hogwarts.co.uk</Email>
      </Author>
    </Authors>
    <name>Book1</name>
  </book>
  <book year="2014" isbn="ISBN83763550019---11">
    <Authors>
      <Author>
        <Name>Fred</Name>
        <Email>fweasley@hogwarts.co.uk</Email>
      </Author>
      <Author>
        <Name>George</Name>
        <Email>gweasley@hogwarts.co.uk</Email>
      </Author>
    </Authors>
    <name>Book2</name>
  </book>
  <book year="2014" isbn="ISBN83763550019---11">
    <Authors>
      <Author>
        <Name>Fred</Name>
        <Email>fweasley@hogwarts.co.uk</Email>
      </Author>
      <Author>
        <Name>George</Name>
        <Email>gweasley@hogwarts.co.uk</Email>
      </Author>
    </Authors>
    <name>Book1</name>
  </book>
  <book year="2014" isbn="ISBN83763550019---11">
    <Authors>
      <Author>
        <Name>Fred</Name>
        <Email>fweasley@hogwarts.co.uk</Email>
      </Author>
      <Author>
        <Name>George</Name>
        <Email>gweasley@hogwarts.co.uk</Email>
      </Author>
    </Authors>
    <name>Book2</name>
  </book>
  <book year="2014" isbn="ISBN83763550019---11">
    <Authors>
      <Author>
        <Name>Fred</Name>
        <Email>fweasley@hogwarts.co.uk</Email>
      </Author>
      <Author>
        <Name>George</Name>
        <Email>gweasley@hogwarts.co.uk</Email>
      </Author>
    </Authors>
    <name>Book1</name>
  </book>
  <book year="2014" isbn="ISBN83763550019---11">
    <Authors>
      <Author>
        <Name>Fred</Name>
        <Email>fweasley@hogwarts.co.uk</Email>
      </Author>
      <Author>
        <Name>George</Name>
        <Email>gweasley@hogwarts.co.uk</Email>
      </Author>
    </Authors>
    <name>Book2</name>
  </book>
  <book year="2014" isbn="ISBN83763550019---11">
    <Authors>
      <Author>
        <Name>Fred</Name>
        <Email>fweasley@hogwarts.co.uk</Email>
      </Author>
      <Author>
        <Name>George</Name>
        <Email>gweasley@hogwarts.co.uk</Email>
      </Author>
    </Authors>
    <name>Book1</name>
  </book>
  <book year="2014" isbn="ISBN83763550019---11">
    <Authors>
      <Author>
        <Name>Fred</Name>
        <Email>fweasley@hogwarts.co.uk</Email>
      </Author>
      <Author>
        <Name>George</Name>
        <Email>gweasley@hogwarts.co.uk</Email>
      </Author>
    </Authors>
    <name>Book2</name>
  </book>
  <book year="2014" isbn="ISBN83763550019---11">
    <Authors>
      <Author>
        <Name>Fred</Name>
        <Email>fweasley@hogwarts.co.uk</Email>
      </Author>
      <Author>
        <Name>George</Name>
        <Email>gweasley@hogwarts.co.uk</Email>
      </Author>
    </Authors>
    <name>Book1</name>
  </book>
  <book year="2014" isbn="ISBN83763550019---11">
    <Authors>
      <Author>
        <Name>Fred</Name>
        <Email>fweasley@hogwarts.co.uk</Email>
      </Author>
      <Author>
        <Name>George</Name>
        <Email>gweasley@hogwarts.co.uk</Email>
      </Author>
    </Authors>
    <name>Book2</name>
  </book>
  <book year="2014" isbn="ISBN83763550019---11">
    <Authors>
      <Author>
        <Name>Fred</Name>
        <Email>fweasley@hogwarts.co.uk</Email>
      </Author>
      <Author>
        <Name>George</Name>
        <Email>gweasley@hogwarts.co.uk</Email>
      </Author>
    </Authors>
    <name>Book1</name>
  </book>
  <book year="2014" isbn="ISBN83763550019---11">
    <Authors>
      <Author>
        <Name>Fred</Name>
        <Email>fweasley@hogwarts.co.uk</Email>
      </Author>
      <Author>
        <Name>George</Name>
        <Email>gweasley@hogwarts.co.uk</Email>
      </Author>
    </Authors>
    <name>Book2</name>
  </book>
  <book year="2014" isbn="ISBN83763550019---11">
    <Authors>
      <Author>
        <Name>Fred</Name>
        <Email>fweasley@hogwarts.co.uk</Email>
      </Author>
      <Author>
        <Name>George</Name>
        <Email>gweasley@hogwarts.co.uk</Email>
      </Author>
    </Authors>
    <name>Book1</name>
  </book>
  <book year="2014" isbn="ISBN83763550019---11">
    <Authors>
      <Author>
        <Name>Fred</Name>
        <Email>fweasley@hogwarts.co.uk</Email>
      </Author>
      <Author>
        <Name>George</Name>
        <Email>gweasley@hogwarts.co.uk</Email>
      </Author>
    </Authors>
    <name>Book2</name>
  </book>
  <book year="2014" isbn="ISBN83763550019---11">
    <Authors>
      <Author>
        <Name>Fred</Name>
        <Email>fweasley@hogwarts.co.uk</Email>
      </Author>
      <Author>
        <Name>George</Name>
        <Email>gweasley@hogwarts.co.uk</Email>
      </Author>
    </Authors>
    <name>Book1</name>
  </book>
  <book year="2014" isbn="ISBN83763550019---11">
    <Authors>
      <Author>
        <Name>Fred</Name>
        <Email>fweasley@hogwarts.co.uk</Email>
      </Author>
      <Author>
        <Name>George</Name>
        <Email>gweasley@hogwarts.co.uk</Email>
      </Author>
    </Authors>
    <name>Book2</name>
  </book>
  <book year="2014" isbn="ISBN83763550019---11">
    <Authors>
      <Author>
        <Name>Fred</Name>
        <Email>fweasley@hogwarts.co.uk</Email>
      </Author>
      <Author>
        <Name>George</Name>
        <Email>gweasley@hogwarts.co.uk</Email>
      </Author>
    </Authors>
    <name>Book1</name>
  </book>
  <book year="2014" isbn="ISBN83763550019---11">
    <Authors>
      <Author>
        <Name>Fred</Name>
        <Email>fweasley@hogwarts.co.uk</Email>
      </Author>
      <Author>
        <Name>George</Name>
        <Email>gweasley@hogwarts.co.uk</Email>
      </Author>
    </Authors>
    <name>Book2</name>
  </book>
  <book year="2014" isbn="ISBN83763550019---11">
    <Authors>
      <Author>
        <Name>Fred</Name>
        <Email>fweasley@hogwarts.co.uk</Email>
      </Author>
      <Author>
        <Name>George</Name>
        <Email>gweasley@hogwarts.co.uk</Email>
      </Author>
    </Authors>
    <name>Book1</name>
  </book>
  <book year="2014" isbn="ISBN83763550019---11">
    <Authors>
      <Author>
        <Name>Fred</Name>
        <Email>fweasley@hogwarts.co.uk</Email>
      </Author>
      <Author>
        <Name>George</Name>
        <Email>gweasley@hogwarts.co.uk</Email>
      </Author>
    </Authors>
    <name>Book2</name>
  </book>
  <book year="2014" isbn="ISBN83763550019---11">
    <Authors>
      <Author>
        <Name>Fred</Name>
        <Email>fweasley@hogwarts.co.uk</Email>
      </Author>
      <Author>
        <Name>George</Name>
        <Email>gweasley@hogwarts.co.uk</Email>
      </Author>
    </Authors>
    <name>Book1</name>
  </book>
  <book year="2014" isbn="ISBN83763550019---11">
    <Authors>
      <Author>
        <Name>Fred</Name>
        <Email>fweasley@hogwarts.co.uk</Email>
      </Author>
      <Author>
        <Name>George</Name>
        <Email>gweasley@hogwarts.co.uk</Email>
      </Author>
    </Authors>
    <name>Book2</name>
  </book>
  <book year="2014" isbn="ISBN83763550019---11">
    <Authors>
      <Author>
        <Name>Fred</Name>
        <Email>fweasley@hogwarts.co.uk</Email>
      </Author>
      <Author>
        <Name>George</Name>
        <Email>gweasley@hogwarts.co.uk</Email>
      </Author>
    </Authors>
    <name>Book1</name>
  </book>
  <book year="2014" isbn="ISBN83763550019---11">
    <Authors>
      <Author>
        <Name>Fred</Name>
        <Email>fweasley@hogwarts.co.uk</Email>
      </Author>
      <Author>
        <Name>George</Name>
        <Email>gweasley@hogwarts.co.uk</Email>
      </Author>
    </Authors>
    <name>Book2</name>
  </book>
  <book year="2014" isbn="ISBN83763550019---11">
    <Authors>
      <Author>
        <Name>Fred</Name>
        <Email>fweasley@hogwarts.co.uk</Email>
      </Author>
      <Author>
        <Name>George</Name>
        <Email>gweasley@hogwarts.co.uk</Email>
      </Author>
    </Authors>
    <name>Book1</name>
  </book>
  <book year="2014" isbn="ISBN83763550019---11">
    <Authors>
      <Author>
        <Name>Fred</Name>
        <Email>fweasley@hogwarts.co.uk</Email>
      </Author>
      <Author>
        <Name>George</Name>
        <Email>gweasley@hogwarts.co.uk</Email>
      </Author>
    </Authors>
    <name>Book2</name>
  </book>
  <book year="2014" isbn="ISBN83763550019---11">
    <Authors>
      <Author>
        <Name>Fred</Name>
        <Email>fweasley@hogwarts.co.uk</Email>
      </Author>
      <Author>
        <Name>George</Name>
        <Email>gweasley@hogwarts.co.uk</Email>
      </Author>
    </Authors>
    <name>Book1</name>
  </book>
  <book year="2014" isbn="ISBN83763550019---11">
    <Authors>
      <Author>
        <Name>Fred</Name>
        <Email>fweasley@hogwarts.co.uk</Email>
      </Author>
      <Author>
        <Name>George</Name>
        <Email>gweasley@hogwarts.co.uk</Email>
      </Author>
    </Authors>
    <name>Book2</name>
  </book>
  <book year="2014" isbn="ISBN83763550019---11">
    <Authors>
      <Author>
        <Name>Fred</Name>
        <Email>fweasley@hogwarts.co.uk</Email>
      </Author>
      <Author>
        <Name>George</Name>
        <Email>gweasley@hogwarts.co.uk</Email>
      </Author>
    </Authors>
    <name>Book1</name>
  </book>
  <book year="2014" isbn="ISBN83763550019---11">
    <Authors>
      <Author>
        <Name>Fred</Name>
        <Email>fweasley@hogwarts.co.uk</Email>
      </Author>
      <Author>
        <Name>George</Name>
        <Email>gweasley@hogwarts.co.uk</Email>
      </Author>
    </Authors>
    <name>Book2</name>
  </book>
  <book year="2014" isbn="ISBN83763550019---11">
    <Authors>
      <Author>
        <Name>Fred</Name>
        <Email>fweasley@hogwarts.co.uk</Email>
      </Author>
      <Author>
        <Name>George</Name>
        <Email>gweasley@hogwarts.co.uk</Email>
      </Author>
    </Authors>
    <name>Book1</name>
  </book>
  <book year="2014" isbn="ISBN83763550019---11">
    <Authors>
      <Author>
        <Name>Fred</Name>
        <Email>fweasley@hogwarts.co.uk</Email>
      </Author>
      <Author>
        <Name>George</Name>
        <Email>gweasley@hogwarts.co.uk</Email>
      </Author>
    </Authors>
    <name>Book2</name>
  </book>
  <book year="2014" isbn="ISBN83763550019---11">
    <Authors>
      <Author>
        <Name>Fred</Name>
        <Email>fweasley@hogwarts.co.uk</Email>
      </Author>
      <Author>
        <Name>George</Name>
        <Email>gweasley@hogwarts.co.uk</Email>
      </Author>
    </Authors>
    <name>Book1</name>
  </book>
  <book year="2014" isbn="ISBN83763550019---11">
    <Authors>
      <Author>
        <Name>Fred</Name>
        <Email>fweasley@hogwarts.co.uk</Email>
      </Author>
      <Author>
        <Name>George</Name>
        <Email>gweasley@hogwarts.co.uk</Email>
      </Author>
    </Authors>
    <name>Book2</name>
  </book>
  <book year="2014" isbn="ISBN83763550019---11">
    <Authors>
      <Author>
        <Name>Fred</Name>
        <Email>fweasley@hogwarts.co.uk</Email>
      </Author>
      <Author>
        <Name>George</Name>
        <Email>gweasley@hogwarts.co.uk</Email>
      </Author>
    </Authors>
    <name>Book1</name>
  </book>
  <book year="2014" isbn="ISBN83763550019---11">
    <Authors>
      <Author>
        <Name>Fred</Name>
        <Email>fweasley@hogwarts.co.uk</Email>
      </Author>
      <Author>
        <Name>George</Name>
        <Email>gweasley@hogwarts.co.uk</Email>
      </Author>
    </Authors>
    <name>Book2</name>
  </book>
  <book year="2014" isbn="ISBN83763550019---11">
    <Authors>
      <Author>
        <Name>Fred</Name>
        <Email>fweasley@hogwarts.co.uk</Email>
      </Author>
      <Author>
        <Name>George</Name>
        <Email>gweasley@hogwarts.co.uk</Email>
      </Author>
    </Authors>
    <name>Book1</name>
  </book>
  <book year="2014" isbn="ISBN83763550019---11">
    <Authors>
      <Author>
        <Name>Fred</Name>
        <Email>fweasley@hogwarts.co.uk</Email>
      </Author>
      <Author>
        <Name>George</Name>
        <Email>gweasley@hogwarts.co.uk</Email>
      </Author>
    </Authors>
    <name>Book2</name>
  </book>
  <book year="2014" isbn="ISBN83763550019---11">
    <Authors>
      <Author>
        <Name>Fred</Name>
        <Email>fweasley@hogwarts.co.uk</Email>
      </Author>
      <Author>
        <Name>George</Name>
        <Email>gweasley@hogwarts.co.uk</Email>
      </Author>
    </Authors>
    <name>Book1</name>
  </book>
  <book year="2014" isbn="ISBN83763550019---11">
    <Authors>
      <Author>
        <Name>Fred</Name>
        <Email>fweasley@hogwarts.co.uk</Email>
      </Author>
      <Author>
        <Name>George</Name>
        <Email>gweasley@hogwarts.co.uk</Email>
      </Author>
    </Authors>
    <name>Book2</name>
  </book>
  <book year="2014" isbn="ISBN83763550019---11">
    <Authors>
      <Author>
        <Name>Fred</Name>
        <Email>fweasley@hogwarts.co.uk</Email>
      </Author>
      <Author>
        <Name>George</Name>
        <Email>gweasley@hogwarts.co.uk</Email>
      </Author>
    </Authors>
    <name>Book1</name>
  </book>
  <book year="2014" isbn="ISBN83763550019---11">
    <Authors>
      <Author>
        <Name>Fred</Name>
        <Email>fweasley@hogwarts.co.uk</Email>
      </Author>
      <Author>
        <Name>George</Name>
        <Email>gweasley@hogwarts.co.uk</Email>
      </Author>
    </Authors>
    <name>Book2</name>
  </book>
  <book year="2014" isbn="ISBN83763550019---11">
    <Authors>
      <Author>
        <Name>Fred</Name>
        <Email>fweasley@hogwarts.co.uk</Email>
      </Author>
      <Author>
        <Name>George</Name>
        <Email>gweasley@hogwarts.co.uk</Email>
      </Author>
    </Authors>
    <name>Book1</name>
  </book>
  <book year="2014" isbn="ISBN83763550019---11">
    <Authors>
      <Author>
        <Name>Fred</Name>
        <Email>fweasley@hogwarts.co.uk</Email>
      </Author>
      <Author>
        <Name>George</Name>
        <Email>gweasley@hogwarts.co.uk</Email>
      </Author>
    </Authors>
    <name>Book2</name>
  </book>
  <book year="2014" isbn="ISBN83763550019---11">
    <Authors>
      <Author>
        <Name>Fred</Name>
        <Email>fweasley@hogwarts.co.uk</Email>
      </Author>
      <Author>
        <Name>George</Name>
        <Email>gweasley@hogwarts.co.uk</Email>
      </Author>
    </Authors>
    <name>Book1</name>
  </book>
  <book year="2014" isbn="ISBN83763550019---11">
    <Authors>
      <Author>
        <Name>Fred</Name>
        <Email>fweasley@hogwarts.co.uk</Email>
      </Author>
      <Author>
        <Name>George</Name>
        <Email>gweasley@hogwarts.co.uk</Email>
      </Author>
    </Authors>
    <name>Book2</name>
  </book>
  <book year="2014" isbn="ISBN83763550019---11">
    <Authors>
      <Author>
        <Name>Fred</Name>
        <Email>fweasley@hogwarts.co.uk</Email>
      </Author>
      <Author>
        <Name>George</Name>
        <Email>gweasley@hogwarts.co.uk</Email>
      </Author>
    </Authors>
    <name>Book1</name>
  </book>
  <book year="2014" isbn="ISBN83763550019---11">
    <Authors>
      <Author>
        <Name>Fred</Name>
        <Email>fweasley@hogwarts.co.uk</Email>
      </Author>
      <Author>
        <Name>George</Name>
        <Email>gweasley@hogwarts.co.uk</Email>
      </Author>
    </Authors>
    <name>Book2</name>
  </book>
  <book year="2014" isbn="ISBN83763550019---11">
    <Authors>
      <Author>
        <Name>Fred</Name>
        <Email>fweasley@hogwarts.co.uk</Email>
      </Author>
      <Author>
        <Name>George</Name>
        <Email>gweasley@hogwarts.co.uk</Email>
      </Author>
    </Authors>
    <name>Book1</name>
  </book>
  <book year="2014" isbn="ISBN83763550019---11">
    <Authors>
      <Author>
        <Name>Fred</Name>
        <Email>fweasley@hogwarts.co.uk</Email>
      </Author>
      <Author>
        <Name>George</Name>
        <Email>gweasley@hogwarts.co.uk</Email>
      </Author>
    </Authors>
    <name>Book2</name>
  </book>
  <book year="2014" isbn="ISBN83763550019---11">
    <Authors>
      <Author>
        <Name>Fred</Name>
        <Email>fweasley@hogwarts.co.uk</Email>
      </Author>
      <Author>
        <Name>George</Name>
        <Email>gweasley@hogwarts.co.uk</Email>
      </Author>
    </Authors>
    <name>Book1</name>
  </book>
  <book year="2014" isbn="ISBN83763550019---11">
    <Authors>
      <Author>
        <Name>Fred</Name>
        <Email>fweasley@hogwarts.co.uk</Email>
      </Author>
      <Author>
        <Name>George</Name>
        <Email>gweasley@hogwarts.co.uk</Email>
      </Author>
    </Authors>
    <name>Book2</name>
  </book>
  <book year="2014" isbn="ISBN83763550019---11">
    <Authors>
      <Author>
        <Name>Fred</Name>
        <Email>fweasley@hogwarts.co.uk</Email>
      </Author>
      <Author>
        <Name>George</Name>
        <Email>gweasley@hogwarts.co.uk</Email>
      </Author>
    </Authors>
    <name>Book1</name>
  </book>
  <book year="2014" isbn="ISBN83763550019---11">
    <Authors>
      <Author>
        <Name>Fred</Name>
        <Email>fweasley@hogwarts.co.uk</Email>
      </Author>
      <Author>
        <Name>George</Name>
        <Email>gweasley@hogwarts.co.uk</Email>
      </Author>
    </Authors>
    <name>Book2</name>
  </book>
  <book year="2014" isbn="ISBN83763550019---11">
    <Authors>
      <Author>
        <Name>Fred</Name>
        <Email>fweasley@hogwarts.co.uk</Email>
      </Author>
      <Author>
        <Name>George</Name>
        <Email>gweasley@hogwarts.co.uk</Email>
      </Author>
    </Authors>
    <name>Book1</name>
  </book>
  <book year="2014" isbn="ISBN83763550019---11">
    <Authors>
      <Author>
        <Name>Fred</Name>
        <Email>fweasley@hogwarts.co.uk</Email>
      </Author>
      <Author>
        <Name>George</Name>
        <Email>gweasley@hogwarts.co.uk</Email>
      </Author>
    </Authors>
    <name>Book2</name>
  </book>
  <book year="2014" isbn="ISBN83763550019---11">
    <Authors>
      <Author>
        <Name>Fred</Name>
        <Email>fweasley@hogwarts.co.uk</Email>
      </Author>
      <Author>
        <Name>George</Name>
        <Email>gweasley@hogwarts.co.uk</Email>
      </Author>
    </Authors>
    <name>Book1</name>
  </book>
  <book year="2014" isbn="ISBN83763550019---11">
    <Authors>
      <Author>
        <Name>Fred</Name>
        <Email>fweasley@hogwarts.co.uk</Email>
      </Author>
      <Author>
        <Name>George</Name>
        <Email>gweasley@hogwarts.co.uk</Email>
      </Author>
    </Authors>
    <name>Book2</name>
  </book>
  <book year="2014" isbn="ISBN83763550019---11">
    <Authors>
      <Author>
        <Name>Fred</Name>
        <Email>fweasley@hogwarts.co.uk</Email>
      </Author>
      <Author>
        <Name>George</Name>
        <Email>gweasley@hogwarts.co.uk</Email>
      </Author>
    </Authors>
    <name>Book1</name>
  </book>
  <book year="2014" isbn="ISBN83763550019---11">
    <Authors>
      <Author>
        <Name>Fred</Name>
        <Email>fweasley@hogwarts.co.uk</Email>
      </Author>
      <Author>
        <Name>George</Name>
        <Email>gweasley@hogwarts.co.uk</Email>
      </Author>
    </Authors>
    <name>Book2</name>
  </book>
  <book year="2014" isbn="ISBN83763550019---11">
    <Authors>
      <Author>
        <Name>Fred</Name>
        <Email>fweasley@hogwarts.co.uk</Email>
      </Author>
      <Author>
        <Name>George</Name>
        <Email>gweasley@hogwarts.co.uk</Email>
      </Author>
    </Authors>
    <name>Book1</name>
  </book>
  <book year="2014" isbn="ISBN83763550019---11">
    <Authors>
      <Author>
        <Name>Fred</Name>
        <Email>fweasley@hogwarts.co.uk</Email>
      </Author>
      <Author>
        <Name>George</Name>
        <Email>gweasley@hogwarts.co.uk</Email>
      </Author>
    </Authors>
    <name>Book2</name>
  </book>
  <book year="2014" isbn="ISBN83763550019---11">
    <Authors>
      <Author>
        <Name>Fred</Name>
        <Email>fweasley@hogwarts.co.uk</Email>
      </Author>
      <Author>
        <Name>George</Name>
        <Email>gweasley@hogwarts.co.uk</Email>
      </Author>
    </Authors>
    <name>Book1</name>
  </book>
  <book year="2014" isbn="ISBN83763550019---11">
    <Authors>
      <Author>
        <Name>Fred</Name>
        <Email>fweasley@hogwarts.co.uk</Email>
      </Author>
      <Author>
        <Name>George</Name>
        <Email>gweasley@hogwarts.co.uk</Email>
      </Author>
    </Authors>
    <name>Book2</name>
  </book>
  <book year="2014" isbn="ISBN83763550019---11">
    <Authors>
      <Author>
        <Name>Fred</Name>
        <Email>fweasley@hogwarts.co.uk</Email>
      </Author>
      <Author>
        <Name>George</Name>
        <Email>gweasley@hogwarts.co.uk</Email>
      </Author>
    </Authors>
    <name>Book1</name>
  </book>
  <book year="2014" isbn="ISBN83763550019---11">
    <Authors>
      <Author>
        <Name>Fred</Name>
        <Email>fweasley@hogwarts.co.uk</Email>
      </Author>
      <Author>
        <Name>George</Name>
        <Email>gweasley@hogwarts.co.uk</Email>
      </Author>
    </Authors>
    <name>Book2</name>
  </book>
  <book year="2014" isbn="ISBN83763550019---11">
    <Authors>
      <Author>
        <Name>Fred</Name>
        <Email>fweasley@hogwarts.co.uk</Email>
      </Author>
      <Author>
        <Name>George</Name>
        <Email>gweasley@hogwarts.co.uk</Email>
      </Author>
    </Authors>
    <name>Book1</name>
  </book>
  <book year="2014" isbn="ISBN83763550019---11">
    <Authors>
      <Author>
        <Name>Fred</Name>
        <Email>fweasley@hogwarts.co.uk</Email>
      </Author>
      <Author>
        <Name>George</Name>
        <Email>gweasley@hogwarts.co.uk</Email>
      </Author>
    </Authors>
    <name>Book2</name>
  </book>
  <book year="2014" isbn="ISBN83763550019---11">
    <Authors>
      <Author>
        <Name>Fred</Name>
        <Email>fweasley@hogwarts.co.uk</Email>
      </Author>
      <Author>
        <Name>George</Name>
        <Email>gweasley@hogwarts.co.uk</Email>
      </Author>
    </Authors>
    <name>Book1</name>
  </book>
  <book year="2014" isbn="ISBN83763550019---11">
    <Authors>
      <Author>
        <Name>Fred</Name>
        <Email>fweasley@hogwarts.co.uk</Email>
      </Author>
      <Author>
        <Name>George</Name>
        <Email>gweasley@hogwarts.co.uk</Email>
      </Author>
    </Authors>
    <name>Book2</name>
  </book>
  <book year="2014" isbn="ISBN83763550019---11">
    <Authors>
      <Author>
        <Name>Fred</Name>
        <Email>fweasley@hogwarts.co.uk</Email>
      </Author>
      <Author>
        <Name>George</Name>
        <Email>gweasley@hogwarts.co.uk</Email>
      </Author>
    </Authors>
    <name>Book1</name>
  </book>
  <book year="2014" isbn="ISBN83763550019---11">
    <Authors>
      <Author>
        <Name>Fred</Name>
        <Email>fweasley@hogwarts.co.uk</Email>
      </Author>
      <Author>
        <Name>George</Name>
        <Email>gweasley@hogwarts.co.uk</Email>
      </Author>
    </Authors>
    <name>Book2</name>
  </book>
  <book year="2014" isbn="ISBN83763550019---11">
    <Authors>
      <Author>
        <Name>Fred</Name>
        <Email>fweasley@hogwarts.co.uk</Email>
      </Author>
      <Author>
        <Name>George</Name>
        <Email>gweasley@hogwarts.co.uk</Email>
      </Author>
    </Authors>
    <name>Book1</name>
  </book>
  <book year="2014" isbn="ISBN83763550019---11">
    <Authors>
      <Author>
        <Name>Fred</Name>
        <Email>fweasley@hogwarts.co.uk</Email>
      </Author>
      <Author>
        <Name>George</Name>
        <Email>gweasley@hogwarts.co.uk</Email>
      </Author>
    </Authors>
    <name>Book2</name>
  </book>
  <book year="2014" isbn="ISBN83763550019---11">
    <Authors>
      <Author>
        <Name>Fred</Name>
        <Email>fweasley@hogwarts.co.uk</Email>
      </Author>
      <Author>
        <Name>George</Name>
        <Email>gweasley@hogwarts.co.uk</Email>
      </Author>
    </Authors>
    <name>Book1</name>
  </book>
  <book year="2014" isbn="ISBN83763550019---11">
    <Authors>
      <Author>
        <Name>Fred</Name>
        <Email>fweasley@hogwarts.co.uk</Email>
      </Author>
      <Author>
        <Name>George</Name>
        <Email>gweasley@hogwarts.co.uk</Email>
      </Author>
    </Authors>
    <name>Book2</name>
  </book>
  <book year="2014" isbn="ISBN83763550019---11">
    <Authors>
      <Author>
        <Name>Fred</Name>
        <Email>fweasley@hogwarts.co.uk</Email>
      </Author>
      <Author>
        <Name>George</Name>
        <Email>gweasley@hogwarts.co.uk</Email>
      </Author>
    </Authors>
    <name>Book1</name>
  </book>
  <book year="2014" isbn="ISBN83763550019---11">
    <Authors>
      <Author>
        <Name>Fred</Name>
        <Email>fweasley@hogwarts.co.uk</Email>
      </Author>
      <Author>
        <Name>George</Name>
        <Email>gweasley@hogwarts.co.uk</Email>
      </Author>
    </Authors>
    <name>Book2</name>
  </book>
  <book year="2014" isbn="ISBN83763550019---11">
    <Authors>
      <Author>
        <Name>Fred</Name>
        <Email>fweasley@hogwarts.co.uk</Email>
      </Author>
      <Author>
        <Name>George</Name>
        <Email>gweasley@hogwarts.co.uk</Email>
      </Author>
    </Authors>
    <name>Book1</name>
  </book>
  <book year="2014" isbn="ISBN83763550019---11">
    <Authors>
      <Author>
        <Name>Fred</Name>
        <Email>fweasley@hogwarts.co.uk</Email>
      </Author>
      <Author>
        <Name>George</Name>
        <Email>gweasley@hogwarts.co.uk</Email>
      </Author>
    </Authors>
    <name>Book2</name>
  </book>
  <book year="2014" isbn="ISBN83763550019---11">
    <Authors>
      <Author>
        <Name>Fred</Name>
        <Email>fweasley@hogwarts.co.uk</Email>
      </Author>
      <Author>
        <Name>George</Name>
        <Email>gweasley@hogwarts.co.uk</Email>
      </Author>
    </Authors>
    <name>Book1</name>
  </book>
  <book year="2014" isbn="ISBN83763550019---11">
    <Authors>
      <Author>
        <Name>Fred</Name>
        <Email>fweasley@hogwarts.co.uk</Email>
      </Author>
      <Author>
        <Name>George</Name>
        <Email>gweasley@hogwarts.co.uk</Email>
      </Author>
    </Authors>
    <name>Book2</name>
  </book>
  <book year="2014" isbn="ISBN83763550019---11">
    <Authors>
      <Author>
        <Name>Fred</Name>
        <Email>fweasley@hogwarts.co.uk</Email>
      </Author>
      <Author>
        <Name>George</Name>
        <Email>gweasley@hogwarts.co.uk</Email>
      </Author>
    </Authors>
    <name>Book1</name>
  </book>
  <book year="2014" isbn="ISBN83763550019---11">
    <Authors>
      <Author>
        <Name>Fred</Name>
        <Email>fweasley@hogwarts.co.uk</Email>
      </Author>
      <Author>
        <Name>George</Name>
        <Email>gweasley@hogwarts.co.uk</Email>
      </Author>
    </Authors>
    <name>Book2</name>
  </book>
  <book year="2014" isbn="ISBN83763550019---11">
    <Authors>
      <Author>
        <Name>Fred</Name>
        <Email>fweasley@hogwarts.co.uk</Email>
      </Author>
      <Author>
        <Name>George</Name>
        <Email>gweasley@hogwarts.co.uk</Email>
      </Author>
    </Authors>
    <name>Book1</name>
  </book>
  <book year="2014" isbn="ISBN83763550019---11">
    <Authors>
      <Author>
        <Name>Fred</Name>
        <Email>fweasley@hogwarts.co.uk</Email>
      </Author>
      <Author>
        <Name>George</Name>
        <Email>gweasley@hogwarts.co.uk</Email>
      </Author>
    </Authors>
    <name>Book2</name>
  </book>
  <book year="2014" isbn="ISBN83763550019---11">
    <Authors>
      <Author>
        <Name>Fred</Name>
        <Email>fweasley@hogwarts.co.uk</Email>
      </Author>
      <Author>
        <Name>George</Name>
        <Email>gweasley@hogwarts.co.uk</Email>
      </Author>
    </Authors>
    <name>Book1</name>
  </book>
  <book year="2014" isbn="ISBN83763550019---11">
    <Authors>
      <Author>
        <Name>Fred</Name>
        <Email>fweasley@hogwarts.co.uk</Email>
      </Author>
      <Author>
        <Name>George</Name>
        <Email>gweasley@hogwarts.co.uk</Email>
      </Author>
    </Authors>
    <name>Book2</name>
  </book>
  <book year="2014" isbn="ISBN83763550019---11">
    <Authors>
      <Author>
        <Name>Fred</Name>
        <Email>fweasley@hogwarts.co.uk</Email>
      </Author>
      <Author>
        <Name>George</Name>
        <Email>gweasley@hogwarts.co.uk</Email>
      </Author>
    </Authors>
    <name>Book1</name>
  </book>
  <book year="2014" isbn="ISBN83763550019---11">
    <Authors>
      <Author>
        <Name>Fred</Name>
        <Email>fweasley@hogwarts.co.uk</Email>
      </Author>
      <Author>
        <Name>George</Name>
        <Email>gweasley@hogwarts.co.uk</Email>
      </Author>
    </Authors>
    <name>Book2</name>
  </book>
  <book year="2014" isbn="ISBN83763550019---11">
    <Authors>
      <Author>
        <Name>Fred</Name>
        <Email>fweasley@hogwarts.co.uk</Email>
      </Author>
      <Author>
        <Name>George</Name>
        <Email>gweasley@hogwarts.co.uk</Email>
      </Author>
    </Authors>
    <name>Book1</name>
  </book>
  <book year="2014" isbn="ISBN83763550019---11">
    <Authors>
      <Author>
        <Name>Fred</Name>
        <Email>fweasley@hogwarts.co.uk</Email>
      </Author>
      <Author>
        <Name>George</Name>
        <Email>gweasley@hogwarts.co.uk</Email>
      </Author>
    </Authors>
    <name>Book2</name>
  </book>
  <book year="2014" isbn="ISBN83763550019---11">
    <Authors>
      <Author>
        <Name>Fred</Name>
        <Email>fweasley@hogwarts.co.uk</Email>
      </Author>
      <Author>
        <Name>George</Name>
        <Email>gweasley@hogwarts.co.uk</Email>
      </Author>
    </Authors>
    <name>Book1</name>
  </book>
  <book year="2014" isbn="ISBN83763550019---11">
    <Authors>
      <Author>
        <Name>Fred</Name>
        <Email>fweasley@hogwarts.co.uk</Email>
      </Author>
      <Author>
        <Name>George</Name>
        <Email>gweasley@hogwarts.co.uk</Email>
      </Author>
    </Authors>
    <name>Book2</name>
  </book>
  <book year="2014" isbn="ISBN83763550019---11">
    <Authors>
      <Author>
        <Name>Fred</Name>
        <Email>fweasley@hogwarts.co.uk</Email>
      </Author>
      <Author>
        <Name>George</Name>
        <Email>gweasley@hogwarts.co.uk</Email>
      </Author>
    </Authors>
    <name>Book1</name>
  </book>
  <book year="2014" isbn="ISBN83763550019---11">
    <Authors>
      <Author>
        <Name>Fred</Name>
        <Email>fweasley@hogwarts.co.uk</Email>
      </Author>
      <Author>
        <Name>George</Name>
        <Email>gweasley@hogwarts.co.uk</Email>
      </Author>
    </Authors>
    <name>Book2</name>
  </book>
  <book year="2014" isbn="ISBN83763550019---11">
    <Authors>
      <Author>
        <Name>Fred</Name>
        <Email>fweasley@hogwarts.co.uk</Email>
      </Author>
      <Author>
        <Name>George</Name>
        <Email>gweasley@hogwarts.co.uk</Email>
      </Author>
    </Authors>
    <name>Book1</name>
  </book>
  <book year="2014" isbn="ISBN83763550019---11">
    <Authors>
      <Author>
        <Name>Fred</Name>
        <Email>fweasley@hogwarts.co.uk</Email>
      </Author>
      <Author>
        <Name>George</Name>
        <Email>gweasley@hogwarts.co.uk</Email>
      </Author>
    </Authors>
    <name>Book2</name>
  </book>
  <book year="2014" isbn="ISBN83763550019---11">
    <Authors>
      <Author>
        <Name>Fred</Name>
        <Email>fweasley@hogwarts.co.uk</Email>
      </Author>
      <Author>
        <Name>George</Name>
        <Email>gweasley@hogwarts.co.uk</Email>
      </Author>
    </Authors>
    <name>Book1</name>
  </book>
  <book year="2014" isbn="ISBN83763550019---11">
    <Authors>
      <Author>
        <Name>Fred</Name>
        <Email>fweasley@hogwarts.co.uk</Email>
      </Author>
      <Author>
        <Name>George</Name>
        <Email>gweasley@hogwarts.co.uk</Email>
      </Author>
    </Authors>
    <name>Book2</name>
  </book>
  <book year="2014" isbn="ISBN83763550019---11">
    <Authors>
      <Author>
        <Name>Fred</Name>
        <Email>fweasley@hogwarts.co.uk</Email>
      </Author>
      <Author>
        <Name>George</Name>
        <Email>gweasley@hogwarts.co.uk</Email>
      </Author>
    </Authors>
    <name>Book1</name>
  </book>
  <book year="2014" isbn="ISBN83763550019---11">
    <Authors>
      <Author>
        <Name>Fred</Name>
        <Email>fweasley@hogwarts.co.uk</Email>
      </Author>
      <Author>
        <Name>George</Name>
        <Email>gweasley@hogwarts.co.uk</Email>
      </Author>
    </Authors>
    <name>Book2</name>
  </book>
  <book year="2014" isbn="ISBN83763550019---11">
    <Authors>
      <Author>
        <Name>Fred</Name>
        <Email>fweasley@hogwarts.co.uk</Email>
      </Author>
      <Author>
        <Name>George</Name>
        <Email>gweasley@hogwarts.co.uk</Email>
      </Author>
    </Authors>
    <name>Book1</name>
  </book>
  <book year="2014" isbn="ISBN83763550019---11">
    <Authors>
      <Author>
        <Name>Fred</Name>
        <Email>fweasley@hogwarts.co.uk</Email>
      </Author>
      <Author>
        <Name>George</Name>
        <Email>gweasley@hogwarts.co.uk</Email>
      </Author>
    </Authors>
    <name>Book2</name>
  </book>
  <book year="2014" isbn="ISBN83763550019---11">
    <Authors>
      <Author>
        <Name>Fred</Name>
        <Email>fweasley@hogwarts.co.uk</Email>
      </Author>
      <Author>
        <Name>George</Name>
        <Email>gweasley@hogwarts.co.uk</Email>
      </Author>
    </Authors>
    <name>Book1</name>
  </book>
  <book year="2014" isbn="ISBN83763550019---11">
    <Authors>
      <Author>
        <Name>Fred</Name>
        <Email>fweasley@hogwarts.co.uk</Email>
      </Author>
      <Author>
        <Name>George</Name>
        <Email>gweasley@hogwarts.co.uk</Email>
      </Author>
    </Authors>
    <name>Book2</name>
  </book>
  <book year="2014" isbn="ISBN83763550019---11">
    <Authors>
      <Author>
        <Name>Fred</Name>
        <Email>fweasley@hogwarts.co.uk</Email>
      </Author>
      <Author>
        <Name>George</Name>
        <Email>gweasley@hogwarts.co.uk</Email>
      </Author>
    </Authors>
    <name>Book1</name>
  </book>
  <book year="2014" isbn="ISBN83763550019---11">
    <Authors>
      <Author>
        <Name>Fred</Name>
        <Email>fweasley@hogwarts.co.uk</Email>
      </Author>
      <Author>
        <Name>George</Name>
        <Email>gweasley@hogwarts.co.uk</Email>
      </Author>
    </Authors>
    <name>Book2</name>
  </book>
  <book year="2014" isbn="ISBN83763550019---11">
    <Authors>
      <Author>
        <Name>Fred</Name>
        <Email>fweasley@hogwarts.co.uk</Email>
      </Author>
      <Author>
        <Name>George</Name>
        <Email>gweasley@hogwarts.co.uk</Email>
      </Author>
    </Authors>
    <name>Book1</name>
  </book>
  <book year="2014" isbn="ISBN83763550019---11">
    <Authors>
      <Author>
        <Name>Fred</Name>
        <Email>fweasley@hogwarts.co.uk</Email>
      </Author>
      <Author>
        <Name>George</Name>
        <Email>gweasley@hogwarts.co.uk</Email>
      </Author>
    </Authors>
    <name>Book2</name>
  </book>
  <book year="2014" isbn="ISBN83763550019---11">
    <Authors>
      <Author>
        <Name>Fred</Name>
        <Email>fweasley@hogwarts.co.uk</Email>
      </Author>
      <Author>
        <Name>George</Name>
        <Email>gweasley@hogwarts.co.uk</Email>
      </Author>
    </Authors>
    <name>Book1</name>
  </book>
  <book year="2014" isbn="ISBN83763550019---11">
    <Authors>
      <Author>
        <Name>Fred</Name>
        <Email>fweasley@hogwarts.co.uk</Email>
      </Author>
      <Author>
        <Name>George</Name>
        <Email>gweasley@hogwarts.co.uk</Email>
      </Author>
    </Authors>
    <name>Book2</name>
  </book>
  <book year="2014" isbn="ISBN83763550019---11">
    <Authors>
      <Author>
        <Name>Fred</Name>
        <Email>fweasley@hogwarts.co.uk</Email>
      </Author>
      <Author>
        <Name>George</Name>
        <Email>gweasley@hogwarts.co.uk</Email>
      </Author>
    </Authors>
    <name>Book1</name>
  </book>
  <book year="2014" isbn="ISBN83763550019---11">
    <Authors>
      <Author>
        <Name>Fred</Name>
        <Email>fweasley@hogwarts.co.uk</Email>
      </Author>
      <Author>
        <Name>George</Name>
        <Email>gweasley@hogwarts.co.uk</Email>
      </Author>
    </Authors>
    <name>Book2</name>
  </book>
  <book year="2014" isbn="ISBN83763550019---11">
    <Authors>
      <Author>
        <Name>Fred</Name>
        <Email>fweasley@hogwarts.co.uk</Email>
      </Author>
      <Author>
        <Name>George</Name>
        <Email>gweasley@hogwarts.co.uk</Email>
      </Author>
    </Authors>
    <name>Book1</name>
  </book>
  <book year="2014" isbn="ISBN83763550019---11">
    <Authors>
      <Author>
        <Name>Fred</Name>
        <Email>fweasley@hogwarts.co.uk</Email>
      </Author>
      <Author>
        <Name>George</Name>
        <Email>gweasley@hogwarts.co.uk</Email>
      </Author>
    </Authors>
    <name>Book2</name>
  </book>
  <book year="2014" isbn="ISBN83763550019---11">
    <Authors>
      <Author>
        <Name>Fred</Name>
        <Email>fweasley@hogwarts.co.uk</Email>
      </Author>
      <Author>
        <Name>George</Name>
        <Email>gweasley@hogwarts.co.uk</Email>
      </Author>
    </Authors>
    <name>Book1</name>
  </book>
  <book year="2014" isbn="ISBN83763550019---11">
    <Authors>
      <Author>
        <Name>Fred</Name>
        <Email>fweasley@hogwarts.co.uk</Email>
      </Author>
      <Author>
        <Name>George</Name>
        <Email>gweasley@hogwarts.co.uk</Email>
      </Author>
    </Authors>
    <name>Book2</name>
  </book>
  <book year="2014" isbn="ISBN83763550019---11">
    <Authors>
      <Author>
        <Name>Fred</Name>
        <Email>fweasley@hogwarts.co.uk</Email>
      </Author>
      <Author>
        <Name>George</Name>
        <Email>gweasley@hogwarts.co.uk</Email>
      </Author>
    </Authors>
    <name>Book1</name>
  </book>
  <book year="2014" isbn="ISBN83763550019---11">
    <Authors>
      <Author>
        <Name>Fred</Name>
        <Email>fweasley@hogwarts.co.uk</Email>
      </Author>
      <Author>
        <Name>George</Name>
        <Email>gweasley@hogwarts.co.uk</Email>
      </Author>
    </Authors>
    <name>Book2</name>
  </book>
  <book year="2014" isbn="ISBN83763550019---11">
    <Authors>
      <Author>
        <Name>Fred</Name>
        <Email>fweasley@hogwarts.co.uk</Email>
      </Author>
      <Author>
        <Name>George</Name>
        <Email>gweasley@hogwarts.co.uk</Email>
      </Author>
    </Authors>
    <name>Book1</name>
  </book>
  <book year="2014" isbn="ISBN83763550019---11">
    <Authors>
      <Author>
        <Name>Fred</Name>
        <Email>fweasley@hogwarts.co.uk</Email>
      </Author>
      <Author>
        <Name>George</Name>
        <Email>gweasley@hogwarts.co.uk</Email>
      </Author>
    </Authors>
    <name>Book2</name>
  </book>
  <book year="2014" isbn="ISBN83763550019---11">
    <Authors>
      <Author>
        <Name>Fred</Name>
        <Email>fweasley@hogwarts.co.uk</Email>
      </Author>
      <Author>
        <Name>George</Name>
        <Email>gweasley@hogwarts.co.uk</Email>
      </Author>
    </Authors>
    <name>Book1</name>
  </book>
  <book year="2014" isbn="ISBN83763550019---11">
    <Authors>
      <Author>
        <Name>Fred</Name>
        <Email>fweasley@hogwarts.co.uk</Email>
      </Author>
      <Author>
        <Name>George</Name>
        <Email>gweasley@hogwarts.co.uk</Email>
      </Author>
    </Authors>
    <name>Book2</name>
  </book>
  <book year="2014" isbn="ISBN83763550019---11">
    <Authors>
      <Author>
        <Name>Fred</Name>
        <Email>fweasley@hogwarts.co.uk</Email>
      </Author>
      <Author>
        <Name>George</Name>
        <Email>gweasley@hogwarts.co.uk</Email>
      </Author>
    </Authors>
    <name>Book1</name>
  </book>
  <book year="2014" isbn="ISBN83763550019---11">
    <Authors>
      <Author>
        <Name>Fred</Name>
        <Email>fweasley@hogwarts.co.uk</Email>
      </Author>
      <Author>
        <Name>George</Name>
        <Email>gweasley@hogwarts.co.uk</Email>
      </Author>
    </Authors>
    <name>Book2</name>
  </book>
  <book year="2014" isbn="ISBN83763550019---11">
    <Authors>
      <Author>
        <Name>Fred</Name>
        <Email>fweasley@hogwarts.co.uk</Email>
      </Author>
      <Author>
        <Name>George</Name>
        <Email>gweasley@hogwarts.co.uk</Email>
      </Author>
    </Authors>
    <name>Book1</name>
  </book>
  <book year="2014" isbn="ISBN83763550019---11">
    <Authors>
      <Author>
        <Name>Fred</Name>
        <Email>fweasley@hogwarts.co.uk</Email>
      </Author>
      <Author>
        <Name>George</Name>
        <Email>gweasley@hogwarts.co.uk</Email>
      </Author>
    </Authors>
    <name>Book2</name>
  </book>
  <book year="2014" isbn="ISBN83763550019---11">
    <Authors>
      <Author>
        <Name>Fred</Name>
        <Email>fweasley@hogwarts.co.uk</Email>
      </Author>
      <Author>
        <Name>George</Name>
        <Email>gweasley@hogwarts.co.uk</Email>
      </Author>
    </Authors>
    <name>Book1</name>
  </book>
  <book year="2014" isbn="ISBN83763550019---11">
    <Authors>
      <Author>
        <Name>Fred</Name>
        <Email>fweasley@hogwarts.co.uk</Email>
      </Author>
      <Author>
        <Name>George</Name>
        <Email>gweasley@hogwarts.co.uk</Email>
      </Author>
    </Authors>
    <name>Book2</name>
  </book>
  <book year="2014" isbn="ISBN83763550019---11">
    <Authors>
      <Author>
        <Name>Fred</Name>
        <Email>fweasley@hogwarts.co.uk</Email>
      </Author>
      <Author>
        <Name>George</Name>
        <Email>gweasley@hogwarts.co.uk</Email>
      </Author>
    </Authors>
    <name>Book1</name>
  </book>
  <book year="2014" isbn="ISBN83763550019---11">
    <Authors>
      <Author>
        <Name>Fred</Name>
        <Email>fweasley@hogwarts.co.uk</Email>
      </Author>
      <Author>
        <Name>George</Name>
        <Email>gweasley@hogwarts.co.uk</Email>
      </Author>
    </Authors>
    <name>Book2</name>
  </book>
  <book year="2014" isbn="ISBN83763550019---11">
    <Authors>
      <Author>
        <Name>Fred</Name>
        <Email>fweasley@hogwarts.co.uk</Email>
      </Author>
      <Author>
        <Name>George</Name>
        <Email>gweasley@hogwarts.co.uk</Email>
      </Author>
    </Authors>
    <name>Book1</name>
  </book>
  <book year="2014" isbn="ISBN83763550019---11">
    <Authors>
      <Author>
        <Name>Fred</Name>
        <Email>fweasley@hogwarts.co.uk</Email>
      </Author>
      <Author>
        <Name>George</Name>
        <Email>gweasley@hogwarts.co.uk</Email>
      </Author>
    </Authors>
    <name>Book2</name>
  </book>
  <book year="2014" isbn="ISBN83763550019---11">
    <Authors>
      <Author>
        <Name>Fred</Name>
        <Email>fweasley@hogwarts.co.uk</Email>
      </Author>
      <Author>
        <Name>George</Name>
        <Email>gweasley@hogwarts.co.uk</Email>
      </Author>
    </Authors>
    <name>Book1</name>
  </book>
  <book year="2014" isbn="ISBN83763550019---11">
    <Authors>
      <Author>
        <Name>Fred</Name>
        <Email>fweasley@hogwarts.co.uk</Email>
      </Author>
      <Author>
        <Name>George</Name>
        <Email>gweasley@hogwarts.co.uk</Email>
      </Author>
    </Authors>
    <name>Book2</name>
  </book>
  <book year="2014" isbn="ISBN83763550019---11">
    <Authors>
      <Author>
        <Name>Fred</Name>
        <Email>fweasley@hogwarts.co.uk</Email>
      </Author>
      <Author>
        <Name>George</Name>
        <Email>gweasley@hogwarts.co.uk</Email>
      </Author>
    </Authors>
    <name>Book1</name>
  </book>
  <book year="2014" isbn="ISBN83763550019---11">
    <Authors>
      <Author>
        <Name>Fred</Name>
        <Email>fweasley@hogwarts.co.uk</Email>
      </Author>
      <Author>
        <Name>George</Name>
        <Email>gweasley@hogwarts.co.uk</Email>
      </Author>
    </Authors>
    <name>Book2</name>
  </book>
  <book year="2014" isbn="ISBN83763550019---11">
    <Authors>
      <Author>
        <Name>Fred</Name>
        <Email>fweasley@hogwarts.co.uk</Email>
      </Author>
      <Author>
        <Name>George</Name>
        <Email>gweasley@hogwarts.co.uk</Email>
      </Author>
    </Authors>
    <name>Book1</name>
  </book>
  <book year="2014" isbn="ISBN83763550019---11">
    <Authors>
      <Author>
        <Name>Fred</Name>
        <Email>fweasley@hogwarts.co.uk</Email>
      </Author>
      <Author>
        <Name>George</Name>
        <Email>gweasley@hogwarts.co.uk</Email>
      </Author>
    </Authors>
    <name>Book2</name>
  </book>
  <book year="2014" isbn="ISBN83763550019---11">
    <Authors>
      <Author>
        <Name>Fred</Name>
        <Email>fweasley@hogwarts.co.uk</Email>
      </Author>
      <Author>
        <Name>George</Name>
        <Email>gweasley@hogwarts.co.uk</Email>
      </Author>
    </Authors>
    <name>Book1</name>
  </book>
  <book year="2014" isbn="ISBN83763550019---11">
    <Authors>
      <Author>
        <Name>Fred</Name>
        <Email>fweasley@hogwarts.co.uk</Email>
      </Author>
      <Author>
        <Name>George</Name>
        <Email>gweasley@hogwarts.co.uk</Email>
      </Author>
    </Authors>
    <name>Book2</name>
  </book>
  <book year="2014" isbn="ISBN83763550019---11">
    <Authors>
      <Author>
        <Name>Fred</Name>
        <Email>fweasley@hogwarts.co.uk</Email>
      </Author>
      <Author>
        <Name>George</Name>
        <Email>gweasley@hogwarts.co.uk</Email>
      </Author>
    </Authors>
    <name>Book1</name>
  </book>
  <book year="2014" isbn="ISBN83763550019---11">
    <Authors>
      <Author>
        <Name>Fred</Name>
        <Email>fweasley@hogwarts.co.uk</Email>
      </Author>
      <Author>
        <Name>George</Name>
        <Email>gweasley@hogwarts.co.uk</Email>
      </Author>
    </Authors>
    <name>Book2</name>
  </book>
  <book year="2014" isbn="ISBN83763550019---11">
    <Authors>
      <Author>
        <Name>Fred</Name>
        <Email>fweasley@hogwarts.co.uk</Email>
      </Author>
      <Author>
        <Name>George</Name>
        <Email>gweasley@hogwarts.co.uk</Email>
      </Author>
    </Authors>
    <name>Book1</name>
  </book>
  <book year="2014" isbn="ISBN83763550019---11">
    <Authors>
      <Author>
        <Name>Fred</Name>
        <Email>fweasley@hogwarts.co.uk</Email>
      </Author>
      <Author>
        <Name>George</Name>
        <Email>gweasley@hogwarts.co.uk</Email>
      </Author>
    </Authors>
    <name>Book2</name>
  </book>
  <book year="2014" isbn="ISBN83763550019---11">
    <Authors>
      <Author>
        <Name>Fred</Name>
        <Email>fweasley@hogwarts.co.uk</Email>
      </Author>
      <Author>
        <Name>George</Name>
        <Email>gweasley@hogwarts.co.uk</Email>
      </Author>
    </Authors>
    <name>Book1</name>
  </book>
  <book year="2014" isbn="ISBN83763550019---11">
    <Authors>
      <Author>
        <Name>Fred</Name>
        <Email>fweasley@hogwarts.co.uk</Email>
      </Author>
      <Author>
        <Name>George</Name>
        <Email>gweasley@hogwarts.co.uk</Email>
      </Author>
    </Authors>
    <name>Book2</name>
  </book>
  <book year="2014" isbn="ISBN83763550019---11">
    <Authors>
      <Author>
        <Name>Fred</Name>
        <Email>fweasley@hogwarts.co.uk</Email>
      </Author>
      <Author>
        <Name>George</Name>
        <Email>gweasley@hogwarts.co.uk</Email>
      </Author>
    </Authors>
    <name>Book1</name>
  </book>
  <book year="2014" isbn="ISBN83763550019---11">
    <Authors>
      <Author>
        <Name>Fred</Name>
        <Email>fweasley@hogwarts.co.uk</Email>
      </Author>
      <Author>
        <Name>George</Name>
        <Email>gweasley@hogwarts.co.uk</Email>
      </Author>
    </Authors>
    <name>Book2</name>
  </book>
  <book year="2014" isbn="ISBN83763550019---11">
    <Authors>
      <Author>
        <Name>Fred</Name>
        <Email>fweasley@hogwarts.co.uk</Email>
      </Author>
      <Author>
        <Name>George</Name>
        <Email>gweasley@hogwarts.co.uk</Email>
      </Author>
    </Authors>
    <name>Book1</name>
  </book>
  <book year="2014" isbn="ISBN83763550019---11">
    <Authors>
      <Author>
        <Name>Fred</Name>
        <Email>fweasley@hogwarts.co.uk</Email>
      </Author>
      <Author>
        <Name>George</Name>
        <Email>gweasley@hogwarts.co.uk</Email>
      </Author>
    </Authors>
    <name>Book2</name>
  </book>
  <book year="2014" isbn="ISBN83763550019---11">
    <Authors>
      <Author>
        <Name>Fred</Name>
        <Email>fweasley@hogwarts.co.uk</Email>
      </Author>
      <Author>
        <Name>George</Name>
        <Email>gweasley@hogwarts.co.uk</Email>
      </Author>
    </Authors>
    <name>Book1</name>
  </book>
  <book year="2014" isbn="ISBN83763550019---11">
    <Authors>
      <Author>
        <Name>Fred</Name>
        <Email>fweasley@hogwarts.co.uk</Email>
      </Author>
      <Author>
        <Name>George</Name>
        <Email>gweasley@hogwarts.co.uk</Email>
      </Author>
    </Authors>
    <name>Book2</name>
  </book>
  <book year="2014" isbn="ISBN83763550019---11">
    <Authors>
      <Author>
        <Name>Fred</Name>
        <Email>fweasley@hogwarts.co.uk</Email>
      </Author>
      <Author>
        <Name>George</Name>
        <Email>gweasley@hogwarts.co.uk</Email>
      </Author>
    </Authors>
    <name>Book1</name>
  </book>
  <book year="2014" isbn="ISBN83763550019---11">
    <Authors>
      <Author>
        <Name>Fred</Name>
        <Email>fweasley@hogwarts.co.uk</Email>
      </Author>
      <Author>
        <Name>George</Name>
        <Email>gweasley@hogwarts.co.uk</Email>
      </Author>
    </Authors>
    <name>Book2</name>
  </book>
  <book year="2014" isbn="ISBN83763550019---11">
    <Authors>
      <Author>
        <Name>Fred</Name>
        <Email>fweasley@hogwarts.co.uk</Email>
      </Author>
      <Author>
        <Name>George</Name>
        <Email>gweasley@hogwarts.co.uk</Email>
      </Author>
    </Authors>
    <name>Book1</name>
  </book>
  <book year="2014" isbn="ISBN83763550019---11">
    <Authors>
      <Author>
        <Name>Fred</Name>
        <Email>fweasley@hogwarts.co.uk</Email>
      </Author>
      <Author>
        <Name>George</Name>
        <Email>gweasley@hogwarts.co.uk</Email>
      </Author>
    </Authors>
    <name>Book2</name>
  </book>
  <book year="2014" isbn="ISBN83763550019---11">
    <Authors>
      <Author>
        <Name>Fred</Name>
        <Email>fweasley@hogwarts.co.uk</Email>
      </Author>
      <Author>
        <Name>George</Name>
        <Email>gweasley@hogwarts.co.uk</Email>
      </Author>
    </Authors>
    <name>Book1</name>
  </book>
  <book year="2014" isbn="ISBN83763550019---11">
    <Authors>
      <Author>
        <Name>Fred</Name>
        <Email>fweasley@hogwarts.co.uk</Email>
      </Author>
      <Author>
        <Name>George</Name>
        <Email>gweasley@hogwarts.co.uk</Email>
      </Author>
    </Authors>
    <name>Book2</name>
  </book>
  <book year="2014" isbn="ISBN83763550019---11">
    <Authors>
      <Author>
        <Name>Fred</Name>
        <Email>fweasley@hogwarts.co.uk</Email>
      </Author>
      <Author>
        <Name>George</Name>
        <Email>gweasley@hogwarts.co.uk</Email>
      </Author>
    </Authors>
    <name>Book1</name>
  </book>
  <book year="2014" isbn="ISBN83763550019---11">
    <Authors>
      <Author>
        <Name>Fred</Name>
        <Email>fweasley@hogwarts.co.uk</Email>
      </Author>
      <Author>
        <Name>George</Name>
        <Email>gweasley@hogwarts.co.uk</Email>
      </Author>
    </Authors>
    <name>Book2</name>
  </book>
  <book year="2014" isbn="ISBN83763550019---11">
    <Authors>
      <Author>
        <Name>Fred</Name>
        <Email>fweasley@hogwarts.co.uk</Email>
      </Author>
      <Author>
        <Name>George</Name>
        <Email>gweasley@hogwarts.co.uk</Email>
      </Author>
    </Authors>
    <name>Book1</name>
  </book>
  <book year="2014" isbn="ISBN83763550019---11">
    <Authors>
      <Author>
        <Name>Fred</Name>
        <Email>fweasley@hogwarts.co.uk</Email>
      </Author>
      <Author>
        <Name>George</Name>
        <Email>gweasley@hogwarts.co.uk</Email>
      </Author>
    </Authors>
    <name>Book2</name>
  </book>
  <book year="2014" isbn="ISBN83763550019---11">
    <Authors>
      <Author>
        <Name>Fred</Name>
        <Email>fweasley@hogwarts.co.uk</Email>
      </Author>
      <Author>
        <Name>George</Name>
        <Email>gweasley@hogwarts.co.uk</Email>
      </Author>
    </Authors>
    <name>Book1</name>
  </book>
  <book year="2014" isbn="ISBN83763550019---11">
    <Authors>
      <Author>
        <Name>Fred</Name>
        <Email>fweasley@hogwarts.co.uk</Email>
      </Author>
      <Author>
        <Name>George</Name>
        <Email>gweasley@hogwarts.co.uk</Email>
      </Author>
    </Authors>
    <name>Book2</name>
  </book>
  <book year="2014" isbn="ISBN83763550019---11">
    <Authors>
      <Author>
        <Name>Fred</Name>
        <Email>fweasley@hogwarts.co.uk</Email>
      </Author>
      <Author>
        <Name>George</Name>
        <Email>gweasley@hogwarts.co.uk</Email>
      </Author>
    </Authors>
    <name>Book1</name>
  </book>
  <book year="2014" isbn="ISBN83763550019---11">
    <Authors>
      <Author>
        <Name>Fred</Name>
        <Email>fweasley@hogwarts.co.uk</Email>
      </Author>
      <Author>
        <Name>George</Name>
        <Email>gweasley@hogwarts.co.uk</Email>
      </Author>
    </Authors>
    <name>Book2</name>
  </book>
  <book year="2014" isbn="ISBN83763550019---11">
    <Authors>
      <Author>
        <Name>Fred</Name>
        <Email>fweasley@hogwarts.co.uk</Email>
      </Author>
      <Author>
        <Name>George</Name>
        <Email>gweasley@hogwarts.co.uk</Email>
      </Author>
    </Authors>
    <name>Book1</name>
  </book>
  <book year="2014" isbn="ISBN83763550019---11">
    <Authors>
      <Author>
        <Name>Fred</Name>
        <Email>fweasley@hogwarts.co.uk</Email>
      </Author>
      <Author>
        <Name>George</Name>
        <Email>gweasley@hogwarts.co.uk</Email>
      </Author>
    </Authors>
    <name>Book2</name>
  </book>
  <book year="2014" isbn="ISBN83763550019---11">
    <Authors>
      <Author>
        <Name>Fred</Name>
        <Email>fweasley@hogwarts.co.uk</Email>
      </Author>
      <Author>
        <Name>George</Name>
        <Email>gweasley@hogwarts.co.uk</Email>
      </Author>
    </Authors>
    <name>Book1</name>
  </book>
  <book year="2014" isbn="ISBN83763550019---11">
    <Authors>
      <Author>
        <Name>Fred</Name>
        <Email>fweasley@hogwarts.co.uk</Email>
      </Author>
      <Author>
        <Name>George</Name>
        <Email>gweasley@hogwarts.co.uk</Email>
      </Author>
    </Authors>
    <name>Book2</name>
  </book>
  <book year="2014" isbn="ISBN83763550019---11">
    <Authors>
      <Author>
        <Name>Fred</Name>
        <Email>fweasley@hogwarts.co.uk</Email>
      </Author>
      <Author>
        <Name>George</Name>
        <Email>gweasley@hogwarts.co.uk</Email>
      </Author>
    </Authors>
    <name>Book1</name>
  </book>
  <book year="2014" isbn="ISBN83763550019---11">
    <Authors>
      <Author>
        <Name>Fred</Name>
        <Email>fweasley@hogwarts.co.uk</Email>
      </Author>
      <Author>
        <Name>George</Name>
        <Email>gweasley@hogwarts.co.uk</Email>
      </Author>
    </Authors>
    <name>Book2</name>
  </book>
  <book year="2014" isbn="ISBN83763550019---11">
    <Authors>
      <Author>
        <Name>Fred</Name>
        <Email>fweasley@hogwarts.co.uk</Email>
      </Author>
      <Author>
        <Name>George</Name>
        <Email>gweasley@hogwarts.co.uk</Email>
      </Author>
    </Authors>
    <name>Book1</name>
  </book>
  <book year="2014" isbn="ISBN83763550019---11">
    <Authors>
      <Author>
        <Name>Fred</Name>
        <Email>fweasley@hogwarts.co.uk</Email>
      </Author>
      <Author>
        <Name>George</Name>
        <Email>gweasley@hogwarts.co.uk</Email>
      </Author>
    </Authors>
    <name>Book2</name>
  </book>
  <book year="2014" isbn="ISBN83763550019---11">
    <Authors>
      <Author>
        <Name>Fred</Name>
        <Email>fweasley@hogwarts.co.uk</Email>
      </Author>
      <Author>
        <Name>George</Name>
        <Email>gweasley@hogwarts.co.uk</Email>
      </Author>
    </Authors>
    <name>Book1</name>
  </book>
  <book year="2014" isbn="ISBN83763550019---11">
    <Authors>
      <Author>
        <Name>Fred</Name>
        <Email>fweasley@hogwarts.co.uk</Email>
      </Author>
      <Author>
        <Name>George</Name>
        <Email>gweasley@hogwarts.co.uk</Email>
      </Author>
    </Authors>
    <name>Book2</name>
  </book>
  <book year="2014" isbn="ISBN83763550019---11">
    <Authors>
      <Author>
        <Name>Fred</Name>
        <Email>fweasley@hogwarts.co.uk</Email>
      </Author>
      <Author>
        <Name>George</Name>
        <Email>gweasley@hogwarts.co.uk</Email>
      </Author>
    </Authors>
    <name>Book1</name>
  </book>
  <book year="2014" isbn="ISBN83763550019---11">
    <Authors>
      <Author>
        <Name>Fred</Name>
        <Email>fweasley@hogwarts.co.uk</Email>
      </Author>
      <Author>
        <Name>George</Name>
        <Email>gweasley@hogwarts.co.uk</Email>
      </Author>
    </Authors>
    <name>Book2</name>
  </book>
  <book year="2014" isbn="ISBN83763550019---11">
    <Authors>
      <Author>
        <Name>Fred</Name>
        <Email>fweasley@hogwarts.co.uk</Email>
      </Author>
      <Author>
        <Name>George</Name>
        <Email>gweasley@hogwarts.co.uk</Email>
      </Author>
    </Authors>
    <name>Book1</name>
  </book>
  <book year="2014" isbn="ISBN83763550019---11">
    <Authors>
      <Author>
        <Name>Fred</Name>
        <Email>fweasley@hogwarts.co.uk</Email>
      </Author>
      <Author>
        <Name>George</Name>
        <Email>gweasley@hogwarts.co.uk</Email>
      </Author>
    </Authors>
    <name>Book2</name>
  </book>
  <book year="2014" isbn="ISBN83763550019---11">
    <Authors>
      <Author>
        <Name>Fred</Name>
        <Email>fweasley@hogwarts.co.uk</Email>
      </Author>
      <Author>
        <Name>George</Name>
        <Email>gweasley@hogwarts.co.uk</Email>
      </Author>
    </Authors>
    <name>Book1</name>
  </book>
  <book year="2014" isbn="ISBN83763550019---11">
    <Authors>
      <Author>
        <Name>Fred</Name>
        <Email>fweasley@hogwarts.co.uk</Email>
      </Author>
      <Author>
        <Name>George</Name>
        <Email>gweasley@hogwarts.co.uk</Email>
      </Author>
    </Authors>
    <name>Book2</name>
  </book>
  <book year="2014" isbn="ISBN83763550019---11">
    <Authors>
      <Author>
        <Name>Fred</Name>
        <Email>fweasley@hogwarts.co.uk</Email>
      </Author>
      <Author>
        <Name>George</Name>
        <Email>gweasley@hogwarts.co.uk</Email>
      </Author>
    </Authors>
    <name>Book1</name>
  </book>
  <book year="2014" isbn="ISBN83763550019---11">
    <Authors>
      <Author>
        <Name>Fred</Name>
        <Email>fweasley@hogwarts.co.uk</Email>
      </Author>
      <Author>
        <Name>George</Name>
        <Email>gweasley@hogwarts.co.uk</Email>
      </Author>
    </Authors>
    <name>Book2</name>
  </book>
  <book year="2014" isbn="ISBN83763550019---11">
    <Authors>
      <Author>
        <Name>Fred</Name>
        <Email>fweasley@hogwarts.co.uk</Email>
      </Author>
      <Author>
        <Name>George</Name>
        <Email>gweasley@hogwarts.co.uk</Email>
      </Author>
    </Authors>
    <name>Book1</name>
  </book>
  <book year="2014" isbn="ISBN83763550019---11">
    <Authors>
      <Author>
        <Name>Fred</Name>
        <Email>fweasley@hogwarts.co.uk</Email>
      </Author>
      <Author>
        <Name>George</Name>
        <Email>gweasley@hogwarts.co.uk</Email>
      </Author>
    </Authors>
    <name>Book2</name>
  </book>
  <book year="2014" isbn="ISBN83763550019---11">
    <Authors>
      <Author>
        <Name>Fred</Name>
        <Email>fweasley@hogwarts.co.uk</Email>
      </Author>
      <Author>
        <Name>George</Name>
        <Email>gweasley@hogwarts.co.uk</Email>
      </Author>
    </Authors>
    <name>Book1</name>
  </book>
  <book year="2014" isbn="ISBN83763550019---11">
    <Authors>
      <Author>
        <Name>Fred</Name>
        <Email>fweasley@hogwarts.co.uk</Email>
      </Author>
      <Author>
        <Name>George</Name>
        <Email>gweasley@hogwarts.co.uk</Email>
      </Author>
    </Authors>
    <name>Book2</name>
  </book>
  <book year="2014" isbn="ISBN83763550019---11">
    <Authors>
      <Author>
        <Name>Fred</Name>
        <Email>fweasley@hogwarts.co.uk</Email>
      </Author>
      <Author>
        <Name>George</Name>
        <Email>gweasley@hogwarts.co.uk</Email>
      </Author>
    </Authors>
    <name>Book1</name>
  </book>
  <book year="2014" isbn="ISBN83763550019---11">
    <Authors>
      <Author>
        <Name>Fred</Name>
        <Email>fweasley@hogwarts.co.uk</Email>
      </Author>
      <Author>
        <Name>George</Name>
        <Email>gweasley@hogwarts.co.uk</Email>
      </Author>
    </Authors>
    <name>Book2</name>
  </book>
  <book year="2014" isbn="ISBN83763550019---11">
    <Authors>
      <Author>
        <Name>Fred</Name>
        <Email>fweasley@hogwarts.co.uk</Email>
      </Author>
      <Author>
        <Name>George</Name>
        <Email>gweasley@hogwarts.co.uk</Email>
      </Author>
    </Authors>
    <name>Book1</name>
  </book>
  <book year="2014" isbn="ISBN83763550019---11">
    <Authors>
      <Author>
        <Name>Fred</Name>
        <Email>fweasley@hogwarts.co.uk</Email>
      </Author>
      <Author>
        <Name>George</Name>
        <Email>gweasley@hogwarts.co.uk</Email>
      </Author>
    </Authors>
    <name>Book2</name>
  </book>
  <book year="2014" isbn="ISBN83763550019---11">
    <Authors>
      <Author>
        <Name>Fred</Name>
        <Email>fweasley@hogwarts.co.uk</Email>
      </Author>
      <Author>
        <Name>George</Name>
        <Email>gweasley@hogwarts.co.uk</Email>
      </Author>
    </Authors>
    <name>Book1</name>
  </book>
  <book year="2014" isbn="ISBN83763550019---11">
    <Authors>
      <Author>
        <Name>Fred</Name>
        <Email>fweasley@hogwarts.co.uk</Email>
      </Author>
      <Author>
        <Name>George</Name>
        <Email>gweasley@hogwarts.co.uk</Email>
      </Author>
    </Authors>
    <name>Book2</name>
  </book>
  <book year="2014" isbn="ISBN83763550019---11">
    <Authors>
      <Author>
        <Name>Fred</Name>
        <Email>fweasley@hogwarts.co.uk</Email>
      </Author>
      <Author>
        <Name>George</Name>
        <Email>gweasley@hogwarts.co.uk</Email>
      </Author>
    </Authors>
    <name>Book1</name>
  </book>
  <book year="2014" isbn="ISBN83763550019---11">
    <Authors>
      <Author>
        <Name>Fred</Name>
        <Email>fweasley@hogwarts.co.uk</Email>
      </Author>
      <Author>
        <Name>George</Name>
        <Email>gweasley@hogwarts.co.uk</Email>
      </Author>
    </Authors>
    <name>Book2</name>
  </book>
  <book year="2014" isbn="ISBN83763550019---11">
    <Authors>
      <Author>
        <Name>Fred</Name>
        <Email>fweasley@hogwarts.co.uk</Email>
      </Author>
      <Author>
        <Name>George</Name>
        <Email>gweasley@hogwarts.co.uk</Email>
      </Author>
    </Authors>
    <name>Book1</name>
  </book>
  <book year="2014" isbn="ISBN83763550019---11">
    <Authors>
      <Author>
        <Name>Fred</Name>
        <Email>fweasley@hogwarts.co.uk</Email>
      </Author>
      <Author>
        <Name>George</Name>
        <Email>gweasley@hogwarts.co.uk</Email>
      </Author>
    </Authors>
    <name>Book2</name>
  </book>
  <book year="2014" isbn="ISBN83763550019---11">
    <Authors>
      <Author>
        <Name>Fred</Name>
        <Email>fweasley@hogwarts.co.uk</Email>
      </Author>
      <Author>
        <Name>George</Name>
        <Email>gweasley@hogwarts.co.uk</Email>
      </Author>
    </Authors>
    <name>Book1</name>
  </book>
  <book year="2014" isbn="ISBN83763550019---11">
    <Authors>
      <Author>
        <Name>Fred</Name>
        <Email>fweasley@hogwarts.co.uk</Email>
      </Author>
      <Author>
        <Name>George</Name>
        <Email>gweasley@hogwarts.co.uk</Email>
      </Author>
    </Authors>
    <name>Book2</name>
  </book>
  <book year="2014" isbn="ISBN83763550019---11">
    <Authors>
      <Author>
        <Name>Fred</Name>
        <Email>fweasley@hogwarts.co.uk</Email>
      </Author>
      <Author>
        <Name>George</Name>
        <Email>gweasley@hogwarts.co.uk</Email>
      </Author>
    </Authors>
    <name>Book1</name>
  </book>
  <book year="2014" isbn="ISBN83763550019---11">
    <Authors>
      <Author>
        <Name>Fred</Name>
        <Email>fweasley@hogwarts.co.uk</Email>
      </Author>
      <Author>
        <Name>George</Name>
        <Email>gweasley@hogwarts.co.uk</Email>
      </Author>
    </Authors>
    <name>Book2</name>
  </book>
  <book year="2014" isbn="ISBN83763550019---11">
    <Authors>
      <Author>
        <Name>Fred</Name>
        <Email>fweasley@hogwarts.co.uk</Email>
      </Author>
      <Author>
        <Name>George</Name>
        <Email>gweasley@hogwarts.co.uk</Email>
      </Author>
    </Authors>
    <name>Book1</name>
  </book>
  <book year="2014" isbn="ISBN83763550019---11">
    <Authors>
      <Author>
        <Name>Fred</Name>
        <Email>fweasley@hogwarts.co.uk</Email>
      </Author>
      <Author>
        <Name>George</Name>
        <Email>gweasley@hogwarts.co.uk</Email>
      </Author>
    </Authors>
    <name>Book2</name>
  </book>
  <book year="2014" isbn="ISBN83763550019---11">
    <Authors>
      <Author>
        <Name>Fred</Name>
        <Email>fweasley@hogwarts.co.uk</Email>
      </Author>
      <Author>
        <Name>George</Name>
        <Email>gweasley@hogwarts.co.uk</Email>
      </Author>
    </Authors>
    <name>Book1</name>
  </book>
  <book year="2014" isbn="ISBN83763550019---11">
    <Authors>
      <Author>
        <Name>Fred</Name>
        <Email>fweasley@hogwarts.co.uk</Email>
      </Author>
      <Author>
        <Name>George</Name>
        <Email>gweasley@hogwarts.co.uk</Email>
      </Author>
    </Authors>
    <name>Book2</name>
  </book>
  <book year="2014" isbn="ISBN83763550019---11">
    <Authors>
      <Author>
        <Name>Fred</Name>
        <Email>fweasley@hogwarts.co.uk</Email>
      </Author>
      <Author>
        <Name>George</Name>
        <Email>gweasley@hogwarts.co.uk</Email>
      </Author>
    </Authors>
    <name>Book1</name>
  </book>
  <book year="2014" isbn="ISBN83763550019---11">
    <Authors>
      <Author>
        <Name>Fred</Name>
        <Email>fweasley@hogwarts.co.uk</Email>
      </Author>
      <Author>
        <Name>George</Name>
        <Email>gweasley@hogwarts.co.uk</Email>
      </Author>
    </Authors>
    <name>Book2</name>
  </book>
  <book year="2014" isbn="ISBN83763550019---11">
    <Authors>
      <Author>
        <Name>Fred</Name>
        <Email>fweasley@hogwarts.co.uk</Email>
      </Author>
      <Author>
        <Name>George</Name>
        <Email>gweasley@hogwarts.co.uk</Email>
      </Author>
    </Authors>
    <name>Book1</name>
  </book>
  <book year="2014" isbn="ISBN83763550019---11">
    <Authors>
      <Author>
        <Name>Fred</Name>
        <Email>fweasley@hogwarts.co.uk</Email>
      </Author>
      <Author>
        <Name>George</Name>
        <Email>gweasley@hogwarts.co.uk</Email>
      </Author>
    </Authors>
    <name>Book2</name>
  </book>
  <book year="2014" isbn="ISBN83763550019---11">
    <Authors>
      <Author>
        <Name>Fred</Name>
        <Email>fweasley@hogwarts.co.uk</Email>
      </Author>
      <Author>
        <Name>George</Name>
        <Email>gweasley@hogwarts.co.uk</Email>
      </Author>
    </Authors>
    <name>Book1</name>
  </book>
  <book year="2014" isbn="ISBN83763550019---11">
    <Authors>
      <Author>
        <Name>Fred</Name>
        <Email>fweasley@hogwarts.co.uk</Email>
      </Author>
      <Author>
        <Name>George</Name>
        <Email>gweasley@hogwarts.co.uk</Email>
      </Author>
    </Authors>
    <name>Book2</name>
  </book>
  <book year="2014" isbn="ISBN83763550019---11">
    <Authors>
      <Author>
        <Name>Fred</Name>
        <Email>fweasley@hogwarts.co.uk</Email>
      </Author>
      <Author>
        <Name>George</Name>
        <Email>gweasley@hogwarts.co.uk</Email>
      </Author>
    </Authors>
    <name>Book1</name>
  </book>
  <book year="2014" isbn="ISBN83763550019---11">
    <Authors>
      <Author>
        <Name>Fred</Name>
        <Email>fweasley@hogwarts.co.uk</Email>
      </Author>
      <Author>
        <Name>George</Name>
        <Email>gweasley@hogwarts.co.uk</Email>
      </Author>
    </Authors>
    <name>Book2</name>
  </book>
  <book year="2014" isbn="ISBN83763550019---11">
    <Authors>
      <Author>
        <Name>Fred</Name>
        <Email>fweasley@hogwarts.co.uk</Email>
      </Author>
      <Author>
        <Name>George</Name>
        <Email>gweasley@hogwarts.co.uk</Email>
      </Author>
    </Authors>
    <name>Book1</name>
  </book>
  <book year="2014" isbn="ISBN83763550019---11">
    <Authors>
      <Author>
        <Name>Fred</Name>
        <Email>fweasley@hogwarts.co.uk</Email>
      </Author>
      <Author>
        <Name>George</Name>
        <Email>gweasley@hogwarts.co.uk</Email>
      </Author>
    </Authors>
    <name>Book2</name>
  </book>
  <book year="2014" isbn="ISBN83763550019---11">
    <Authors>
      <Author>
        <Name>Fred</Name>
        <Email>fweasley@hogwarts.co.uk</Email>
      </Author>
      <Author>
        <Name>George</Name>
        <Email>gweasley@hogwarts.co.uk</Email>
      </Author>
    </Authors>
    <name>Book1</name>
  </book>
  <book year="2014" isbn="ISBN83763550019---11">
    <Authors>
      <Author>
        <Name>Fred</Name>
        <Email>fweasley@hogwarts.co.uk</Email>
      </Author>
      <Author>
        <Name>George</Name>
        <Email>gweasley@hogwarts.co.uk</Email>
      </Author>
    </Authors>
    <name>Book2</name>
  </book>
  <book year="2014" isbn="ISBN83763550019---11">
    <Authors>
      <Author>
        <Name>Fred</Name>
        <Email>fweasley@hogwarts.co.uk</Email>
      </Author>
      <Author>
        <Name>George</Name>
        <Email>gweasley@hogwarts.co.uk</Email>
      </Author>
    </Authors>
    <name>Book1</name>
  </book>
  <book year="2014" isbn="ISBN83763550019---11">
    <Authors>
      <Author>
        <Name>Fred</Name>
        <Email>fweasley@hogwarts.co.uk</Email>
      </Author>
      <Author>
        <Name>George</Name>
        <Email>gweasley@hogwarts.co.uk</Email>
      </Author>
    </Authors>
    <name>Book2</name>
  </book>
  <book year="2014" isbn="ISBN83763550019---11">
    <Authors>
      <Author>
        <Name>Fred</Name>
        <Email>fweasley@hogwarts.co.uk</Email>
      </Author>
      <Author>
        <Name>George</Name>
        <Email>gweasley@hogwarts.co.uk</Email>
      </Author>
    </Authors>
    <name>Book1</name>
  </book>
  <book year="2014" isbn="ISBN83763550019---11">
    <Authors>
      <Author>
        <Name>Fred</Name>
        <Email>fweasley@hogwarts.co.uk</Email>
      </Author>
      <Author>
        <Name>George</Name>
        <Email>gweasley@hogwarts.co.uk</Email>
      </Author>
    </Authors>
    <name>Book2</name>
  </book>
  <book year="2014" isbn="ISBN83763550019---11">
    <Authors>
      <Author>
        <Name>Fred</Name>
        <Email>fweasley@hogwarts.co.uk</Email>
      </Author>
      <Author>
        <Name>George</Name>
        <Email>gweasley@hogwarts.co.uk</Email>
      </Author>
    </Authors>
    <name>Book1</name>
  </book>
  <book year="2014" isbn="ISBN83763550019---11">
    <Authors>
      <Author>
        <Name>Fred</Name>
        <Email>fweasley@hogwarts.co.uk</Email>
      </Author>
      <Author>
        <Name>George</Name>
        <Email>gweasley@hogwarts.co.uk</Email>
      </Author>
    </Authors>
    <name>Book2</name>
  </book>
  <book year="2014" isbn="ISBN83763550019---11">
    <Authors>
      <Author>
        <Name>Fred</Name>
        <Email>fweasley@hogwarts.co.uk</Email>
      </Author>
      <Author>
        <Name>George</Name>
        <Email>gweasley@hogwarts.co.uk</Email>
      </Author>
    </Authors>
    <name>Book1</name>
  </book>
  <book year="2014" isbn="ISBN83763550019---11">
    <Authors>
      <Author>
        <Name>Fred</Name>
        <Email>fweasley@hogwarts.co.uk</Email>
      </Author>
      <Author>
        <Name>George</Name>
        <Email>gweasley@hogwarts.co.uk</Email>
      </Author>
    </Authors>
    <name>Book2</name>
  </book>
  <book year="2014" isbn="ISBN83763550019---11">
    <Authors>
      <Author>
        <Name>Fred</Name>
        <Email>fweasley@hogwarts.co.uk</Email>
      </Author>
      <Author>
        <Name>George</Name>
        <Email>gweasley@hogwarts.co.uk</Email>
      </Author>
    </Authors>
    <name>Book1</name>
  </book>
  <book year="2014" isbn="ISBN83763550019---11">
    <Authors>
      <Author>
        <Name>Fred</Name>
        <Email>fweasley@hogwarts.co.uk</Email>
      </Author>
      <Author>
        <Name>George</Name>
        <Email>gweasley@hogwarts.co.uk</Email>
      </Author>
    </Authors>
    <name>Book2</name>
  </book>
  <book year="2014" isbn="ISBN83763550019---11">
    <Authors>
      <Author>
        <Name>Fred</Name>
        <Email>fweasley@hogwarts.co.uk</Email>
      </Author>
      <Author>
        <Name>George</Name>
        <Email>gweasley@hogwarts.co.uk</Email>
      </Author>
    </Authors>
    <name>Book1</name>
  </book>
  <book year="2014" isbn="ISBN83763550019---11">
    <Authors>
      <Author>
        <Name>Fred</Name>
        <Email>fweasley@hogwarts.co.uk</Email>
      </Author>
      <Author>
        <Name>George</Name>
        <Email>gweasley@hogwarts.co.uk</Email>
      </Author>
    </Authors>
    <name>Book2</name>
  </book>
  <book year="2014" isbn="ISBN83763550019---11">
    <Authors>
      <Author>
        <Name>Fred</Name>
        <Email>fweasley@hogwarts.co.uk</Email>
      </Author>
      <Author>
        <Name>George</Name>
        <Email>gweasley@hogwarts.co.uk</Email>
      </Author>
    </Authors>
    <name>Book1</name>
  </book>
  <book year="2014" isbn="ISBN83763550019---11">
    <Authors>
      <Author>
        <Name>Fred</Name>
        <Email>fweasley@hogwarts.co.uk</Email>
      </Author>
      <Author>
        <Name>George</Name>
        <Email>gweasley@hogwarts.co.uk</Email>
      </Author>
    </Authors>
    <name>Book2</name>
  </book>
  <book year="2014" isbn="ISBN83763550019---11">
    <Authors>
      <Author>
        <Name>Fred</Name>
        <Email>fweasley@hogwarts.co.uk</Email>
      </Author>
      <Author>
        <Name>George</Name>
        <Email>gweasley@hogwarts.co.uk</Email>
      </Author>
    </Authors>
    <name>Book1</name>
  </book>
  <book year="2014" isbn="ISBN83763550019---11">
    <Authors>
      <Author>
        <Name>Fred</Name>
        <Email>fweasley@hogwarts.co.uk</Email>
      </Author>
      <Author>
        <Name>George</Name>
        <Email>gweasley@hogwarts.co.uk</Email>
      </Author>
    </Authors>
    <name>Book2</name>
  </book>
  <book year="2014" isbn="ISBN83763550019---11">
    <Authors>
      <Author>
        <Name>Fred</Name>
        <Email>fweasley@hogwarts.co.uk</Email>
      </Author>
      <Author>
        <Name>George</Name>
        <Email>gweasley@hogwarts.co.uk</Email>
      </Author>
    </Authors>
    <name>Book1</name>
  </book>
  <book year="2014" isbn="ISBN83763550019---11">
    <Authors>
      <Author>
        <Name>Fred</Name>
        <Email>fweasley@hogwarts.co.uk</Email>
      </Author>
      <Author>
        <Name>George</Name>
        <Email>gweasley@hogwarts.co.uk</Email>
      </Author>
    </Authors>
    <name>Book2</name>
  </book>
  <book year="2014" isbn="ISBN83763550019---11">
    <Authors>
      <Author>
        <Name>Fred</Name>
        <Email>fweasley@hogwarts.co.uk</Email>
      </Author>
      <Author>
        <Name>George</Name>
        <Email>gweasley@hogwarts.co.uk</Email>
      </Author>
    </Authors>
    <name>Book1</name>
  </book>
  <book year="2014" isbn="ISBN83763550019---11">
    <Authors>
      <Author>
        <Name>Fred</Name>
        <Email>fweasley@hogwarts.co.uk</Email>
      </Author>
      <Author>
        <Name>George</Name>
        <Email>gweasley@hogwarts.co.uk</Email>
      </Author>
    </Authors>
    <name>Book2</name>
  </book>
  <book year="2014" isbn="ISBN83763550019---11">
    <Authors>
      <Author>
        <Name>Fred</Name>
        <Email>fweasley@hogwarts.co.uk</Email>
      </Author>
      <Author>
        <Name>George</Name>
        <Email>gweasley@hogwarts.co.uk</Email>
      </Author>
    </Authors>
    <name>Book1</name>
  </book>
  <book year="2014" isbn="ISBN83763550019---11">
    <Authors>
      <Author>
        <Name>Fred</Name>
        <Email>fweasley@hogwarts.co.uk</Email>
      </Author>
      <Author>
        <Name>George</Name>
        <Email>gweasley@hogwarts.co.uk</Email>
      </Author>
    </Authors>
    <name>Book2</name>
  </book>
  <book year="2014" isbn="ISBN83763550019---11">
    <Authors>
      <Author>
        <Name>Fred</Name>
        <Email>fweasley@hogwarts.co.uk</Email>
      </Author>
      <Author>
        <Name>George</Name>
        <Email>gweasley@hogwarts.co.uk</Email>
      </Author>
    </Authors>
    <name>Book1</name>
  </book>
  <book year="2014" isbn="ISBN83763550019---11">
    <Authors>
      <Author>
        <Name>Fred</Name>
        <Email>fweasley@hogwarts.co.uk</Email>
      </Author>
      <Author>
        <Name>George</Name>
        <Email>gweasley@hogwarts.co.uk</Email>
      </Author>
    </Authors>
    <name>Book2</name>
  </book>
  <book year="2014" isbn="ISBN83763550019---11">
    <Authors>
      <Author>
        <Name>Fred</Name>
        <Email>fweasley@hogwarts.co.uk</Email>
      </Author>
      <Author>
        <Name>George</Name>
        <Email>gweasley@hogwarts.co.uk</Email>
      </Author>
    </Authors>
    <name>Book1</name>
  </book>
  <book year="2014" isbn="ISBN83763550019---11">
    <Authors>
      <Author>
        <Name>Fred</Name>
        <Email>fweasley@hogwarts.co.uk</Email>
      </Author>
      <Author>
        <Name>George</Name>
        <Email>gweasley@hogwarts.co.uk</Email>
      </Author>
    </Authors>
    <name>Book2</name>
  </book>
  <book year="2014" isbn="ISBN83763550019---11">
    <Authors>
      <Author>
        <Name>Fred</Name>
        <Email>fweasley@hogwarts.co.uk</Email>
      </Author>
      <Author>
        <Name>George</Name>
        <Email>gweasley@hogwarts.co.uk</Email>
      </Author>
    </Authors>
    <name>Book1</name>
  </book>
  <book year="2014" isbn="ISBN83763550019---11">
    <Authors>
      <Author>
        <Name>Fred</Name>
        <Email>fweasley@hogwarts.co.uk</Email>
      </Author>
      <Author>
        <Name>George</Name>
        <Email>gweasley@hogwarts.co.uk</Email>
      </Author>
    </Authors>
    <name>Book2</name>
  </book>
  <book year="2014" isbn="ISBN83763550019---11">
    <Authors>
      <Author>
        <Name>Fred</Name>
        <Email>fweasley@hogwarts.co.uk</Email>
      </Author>
      <Author>
        <Name>George</Name>
        <Email>gweasley@hogwarts.co.uk</Email>
      </Author>
    </Authors>
    <name>Book1</name>
  </book>
  <book year="2014" isbn="ISBN83763550019---11">
    <Authors>
      <Author>
        <Name>Fred</Name>
        <Email>fweasley@hogwarts.co.uk</Email>
      </Author>
      <Author>
        <Name>George</Name>
        <Email>gweasley@hogwarts.co.uk</Email>
      </Author>
    </Authors>
    <name>Book2</name>
  </book>
  <book year="2014" isbn="ISBN83763550019---11">
    <Authors>
      <Author>
        <Name>Fred</Name>
        <Email>fweasley@hogwarts.co.uk</Email>
      </Author>
      <Author>
        <Name>George</Name>
        <Email>gweasley@hogwarts.co.uk</Email>
      </Author>
    </Authors>
    <name>Book1</name>
  </book>
  <book year="2014" isbn="ISBN83763550019---11">
    <Authors>
      <Author>
        <Name>Fred</Name>
        <Email>fweasley@hogwarts.co.uk</Email>
      </Author>
      <Author>
        <Name>George</Name>
        <Email>gweasley@hogwarts.co.uk</Email>
      </Author>
    </Authors>
    <name>Book2</name>
  </book>
  <book year="2014" isbn="ISBN83763550019---11">
    <Authors>
      <Author>
        <Name>Fred</Name>
        <Email>fweasley@hogwarts.co.uk</Email>
      </Author>
      <Author>
        <Name>George</Name>
        <Email>gweasley@hogwarts.co.uk</Email>
      </Author>
    </Authors>
    <name>Book1</name>
  </book>
  <book year="2014" isbn="ISBN83763550019---11">
    <Authors>
      <Author>
        <Name>Fred</Name>
        <Email>fweasley@hogwarts.co.uk</Email>
      </Author>
      <Author>
        <Name>George</Name>
        <Email>gweasley@hogwarts.co.uk</Email>
      </Author>
    </Authors>
    <name>Book2</name>
  </book>
  <book year="2014" isbn="ISBN83763550019---11">
    <Authors>
      <Author>
        <Name>Fred</Name>
        <Email>fweasley@hogwarts.co.uk</Email>
      </Author>
      <Author>
        <Name>George</Name>
        <Email>gweasley@hogwarts.co.uk</Email>
      </Author>
    </Authors>
    <name>Book1</name>
  </book>
  <book year="2014" isbn="ISBN83763550019---11">
    <Authors>
      <Author>
        <Name>Fred</Name>
        <Email>fweasley@hogwarts.co.uk</Email>
      </Author>
      <Author>
        <Name>George</Name>
        <Email>gweasley@hogwarts.co.uk</Email>
      </Author>
    </Authors>
    <name>Book2</name>
  </book>
  <book year="2014" isbn="ISBN83763550019---11">
    <Authors>
      <Author>
        <Name>Fred</Name>
        <Email>fweasley@hogwarts.co.uk</Email>
      </Author>
      <Author>
        <Name>George</Name>
        <Email>gweasley@hogwarts.co.uk</Email>
      </Author>
    </Authors>
    <name>Book1</name>
  </book>
  <book year="2014" isbn="ISBN83763550019---11">
    <Authors>
      <Author>
        <Name>Fred</Name>
        <Email>fweasley@hogwarts.co.uk</Email>
      </Author>
      <Author>
        <Name>George</Name>
        <Email>gweasley@hogwarts.co.uk</Email>
      </Author>
    </Authors>
    <name>Book2</name>
  </book>
  <book year="2014" isbn="ISBN83763550019---11">
    <Authors>
      <Author>
        <Name>Fred</Name>
        <Email>fweasley@hogwarts.co.uk</Email>
      </Author>
      <Author>
        <Name>George</Name>
        <Email>gweasley@hogwarts.co.uk</Email>
      </Author>
    </Authors>
    <name>Book1</name>
  </book>
  <book year="2014" isbn="ISBN83763550019---11">
    <Authors>
      <Author>
        <Name>Fred</Name>
        <Email>fweasley@hogwarts.co.uk</Email>
      </Author>
      <Author>
        <Name>George</Name>
        <Email>gweasley@hogwarts.co.uk</Email>
      </Author>
    </Authors>
    <name>Book2</name>
  </book>
  <book year="2014" isbn="ISBN83763550019---11">
    <Authors>
      <Author>
        <Name>Fred</Name>
        <Email>fweasley@hogwarts.co.uk</Email>
      </Author>
      <Author>
        <Name>George</Name>
        <Email>gweasley@hogwarts.co.uk</Email>
      </Author>
    </Authors>
    <name>Book1</name>
  </book>
  <book year="2014" isbn="ISBN83763550019---11">
    <Authors>
      <Author>
        <Name>Fred</Name>
        <Email>fweasley@hogwarts.co.uk</Email>
      </Author>
      <Author>
        <Name>George</Name>
        <Email>gweasley@hogwarts.co.uk</Email>
      </Author>
    </Authors>
    <name>Book2</name>
  </book>
  <book year="2014" isbn="ISBN83763550019---11">
    <Authors>
      <Author>
        <Name>Fred</Name>
        <Email>fweasley@hogwarts.co.uk</Email>
      </Author>
      <Author>
        <Name>George</Name>
        <Email>gweasley@hogwarts.co.uk</Email>
      </Author>
    </Authors>
    <name>Book1</name>
  </book>
  <book year="2014" isbn="ISBN83763550019---11">
    <Authors>
      <Author>
        <Name>Fred</Name>
        <Email>fweasley@hogwarts.co.uk</Email>
      </Author>
      <Author>
        <Name>George</Name>
        <Email>gweasley@hogwarts.co.uk</Email>
      </Author>
    </Authors>
    <name>Book2</name>
  </book>
  <book year="2014" isbn="ISBN83763550019---11">
    <Authors>
      <Author>
        <Name>Fred</Name>
        <Email>fweasley@hogwarts.co.uk</Email>
      </Author>
      <Author>
        <Name>George</Name>
        <Email>gweasley@hogwarts.co.uk</Email>
      </Author>
    </Authors>
    <name>Book1</name>
  </book>
  <book year="2014" isbn="ISBN83763550019---11">
    <Authors>
      <Author>
        <Name>Fred</Name>
        <Email>fweasley@hogwarts.co.uk</Email>
      </Author>
      <Author>
        <Name>George</Name>
        <Email>gweasley@hogwarts.co.uk</Email>
      </Author>
    </Authors>
    <name>Book2</name>
  </book>
  <book year="2014" isbn="ISBN83763550019---11">
    <Authors>
      <Author>
        <Name>Fred</Name>
        <Email>fweasley@hogwarts.co.uk</Email>
      </Author>
      <Author>
        <Name>George</Name>
        <Email>gweasley@hogwarts.co.uk</Email>
      </Author>
    </Authors>
    <name>Book1</name>
  </book>
  <book year="2014" isbn="ISBN83763550019---11">
    <Authors>
      <Author>
        <Name>Fred</Name>
        <Email>fweasley@hogwarts.co.uk</Email>
      </Author>
      <Author>
        <Name>George</Name>
        <Email>gweasley@hogwarts.co.uk</Email>
      </Author>
    </Authors>
    <name>Book2</name>
  </book>
  <book year="2014" isbn="ISBN83763550019---11">
    <Authors>
      <Author>
        <Name>Fred</Name>
        <Email>fweasley@hogwarts.co.uk</Email>
      </Author>
      <Author>
        <Name>George</Name>
        <Email>gweasley@hogwarts.co.uk</Email>
      </Author>
    </Authors>
    <name>Book1</name>
  </book>
  <book year="2014" isbn="ISBN83763550019---11">
    <Authors>
      <Author>
        <Name>Fred</Name>
        <Email>fweasley@hogwarts.co.uk</Email>
      </Author>
      <Author>
        <Name>George</Name>
        <Email>gweasley@hogwarts.co.uk</Email>
      </Author>
    </Authors>
    <name>Book2</name>
  </book>
  <book year="2014" isbn="ISBN83763550019---11">
    <Authors>
      <Author>
        <Name>Fred</Name>
        <Email>fweasley@hogwarts.co.uk</Email>
      </Author>
      <Author>
        <Name>George</Name>
        <Email>gweasley@hogwarts.co.uk</Email>
      </Author>
    </Authors>
    <name>Book1</name>
  </book>
  <book year="2014" isbn="ISBN83763550019---11">
    <Authors>
      <Author>
        <Name>Fred</Name>
        <Email>fweasley@hogwarts.co.uk</Email>
      </Author>
      <Author>
        <Name>George</Name>
        <Email>gweasley@hogwarts.co.uk</Email>
      </Author>
    </Authors>
    <name>Book2</name>
  </book>
  <book year="2014" isbn="ISBN83763550019---11">
    <Authors>
      <Author>
        <Name>Fred</Name>
        <Email>fweasley@hogwarts.co.uk</Email>
      </Author>
      <Author>
        <Name>George</Name>
        <Email>gweasley@hogwarts.co.uk</Email>
      </Author>
    </Authors>
    <name>Book1</name>
  </book>
  <book year="2014" isbn="ISBN83763550019---11">
    <Authors>
      <Author>
        <Name>Fred</Name>
        <Email>fweasley@hogwarts.co.uk</Email>
      </Author>
      <Author>
        <Name>George</Name>
        <Email>gweasley@hogwarts.co.uk</Email>
      </Author>
    </Authors>
    <name>Book2</name>
  </book>
  <book year="2014" isbn="ISBN83763550019---11">
    <Authors>
      <Author>
        <Name>Fred</Name>
        <Email>fweasley@hogwarts.co.uk</Email>
      </Author>
      <Author>
        <Name>George</Name>
        <Email>gweasley@hogwarts.co.uk</Email>
      </Author>
    </Authors>
    <name>Book1</name>
  </book>
  <book year="2014" isbn="ISBN83763550019---11">
    <Authors>
      <Author>
        <Name>Fred</Name>
        <Email>fweasley@hogwarts.co.uk</Email>
      </Author>
      <Author>
        <Name>George</Name>
        <Email>gweasley@hogwarts.co.uk</Email>
      </Author>
    </Authors>
    <name>Book2</name>
  </book>
  <book year="2014" isbn="ISBN83763550019---11">
    <Authors>
      <Author>
        <Name>Fred</Name>
        <Email>fweasley@hogwarts.co.uk</Email>
      </Author>
      <Author>
        <Name>George</Name>
        <Email>gweasley@hogwarts.co.uk</Email>
      </Author>
    </Authors>
    <name>Book1</name>
  </book>
  <book year="2014" isbn="ISBN83763550019---11">
    <Authors>
      <Author>
        <Name>Fred</Name>
        <Email>fweasley@hogwarts.co.uk</Email>
      </Author>
      <Author>
        <Name>George</Name>
        <Email>gweasley@hogwarts.co.uk</Email>
      </Author>
    </Authors>
    <name>Book2</name>
  </book>
  <book year="2014" isbn="ISBN83763550019---11">
    <Authors>
      <Author>
        <Name>Fred</Name>
        <Email>fweasley@hogwarts.co.uk</Email>
      </Author>
      <Author>
        <Name>George</Name>
        <Email>gweasley@hogwarts.co.uk</Email>
      </Author>
    </Authors>
    <name>Book1</name>
  </book>
  <book year="2014" isbn="ISBN83763550019---11">
    <Authors>
      <Author>
        <Name>Fred</Name>
        <Email>fweasley@hogwarts.co.uk</Email>
      </Author>
      <Author>
        <Name>George</Name>
        <Email>gweasley@hogwarts.co.uk</Email>
      </Author>
    </Authors>
    <name>Book2</name>
  </book>
  <book year="2014" isbn="ISBN83763550019---11">
    <Authors>
      <Author>
        <Name>Fred</Name>
        <Email>fweasley@hogwarts.co.uk</Email>
      </Author>
      <Author>
        <Name>George</Name>
        <Email>gweasley@hogwarts.co.uk</Email>
      </Author>
    </Authors>
    <name>Book1</name>
  </book>
  <book year="2014" isbn="ISBN83763550019---11">
    <Authors>
      <Author>
        <Name>Fred</Name>
        <Email>fweasley@hogwarts.co.uk</Email>
      </Author>
      <Author>
        <Name>George</Name>
        <Email>gweasley@hogwarts.co.uk</Email>
      </Author>
    </Authors>
    <name>Book2</name>
  </book>
  <book year="2014" isbn="ISBN83763550019---11">
    <Authors>
      <Author>
        <Name>Fred</Name>
        <Email>fweasley@hogwarts.co.uk</Email>
      </Author>
      <Author>
        <Name>George</Name>
        <Email>gweasley@hogwarts.co.uk</Email>
      </Author>
    </Authors>
    <name>Book1</name>
  </book>
  <book year="2014" isbn="ISBN83763550019---11">
    <Authors>
      <Author>
        <Name>Fred</Name>
        <Email>fweasley@hogwarts.co.uk</Email>
      </Author>
      <Author>
        <Name>George</Name>
        <Email>gweasley@hogwarts.co.uk</Email>
      </Author>
    </Authors>
    <name>Book2</name>
  </book>
  <book year="2014" isbn="ISBN83763550019---11">
    <Authors>
      <Author>
        <Name>Fred</Name>
        <Email>fweasley@hogwarts.co.uk</Email>
      </Author>
      <Author>
        <Name>George</Name>
        <Email>gweasley@hogwarts.co.uk</Email>
      </Author>
    </Authors>
    <name>Book1</name>
  </book>
  <book year="2014" isbn="ISBN83763550019---11">
    <Authors>
      <Author>
        <Name>Fred</Name>
        <Email>fweasley@hogwarts.co.uk</Email>
      </Author>
      <Author>
        <Name>George</Name>
        <Email>gweasley@hogwarts.co.uk</Email>
      </Author>
    </Authors>
    <name>Book2</name>
  </book>
  <book year="2014" isbn="ISBN83763550019---11">
    <Authors>
      <Author>
        <Name>Fred</Name>
        <Email>fweasley@hogwarts.co.uk</Email>
      </Author>
      <Author>
        <Name>George</Name>
        <Email>gweasley@hogwarts.co.uk</Email>
      </Author>
    </Authors>
    <name>Book1</name>
  </book>
  <book year="2014" isbn="ISBN83763550019---11">
    <Authors>
      <Author>
        <Name>Fred</Name>
        <Email>fweasley@hogwarts.co.uk</Email>
      </Author>
      <Author>
        <Name>George</Name>
        <Email>gweasley@hogwarts.co.uk</Email>
      </Author>
    </Authors>
    <name>Book2</name>
  </book>
  <book year="2014" isbn="ISBN83763550019---11">
    <Authors>
      <Author>
        <Name>Fred</Name>
        <Email>fweasley@hogwarts.co.uk</Email>
      </Author>
      <Author>
        <Name>George</Name>
        <Email>gweasley@hogwarts.co.uk</Email>
      </Author>
    </Authors>
    <name>Book1</name>
  </book>
  <book year="2014" isbn="ISBN83763550019---11">
    <Authors>
      <Author>
        <Name>Fred</Name>
        <Email>fweasley@hogwarts.co.uk</Email>
      </Author>
      <Author>
        <Name>George</Name>
        <Email>gweasley@hogwarts.co.uk</Email>
      </Author>
    </Authors>
    <name>Book2</name>
  </book>
  <book year="2014" isbn="ISBN83763550019---11">
    <Authors>
      <Author>
        <Name>Fred</Name>
        <Email>fweasley@hogwarts.co.uk</Email>
      </Author>
      <Author>
        <Name>George</Name>
        <Email>gweasley@hogwarts.co.uk</Email>
      </Author>
    </Authors>
    <name>Book1</name>
  </book>
  <book year="2014" isbn="ISBN83763550019---11">
    <Authors>
      <Author>
        <Name>Fred</Name>
        <Email>fweasley@hogwarts.co.uk</Email>
      </Author>
      <Author>
        <Name>George</Name>
        <Email>gweasley@hogwarts.co.uk</Email>
      </Author>
    </Authors>
    <name>Book2</name>
  </book>
  <book year="2014" isbn="ISBN83763550019---11">
    <Authors>
      <Author>
        <Name>Fred</Name>
        <Email>fweasley@hogwarts.co.uk</Email>
      </Author>
      <Author>
        <Name>George</Name>
        <Email>gweasley@hogwarts.co.uk</Email>
      </Author>
    </Authors>
    <name>Book1</name>
  </book>
  <book year="2014" isbn="ISBN83763550019---11">
    <Authors>
      <Author>
        <Name>Fred</Name>
        <Email>fweasley@hogwarts.co.uk</Email>
      </Author>
      <Author>
        <Name>George</Name>
        <Email>gweasley@hogwarts.co.uk</Email>
      </Author>
    </Authors>
    <name>Book2</name>
  </book>
  <book year="2014" isbn="ISBN83763550019---11">
    <Authors>
      <Author>
        <Name>Fred</Name>
        <Email>fweasley@hogwarts.co.uk</Email>
      </Author>
      <Author>
        <Name>George</Name>
        <Email>gweasley@hogwarts.co.uk</Email>
      </Author>
    </Authors>
    <name>Book1</name>
  </book>
  <book year="2014" isbn="ISBN83763550019---11">
    <Authors>
      <Author>
        <Name>Fred</Name>
        <Email>fweasley@hogwarts.co.uk</Email>
      </Author>
      <Author>
        <Name>George</Name>
        <Email>gweasley@hogwarts.co.uk</Email>
      </Author>
    </Authors>
    <name>Book2</name>
  </book>
  <book year="2014" isbn="ISBN83763550019---11">
    <Authors>
      <Author>
        <Name>Fred</Name>
        <Email>fweasley@hogwarts.co.uk</Email>
      </Author>
      <Author>
        <Name>George</Name>
        <Email>gweasley@hogwarts.co.uk</Email>
      </Author>
    </Authors>
    <name>Book1</name>
  </book>
  <book year="2014" isbn="ISBN83763550019---11">
    <Authors>
      <Author>
        <Name>Fred</Name>
        <Email>fweasley@hogwarts.co.uk</Email>
      </Author>
      <Author>
        <Name>George</Name>
        <Email>gweasley@hogwarts.co.uk</Email>
      </Author>
    </Authors>
    <name>Book2</name>
  </book>
  <book year="2014" isbn="ISBN83763550019---11">
    <Authors>
      <Author>
        <Name>Fred</Name>
        <Email>fweasley@hogwarts.co.uk</Email>
      </Author>
      <Author>
        <Name>George</Name>
        <Email>gweasley@hogwarts.co.uk</Email>
      </Author>
    </Authors>
    <name>Book1</name>
  </book>
  <book year="2014" isbn="ISBN83763550019---11">
    <Authors>
      <Author>
        <Name>Fred</Name>
        <Email>fweasley@hogwarts.co.uk</Email>
      </Author>
      <Author>
        <Name>George</Name>
        <Email>gweasley@hogwarts.co.uk</Email>
      </Author>
    </Authors>
    <name>Book2</name>
  </book>
  <book year="2014" isbn="ISBN83763550019---11">
    <Authors>
      <Author>
        <Name>Fred</Name>
        <Email>fweasley@hogwarts.co.uk</Email>
      </Author>
      <Author>
        <Name>George</Name>
        <Email>gweasley@hogwarts.co.uk</Email>
      </Author>
    </Authors>
    <name>Book1</name>
  </book>
  <book year="2014" isbn="ISBN83763550019---11">
    <Authors>
      <Author>
        <Name>Fred</Name>
        <Email>fweasley@hogwarts.co.uk</Email>
      </Author>
      <Author>
        <Name>George</Name>
        <Email>gweasley@hogwarts.co.uk</Email>
      </Author>
    </Authors>
    <name>Book2</name>
  </book>
  <book year="2014" isbn="ISBN83763550019---11">
    <Authors>
      <Author>
        <Name>Fred</Name>
        <Email>fweasley@hogwarts.co.uk</Email>
      </Author>
      <Author>
        <Name>George</Name>
        <Email>gweasley@hogwarts.co.uk</Email>
      </Author>
    </Authors>
    <name>Book1</name>
  </book>
  <book year="2014" isbn="ISBN83763550019---11">
    <Authors>
      <Author>
        <Name>Fred</Name>
        <Email>fweasley@hogwarts.co.uk</Email>
      </Author>
      <Author>
        <Name>George</Name>
        <Email>gweasley@hogwarts.co.uk</Email>
      </Author>
    </Authors>
    <name>Book2</name>
  </book>
  <book year="2014" isbn="ISBN83763550019---11">
    <Authors>
      <Author>
        <Name>Fred</Name>
        <Email>fweasley@hogwarts.co.uk</Email>
      </Author>
      <Author>
        <Name>George</Name>
        <Email>gweasley@hogwarts.co.uk</Email>
      </Author>
    </Authors>
    <name>Book1</name>
  </book>
  <book year="2014" isbn="ISBN83763550019---11">
    <Authors>
      <Author>
        <Name>Fred</Name>
        <Email>fweasley@hogwarts.co.uk</Email>
      </Author>
      <Author>
        <Name>George</Name>
        <Email>gweasley@hogwarts.co.uk</Email>
      </Author>
    </Authors>
    <name>Book2</name>
  </book>
  <book year="2014" isbn="ISBN83763550019---11">
    <Authors>
      <Author>
        <Name>Fred</Name>
        <Email>fweasley@hogwarts.co.uk</Email>
      </Author>
      <Author>
        <Name>George</Name>
        <Email>gweasley@hogwarts.co.uk</Email>
      </Author>
    </Authors>
    <name>Book1</name>
  </book>
  <book year="2014" isbn="ISBN83763550019---11">
    <Authors>
      <Author>
        <Name>Fred</Name>
        <Email>fweasley@hogwarts.co.uk</Email>
      </Author>
      <Author>
        <Name>George</Name>
        <Email>gweasley@hogwarts.co.uk</Email>
      </Author>
    </Authors>
    <name>Book2</name>
  </book>
  <book year="2014" isbn="ISBN83763550019---11">
    <Authors>
      <Author>
        <Name>Fred</Name>
        <Email>fweasley@hogwarts.co.uk</Email>
      </Author>
      <Author>
        <Name>George</Name>
        <Email>gweasley@hogwarts.co.uk</Email>
      </Author>
    </Authors>
    <name>Book1</name>
  </book>
  <book year="2014" isbn="ISBN83763550019---11">
    <Authors>
      <Author>
        <Name>Fred</Name>
        <Email>fweasley@hogwarts.co.uk</Email>
      </Author>
      <Author>
        <Name>George</Name>
        <Email>gweasley@hogwarts.co.uk</Email>
      </Author>
    </Authors>
    <name>Book2</name>
  </book>
  <book year="2014" isbn="ISBN83763550019---11">
    <Authors>
      <Author>
        <Name>Fred</Name>
        <Email>fweasley@hogwarts.co.uk</Email>
      </Author>
      <Author>
        <Name>George</Name>
        <Email>gweasley@hogwarts.co.uk</Email>
      </Author>
    </Authors>
    <name>Book1</name>
  </book>
  <book year="2014" isbn="ISBN83763550019---11">
    <Authors>
      <Author>
        <Name>Fred</Name>
        <Email>fweasley@hogwarts.co.uk</Email>
      </Author>
      <Author>
        <Name>George</Name>
        <Email>gweasley@hogwarts.co.uk</Email>
      </Author>
    </Authors>
    <name>Book2</name>
  </book>
  <book year="2014" isbn="ISBN83763550019---11">
    <Authors>
      <Author>
        <Name>Fred</Name>
        <Email>fweasley@hogwarts.co.uk</Email>
      </Author>
      <Author>
        <Name>George</Name>
        <Email>gweasley@hogwarts.co.uk</Email>
      </Author>
    </Authors>
    <name>Book1</name>
  </book>
  <book year="2014" isbn="ISBN83763550019---11">
    <Authors>
      <Author>
        <Name>Fred</Name>
        <Email>fweasley@hogwarts.co.uk</Email>
      </Author>
      <Author>
        <Name>George</Name>
        <Email>gweasley@hogwarts.co.uk</Email>
      </Author>
    </Authors>
    <name>Book2</name>
  </book>
  <book year="2014" isbn="ISBN83763550019---11">
    <Authors>
      <Author>
        <Name>Fred</Name>
        <Email>fweasley@hogwarts.co.uk</Email>
      </Author>
      <Author>
        <Name>George</Name>
        <Email>gweasley@hogwarts.co.uk</Email>
      </Author>
    </Authors>
    <name>Book1</name>
  </book>
  <book year="2014" isbn="ISBN83763550019---11">
    <Authors>
      <Author>
        <Name>Fred</Name>
        <Email>fweasley@hogwarts.co.uk</Email>
      </Author>
      <Author>
        <Name>George</Name>
        <Email>gweasley@hogwarts.co.uk</Email>
      </Author>
    </Authors>
    <name>Book2</name>
  </book>
  <book year="2014" isbn="ISBN83763550019---11">
    <Authors>
      <Author>
        <Name>Fred</Name>
        <Email>fweasley@hogwarts.co.uk</Email>
      </Author>
      <Author>
        <Name>George</Name>
        <Email>gweasley@hogwarts.co.uk</Email>
      </Author>
    </Authors>
    <name>Book1</name>
  </book>
  <book year="2014" isbn="ISBN83763550019---11">
    <Authors>
      <Author>
        <Name>Fred</Name>
        <Email>fweasley@hogwarts.co.uk</Email>
      </Author>
      <Author>
        <Name>George</Name>
        <Email>gweasley@hogwarts.co.uk</Email>
      </Author>
    </Authors>
    <name>Book2</name>
  </book>
  <book year="2014" isbn="ISBN83763550019---11">
    <Authors>
      <Author>
        <Name>Fred</Name>
        <Email>fweasley@hogwarts.co.uk</Email>
      </Author>
      <Author>
        <Name>George</Name>
        <Email>gweasley@hogwarts.co.uk</Email>
      </Author>
    </Authors>
    <name>Book1</name>
  </book>
  <book year="2014" isbn="ISBN83763550019---11">
    <Authors>
      <Author>
        <Name>Fred</Name>
        <Email>fweasley@hogwarts.co.uk</Email>
      </Author>
      <Author>
        <Name>George</Name>
        <Email>gweasley@hogwarts.co.uk</Email>
      </Author>
    </Authors>
    <name>Book2</name>
  </book>
  <book year="2014" isbn="ISBN83763550019---11">
    <Authors>
      <Author>
        <Name>Fred</Name>
        <Email>fweasley@hogwarts.co.uk</Email>
      </Author>
      <Author>
        <Name>George</Name>
        <Email>gweasley@hogwarts.co.uk</Email>
      </Author>
    </Authors>
    <name>Book1</name>
  </book>
  <book year="2014" isbn="ISBN83763550019---11">
    <Authors>
      <Author>
        <Name>Fred</Name>
        <Email>fweasley@hogwarts.co.uk</Email>
      </Author>
      <Author>
        <Name>George</Name>
        <Email>gweasley@hogwarts.co.uk</Email>
      </Author>
    </Authors>
    <name>Book2</name>
  </book>
  <book year="2014" isbn="ISBN83763550019---11">
    <Authors>
      <Author>
        <Name>Fred</Name>
        <Email>fweasley@hogwarts.co.uk</Email>
      </Author>
      <Author>
        <Name>George</Name>
        <Email>gweasley@hogwarts.co.uk</Email>
      </Author>
    </Authors>
    <name>Book1</name>
  </book>
  <book year="2014" isbn="ISBN83763550019---11">
    <Authors>
      <Author>
        <Name>Fred</Name>
        <Email>fweasley@hogwarts.co.uk</Email>
      </Author>
      <Author>
        <Name>George</Name>
        <Email>gweasley@hogwarts.co.uk</Email>
      </Author>
    </Authors>
    <name>Book2</name>
  </book>
  <book year="2014" isbn="ISBN83763550019---11">
    <Authors>
      <Author>
        <Name>Fred</Name>
        <Email>fweasley@hogwarts.co.uk</Email>
      </Author>
      <Author>
        <Name>George</Name>
        <Email>gweasley@hogwarts.co.uk</Email>
      </Author>
    </Authors>
    <name>Book1</name>
  </book>
  <book year="2014" isbn="ISBN83763550019---11">
    <Authors>
      <Author>
        <Name>Fred</Name>
        <Email>fweasley@hogwarts.co.uk</Email>
      </Author>
      <Author>
        <Name>George</Name>
        <Email>gweasley@hogwarts.co.uk</Email>
      </Author>
    </Authors>
    <name>Book2</name>
  </book>
  <book year="2014" isbn="ISBN83763550019---11">
    <Authors>
      <Author>
        <Name>Fred</Name>
        <Email>fweasley@hogwarts.co.uk</Email>
      </Author>
      <Author>
        <Name>George</Name>
        <Email>gweasley@hogwarts.co.uk</Email>
      </Author>
    </Authors>
    <name>Book1</name>
  </book>
  <book year="2014" isbn="ISBN83763550019---11">
    <Authors>
      <Author>
        <Name>Fred</Name>
        <Email>fweasley@hogwarts.co.uk</Email>
      </Author>
      <Author>
        <Name>George</Name>
        <Email>gweasley@hogwarts.co.uk</Email>
      </Author>
    </Authors>
    <name>Book2</name>
  </book>
  <book year="2014" isbn="ISBN83763550019---11">
    <Authors>
      <Author>
        <Name>Fred</Name>
        <Email>fweasley@hogwarts.co.uk</Email>
      </Author>
      <Author>
        <Name>George</Name>
        <Email>gweasley@hogwarts.co.uk</Email>
      </Author>
    </Authors>
    <name>Book1</name>
  </book>
  <book year="2014" isbn="ISBN83763550019---11">
    <Authors>
      <Author>
        <Name>Fred</Name>
        <Email>fweasley@hogwarts.co.uk</Email>
      </Author>
      <Author>
        <Name>George</Name>
        <Email>gweasley@hogwarts.co.uk</Email>
      </Author>
    </Authors>
    <name>Book2</name>
  </book>
  <book year="2014" isbn="ISBN83763550019---11">
    <Authors>
      <Author>
        <Name>Fred</Name>
        <Email>fweasley@hogwarts.co.uk</Email>
      </Author>
      <Author>
        <Name>George</Name>
        <Email>gweasley@hogwarts.co.uk</Email>
      </Author>
    </Authors>
    <name>Book1</name>
  </book>
  <book year="2014" isbn="ISBN83763550019---11">
    <Authors>
      <Author>
        <Name>Fred</Name>
        <Email>fweasley@hogwarts.co.uk</Email>
      </Author>
      <Author>
        <Name>George</Name>
        <Email>gweasley@hogwarts.co.uk</Email>
      </Author>
    </Authors>
    <name>Book2</name>
  </book>
  <book year="2014" isbn="ISBN83763550019---11">
    <Authors>
      <Author>
        <Name>Fred</Name>
        <Email>fweasley@hogwarts.co.uk</Email>
      </Author>
      <Author>
        <Name>George</Name>
        <Email>gweasley@hogwarts.co.uk</Email>
      </Author>
    </Authors>
    <name>Book1</name>
  </book>
  <book year="2014" isbn="ISBN83763550019---11">
    <Authors>
      <Author>
        <Name>Fred</Name>
        <Email>fweasley@hogwarts.co.uk</Email>
      </Author>
      <Author>
        <Name>George</Name>
        <Email>gweasley@hogwarts.co.uk</Email>
      </Author>
    </Authors>
    <name>Book2</name>
  </book>
  <book year="2014" isbn="ISBN83763550019---11">
    <Authors>
      <Author>
        <Name>Fred</Name>
        <Email>fweasley@hogwarts.co.uk</Email>
      </Author>
      <Author>
        <Name>George</Name>
        <Email>gweasley@hogwarts.co.uk</Email>
      </Author>
    </Authors>
    <name>Book1</name>
  </book>
  <book year="2014" isbn="ISBN83763550019---11">
    <Authors>
      <Author>
        <Name>Fred</Name>
        <Email>fweasley@hogwarts.co.uk</Email>
      </Author>
      <Author>
        <Name>George</Name>
        <Email>gweasley@hogwarts.co.uk</Email>
      </Author>
    </Authors>
    <name>Book2</name>
  </book>
  <book year="2014" isbn="ISBN83763550019---11">
    <Authors>
      <Author>
        <Name>Fred</Name>
        <Email>fweasley@hogwarts.co.uk</Email>
      </Author>
      <Author>
        <Name>George</Name>
        <Email>gweasley@hogwarts.co.uk</Email>
      </Author>
    </Authors>
    <name>Book1</name>
  </book>
  <book year="2014" isbn="ISBN83763550019---11">
    <Authors>
      <Author>
        <Name>Fred</Name>
        <Email>fweasley@hogwarts.co.uk</Email>
      </Author>
      <Author>
        <Name>George</Name>
        <Email>gweasley@hogwarts.co.uk</Email>
      </Author>
    </Authors>
    <name>Book2</name>
  </book>
  <book>
    <Authors>
      <Author>
        <Name>Fred</Name>
        <Email>fweasley@hogwarts.co.uk</Email>
      </Author>
      <Author>
        <Name>George</Name>
        <Email>gweasley@hogwarts.co.uk</Email>
      </Author>
    </Authors>
    <name>Book1</name>
  </book>
  <book>
    <Authors>
      <Author>
        <Name>Fred</Name>
        <Email>fweasley@hogwarts.co.uk</Email>
      </Author>
      <Author>
        <Name>George</Name>
        <Email>gweasley@hogwarts.co.uk</Email>
      </Author>
    </Authors>
    <name>Book1</name>
  </book>
  <book>
    <Authors>
      <Author>
        <Name>Fred</Name>
        <Email>fweasley@hogwarts.co.uk</Email>
      </Author>
      <Author>
        <Name>George</Name>
        <Email>gweasley@hogwarts.co.uk</Email>
      </Author>
    </Authors>
    <name>Book1</name>
  </book>
  <book>
    <Authors>
      <Author>
        <Name>Fred</Name>
        <Email>fweasley@hogwarts.co.uk</Email>
      </Author>
      <Author>
        <Name>George</Name>
        <Email>gweasley@hogwarts.co.uk</Email>
      </Author>
    </Authors>
    <name>Book1</name>
  </book>
  <book>
    <Authors>
      <Author>
        <Name>Fred</Name>
        <Email>fweasley@hogwarts.co.uk</Email>
      </Author>
      <Author>
        <Name>George</Name>
        <Email>gweasley@hogwarts.co.uk</Email>
      </Author>
    </Authors>
    <name>Book1</name>
  </book>
  <book>
    <Authors>
      <Author>
        <Name>Fred</Name>
        <Email>fweasley@hogwarts.co.uk</Email>
      </Author>
      <Author>
        <Name>George</Name>
        <Email>gweasley@hogwarts.co.uk</Email>
      </Author>
    </Authors>
    <name>Book1</name>
  </book>
  <book>
    <Authors>
      <Author>
        <Name>Fred</Name>
        <Email>fweasley@hogwarts.co.uk</Email>
      </Author>
      <Author>
        <Name>George</Name>
        <Email>gweasley@hogwarts.co.uk</Email>
      </Author>
    </Authors>
    <name>Book1</name>
  </book>
  <book>
    <Authors>
      <Author>
        <Name>Fred</Name>
        <Email>fweasley@hogwarts.co.uk</Email>
      </Author>
      <Author>
        <Name>George</Name>
        <Email>gweasley@hogwarts.co.uk</Email>
      </Author>
    </Authors>
    <name>Book1</name>
  </book>
  <book>
    <Authors>
      <Author>
        <Name>Fred</Name>
        <Email>fweasley@hogwarts.co.uk</Email>
      </Author>
      <Author>
        <Name>George</Name>
        <Email>gweasley@hogwarts.co.uk</Email>
      </Author>
    </Authors>
    <name>Book1</name>
  </book>
  <book>
    <Authors>
      <Author>
        <Name>Fred</Name>
        <Email>fweasley@hogwarts.co.uk</Email>
      </Author>
      <Author>
        <Name>George</Name>
        <Email>gweasley@hogwarts.co.uk</Email>
      </Author>
    </Authors>
    <name>Book1</name>
  </book>
  <book>
    <Authors>
      <Author>
        <Name>Fred</Name>
        <Email>fweasley@hogwarts.co.uk</Email>
      </Author>
      <Author>
        <Name>George</Name>
        <Email>gweasley@hogwarts.co.uk</Email>
      </Author>
    </Authors>
    <name>Book1</name>
  </book>
  <book>
    <Authors>
      <Author>
        <Name>Fred</Name>
        <Email>fweasley@hogwarts.co.uk</Email>
      </Author>
      <Author>
        <Name>George</Name>
        <Email>gweasley@hogwarts.co.uk</Email>
      </Author>
    </Authors>
    <name>Book1</name>
  </book>
  <book>
    <Authors>
      <Author>
        <Name>Fred</Name>
        <Email>fweasley@hogwarts.co.uk</Email>
      </Author>
      <Author>
        <Name>George</Name>
        <Email>gweasley@hogwarts.co.uk</Email>
      </Author>
    </Authors>
    <name>Book1</name>
  </book>
  <book>
    <Authors>
      <Author>
        <Name>Fred</Name>
        <Email>fweasley@hogwarts.co.uk</Email>
      </Author>
      <Author>
        <Name>George</Name>
        <Email>gweasley@hogwarts.co.uk</Email>
      </Author>
    </Authors>
    <name>Book1</name>
  </book>
  <book>
    <Authors>
      <Author>
        <Name>Fred</Name>
        <Email>fweasley@hogwarts.co.uk</Email>
      </Author>
      <Author>
        <Name>George</Name>
        <Email>gweasley@hogwarts.co.uk</Email>
      </Author>
    </Authors>
    <name>Book1</name>
  </book>
  <book>
    <Authors>
      <Author>
        <Name>Fred</Name>
        <Email>fweasley@hogwarts.co.uk</Email>
      </Author>
      <Author>
        <Name>George</Name>
        <Email>gweasley@hogwarts.co.uk</Email>
      </Author>
    </Authors>
    <name>Book1</name>
  </book>
  <book>
    <Authors>
      <Author>
        <Name>Fred</Name>
        <Email>fweasley@hogwarts.co.uk</Email>
      </Author>
      <Author>
        <Name>George</Name>
        <Email>gweasley@hogwarts.co.uk</Email>
      </Author>
    </Authors>
    <name>Book1</name>
  </book>
  <book>
    <Authors>
      <Author>
        <Name>Fred</Name>
        <Email>fweasley@hogwarts.co.uk</Email>
      </Author>
      <Author>
        <Name>George</Name>
        <Email>gweasley@hogwarts.co.uk</Email>
      </Author>
    </Authors>
    <name>Book1</name>
  </book>
  <book>
    <Authors>
      <Author>
        <Name>Fred</Name>
        <Email>fweasley@hogwarts.co.uk</Email>
      </Author>
      <Author>
        <Name>George</Name>
        <Email>gweasley@hogwarts.co.uk</Email>
      </Author>
    </Authors>
    <name>Book1</name>
  </book>
  <book>
    <Authors>
      <Author>
        <Name>Fred</Name>
        <Email>fweasley@hogwarts.co.uk</Email>
      </Author>
      <Author>
        <Name>George</Name>
        <Email>gweasley@hogwarts.co.uk</Email>
      </Author>
    </Authors>
    <name>Book1</name>
  </book>
  <book>
    <Authors>
      <Author>
        <Name>Fred</Name>
        <Email>fweasley@hogwarts.co.uk</Email>
      </Author>
      <Author>
        <Name>George</Name>
        <Email>gweasley@hogwarts.co.uk</Email>
      </Author>
    </Authors>
    <name>Book1</name>
  </book>
  <book>
    <Authors>
      <Author>
        <Name>Fred</Name>
        <Email>fweasley@hogwarts.co.uk</Email>
      </Author>
      <Author>
        <Name>George</Name>
        <Email>gweasley@hogwarts.co.uk</Email>
      </Author>
    </Authors>
    <name>Book1</name>
  </book>
  <book>
    <Authors>
      <Author>
        <Name>Fred</Name>
        <Email>fweasley@hogwarts.co.uk</Email>
      </Author>
      <Author>
        <Name>George</Name>
        <Email>gweasley@hogwarts.co.uk</Email>
      </Author>
    </Authors>
    <name>Book1</name>
  </book>
  <book>
    <Authors>
      <Author>
        <Name>Fred</Name>
        <Email>fweasley@hogwarts.co.uk</Email>
      </Author>
      <Author>
        <Name>George</Name>
        <Email>gweasley@hogwarts.co.uk</Email>
      </Author>
    </Authors>
    <name>Book1</name>
  </book>
  <book>
    <Authors>
      <Author>
        <Name>Fred</Name>
        <Email>fweasley@hogwarts.co.uk</Email>
      </Author>
      <Author>
        <Name>George</Name>
        <Email>gweasley@hogwarts.co.uk</Email>
      </Author>
    </Authors>
    <name>Book1</name>
  </book>
  <book>
    <Authors>
      <Author>
        <Name>Fred</Name>
        <Email>fweasley@hogwarts.co.uk</Email>
      </Author>
      <Author>
        <Name>George</Name>
        <Email>gweasley@hogwarts.co.uk</Email>
      </Author>
    </Authors>
    <name>Book1</name>
  </book>
  <book>
    <Authors>
      <Author>
        <Name>Fred</Name>
        <Email>fweasley@hogwarts.co.uk</Email>
      </Author>
      <Author>
        <Name>George</Name>
        <Email>gweasley@hogwarts.co.uk</Email>
      </Author>
    </Authors>
    <name>Book1</name>
  </book>
  <book>
    <Authors>
      <Author>
        <Name>Fred</Name>
        <Email>fweasley@hogwarts.co.uk</Email>
      </Author>
      <Author>
        <Name>George</Name>
        <Email>gweasley@hogwarts.co.uk</Email>
      </Author>
    </Authors>
    <name>Book1</name>
  </book>
  <book>
    <Authors>
      <Author>
        <Name>Fred</Name>
        <Email>fweasley@hogwarts.co.uk</Email>
      </Author>
      <Author>
        <Name>George</Name>
        <Email>gweasley@hogwarts.co.uk</Email>
      </Author>
    </Authors>
    <name>Book1</name>
  </book>
  <book>
    <Authors>
      <Author>
        <Name>Fred</Name>
        <Email>fweasley@hogwarts.co.uk</Email>
      </Author>
      <Author>
        <Name>George</Name>
        <Email>gweasley@hogwarts.co.uk</Email>
      </Author>
    </Authors>
    <name>Book1</name>
  </book>
  <book>
    <Authors>
      <Author>
        <Name>Fred</Name>
        <Email>fweasley@hogwarts.co.uk</Email>
      </Author>
      <Author>
        <Name>George</Name>
        <Email>gweasley@hogwarts.co.uk</Email>
      </Author>
    </Authors>
    <name>Book1</name>
  </book>
  <book>
    <Authors>
      <Author>
        <Name>Fred</Name>
        <Email>fweasley@hogwarts.co.uk</Email>
      </Author>
      <Author>
        <Name>George</Name>
        <Email>gweasley@hogwarts.co.uk</Email>
      </Author>
    </Authors>
    <name>Book1</name>
  </book>
  <book>
    <Authors>
      <Author>
        <Name>Fred</Name>
        <Email>fweasley@hogwarts.co.uk</Email>
      </Author>
      <Author>
        <Name>George</Name>
        <Email>gweasley@hogwarts.co.uk</Email>
      </Author>
    </Authors>
    <name>Book1</name>
  </book>
  <book>
    <Authors>
      <Author>
        <Name>Fred</Name>
        <Email>fweasley@hogwarts.co.uk</Email>
      </Author>
      <Author>
        <Name>George</Name>
        <Email>gweasley@hogwarts.co.uk</Email>
      </Author>
    </Authors>
    <name>Book1</name>
  </book>
  <book>
    <Authors>
      <Author>
        <Name>Fred</Name>
        <Email>fweasley@hogwarts.co.uk</Email>
      </Author>
      <Author>
        <Name>George</Name>
        <Email>gweasley@hogwarts.co.uk</Email>
      </Author>
    </Authors>
    <name>Book1</name>
  </book>
  <book>
    <Authors>
      <Author>
        <Name>Fred</Name>
        <Email>fweasley@hogwarts.co.uk</Email>
      </Author>
      <Author>
        <Name>George</Name>
        <Email>gweasley@hogwarts.co.uk</Email>
      </Author>
    </Authors>
    <name>Book1</name>
  </book>
  <book>
    <Authors>
      <Author>
        <Name>Fred</Name>
        <Email>fweasley@hogwarts.co.uk</Email>
      </Author>
      <Author>
        <Name>George</Name>
        <Email>gweasley@hogwarts.co.uk</Email>
      </Author>
    </Authors>
    <name>Book1</name>
  </book>
  <book>
    <Authors>
      <Author>
        <Name>Fred</Name>
        <Email>fweasley@hogwarts.co.uk</Email>
      </Author>
      <Author>
        <Name>George</Name>
        <Email>gweasley@hogwarts.co.uk</Email>
      </Author>
    </Authors>
    <name>Book1</name>
  </book>
  <book>
    <Authors>
      <Author>
        <Name>Fred</Name>
        <Email>fweasley@hogwarts.co.uk</Email>
      </Author>
      <Author>
        <Name>George</Name>
        <Email>gweasley@hogwarts.co.uk</Email>
      </Author>
    </Authors>
    <name>Book1</name>
  </book>
  <book>
    <Authors>
      <Author>
        <Name>Fred</Name>
        <Email>fweasley@hogwarts.co.uk</Email>
      </Author>
      <Author>
        <Name>George</Name>
        <Email>gweasley@hogwarts.co.uk</Email>
      </Author>
    </Authors>
    <name>Book1</name>
  </book>
  <book>
    <Authors>
      <Author>
        <Name>Fred</Name>
        <Email>fweasley@hogwarts.co.uk</Email>
      </Author>
      <Author>
        <Name>George</Name>
        <Email>gweasley@hogwarts.co.uk</Email>
      </Author>
    </Authors>
    <name>Book1</name>
  </book>
  <book>
    <Authors>
      <Author>
        <Name>Fred</Name>
        <Email>fweasley@hogwarts.co.uk</Email>
      </Author>
      <Author>
        <Name>George</Name>
        <Email>gweasley@hogwarts.co.uk</Email>
      </Author>
    </Authors>
    <name>Book1</name>
  </book>
  <book>
    <Authors>
      <Author>
        <Name>Fred</Name>
        <Email>fweasley@hogwarts.co.uk</Email>
      </Author>
      <Author>
        <Name>George</Name>
        <Email>gweasley@hogwarts.co.uk</Email>
      </Author>
    </Authors>
    <name>Book1</name>
  </book>
  <book>
    <Authors>
      <Author>
        <Name>Fred</Name>
        <Email>fweasley@hogwarts.co.uk</Email>
      </Author>
      <Author>
        <Name>George</Name>
        <Email>gweasley@hogwarts.co.uk</Email>
      </Author>
    </Authors>
    <name>Book1</name>
  </book>
  <book>
    <Authors>
      <Author>
        <Name>Fred</Name>
        <Email>fweasley@hogwarts.co.uk</Email>
      </Author>
      <Author>
        <Name>George</Name>
        <Email>gweasley@hogwarts.co.uk</Email>
      </Author>
    </Authors>
    <name>Book1</name>
  </book>
  <book>
    <Authors>
      <Author>
        <Name>Fred</Name>
        <Email>fweasley@hogwarts.co.uk</Email>
      </Author>
      <Author>
        <Name>George</Name>
        <Email>gweasley@hogwarts.co.uk</Email>
      </Author>
    </Authors>
    <name>Book1</name>
  </book>
  <book>
    <Authors>
      <Author>
        <Name>Fred</Name>
        <Email>fweasley@hogwarts.co.uk</Email>
      </Author>
      <Author>
        <Name>George</Name>
        <Email>gweasley@hogwarts.co.uk</Email>
      </Author>
    </Authors>
    <name>Book1</name>
  </book>
  <book>
    <Authors>
      <Author>
        <Name>Fred</Name>
        <Email>fweasley@hogwarts.co.uk</Email>
      </Author>
      <Author>
        <Name>George</Name>
        <Email>gweasley@hogwarts.co.uk</Email>
      </Author>
    </Authors>
    <name>Book1</name>
  </book>
  <book>
    <Authors>
      <Author>
        <Name>Fred</Name>
        <Email>fweasley@hogwarts.co.uk</Email>
      </Author>
      <Author>
        <Name>George</Name>
        <Email>gweasley@hogwarts.co.uk</Email>
      </Author>
    </Authors>
    <name>Book1</name>
  </book>
  <book>
    <Authors>
      <Author>
        <Name>Fred</Name>
        <Email>fweasley@hogwarts.co.uk</Email>
      </Author>
      <Author>
        <Name>George</Name>
        <Email>gweasley@hogwarts.co.uk</Email>
      </Author>
    </Authors>
    <name>Book1</name>
  </book>
  <book>
    <Authors>
      <Author>
        <Name>Fred</Name>
        <Email>fweasley@hogwarts.co.uk</Email>
      </Author>
      <Author>
        <Name>George</Name>
        <Email>gweasley@hogwarts.co.uk</Email>
      </Author>
    </Authors>
    <name>Book1</name>
  </book>
  <book>
    <Authors>
      <Author>
        <Name>Fred</Name>
        <Email>fweasley@hogwarts.co.uk</Email>
      </Author>
      <Author>
        <Name>George</Name>
        <Email>gweasley@hogwarts.co.uk</Email>
      </Author>
    </Authors>
    <name>Book1</name>
  </book>
  <book>
    <Authors>
      <Author>
        <Name>Fred</Name>
        <Email>fweasley@hogwarts.co.uk</Email>
      </Author>
      <Author>
        <Name>George</Name>
        <Email>gweasley@hogwarts.co.uk</Email>
      </Author>
    </Authors>
    <name>Book1</name>
  </book>
  <book>
    <Authors>
      <Author>
        <Name>Fred</Name>
        <Email>fweasley@hogwarts.co.uk</Email>
      </Author>
      <Author>
        <Name>George</Name>
        <Email>gweasley@hogwarts.co.uk</Email>
      </Author>
    </Authors>
    <name>Book1</name>
  </book>
  <book>
    <Authors>
      <Author>
        <Name>Fred</Name>
        <Email>fweasley@hogwarts.co.uk</Email>
      </Author>
      <Author>
        <Name>George</Name>
        <Email>gweasley@hogwarts.co.uk</Email>
      </Author>
    </Authors>
    <name>Book1</name>
  </book>
  <book>
    <Authors>
      <Author>
        <Name>Fred</Name>
        <Email>fweasley@hogwarts.co.uk</Email>
      </Author>
      <Author>
        <Name>George</Name>
        <Email>gweasley@hogwarts.co.uk</Email>
      </Author>
    </Authors>
    <name>Book1</name>
  </book>
  <book>
    <Authors>
      <Author>
        <Name>Fred</Name>
        <Email>fweasley@hogwarts.co.uk</Email>
      </Author>
      <Author>
        <Name>George</Name>
        <Email>gweasley@hogwarts.co.uk</Email>
      </Author>
    </Authors>
    <name>Book1</name>
  </book>
  <book>
    <Authors>
      <Author>
        <Name>Fred</Name>
        <Email>fweasley@hogwarts.co.uk</Email>
      </Author>
      <Author>
        <Name>George</Name>
        <Email>gweasley@hogwarts.co.uk</Email>
      </Author>
    </Authors>
    <name>Book1</name>
  </book>
  <book>
    <Authors>
      <Author>
        <Name>Fred</Name>
        <Email>fweasley@hogwarts.co.uk</Email>
      </Author>
      <Author>
        <Name>George</Name>
        <Email>gweasley@hogwarts.co.uk</Email>
      </Author>
    </Authors>
    <name>Book1</name>
  </book>
  <book>
    <Authors>
      <Author>
        <Name>Fred</Name>
        <Email>fweasley@hogwarts.co.uk</Email>
      </Author>
      <Author>
        <Name>George</Name>
        <Email>gweasley@hogwarts.co.uk</Email>
      </Author>
    </Authors>
    <name>Book1</name>
  </book>
  <book>
    <Authors>
      <Author>
        <Name>Fred</Name>
        <Email>fweasley@hogwarts.co.uk</Email>
      </Author>
      <Author>
        <Name>George</Name>
        <Email>gweasley@hogwarts.co.uk</Email>
      </Author>
    </Authors>
    <name>Book1</name>
  </book>
  <book>
    <Authors>
      <Author>
        <Name>Fred</Name>
        <Email>fweasley@hogwarts.co.uk</Email>
      </Author>
      <Author>
        <Name>George</Name>
        <Email>gweasley@hogwarts.co.uk</Email>
      </Author>
    </Authors>
    <name>Book1</name>
  </book>
  <book>
    <Authors>
      <Author>
        <Name>Fred</Name>
        <Email>fweasley@hogwarts.co.uk</Email>
      </Author>
      <Author>
        <Name>George</Name>
        <Email>gweasley@hogwarts.co.uk</Email>
      </Author>
    </Authors>
    <name>Book1</name>
  </book>
  <book>
    <Authors>
      <Author>
        <Name>Fred</Name>
        <Email>fweasley@hogwarts.co.uk</Email>
      </Author>
      <Author>
        <Name>George</Name>
        <Email>gweasley@hogwarts.co.uk</Email>
      </Author>
    </Authors>
    <name>Book1</name>
  </book>
  <book>
    <Authors>
      <Author>
        <Name>Fred</Name>
        <Email>fweasley@hogwarts.co.uk</Email>
      </Author>
      <Author>
        <Name>George</Name>
        <Email>gweasley@hogwarts.co.uk</Email>
      </Author>
    </Authors>
    <name>Book1</name>
  </book>
  <book>
    <Authors>
      <Author>
        <Name>Fred</Name>
        <Email>fweasley@hogwarts.co.uk</Email>
      </Author>
      <Author>
        <Name>George</Name>
        <Email>gweasley@hogwarts.co.uk</Email>
      </Author>
    </Authors>
    <name>Book1</name>
  </book>
  <book>
    <Authors>
      <Author>
        <Name>Fred</Name>
        <Email>fweasley@hogwarts.co.uk</Email>
      </Author>
      <Author>
        <Name>George</Name>
        <Email>gweasley@hogwarts.co.uk</Email>
      </Author>
    </Authors>
    <name>Book1</name>
  </book>
  <book>
    <Authors>
      <Author>
        <Name>Fred</Name>
        <Email>fweasley@hogwarts.co.uk</Email>
      </Author>
      <Author>
        <Name>George</Name>
        <Email>gweasley@hogwarts.co.uk</Email>
      </Author>
    </Authors>
    <name>Book1</name>
  </book>
  <book>
    <Authors>
      <Author>
        <Name>Fred</Name>
        <Email>fweasley@hogwarts.co.uk</Email>
      </Author>
      <Author>
        <Name>George</Name>
        <Email>gweasley@hogwarts.co.uk</Email>
      </Author>
    </Authors>
    <name>Book1</name>
  </book>
  <book>
    <Authors>
      <Author>
        <Name>Fred</Name>
        <Email>fweasley@hogwarts.co.uk</Email>
      </Author>
      <Author>
        <Name>George</Name>
        <Email>gweasley@hogwarts.co.uk</Email>
      </Author>
    </Authors>
    <name>Book1</name>
  </book>
  <book>
    <Authors>
      <Author>
        <Name>Fred</Name>
        <Email>fweasley@hogwarts.co.uk</Email>
      </Author>
      <Author>
        <Name>George</Name>
        <Email>gweasley@hogwarts.co.uk</Email>
      </Author>
    </Authors>
    <name>Book1</name>
  </book>
  <book>
    <Authors>
      <Author>
        <Name>Fred</Name>
        <Email>fweasley@hogwarts.co.uk</Email>
      </Author>
      <Author>
        <Name>George</Name>
        <Email>gweasley@hogwarts.co.uk</Email>
      </Author>
    </Authors>
    <name>Book1</name>
  </book>
  <book>
    <Authors>
      <Author>
        <Name>Fred</Name>
        <Email>fweasley@hogwarts.co.uk</Email>
      </Author>
      <Author>
        <Name>George</Name>
        <Email>gweasley@hogwarts.co.uk</Email>
      </Author>
    </Authors>
    <name>Book1</name>
  </book>
  <book>
    <Authors>
      <Author>
        <Name>Fred</Name>
        <Email>fweasley@hogwarts.co.uk</Email>
      </Author>
      <Author>
        <Name>George</Name>
        <Email>gweasley@hogwarts.co.uk</Email>
      </Author>
    </Authors>
    <name>Book1</name>
  </book>
  <book>
    <Authors>
      <Author>
        <Name>Fred</Name>
        <Email>fweasley@hogwarts.co.uk</Email>
      </Author>
      <Author>
        <Name>George</Name>
        <Email>gweasley@hogwarts.co.uk</Email>
      </Author>
    </Authors>
    <name>Book1</name>
  </book>
  <book>
    <Authors>
      <Author>
        <Name>Fred</Name>
        <Email>fweasley@hogwarts.co.uk</Email>
      </Author>
      <Author>
        <Name>George</Name>
        <Email>gweasley@hogwarts.co.uk</Email>
      </Author>
    </Authors>
    <name>Book1</name>
  </book>
  <book>
    <Authors>
      <Author>
        <Name>Fred</Name>
        <Email>fweasley@hogwarts.co.uk</Email>
      </Author>
      <Author>
        <Name>George</Name>
        <Email>gweasley@hogwarts.co.uk</Email>
      </Author>
    </Authors>
    <name>Book1</name>
  </book>
  <book>
    <Authors>
      <Author>
        <Name>Fred</Name>
        <Email>fweasley@hogwarts.co.uk</Email>
      </Author>
      <Author>
        <Name>George</Name>
        <Email>gweasley@hogwarts.co.uk</Email>
      </Author>
    </Authors>
    <name>Book1</name>
  </book>
  <book>
    <Authors>
      <Author>
        <Name>Fred</Name>
        <Email>fweasley@hogwarts.co.uk</Email>
      </Author>
      <Author>
        <Name>George</Name>
        <Email>gweasley@hogwarts.co.uk</Email>
      </Author>
    </Authors>
    <name>Book1</name>
  </book>
  <book>
    <Authors>
      <Author>
        <Name>Fred</Name>
        <Email>fweasley@hogwarts.co.uk</Email>
      </Author>
      <Author>
        <Name>George</Name>
        <Email>gweasley@hogwarts.co.uk</Email>
      </Author>
    </Authors>
    <name>Book1</name>
  </book>
  <book>
    <Authors>
      <Author>
        <Name>Fred</Name>
        <Email>fweasley@hogwarts.co.uk</Email>
      </Author>
      <Author>
        <Name>George</Name>
        <Email>gweasley@hogwarts.co.uk</Email>
      </Author>
    </Authors>
    <name>Book1</name>
  </book>
  <book>
    <Authors>
      <Author>
        <Name>Fred</Name>
        <Email>fweasley@hogwarts.co.uk</Email>
      </Author>
      <Author>
        <Name>George</Name>
        <Email>gweasley@hogwarts.co.uk</Email>
      </Author>
    </Authors>
    <name>Book1</name>
  </book>
  <book>
    <Authors>
      <Author>
        <Name>Fred</Name>
        <Email>fweasley@hogwarts.co.uk</Email>
      </Author>
      <Author>
        <Name>George</Name>
        <Email>gweasley@hogwarts.co.uk</Email>
      </Author>
    </Authors>
    <name>Book1</name>
  </book>
  <book>
    <Authors>
      <Author>
        <Name>Fred</Name>
        <Email>fweasley@hogwarts.co.uk</Email>
      </Author>
      <Author>
        <Name>George</Name>
        <Email>gweasley@hogwarts.co.uk</Email>
      </Author>
    </Authors>
    <name>Book1</name>
  </book>
  <book>
    <Authors>
      <Author>
        <Name>Fred</Name>
        <Email>fweasley@hogwarts.co.uk</Email>
      </Author>
      <Author>
        <Name>George</Name>
        <Email>gweasley@hogwarts.co.uk</Email>
      </Author>
    </Authors>
    <name>Book1</name>
  </book>
  <book>
    <Authors>
      <Author>
        <Name>Fred</Name>
        <Email>fweasley@hogwarts.co.uk</Email>
      </Author>
      <Author>
        <Name>George</Name>
        <Email>gweasley@hogwarts.co.uk</Email>
      </Author>
    </Authors>
    <name>Book1</name>
  </book>
  <book>
    <Authors>
      <Author>
        <Name>Fred</Name>
        <Email>fweasley@hogwarts.co.uk</Email>
      </Author>
      <Author>
        <Name>George</Name>
        <Email>gweasley@hogwarts.co.uk</Email>
      </Author>
    </Authors>
    <name>Book1</name>
  </book>
  <book>
    <Authors>
      <Author>
        <Name>Fred</Name>
        <Email>fweasley@hogwarts.co.uk</Email>
      </Author>
      <Author>
        <Name>George</Name>
        <Email>gweasley@hogwarts.co.uk</Email>
      </Author>
    </Authors>
    <name>Book1</name>
  </book>
  <book>
    <Authors>
      <Author>
        <Name>Fred</Name>
        <Email>fweasley@hogwarts.co.uk</Email>
      </Author>
      <Author>
        <Name>George</Name>
        <Email>gweasley@hogwarts.co.uk</Email>
      </Author>
    </Authors>
    <name>Book1</name>
  </book>
  <book>
    <Authors>
      <Author>
        <Name>Fred</Name>
        <Email>fweasley@hogwarts.co.uk</Email>
      </Author>
      <Author>
        <Name>George</Name>
        <Email>gweasley@hogwarts.co.uk</Email>
      </Author>
    </Authors>
    <name>Book1</name>
  </book>
  <book>
    <Authors>
      <Author>
        <Name>Fred</Name>
        <Email>fweasley@hogwarts.co.uk</Email>
      </Author>
      <Author>
        <Name>George</Name>
        <Email>gweasley@hogwarts.co.uk</Email>
      </Author>
    </Authors>
    <name>Book1</name>
  </book>
  <book>
    <Authors>
      <Author>
        <Name>Fred</Name>
        <Email>fweasley@hogwarts.co.uk</Email>
      </Author>
      <Author>
        <Name>George</Name>
        <Email>gweasley@hogwarts.co.uk</Email>
      </Author>
    </Authors>
    <name>Book1</name>
  </book>
  <book>
    <Authors>
      <Author>
        <Name>Fred</Name>
        <Email>fweasley@hogwarts.co.uk</Email>
      </Author>
      <Author>
        <Name>George</Name>
        <Email>gweasley@hogwarts.co.uk</Email>
      </Author>
    </Authors>
    <name>Book1</name>
  </book>
  <book>
    <Authors>
      <Author>
        <Name>Fred</Name>
        <Email>fweasley@hogwarts.co.uk</Email>
      </Author>
      <Author>
        <Name>George</Name>
        <Email>gweasley@hogwarts.co.uk</Email>
      </Author>
    </Authors>
    <name>Book1</name>
  </book>
  <book>
    <Authors>
      <Author>
        <Name>Fred</Name>
        <Email>fweasley@hogwarts.co.uk</Email>
      </Author>
      <Author>
        <Name>George</Name>
        <Email>gweasley@hogwarts.co.uk</Email>
      </Author>
    </Authors>
    <name>Book1</name>
  </book>
  <book>
    <Authors>
      <Author>
        <Name>Fred</Name>
        <Email>fweasley@hogwarts.co.uk</Email>
      </Author>
      <Author>
        <Name>George</Name>
        <Email>gweasley@hogwarts.co.uk</Email>
      </Author>
    </Authors>
    <name>Book1</name>
  </book>
  <book>
    <Authors>
      <Author>
        <Name>Fred</Name>
        <Email>fweasley@hogwarts.co.uk</Email>
      </Author>
      <Author>
        <Name>George</Name>
        <Email>gweasley@hogwarts.co.uk</Email>
      </Author>
    </Authors>
    <name>Book1</name>
  </book>
  <book>
    <Authors>
      <Author>
        <Name>Fred</Name>
        <Email>fweasley@hogwarts.co.uk</Email>
      </Author>
      <Author>
        <Name>George</Name>
        <Email>gweasley@hogwarts.co.uk</Email>
      </Author>
    </Authors>
    <name>Book1</name>
  </book>
  <book>
    <Authors>
      <Author>
        <Name>Fred</Name>
        <Email>fweasley@hogwarts.co.uk</Email>
      </Author>
      <Author>
        <Name>George</Name>
        <Email>gweasley@hogwarts.co.uk</Email>
      </Author>
    </Authors>
    <name>Book1</name>
  </book>
  <book>
    <Authors>
      <Author>
        <Name>Fred</Name>
        <Email>fweasley@hogwarts.co.uk</Email>
      </Author>
      <Author>
        <Name>George</Name>
        <Email>gweasley@hogwarts.co.uk</Email>
      </Author>
    </Authors>
    <name>Book1</name>
  </book>
  <book>
    <Authors>
      <Author>
        <Name>Fred</Name>
        <Email>fweasley@hogwarts.co.uk</Email>
      </Author>
      <Author>
        <Name>George</Name>
        <Email>gweasley@hogwarts.co.uk</Email>
      </Author>
    </Authors>
    <name>Book1</name>
  </book>
  <book>
    <Authors>
      <Author>
        <Name>Fred</Name>
        <Email>fweasley@hogwarts.co.uk</Email>
      </Author>
      <Author>
        <Name>George</Name>
        <Email>gweasley@hogwarts.co.uk</Email>
      </Author>
    </Authors>
    <name>Book1</name>
  </book>
  <book>
    <Authors>
      <Author>
        <Name>Fred</Name>
        <Email>fweasley@hogwarts.co.uk</Email>
      </Author>
      <Author>
        <Name>George</Name>
        <Email>gweasley@hogwarts.co.uk</Email>
      </Author>
    </Authors>
    <name>Book1</name>
  </book>
  <book>
    <Authors>
      <Author>
        <Name>Fred</Name>
        <Email>fweasley@hogwarts.co.uk</Email>
      </Author>
      <Author>
        <Name>George</Name>
        <Email>gweasley@hogwarts.co.uk</Email>
      </Author>
    </Authors>
    <name>Book1</name>
  </book>
  <book>
    <Authors>
      <Author>
        <Name>Fred</Name>
        <Email>fweasley@hogwarts.co.uk</Email>
      </Author>
      <Author>
        <Name>George</Name>
        <Email>gweasley@hogwarts.co.uk</Email>
      </Author>
    </Authors>
    <name>Book1</name>
  </book>
  <book>
    <Authors>
      <Author>
        <Name>Fred</Name>
        <Email>fweasley@hogwarts.co.uk</Email>
      </Author>
      <Author>
        <Name>George</Name>
        <Email>gweasley@hogwarts.co.uk</Email>
      </Author>
    </Authors>
    <name>Book1</name>
  </book>
  <book>
    <Authors>
      <Author>
        <Name>Fred</Name>
        <Email>fweasley@hogwarts.co.uk</Email>
      </Author>
      <Author>
        <Name>George</Name>
        <Email>gweasley@hogwarts.co.uk</Email>
      </Author>
    </Authors>
    <name>Book1</name>
  </book>
  <book>
    <Authors>
      <Author>
        <Name>Fred</Name>
        <Email>fweasley@hogwarts.co.uk</Email>
      </Author>
      <Author>
        <Name>George</Name>
        <Email>gweasley@hogwarts.co.uk</Email>
      </Author>
    </Authors>
    <name>Book1</name>
  </book>
  <book>
    <Authors>
      <Author>
        <Name>Fred</Name>
        <Email>fweasley@hogwarts.co.uk</Email>
      </Author>
      <Author>
        <Name>George</Name>
        <Email>gweasley@hogwarts.co.uk</Email>
      </Author>
    </Authors>
    <name>Book1</name>
  </book>
  <book>
    <Authors>
      <Author>
        <Name>Fred</Name>
        <Email>fweasley@hogwarts.co.uk</Email>
      </Author>
      <Author>
        <Name>George</Name>
        <Email>gweasley@hogwarts.co.uk</Email>
      </Author>
    </Authors>
    <name>Book1</name>
  </book>
  <book>
    <Authors>
      <Author>
        <Name>Fred</Name>
        <Email>fweasley@hogwarts.co.uk</Email>
      </Author>
      <Author>
        <Name>George</Name>
        <Email>gweasley@hogwarts.co.uk</Email>
      </Author>
    </Authors>
    <name>Book1</name>
  </book>
  <book>
    <Authors>
      <Author>
        <Name>Fred</Name>
        <Email>fweasley@hogwarts.co.uk</Email>
      </Author>
      <Author>
        <Name>George</Name>
        <Email>gweasley@hogwarts.co.uk</Email>
      </Author>
    </Authors>
    <name>Book1</name>
  </book>
  <book>
    <Authors>
      <Author>
        <Name>Fred</Name>
        <Email>fweasley@hogwarts.co.uk</Email>
      </Author>
      <Author>
        <Name>George</Name>
        <Email>gweasley@hogwarts.co.uk</Email>
      </Author>
    </Authors>
    <name>Book1</name>
  </book>
  <book>
    <Authors>
      <Author>
        <Name>Fred</Name>
        <Email>fweasley@hogwarts.co.uk</Email>
      </Author>
      <Author>
        <Name>George</Name>
        <Email>gweasley@hogwarts.co.uk</Email>
      </Author>
    </Authors>
    <name>Book1</name>
  </book>
  <book>
    <Authors>
      <Author>
        <Name>Fred</Name>
        <Email>fweasley@hogwarts.co.uk</Email>
      </Author>
      <Author>
        <Name>George</Name>
        <Email>gweasley@hogwarts.co.uk</Email>
      </Author>
    </Authors>
    <name>Book1</name>
  </book>
  <book>
    <Authors>
      <Author>
        <Name>Fred</Name>
        <Email>fweasley@hogwarts.co.uk</Email>
      </Author>
      <Author>
        <Name>George</Name>
        <Email>gweasley@hogwarts.co.uk</Email>
      </Author>
    </Authors>
    <name>Book1</name>
  </book>
  <book>
    <Authors>
      <Author>
        <Name>Fred</Name>
        <Email>fweasley@hogwarts.co.uk</Email>
      </Author>
      <Author>
        <Name>George</Name>
        <Email>gweasley@hogwarts.co.uk</Email>
      </Author>
    </Authors>
    <name>Book1</name>
  </book>
  <book>
    <Authors>
      <Author>
        <Name>Fred</Name>
        <Email>fweasley@hogwarts.co.uk</Email>
      </Author>
      <Author>
        <Name>George</Name>
        <Email>gweasley@hogwarts.co.uk</Email>
      </Author>
    </Authors>
    <name>Book1</name>
  </book>
  <book>
    <Authors>
      <Author>
        <Name>Fred</Name>
        <Email>fweasley@hogwarts.co.uk</Email>
      </Author>
      <Author>
        <Name>George</Name>
        <Email>gweasley@hogwarts.co.uk</Email>
      </Author>
    </Authors>
    <name>Book1</name>
  </book>
  <book>
    <Authors>
      <Author>
        <Name>Fred</Name>
        <Email>fweasley@hogwarts.co.uk</Email>
      </Author>
      <Author>
        <Name>George</Name>
        <Email>gweasley@hogwarts.co.uk</Email>
      </Author>
    </Authors>
    <name>Book1</name>
  </book>
  <book>
    <Authors>
      <Author>
        <Name>Fred</Name>
        <Email>fweasley@hogwarts.co.uk</Email>
      </Author>
      <Author>
        <Name>George</Name>
        <Email>gweasley@hogwarts.co.uk</Email>
      </Author>
    </Authors>
    <name>Book1</name>
  </book>
  <book>
    <Authors>
      <Author>
        <Name>Fred</Name>
        <Email>fweasley@hogwarts.co.uk</Email>
      </Author>
      <Author>
        <Name>George</Name>
        <Email>gweasley@hogwarts.co.uk</Email>
      </Author>
    </Authors>
    <name>Book1</name>
  </book>
  <book>
    <Authors>
      <Author>
        <Name>Fred</Name>
        <Email>fweasley@hogwarts.co.uk</Email>
      </Author>
      <Author>
        <Name>George</Name>
        <Email>gweasley@hogwarts.co.uk</Email>
      </Author>
    </Authors>
    <name>Book1</name>
  </book>
  <book>
    <Authors>
      <Author>
        <Name>Fred</Name>
        <Email>fweasley@hogwarts.co.uk</Email>
      </Author>
      <Author>
        <Name>George</Name>
        <Email>gweasley@hogwarts.co.uk</Email>
      </Author>
    </Authors>
    <name>Book1</name>
  </book>
  <book>
    <Authors>
      <Author>
        <Name>Fred</Name>
        <Email>fweasley@hogwarts.co.uk</Email>
      </Author>
      <Author>
        <Name>George</Name>
        <Email>gweasley@hogwarts.co.uk</Email>
      </Author>
    </Authors>
    <name>Book1</name>
  </book>
  <book>
    <Authors>
      <Author>
        <Name>Fred</Name>
        <Email>fweasley@hogwarts.co.uk</Email>
      </Author>
      <Author>
        <Name>George</Name>
        <Email>gweasley@hogwarts.co.uk</Email>
      </Author>
    </Authors>
    <name>Book1</name>
  </book>
  <book>
    <Authors>
      <Author>
        <Name>Fred</Name>
        <Email>fweasley@hogwarts.co.uk</Email>
      </Author>
      <Author>
        <Name>George</Name>
        <Email>gweasley@hogwarts.co.uk</Email>
      </Author>
    </Authors>
    <name>Book1</name>
  </book>
  <book>
    <Authors>
      <Author>
        <Name>Fred</Name>
        <Email>fweasley@hogwarts.co.uk</Email>
      </Author>
      <Author>
        <Name>George</Name>
        <Email>gweasley@hogwarts.co.uk</Email>
      </Author>
    </Authors>
    <name>Book1</name>
  </book>
  <book>
    <Authors>
      <Author>
        <Name>Fred</Name>
        <Email>fweasley@hogwarts.co.uk</Email>
      </Author>
      <Author>
        <Name>George</Name>
        <Email>gweasley@hogwarts.co.uk</Email>
      </Author>
    </Authors>
    <name>Book1</name>
  </book>
  <book>
    <Authors>
      <Author>
        <Name>Fred</Name>
        <Email>fweasley@hogwarts.co.uk</Email>
      </Author>
      <Author>
        <Name>George</Name>
        <Email>gweasley@hogwarts.co.uk</Email>
      </Author>
    </Authors>
    <name>Book1</name>
  </book>
  <book>
    <Authors>
      <Author>
        <Name>Fred</Name>
        <Email>fweasley@hogwarts.co.uk</Email>
      </Author>
      <Author>
        <Name>George</Name>
        <Email>gweasley@hogwarts.co.uk</Email>
      </Author>
    </Authors>
    <name>Book1</name>
  </book>
  <book>
    <Authors>
      <Author>
        <Name>Fred</Name>
        <Email>fweasley@hogwarts.co.uk</Email>
      </Author>
      <Author>
        <Name>George</Name>
        <Email>gweasley@hogwarts.co.uk</Email>
      </Author>
    </Authors>
    <name>Book1</name>
  </book>
  <book>
    <Authors>
      <Author>
        <Name>Fred</Name>
        <Email>fweasley@hogwarts.co.uk</Email>
      </Author>
      <Author>
        <Name>George</Name>
        <Email>gweasley@hogwarts.co.uk</Email>
      </Author>
    </Authors>
    <name>Book1</name>
  </book>
  <book>
    <Authors>
      <Author>
        <Name>Fred</Name>
        <Email>fweasley@hogwarts.co.uk</Email>
      </Author>
      <Author>
        <Name>George</Name>
        <Email>gweasley@hogwarts.co.uk</Email>
      </Author>
    </Authors>
    <name>Book1</name>
  </book>
  <book>
    <Authors>
      <Author>
        <Name>Fred</Name>
        <Email>fweasley@hogwarts.co.uk</Email>
      </Author>
      <Author>
        <Name>George</Name>
        <Email>gweasley@hogwarts.co.uk</Email>
      </Author>
    </Authors>
    <name>Book1</name>
  </book>
  <book>
    <Authors>
      <Author>
        <Name>Fred</Name>
        <Email>fweasley@hogwarts.co.uk</Email>
      </Author>
      <Author>
        <Name>George</Name>
        <Email>gweasley@hogwarts.co.uk</Email>
      </Author>
    </Authors>
    <name>Book1</name>
  </book>
  <book>
    <Authors>
      <Author>
        <Name>Fred</Name>
        <Email>fweasley@hogwarts.co.uk</Email>
      </Author>
      <Author>
        <Name>George</Name>
        <Email>gweasley@hogwarts.co.uk</Email>
      </Author>
    </Authors>
    <name>Book1</name>
  </book>
  <book>
    <Authors>
      <Author>
        <Name>Fred</Name>
        <Email>fweasley@hogwarts.co.uk</Email>
      </Author>
      <Author>
        <Name>George</Name>
        <Email>gweasley@hogwarts.co.uk</Email>
      </Author>
    </Authors>
    <name>Book1</name>
  </book>
  <book>
    <Authors>
      <Author>
        <Name>Fred</Name>
        <Email>fweasley@hogwarts.co.uk</Email>
      </Author>
      <Author>
        <Name>George</Name>
        <Email>gweasley@hogwarts.co.uk</Email>
      </Author>
    </Authors>
    <name>Book1</name>
  </book>
  <book>
    <Authors>
      <Author>
        <Name>Fred</Name>
        <Email>fweasley@hogwarts.co.uk</Email>
      </Author>
      <Author>
        <Name>George</Name>
        <Email>gweasley@hogwarts.co.uk</Email>
      </Author>
    </Authors>
    <name>Book1</name>
  </book>
  <book>
    <Authors>
      <Author>
        <Name>Fred</Name>
        <Email>fweasley@hogwarts.co.uk</Email>
      </Author>
      <Author>
        <Name>George</Name>
        <Email>gweasley@hogwarts.co.uk</Email>
      </Author>
    </Authors>
    <name>Book1</name>
  </book>
  <book>
    <Authors>
      <Author>
        <Name>Fred</Name>
        <Email>fweasley@hogwarts.co.uk</Email>
      </Author>
      <Author>
        <Name>George</Name>
        <Email>gweasley@hogwarts.co.uk</Email>
      </Author>
    </Authors>
    <name>Book1</name>
  </book>
  <book>
    <Authors>
      <Author>
        <Name>Fred</Name>
        <Email>fweasley@hogwarts.co.uk</Email>
      </Author>
      <Author>
        <Name>George</Name>
        <Email>gweasley@hogwarts.co.uk</Email>
      </Author>
    </Authors>
    <name>Book1</name>
  </book>
  <book>
    <Authors>
      <Author>
        <Name>Fred</Name>
        <Email>fweasley@hogwarts.co.uk</Email>
      </Author>
      <Author>
        <Name>George</Name>
        <Email>gweasley@hogwarts.co.uk</Email>
      </Author>
    </Authors>
    <name>Book1</name>
  </book>
  <book>
    <Authors>
      <Author>
        <Name>Fred</Name>
        <Email>fweasley@hogwarts.co.uk</Email>
      </Author>
      <Author>
        <Name>George</Name>
        <Email>gweasley@hogwarts.co.uk</Email>
      </Author>
    </Authors>
    <name>Book1</name>
  </book>
  <book>
    <Authors>
      <Author>
        <Name>Fred</Name>
        <Email>fweasley@hogwarts.co.uk</Email>
      </Author>
      <Author>
        <Name>George</Name>
        <Email>gweasley@hogwarts.co.uk</Email>
      </Author>
    </Authors>
    <name>Book1</name>
  </book>
  <book>
    <Authors>
      <Author>
        <Name>Fred</Name>
        <Email>fweasley@hogwarts.co.uk</Email>
      </Author>
      <Author>
        <Name>George</Name>
        <Email>gweasley@hogwarts.co.uk</Email>
      </Author>
    </Authors>
    <name>Book1</name>
  </book>
  <book>
    <Authors>
      <Author>
        <Name>Fred</Name>
        <Email>fweasley@hogwarts.co.uk</Email>
      </Author>
      <Author>
        <Name>George</Name>
        <Email>gweasley@hogwarts.co.uk</Email>
      </Author>
    </Authors>
    <name>Book1</name>
  </book>
  <book>
    <Authors>
      <Author>
        <Name>Fred</Name>
        <Email>fweasley@hogwarts.co.uk</Email>
      </Author>
      <Author>
        <Name>George</Name>
        <Email>gweasley@hogwarts.co.uk</Email>
      </Author>
    </Authors>
    <name>Book1</name>
  </book>
  <book>
    <Authors>
      <Author>
        <Name>Fred</Name>
        <Email>fweasley@hogwarts.co.uk</Email>
      </Author>
      <Author>
        <Name>George</Name>
        <Email>gweasley@hogwarts.co.uk</Email>
      </Author>
    </Authors>
    <name>Book1</name>
  </book>
  <book>
    <Authors>
      <Author>
        <Name>Fred</Name>
        <Email>fweasley@hogwarts.co.uk</Email>
      </Author>
      <Author>
        <Name>George</Name>
        <Email>gweasley@hogwarts.co.uk</Email>
      </Author>
    </Authors>
    <name>Book1</name>
  </book>
  <book>
    <Authors>
      <Author>
        <Name>Fred</Name>
        <Email>fweasley@hogwarts.co.uk</Email>
      </Author>
      <Author>
        <Name>George</Name>
        <Email>gweasley@hogwarts.co.uk</Email>
      </Author>
    </Authors>
    <name>Book1</name>
  </book>
  <book year="2014" isbn="ISBN83763550019---11">
    <Authors>
      <Author>
        <Name>Fred</Name>
        <Email>fweasley@hogwarts.co.uk</Email>
      </Author>
      <Author>
        <Name>George</Name>
        <Email>gweasley@hogwarts.co.uk</Email>
      </Author>
    </Authors>
    <name>Book1</name>
  </book>
  <book year="2014" isbn="ISBN83763550019---11">
    <Authors>
      <Author>
        <Name>Fred</Name>
        <Email>fweasley@hogwarts.co.uk</Email>
      </Author>
      <Author>
        <Name>George</Name>
        <Email>gweasley@hogwarts.co.uk</Email>
      </Author>
    </Authors>
    <name>Book2</name>
  </book>
  <book year="2014" isbn="ISBN83763550019---11">
    <Authors>
      <Author>
        <Name>Fred</Name>
        <Email>fweasley@hogwarts.co.uk</Email>
      </Author>
      <Author>
        <Name>George</Name>
        <Email>gweasley@hogwarts.co.uk</Email>
      </Author>
    </Authors>
    <name>Book1</name>
  </book>
  <book year="2014" isbn="ISBN83763550019---11">
    <Authors>
      <Author>
        <Name>Fred</Name>
        <Email>fweasley@hogwarts.co.uk</Email>
      </Author>
      <Author>
        <Name>George</Name>
        <Email>gweasley@hogwarts.co.uk</Email>
      </Author>
    </Authors>
    <name>Book2</name>
  </book>
  <book year="2014" isbn="ISBN83763550019---11">
    <Authors>
      <Author>
        <Name>Fred</Name>
        <Email>fweasley@hogwarts.co.uk</Email>
      </Author>
      <Author>
        <Name>George</Name>
        <Email>gweasley@hogwarts.co.uk</Email>
      </Author>
    </Authors>
    <name>Book1</name>
  </book>
  <book year="2014" isbn="ISBN83763550019---11">
    <Authors>
      <Author>
        <Name>Fred</Name>
        <Email>fweasley@hogwarts.co.uk</Email>
      </Author>
      <Author>
        <Name>George</Name>
        <Email>gweasley@hogwarts.co.uk</Email>
      </Author>
    </Authors>
    <name>Book2</name>
  </book>
  <book year="2014" isbn="ISBN83763550019---11">
    <Authors>
      <Author>
        <Name>Fred</Name>
        <Email>fweasley@hogwarts.co.uk</Email>
      </Author>
      <Author>
        <Name>George</Name>
        <Email>gweasley@hogwarts.co.uk</Email>
      </Author>
    </Authors>
    <name>Book1</name>
  </book>
  <book year="2014" isbn="ISBN83763550019---11">
    <Authors>
      <Author>
        <Name>Fred</Name>
        <Email>fweasley@hogwarts.co.uk</Email>
      </Author>
      <Author>
        <Name>George</Name>
        <Email>gweasley@hogwarts.co.uk</Email>
      </Author>
    </Authors>
    <name>Book2</name>
  </book>
  <book year="2014" isbn="ISBN83763550019---11">
    <Authors>
      <Author>
        <Name>Fred</Name>
        <Email>fweasley@hogwarts.co.uk</Email>
      </Author>
      <Author>
        <Name>George</Name>
        <Email>gweasley@hogwarts.co.uk</Email>
      </Author>
    </Authors>
    <name>Book1</name>
  </book>
  <book year="2014" isbn="ISBN83763550019---11">
    <Authors>
      <Author>
        <Name>Fred</Name>
        <Email>fweasley@hogwarts.co.uk</Email>
      </Author>
      <Author>
        <Name>George</Name>
        <Email>gweasley@hogwarts.co.uk</Email>
      </Author>
    </Authors>
    <name>Book2</name>
  </book>
  <book year="2014" isbn="ISBN83763550019---11">
    <Authors>
      <Author>
        <Name>Fred</Name>
        <Email>fweasley@hogwarts.co.uk</Email>
      </Author>
      <Author>
        <Name>George</Name>
        <Email>gweasley@hogwarts.co.uk</Email>
      </Author>
    </Authors>
    <name>Book1</name>
  </book>
  <book year="2014" isbn="ISBN83763550019---11">
    <Authors>
      <Author>
        <Name>Fred</Name>
        <Email>fweasley@hogwarts.co.uk</Email>
      </Author>
      <Author>
        <Name>George</Name>
        <Email>gweasley@hogwarts.co.uk</Email>
      </Author>
    </Authors>
    <name>Book2</name>
  </book>
  <book year="2014" isbn="ISBN83763550019---11">
    <Authors>
      <Author>
        <Name>Fred</Name>
        <Email>fweasley@hogwarts.co.uk</Email>
      </Author>
      <Author>
        <Name>George</Name>
        <Email>gweasley@hogwarts.co.uk</Email>
      </Author>
    </Authors>
    <name>Book1</name>
  </book>
  <book year="2014" isbn="ISBN83763550019---11">
    <Authors>
      <Author>
        <Name>Fred</Name>
        <Email>fweasley@hogwarts.co.uk</Email>
      </Author>
      <Author>
        <Name>George</Name>
        <Email>gweasley@hogwarts.co.uk</Email>
      </Author>
    </Authors>
    <name>Book2</name>
  </book>
  <book year="2014" isbn="ISBN83763550019---11">
    <Authors>
      <Author>
        <Name>Fred</Name>
        <Email>fweasley@hogwarts.co.uk</Email>
      </Author>
      <Author>
        <Name>George</Name>
        <Email>gweasley@hogwarts.co.uk</Email>
      </Author>
    </Authors>
    <name>Book1</name>
  </book>
  <book year="2014" isbn="ISBN83763550019---11">
    <Authors>
      <Author>
        <Name>Fred</Name>
        <Email>fweasley@hogwarts.co.uk</Email>
      </Author>
      <Author>
        <Name>George</Name>
        <Email>gweasley@hogwarts.co.uk</Email>
      </Author>
    </Authors>
    <name>Book2</name>
  </book>
  <book year="2014" isbn="ISBN83763550019---11">
    <Authors>
      <Author>
        <Name>Fred</Name>
        <Email>fweasley@hogwarts.co.uk</Email>
      </Author>
      <Author>
        <Name>George</Name>
        <Email>gweasley@hogwarts.co.uk</Email>
      </Author>
    </Authors>
    <name>Book1</name>
  </book>
  <book year="2014" isbn="ISBN83763550019---11">
    <Authors>
      <Author>
        <Name>Fred</Name>
        <Email>fweasley@hogwarts.co.uk</Email>
      </Author>
      <Author>
        <Name>George</Name>
        <Email>gweasley@hogwarts.co.uk</Email>
      </Author>
    </Authors>
    <name>Book2</name>
  </book>
  <book year="2014" isbn="ISBN83763550019---11">
    <Authors>
      <Author>
        <Name>Fred</Name>
        <Email>fweasley@hogwarts.co.uk</Email>
      </Author>
      <Author>
        <Name>George</Name>
        <Email>gweasley@hogwarts.co.uk</Email>
      </Author>
    </Authors>
    <name>Book1</name>
  </book>
  <book year="2014" isbn="ISBN83763550019---11">
    <Authors>
      <Author>
        <Name>Fred</Name>
        <Email>fweasley@hogwarts.co.uk</Email>
      </Author>
      <Author>
        <Name>George</Name>
        <Email>gweasley@hogwarts.co.uk</Email>
      </Author>
    </Authors>
    <name>Book2</name>
  </book>
  <book year="2014" isbn="ISBN83763550019---11">
    <Authors>
      <Author>
        <Name>Fred</Name>
        <Email>fweasley@hogwarts.co.uk</Email>
      </Author>
      <Author>
        <Name>George</Name>
        <Email>gweasley@hogwarts.co.uk</Email>
      </Author>
    </Authors>
    <name>Book1</name>
  </book>
  <book year="2014" isbn="ISBN83763550019---11">
    <Authors>
      <Author>
        <Name>Fred</Name>
        <Email>fweasley@hogwarts.co.uk</Email>
      </Author>
      <Author>
        <Name>George</Name>
        <Email>gweasley@hogwarts.co.uk</Email>
      </Author>
    </Authors>
    <name>Book2</name>
  </book>
  <book year="2014" isbn="ISBN83763550019---11">
    <Authors>
      <Author>
        <Name>Fred</Name>
        <Email>fweasley@hogwarts.co.uk</Email>
      </Author>
      <Author>
        <Name>George</Name>
        <Email>gweasley@hogwarts.co.uk</Email>
      </Author>
    </Authors>
    <name>Book1</name>
  </book>
  <book year="2014" isbn="ISBN83763550019---11">
    <Authors>
      <Author>
        <Name>Fred</Name>
        <Email>fweasley@hogwarts.co.uk</Email>
      </Author>
      <Author>
        <Name>George</Name>
        <Email>gweasley@hogwarts.co.uk</Email>
      </Author>
    </Authors>
    <name>Book2</name>
  </book>
  <book year="2014" isbn="ISBN83763550019---11">
    <Authors>
      <Author>
        <Name>Fred</Name>
        <Email>fweasley@hogwarts.co.uk</Email>
      </Author>
      <Author>
        <Name>George</Name>
        <Email>gweasley@hogwarts.co.uk</Email>
      </Author>
    </Authors>
    <name>Book1</name>
  </book>
  <book year="2014" isbn="ISBN83763550019---11">
    <Authors>
      <Author>
        <Name>Fred</Name>
        <Email>fweasley@hogwarts.co.uk</Email>
      </Author>
      <Author>
        <Name>George</Name>
        <Email>gweasley@hogwarts.co.uk</Email>
      </Author>
    </Authors>
    <name>Book2</name>
  </book>
  <book year="2014" isbn="ISBN83763550019---11">
    <Authors>
      <Author>
        <Name>Fred</Name>
        <Email>fweasley@hogwarts.co.uk</Email>
      </Author>
      <Author>
        <Name>George</Name>
        <Email>gweasley@hogwarts.co.uk</Email>
      </Author>
    </Authors>
    <name>Book1</name>
  </book>
  <book year="2014" isbn="ISBN83763550019---11">
    <Authors>
      <Author>
        <Name>Fred</Name>
        <Email>fweasley@hogwarts.co.uk</Email>
      </Author>
      <Author>
        <Name>George</Name>
        <Email>gweasley@hogwarts.co.uk</Email>
      </Author>
    </Authors>
    <name>Book2</name>
  </book>
  <book year="2014" isbn="ISBN83763550019---11">
    <Authors>
      <Author>
        <Name>Fred</Name>
        <Email>fweasley@hogwarts.co.uk</Email>
      </Author>
      <Author>
        <Name>George</Name>
        <Email>gweasley@hogwarts.co.uk</Email>
      </Author>
    </Authors>
    <name>Book1</name>
  </book>
  <book year="2014" isbn="ISBN83763550019---11">
    <Authors>
      <Author>
        <Name>Fred</Name>
        <Email>fweasley@hogwarts.co.uk</Email>
      </Author>
      <Author>
        <Name>George</Name>
        <Email>gweasley@hogwarts.co.uk</Email>
      </Author>
    </Authors>
    <name>Book2</name>
  </book>
  <book year="2014" isbn="ISBN83763550019---11">
    <Authors>
      <Author>
        <Name>Fred</Name>
        <Email>fweasley@hogwarts.co.uk</Email>
      </Author>
      <Author>
        <Name>George</Name>
        <Email>gweasley@hogwarts.co.uk</Email>
      </Author>
    </Authors>
    <name>Book1</name>
  </book>
  <book year="2014" isbn="ISBN83763550019---11">
    <Authors>
      <Author>
        <Name>Fred</Name>
        <Email>fweasley@hogwarts.co.uk</Email>
      </Author>
      <Author>
        <Name>George</Name>
        <Email>gweasley@hogwarts.co.uk</Email>
      </Author>
    </Authors>
    <name>Book2</name>
  </book>
  <book year="2014" isbn="ISBN83763550019---11">
    <Authors>
      <Author>
        <Name>Fred</Name>
        <Email>fweasley@hogwarts.co.uk</Email>
      </Author>
      <Author>
        <Name>George</Name>
        <Email>gweasley@hogwarts.co.uk</Email>
      </Author>
    </Authors>
    <name>Book1</name>
  </book>
  <book year="2014" isbn="ISBN83763550019---11">
    <Authors>
      <Author>
        <Name>Fred</Name>
        <Email>fweasley@hogwarts.co.uk</Email>
      </Author>
      <Author>
        <Name>George</Name>
        <Email>gweasley@hogwarts.co.uk</Email>
      </Author>
    </Authors>
    <name>Book2</name>
  </book>
  <book year="2014" isbn="ISBN83763550019---11">
    <Authors>
      <Author>
        <Name>Fred</Name>
        <Email>fweasley@hogwarts.co.uk</Email>
      </Author>
      <Author>
        <Name>George</Name>
        <Email>gweasley@hogwarts.co.uk</Email>
      </Author>
    </Authors>
    <name>Book1</name>
  </book>
  <book year="2014" isbn="ISBN83763550019---11">
    <Authors>
      <Author>
        <Name>Fred</Name>
        <Email>fweasley@hogwarts.co.uk</Email>
      </Author>
      <Author>
        <Name>George</Name>
        <Email>gweasley@hogwarts.co.uk</Email>
      </Author>
    </Authors>
    <name>Book2</name>
  </book>
  <book year="2014" isbn="ISBN83763550019---11">
    <Authors>
      <Author>
        <Name>Fred</Name>
        <Email>fweasley@hogwarts.co.uk</Email>
      </Author>
      <Author>
        <Name>George</Name>
        <Email>gweasley@hogwarts.co.uk</Email>
      </Author>
    </Authors>
    <name>Book1</name>
  </book>
  <book year="2014" isbn="ISBN83763550019---11">
    <Authors>
      <Author>
        <Name>Fred</Name>
        <Email>fweasley@hogwarts.co.uk</Email>
      </Author>
      <Author>
        <Name>George</Name>
        <Email>gweasley@hogwarts.co.uk</Email>
      </Author>
    </Authors>
    <name>Book2</name>
  </book>
  <book year="2014" isbn="ISBN83763550019---11">
    <Authors>
      <Author>
        <Name>Fred</Name>
        <Email>fweasley@hogwarts.co.uk</Email>
      </Author>
      <Author>
        <Name>George</Name>
        <Email>gweasley@hogwarts.co.uk</Email>
      </Author>
    </Authors>
    <name>Book1</name>
  </book>
  <book year="2014" isbn="ISBN83763550019---11">
    <Authors>
      <Author>
        <Name>Fred</Name>
        <Email>fweasley@hogwarts.co.uk</Email>
      </Author>
      <Author>
        <Name>George</Name>
        <Email>gweasley@hogwarts.co.uk</Email>
      </Author>
    </Authors>
    <name>Book2</name>
  </book>
  <book year="2014" isbn="ISBN83763550019---11">
    <Authors>
      <Author>
        <Name>Fred</Name>
        <Email>fweasley@hogwarts.co.uk</Email>
      </Author>
      <Author>
        <Name>George</Name>
        <Email>gweasley@hogwarts.co.uk</Email>
      </Author>
    </Authors>
    <name>Book1</name>
  </book>
  <book year="2014" isbn="ISBN83763550019---11">
    <Authors>
      <Author>
        <Name>Fred</Name>
        <Email>fweasley@hogwarts.co.uk</Email>
      </Author>
      <Author>
        <Name>George</Name>
        <Email>gweasley@hogwarts.co.uk</Email>
      </Author>
    </Authors>
    <name>Book2</name>
  </book>
  <book year="2014" isbn="ISBN83763550019---11">
    <Authors>
      <Author>
        <Name>Fred</Name>
        <Email>fweasley@hogwarts.co.uk</Email>
      </Author>
      <Author>
        <Name>George</Name>
        <Email>gweasley@hogwarts.co.uk</Email>
      </Author>
    </Authors>
    <name>Book1</name>
  </book>
  <book year="2014" isbn="ISBN83763550019---11">
    <Authors>
      <Author>
        <Name>Fred</Name>
        <Email>fweasley@hogwarts.co.uk</Email>
      </Author>
      <Author>
        <Name>George</Name>
        <Email>gweasley@hogwarts.co.uk</Email>
      </Author>
    </Authors>
    <name>Book2</name>
  </book>
  <book year="2014" isbn="ISBN83763550019---11">
    <Authors>
      <Author>
        <Name>Fred</Name>
        <Email>fweasley@hogwarts.co.uk</Email>
      </Author>
      <Author>
        <Name>George</Name>
        <Email>gweasley@hogwarts.co.uk</Email>
      </Author>
    </Authors>
    <name>Book1</name>
  </book>
  <book year="2014" isbn="ISBN83763550019---11">
    <Authors>
      <Author>
        <Name>Fred</Name>
        <Email>fweasley@hogwarts.co.uk</Email>
      </Author>
      <Author>
        <Name>George</Name>
        <Email>gweasley@hogwarts.co.uk</Email>
      </Author>
    </Authors>
    <name>Book2</name>
  </book>
  <book year="2014" isbn="ISBN83763550019---11">
    <Authors>
      <Author>
        <Name>Fred</Name>
        <Email>fweasley@hogwarts.co.uk</Email>
      </Author>
      <Author>
        <Name>George</Name>
        <Email>gweasley@hogwarts.co.uk</Email>
      </Author>
    </Authors>
    <name>Book1</name>
  </book>
  <book year="2014" isbn="ISBN83763550019---11">
    <Authors>
      <Author>
        <Name>Fred</Name>
        <Email>fweasley@hogwarts.co.uk</Email>
      </Author>
      <Author>
        <Name>George</Name>
        <Email>gweasley@hogwarts.co.uk</Email>
      </Author>
    </Authors>
    <name>Book2</name>
  </book>
  <book year="2014" isbn="ISBN83763550019---11">
    <Authors>
      <Author>
        <Name>Fred</Name>
        <Email>fweasley@hogwarts.co.uk</Email>
      </Author>
      <Author>
        <Name>George</Name>
        <Email>gweasley@hogwarts.co.uk</Email>
      </Author>
    </Authors>
    <name>Book1</name>
  </book>
  <book year="2014" isbn="ISBN83763550019---11">
    <Authors>
      <Author>
        <Name>Fred</Name>
        <Email>fweasley@hogwarts.co.uk</Email>
      </Author>
      <Author>
        <Name>George</Name>
        <Email>gweasley@hogwarts.co.uk</Email>
      </Author>
    </Authors>
    <name>Book2</name>
  </book>
  <book year="2014" isbn="ISBN83763550019---11">
    <Authors>
      <Author>
        <Name>Fred</Name>
        <Email>fweasley@hogwarts.co.uk</Email>
      </Author>
      <Author>
        <Name>George</Name>
        <Email>gweasley@hogwarts.co.uk</Email>
      </Author>
    </Authors>
    <name>Book1</name>
  </book>
  <book year="2014" isbn="ISBN83763550019---11">
    <Authors>
      <Author>
        <Name>Fred</Name>
        <Email>fweasley@hogwarts.co.uk</Email>
      </Author>
      <Author>
        <Name>George</Name>
        <Email>gweasley@hogwarts.co.uk</Email>
      </Author>
    </Authors>
    <name>Book2</name>
  </book>
  <book year="2014" isbn="ISBN83763550019---11">
    <Authors>
      <Author>
        <Name>Fred</Name>
        <Email>fweasley@hogwarts.co.uk</Email>
      </Author>
      <Author>
        <Name>George</Name>
        <Email>gweasley@hogwarts.co.uk</Email>
      </Author>
    </Authors>
    <name>Book1</name>
  </book>
  <book year="2014" isbn="ISBN83763550019---11">
    <Authors>
      <Author>
        <Name>Fred</Name>
        <Email>fweasley@hogwarts.co.uk</Email>
      </Author>
      <Author>
        <Name>George</Name>
        <Email>gweasley@hogwarts.co.uk</Email>
      </Author>
    </Authors>
    <name>Book2</name>
  </book>
  <book year="2014" isbn="ISBN83763550019---11">
    <Authors>
      <Author>
        <Name>Fred</Name>
        <Email>fweasley@hogwarts.co.uk</Email>
      </Author>
      <Author>
        <Name>George</Name>
        <Email>gweasley@hogwarts.co.uk</Email>
      </Author>
    </Authors>
    <name>Book1</name>
  </book>
  <book year="2014" isbn="ISBN83763550019---11">
    <Authors>
      <Author>
        <Name>Fred</Name>
        <Email>fweasley@hogwarts.co.uk</Email>
      </Author>
      <Author>
        <Name>George</Name>
        <Email>gweasley@hogwarts.co.uk</Email>
      </Author>
    </Authors>
    <name>Book2</name>
  </book>
  <book year="2014" isbn="ISBN83763550019---11">
    <Authors>
      <Author>
        <Name>Fred</Name>
        <Email>fweasley@hogwarts.co.uk</Email>
      </Author>
      <Author>
        <Name>George</Name>
        <Email>gweasley@hogwarts.co.uk</Email>
      </Author>
    </Authors>
    <name>Book1</name>
  </book>
  <book year="2014" isbn="ISBN83763550019---11">
    <Authors>
      <Author>
        <Name>Fred</Name>
        <Email>fweasley@hogwarts.co.uk</Email>
      </Author>
      <Author>
        <Name>George</Name>
        <Email>gweasley@hogwarts.co.uk</Email>
      </Author>
    </Authors>
    <name>Book2</name>
  </book>
  <book year="2014" isbn="ISBN83763550019---11">
    <Authors>
      <Author>
        <Name>Fred</Name>
        <Email>fweasley@hogwarts.co.uk</Email>
      </Author>
      <Author>
        <Name>George</Name>
        <Email>gweasley@hogwarts.co.uk</Email>
      </Author>
    </Authors>
    <name>Book1</name>
  </book>
  <book year="2014" isbn="ISBN83763550019---11">
    <Authors>
      <Author>
        <Name>Fred</Name>
        <Email>fweasley@hogwarts.co.uk</Email>
      </Author>
      <Author>
        <Name>George</Name>
        <Email>gweasley@hogwarts.co.uk</Email>
      </Author>
    </Authors>
    <name>Book2</name>
  </book>
  <book year="2014" isbn="ISBN83763550019---11">
    <Authors>
      <Author>
        <Name>Fred</Name>
        <Email>fweasley@hogwarts.co.uk</Email>
      </Author>
      <Author>
        <Name>George</Name>
        <Email>gweasley@hogwarts.co.uk</Email>
      </Author>
    </Authors>
    <name>Book1</name>
  </book>
  <book year="2014" isbn="ISBN83763550019---11">
    <Authors>
      <Author>
        <Name>Fred</Name>
        <Email>fweasley@hogwarts.co.uk</Email>
      </Author>
      <Author>
        <Name>George</Name>
        <Email>gweasley@hogwarts.co.uk</Email>
      </Author>
    </Authors>
    <name>Book2</name>
  </book>
  <book year="2014" isbn="ISBN83763550019---11">
    <Authors>
      <Author>
        <Name>Fred</Name>
        <Email>fweasley@hogwarts.co.uk</Email>
      </Author>
      <Author>
        <Name>George</Name>
        <Email>gweasley@hogwarts.co.uk</Email>
      </Author>
    </Authors>
    <name>Book1</name>
  </book>
  <book year="2014" isbn="ISBN83763550019---11">
    <Authors>
      <Author>
        <Name>Fred</Name>
        <Email>fweasley@hogwarts.co.uk</Email>
      </Author>
      <Author>
        <Name>George</Name>
        <Email>gweasley@hogwarts.co.uk</Email>
      </Author>
    </Authors>
    <name>Book2</name>
  </book>
  <book year="2014" isbn="ISBN83763550019---11">
    <Authors>
      <Author>
        <Name>Fred</Name>
        <Email>fweasley@hogwarts.co.uk</Email>
      </Author>
      <Author>
        <Name>George</Name>
        <Email>gweasley@hogwarts.co.uk</Email>
      </Author>
    </Authors>
    <name>Book1</name>
  </book>
  <book year="2014" isbn="ISBN83763550019---11">
    <Authors>
      <Author>
        <Name>Fred</Name>
        <Email>fweasley@hogwarts.co.uk</Email>
      </Author>
      <Author>
        <Name>George</Name>
        <Email>gweasley@hogwarts.co.uk</Email>
      </Author>
    </Authors>
    <name>Book2</name>
  </book>
  <book year="2014" isbn="ISBN83763550019---11">
    <Authors>
      <Author>
        <Name>Fred</Name>
        <Email>fweasley@hogwarts.co.uk</Email>
      </Author>
      <Author>
        <Name>George</Name>
        <Email>gweasley@hogwarts.co.uk</Email>
      </Author>
    </Authors>
    <name>Book1</name>
  </book>
  <book year="2014" isbn="ISBN83763550019---11">
    <Authors>
      <Author>
        <Name>Fred</Name>
        <Email>fweasley@hogwarts.co.uk</Email>
      </Author>
      <Author>
        <Name>George</Name>
        <Email>gweasley@hogwarts.co.uk</Email>
      </Author>
    </Authors>
    <name>Book2</name>
  </book>
  <book year="2014" isbn="ISBN83763550019---11">
    <Authors>
      <Author>
        <Name>Fred</Name>
        <Email>fweasley@hogwarts.co.uk</Email>
      </Author>
      <Author>
        <Name>George</Name>
        <Email>gweasley@hogwarts.co.uk</Email>
      </Author>
    </Authors>
    <name>Book1</name>
  </book>
  <book year="2014" isbn="ISBN83763550019---11">
    <Authors>
      <Author>
        <Name>Fred</Name>
        <Email>fweasley@hogwarts.co.uk</Email>
      </Author>
      <Author>
        <Name>George</Name>
        <Email>gweasley@hogwarts.co.uk</Email>
      </Author>
    </Authors>
    <name>Book2</name>
  </book>
  <book year="2014" isbn="ISBN83763550019---11">
    <Authors>
      <Author>
        <Name>Fred</Name>
        <Email>fweasley@hogwarts.co.uk</Email>
      </Author>
      <Author>
        <Name>George</Name>
        <Email>gweasley@hogwarts.co.uk</Email>
      </Author>
    </Authors>
    <name>Book1</name>
  </book>
  <book year="2014" isbn="ISBN83763550019---11">
    <Authors>
      <Author>
        <Name>Fred</Name>
        <Email>fweasley@hogwarts.co.uk</Email>
      </Author>
      <Author>
        <Name>George</Name>
        <Email>gweasley@hogwarts.co.uk</Email>
      </Author>
    </Authors>
    <name>Book2</name>
  </book>
  <book year="2014" isbn="ISBN83763550019---11">
    <Authors>
      <Author>
        <Name>Fred</Name>
        <Email>fweasley@hogwarts.co.uk</Email>
      </Author>
      <Author>
        <Name>George</Name>
        <Email>gweasley@hogwarts.co.uk</Email>
      </Author>
    </Authors>
    <name>Book1</name>
  </book>
  <book year="2014" isbn="ISBN83763550019---11">
    <Authors>
      <Author>
        <Name>Fred</Name>
        <Email>fweasley@hogwarts.co.uk</Email>
      </Author>
      <Author>
        <Name>George</Name>
        <Email>gweasley@hogwarts.co.uk</Email>
      </Author>
    </Authors>
    <name>Book2</name>
  </book>
  <book year="2014" isbn="ISBN83763550019---11">
    <Authors>
      <Author>
        <Name>Fred</Name>
        <Email>fweasley@hogwarts.co.uk</Email>
      </Author>
      <Author>
        <Name>George</Name>
        <Email>gweasley@hogwarts.co.uk</Email>
      </Author>
    </Authors>
    <name>Book1</name>
  </book>
  <book year="2014" isbn="ISBN83763550019---11">
    <Authors>
      <Author>
        <Name>Fred</Name>
        <Email>fweasley@hogwarts.co.uk</Email>
      </Author>
      <Author>
        <Name>George</Name>
        <Email>gweasley@hogwarts.co.uk</Email>
      </Author>
    </Authors>
    <name>Book2</name>
  </book>
  <book year="2014" isbn="ISBN83763550019---11">
    <Authors>
      <Author>
        <Name>Fred</Name>
        <Email>fweasley@hogwarts.co.uk</Email>
      </Author>
      <Author>
        <Name>George</Name>
        <Email>gweasley@hogwarts.co.uk</Email>
      </Author>
    </Authors>
    <name>Book1</name>
  </book>
  <book year="2014" isbn="ISBN83763550019---11">
    <Authors>
      <Author>
        <Name>Fred</Name>
        <Email>fweasley@hogwarts.co.uk</Email>
      </Author>
      <Author>
        <Name>George</Name>
        <Email>gweasley@hogwarts.co.uk</Email>
      </Author>
    </Authors>
    <name>Book2</name>
  </book>
  <book year="2014" isbn="ISBN83763550019---11">
    <Authors>
      <Author>
        <Name>Fred</Name>
        <Email>fweasley@hogwarts.co.uk</Email>
      </Author>
      <Author>
        <Name>George</Name>
        <Email>gweasley@hogwarts.co.uk</Email>
      </Author>
    </Authors>
    <name>Book1</name>
  </book>
  <book year="2014" isbn="ISBN83763550019---11">
    <Authors>
      <Author>
        <Name>Fred</Name>
        <Email>fweasley@hogwarts.co.uk</Email>
      </Author>
      <Author>
        <Name>George</Name>
        <Email>gweasley@hogwarts.co.uk</Email>
      </Author>
    </Authors>
    <name>Book2</name>
  </book>
  <book year="2014" isbn="ISBN83763550019---11">
    <Authors>
      <Author>
        <Name>Fred</Name>
        <Email>fweasley@hogwarts.co.uk</Email>
      </Author>
      <Author>
        <Name>George</Name>
        <Email>gweasley@hogwarts.co.uk</Email>
      </Author>
    </Authors>
    <name>Book1</name>
  </book>
  <book year="2014" isbn="ISBN83763550019---11">
    <Authors>
      <Author>
        <Name>Fred</Name>
        <Email>fweasley@hogwarts.co.uk</Email>
      </Author>
      <Author>
        <Name>George</Name>
        <Email>gweasley@hogwarts.co.uk</Email>
      </Author>
    </Authors>
    <name>Book2</name>
  </book>
  <book year="2014" isbn="ISBN83763550019---11">
    <Authors>
      <Author>
        <Name>Fred</Name>
        <Email>fweasley@hogwarts.co.uk</Email>
      </Author>
      <Author>
        <Name>George</Name>
        <Email>gweasley@hogwarts.co.uk</Email>
      </Author>
    </Authors>
    <name>Book1</name>
  </book>
  <book year="2014" isbn="ISBN83763550019---11">
    <Authors>
      <Author>
        <Name>Fred</Name>
        <Email>fweasley@hogwarts.co.uk</Email>
      </Author>
      <Author>
        <Name>George</Name>
        <Email>gweasley@hogwarts.co.uk</Email>
      </Author>
    </Authors>
    <name>Book2</name>
  </book>
  <book year="2014" isbn="ISBN83763550019---11">
    <Authors>
      <Author>
        <Name>Fred</Name>
        <Email>fweasley@hogwarts.co.uk</Email>
      </Author>
      <Author>
        <Name>George</Name>
        <Email>gweasley@hogwarts.co.uk</Email>
      </Author>
    </Authors>
    <name>Book1</name>
  </book>
  <book year="2014" isbn="ISBN83763550019---11">
    <Authors>
      <Author>
        <Name>Fred</Name>
        <Email>fweasley@hogwarts.co.uk</Email>
      </Author>
      <Author>
        <Name>George</Name>
        <Email>gweasley@hogwarts.co.uk</Email>
      </Author>
    </Authors>
    <name>Book2</name>
  </book>
  <book year="2014" isbn="ISBN83763550019---11">
    <Authors>
      <Author>
        <Name>Fred</Name>
        <Email>fweasley@hogwarts.co.uk</Email>
      </Author>
      <Author>
        <Name>George</Name>
        <Email>gweasley@hogwarts.co.uk</Email>
      </Author>
    </Authors>
    <name>Book1</name>
  </book>
  <book year="2014" isbn="ISBN83763550019---11">
    <Authors>
      <Author>
        <Name>Fred</Name>
        <Email>fweasley@hogwarts.co.uk</Email>
      </Author>
      <Author>
        <Name>George</Name>
        <Email>gweasley@hogwarts.co.uk</Email>
      </Author>
    </Authors>
    <name>Book2</name>
  </book>
  <book year="2014" isbn="ISBN83763550019---11">
    <Authors>
      <Author>
        <Name>Fred</Name>
        <Email>fweasley@hogwarts.co.uk</Email>
      </Author>
      <Author>
        <Name>George</Name>
        <Email>gweasley@hogwarts.co.uk</Email>
      </Author>
    </Authors>
    <name>Book1</name>
  </book>
  <book year="2014" isbn="ISBN83763550019---11">
    <Authors>
      <Author>
        <Name>Fred</Name>
        <Email>fweasley@hogwarts.co.uk</Email>
      </Author>
      <Author>
        <Name>George</Name>
        <Email>gweasley@hogwarts.co.uk</Email>
      </Author>
    </Authors>
    <name>Book2</name>
  </book>
  <book year="2014" isbn="ISBN83763550019---11">
    <Authors>
      <Author>
        <Name>Fred</Name>
        <Email>fweasley@hogwarts.co.uk</Email>
      </Author>
      <Author>
        <Name>George</Name>
        <Email>gweasley@hogwarts.co.uk</Email>
      </Author>
    </Authors>
    <name>Book1</name>
  </book>
  <book year="2014" isbn="ISBN83763550019---11">
    <Authors>
      <Author>
        <Name>Fred</Name>
        <Email>fweasley@hogwarts.co.uk</Email>
      </Author>
      <Author>
        <Name>George</Name>
        <Email>gweasley@hogwarts.co.uk</Email>
      </Author>
    </Authors>
    <name>Book2</name>
  </book>
  <book year="2014" isbn="ISBN83763550019---11">
    <Authors>
      <Author>
        <Name>Fred</Name>
        <Email>fweasley@hogwarts.co.uk</Email>
      </Author>
      <Author>
        <Name>George</Name>
        <Email>gweasley@hogwarts.co.uk</Email>
      </Author>
    </Authors>
    <name>Book1</name>
  </book>
  <book year="2014" isbn="ISBN83763550019---11">
    <Authors>
      <Author>
        <Name>Fred</Name>
        <Email>fweasley@hogwarts.co.uk</Email>
      </Author>
      <Author>
        <Name>George</Name>
        <Email>gweasley@hogwarts.co.uk</Email>
      </Author>
    </Authors>
    <name>Book2</name>
  </book>
  <book year="2014" isbn="ISBN83763550019---11">
    <Authors>
      <Author>
        <Name>Fred</Name>
        <Email>fweasley@hogwarts.co.uk</Email>
      </Author>
      <Author>
        <Name>George</Name>
        <Email>gweasley@hogwarts.co.uk</Email>
      </Author>
    </Authors>
    <name>Book1</name>
  </book>
  <book year="2014" isbn="ISBN83763550019---11">
    <Authors>
      <Author>
        <Name>Fred</Name>
        <Email>fweasley@hogwarts.co.uk</Email>
      </Author>
      <Author>
        <Name>George</Name>
        <Email>gweasley@hogwarts.co.uk</Email>
      </Author>
    </Authors>
    <name>Book2</name>
  </book>
  <book year="2014" isbn="ISBN83763550019---11">
    <Authors>
      <Author>
        <Name>Fred</Name>
        <Email>fweasley@hogwarts.co.uk</Email>
      </Author>
      <Author>
        <Name>George</Name>
        <Email>gweasley@hogwarts.co.uk</Email>
      </Author>
    </Authors>
    <name>Book1</name>
  </book>
  <book year="2014" isbn="ISBN83763550019---11">
    <Authors>
      <Author>
        <Name>Fred</Name>
        <Email>fweasley@hogwarts.co.uk</Email>
      </Author>
      <Author>
        <Name>George</Name>
        <Email>gweasley@hogwarts.co.uk</Email>
      </Author>
    </Authors>
    <name>Book2</name>
  </book>
  <book year="2014" isbn="ISBN83763550019---11">
    <Authors>
      <Author>
        <Name>Fred</Name>
        <Email>fweasley@hogwarts.co.uk</Email>
      </Author>
      <Author>
        <Name>George</Name>
        <Email>gweasley@hogwarts.co.uk</Email>
      </Author>
    </Authors>
    <name>Book1</name>
  </book>
  <book year="2014" isbn="ISBN83763550019---11">
    <Authors>
      <Author>
        <Name>Fred</Name>
        <Email>fweasley@hogwarts.co.uk</Email>
      </Author>
      <Author>
        <Name>George</Name>
        <Email>gweasley@hogwarts.co.uk</Email>
      </Author>
    </Authors>
    <name>Book2</name>
  </book>
  <book year="2014" isbn="ISBN83763550019---11">
    <Authors>
      <Author>
        <Name>Fred</Name>
        <Email>fweasley@hogwarts.co.uk</Email>
      </Author>
      <Author>
        <Name>George</Name>
        <Email>gweasley@hogwarts.co.uk</Email>
      </Author>
    </Authors>
    <name>Book1</name>
  </book>
  <book year="2014" isbn="ISBN83763550019---11">
    <Authors>
      <Author>
        <Name>Fred</Name>
        <Email>fweasley@hogwarts.co.uk</Email>
      </Author>
      <Author>
        <Name>George</Name>
        <Email>gweasley@hogwarts.co.uk</Email>
      </Author>
    </Authors>
    <name>Book2</name>
  </book>
  <book year="2014" isbn="ISBN83763550019---11">
    <Authors>
      <Author>
        <Name>Fred</Name>
        <Email>fweasley@hogwarts.co.uk</Email>
      </Author>
      <Author>
        <Name>George</Name>
        <Email>gweasley@hogwarts.co.uk</Email>
      </Author>
    </Authors>
    <name>Book1</name>
  </book>
  <book year="2014" isbn="ISBN83763550019---11">
    <Authors>
      <Author>
        <Name>Fred</Name>
        <Email>fweasley@hogwarts.co.uk</Email>
      </Author>
      <Author>
        <Name>George</Name>
        <Email>gweasley@hogwarts.co.uk</Email>
      </Author>
    </Authors>
    <name>Book2</name>
  </book>
  <book year="2014" isbn="ISBN83763550019---11">
    <Authors>
      <Author>
        <Name>Fred</Name>
        <Email>fweasley@hogwarts.co.uk</Email>
      </Author>
      <Author>
        <Name>George</Name>
        <Email>gweasley@hogwarts.co.uk</Email>
      </Author>
    </Authors>
    <name>Book1</name>
  </book>
  <book year="2014" isbn="ISBN83763550019---11">
    <Authors>
      <Author>
        <Name>Fred</Name>
        <Email>fweasley@hogwarts.co.uk</Email>
      </Author>
      <Author>
        <Name>George</Name>
        <Email>gweasley@hogwarts.co.uk</Email>
      </Author>
    </Authors>
    <name>Book2</name>
  </book>
  <book year="2014" isbn="ISBN83763550019---11">
    <Authors>
      <Author>
        <Name>Fred</Name>
        <Email>fweasley@hogwarts.co.uk</Email>
      </Author>
      <Author>
        <Name>George</Name>
        <Email>gweasley@hogwarts.co.uk</Email>
      </Author>
    </Authors>
    <name>Book1</name>
  </book>
  <book year="2014" isbn="ISBN83763550019---11">
    <Authors>
      <Author>
        <Name>Fred</Name>
        <Email>fweasley@hogwarts.co.uk</Email>
      </Author>
      <Author>
        <Name>George</Name>
        <Email>gweasley@hogwarts.co.uk</Email>
      </Author>
    </Authors>
    <name>Book2</name>
  </book>
  <book year="2014" isbn="ISBN83763550019---11">
    <Authors>
      <Author>
        <Name>Fred</Name>
        <Email>fweasley@hogwarts.co.uk</Email>
      </Author>
      <Author>
        <Name>George</Name>
        <Email>gweasley@hogwarts.co.uk</Email>
      </Author>
    </Authors>
    <name>Book1</name>
  </book>
  <book year="2014" isbn="ISBN83763550019---11">
    <Authors>
      <Author>
        <Name>Fred</Name>
        <Email>fweasley@hogwarts.co.uk</Email>
      </Author>
      <Author>
        <Name>George</Name>
        <Email>gweasley@hogwarts.co.uk</Email>
      </Author>
    </Authors>
    <name>Book2</name>
  </book>
  <book year="2014" isbn="ISBN83763550019---11">
    <Authors>
      <Author>
        <Name>Fred</Name>
        <Email>fweasley@hogwarts.co.uk</Email>
      </Author>
      <Author>
        <Name>George</Name>
        <Email>gweasley@hogwarts.co.uk</Email>
      </Author>
    </Authors>
    <name>Book1</name>
  </book>
  <book year="2014" isbn="ISBN83763550019---11">
    <Authors>
      <Author>
        <Name>Fred</Name>
        <Email>fweasley@hogwarts.co.uk</Email>
      </Author>
      <Author>
        <Name>George</Name>
        <Email>gweasley@hogwarts.co.uk</Email>
      </Author>
    </Authors>
    <name>Book2</name>
  </book>
  <book year="2014" isbn="ISBN83763550019---11">
    <Authors>
      <Author>
        <Name>Fred</Name>
        <Email>fweasley@hogwarts.co.uk</Email>
      </Author>
      <Author>
        <Name>George</Name>
        <Email>gweasley@hogwarts.co.uk</Email>
      </Author>
    </Authors>
    <name>Book1</name>
  </book>
  <book year="2014" isbn="ISBN83763550019---11">
    <Authors>
      <Author>
        <Name>Fred</Name>
        <Email>fweasley@hogwarts.co.uk</Email>
      </Author>
      <Author>
        <Name>George</Name>
        <Email>gweasley@hogwarts.co.uk</Email>
      </Author>
    </Authors>
    <name>Book2</name>
  </book>
  <book year="2014" isbn="ISBN83763550019---11">
    <Authors>
      <Author>
        <Name>Fred</Name>
        <Email>fweasley@hogwarts.co.uk</Email>
      </Author>
      <Author>
        <Name>George</Name>
        <Email>gweasley@hogwarts.co.uk</Email>
      </Author>
    </Authors>
    <name>Book1</name>
  </book>
  <book year="2014" isbn="ISBN83763550019---11">
    <Authors>
      <Author>
        <Name>Fred</Name>
        <Email>fweasley@hogwarts.co.uk</Email>
      </Author>
      <Author>
        <Name>George</Name>
        <Email>gweasley@hogwarts.co.uk</Email>
      </Author>
    </Authors>
    <name>Book2</name>
  </book>
  <book year="2014" isbn="ISBN83763550019---11">
    <Authors>
      <Author>
        <Name>Fred</Name>
        <Email>fweasley@hogwarts.co.uk</Email>
      </Author>
      <Author>
        <Name>George</Name>
        <Email>gweasley@hogwarts.co.uk</Email>
      </Author>
    </Authors>
    <name>Book1</name>
  </book>
  <book year="2014" isbn="ISBN83763550019---11">
    <Authors>
      <Author>
        <Name>Fred</Name>
        <Email>fweasley@hogwarts.co.uk</Email>
      </Author>
      <Author>
        <Name>George</Name>
        <Email>gweasley@hogwarts.co.uk</Email>
      </Author>
    </Authors>
    <name>Book2</name>
  </book>
  <book year="2014" isbn="ISBN83763550019---11">
    <Authors>
      <Author>
        <Name>Fred</Name>
        <Email>fweasley@hogwarts.co.uk</Email>
      </Author>
      <Author>
        <Name>George</Name>
        <Email>gweasley@hogwarts.co.uk</Email>
      </Author>
    </Authors>
    <name>Book1</name>
  </book>
  <book year="2014" isbn="ISBN83763550019---11">
    <Authors>
      <Author>
        <Name>Fred</Name>
        <Email>fweasley@hogwarts.co.uk</Email>
      </Author>
      <Author>
        <Name>George</Name>
        <Email>gweasley@hogwarts.co.uk</Email>
      </Author>
    </Authors>
    <name>Book2</name>
  </book>
  <book year="2014" isbn="ISBN83763550019---11">
    <Authors>
      <Author>
        <Name>Fred</Name>
        <Email>fweasley@hogwarts.co.uk</Email>
      </Author>
      <Author>
        <Name>George</Name>
        <Email>gweasley@hogwarts.co.uk</Email>
      </Author>
    </Authors>
    <name>Book1</name>
  </book>
  <book year="2014" isbn="ISBN83763550019---11">
    <Authors>
      <Author>
        <Name>Fred</Name>
        <Email>fweasley@hogwarts.co.uk</Email>
      </Author>
      <Author>
        <Name>George</Name>
        <Email>gweasley@hogwarts.co.uk</Email>
      </Author>
    </Authors>
    <name>Book2</name>
  </book>
  <book year="2014" isbn="ISBN83763550019---11">
    <Authors>
      <Author>
        <Name>Fred</Name>
        <Email>fweasley@hogwarts.co.uk</Email>
      </Author>
      <Author>
        <Name>George</Name>
        <Email>gweasley@hogwarts.co.uk</Email>
      </Author>
    </Authors>
    <name>Book1</name>
  </book>
  <book year="2014" isbn="ISBN83763550019---11">
    <Authors>
      <Author>
        <Name>Fred</Name>
        <Email>fweasley@hogwarts.co.uk</Email>
      </Author>
      <Author>
        <Name>George</Name>
        <Email>gweasley@hogwarts.co.uk</Email>
      </Author>
    </Authors>
    <name>Book2</name>
  </book>
  <book year="2014" isbn="ISBN83763550019---11">
    <Authors>
      <Author>
        <Name>Fred</Name>
        <Email>fweasley@hogwarts.co.uk</Email>
      </Author>
      <Author>
        <Name>George</Name>
        <Email>gweasley@hogwarts.co.uk</Email>
      </Author>
    </Authors>
    <name>Book1</name>
  </book>
  <book year="2014" isbn="ISBN83763550019---11">
    <Authors>
      <Author>
        <Name>Fred</Name>
        <Email>fweasley@hogwarts.co.uk</Email>
      </Author>
      <Author>
        <Name>George</Name>
        <Email>gweasley@hogwarts.co.uk</Email>
      </Author>
    </Authors>
    <name>Book2</name>
  </book>
  <book year="2014" isbn="ISBN83763550019---11">
    <Authors>
      <Author>
        <Name>Fred</Name>
        <Email>fweasley@hogwarts.co.uk</Email>
      </Author>
      <Author>
        <Name>George</Name>
        <Email>gweasley@hogwarts.co.uk</Email>
      </Author>
    </Authors>
    <name>Book1</name>
  </book>
  <book year="2014" isbn="ISBN83763550019---11">
    <Authors>
      <Author>
        <Name>Fred</Name>
        <Email>fweasley@hogwarts.co.uk</Email>
      </Author>
      <Author>
        <Name>George</Name>
        <Email>gweasley@hogwarts.co.uk</Email>
      </Author>
    </Authors>
    <name>Book2</name>
  </book>
  <book year="2014" isbn="ISBN83763550019---11">
    <Authors>
      <Author>
        <Name>Fred</Name>
        <Email>fweasley@hogwarts.co.uk</Email>
      </Author>
      <Author>
        <Name>George</Name>
        <Email>gweasley@hogwarts.co.uk</Email>
      </Author>
    </Authors>
    <name>Book1</name>
  </book>
  <book year="2014" isbn="ISBN83763550019---11">
    <Authors>
      <Author>
        <Name>Fred</Name>
        <Email>fweasley@hogwarts.co.uk</Email>
      </Author>
      <Author>
        <Name>George</Name>
        <Email>gweasley@hogwarts.co.uk</Email>
      </Author>
    </Authors>
    <name>Book2</name>
  </book>
  <book year="2014" isbn="ISBN83763550019---11">
    <Authors>
      <Author>
        <Name>Fred</Name>
        <Email>fweasley@hogwarts.co.uk</Email>
      </Author>
      <Author>
        <Name>George</Name>
        <Email>gweasley@hogwarts.co.uk</Email>
      </Author>
    </Authors>
    <name>Book1</name>
  </book>
  <book year="2014" isbn="ISBN83763550019---11">
    <Authors>
      <Author>
        <Name>Fred</Name>
        <Email>fweasley@hogwarts.co.uk</Email>
      </Author>
      <Author>
        <Name>George</Name>
        <Email>gweasley@hogwarts.co.uk</Email>
      </Author>
    </Authors>
    <name>Book2</name>
  </book>
  <book year="2014" isbn="ISBN83763550019---11">
    <Authors>
      <Author>
        <Name>Fred</Name>
        <Email>fweasley@hogwarts.co.uk</Email>
      </Author>
      <Author>
        <Name>George</Name>
        <Email>gweasley@hogwarts.co.uk</Email>
      </Author>
    </Authors>
    <name>Book1</name>
  </book>
  <book year="2014" isbn="ISBN83763550019---11">
    <Authors>
      <Author>
        <Name>Fred</Name>
        <Email>fweasley@hogwarts.co.uk</Email>
      </Author>
      <Author>
        <Name>George</Name>
        <Email>gweasley@hogwarts.co.uk</Email>
      </Author>
    </Authors>
    <name>Book2</name>
  </book>
  <book year="2014" isbn="ISBN83763550019---11">
    <Authors>
      <Author>
        <Name>Fred</Name>
        <Email>fweasley@hogwarts.co.uk</Email>
      </Author>
      <Author>
        <Name>George</Name>
        <Email>gweasley@hogwarts.co.uk</Email>
      </Author>
    </Authors>
    <name>Book1</name>
  </book>
  <book year="2014" isbn="ISBN83763550019---11">
    <Authors>
      <Author>
        <Name>Fred</Name>
        <Email>fweasley@hogwarts.co.uk</Email>
      </Author>
      <Author>
        <Name>George</Name>
        <Email>gweasley@hogwarts.co.uk</Email>
      </Author>
    </Authors>
    <name>Book2</name>
  </book>
  <book year="2014" isbn="ISBN83763550019---11">
    <Authors>
      <Author>
        <Name>Fred</Name>
        <Email>fweasley@hogwarts.co.uk</Email>
      </Author>
      <Author>
        <Name>George</Name>
        <Email>gweasley@hogwarts.co.uk</Email>
      </Author>
    </Authors>
    <name>Book1</name>
  </book>
  <book year="2014" isbn="ISBN83763550019---11">
    <Authors>
      <Author>
        <Name>Fred</Name>
        <Email>fweasley@hogwarts.co.uk</Email>
      </Author>
      <Author>
        <Name>George</Name>
        <Email>gweasley@hogwarts.co.uk</Email>
      </Author>
    </Authors>
    <name>Book2</name>
  </book>
  <book year="2014" isbn="ISBN83763550019---11">
    <Authors>
      <Author>
        <Name>Fred</Name>
        <Email>fweasley@hogwarts.co.uk</Email>
      </Author>
      <Author>
        <Name>George</Name>
        <Email>gweasley@hogwarts.co.uk</Email>
      </Author>
    </Authors>
    <name>Book1</name>
  </book>
  <book year="2014" isbn="ISBN83763550019---11">
    <Authors>
      <Author>
        <Name>Fred</Name>
        <Email>fweasley@hogwarts.co.uk</Email>
      </Author>
      <Author>
        <Name>George</Name>
        <Email>gweasley@hogwarts.co.uk</Email>
      </Author>
    </Authors>
    <name>Book2</name>
  </book>
  <book year="2014" isbn="ISBN83763550019---11">
    <Authors>
      <Author>
        <Name>Fred</Name>
        <Email>fweasley@hogwarts.co.uk</Email>
      </Author>
      <Author>
        <Name>George</Name>
        <Email>gweasley@hogwarts.co.uk</Email>
      </Author>
    </Authors>
    <name>Book1</name>
  </book>
  <book year="2014" isbn="ISBN83763550019---11">
    <Authors>
      <Author>
        <Name>Fred</Name>
        <Email>fweasley@hogwarts.co.uk</Email>
      </Author>
      <Author>
        <Name>George</Name>
        <Email>gweasley@hogwarts.co.uk</Email>
      </Author>
    </Authors>
    <name>Book2</name>
  </book>
  <book year="2014" isbn="ISBN83763550019---11">
    <Authors>
      <Author>
        <Name>Fred</Name>
        <Email>fweasley@hogwarts.co.uk</Email>
      </Author>
      <Author>
        <Name>George</Name>
        <Email>gweasley@hogwarts.co.uk</Email>
      </Author>
    </Authors>
    <name>Book1</name>
  </book>
  <book year="2014" isbn="ISBN83763550019---11">
    <Authors>
      <Author>
        <Name>Fred</Name>
        <Email>fweasley@hogwarts.co.uk</Email>
      </Author>
      <Author>
        <Name>George</Name>
        <Email>gweasley@hogwarts.co.uk</Email>
      </Author>
    </Authors>
    <name>Book2</name>
  </book>
  <book year="2014" isbn="ISBN83763550019---11">
    <Authors>
      <Author>
        <Name>Fred</Name>
        <Email>fweasley@hogwarts.co.uk</Email>
      </Author>
      <Author>
        <Name>George</Name>
        <Email>gweasley@hogwarts.co.uk</Email>
      </Author>
    </Authors>
    <name>Book1</name>
  </book>
  <book year="2014" isbn="ISBN83763550019---11">
    <Authors>
      <Author>
        <Name>Fred</Name>
        <Email>fweasley@hogwarts.co.uk</Email>
      </Author>
      <Author>
        <Name>George</Name>
        <Email>gweasley@hogwarts.co.uk</Email>
      </Author>
    </Authors>
    <name>Book2</name>
  </book>
  <book year="2014" isbn="ISBN83763550019---11">
    <Authors>
      <Author>
        <Name>Fred</Name>
        <Email>fweasley@hogwarts.co.uk</Email>
      </Author>
      <Author>
        <Name>George</Name>
        <Email>gweasley@hogwarts.co.uk</Email>
      </Author>
    </Authors>
    <name>Book1</name>
  </book>
  <book year="2014" isbn="ISBN83763550019---11">
    <Authors>
      <Author>
        <Name>Fred</Name>
        <Email>fweasley@hogwarts.co.uk</Email>
      </Author>
      <Author>
        <Name>George</Name>
        <Email>gweasley@hogwarts.co.uk</Email>
      </Author>
    </Authors>
    <name>Book2</name>
  </book>
  <book year="2014" isbn="ISBN83763550019---11">
    <Authors>
      <Author>
        <Name>Fred</Name>
        <Email>fweasley@hogwarts.co.uk</Email>
      </Author>
      <Author>
        <Name>George</Name>
        <Email>gweasley@hogwarts.co.uk</Email>
      </Author>
    </Authors>
    <name>Book1</name>
  </book>
  <book year="2014" isbn="ISBN83763550019---11">
    <Authors>
      <Author>
        <Name>Fred</Name>
        <Email>fweasley@hogwarts.co.uk</Email>
      </Author>
      <Author>
        <Name>George</Name>
        <Email>gweasley@hogwarts.co.uk</Email>
      </Author>
    </Authors>
    <name>Book2</name>
  </book>
  <book year="2014" isbn="ISBN83763550019---11">
    <Authors>
      <Author>
        <Name>Fred</Name>
        <Email>fweasley@hogwarts.co.uk</Email>
      </Author>
      <Author>
        <Name>George</Name>
        <Email>gweasley@hogwarts.co.uk</Email>
      </Author>
    </Authors>
    <name>Book1</name>
  </book>
  <book year="2014" isbn="ISBN83763550019---11">
    <Authors>
      <Author>
        <Name>Fred</Name>
        <Email>fweasley@hogwarts.co.uk</Email>
      </Author>
      <Author>
        <Name>George</Name>
        <Email>gweasley@hogwarts.co.uk</Email>
      </Author>
    </Authors>
    <name>Book2</name>
  </book>
  <book year="2014" isbn="ISBN83763550019---11">
    <Authors>
      <Author>
        <Name>Fred</Name>
        <Email>fweasley@hogwarts.co.uk</Email>
      </Author>
      <Author>
        <Name>George</Name>
        <Email>gweasley@hogwarts.co.uk</Email>
      </Author>
    </Authors>
    <name>Book1</name>
  </book>
  <book year="2014" isbn="ISBN83763550019---11">
    <Authors>
      <Author>
        <Name>Fred</Name>
        <Email>fweasley@hogwarts.co.uk</Email>
      </Author>
      <Author>
        <Name>George</Name>
        <Email>gweasley@hogwarts.co.uk</Email>
      </Author>
    </Authors>
    <name>Book2</name>
  </book>
  <book year="2014" isbn="ISBN83763550019---11">
    <Authors>
      <Author>
        <Name>Fred</Name>
        <Email>fweasley@hogwarts.co.uk</Email>
      </Author>
      <Author>
        <Name>George</Name>
        <Email>gweasley@hogwarts.co.uk</Email>
      </Author>
    </Authors>
    <name>Book1</name>
  </book>
  <book year="2014" isbn="ISBN83763550019---11">
    <Authors>
      <Author>
        <Name>Fred</Name>
        <Email>fweasley@hogwarts.co.uk</Email>
      </Author>
      <Author>
        <Name>George</Name>
        <Email>gweasley@hogwarts.co.uk</Email>
      </Author>
    </Authors>
    <name>Book2</name>
  </book>
  <book year="2014" isbn="ISBN83763550019---11">
    <Authors>
      <Author>
        <Name>Fred</Name>
        <Email>fweasley@hogwarts.co.uk</Email>
      </Author>
      <Author>
        <Name>George</Name>
        <Email>gweasley@hogwarts.co.uk</Email>
      </Author>
    </Authors>
    <name>Book1</name>
  </book>
  <book year="2014" isbn="ISBN83763550019---11">
    <Authors>
      <Author>
        <Name>Fred</Name>
        <Email>fweasley@hogwarts.co.uk</Email>
      </Author>
      <Author>
        <Name>George</Name>
        <Email>gweasley@hogwarts.co.uk</Email>
      </Author>
    </Authors>
    <name>Book2</name>
  </book>
  <book year="2014" isbn="ISBN83763550019---11">
    <Authors>
      <Author>
        <Name>Fred</Name>
        <Email>fweasley@hogwarts.co.uk</Email>
      </Author>
      <Author>
        <Name>George</Name>
        <Email>gweasley@hogwarts.co.uk</Email>
      </Author>
    </Authors>
    <name>Book1</name>
  </book>
  <book year="2014" isbn="ISBN83763550019---11">
    <Authors>
      <Author>
        <Name>Fred</Name>
        <Email>fweasley@hogwarts.co.uk</Email>
      </Author>
      <Author>
        <Name>George</Name>
        <Email>gweasley@hogwarts.co.uk</Email>
      </Author>
    </Authors>
    <name>Book2</name>
  </book>
  <book year="2014" isbn="ISBN83763550019---11">
    <Authors>
      <Author>
        <Name>Fred</Name>
        <Email>fweasley@hogwarts.co.uk</Email>
      </Author>
      <Author>
        <Name>George</Name>
        <Email>gweasley@hogwarts.co.uk</Email>
      </Author>
    </Authors>
    <name>Book1</name>
  </book>
  <book year="2014" isbn="ISBN83763550019---11">
    <Authors>
      <Author>
        <Name>Fred</Name>
        <Email>fweasley@hogwarts.co.uk</Email>
      </Author>
      <Author>
        <Name>George</Name>
        <Email>gweasley@hogwarts.co.uk</Email>
      </Author>
    </Authors>
    <name>Book2</name>
  </book>
  <book year="2014" isbn="ISBN83763550019---11">
    <Authors>
      <Author>
        <Name>Fred</Name>
        <Email>fweasley@hogwarts.co.uk</Email>
      </Author>
      <Author>
        <Name>George</Name>
        <Email>gweasley@hogwarts.co.uk</Email>
      </Author>
    </Authors>
    <name>Book1</name>
  </book>
  <book year="2014" isbn="ISBN83763550019---11">
    <Authors>
      <Author>
        <Name>Fred</Name>
        <Email>fweasley@hogwarts.co.uk</Email>
      </Author>
      <Author>
        <Name>George</Name>
        <Email>gweasley@hogwarts.co.uk</Email>
      </Author>
    </Authors>
    <name>Book2</name>
  </book>
  <book year="2014" isbn="ISBN83763550019---11">
    <Authors>
      <Author>
        <Name>Fred</Name>
        <Email>fweasley@hogwarts.co.uk</Email>
      </Author>
      <Author>
        <Name>George</Name>
        <Email>gweasley@hogwarts.co.uk</Email>
      </Author>
    </Authors>
    <name>Book1</name>
  </book>
  <book year="2014" isbn="ISBN83763550019---11">
    <Authors>
      <Author>
        <Name>Fred</Name>
        <Email>fweasley@hogwarts.co.uk</Email>
      </Author>
      <Author>
        <Name>George</Name>
        <Email>gweasley@hogwarts.co.uk</Email>
      </Author>
    </Authors>
    <name>Book2</name>
  </book>
  <book year="2014" isbn="ISBN83763550019---11">
    <Authors>
      <Author>
        <Name>Fred</Name>
        <Email>fweasley@hogwarts.co.uk</Email>
      </Author>
      <Author>
        <Name>George</Name>
        <Email>gweasley@hogwarts.co.uk</Email>
      </Author>
    </Authors>
    <name>Book1</name>
  </book>
  <book year="2014" isbn="ISBN83763550019---11">
    <Authors>
      <Author>
        <Name>Fred</Name>
        <Email>fweasley@hogwarts.co.uk</Email>
      </Author>
      <Author>
        <Name>George</Name>
        <Email>gweasley@hogwarts.co.uk</Email>
      </Author>
    </Authors>
    <name>Book2</name>
  </book>
  <book year="2014" isbn="ISBN83763550019---11">
    <Authors>
      <Author>
        <Name>Fred</Name>
        <Email>fweasley@hogwarts.co.uk</Email>
      </Author>
      <Author>
        <Name>George</Name>
        <Email>gweasley@hogwarts.co.uk</Email>
      </Author>
    </Authors>
    <name>Book1</name>
  </book>
  <book year="2014" isbn="ISBN83763550019---11">
    <Authors>
      <Author>
        <Name>Fred</Name>
        <Email>fweasley@hogwarts.co.uk</Email>
      </Author>
      <Author>
        <Name>George</Name>
        <Email>gweasley@hogwarts.co.uk</Email>
      </Author>
    </Authors>
    <name>Book2</name>
  </book>
  <book year="2014" isbn="ISBN83763550019---11">
    <Authors>
      <Author>
        <Name>Fred</Name>
        <Email>fweasley@hogwarts.co.uk</Email>
      </Author>
      <Author>
        <Name>George</Name>
        <Email>gweasley@hogwarts.co.uk</Email>
      </Author>
    </Authors>
    <name>Book1</name>
  </book>
  <book year="2014" isbn="ISBN83763550019---11">
    <Authors>
      <Author>
        <Name>Fred</Name>
        <Email>fweasley@hogwarts.co.uk</Email>
      </Author>
      <Author>
        <Name>George</Name>
        <Email>gweasley@hogwarts.co.uk</Email>
      </Author>
    </Authors>
    <name>Book2</name>
  </book>
  <book year="2014" isbn="ISBN83763550019---11">
    <Authors>
      <Author>
        <Name>Fred</Name>
        <Email>fweasley@hogwarts.co.uk</Email>
      </Author>
      <Author>
        <Name>George</Name>
        <Email>gweasley@hogwarts.co.uk</Email>
      </Author>
    </Authors>
    <name>Book1</name>
  </book>
  <book year="2014" isbn="ISBN83763550019---11">
    <Authors>
      <Author>
        <Name>Fred</Name>
        <Email>fweasley@hogwarts.co.uk</Email>
      </Author>
      <Author>
        <Name>George</Name>
        <Email>gweasley@hogwarts.co.uk</Email>
      </Author>
    </Authors>
    <name>Book2</name>
  </book>
  <book year="2014" isbn="ISBN83763550019---11">
    <Authors>
      <Author>
        <Name>Fred</Name>
        <Email>fweasley@hogwarts.co.uk</Email>
      </Author>
      <Author>
        <Name>George</Name>
        <Email>gweasley@hogwarts.co.uk</Email>
      </Author>
    </Authors>
    <name>Book1</name>
  </book>
  <book year="2014" isbn="ISBN83763550019---11">
    <Authors>
      <Author>
        <Name>Fred</Name>
        <Email>fweasley@hogwarts.co.uk</Email>
      </Author>
      <Author>
        <Name>George</Name>
        <Email>gweasley@hogwarts.co.uk</Email>
      </Author>
    </Authors>
    <name>Book2</name>
  </book>
  <book year="2014" isbn="ISBN83763550019---11">
    <Authors>
      <Author>
        <Name>Fred</Name>
        <Email>fweasley@hogwarts.co.uk</Email>
      </Author>
      <Author>
        <Name>George</Name>
        <Email>gweasley@hogwarts.co.uk</Email>
      </Author>
    </Authors>
    <name>Book1</name>
  </book>
  <book year="2014" isbn="ISBN83763550019---11">
    <Authors>
      <Author>
        <Name>Fred</Name>
        <Email>fweasley@hogwarts.co.uk</Email>
      </Author>
      <Author>
        <Name>George</Name>
        <Email>gweasley@hogwarts.co.uk</Email>
      </Author>
    </Authors>
    <name>Book2</name>
  </book>
  <book year="2014" isbn="ISBN83763550019---11">
    <Authors>
      <Author>
        <Name>Fred</Name>
        <Email>fweasley@hogwarts.co.uk</Email>
      </Author>
      <Author>
        <Name>George</Name>
        <Email>gweasley@hogwarts.co.uk</Email>
      </Author>
    </Authors>
    <name>Book1</name>
  </book>
  <book year="2014" isbn="ISBN83763550019---11">
    <Authors>
      <Author>
        <Name>Fred</Name>
        <Email>fweasley@hogwarts.co.uk</Email>
      </Author>
      <Author>
        <Name>George</Name>
        <Email>gweasley@hogwarts.co.uk</Email>
      </Author>
    </Authors>
    <name>Book2</name>
  </book>
  <book year="2014" isbn="ISBN83763550019---11">
    <Authors>
      <Author>
        <Name>Fred</Name>
        <Email>fweasley@hogwarts.co.uk</Email>
      </Author>
      <Author>
        <Name>George</Name>
        <Email>gweasley@hogwarts.co.uk</Email>
      </Author>
    </Authors>
    <name>Book1</name>
  </book>
  <book year="2014" isbn="ISBN83763550019---11">
    <Authors>
      <Author>
        <Name>Fred</Name>
        <Email>fweasley@hogwarts.co.uk</Email>
      </Author>
      <Author>
        <Name>George</Name>
        <Email>gweasley@hogwarts.co.uk</Email>
      </Author>
    </Authors>
    <name>Book2</name>
  </book>
  <book year="2014" isbn="ISBN83763550019---11">
    <Authors>
      <Author>
        <Name>Fred</Name>
        <Email>fweasley@hogwarts.co.uk</Email>
      </Author>
      <Author>
        <Name>George</Name>
        <Email>gweasley@hogwarts.co.uk</Email>
      </Author>
    </Authors>
    <name>Book1</name>
  </book>
  <book year="2014" isbn="ISBN83763550019---11">
    <Authors>
      <Author>
        <Name>Fred</Name>
        <Email>fweasley@hogwarts.co.uk</Email>
      </Author>
      <Author>
        <Name>George</Name>
        <Email>gweasley@hogwarts.co.uk</Email>
      </Author>
    </Authors>
    <name>Book2</name>
  </book>
  <book year="2014" isbn="ISBN83763550019---11">
    <Authors>
      <Author>
        <Name>Fred</Name>
        <Email>fweasley@hogwarts.co.uk</Email>
      </Author>
      <Author>
        <Name>George</Name>
        <Email>gweasley@hogwarts.co.uk</Email>
      </Author>
    </Authors>
    <name>Book1</name>
  </book>
  <book year="2014" isbn="ISBN83763550019---11">
    <Authors>
      <Author>
        <Name>Fred</Name>
        <Email>fweasley@hogwarts.co.uk</Email>
      </Author>
      <Author>
        <Name>George</Name>
        <Email>gweasley@hogwarts.co.uk</Email>
      </Author>
    </Authors>
    <name>Book2</name>
  </book>
  <book year="2014" isbn="ISBN83763550019---11">
    <Authors>
      <Author>
        <Name>Fred</Name>
        <Email>fweasley@hogwarts.co.uk</Email>
      </Author>
      <Author>
        <Name>George</Name>
        <Email>gweasley@hogwarts.co.uk</Email>
      </Author>
    </Authors>
    <name>Book1</name>
  </book>
  <book year="2014" isbn="ISBN83763550019---11">
    <Authors>
      <Author>
        <Name>Fred</Name>
        <Email>fweasley@hogwarts.co.uk</Email>
      </Author>
      <Author>
        <Name>George</Name>
        <Email>gweasley@hogwarts.co.uk</Email>
      </Author>
    </Authors>
    <name>Book2</name>
  </book>
  <book year="2014" isbn="ISBN83763550019---11">
    <Authors>
      <Author>
        <Name>Fred</Name>
        <Email>fweasley@hogwarts.co.uk</Email>
      </Author>
      <Author>
        <Name>George</Name>
        <Email>gweasley@hogwarts.co.uk</Email>
      </Author>
    </Authors>
    <name>Book1</name>
  </book>
  <book year="2014" isbn="ISBN83763550019---11">
    <Authors>
      <Author>
        <Name>Fred</Name>
        <Email>fweasley@hogwarts.co.uk</Email>
      </Author>
      <Author>
        <Name>George</Name>
        <Email>gweasley@hogwarts.co.uk</Email>
      </Author>
    </Authors>
    <name>Book2</name>
  </book>
  <book year="2014" isbn="ISBN83763550019---11">
    <Authors>
      <Author>
        <Name>Fred</Name>
        <Email>fweasley@hogwarts.co.uk</Email>
      </Author>
      <Author>
        <Name>George</Name>
        <Email>gweasley@hogwarts.co.uk</Email>
      </Author>
    </Authors>
    <name>Book1</name>
  </book>
  <book year="2014" isbn="ISBN83763550019---11">
    <Authors>
      <Author>
        <Name>Fred</Name>
        <Email>fweasley@hogwarts.co.uk</Email>
      </Author>
      <Author>
        <Name>George</Name>
        <Email>gweasley@hogwarts.co.uk</Email>
      </Author>
    </Authors>
    <name>Book2</name>
  </book>
  <book year="2014" isbn="ISBN83763550019---11">
    <Authors>
      <Author>
        <Name>Fred</Name>
        <Email>fweasley@hogwarts.co.uk</Email>
      </Author>
      <Author>
        <Name>George</Name>
        <Email>gweasley@hogwarts.co.uk</Email>
      </Author>
    </Authors>
    <name>Book1</name>
  </book>
  <book year="2014" isbn="ISBN83763550019---11">
    <Authors>
      <Author>
        <Name>Fred</Name>
        <Email>fweasley@hogwarts.co.uk</Email>
      </Author>
      <Author>
        <Name>George</Name>
        <Email>gweasley@hogwarts.co.uk</Email>
      </Author>
    </Authors>
    <name>Book2</name>
  </book>
  <book year="2014" isbn="ISBN83763550019---11">
    <Authors>
      <Author>
        <Name>Fred</Name>
        <Email>fweasley@hogwarts.co.uk</Email>
      </Author>
      <Author>
        <Name>George</Name>
        <Email>gweasley@hogwarts.co.uk</Email>
      </Author>
    </Authors>
    <name>Book1</name>
  </book>
  <book year="2014" isbn="ISBN83763550019---11">
    <Authors>
      <Author>
        <Name>Fred</Name>
        <Email>fweasley@hogwarts.co.uk</Email>
      </Author>
      <Author>
        <Name>George</Name>
        <Email>gweasley@hogwarts.co.uk</Email>
      </Author>
    </Authors>
    <name>Book2</name>
  </book>
  <book year="2014" isbn="ISBN83763550019---11">
    <Authors>
      <Author>
        <Name>Fred</Name>
        <Email>fweasley@hogwarts.co.uk</Email>
      </Author>
      <Author>
        <Name>George</Name>
        <Email>gweasley@hogwarts.co.uk</Email>
      </Author>
    </Authors>
    <name>Book1</name>
  </book>
  <book year="2014" isbn="ISBN83763550019---11">
    <Authors>
      <Author>
        <Name>Fred</Name>
        <Email>fweasley@hogwarts.co.uk</Email>
      </Author>
      <Author>
        <Name>George</Name>
        <Email>gweasley@hogwarts.co.uk</Email>
      </Author>
    </Authors>
    <name>Book2</name>
  </book>
  <book year="2014" isbn="ISBN83763550019---11">
    <Authors>
      <Author>
        <Name>Fred</Name>
        <Email>fweasley@hogwarts.co.uk</Email>
      </Author>
      <Author>
        <Name>George</Name>
        <Email>gweasley@hogwarts.co.uk</Email>
      </Author>
    </Authors>
    <name>Book1</name>
  </book>
  <book year="2014" isbn="ISBN83763550019---11">
    <Authors>
      <Author>
        <Name>Fred</Name>
        <Email>fweasley@hogwarts.co.uk</Email>
      </Author>
      <Author>
        <Name>George</Name>
        <Email>gweasley@hogwarts.co.uk</Email>
      </Author>
    </Authors>
    <name>Book2</name>
  </book>
  <book year="2014" isbn="ISBN83763550019---11">
    <Authors>
      <Author>
        <Name>Fred</Name>
        <Email>fweasley@hogwarts.co.uk</Email>
      </Author>
      <Author>
        <Name>George</Name>
        <Email>gweasley@hogwarts.co.uk</Email>
      </Author>
    </Authors>
    <name>Book1</name>
  </book>
  <book year="2014" isbn="ISBN83763550019---11">
    <Authors>
      <Author>
        <Name>Fred</Name>
        <Email>fweasley@hogwarts.co.uk</Email>
      </Author>
      <Author>
        <Name>George</Name>
        <Email>gweasley@hogwarts.co.uk</Email>
      </Author>
    </Authors>
    <name>Book2</name>
  </book>
  <book year="2014" isbn="ISBN83763550019---11">
    <Authors>
      <Author>
        <Name>Fred</Name>
        <Email>fweasley@hogwarts.co.uk</Email>
      </Author>
      <Author>
        <Name>George</Name>
        <Email>gweasley@hogwarts.co.uk</Email>
      </Author>
    </Authors>
    <name>Book1</name>
  </book>
  <book year="2014" isbn="ISBN83763550019---11">
    <Authors>
      <Author>
        <Name>Fred</Name>
        <Email>fweasley@hogwarts.co.uk</Email>
      </Author>
      <Author>
        <Name>George</Name>
        <Email>gweasley@hogwarts.co.uk</Email>
      </Author>
    </Authors>
    <name>Book2</name>
  </book>
  <book year="2014" isbn="ISBN83763550019---11">
    <Authors>
      <Author>
        <Name>Fred</Name>
        <Email>fweasley@hogwarts.co.uk</Email>
      </Author>
      <Author>
        <Name>George</Name>
        <Email>gweasley@hogwarts.co.uk</Email>
      </Author>
    </Authors>
    <name>Book1</name>
  </book>
  <book year="2014" isbn="ISBN83763550019---11">
    <Authors>
      <Author>
        <Name>Fred</Name>
        <Email>fweasley@hogwarts.co.uk</Email>
      </Author>
      <Author>
        <Name>George</Name>
        <Email>gweasley@hogwarts.co.uk</Email>
      </Author>
    </Authors>
    <name>Book2</name>
  </book>
  <book year="2014" isbn="ISBN83763550019---11">
    <Authors>
      <Author>
        <Name>Fred</Name>
        <Email>fweasley@hogwarts.co.uk</Email>
      </Author>
      <Author>
        <Name>George</Name>
        <Email>gweasley@hogwarts.co.uk</Email>
      </Author>
    </Authors>
    <name>Book1</name>
  </book>
  <book year="2014" isbn="ISBN83763550019---11">
    <Authors>
      <Author>
        <Name>Fred</Name>
        <Email>fweasley@hogwarts.co.uk</Email>
      </Author>
      <Author>
        <Name>George</Name>
        <Email>gweasley@hogwarts.co.uk</Email>
      </Author>
    </Authors>
    <name>Book2</name>
  </book>
  <book year="2014" isbn="ISBN83763550019---11">
    <Authors>
      <Author>
        <Name>Fred</Name>
        <Email>fweasley@hogwarts.co.uk</Email>
      </Author>
      <Author>
        <Name>George</Name>
        <Email>gweasley@hogwarts.co.uk</Email>
      </Author>
    </Authors>
    <name>Book1</name>
  </book>
  <book year="2014" isbn="ISBN83763550019---11">
    <Authors>
      <Author>
        <Name>Fred</Name>
        <Email>fweasley@hogwarts.co.uk</Email>
      </Author>
      <Author>
        <Name>George</Name>
        <Email>gweasley@hogwarts.co.uk</Email>
      </Author>
    </Authors>
    <name>Book2</name>
  </book>
  <book year="2014" isbn="ISBN83763550019---11">
    <Authors>
      <Author>
        <Name>Fred</Name>
        <Email>fweasley@hogwarts.co.uk</Email>
      </Author>
      <Author>
        <Name>George</Name>
        <Email>gweasley@hogwarts.co.uk</Email>
      </Author>
    </Authors>
    <name>Book1</name>
  </book>
  <book year="2014" isbn="ISBN83763550019---11">
    <Authors>
      <Author>
        <Name>Fred</Name>
        <Email>fweasley@hogwarts.co.uk</Email>
      </Author>
      <Author>
        <Name>George</Name>
        <Email>gweasley@hogwarts.co.uk</Email>
      </Author>
    </Authors>
    <name>Book2</name>
  </book>
  <book year="2014" isbn="ISBN83763550019---11">
    <Authors>
      <Author>
        <Name>Fred</Name>
        <Email>fweasley@hogwarts.co.uk</Email>
      </Author>
      <Author>
        <Name>George</Name>
        <Email>gweasley@hogwarts.co.uk</Email>
      </Author>
    </Authors>
    <name>Book1</name>
  </book>
  <book year="2014" isbn="ISBN83763550019---11">
    <Authors>
      <Author>
        <Name>Fred</Name>
        <Email>fweasley@hogwarts.co.uk</Email>
      </Author>
      <Author>
        <Name>George</Name>
        <Email>gweasley@hogwarts.co.uk</Email>
      </Author>
    </Authors>
    <name>Book2</name>
  </book>
  <book year="2014" isbn="ISBN83763550019---11">
    <Authors>
      <Author>
        <Name>Fred</Name>
        <Email>fweasley@hogwarts.co.uk</Email>
      </Author>
      <Author>
        <Name>George</Name>
        <Email>gweasley@hogwarts.co.uk</Email>
      </Author>
    </Authors>
    <name>Book1</name>
  </book>
  <book year="2014" isbn="ISBN83763550019---11">
    <Authors>
      <Author>
        <Name>Fred</Name>
        <Email>fweasley@hogwarts.co.uk</Email>
      </Author>
      <Author>
        <Name>George</Name>
        <Email>gweasley@hogwarts.co.uk</Email>
      </Author>
    </Authors>
    <name>Book2</name>
  </book>
  <book year="2014" isbn="ISBN83763550019---11">
    <Authors>
      <Author>
        <Name>Fred</Name>
        <Email>fweasley@hogwarts.co.uk</Email>
      </Author>
      <Author>
        <Name>George</Name>
        <Email>gweasley@hogwarts.co.uk</Email>
      </Author>
    </Authors>
    <name>Book1</name>
  </book>
  <book year="2014" isbn="ISBN83763550019---11">
    <Authors>
      <Author>
        <Name>Fred</Name>
        <Email>fweasley@hogwarts.co.uk</Email>
      </Author>
      <Author>
        <Name>George</Name>
        <Email>gweasley@hogwarts.co.uk</Email>
      </Author>
    </Authors>
    <name>Book2</name>
  </book>
  <book year="2014" isbn="ISBN83763550019---11">
    <Authors>
      <Author>
        <Name>Fred</Name>
        <Email>fweasley@hogwarts.co.uk</Email>
      </Author>
      <Author>
        <Name>George</Name>
        <Email>gweasley@hogwarts.co.uk</Email>
      </Author>
    </Authors>
    <name>Book1</name>
  </book>
  <book year="2014" isbn="ISBN83763550019---11">
    <Authors>
      <Author>
        <Name>Fred</Name>
        <Email>fweasley@hogwarts.co.uk</Email>
      </Author>
      <Author>
        <Name>George</Name>
        <Email>gweasley@hogwarts.co.uk</Email>
      </Author>
    </Authors>
    <name>Book2</name>
  </book>
  <book year="2014" isbn="ISBN83763550019---11">
    <Authors>
      <Author>
        <Name>Fred</Name>
        <Email>fweasley@hogwarts.co.uk</Email>
      </Author>
      <Author>
        <Name>George</Name>
        <Email>gweasley@hogwarts.co.uk</Email>
      </Author>
    </Authors>
    <name>Book1</name>
  </book>
  <book year="2014" isbn="ISBN83763550019---11">
    <Authors>
      <Author>
        <Name>Fred</Name>
        <Email>fweasley@hogwarts.co.uk</Email>
      </Author>
      <Author>
        <Name>George</Name>
        <Email>gweasley@hogwarts.co.uk</Email>
      </Author>
    </Authors>
    <name>Book2</name>
  </book>
  <book year="2014" isbn="ISBN83763550019---11">
    <Authors>
      <Author>
        <Name>Fred</Name>
        <Email>fweasley@hogwarts.co.uk</Email>
      </Author>
      <Author>
        <Name>George</Name>
        <Email>gweasley@hogwarts.co.uk</Email>
      </Author>
    </Authors>
    <name>Book1</name>
  </book>
  <book year="2014" isbn="ISBN83763550019---11">
    <Authors>
      <Author>
        <Name>Fred</Name>
        <Email>fweasley@hogwarts.co.uk</Email>
      </Author>
      <Author>
        <Name>George</Name>
        <Email>gweasley@hogwarts.co.uk</Email>
      </Author>
    </Authors>
    <name>Book2</name>
  </book>
  <book year="2014" isbn="ISBN83763550019---11">
    <Authors>
      <Author>
        <Name>Fred</Name>
        <Email>fweasley@hogwarts.co.uk</Email>
      </Author>
      <Author>
        <Name>George</Name>
        <Email>gweasley@hogwarts.co.uk</Email>
      </Author>
    </Authors>
    <name>Book1</name>
  </book>
  <book year="2014" isbn="ISBN83763550019---11">
    <Authors>
      <Author>
        <Name>Fred</Name>
        <Email>fweasley@hogwarts.co.uk</Email>
      </Author>
      <Author>
        <Name>George</Name>
        <Email>gweasley@hogwarts.co.uk</Email>
      </Author>
    </Authors>
    <name>Book2</name>
  </book>
  <book year="2014" isbn="ISBN83763550019---11">
    <Authors>
      <Author>
        <Name>Fred</Name>
        <Email>fweasley@hogwarts.co.uk</Email>
      </Author>
      <Author>
        <Name>George</Name>
        <Email>gweasley@hogwarts.co.uk</Email>
      </Author>
    </Authors>
    <name>Book1</name>
  </book>
  <book year="2014" isbn="ISBN83763550019---11">
    <Authors>
      <Author>
        <Name>Fred</Name>
        <Email>fweasley@hogwarts.co.uk</Email>
      </Author>
      <Author>
        <Name>George</Name>
        <Email>gweasley@hogwarts.co.uk</Email>
      </Author>
    </Authors>
    <name>Book2</name>
  </book>
  <book year="2014" isbn="ISBN83763550019---11">
    <Authors>
      <Author>
        <Name>Fred</Name>
        <Email>fweasley@hogwarts.co.uk</Email>
      </Author>
      <Author>
        <Name>George</Name>
        <Email>gweasley@hogwarts.co.uk</Email>
      </Author>
    </Authors>
    <name>Book1</name>
  </book>
  <book year="2014" isbn="ISBN83763550019---11">
    <Authors>
      <Author>
        <Name>Fred</Name>
        <Email>fweasley@hogwarts.co.uk</Email>
      </Author>
      <Author>
        <Name>George</Name>
        <Email>gweasley@hogwarts.co.uk</Email>
      </Author>
    </Authors>
    <name>Book2</name>
  </book>
  <book year="2014" isbn="ISBN83763550019---11">
    <Authors>
      <Author>
        <Name>Fred</Name>
        <Email>fweasley@hogwarts.co.uk</Email>
      </Author>
      <Author>
        <Name>George</Name>
        <Email>gweasley@hogwarts.co.uk</Email>
      </Author>
    </Authors>
    <name>Book1</name>
  </book>
  <book year="2014" isbn="ISBN83763550019---11">
    <Authors>
      <Author>
        <Name>Fred</Name>
        <Email>fweasley@hogwarts.co.uk</Email>
      </Author>
      <Author>
        <Name>George</Name>
        <Email>gweasley@hogwarts.co.uk</Email>
      </Author>
    </Authors>
    <name>Book2</name>
  </book>
  <book year="2014" isbn="ISBN83763550019---11">
    <Authors>
      <Author>
        <Name>Fred</Name>
        <Email>fweasley@hogwarts.co.uk</Email>
      </Author>
      <Author>
        <Name>George</Name>
        <Email>gweasley@hogwarts.co.uk</Email>
      </Author>
    </Authors>
    <name>Book1</name>
  </book>
  <book year="2014" isbn="ISBN83763550019---11">
    <Authors>
      <Author>
        <Name>Fred</Name>
        <Email>fweasley@hogwarts.co.uk</Email>
      </Author>
      <Author>
        <Name>George</Name>
        <Email>gweasley@hogwarts.co.uk</Email>
      </Author>
    </Authors>
    <name>Book2</name>
  </book>
  <book year="2014" isbn="ISBN83763550019---11">
    <Authors>
      <Author>
        <Name>Fred</Name>
        <Email>fweasley@hogwarts.co.uk</Email>
      </Author>
      <Author>
        <Name>George</Name>
        <Email>gweasley@hogwarts.co.uk</Email>
      </Author>
    </Authors>
    <name>Book1</name>
  </book>
  <book year="2014" isbn="ISBN83763550019---11">
    <Authors>
      <Author>
        <Name>Fred</Name>
        <Email>fweasley@hogwarts.co.uk</Email>
      </Author>
      <Author>
        <Name>George</Name>
        <Email>gweasley@hogwarts.co.uk</Email>
      </Author>
    </Authors>
    <name>Book2</name>
  </book>
  <book year="2014" isbn="ISBN83763550019---11">
    <Authors>
      <Author>
        <Name>Fred</Name>
        <Email>fweasley@hogwarts.co.uk</Email>
      </Author>
      <Author>
        <Name>George</Name>
        <Email>gweasley@hogwarts.co.uk</Email>
      </Author>
    </Authors>
    <name>Book1</name>
  </book>
  <book year="2014" isbn="ISBN83763550019---11">
    <Authors>
      <Author>
        <Name>Fred</Name>
        <Email>fweasley@hogwarts.co.uk</Email>
      </Author>
      <Author>
        <Name>George</Name>
        <Email>gweasley@hogwarts.co.uk</Email>
      </Author>
    </Authors>
    <name>Book2</name>
  </book>
  <book year="2014" isbn="ISBN83763550019---11">
    <Authors>
      <Author>
        <Name>Fred</Name>
        <Email>fweasley@hogwarts.co.uk</Email>
      </Author>
      <Author>
        <Name>George</Name>
        <Email>gweasley@hogwarts.co.uk</Email>
      </Author>
    </Authors>
    <name>Book1</name>
  </book>
  <book year="2014" isbn="ISBN83763550019---11">
    <Authors>
      <Author>
        <Name>Fred</Name>
        <Email>fweasley@hogwarts.co.uk</Email>
      </Author>
      <Author>
        <Name>George</Name>
        <Email>gweasley@hogwarts.co.uk</Email>
      </Author>
    </Authors>
    <name>Book2</name>
  </book>
  <book year="2014" isbn="ISBN83763550019---11">
    <Authors>
      <Author>
        <Name>Fred</Name>
        <Email>fweasley@hogwarts.co.uk</Email>
      </Author>
      <Author>
        <Name>George</Name>
        <Email>gweasley@hogwarts.co.uk</Email>
      </Author>
    </Authors>
    <name>Book1</name>
  </book>
  <book year="2014" isbn="ISBN83763550019---11">
    <Authors>
      <Author>
        <Name>Fred</Name>
        <Email>fweasley@hogwarts.co.uk</Email>
      </Author>
      <Author>
        <Name>George</Name>
        <Email>gweasley@hogwarts.co.uk</Email>
      </Author>
    </Authors>
    <name>Book2</name>
  </book>
  <book year="2014" isbn="ISBN83763550019---11">
    <Authors>
      <Author>
        <Name>Fred</Name>
        <Email>fweasley@hogwarts.co.uk</Email>
      </Author>
      <Author>
        <Name>George</Name>
        <Email>gweasley@hogwarts.co.uk</Email>
      </Author>
    </Authors>
    <name>Book1</name>
  </book>
  <book year="2014" isbn="ISBN83763550019---11">
    <Authors>
      <Author>
        <Name>Fred</Name>
        <Email>fweasley@hogwarts.co.uk</Email>
      </Author>
      <Author>
        <Name>George</Name>
        <Email>gweasley@hogwarts.co.uk</Email>
      </Author>
    </Authors>
    <name>Book2</name>
  </book>
  <book year="2014" isbn="ISBN83763550019---11">
    <Authors>
      <Author>
        <Name>Fred</Name>
        <Email>fweasley@hogwarts.co.uk</Email>
      </Author>
      <Author>
        <Name>George</Name>
        <Email>gweasley@hogwarts.co.uk</Email>
      </Author>
    </Authors>
    <name>Book1</name>
  </book>
  <book year="2014" isbn="ISBN83763550019---11">
    <Authors>
      <Author>
        <Name>Fred</Name>
        <Email>fweasley@hogwarts.co.uk</Email>
      </Author>
      <Author>
        <Name>George</Name>
        <Email>gweasley@hogwarts.co.uk</Email>
      </Author>
    </Authors>
    <name>Book2</name>
  </book>
  <book year="2014" isbn="ISBN83763550019---11">
    <Authors>
      <Author>
        <Name>Fred</Name>
        <Email>fweasley@hogwarts.co.uk</Email>
      </Author>
      <Author>
        <Name>George</Name>
        <Email>gweasley@hogwarts.co.uk</Email>
      </Author>
    </Authors>
    <name>Book1</name>
  </book>
  <book year="2014" isbn="ISBN83763550019---11">
    <Authors>
      <Author>
        <Name>Fred</Name>
        <Email>fweasley@hogwarts.co.uk</Email>
      </Author>
      <Author>
        <Name>George</Name>
        <Email>gweasley@hogwarts.co.uk</Email>
      </Author>
    </Authors>
    <name>Book2</name>
  </book>
  <book year="2014" isbn="ISBN83763550019---11">
    <Authors>
      <Author>
        <Name>Fred</Name>
        <Email>fweasley@hogwarts.co.uk</Email>
      </Author>
      <Author>
        <Name>George</Name>
        <Email>gweasley@hogwarts.co.uk</Email>
      </Author>
    </Authors>
    <name>Book1</name>
  </book>
  <book year="2014" isbn="ISBN83763550019---11">
    <Authors>
      <Author>
        <Name>Fred</Name>
        <Email>fweasley@hogwarts.co.uk</Email>
      </Author>
      <Author>
        <Name>George</Name>
        <Email>gweasley@hogwarts.co.uk</Email>
      </Author>
    </Authors>
    <name>Book2</name>
  </book>
  <book year="2014" isbn="ISBN83763550019---11">
    <Authors>
      <Author>
        <Name>Fred</Name>
        <Email>fweasley@hogwarts.co.uk</Email>
      </Author>
      <Author>
        <Name>George</Name>
        <Email>gweasley@hogwarts.co.uk</Email>
      </Author>
    </Authors>
    <name>Book1</name>
  </book>
  <book year="2014" isbn="ISBN83763550019---11">
    <Authors>
      <Author>
        <Name>Fred</Name>
        <Email>fweasley@hogwarts.co.uk</Email>
      </Author>
      <Author>
        <Name>George</Name>
        <Email>gweasley@hogwarts.co.uk</Email>
      </Author>
    </Authors>
    <name>Book2</name>
  </book>
  <book year="2014" isbn="ISBN83763550019---11">
    <Authors>
      <Author>
        <Name>Fred</Name>
        <Email>fweasley@hogwarts.co.uk</Email>
      </Author>
      <Author>
        <Name>George</Name>
        <Email>gweasley@hogwarts.co.uk</Email>
      </Author>
    </Authors>
    <name>Book1</name>
  </book>
  <book year="2014" isbn="ISBN83763550019---11">
    <Authors>
      <Author>
        <Name>Fred</Name>
        <Email>fweasley@hogwarts.co.uk</Email>
      </Author>
      <Author>
        <Name>George</Name>
        <Email>gweasley@hogwarts.co.uk</Email>
      </Author>
    </Authors>
    <name>Book2</name>
  </book>
  <book year="2014" isbn="ISBN83763550019---11">
    <Authors>
      <Author>
        <Name>Fred</Name>
        <Email>fweasley@hogwarts.co.uk</Email>
      </Author>
      <Author>
        <Name>George</Name>
        <Email>gweasley@hogwarts.co.uk</Email>
      </Author>
    </Authors>
    <name>Book1</name>
  </book>
  <book year="2014" isbn="ISBN83763550019---11">
    <Authors>
      <Author>
        <Name>Fred</Name>
        <Email>fweasley@hogwarts.co.uk</Email>
      </Author>
      <Author>
        <Name>George</Name>
        <Email>gweasley@hogwarts.co.uk</Email>
      </Author>
    </Authors>
    <name>Book2</name>
  </book>
  <book year="2014" isbn="ISBN83763550019---11">
    <Authors>
      <Author>
        <Name>Fred</Name>
        <Email>fweasley@hogwarts.co.uk</Email>
      </Author>
      <Author>
        <Name>George</Name>
        <Email>gweasley@hogwarts.co.uk</Email>
      </Author>
    </Authors>
    <name>Book1</name>
  </book>
  <book year="2014" isbn="ISBN83763550019---11">
    <Authors>
      <Author>
        <Name>Fred</Name>
        <Email>fweasley@hogwarts.co.uk</Email>
      </Author>
      <Author>
        <Name>George</Name>
        <Email>gweasley@hogwarts.co.uk</Email>
      </Author>
    </Authors>
    <name>Book2</name>
  </book>
  <book year="2014" isbn="ISBN83763550019---11">
    <Authors>
      <Author>
        <Name>Fred</Name>
        <Email>fweasley@hogwarts.co.uk</Email>
      </Author>
      <Author>
        <Name>George</Name>
        <Email>gweasley@hogwarts.co.uk</Email>
      </Author>
    </Authors>
    <name>Book1</name>
  </book>
  <book year="2014" isbn="ISBN83763550019---11">
    <Authors>
      <Author>
        <Name>Fred</Name>
        <Email>fweasley@hogwarts.co.uk</Email>
      </Author>
      <Author>
        <Name>George</Name>
        <Email>gweasley@hogwarts.co.uk</Email>
      </Author>
    </Authors>
    <name>Book2</name>
  </book>
  <book year="2014" isbn="ISBN83763550019---11">
    <Authors>
      <Author>
        <Name>Fred</Name>
        <Email>fweasley@hogwarts.co.uk</Email>
      </Author>
      <Author>
        <Name>George</Name>
        <Email>gweasley@hogwarts.co.uk</Email>
      </Author>
    </Authors>
    <name>Book1</name>
  </book>
  <book year="2014" isbn="ISBN83763550019---11">
    <Authors>
      <Author>
        <Name>Fred</Name>
        <Email>fweasley@hogwarts.co.uk</Email>
      </Author>
      <Author>
        <Name>George</Name>
        <Email>gweasley@hogwarts.co.uk</Email>
      </Author>
    </Authors>
    <name>Book2</name>
  </book>
  <book year="2014" isbn="ISBN83763550019---11">
    <Authors>
      <Author>
        <Name>Fred</Name>
        <Email>fweasley@hogwarts.co.uk</Email>
      </Author>
      <Author>
        <Name>George</Name>
        <Email>gweasley@hogwarts.co.uk</Email>
      </Author>
    </Authors>
    <name>Book1</name>
  </book>
  <book year="2014" isbn="ISBN83763550019---11">
    <Authors>
      <Author>
        <Name>Fred</Name>
        <Email>fweasley@hogwarts.co.uk</Email>
      </Author>
      <Author>
        <Name>George</Name>
        <Email>gweasley@hogwarts.co.uk</Email>
      </Author>
    </Authors>
    <name>Book2</name>
  </book>
  <book year="2014" isbn="ISBN83763550019---11">
    <Authors>
      <Author>
        <Name>Fred</Name>
        <Email>fweasley@hogwarts.co.uk</Email>
      </Author>
      <Author>
        <Name>George</Name>
        <Email>gweasley@hogwarts.co.uk</Email>
      </Author>
    </Authors>
    <name>Book1</name>
  </book>
  <book year="2014" isbn="ISBN83763550019---11">
    <Authors>
      <Author>
        <Name>Fred</Name>
        <Email>fweasley@hogwarts.co.uk</Email>
      </Author>
      <Author>
        <Name>George</Name>
        <Email>gweasley@hogwarts.co.uk</Email>
      </Author>
    </Authors>
    <name>Book2</name>
  </book>
  <book year="2014" isbn="ISBN83763550019---11">
    <Authors>
      <Author>
        <Name>Fred</Name>
        <Email>fweasley@hogwarts.co.uk</Email>
      </Author>
      <Author>
        <Name>George</Name>
        <Email>gweasley@hogwarts.co.uk</Email>
      </Author>
    </Authors>
    <name>Book1</name>
  </book>
  <book year="2014" isbn="ISBN83763550019---11">
    <Authors>
      <Author>
        <Name>Fred</Name>
        <Email>fweasley@hogwarts.co.uk</Email>
      </Author>
      <Author>
        <Name>George</Name>
        <Email>gweasley@hogwarts.co.uk</Email>
      </Author>
    </Authors>
    <name>Book2</name>
  </book>
  <book year="2014" isbn="ISBN83763550019---11">
    <Authors>
      <Author>
        <Name>Fred</Name>
        <Email>fweasley@hogwarts.co.uk</Email>
      </Author>
      <Author>
        <Name>George</Name>
        <Email>gweasley@hogwarts.co.uk</Email>
      </Author>
    </Authors>
    <name>Book1</name>
  </book>
  <book year="2014" isbn="ISBN83763550019---11">
    <Authors>
      <Author>
        <Name>Fred</Name>
        <Email>fweasley@hogwarts.co.uk</Email>
      </Author>
      <Author>
        <Name>George</Name>
        <Email>gweasley@hogwarts.co.uk</Email>
      </Author>
    </Authors>
    <name>Book2</name>
  </book>
  <book year="2014" isbn="ISBN83763550019---11">
    <Authors>
      <Author>
        <Name>Fred</Name>
        <Email>fweasley@hogwarts.co.uk</Email>
      </Author>
      <Author>
        <Name>George</Name>
        <Email>gweasley@hogwarts.co.uk</Email>
      </Author>
    </Authors>
    <name>Book1</name>
  </book>
  <book year="2014" isbn="ISBN83763550019---11">
    <Authors>
      <Author>
        <Name>Fred</Name>
        <Email>fweasley@hogwarts.co.uk</Email>
      </Author>
      <Author>
        <Name>George</Name>
        <Email>gweasley@hogwarts.co.uk</Email>
      </Author>
    </Authors>
    <name>Book2</name>
  </book>
  <book year="2014" isbn="ISBN83763550019---11">
    <Authors>
      <Author>
        <Name>Fred</Name>
        <Email>fweasley@hogwarts.co.uk</Email>
      </Author>
      <Author>
        <Name>George</Name>
        <Email>gweasley@hogwarts.co.uk</Email>
      </Author>
    </Authors>
    <name>Book1</name>
  </book>
  <book year="2014" isbn="ISBN83763550019---11">
    <Authors>
      <Author>
        <Name>Fred</Name>
        <Email>fweasley@hogwarts.co.uk</Email>
      </Author>
      <Author>
        <Name>George</Name>
        <Email>gweasley@hogwarts.co.uk</Email>
      </Author>
    </Authors>
    <name>Book2</name>
  </book>
  <book year="2014" isbn="ISBN83763550019---11">
    <Authors>
      <Author>
        <Name>Fred</Name>
        <Email>fweasley@hogwarts.co.uk</Email>
      </Author>
      <Author>
        <Name>George</Name>
        <Email>gweasley@hogwarts.co.uk</Email>
      </Author>
    </Authors>
    <name>Book1</name>
  </book>
  <book year="2014" isbn="ISBN83763550019---11">
    <Authors>
      <Author>
        <Name>Fred</Name>
        <Email>fweasley@hogwarts.co.uk</Email>
      </Author>
      <Author>
        <Name>George</Name>
        <Email>gweasley@hogwarts.co.uk</Email>
      </Author>
    </Authors>
    <name>Book2</name>
  </book>
  <book year="2014" isbn="ISBN83763550019---11">
    <Authors>
      <Author>
        <Name>Fred</Name>
        <Email>fweasley@hogwarts.co.uk</Email>
      </Author>
      <Author>
        <Name>George</Name>
        <Email>gweasley@hogwarts.co.uk</Email>
      </Author>
    </Authors>
    <name>Book1</name>
  </book>
  <book year="2014" isbn="ISBN83763550019---11">
    <Authors>
      <Author>
        <Name>Fred</Name>
        <Email>fweasley@hogwarts.co.uk</Email>
      </Author>
      <Author>
        <Name>George</Name>
        <Email>gweasley@hogwarts.co.uk</Email>
      </Author>
    </Authors>
    <name>Book2</name>
  </book>
  <book year="2014" isbn="ISBN83763550019---11">
    <Authors>
      <Author>
        <Name>Fred</Name>
        <Email>fweasley@hogwarts.co.uk</Email>
      </Author>
      <Author>
        <Name>George</Name>
        <Email>gweasley@hogwarts.co.uk</Email>
      </Author>
    </Authors>
    <name>Book1</name>
  </book>
  <book year="2014" isbn="ISBN83763550019---11">
    <Authors>
      <Author>
        <Name>Fred</Name>
        <Email>fweasley@hogwarts.co.uk</Email>
      </Author>
      <Author>
        <Name>George</Name>
        <Email>gweasley@hogwarts.co.uk</Email>
      </Author>
    </Authors>
    <name>Book2</name>
  </book>
  <book year="2014" isbn="ISBN83763550019---11">
    <Authors>
      <Author>
        <Name>Fred</Name>
        <Email>fweasley@hogwarts.co.uk</Email>
      </Author>
      <Author>
        <Name>George</Name>
        <Email>gweasley@hogwarts.co.uk</Email>
      </Author>
    </Authors>
    <name>Book1</name>
  </book>
  <book year="2014" isbn="ISBN83763550019---11">
    <Authors>
      <Author>
        <Name>Fred</Name>
        <Email>fweasley@hogwarts.co.uk</Email>
      </Author>
      <Author>
        <Name>George</Name>
        <Email>gweasley@hogwarts.co.uk</Email>
      </Author>
    </Authors>
    <name>Book2</name>
  </book>
  <book year="2014" isbn="ISBN83763550019---11">
    <Authors>
      <Author>
        <Name>Fred</Name>
        <Email>fweasley@hogwarts.co.uk</Email>
      </Author>
      <Author>
        <Name>George</Name>
        <Email>gweasley@hogwarts.co.uk</Email>
      </Author>
    </Authors>
    <name>Book1</name>
  </book>
  <book year="2014" isbn="ISBN83763550019---11">
    <Authors>
      <Author>
        <Name>Fred</Name>
        <Email>fweasley@hogwarts.co.uk</Email>
      </Author>
      <Author>
        <Name>George</Name>
        <Email>gweasley@hogwarts.co.uk</Email>
      </Author>
    </Authors>
    <name>Book2</name>
  </book>
  <book year="2014" isbn="ISBN83763550019---11">
    <Authors>
      <Author>
        <Name>Fred</Name>
        <Email>fweasley@hogwarts.co.uk</Email>
      </Author>
      <Author>
        <Name>George</Name>
        <Email>gweasley@hogwarts.co.uk</Email>
      </Author>
    </Authors>
    <name>Book1</name>
  </book>
  <book year="2014" isbn="ISBN83763550019---11">
    <Authors>
      <Author>
        <Name>Fred</Name>
        <Email>fweasley@hogwarts.co.uk</Email>
      </Author>
      <Author>
        <Name>George</Name>
        <Email>gweasley@hogwarts.co.uk</Email>
      </Author>
    </Authors>
    <name>Book2</name>
  </book>
  <book year="2014" isbn="ISBN83763550019---11">
    <Authors>
      <Author>
        <Name>Fred</Name>
        <Email>fweasley@hogwarts.co.uk</Email>
      </Author>
      <Author>
        <Name>George</Name>
        <Email>gweasley@hogwarts.co.uk</Email>
      </Author>
    </Authors>
    <name>Book1</name>
  </book>
  <book year="2014" isbn="ISBN83763550019---11">
    <Authors>
      <Author>
        <Name>Fred</Name>
        <Email>fweasley@hogwarts.co.uk</Email>
      </Author>
      <Author>
        <Name>George</Name>
        <Email>gweasley@hogwarts.co.uk</Email>
      </Author>
    </Authors>
    <name>Book2</name>
  </book>
  <book year="2014" isbn="ISBN83763550019---11">
    <Authors>
      <Author>
        <Name>Fred</Name>
        <Email>fweasley@hogwarts.co.uk</Email>
      </Author>
      <Author>
        <Name>George</Name>
        <Email>gweasley@hogwarts.co.uk</Email>
      </Author>
    </Authors>
    <name>Book1</name>
  </book>
  <book year="2014" isbn="ISBN83763550019---11">
    <Authors>
      <Author>
        <Name>Fred</Name>
        <Email>fweasley@hogwarts.co.uk</Email>
      </Author>
      <Author>
        <Name>George</Name>
        <Email>gweasley@hogwarts.co.uk</Email>
      </Author>
    </Authors>
    <name>Book2</name>
  </book>
  <book year="2014" isbn="ISBN83763550019---11">
    <Authors>
      <Author>
        <Name>Fred</Name>
        <Email>fweasley@hogwarts.co.uk</Email>
      </Author>
      <Author>
        <Name>George</Name>
        <Email>gweasley@hogwarts.co.uk</Email>
      </Author>
    </Authors>
    <name>Book1</name>
  </book>
  <book year="2014" isbn="ISBN83763550019---11">
    <Authors>
      <Author>
        <Name>Fred</Name>
        <Email>fweasley@hogwarts.co.uk</Email>
      </Author>
      <Author>
        <Name>George</Name>
        <Email>gweasley@hogwarts.co.uk</Email>
      </Author>
    </Authors>
    <name>Book2</name>
  </book>
  <book year="2014" isbn="ISBN83763550019---11">
    <Authors>
      <Author>
        <Name>Fred</Name>
        <Email>fweasley@hogwarts.co.uk</Email>
      </Author>
      <Author>
        <Name>George</Name>
        <Email>gweasley@hogwarts.co.uk</Email>
      </Author>
    </Authors>
    <name>Book1</name>
  </book>
  <book year="2014" isbn="ISBN83763550019---11">
    <Authors>
      <Author>
        <Name>Fred</Name>
        <Email>fweasley@hogwarts.co.uk</Email>
      </Author>
      <Author>
        <Name>George</Name>
        <Email>gweasley@hogwarts.co.uk</Email>
      </Author>
    </Authors>
    <name>Book2</name>
  </book>
  <book year="2014" isbn="ISBN83763550019---11">
    <Authors>
      <Author>
        <Name>Fred</Name>
        <Email>fweasley@hogwarts.co.uk</Email>
      </Author>
      <Author>
        <Name>George</Name>
        <Email>gweasley@hogwarts.co.uk</Email>
      </Author>
    </Authors>
    <name>Book1</name>
  </book>
  <book year="2014" isbn="ISBN83763550019---11">
    <Authors>
      <Author>
        <Name>Fred</Name>
        <Email>fweasley@hogwarts.co.uk</Email>
      </Author>
      <Author>
        <Name>George</Name>
        <Email>gweasley@hogwarts.co.uk</Email>
      </Author>
    </Authors>
    <name>Book2</name>
  </book>
  <book year="2014" isbn="ISBN83763550019---11">
    <Authors>
      <Author>
        <Name>Fred</Name>
        <Email>fweasley@hogwarts.co.uk</Email>
      </Author>
      <Author>
        <Name>George</Name>
        <Email>gweasley@hogwarts.co.uk</Email>
      </Author>
    </Authors>
    <name>Book1</name>
  </book>
  <book year="2014" isbn="ISBN83763550019---11">
    <Authors>
      <Author>
        <Name>Fred</Name>
        <Email>fweasley@hogwarts.co.uk</Email>
      </Author>
      <Author>
        <Name>George</Name>
        <Email>gweasley@hogwarts.co.uk</Email>
      </Author>
    </Authors>
    <name>Book2</name>
  </book>
  <book year="2014" isbn="ISBN83763550019---11">
    <Authors>
      <Author>
        <Name>Fred</Name>
        <Email>fweasley@hogwarts.co.uk</Email>
      </Author>
      <Author>
        <Name>George</Name>
        <Email>gweasley@hogwarts.co.uk</Email>
      </Author>
    </Authors>
    <name>Book1</name>
  </book>
  <book year="2014" isbn="ISBN83763550019---11">
    <Authors>
      <Author>
        <Name>Fred</Name>
        <Email>fweasley@hogwarts.co.uk</Email>
      </Author>
      <Author>
        <Name>George</Name>
        <Email>gweasley@hogwarts.co.uk</Email>
      </Author>
    </Authors>
    <name>Book2</name>
  </book>
  <book year="2014" isbn="ISBN83763550019---11">
    <Authors>
      <Author>
        <Name>Fred</Name>
        <Email>fweasley@hogwarts.co.uk</Email>
      </Author>
      <Author>
        <Name>George</Name>
        <Email>gweasley@hogwarts.co.uk</Email>
      </Author>
    </Authors>
    <name>Book1</name>
  </book>
  <book year="2014" isbn="ISBN83763550019---11">
    <Authors>
      <Author>
        <Name>Fred</Name>
        <Email>fweasley@hogwarts.co.uk</Email>
      </Author>
      <Author>
        <Name>George</Name>
        <Email>gweasley@hogwarts.co.uk</Email>
      </Author>
    </Authors>
    <name>Book2</name>
  </book>
  <book year="2014" isbn="ISBN83763550019---11">
    <Authors>
      <Author>
        <Name>Fred</Name>
        <Email>fweasley@hogwarts.co.uk</Email>
      </Author>
      <Author>
        <Name>George</Name>
        <Email>gweasley@hogwarts.co.uk</Email>
      </Author>
    </Authors>
    <name>Book1</name>
  </book>
  <book year="2014" isbn="ISBN83763550019---11">
    <Authors>
      <Author>
        <Name>Fred</Name>
        <Email>fweasley@hogwarts.co.uk</Email>
      </Author>
      <Author>
        <Name>George</Name>
        <Email>gweasley@hogwarts.co.uk</Email>
      </Author>
    </Authors>
    <name>Book2</name>
  </book>
  <book year="2014" isbn="ISBN83763550019---11">
    <Authors>
      <Author>
        <Name>Fred</Name>
        <Email>fweasley@hogwarts.co.uk</Email>
      </Author>
      <Author>
        <Name>George</Name>
        <Email>gweasley@hogwarts.co.uk</Email>
      </Author>
    </Authors>
    <name>Book1</name>
  </book>
  <book year="2014" isbn="ISBN83763550019---11">
    <Authors>
      <Author>
        <Name>Fred</Name>
        <Email>fweasley@hogwarts.co.uk</Email>
      </Author>
      <Author>
        <Name>George</Name>
        <Email>gweasley@hogwarts.co.uk</Email>
      </Author>
    </Authors>
    <name>Book2</name>
  </book>
  <book year="2014" isbn="ISBN83763550019---11">
    <Authors>
      <Author>
        <Name>Fred</Name>
        <Email>fweasley@hogwarts.co.uk</Email>
      </Author>
      <Author>
        <Name>George</Name>
        <Email>gweasley@hogwarts.co.uk</Email>
      </Author>
    </Authors>
    <name>Book1</name>
  </book>
  <book year="2014" isbn="ISBN83763550019---11">
    <Authors>
      <Author>
        <Name>Fred</Name>
        <Email>fweasley@hogwarts.co.uk</Email>
      </Author>
      <Author>
        <Name>George</Name>
        <Email>gweasley@hogwarts.co.uk</Email>
      </Author>
    </Authors>
    <name>Book2</name>
  </book>
  <book year="2014" isbn="ISBN83763550019---11">
    <Authors>
      <Author>
        <Name>Fred</Name>
        <Email>fweasley@hogwarts.co.uk</Email>
      </Author>
      <Author>
        <Name>George</Name>
        <Email>gweasley@hogwarts.co.uk</Email>
      </Author>
    </Authors>
    <name>Book1</name>
  </book>
  <book year="2014" isbn="ISBN83763550019---11">
    <Authors>
      <Author>
        <Name>Fred</Name>
        <Email>fweasley@hogwarts.co.uk</Email>
      </Author>
      <Author>
        <Name>George</Name>
        <Email>gweasley@hogwarts.co.uk</Email>
      </Author>
    </Authors>
    <name>Book2</name>
  </book>
  <book year="2014" isbn="ISBN83763550019---11">
    <Authors>
      <Author>
        <Name>Fred</Name>
        <Email>fweasley@hogwarts.co.uk</Email>
      </Author>
      <Author>
        <Name>George</Name>
        <Email>gweasley@hogwarts.co.uk</Email>
      </Author>
    </Authors>
    <name>Book1</name>
  </book>
  <book year="2014" isbn="ISBN83763550019---11">
    <Authors>
      <Author>
        <Name>Fred</Name>
        <Email>fweasley@hogwarts.co.uk</Email>
      </Author>
      <Author>
        <Name>George</Name>
        <Email>gweasley@hogwarts.co.uk</Email>
      </Author>
    </Authors>
    <name>Book2</name>
  </book>
  <book year="2014" isbn="ISBN83763550019---11">
    <Authors>
      <Author>
        <Name>Fred</Name>
        <Email>fweasley@hogwarts.co.uk</Email>
      </Author>
      <Author>
        <Name>George</Name>
        <Email>gweasley@hogwarts.co.uk</Email>
      </Author>
    </Authors>
    <name>Book1</name>
  </book>
  <book year="2014" isbn="ISBN83763550019---11">
    <Authors>
      <Author>
        <Name>Fred</Name>
        <Email>fweasley@hogwarts.co.uk</Email>
      </Author>
      <Author>
        <Name>George</Name>
        <Email>gweasley@hogwarts.co.uk</Email>
      </Author>
    </Authors>
    <name>Book2</name>
  </book>
  <book year="2014" isbn="ISBN83763550019---11">
    <Authors>
      <Author>
        <Name>Fred</Name>
        <Email>fweasley@hogwarts.co.uk</Email>
      </Author>
      <Author>
        <Name>George</Name>
        <Email>gweasley@hogwarts.co.uk</Email>
      </Author>
    </Authors>
    <name>Book1</name>
  </book>
  <book year="2014" isbn="ISBN83763550019---11">
    <Authors>
      <Author>
        <Name>Fred</Name>
        <Email>fweasley@hogwarts.co.uk</Email>
      </Author>
      <Author>
        <Name>George</Name>
        <Email>gweasley@hogwarts.co.uk</Email>
      </Author>
    </Authors>
    <name>Book2</name>
  </book>
  <book year="2014" isbn="ISBN83763550019---11">
    <Authors>
      <Author>
        <Name>Fred</Name>
        <Email>fweasley@hogwarts.co.uk</Email>
      </Author>
      <Author>
        <Name>George</Name>
        <Email>gweasley@hogwarts.co.uk</Email>
      </Author>
    </Authors>
    <name>Book1</name>
  </book>
  <book year="2014" isbn="ISBN83763550019---11">
    <Authors>
      <Author>
        <Name>Fred</Name>
        <Email>fweasley@hogwarts.co.uk</Email>
      </Author>
      <Author>
        <Name>George</Name>
        <Email>gweasley@hogwarts.co.uk</Email>
      </Author>
    </Authors>
    <name>Book2</name>
  </book>
  <book year="2014" isbn="ISBN83763550019---11">
    <Authors>
      <Author>
        <Name>Fred</Name>
        <Email>fweasley@hogwarts.co.uk</Email>
      </Author>
      <Author>
        <Name>George</Name>
        <Email>gweasley@hogwarts.co.uk</Email>
      </Author>
    </Authors>
    <name>Book1</name>
  </book>
  <book year="2014" isbn="ISBN83763550019---11">
    <Authors>
      <Author>
        <Name>Fred</Name>
        <Email>fweasley@hogwarts.co.uk</Email>
      </Author>
      <Author>
        <Name>George</Name>
        <Email>gweasley@hogwarts.co.uk</Email>
      </Author>
    </Authors>
    <name>Book2</name>
  </book>
  <book year="2014" isbn="ISBN83763550019---11">
    <Authors>
      <Author>
        <Name>Fred</Name>
        <Email>fweasley@hogwarts.co.uk</Email>
      </Author>
      <Author>
        <Name>George</Name>
        <Email>gweasley@hogwarts.co.uk</Email>
      </Author>
    </Authors>
    <name>Book1</name>
  </book>
  <book year="2014" isbn="ISBN83763550019---11">
    <Authors>
      <Author>
        <Name>Fred</Name>
        <Email>fweasley@hogwarts.co.uk</Email>
      </Author>
      <Author>
        <Name>George</Name>
        <Email>gweasley@hogwarts.co.uk</Email>
      </Author>
    </Authors>
    <name>Book2</name>
  </book>
  <book year="2014" isbn="ISBN83763550019---11">
    <Authors>
      <Author>
        <Name>Fred</Name>
        <Email>fweasley@hogwarts.co.uk</Email>
      </Author>
      <Author>
        <Name>George</Name>
        <Email>gweasley@hogwarts.co.uk</Email>
      </Author>
    </Authors>
    <name>Book1</name>
  </book>
  <book year="2014" isbn="ISBN83763550019---11">
    <Authors>
      <Author>
        <Name>Fred</Name>
        <Email>fweasley@hogwarts.co.uk</Email>
      </Author>
      <Author>
        <Name>George</Name>
        <Email>gweasley@hogwarts.co.uk</Email>
      </Author>
    </Authors>
    <name>Book2</name>
  </book>
  <book year="2014" isbn="ISBN83763550019---11">
    <Authors>
      <Author>
        <Name>Fred</Name>
        <Email>fweasley@hogwarts.co.uk</Email>
      </Author>
      <Author>
        <Name>George</Name>
        <Email>gweasley@hogwarts.co.uk</Email>
      </Author>
    </Authors>
    <name>Book1</name>
  </book>
  <book year="2014" isbn="ISBN83763550019---11">
    <Authors>
      <Author>
        <Name>Fred</Name>
        <Email>fweasley@hogwarts.co.uk</Email>
      </Author>
      <Author>
        <Name>George</Name>
        <Email>gweasley@hogwarts.co.uk</Email>
      </Author>
    </Authors>
    <name>Book2</name>
  </book>
  <book year="2014" isbn="ISBN83763550019---11">
    <Authors>
      <Author>
        <Name>Fred</Name>
        <Email>fweasley@hogwarts.co.uk</Email>
      </Author>
      <Author>
        <Name>George</Name>
        <Email>gweasley@hogwarts.co.uk</Email>
      </Author>
    </Authors>
    <name>Book1</name>
  </book>
  <book year="2014" isbn="ISBN83763550019---11">
    <Authors>
      <Author>
        <Name>Fred</Name>
        <Email>fweasley@hogwarts.co.uk</Email>
      </Author>
      <Author>
        <Name>George</Name>
        <Email>gweasley@hogwarts.co.uk</Email>
      </Author>
    </Authors>
    <name>Book2</name>
  </book>
  <book year="2014" isbn="ISBN83763550019---11">
    <Authors>
      <Author>
        <Name>Fred</Name>
        <Email>fweasley@hogwarts.co.uk</Email>
      </Author>
      <Author>
        <Name>George</Name>
        <Email>gweasley@hogwarts.co.uk</Email>
      </Author>
    </Authors>
    <name>Book1</name>
  </book>
  <book year="2014" isbn="ISBN83763550019---11">
    <Authors>
      <Author>
        <Name>Fred</Name>
        <Email>fweasley@hogwarts.co.uk</Email>
      </Author>
      <Author>
        <Name>George</Name>
        <Email>gweasley@hogwarts.co.uk</Email>
      </Author>
    </Authors>
    <name>Book2</name>
  </book>
  <book year="2014" isbn="ISBN83763550019---11">
    <Authors>
      <Author>
        <Name>Fred</Name>
        <Email>fweasley@hogwarts.co.uk</Email>
      </Author>
      <Author>
        <Name>George</Name>
        <Email>gweasley@hogwarts.co.uk</Email>
      </Author>
    </Authors>
    <name>Book1</name>
  </book>
  <book year="2014" isbn="ISBN83763550019---11">
    <Authors>
      <Author>
        <Name>Fred</Name>
        <Email>fweasley@hogwarts.co.uk</Email>
      </Author>
      <Author>
        <Name>George</Name>
        <Email>gweasley@hogwarts.co.uk</Email>
      </Author>
    </Authors>
    <name>Book2</name>
  </book>
  <book year="2014" isbn="ISBN83763550019---11">
    <Authors>
      <Author>
        <Name>Fred</Name>
        <Email>fweasley@hogwarts.co.uk</Email>
      </Author>
      <Author>
        <Name>George</Name>
        <Email>gweasley@hogwarts.co.uk</Email>
      </Author>
    </Authors>
    <name>Book1</name>
  </book>
  <book year="2014" isbn="ISBN83763550019---11">
    <Authors>
      <Author>
        <Name>Fred</Name>
        <Email>fweasley@hogwarts.co.uk</Email>
      </Author>
      <Author>
        <Name>George</Name>
        <Email>gweasley@hogwarts.co.uk</Email>
      </Author>
    </Authors>
    <name>Book2</name>
  </book>
  <book year="2014" isbn="ISBN83763550019---11">
    <Authors>
      <Author>
        <Name>Fred</Name>
        <Email>fweasley@hogwarts.co.uk</Email>
      </Author>
      <Author>
        <Name>George</Name>
        <Email>gweasley@hogwarts.co.uk</Email>
      </Author>
    </Authors>
    <name>Book1</name>
  </book>
  <book year="2014" isbn="ISBN83763550019---11">
    <Authors>
      <Author>
        <Name>Fred</Name>
        <Email>fweasley@hogwarts.co.uk</Email>
      </Author>
      <Author>
        <Name>George</Name>
        <Email>gweasley@hogwarts.co.uk</Email>
      </Author>
    </Authors>
    <name>Book2</name>
  </book>
  <book year="2014" isbn="ISBN83763550019---11">
    <Authors>
      <Author>
        <Name>Fred</Name>
        <Email>fweasley@hogwarts.co.uk</Email>
      </Author>
      <Author>
        <Name>George</Name>
        <Email>gweasley@hogwarts.co.uk</Email>
      </Author>
    </Authors>
    <name>Book1</name>
  </book>
  <book year="2014" isbn="ISBN83763550019---11">
    <Authors>
      <Author>
        <Name>Fred</Name>
        <Email>fweasley@hogwarts.co.uk</Email>
      </Author>
      <Author>
        <Name>George</Name>
        <Email>gweasley@hogwarts.co.uk</Email>
      </Author>
    </Authors>
    <name>Book2</name>
  </book>
  <book year="2014" isbn="ISBN83763550019---11">
    <Authors>
      <Author>
        <Name>Fred</Name>
        <Email>fweasley@hogwarts.co.uk</Email>
      </Author>
      <Author>
        <Name>George</Name>
        <Email>gweasley@hogwarts.co.uk</Email>
      </Author>
    </Authors>
    <name>Book1</name>
  </book>
  <book year="2014" isbn="ISBN83763550019---11">
    <Authors>
      <Author>
        <Name>Fred</Name>
        <Email>fweasley@hogwarts.co.uk</Email>
      </Author>
      <Author>
        <Name>George</Name>
        <Email>gweasley@hogwarts.co.uk</Email>
      </Author>
    </Authors>
    <name>Book2</name>
  </book>
  <book year="2014" isbn="ISBN83763550019---11">
    <Authors>
      <Author>
        <Name>Fred</Name>
        <Email>fweasley@hogwarts.co.uk</Email>
      </Author>
      <Author>
        <Name>George</Name>
        <Email>gweasley@hogwarts.co.uk</Email>
      </Author>
    </Authors>
    <name>Book1</name>
  </book>
  <book year="2014" isbn="ISBN83763550019---11">
    <Authors>
      <Author>
        <Name>Fred</Name>
        <Email>fweasley@hogwarts.co.uk</Email>
      </Author>
      <Author>
        <Name>George</Name>
        <Email>gweasley@hogwarts.co.uk</Email>
      </Author>
    </Authors>
    <name>Book2</name>
  </book>
  <book year="2014" isbn="ISBN83763550019---11">
    <Authors>
      <Author>
        <Name>Fred</Name>
        <Email>fweasley@hogwarts.co.uk</Email>
      </Author>
      <Author>
        <Name>George</Name>
        <Email>gweasley@hogwarts.co.uk</Email>
      </Author>
    </Authors>
    <name>Book1</name>
  </book>
  <book year="2014" isbn="ISBN83763550019---11">
    <Authors>
      <Author>
        <Name>Fred</Name>
        <Email>fweasley@hogwarts.co.uk</Email>
      </Author>
      <Author>
        <Name>George</Name>
        <Email>gweasley@hogwarts.co.uk</Email>
      </Author>
    </Authors>
    <name>Book2</name>
  </book>
  <book year="2014" isbn="ISBN83763550019---11">
    <Authors>
      <Author>
        <Name>Fred</Name>
        <Email>fweasley@hogwarts.co.uk</Email>
      </Author>
      <Author>
        <Name>George</Name>
        <Email>gweasley@hogwarts.co.uk</Email>
      </Author>
    </Authors>
    <name>Book1</name>
  </book>
  <book year="2014" isbn="ISBN83763550019---11">
    <Authors>
      <Author>
        <Name>Fred</Name>
        <Email>fweasley@hogwarts.co.uk</Email>
      </Author>
      <Author>
        <Name>George</Name>
        <Email>gweasley@hogwarts.co.uk</Email>
      </Author>
    </Authors>
    <name>Book2</name>
  </book>
  <book year="2014" isbn="ISBN83763550019---11">
    <Authors>
      <Author>
        <Name>Fred</Name>
        <Email>fweasley@hogwarts.co.uk</Email>
      </Author>
      <Author>
        <Name>George</Name>
        <Email>gweasley@hogwarts.co.uk</Email>
      </Author>
    </Authors>
    <name>Book1</name>
  </book>
  <book year="2014" isbn="ISBN83763550019---11">
    <Authors>
      <Author>
        <Name>Fred</Name>
        <Email>fweasley@hogwarts.co.uk</Email>
      </Author>
      <Author>
        <Name>George</Name>
        <Email>gweasley@hogwarts.co.uk</Email>
      </Author>
    </Authors>
    <name>Book2</name>
  </book>
  <book year="2014" isbn="ISBN83763550019---11">
    <Authors>
      <Author>
        <Name>Fred</Name>
        <Email>fweasley@hogwarts.co.uk</Email>
      </Author>
      <Author>
        <Name>George</Name>
        <Email>gweasley@hogwarts.co.uk</Email>
      </Author>
    </Authors>
    <name>Book1</name>
  </book>
  <book year="2014" isbn="ISBN83763550019---11">
    <Authors>
      <Author>
        <Name>Fred</Name>
        <Email>fweasley@hogwarts.co.uk</Email>
      </Author>
      <Author>
        <Name>George</Name>
        <Email>gweasley@hogwarts.co.uk</Email>
      </Author>
    </Authors>
    <name>Book2</name>
  </book>
  <book year="2014" isbn="ISBN83763550019---11">
    <Authors>
      <Author>
        <Name>Fred</Name>
        <Email>fweasley@hogwarts.co.uk</Email>
      </Author>
      <Author>
        <Name>George</Name>
        <Email>gweasley@hogwarts.co.uk</Email>
      </Author>
    </Authors>
    <name>Book1</name>
  </book>
  <book year="2014" isbn="ISBN83763550019---11">
    <Authors>
      <Author>
        <Name>Fred</Name>
        <Email>fweasley@hogwarts.co.uk</Email>
      </Author>
      <Author>
        <Name>George</Name>
        <Email>gweasley@hogwarts.co.uk</Email>
      </Author>
    </Authors>
    <name>Book2</name>
  </book>
  <book year="2014" isbn="ISBN83763550019---11">
    <Authors>
      <Author>
        <Name>Fred</Name>
        <Email>fweasley@hogwarts.co.uk</Email>
      </Author>
      <Author>
        <Name>George</Name>
        <Email>gweasley@hogwarts.co.uk</Email>
      </Author>
    </Authors>
    <name>Book1</name>
  </book>
  <book year="2014" isbn="ISBN83763550019---11">
    <Authors>
      <Author>
        <Name>Fred</Name>
        <Email>fweasley@hogwarts.co.uk</Email>
      </Author>
      <Author>
        <Name>George</Name>
        <Email>gweasley@hogwarts.co.uk</Email>
      </Author>
    </Authors>
    <name>Book2</name>
  </book>
  <book year="2014" isbn="ISBN83763550019---11">
    <Authors>
      <Author>
        <Name>Fred</Name>
        <Email>fweasley@hogwarts.co.uk</Email>
      </Author>
      <Author>
        <Name>George</Name>
        <Email>gweasley@hogwarts.co.uk</Email>
      </Author>
    </Authors>
    <name>Book1</name>
  </book>
  <book year="2014" isbn="ISBN83763550019---11">
    <Authors>
      <Author>
        <Name>Fred</Name>
        <Email>fweasley@hogwarts.co.uk</Email>
      </Author>
      <Author>
        <Name>George</Name>
        <Email>gweasley@hogwarts.co.uk</Email>
      </Author>
    </Authors>
    <name>Book2</name>
  </book>
  <book year="2014" isbn="ISBN83763550019---11">
    <Authors>
      <Author>
        <Name>Fred</Name>
        <Email>fweasley@hogwarts.co.uk</Email>
      </Author>
      <Author>
        <Name>George</Name>
        <Email>gweasley@hogwarts.co.uk</Email>
      </Author>
    </Authors>
    <name>Book1</name>
  </book>
  <book year="2014" isbn="ISBN83763550019---11">
    <Authors>
      <Author>
        <Name>Fred</Name>
        <Email>fweasley@hogwarts.co.uk</Email>
      </Author>
      <Author>
        <Name>George</Name>
        <Email>gweasley@hogwarts.co.uk</Email>
      </Author>
    </Authors>
    <name>Book2</name>
  </book>
  <book year="2014" isbn="ISBN83763550019---11">
    <Authors>
      <Author>
        <Name>Fred</Name>
        <Email>fweasley@hogwarts.co.uk</Email>
      </Author>
      <Author>
        <Name>George</Name>
        <Email>gweasley@hogwarts.co.uk</Email>
      </Author>
    </Authors>
    <name>Book1</name>
  </book>
  <book year="2014" isbn="ISBN83763550019---11">
    <Authors>
      <Author>
        <Name>Fred</Name>
        <Email>fweasley@hogwarts.co.uk</Email>
      </Author>
      <Author>
        <Name>George</Name>
        <Email>gweasley@hogwarts.co.uk</Email>
      </Author>
    </Authors>
    <name>Book2</name>
  </book>
  <book year="2014" isbn="ISBN83763550019---11">
    <Authors>
      <Author>
        <Name>Fred</Name>
        <Email>fweasley@hogwarts.co.uk</Email>
      </Author>
      <Author>
        <Name>George</Name>
        <Email>gweasley@hogwarts.co.uk</Email>
      </Author>
    </Authors>
    <name>Book1</name>
  </book>
  <book year="2014" isbn="ISBN83763550019---11">
    <Authors>
      <Author>
        <Name>Fred</Name>
        <Email>fweasley@hogwarts.co.uk</Email>
      </Author>
      <Author>
        <Name>George</Name>
        <Email>gweasley@hogwarts.co.uk</Email>
      </Author>
    </Authors>
    <name>Book2</name>
  </book>
  <book year="2014" isbn="ISBN83763550019---11">
    <Authors>
      <Author>
        <Name>Fred</Name>
        <Email>fweasley@hogwarts.co.uk</Email>
      </Author>
      <Author>
        <Name>George</Name>
        <Email>gweasley@hogwarts.co.uk</Email>
      </Author>
    </Authors>
    <name>Book1</name>
  </book>
  <book year="2014" isbn="ISBN83763550019---11">
    <Authors>
      <Author>
        <Name>Fred</Name>
        <Email>fweasley@hogwarts.co.uk</Email>
      </Author>
      <Author>
        <Name>George</Name>
        <Email>gweasley@hogwarts.co.uk</Email>
      </Author>
    </Authors>
    <name>Book2</name>
  </book>
  <book year="2014" isbn="ISBN83763550019---11">
    <Authors>
      <Author>
        <Name>Fred</Name>
        <Email>fweasley@hogwarts.co.uk</Email>
      </Author>
      <Author>
        <Name>George</Name>
        <Email>gweasley@hogwarts.co.uk</Email>
      </Author>
    </Authors>
    <name>Book1</name>
  </book>
  <book year="2014" isbn="ISBN83763550019---11">
    <Authors>
      <Author>
        <Name>Fred</Name>
        <Email>fweasley@hogwarts.co.uk</Email>
      </Author>
      <Author>
        <Name>George</Name>
        <Email>gweasley@hogwarts.co.uk</Email>
      </Author>
    </Authors>
    <name>Book2</name>
  </book>
  <book year="2014" isbn="ISBN83763550019---11">
    <Authors>
      <Author>
        <Name>Fred</Name>
        <Email>fweasley@hogwarts.co.uk</Email>
      </Author>
      <Author>
        <Name>George</Name>
        <Email>gweasley@hogwarts.co.uk</Email>
      </Author>
    </Authors>
    <name>Book1</name>
  </book>
  <book year="2014" isbn="ISBN83763550019---11">
    <Authors>
      <Author>
        <Name>Fred</Name>
        <Email>fweasley@hogwarts.co.uk</Email>
      </Author>
      <Author>
        <Name>George</Name>
        <Email>gweasley@hogwarts.co.uk</Email>
      </Author>
    </Authors>
    <name>Book2</name>
  </book>
  <book year="2014" isbn="ISBN83763550019---11">
    <Authors>
      <Author>
        <Name>Fred</Name>
        <Email>fweasley@hogwarts.co.uk</Email>
      </Author>
      <Author>
        <Name>George</Name>
        <Email>gweasley@hogwarts.co.uk</Email>
      </Author>
    </Authors>
    <name>Book1</name>
  </book>
  <book year="2014" isbn="ISBN83763550019---11">
    <Authors>
      <Author>
        <Name>Fred</Name>
        <Email>fweasley@hogwarts.co.uk</Email>
      </Author>
      <Author>
        <Name>George</Name>
        <Email>gweasley@hogwarts.co.uk</Email>
      </Author>
    </Authors>
    <name>Book2</name>
  </book>
  <book year="2014" isbn="ISBN83763550019---11">
    <Authors>
      <Author>
        <Name>Fred</Name>
        <Email>fweasley@hogwarts.co.uk</Email>
      </Author>
      <Author>
        <Name>George</Name>
        <Email>gweasley@hogwarts.co.uk</Email>
      </Author>
    </Authors>
    <name>Book1</name>
  </book>
  <book year="2014" isbn="ISBN83763550019---11">
    <Authors>
      <Author>
        <Name>Fred</Name>
        <Email>fweasley@hogwarts.co.uk</Email>
      </Author>
      <Author>
        <Name>George</Name>
        <Email>gweasley@hogwarts.co.uk</Email>
      </Author>
    </Authors>
    <name>Book2</name>
  </book>
  <book year="2014" isbn="ISBN83763550019---11">
    <Authors>
      <Author>
        <Name>Fred</Name>
        <Email>fweasley@hogwarts.co.uk</Email>
      </Author>
      <Author>
        <Name>George</Name>
        <Email>gweasley@hogwarts.co.uk</Email>
      </Author>
    </Authors>
    <name>Book1</name>
  </book>
  <book year="2014" isbn="ISBN83763550019---11">
    <Authors>
      <Author>
        <Name>Fred</Name>
        <Email>fweasley@hogwarts.co.uk</Email>
      </Author>
      <Author>
        <Name>George</Name>
        <Email>gweasley@hogwarts.co.uk</Email>
      </Author>
    </Authors>
    <name>Book2</name>
  </book>
  <book year="2014" isbn="ISBN83763550019---11">
    <Authors>
      <Author>
        <Name>Fred</Name>
        <Email>fweasley@hogwarts.co.uk</Email>
      </Author>
      <Author>
        <Name>George</Name>
        <Email>gweasley@hogwarts.co.uk</Email>
      </Author>
    </Authors>
    <name>Book1</name>
  </book>
  <book year="2014" isbn="ISBN83763550019---11">
    <Authors>
      <Author>
        <Name>Fred</Name>
        <Email>fweasley@hogwarts.co.uk</Email>
      </Author>
      <Author>
        <Name>George</Name>
        <Email>gweasley@hogwarts.co.uk</Email>
      </Author>
    </Authors>
    <name>Book2</name>
  </book>
  <book year="2014" isbn="ISBN83763550019---11">
    <Authors>
      <Author>
        <Name>Fred</Name>
        <Email>fweasley@hogwarts.co.uk</Email>
      </Author>
      <Author>
        <Name>George</Name>
        <Email>gweasley@hogwarts.co.uk</Email>
      </Author>
    </Authors>
    <name>Book1</name>
  </book>
  <book year="2014" isbn="ISBN83763550019---11">
    <Authors>
      <Author>
        <Name>Fred</Name>
        <Email>fweasley@hogwarts.co.uk</Email>
      </Author>
      <Author>
        <Name>George</Name>
        <Email>gweasley@hogwarts.co.uk</Email>
      </Author>
    </Authors>
    <name>Book2</name>
  </book>
  <book year="2014" isbn="ISBN83763550019---11">
    <Authors>
      <Author>
        <Name>Fred</Name>
        <Email>fweasley@hogwarts.co.uk</Email>
      </Author>
      <Author>
        <Name>George</Name>
        <Email>gweasley@hogwarts.co.uk</Email>
      </Author>
    </Authors>
    <name>Book1</name>
  </book>
  <book year="2014" isbn="ISBN83763550019---11">
    <Authors>
      <Author>
        <Name>Fred</Name>
        <Email>fweasley@hogwarts.co.uk</Email>
      </Author>
      <Author>
        <Name>George</Name>
        <Email>gweasley@hogwarts.co.uk</Email>
      </Author>
    </Authors>
    <name>Book2</name>
  </book>
  <book year="2014" isbn="ISBN83763550019---11">
    <Authors>
      <Author>
        <Name>Fred</Name>
        <Email>fweasley@hogwarts.co.uk</Email>
      </Author>
      <Author>
        <Name>George</Name>
        <Email>gweasley@hogwarts.co.uk</Email>
      </Author>
    </Authors>
    <name>Book1</name>
  </book>
  <book year="2014" isbn="ISBN83763550019---11">
    <Authors>
      <Author>
        <Name>Fred</Name>
        <Email>fweasley@hogwarts.co.uk</Email>
      </Author>
      <Author>
        <Name>George</Name>
        <Email>gweasley@hogwarts.co.uk</Email>
      </Author>
    </Authors>
    <name>Book2</name>
  </book>
  <book year="2014" isbn="ISBN83763550019---11">
    <Authors>
      <Author>
        <Name>Fred</Name>
        <Email>fweasley@hogwarts.co.uk</Email>
      </Author>
      <Author>
        <Name>George</Name>
        <Email>gweasley@hogwarts.co.uk</Email>
      </Author>
    </Authors>
    <name>Book1</name>
  </book>
  <book year="2014" isbn="ISBN83763550019---11">
    <Authors>
      <Author>
        <Name>Fred</Name>
        <Email>fweasley@hogwarts.co.uk</Email>
      </Author>
      <Author>
        <Name>George</Name>
        <Email>gweasley@hogwarts.co.uk</Email>
      </Author>
    </Authors>
    <name>Book2</name>
  </book>
  <book year="2014" isbn="ISBN83763550019---11">
    <Authors>
      <Author>
        <Name>Fred</Name>
        <Email>fweasley@hogwarts.co.uk</Email>
      </Author>
      <Author>
        <Name>George</Name>
        <Email>gweasley@hogwarts.co.uk</Email>
      </Author>
    </Authors>
    <name>Book1</name>
  </book>
  <book year="2014" isbn="ISBN83763550019---11">
    <Authors>
      <Author>
        <Name>Fred</Name>
        <Email>fweasley@hogwarts.co.uk</Email>
      </Author>
      <Author>
        <Name>George</Name>
        <Email>gweasley@hogwarts.co.uk</Email>
      </Author>
    </Authors>
    <name>Book2</name>
  </book>
  <book year="2014" isbn="ISBN83763550019---11">
    <Authors>
      <Author>
        <Name>Fred</Name>
        <Email>fweasley@hogwarts.co.uk</Email>
      </Author>
      <Author>
        <Name>George</Name>
        <Email>gweasley@hogwarts.co.uk</Email>
      </Author>
    </Authors>
    <name>Book1</name>
  </book>
  <book year="2014" isbn="ISBN83763550019---11">
    <Authors>
      <Author>
        <Name>Fred</Name>
        <Email>fweasley@hogwarts.co.uk</Email>
      </Author>
      <Author>
        <Name>George</Name>
        <Email>gweasley@hogwarts.co.uk</Email>
      </Author>
    </Authors>
    <name>Book2</name>
  </book>
  <book year="2014" isbn="ISBN83763550019---11">
    <Authors>
      <Author>
        <Name>Fred</Name>
        <Email>fweasley@hogwarts.co.uk</Email>
      </Author>
      <Author>
        <Name>George</Name>
        <Email>gweasley@hogwarts.co.uk</Email>
      </Author>
    </Authors>
    <name>Book1</name>
  </book>
  <book year="2014" isbn="ISBN83763550019---11">
    <Authors>
      <Author>
        <Name>Fred</Name>
        <Email>fweasley@hogwarts.co.uk</Email>
      </Author>
      <Author>
        <Name>George</Name>
        <Email>gweasley@hogwarts.co.uk</Email>
      </Author>
    </Authors>
    <name>Book2</name>
  </book>
  <book year="2014" isbn="ISBN83763550019---11">
    <Authors>
      <Author>
        <Name>Fred</Name>
        <Email>fweasley@hogwarts.co.uk</Email>
      </Author>
      <Author>
        <Name>George</Name>
        <Email>gweasley@hogwarts.co.uk</Email>
      </Author>
    </Authors>
    <name>Book1</name>
  </book>
  <book year="2014" isbn="ISBN83763550019---11">
    <Authors>
      <Author>
        <Name>Fred</Name>
        <Email>fweasley@hogwarts.co.uk</Email>
      </Author>
      <Author>
        <Name>George</Name>
        <Email>gweasley@hogwarts.co.uk</Email>
      </Author>
    </Authors>
    <name>Book2</name>
  </book>
  <book year="2014" isbn="ISBN83763550019---11">
    <Authors>
      <Author>
        <Name>Fred</Name>
        <Email>fweasley@hogwarts.co.uk</Email>
      </Author>
      <Author>
        <Name>George</Name>
        <Email>gweasley@hogwarts.co.uk</Email>
      </Author>
    </Authors>
    <name>Book1</name>
  </book>
  <book year="2014" isbn="ISBN83763550019---11">
    <Authors>
      <Author>
        <Name>Fred</Name>
        <Email>fweasley@hogwarts.co.uk</Email>
      </Author>
      <Author>
        <Name>George</Name>
        <Email>gweasley@hogwarts.co.uk</Email>
      </Author>
    </Authors>
    <name>Book2</name>
  </book>
  <book year="2014" isbn="ISBN83763550019---11">
    <Authors>
      <Author>
        <Name>Fred</Name>
        <Email>fweasley@hogwarts.co.uk</Email>
      </Author>
      <Author>
        <Name>George</Name>
        <Email>gweasley@hogwarts.co.uk</Email>
      </Author>
    </Authors>
    <name>Book1</name>
  </book>
  <book year="2014" isbn="ISBN83763550019---11">
    <Authors>
      <Author>
        <Name>Fred</Name>
        <Email>fweasley@hogwarts.co.uk</Email>
      </Author>
      <Author>
        <Name>George</Name>
        <Email>gweasley@hogwarts.co.uk</Email>
      </Author>
    </Authors>
    <name>Book2</name>
  </book>
  <book year="2014" isbn="ISBN83763550019---11">
    <Authors>
      <Author>
        <Name>Fred</Name>
        <Email>fweasley@hogwarts.co.uk</Email>
      </Author>
      <Author>
        <Name>George</Name>
        <Email>gweasley@hogwarts.co.uk</Email>
      </Author>
    </Authors>
    <name>Book1</name>
  </book>
  <book year="2014" isbn="ISBN83763550019---11">
    <Authors>
      <Author>
        <Name>Fred</Name>
        <Email>fweasley@hogwarts.co.uk</Email>
      </Author>
      <Author>
        <Name>George</Name>
        <Email>gweasley@hogwarts.co.uk</Email>
      </Author>
    </Authors>
    <name>Book2</name>
  </book>
  <book year="2014" isbn="ISBN83763550019---11">
    <Authors>
      <Author>
        <Name>Fred</Name>
        <Email>fweasley@hogwarts.co.uk</Email>
      </Author>
      <Author>
        <Name>George</Name>
        <Email>gweasley@hogwarts.co.uk</Email>
      </Author>
    </Authors>
    <name>Book1</name>
  </book>
  <book year="2014" isbn="ISBN83763550019---11">
    <Authors>
      <Author>
        <Name>Fred</Name>
        <Email>fweasley@hogwarts.co.uk</Email>
      </Author>
      <Author>
        <Name>George</Name>
        <Email>gweasley@hogwarts.co.uk</Email>
      </Author>
    </Authors>
    <name>Book2</name>
  </book>
  <book year="2014" isbn="ISBN83763550019---11">
    <Authors>
      <Author>
        <Name>Fred</Name>
        <Email>fweasley@hogwarts.co.uk</Email>
      </Author>
      <Author>
        <Name>George</Name>
        <Email>gweasley@hogwarts.co.uk</Email>
      </Author>
    </Authors>
    <name>Book1</name>
  </book>
  <book year="2014" isbn="ISBN83763550019---11">
    <Authors>
      <Author>
        <Name>Fred</Name>
        <Email>fweasley@hogwarts.co.uk</Email>
      </Author>
      <Author>
        <Name>George</Name>
        <Email>gweasley@hogwarts.co.uk</Email>
      </Author>
    </Authors>
    <name>Book2</name>
  </book>
  <book year="2014" isbn="ISBN83763550019---11">
    <Authors>
      <Author>
        <Name>Fred</Name>
        <Email>fweasley@hogwarts.co.uk</Email>
      </Author>
      <Author>
        <Name>George</Name>
        <Email>gweasley@hogwarts.co.uk</Email>
      </Author>
    </Authors>
    <name>Book1</name>
  </book>
  <book year="2014" isbn="ISBN83763550019---11">
    <Authors>
      <Author>
        <Name>Fred</Name>
        <Email>fweasley@hogwarts.co.uk</Email>
      </Author>
      <Author>
        <Name>George</Name>
        <Email>gweasley@hogwarts.co.uk</Email>
      </Author>
    </Authors>
    <name>Book2</name>
  </book>
  <book year="2014" isbn="ISBN83763550019---11">
    <Authors>
      <Author>
        <Name>Fred</Name>
        <Email>fweasley@hogwarts.co.uk</Email>
      </Author>
      <Author>
        <Name>George</Name>
        <Email>gweasley@hogwarts.co.uk</Email>
      </Author>
    </Authors>
    <name>Book1</name>
  </book>
  <book year="2014" isbn="ISBN83763550019---11">
    <Authors>
      <Author>
        <Name>Fred</Name>
        <Email>fweasley@hogwarts.co.uk</Email>
      </Author>
      <Author>
        <Name>George</Name>
        <Email>gweasley@hogwarts.co.uk</Email>
      </Author>
    </Authors>
    <name>Book2</name>
  </book>
  <book year="2014" isbn="ISBN83763550019---11">
    <Authors>
      <Author>
        <Name>Fred</Name>
        <Email>fweasley@hogwarts.co.uk</Email>
      </Author>
      <Author>
        <Name>George</Name>
        <Email>gweasley@hogwarts.co.uk</Email>
      </Author>
    </Authors>
    <name>Book1</name>
  </book>
  <book year="2014" isbn="ISBN83763550019---11">
    <Authors>
      <Author>
        <Name>Fred</Name>
        <Email>fweasley@hogwarts.co.uk</Email>
      </Author>
      <Author>
        <Name>George</Name>
        <Email>gweasley@hogwarts.co.uk</Email>
      </Author>
    </Authors>
    <name>Book2</name>
  </book>
  <book year="2014" isbn="ISBN83763550019---11">
    <Authors>
      <Author>
        <Name>Fred</Name>
        <Email>fweasley@hogwarts.co.uk</Email>
      </Author>
      <Author>
        <Name>George</Name>
        <Email>gweasley@hogwarts.co.uk</Email>
      </Author>
    </Authors>
    <name>Book1</name>
  </book>
  <book year="2014" isbn="ISBN83763550019---11">
    <Authors>
      <Author>
        <Name>Fred</Name>
        <Email>fweasley@hogwarts.co.uk</Email>
      </Author>
      <Author>
        <Name>George</Name>
        <Email>gweasley@hogwarts.co.uk</Email>
      </Author>
    </Authors>
    <name>Book2</name>
  </book>
  <book year="2014" isbn="ISBN83763550019---11">
    <Authors>
      <Author>
        <Name>Fred</Name>
        <Email>fweasley@hogwarts.co.uk</Email>
      </Author>
      <Author>
        <Name>George</Name>
        <Email>gweasley@hogwarts.co.uk</Email>
      </Author>
    </Authors>
    <name>Book1</name>
  </book>
  <book year="2014" isbn="ISBN83763550019---11">
    <Authors>
      <Author>
        <Name>Fred</Name>
        <Email>fweasley@hogwarts.co.uk</Email>
      </Author>
      <Author>
        <Name>George</Name>
        <Email>gweasley@hogwarts.co.uk</Email>
      </Author>
    </Authors>
    <name>Book2</name>
  </book>
  <book year="2014" isbn="ISBN83763550019---11">
    <Authors>
      <Author>
        <Name>Fred</Name>
        <Email>fweasley@hogwarts.co.uk</Email>
      </Author>
      <Author>
        <Name>George</Name>
        <Email>gweasley@hogwarts.co.uk</Email>
      </Author>
    </Authors>
    <name>Book1</name>
  </book>
  <book year="2014" isbn="ISBN83763550019---11">
    <Authors>
      <Author>
        <Name>Fred</Name>
        <Email>fweasley@hogwarts.co.uk</Email>
      </Author>
      <Author>
        <Name>George</Name>
        <Email>gweasley@hogwarts.co.uk</Email>
      </Author>
    </Authors>
    <name>Book2</name>
  </book>
  <book year="2014" isbn="ISBN83763550019---11">
    <Authors>
      <Author>
        <Name>Fred</Name>
        <Email>fweasley@hogwarts.co.uk</Email>
      </Author>
      <Author>
        <Name>George</Name>
        <Email>gweasley@hogwarts.co.uk</Email>
      </Author>
    </Authors>
    <name>Book1</name>
  </book>
  <book year="2014" isbn="ISBN83763550019---11">
    <Authors>
      <Author>
        <Name>Fred</Name>
        <Email>fweasley@hogwarts.co.uk</Email>
      </Author>
      <Author>
        <Name>George</Name>
        <Email>gweasley@hogwarts.co.uk</Email>
      </Author>
    </Authors>
    <name>Book2</name>
  </book>
  <book year="2014" isbn="ISBN83763550019---11">
    <Authors>
      <Author>
        <Name>Fred</Name>
        <Email>fweasley@hogwarts.co.uk</Email>
      </Author>
      <Author>
        <Name>George</Name>
        <Email>gweasley@hogwarts.co.uk</Email>
      </Author>
    </Authors>
    <name>Book1</name>
  </book>
  <book year="2014" isbn="ISBN83763550019---11">
    <Authors>
      <Author>
        <Name>Fred</Name>
        <Email>fweasley@hogwarts.co.uk</Email>
      </Author>
      <Author>
        <Name>George</Name>
        <Email>gweasley@hogwarts.co.uk</Email>
      </Author>
    </Authors>
    <name>Book2</name>
  </book>
  <book year="2014" isbn="ISBN83763550019---11">
    <Authors>
      <Author>
        <Name>Fred</Name>
        <Email>fweasley@hogwarts.co.uk</Email>
      </Author>
      <Author>
        <Name>George</Name>
        <Email>gweasley@hogwarts.co.uk</Email>
      </Author>
    </Authors>
    <name>Book1</name>
  </book>
  <book year="2014" isbn="ISBN83763550019---11">
    <Authors>
      <Author>
        <Name>Fred</Name>
        <Email>fweasley@hogwarts.co.uk</Email>
      </Author>
      <Author>
        <Name>George</Name>
        <Email>gweasley@hogwarts.co.uk</Email>
      </Author>
    </Authors>
    <name>Book2</name>
  </book>
  <book year="2014" isbn="ISBN83763550019---11">
    <Authors>
      <Author>
        <Name>Fred</Name>
        <Email>fweasley@hogwarts.co.uk</Email>
      </Author>
      <Author>
        <Name>George</Name>
        <Email>gweasley@hogwarts.co.uk</Email>
      </Author>
    </Authors>
    <name>Book1</name>
  </book>
  <book year="2014" isbn="ISBN83763550019---11">
    <Authors>
      <Author>
        <Name>Fred</Name>
        <Email>fweasley@hogwarts.co.uk</Email>
      </Author>
      <Author>
        <Name>George</Name>
        <Email>gweasley@hogwarts.co.uk</Email>
      </Author>
    </Authors>
    <name>Book2</name>
  </book>
  <book year="2014" isbn="ISBN83763550019---11">
    <Authors>
      <Author>
        <Name>Fred</Name>
        <Email>fweasley@hogwarts.co.uk</Email>
      </Author>
      <Author>
        <Name>George</Name>
        <Email>gweasley@hogwarts.co.uk</Email>
      </Author>
    </Authors>
    <name>Book1</name>
  </book>
  <book year="2014" isbn="ISBN83763550019---11">
    <Authors>
      <Author>
        <Name>Fred</Name>
        <Email>fweasley@hogwarts.co.uk</Email>
      </Author>
      <Author>
        <Name>George</Name>
        <Email>gweasley@hogwarts.co.uk</Email>
      </Author>
    </Authors>
    <name>Book2</name>
  </book>
  <book year="2014" isbn="ISBN83763550019---11">
    <Authors>
      <Author>
        <Name>Fred</Name>
        <Email>fweasley@hogwarts.co.uk</Email>
      </Author>
      <Author>
        <Name>George</Name>
        <Email>gweasley@hogwarts.co.uk</Email>
      </Author>
    </Authors>
    <name>Book1</name>
  </book>
  <book year="2014" isbn="ISBN83763550019---11">
    <Authors>
      <Author>
        <Name>Fred</Name>
        <Email>fweasley@hogwarts.co.uk</Email>
      </Author>
      <Author>
        <Name>George</Name>
        <Email>gweasley@hogwarts.co.uk</Email>
      </Author>
    </Authors>
    <name>Book2</name>
  </book>
  <book year="2014" isbn="ISBN83763550019---11">
    <Authors>
      <Author>
        <Name>Fred</Name>
        <Email>fweasley@hogwarts.co.uk</Email>
      </Author>
      <Author>
        <Name>George</Name>
        <Email>gweasley@hogwarts.co.uk</Email>
      </Author>
    </Authors>
    <name>Book1</name>
  </book>
  <book year="2014" isbn="ISBN83763550019---11">
    <Authors>
      <Author>
        <Name>Fred</Name>
        <Email>fweasley@hogwarts.co.uk</Email>
      </Author>
      <Author>
        <Name>George</Name>
        <Email>gweasley@hogwarts.co.uk</Email>
      </Author>
    </Authors>
    <name>Book2</name>
  </book>
  <book year="2014" isbn="ISBN83763550019---11">
    <Authors>
      <Author>
        <Name>Fred</Name>
        <Email>fweasley@hogwarts.co.uk</Email>
      </Author>
      <Author>
        <Name>George</Name>
        <Email>gweasley@hogwarts.co.uk</Email>
      </Author>
    </Authors>
    <name>Book1</name>
  </book>
  <book year="2014" isbn="ISBN83763550019---11">
    <Authors>
      <Author>
        <Name>Fred</Name>
        <Email>fweasley@hogwarts.co.uk</Email>
      </Author>
      <Author>
        <Name>George</Name>
        <Email>gweasley@hogwarts.co.uk</Email>
      </Author>
    </Authors>
    <name>Book2</name>
  </book>
  <book year="2014" isbn="ISBN83763550019---11">
    <Authors>
      <Author>
        <Name>Fred</Name>
        <Email>fweasley@hogwarts.co.uk</Email>
      </Author>
      <Author>
        <Name>George</Name>
        <Email>gweasley@hogwarts.co.uk</Email>
      </Author>
    </Authors>
    <name>Book1</name>
  </book>
  <book year="2014" isbn="ISBN83763550019---11">
    <Authors>
      <Author>
        <Name>Fred</Name>
        <Email>fweasley@hogwarts.co.uk</Email>
      </Author>
      <Author>
        <Name>George</Name>
        <Email>gweasley@hogwarts.co.uk</Email>
      </Author>
    </Authors>
    <name>Book2</name>
  </book>
  <book year="2014" isbn="ISBN83763550019---11">
    <Authors>
      <Author>
        <Name>Fred</Name>
        <Email>fweasley@hogwarts.co.uk</Email>
      </Author>
      <Author>
        <Name>George</Name>
        <Email>gweasley@hogwarts.co.uk</Email>
      </Author>
    </Authors>
    <name>Book1</name>
  </book>
  <book year="2014" isbn="ISBN83763550019---11">
    <Authors>
      <Author>
        <Name>Fred</Name>
        <Email>fweasley@hogwarts.co.uk</Email>
      </Author>
      <Author>
        <Name>George</Name>
        <Email>gweasley@hogwarts.co.uk</Email>
      </Author>
    </Authors>
    <name>Book2</name>
  </book>
  <book year="2014" isbn="ISBN83763550019---11">
    <Authors>
      <Author>
        <Name>Fred</Name>
        <Email>fweasley@hogwarts.co.uk</Email>
      </Author>
      <Author>
        <Name>George</Name>
        <Email>gweasley@hogwarts.co.uk</Email>
      </Author>
    </Authors>
    <name>Book1</name>
  </book>
  <book year="2014" isbn="ISBN83763550019---11">
    <Authors>
      <Author>
        <Name>Fred</Name>
        <Email>fweasley@hogwarts.co.uk</Email>
      </Author>
      <Author>
        <Name>George</Name>
        <Email>gweasley@hogwarts.co.uk</Email>
      </Author>
    </Authors>
    <name>Book2</name>
  </book>
  <book year="2014" isbn="ISBN83763550019---11">
    <Authors>
      <Author>
        <Name>Fred</Name>
        <Email>fweasley@hogwarts.co.uk</Email>
      </Author>
      <Author>
        <Name>George</Name>
        <Email>gweasley@hogwarts.co.uk</Email>
      </Author>
    </Authors>
    <name>Book1</name>
  </book>
  <book year="2014" isbn="ISBN83763550019---11">
    <Authors>
      <Author>
        <Name>Fred</Name>
        <Email>fweasley@hogwarts.co.uk</Email>
      </Author>
      <Author>
        <Name>George</Name>
        <Email>gweasley@hogwarts.co.uk</Email>
      </Author>
    </Authors>
    <name>Book2</name>
  </book>
  <book year="2014" isbn="ISBN83763550019---11">
    <Authors>
      <Author>
        <Name>Fred</Name>
        <Email>fweasley@hogwarts.co.uk</Email>
      </Author>
      <Author>
        <Name>George</Name>
        <Email>gweasley@hogwarts.co.uk</Email>
      </Author>
    </Authors>
    <name>Book1</name>
  </book>
  <book year="2014" isbn="ISBN83763550019---11">
    <Authors>
      <Author>
        <Name>Fred</Name>
        <Email>fweasley@hogwarts.co.uk</Email>
      </Author>
      <Author>
        <Name>George</Name>
        <Email>gweasley@hogwarts.co.uk</Email>
      </Author>
    </Authors>
    <name>Book2</name>
  </book>
  <book year="2014" isbn="ISBN83763550019---11">
    <Authors>
      <Author>
        <Name>Fred</Name>
        <Email>fweasley@hogwarts.co.uk</Email>
      </Author>
      <Author>
        <Name>George</Name>
        <Email>gweasley@hogwarts.co.uk</Email>
      </Author>
    </Authors>
    <name>Book1</name>
  </book>
  <book year="2014" isbn="ISBN83763550019---11">
    <Authors>
      <Author>
        <Name>Fred</Name>
        <Email>fweasley@hogwarts.co.uk</Email>
      </Author>
      <Author>
        <Name>George</Name>
        <Email>gweasley@hogwarts.co.uk</Email>
      </Author>
    </Authors>
    <name>Book2</name>
  </book>
  <book year="2014" isbn="ISBN83763550019---11">
    <Authors>
      <Author>
        <Name>Fred</Name>
        <Email>fweasley@hogwarts.co.uk</Email>
      </Author>
      <Author>
        <Name>George</Name>
        <Email>gweasley@hogwarts.co.uk</Email>
      </Author>
    </Authors>
    <name>Book1</name>
  </book>
  <book year="2014" isbn="ISBN83763550019---11">
    <Authors>
      <Author>
        <Name>Fred</Name>
        <Email>fweasley@hogwarts.co.uk</Email>
      </Author>
      <Author>
        <Name>George</Name>
        <Email>gweasley@hogwarts.co.uk</Email>
      </Author>
    </Authors>
    <name>Book2</name>
  </book>
  <book year="2014" isbn="ISBN83763550019---11">
    <Authors>
      <Author>
        <Name>Fred</Name>
        <Email>fweasley@hogwarts.co.uk</Email>
      </Author>
      <Author>
        <Name>George</Name>
        <Email>gweasley@hogwarts.co.uk</Email>
      </Author>
    </Authors>
    <name>Book1</name>
  </book>
  <book year="2014" isbn="ISBN83763550019---11">
    <Authors>
      <Author>
        <Name>Fred</Name>
        <Email>fweasley@hogwarts.co.uk</Email>
      </Author>
      <Author>
        <Name>George</Name>
        <Email>gweasley@hogwarts.co.uk</Email>
      </Author>
    </Authors>
    <name>Book2</name>
  </book>
  <book year="2014" isbn="ISBN83763550019---11">
    <Authors>
      <Author>
        <Name>Fred</Name>
        <Email>fweasley@hogwarts.co.uk</Email>
      </Author>
      <Author>
        <Name>George</Name>
        <Email>gweasley@hogwarts.co.uk</Email>
      </Author>
    </Authors>
    <name>Book1</name>
  </book>
  <book year="2014" isbn="ISBN83763550019---11">
    <Authors>
      <Author>
        <Name>Fred</Name>
        <Email>fweasley@hogwarts.co.uk</Email>
      </Author>
      <Author>
        <Name>George</Name>
        <Email>gweasley@hogwarts.co.uk</Email>
      </Author>
    </Authors>
    <name>Book2</name>
  </book>
  <book year="2014" isbn="ISBN83763550019---11">
    <Authors>
      <Author>
        <Name>Fred</Name>
        <Email>fweasley@hogwarts.co.uk</Email>
      </Author>
      <Author>
        <Name>George</Name>
        <Email>gweasley@hogwarts.co.uk</Email>
      </Author>
    </Authors>
    <name>Book1</name>
  </book>
  <book year="2014" isbn="ISBN83763550019---11">
    <Authors>
      <Author>
        <Name>Fred</Name>
        <Email>fweasley@hogwarts.co.uk</Email>
      </Author>
      <Author>
        <Name>George</Name>
        <Email>gweasley@hogwarts.co.uk</Email>
      </Author>
    </Authors>
    <name>Book2</name>
  </book>
  <book year="2014" isbn="ISBN83763550019---11">
    <Authors>
      <Author>
        <Name>Fred</Name>
        <Email>fweasley@hogwarts.co.uk</Email>
      </Author>
      <Author>
        <Name>George</Name>
        <Email>gweasley@hogwarts.co.uk</Email>
      </Author>
    </Authors>
    <name>Book1</name>
  </book>
  <book year="2014" isbn="ISBN83763550019---11">
    <Authors>
      <Author>
        <Name>Fred</Name>
        <Email>fweasley@hogwarts.co.uk</Email>
      </Author>
      <Author>
        <Name>George</Name>
        <Email>gweasley@hogwarts.co.uk</Email>
      </Author>
    </Authors>
    <name>Book2</name>
  </book>
  <book year="2014" isbn="ISBN83763550019---11">
    <Authors>
      <Author>
        <Name>Fred</Name>
        <Email>fweasley@hogwarts.co.uk</Email>
      </Author>
      <Author>
        <Name>George</Name>
        <Email>gweasley@hogwarts.co.uk</Email>
      </Author>
    </Authors>
    <name>Book1</name>
  </book>
  <book year="2014" isbn="ISBN83763550019---11">
    <Authors>
      <Author>
        <Name>Fred</Name>
        <Email>fweasley@hogwarts.co.uk</Email>
      </Author>
      <Author>
        <Name>George</Name>
        <Email>gweasley@hogwarts.co.uk</Email>
      </Author>
    </Authors>
    <name>Book2</name>
  </book>
  <book year="2014" isbn="ISBN83763550019---11">
    <Authors>
      <Author>
        <Name>Fred</Name>
        <Email>fweasley@hogwarts.co.uk</Email>
      </Author>
      <Author>
        <Name>George</Name>
        <Email>gweasley@hogwarts.co.uk</Email>
      </Author>
    </Authors>
    <name>Book1</name>
  </book>
  <book year="2014" isbn="ISBN83763550019---11">
    <Authors>
      <Author>
        <Name>Fred</Name>
        <Email>fweasley@hogwarts.co.uk</Email>
      </Author>
      <Author>
        <Name>George</Name>
        <Email>gweasley@hogwarts.co.uk</Email>
      </Author>
    </Authors>
    <name>Book2</name>
  </book>
  <book year="2014" isbn="ISBN83763550019---11">
    <Authors>
      <Author>
        <Name>Fred</Name>
        <Email>fweasley@hogwarts.co.uk</Email>
      </Author>
      <Author>
        <Name>George</Name>
        <Email>gweasley@hogwarts.co.uk</Email>
      </Author>
    </Authors>
    <name>Book1</name>
  </book>
  <book year="2014" isbn="ISBN83763550019---11">
    <Authors>
      <Author>
        <Name>Fred</Name>
        <Email>fweasley@hogwarts.co.uk</Email>
      </Author>
      <Author>
        <Name>George</Name>
        <Email>gweasley@hogwarts.co.uk</Email>
      </Author>
    </Authors>
    <name>Book2</name>
  </book>
  <book year="2014" isbn="ISBN83763550019---11">
    <Authors>
      <Author>
        <Name>Fred</Name>
        <Email>fweasley@hogwarts.co.uk</Email>
      </Author>
      <Author>
        <Name>George</Name>
        <Email>gweasley@hogwarts.co.uk</Email>
      </Author>
    </Authors>
    <name>Book1</name>
  </book>
  <book year="2014" isbn="ISBN83763550019---11">
    <Authors>
      <Author>
        <Name>Fred</Name>
        <Email>fweasley@hogwarts.co.uk</Email>
      </Author>
      <Author>
        <Name>George</Name>
        <Email>gweasley@hogwarts.co.uk</Email>
      </Author>
    </Authors>
    <name>Book2</name>
  </book>
  <book year="2014" isbn="ISBN83763550019---11">
    <Authors>
      <Author>
        <Name>Fred</Name>
        <Email>fweasley@hogwarts.co.uk</Email>
      </Author>
      <Author>
        <Name>George</Name>
        <Email>gweasley@hogwarts.co.uk</Email>
      </Author>
    </Authors>
    <name>Book1</name>
  </book>
  <book year="2014" isbn="ISBN83763550019---11">
    <Authors>
      <Author>
        <Name>Fred</Name>
        <Email>fweasley@hogwarts.co.uk</Email>
      </Author>
      <Author>
        <Name>George</Name>
        <Email>gweasley@hogwarts.co.uk</Email>
      </Author>
    </Authors>
    <name>Book2</name>
  </book>
  <book year="2014" isbn="ISBN83763550019---11">
    <Authors>
      <Author>
        <Name>Fred</Name>
        <Email>fweasley@hogwarts.co.uk</Email>
      </Author>
      <Author>
        <Name>George</Name>
        <Email>gweasley@hogwarts.co.uk</Email>
      </Author>
    </Authors>
    <name>Book1</name>
  </book>
  <book year="2014" isbn="ISBN83763550019---11">
    <Authors>
      <Author>
        <Name>Fred</Name>
        <Email>fweasley@hogwarts.co.uk</Email>
      </Author>
      <Author>
        <Name>George</Name>
        <Email>gweasley@hogwarts.co.uk</Email>
      </Author>
    </Authors>
    <name>Book2</name>
  </book>
  <book year="2014" isbn="ISBN83763550019---11">
    <Authors>
      <Author>
        <Name>Fred</Name>
        <Email>fweasley@hogwarts.co.uk</Email>
      </Author>
      <Author>
        <Name>George</Name>
        <Email>gweasley@hogwarts.co.uk</Email>
      </Author>
    </Authors>
    <name>Book1</name>
  </book>
  <book year="2014" isbn="ISBN83763550019---11">
    <Authors>
      <Author>
        <Name>Fred</Name>
        <Email>fweasley@hogwarts.co.uk</Email>
      </Author>
      <Author>
        <Name>George</Name>
        <Email>gweasley@hogwarts.co.uk</Email>
      </Author>
    </Authors>
    <name>Book2</name>
  </book>
  <book year="2014" isbn="ISBN83763550019---11">
    <Authors>
      <Author>
        <Name>Fred</Name>
        <Email>fweasley@hogwarts.co.uk</Email>
      </Author>
      <Author>
        <Name>George</Name>
        <Email>gweasley@hogwarts.co.uk</Email>
      </Author>
    </Authors>
    <name>Book1</name>
  </book>
  <book year="2014" isbn="ISBN83763550019---11">
    <Authors>
      <Author>
        <Name>Fred</Name>
        <Email>fweasley@hogwarts.co.uk</Email>
      </Author>
      <Author>
        <Name>George</Name>
        <Email>gweasley@hogwarts.co.uk</Email>
      </Author>
    </Authors>
    <name>Book2</name>
  </book>
  <book year="2014" isbn="ISBN83763550019---11">
    <Authors>
      <Author>
        <Name>Fred</Name>
        <Email>fweasley@hogwarts.co.uk</Email>
      </Author>
      <Author>
        <Name>George</Name>
        <Email>gweasley@hogwarts.co.uk</Email>
      </Author>
    </Authors>
    <name>Book1</name>
  </book>
  <book year="2014" isbn="ISBN83763550019---11">
    <Authors>
      <Author>
        <Name>Fred</Name>
        <Email>fweasley@hogwarts.co.uk</Email>
      </Author>
      <Author>
        <Name>George</Name>
        <Email>gweasley@hogwarts.co.uk</Email>
      </Author>
    </Authors>
    <name>Book2</name>
  </book>
  <book year="2014" isbn="ISBN83763550019---11">
    <Authors>
      <Author>
        <Name>Fred</Name>
        <Email>fweasley@hogwarts.co.uk</Email>
      </Author>
      <Author>
        <Name>George</Name>
        <Email>gweasley@hogwarts.co.uk</Email>
      </Author>
    </Authors>
    <name>Book1</name>
  </book>
  <book year="2014" isbn="ISBN83763550019---11">
    <Authors>
      <Author>
        <Name>Fred</Name>
        <Email>fweasley@hogwarts.co.uk</Email>
      </Author>
      <Author>
        <Name>George</Name>
        <Email>gweasley@hogwarts.co.uk</Email>
      </Author>
    </Authors>
    <name>Book2</name>
  </book>
  <book year="2014" isbn="ISBN83763550019---11">
    <Authors>
      <Author>
        <Name>Fred</Name>
        <Email>fweasley@hogwarts.co.uk</Email>
      </Author>
      <Author>
        <Name>George</Name>
        <Email>gweasley@hogwarts.co.uk</Email>
      </Author>
    </Authors>
    <name>Book1</name>
  </book>
  <book year="2014" isbn="ISBN83763550019---11">
    <Authors>
      <Author>
        <Name>Fred</Name>
        <Email>fweasley@hogwarts.co.uk</Email>
      </Author>
      <Author>
        <Name>George</Name>
        <Email>gweasley@hogwarts.co.uk</Email>
      </Author>
    </Authors>
    <name>Book2</name>
  </book>
  <book year="2014" isbn="ISBN83763550019---11">
    <Authors>
      <Author>
        <Name>Fred</Name>
        <Email>fweasley@hogwarts.co.uk</Email>
      </Author>
      <Author>
        <Name>George</Name>
        <Email>gweasley@hogwarts.co.uk</Email>
      </Author>
    </Authors>
    <name>Book1</name>
  </book>
  <book year="2014" isbn="ISBN83763550019---11">
    <Authors>
      <Author>
        <Name>Fred</Name>
        <Email>fweasley@hogwarts.co.uk</Email>
      </Author>
      <Author>
        <Name>George</Name>
        <Email>gweasley@hogwarts.co.uk</Email>
      </Author>
    </Authors>
    <name>Book2</name>
  </book>
  <book year="2014" isbn="ISBN83763550019---11">
    <Authors>
      <Author>
        <Name>Fred</Name>
        <Email>fweasley@hogwarts.co.uk</Email>
      </Author>
      <Author>
        <Name>George</Name>
        <Email>gweasley@hogwarts.co.uk</Email>
      </Author>
    </Authors>
    <name>Book1</name>
  </book>
  <book year="2014" isbn="ISBN83763550019---11">
    <Authors>
      <Author>
        <Name>Fred</Name>
        <Email>fweasley@hogwarts.co.uk</Email>
      </Author>
      <Author>
        <Name>George</Name>
        <Email>gweasley@hogwarts.co.uk</Email>
      </Author>
    </Authors>
    <name>Book2</name>
  </book>
  <book year="2014" isbn="ISBN83763550019---11">
    <Authors>
      <Author>
        <Name>Fred</Name>
        <Email>fweasley@hogwarts.co.uk</Email>
      </Author>
      <Author>
        <Name>George</Name>
        <Email>gweasley@hogwarts.co.uk</Email>
      </Author>
    </Authors>
    <name>Book1</name>
  </book>
  <book year="2014" isbn="ISBN83763550019---11">
    <Authors>
      <Author>
        <Name>Fred</Name>
        <Email>fweasley@hogwarts.co.uk</Email>
      </Author>
      <Author>
        <Name>George</Name>
        <Email>gweasley@hogwarts.co.uk</Email>
      </Author>
    </Authors>
    <name>Book2</name>
  </book>
  <book year="2014" isbn="ISBN83763550019---11">
    <Authors>
      <Author>
        <Name>Fred</Name>
        <Email>fweasley@hogwarts.co.uk</Email>
      </Author>
      <Author>
        <Name>George</Name>
        <Email>gweasley@hogwarts.co.uk</Email>
      </Author>
    </Authors>
    <name>Book1</name>
  </book>
  <book year="2014" isbn="ISBN83763550019---11">
    <Authors>
      <Author>
        <Name>Fred</Name>
        <Email>fweasley@hogwarts.co.uk</Email>
      </Author>
      <Author>
        <Name>George</Name>
        <Email>gweasley@hogwarts.co.uk</Email>
      </Author>
    </Authors>
    <name>Book2</name>
  </book>
  <book year="2014" isbn="ISBN83763550019---11">
    <Authors>
      <Author>
        <Name>Fred</Name>
        <Email>fweasley@hogwarts.co.uk</Email>
      </Author>
      <Author>
        <Name>George</Name>
        <Email>gweasley@hogwarts.co.uk</Email>
      </Author>
    </Authors>
    <name>Book1</name>
  </book>
  <book year="2014" isbn="ISBN83763550019---11">
    <Authors>
      <Author>
        <Name>Fred</Name>
        <Email>fweasley@hogwarts.co.uk</Email>
      </Author>
      <Author>
        <Name>George</Name>
        <Email>gweasley@hogwarts.co.uk</Email>
      </Author>
    </Authors>
    <name>Book2</name>
  </book>
  <book year="2014" isbn="ISBN83763550019---11">
    <Authors>
      <Author>
        <Name>Fred</Name>
        <Email>fweasley@hogwarts.co.uk</Email>
      </Author>
      <Author>
        <Name>George</Name>
        <Email>gweasley@hogwarts.co.uk</Email>
      </Author>
    </Authors>
    <name>Book1</name>
  </book>
  <book year="2014" isbn="ISBN83763550019---11">
    <Authors>
      <Author>
        <Name>Fred</Name>
        <Email>fweasley@hogwarts.co.uk</Email>
      </Author>
      <Author>
        <Name>George</Name>
        <Email>gweasley@hogwarts.co.uk</Email>
      </Author>
    </Authors>
    <name>Book2</name>
  </book>
  <book year="2014" isbn="ISBN83763550019---11">
    <Authors>
      <Author>
        <Name>Fred</Name>
        <Email>fweasley@hogwarts.co.uk</Email>
      </Author>
      <Author>
        <Name>George</Name>
        <Email>gweasley@hogwarts.co.uk</Email>
      </Author>
    </Authors>
    <name>Book1</name>
  </book>
  <book year="2014" isbn="ISBN83763550019---11">
    <Authors>
      <Author>
        <Name>Fred</Name>
        <Email>fweasley@hogwarts.co.uk</Email>
      </Author>
      <Author>
        <Name>George</Name>
        <Email>gweasley@hogwarts.co.uk</Email>
      </Author>
    </Authors>
    <name>Book2</name>
  </book>
  <book year="2014" isbn="ISBN83763550019---11">
    <Authors>
      <Author>
        <Name>Fred</Name>
        <Email>fweasley@hogwarts.co.uk</Email>
      </Author>
      <Author>
        <Name>George</Name>
        <Email>gweasley@hogwarts.co.uk</Email>
      </Author>
    </Authors>
    <name>Book1</name>
  </book>
  <book year="2014" isbn="ISBN83763550019---11">
    <Authors>
      <Author>
        <Name>Fred</Name>
        <Email>fweasley@hogwarts.co.uk</Email>
      </Author>
      <Author>
        <Name>George</Name>
        <Email>gweasley@hogwarts.co.uk</Email>
      </Author>
    </Authors>
    <name>Book2</name>
  </book>
  <book year="2014" isbn="ISBN83763550019---11">
    <Authors>
      <Author>
        <Name>Fred</Name>
        <Email>fweasley@hogwarts.co.uk</Email>
      </Author>
      <Author>
        <Name>George</Name>
        <Email>gweasley@hogwarts.co.uk</Email>
      </Author>
    </Authors>
    <name>Book1</name>
  </book>
  <book year="2014" isbn="ISBN83763550019---11">
    <Authors>
      <Author>
        <Name>Fred</Name>
        <Email>fweasley@hogwarts.co.uk</Email>
      </Author>
      <Author>
        <Name>George</Name>
        <Email>gweasley@hogwarts.co.uk</Email>
      </Author>
    </Authors>
    <name>Book2</name>
  </book>
  <book year="2014" isbn="ISBN83763550019---11">
    <Authors>
      <Author>
        <Name>Fred</Name>
        <Email>fweasley@hogwarts.co.uk</Email>
      </Author>
      <Author>
        <Name>George</Name>
        <Email>gweasley@hogwarts.co.uk</Email>
      </Author>
    </Authors>
    <name>Book1</name>
  </book>
  <book year="2014" isbn="ISBN83763550019---11">
    <Authors>
      <Author>
        <Name>Fred</Name>
        <Email>fweasley@hogwarts.co.uk</Email>
      </Author>
      <Author>
        <Name>George</Name>
        <Email>gweasley@hogwarts.co.uk</Email>
      </Author>
    </Authors>
    <name>Book2</name>
  </book>
  <book year="2014" isbn="ISBN83763550019---11">
    <Authors>
      <Author>
        <Name>Fred</Name>
        <Email>fweasley@hogwarts.co.uk</Email>
      </Author>
      <Author>
        <Name>George</Name>
        <Email>gweasley@hogwarts.co.uk</Email>
      </Author>
    </Authors>
    <name>Book1</name>
  </book>
  <book year="2014" isbn="ISBN83763550019---11">
    <Authors>
      <Author>
        <Name>Fred</Name>
        <Email>fweasley@hogwarts.co.uk</Email>
      </Author>
      <Author>
        <Name>George</Name>
        <Email>gweasley@hogwarts.co.uk</Email>
      </Author>
    </Authors>
    <name>Book2</name>
  </book>
  <book year="2014" isbn="ISBN83763550019---11">
    <Authors>
      <Author>
        <Name>Fred</Name>
        <Email>fweasley@hogwarts.co.uk</Email>
      </Author>
      <Author>
        <Name>George</Name>
        <Email>gweasley@hogwarts.co.uk</Email>
      </Author>
    </Authors>
    <name>Book1</name>
  </book>
  <book year="2014" isbn="ISBN83763550019---11">
    <Authors>
      <Author>
        <Name>Fred</Name>
        <Email>fweasley@hogwarts.co.uk</Email>
      </Author>
      <Author>
        <Name>George</Name>
        <Email>gweasley@hogwarts.co.uk</Email>
      </Author>
    </Authors>
    <name>Book2</name>
  </book>
  <book year="2014" isbn="ISBN83763550019---11">
    <Authors>
      <Author>
        <Name>Fred</Name>
        <Email>fweasley@hogwarts.co.uk</Email>
      </Author>
      <Author>
        <Name>George</Name>
        <Email>gweasley@hogwarts.co.uk</Email>
      </Author>
    </Authors>
    <name>Book1</name>
  </book>
  <book year="2014" isbn="ISBN83763550019---11">
    <Authors>
      <Author>
        <Name>Fred</Name>
        <Email>fweasley@hogwarts.co.uk</Email>
      </Author>
      <Author>
        <Name>George</Name>
        <Email>gweasley@hogwarts.co.uk</Email>
      </Author>
    </Authors>
    <name>Book2</name>
  </book>
  <book year="2014" isbn="ISBN83763550019---11">
    <Authors>
      <Author>
        <Name>Fred</Name>
        <Email>fweasley@hogwarts.co.uk</Email>
      </Author>
      <Author>
        <Name>George</Name>
        <Email>gweasley@hogwarts.co.uk</Email>
      </Author>
    </Authors>
    <name>Book1</name>
  </book>
  <book year="2014" isbn="ISBN83763550019---11">
    <Authors>
      <Author>
        <Name>Fred</Name>
        <Email>fweasley@hogwarts.co.uk</Email>
      </Author>
      <Author>
        <Name>George</Name>
        <Email>gweasley@hogwarts.co.uk</Email>
      </Author>
    </Authors>
    <name>Book2</name>
  </book>
  <book year="2014" isbn="ISBN83763550019---11">
    <Authors>
      <Author>
        <Name>Fred</Name>
        <Email>fweasley@hogwarts.co.uk</Email>
      </Author>
      <Author>
        <Name>George</Name>
        <Email>gweasley@hogwarts.co.uk</Email>
      </Author>
    </Authors>
    <name>Book1</name>
  </book>
  <book year="2014" isbn="ISBN83763550019---11">
    <Authors>
      <Author>
        <Name>Fred</Name>
        <Email>fweasley@hogwarts.co.uk</Email>
      </Author>
      <Author>
        <Name>George</Name>
        <Email>gweasley@hogwarts.co.uk</Email>
      </Author>
    </Authors>
    <name>Book2</name>
  </book>
  <book year="2014" isbn="ISBN83763550019---11">
    <Authors>
      <Author>
        <Name>Fred</Name>
        <Email>fweasley@hogwarts.co.uk</Email>
      </Author>
      <Author>
        <Name>George</Name>
        <Email>gweasley@hogwarts.co.uk</Email>
      </Author>
    </Authors>
    <name>Book1</name>
  </book>
  <book year="2014" isbn="ISBN83763550019---11">
    <Authors>
      <Author>
        <Name>Fred</Name>
        <Email>fweasley@hogwarts.co.uk</Email>
      </Author>
      <Author>
        <Name>George</Name>
        <Email>gweasley@hogwarts.co.uk</Email>
      </Author>
    </Authors>
    <name>Book2</name>
  </book>
  <book year="2014" isbn="ISBN83763550019---11">
    <Authors>
      <Author>
        <Name>Fred</Name>
        <Email>fweasley@hogwarts.co.uk</Email>
      </Author>
      <Author>
        <Name>George</Name>
        <Email>gweasley@hogwarts.co.uk</Email>
      </Author>
    </Authors>
    <name>Book1</name>
  </book>
  <book year="2014" isbn="ISBN83763550019---11">
    <Authors>
      <Author>
        <Name>Fred</Name>
        <Email>fweasley@hogwarts.co.uk</Email>
      </Author>
      <Author>
        <Name>George</Name>
        <Email>gweasley@hogwarts.co.uk</Email>
      </Author>
    </Authors>
    <name>Book2</name>
  </book>
  <book year="2014" isbn="ISBN83763550019---11">
    <Authors>
      <Author>
        <Name>Fred</Name>
        <Email>fweasley@hogwarts.co.uk</Email>
      </Author>
      <Author>
        <Name>George</Name>
        <Email>gweasley@hogwarts.co.uk</Email>
      </Author>
    </Authors>
    <name>Book1</name>
  </book>
  <book year="2014" isbn="ISBN83763550019---11">
    <Authors>
      <Author>
        <Name>Fred</Name>
        <Email>fweasley@hogwarts.co.uk</Email>
      </Author>
      <Author>
        <Name>George</Name>
        <Email>gweasley@hogwarts.co.uk</Email>
      </Author>
    </Authors>
    <name>Book2</name>
  </book>
  <book year="2014" isbn="ISBN83763550019---11">
    <Authors>
      <Author>
        <Name>Fred</Name>
        <Email>fweasley@hogwarts.co.uk</Email>
      </Author>
      <Author>
        <Name>George</Name>
        <Email>gweasley@hogwarts.co.uk</Email>
      </Author>
    </Authors>
    <name>Book1</name>
  </book>
  <book year="2014" isbn="ISBN83763550019---11">
    <Authors>
      <Author>
        <Name>Fred</Name>
        <Email>fweasley@hogwarts.co.uk</Email>
      </Author>
      <Author>
        <Name>George</Name>
        <Email>gweasley@hogwarts.co.uk</Email>
      </Author>
    </Authors>
    <name>Book2</name>
  </book>
  <book year="2014" isbn="ISBN83763550019---11">
    <Authors>
      <Author>
        <Name>Fred</Name>
        <Email>fweasley@hogwarts.co.uk</Email>
      </Author>
      <Author>
        <Name>George</Name>
        <Email>gweasley@hogwarts.co.uk</Email>
      </Author>
    </Authors>
    <name>Book1</name>
  </book>
  <book year="2014" isbn="ISBN83763550019---11">
    <Authors>
      <Author>
        <Name>Fred</Name>
        <Email>fweasley@hogwarts.co.uk</Email>
      </Author>
      <Author>
        <Name>George</Name>
        <Email>gweasley@hogwarts.co.uk</Email>
      </Author>
    </Authors>
    <name>Book2</name>
  </book>
  <book year="2014" isbn="ISBN83763550019---11">
    <Authors>
      <Author>
        <Name>Fred</Name>
        <Email>fweasley@hogwarts.co.uk</Email>
      </Author>
      <Author>
        <Name>George</Name>
        <Email>gweasley@hogwarts.co.uk</Email>
      </Author>
    </Authors>
    <name>Book1</name>
  </book>
  <book year="2014" isbn="ISBN83763550019---11">
    <Authors>
      <Author>
        <Name>Fred</Name>
        <Email>fweasley@hogwarts.co.uk</Email>
      </Author>
      <Author>
        <Name>George</Name>
        <Email>gweasley@hogwarts.co.uk</Email>
      </Author>
    </Authors>
    <name>Book2</name>
  </book>
  <book year="2014" isbn="ISBN83763550019---11">
    <Authors>
      <Author>
        <Name>Fred</Name>
        <Email>fweasley@hogwarts.co.uk</Email>
      </Author>
      <Author>
        <Name>George</Name>
        <Email>gweasley@hogwarts.co.uk</Email>
      </Author>
    </Authors>
    <name>Book1</name>
  </book>
  <book year="2014" isbn="ISBN83763550019---11">
    <Authors>
      <Author>
        <Name>Fred</Name>
        <Email>fweasley@hogwarts.co.uk</Email>
      </Author>
      <Author>
        <Name>George</Name>
        <Email>gweasley@hogwarts.co.uk</Email>
      </Author>
    </Authors>
    <name>Book2</name>
  </book>
  <book year="2014" isbn="ISBN83763550019---11">
    <Authors>
      <Author>
        <Name>Fred</Name>
        <Email>fweasley@hogwarts.co.uk</Email>
      </Author>
      <Author>
        <Name>George</Name>
        <Email>gweasley@hogwarts.co.uk</Email>
      </Author>
    </Authors>
    <name>Book1</name>
  </book>
  <book year="2014" isbn="ISBN83763550019---11">
    <Authors>
      <Author>
        <Name>Fred</Name>
        <Email>fweasley@hogwarts.co.uk</Email>
      </Author>
      <Author>
        <Name>George</Name>
        <Email>gweasley@hogwarts.co.uk</Email>
      </Author>
    </Authors>
    <name>Book2</name>
  </book>
  <book year="2014" isbn="ISBN83763550019---11">
    <Authors>
      <Author>
        <Name>Fred</Name>
        <Email>fweasley@hogwarts.co.uk</Email>
      </Author>
      <Author>
        <Name>George</Name>
        <Email>gweasley@hogwarts.co.uk</Email>
      </Author>
    </Authors>
    <name>Book1</name>
  </book>
  <book year="2014" isbn="ISBN83763550019---11">
    <Authors>
      <Author>
        <Name>Fred</Name>
        <Email>fweasley@hogwarts.co.uk</Email>
      </Author>
      <Author>
        <Name>George</Name>
        <Email>gweasley@hogwarts.co.uk</Email>
      </Author>
    </Authors>
    <name>Book2</name>
  </book>
  <book year="2014" isbn="ISBN83763550019---11">
    <Authors>
      <Author>
        <Name>Fred</Name>
        <Email>fweasley@hogwarts.co.uk</Email>
      </Author>
      <Author>
        <Name>George</Name>
        <Email>gweasley@hogwarts.co.uk</Email>
      </Author>
    </Authors>
    <name>Book1</name>
  </book>
  <book year="2014" isbn="ISBN83763550019---11">
    <Authors>
      <Author>
        <Name>Fred</Name>
        <Email>fweasley@hogwarts.co.uk</Email>
      </Author>
      <Author>
        <Name>George</Name>
        <Email>gweasley@hogwarts.co.uk</Email>
      </Author>
    </Authors>
    <name>Book2</name>
  </book>
  <book year="2014" isbn="ISBN83763550019---11">
    <Authors>
      <Author>
        <Name>Fred</Name>
        <Email>fweasley@hogwarts.co.uk</Email>
      </Author>
      <Author>
        <Name>George</Name>
        <Email>gweasley@hogwarts.co.uk</Email>
      </Author>
    </Authors>
    <name>Book1</name>
  </book>
  <book year="2014" isbn="ISBN83763550019---11">
    <Authors>
      <Author>
        <Name>Fred</Name>
        <Email>fweasley@hogwarts.co.uk</Email>
      </Author>
      <Author>
        <Name>George</Name>
        <Email>gweasley@hogwarts.co.uk</Email>
      </Author>
    </Authors>
    <name>Book2</name>
  </book>
  <book year="2014" isbn="ISBN83763550019---11">
    <Authors>
      <Author>
        <Name>Fred</Name>
        <Email>fweasley@hogwarts.co.uk</Email>
      </Author>
      <Author>
        <Name>George</Name>
        <Email>gweasley@hogwarts.co.uk</Email>
      </Author>
    </Authors>
    <name>Book1</name>
  </book>
  <book year="2014" isbn="ISBN83763550019---11">
    <Authors>
      <Author>
        <Name>Fred</Name>
        <Email>fweasley@hogwarts.co.uk</Email>
      </Author>
      <Author>
        <Name>George</Name>
        <Email>gweasley@hogwarts.co.uk</Email>
      </Author>
    </Authors>
    <name>Book2</name>
  </book>
  <book year="2014" isbn="ISBN83763550019---11">
    <Authors>
      <Author>
        <Name>Fred</Name>
        <Email>fweasley@hogwarts.co.uk</Email>
      </Author>
      <Author>
        <Name>George</Name>
        <Email>gweasley@hogwarts.co.uk</Email>
      </Author>
    </Authors>
    <name>Book1</name>
  </book>
  <book year="2014" isbn="ISBN83763550019---11">
    <Authors>
      <Author>
        <Name>Fred</Name>
        <Email>fweasley@hogwarts.co.uk</Email>
      </Author>
      <Author>
        <Name>George</Name>
        <Email>gweasley@hogwarts.co.uk</Email>
      </Author>
    </Authors>
    <name>Book2</name>
  </book>
  <book year="2014" isbn="ISBN83763550019---11">
    <Authors>
      <Author>
        <Name>Fred</Name>
        <Email>fweasley@hogwarts.co.uk</Email>
      </Author>
      <Author>
        <Name>George</Name>
        <Email>gweasley@hogwarts.co.uk</Email>
      </Author>
    </Authors>
    <name>Book1</name>
  </book>
  <book year="2014" isbn="ISBN83763550019---11">
    <Authors>
      <Author>
        <Name>Fred</Name>
        <Email>fweasley@hogwarts.co.uk</Email>
      </Author>
      <Author>
        <Name>George</Name>
        <Email>gweasley@hogwarts.co.uk</Email>
      </Author>
    </Authors>
    <name>Book2</name>
  </book>
  <book year="2014" isbn="ISBN83763550019---11">
    <Authors>
      <Author>
        <Name>Fred</Name>
        <Email>fweasley@hogwarts.co.uk</Email>
      </Author>
      <Author>
        <Name>George</Name>
        <Email>gweasley@hogwarts.co.uk</Email>
      </Author>
    </Authors>
    <name>Book1</name>
  </book>
  <book year="2014" isbn="ISBN83763550019---11">
    <Authors>
      <Author>
        <Name>Fred</Name>
        <Email>fweasley@hogwarts.co.uk</Email>
      </Author>
      <Author>
        <Name>George</Name>
        <Email>gweasley@hogwarts.co.uk</Email>
      </Author>
    </Authors>
    <name>Book2</name>
  </book>
  <book year="2014" isbn="ISBN83763550019---11">
    <Authors>
      <Author>
        <Name>Fred</Name>
        <Email>fweasley@hogwarts.co.uk</Email>
      </Author>
      <Author>
        <Name>George</Name>
        <Email>gweasley@hogwarts.co.uk</Email>
      </Author>
    </Authors>
    <name>Book1</name>
  </book>
  <book year="2014" isbn="ISBN83763550019---11">
    <Authors>
      <Author>
        <Name>Fred</Name>
        <Email>fweasley@hogwarts.co.uk</Email>
      </Author>
      <Author>
        <Name>George</Name>
        <Email>gweasley@hogwarts.co.uk</Email>
      </Author>
    </Authors>
    <name>Book2</name>
  </book>
  <book year="2014" isbn="ISBN83763550019---11">
    <Authors>
      <Author>
        <Name>Fred</Name>
        <Email>fweasley@hogwarts.co.uk</Email>
      </Author>
      <Author>
        <Name>George</Name>
        <Email>gweasley@hogwarts.co.uk</Email>
      </Author>
    </Authors>
    <name>Book1</name>
  </book>
  <book year="2014" isbn="ISBN83763550019---11">
    <Authors>
      <Author>
        <Name>Fred</Name>
        <Email>fweasley@hogwarts.co.uk</Email>
      </Author>
      <Author>
        <Name>George</Name>
        <Email>gweasley@hogwarts.co.uk</Email>
      </Author>
    </Authors>
    <name>Book2</name>
  </book>
  <book year="2014" isbn="ISBN83763550019---11">
    <Authors>
      <Author>
        <Name>Fred</Name>
        <Email>fweasley@hogwarts.co.uk</Email>
      </Author>
      <Author>
        <Name>George</Name>
        <Email>gweasley@hogwarts.co.uk</Email>
      </Author>
    </Authors>
    <name>Book1</name>
  </book>
  <book year="2014" isbn="ISBN83763550019---11">
    <Authors>
      <Author>
        <Name>Fred</Name>
        <Email>fweasley@hogwarts.co.uk</Email>
      </Author>
      <Author>
        <Name>George</Name>
        <Email>gweasley@hogwarts.co.uk</Email>
      </Author>
    </Authors>
    <name>Book2</name>
  </book>
  <book year="2014" isbn="ISBN83763550019---11">
    <Authors>
      <Author>
        <Name>Fred</Name>
        <Email>fweasley@hogwarts.co.uk</Email>
      </Author>
      <Author>
        <Name>George</Name>
        <Email>gweasley@hogwarts.co.uk</Email>
      </Author>
    </Authors>
    <name>Book1</name>
  </book>
  <book year="2014" isbn="ISBN83763550019---11">
    <Authors>
      <Author>
        <Name>Fred</Name>
        <Email>fweasley@hogwarts.co.uk</Email>
      </Author>
      <Author>
        <Name>George</Name>
        <Email>gweasley@hogwarts.co.uk</Email>
      </Author>
    </Authors>
    <name>Book2</name>
  </book>
  <book year="2014" isbn="ISBN83763550019---11">
    <Authors>
      <Author>
        <Name>Fred</Name>
        <Email>fweasley@hogwarts.co.uk</Email>
      </Author>
      <Author>
        <Name>George</Name>
        <Email>gweasley@hogwarts.co.uk</Email>
      </Author>
    </Authors>
    <name>Book1</name>
  </book>
  <book year="2014" isbn="ISBN83763550019---11">
    <Authors>
      <Author>
        <Name>Fred</Name>
        <Email>fweasley@hogwarts.co.uk</Email>
      </Author>
      <Author>
        <Name>George</Name>
        <Email>gweasley@hogwarts.co.uk</Email>
      </Author>
    </Authors>
    <name>Book2</name>
  </book>
  <book year="2014" isbn="ISBN83763550019---11">
    <Authors>
      <Author>
        <Name>Fred</Name>
        <Email>fweasley@hogwarts.co.uk</Email>
      </Author>
      <Author>
        <Name>George</Name>
        <Email>gweasley@hogwarts.co.uk</Email>
      </Author>
    </Authors>
    <name>Book1</name>
  </book>
  <book year="2014" isbn="ISBN83763550019---11">
    <Authors>
      <Author>
        <Name>Fred</Name>
        <Email>fweasley@hogwarts.co.uk</Email>
      </Author>
      <Author>
        <Name>George</Name>
        <Email>gweasley@hogwarts.co.uk</Email>
      </Author>
    </Authors>
    <name>Book2</name>
  </book>
  <book year="2014" isbn="ISBN83763550019---11">
    <Authors>
      <Author>
        <Name>Fred</Name>
        <Email>fweasley@hogwarts.co.uk</Email>
      </Author>
      <Author>
        <Name>George</Name>
        <Email>gweasley@hogwarts.co.uk</Email>
      </Author>
    </Authors>
    <name>Book1</name>
  </book>
  <book year="2014" isbn="ISBN83763550019---11">
    <Authors>
      <Author>
        <Name>Fred</Name>
        <Email>fweasley@hogwarts.co.uk</Email>
      </Author>
      <Author>
        <Name>George</Name>
        <Email>gweasley@hogwarts.co.uk</Email>
      </Author>
    </Authors>
    <name>Book2</name>
  </book>
  <book year="2014" isbn="ISBN83763550019---11">
    <Authors>
      <Author>
        <Name>Fred</Name>
        <Email>fweasley@hogwarts.co.uk</Email>
      </Author>
      <Author>
        <Name>George</Name>
        <Email>gweasley@hogwarts.co.uk</Email>
      </Author>
    </Authors>
    <name>Book1</name>
  </book>
  <book year="2014" isbn="ISBN83763550019---11">
    <Authors>
      <Author>
        <Name>Fred</Name>
        <Email>fweasley@hogwarts.co.uk</Email>
      </Author>
      <Author>
        <Name>George</Name>
        <Email>gweasley@hogwarts.co.uk</Email>
      </Author>
    </Authors>
    <name>Book2</name>
  </book>
  <book year="2014" isbn="ISBN83763550019---11">
    <Authors>
      <Author>
        <Name>Fred</Name>
        <Email>fweasley@hogwarts.co.uk</Email>
      </Author>
      <Author>
        <Name>George</Name>
        <Email>gweasley@hogwarts.co.uk</Email>
      </Author>
    </Authors>
    <name>Book1</name>
  </book>
  <book year="2014" isbn="ISBN83763550019---11">
    <Authors>
      <Author>
        <Name>Fred</Name>
        <Email>fweasley@hogwarts.co.uk</Email>
      </Author>
      <Author>
        <Name>George</Name>
        <Email>gweasley@hogwarts.co.uk</Email>
      </Author>
    </Authors>
    <name>Book2</name>
  </book>
  <book year="2014" isbn="ISBN83763550019---11">
    <Authors>
      <Author>
        <Name>Fred</Name>
        <Email>fweasley@hogwarts.co.uk</Email>
      </Author>
      <Author>
        <Name>George</Name>
        <Email>gweasley@hogwarts.co.uk</Email>
      </Author>
    </Authors>
    <name>Book1</name>
  </book>
  <book year="2014" isbn="ISBN83763550019---11">
    <Authors>
      <Author>
        <Name>Fred</Name>
        <Email>fweasley@hogwarts.co.uk</Email>
      </Author>
      <Author>
        <Name>George</Name>
        <Email>gweasley@hogwarts.co.uk</Email>
      </Author>
    </Authors>
    <name>Book2</name>
  </book>
  <book year="2014" isbn="ISBN83763550019---11">
    <Authors>
      <Author>
        <Name>Fred</Name>
        <Email>fweasley@hogwarts.co.uk</Email>
      </Author>
      <Author>
        <Name>George</Name>
        <Email>gweasley@hogwarts.co.uk</Email>
      </Author>
    </Authors>
    <name>Book1</name>
  </book>
  <book year="2014" isbn="ISBN83763550019---11">
    <Authors>
      <Author>
        <Name>Fred</Name>
        <Email>fweasley@hogwarts.co.uk</Email>
      </Author>
      <Author>
        <Name>George</Name>
        <Email>gweasley@hogwarts.co.uk</Email>
      </Author>
    </Authors>
    <name>Book2</name>
  </book>
  <book year="2014" isbn="ISBN83763550019---11">
    <Authors>
      <Author>
        <Name>Fred</Name>
        <Email>fweasley@hogwarts.co.uk</Email>
      </Author>
      <Author>
        <Name>George</Name>
        <Email>gweasley@hogwarts.co.uk</Email>
      </Author>
    </Authors>
    <name>Book1</name>
  </book>
  <book year="2014" isbn="ISBN83763550019---11">
    <Authors>
      <Author>
        <Name>Fred</Name>
        <Email>fweasley@hogwarts.co.uk</Email>
      </Author>
      <Author>
        <Name>George</Name>
        <Email>gweasley@hogwarts.co.uk</Email>
      </Author>
    </Authors>
    <name>Book2</name>
  </book>
  <book year="2014" isbn="ISBN83763550019---11">
    <Authors>
      <Author>
        <Name>Fred</Name>
        <Email>fweasley@hogwarts.co.uk</Email>
      </Author>
      <Author>
        <Name>George</Name>
        <Email>gweasley@hogwarts.co.uk</Email>
      </Author>
    </Authors>
    <name>Book1</name>
  </book>
  <book year="2014" isbn="ISBN83763550019---11">
    <Authors>
      <Author>
        <Name>Fred</Name>
        <Email>fweasley@hogwarts.co.uk</Email>
      </Author>
      <Author>
        <Name>George</Name>
        <Email>gweasley@hogwarts.co.uk</Email>
      </Author>
    </Authors>
    <name>Book2</name>
  </book>
  <book year="2014" isbn="ISBN83763550019---11">
    <Authors>
      <Author>
        <Name>Fred</Name>
        <Email>fweasley@hogwarts.co.uk</Email>
      </Author>
      <Author>
        <Name>George</Name>
        <Email>gweasley@hogwarts.co.uk</Email>
      </Author>
    </Authors>
    <name>Book1</name>
  </book>
  <book year="2014" isbn="ISBN83763550019---11">
    <Authors>
      <Author>
        <Name>Fred</Name>
        <Email>fweasley@hogwarts.co.uk</Email>
      </Author>
      <Author>
        <Name>George</Name>
        <Email>gweasley@hogwarts.co.uk</Email>
      </Author>
    </Authors>
    <name>Book2</name>
  </book>
  <book year="2014" isbn="ISBN83763550019---11">
    <Authors>
      <Author>
        <Name>Fred</Name>
        <Email>fweasley@hogwarts.co.uk</Email>
      </Author>
      <Author>
        <Name>George</Name>
        <Email>gweasley@hogwarts.co.uk</Email>
      </Author>
    </Authors>
    <name>Book1</name>
  </book>
  <book year="2014" isbn="ISBN83763550019---11">
    <Authors>
      <Author>
        <Name>Fred</Name>
        <Email>fweasley@hogwarts.co.uk</Email>
      </Author>
      <Author>
        <Name>George</Name>
        <Email>gweasley@hogwarts.co.uk</Email>
      </Author>
    </Authors>
    <name>Book2</name>
  </book>
  <book year="2014" isbn="ISBN83763550019---11">
    <Authors>
      <Author>
        <Name>Fred</Name>
        <Email>fweasley@hogwarts.co.uk</Email>
      </Author>
      <Author>
        <Name>George</Name>
        <Email>gweasley@hogwarts.co.uk</Email>
      </Author>
    </Authors>
    <name>Book1</name>
  </book>
  <book year="2014" isbn="ISBN83763550019---11">
    <Authors>
      <Author>
        <Name>Fred</Name>
        <Email>fweasley@hogwarts.co.uk</Email>
      </Author>
      <Author>
        <Name>George</Name>
        <Email>gweasley@hogwarts.co.uk</Email>
      </Author>
    </Authors>
    <name>Book2</name>
  </book>
  <book year="2014" isbn="ISBN83763550019---11">
    <Authors>
      <Author>
        <Name>Fred</Name>
        <Email>fweasley@hogwarts.co.uk</Email>
      </Author>
      <Author>
        <Name>George</Name>
        <Email>gweasley@hogwarts.co.uk</Email>
      </Author>
    </Authors>
    <name>Book1</name>
  </book>
  <book year="2014" isbn="ISBN83763550019---11">
    <Authors>
      <Author>
        <Name>Fred</Name>
        <Email>fweasley@hogwarts.co.uk</Email>
      </Author>
      <Author>
        <Name>George</Name>
        <Email>gweasley@hogwarts.co.uk</Email>
      </Author>
    </Authors>
    <name>Book2</name>
  </book>
  <book year="2014" isbn="ISBN83763550019---11">
    <Authors>
      <Author>
        <Name>Fred</Name>
        <Email>fweasley@hogwarts.co.uk</Email>
      </Author>
      <Author>
        <Name>George</Name>
        <Email>gweasley@hogwarts.co.uk</Email>
      </Author>
    </Authors>
    <name>Book1</name>
  </book>
  <book year="2014" isbn="ISBN83763550019---11">
    <Authors>
      <Author>
        <Name>Fred</Name>
        <Email>fweasley@hogwarts.co.uk</Email>
      </Author>
      <Author>
        <Name>George</Name>
        <Email>gweasley@hogwarts.co.uk</Email>
      </Author>
    </Authors>
    <name>Book2</name>
  </book>
  <book year="2014" isbn="ISBN83763550019---11">
    <Authors>
      <Author>
        <Name>Fred</Name>
        <Email>fweasley@hogwarts.co.uk</Email>
      </Author>
      <Author>
        <Name>George</Name>
        <Email>gweasley@hogwarts.co.uk</Email>
      </Author>
    </Authors>
    <name>Book1</name>
  </book>
  <book year="2014" isbn="ISBN83763550019---11">
    <Authors>
      <Author>
        <Name>Fred</Name>
        <Email>fweasley@hogwarts.co.uk</Email>
      </Author>
      <Author>
        <Name>George</Name>
        <Email>gweasley@hogwarts.co.uk</Email>
      </Author>
    </Authors>
    <name>Book2</name>
  </book>
  <book year="2014" isbn="ISBN83763550019---11">
    <Authors>
      <Author>
        <Name>Fred</Name>
        <Email>fweasley@hogwarts.co.uk</Email>
      </Author>
      <Author>
        <Name>George</Name>
        <Email>gweasley@hogwarts.co.uk</Email>
      </Author>
    </Authors>
    <name>Book1</name>
  </book>
  <book year="2014" isbn="ISBN83763550019---11">
    <Authors>
      <Author>
        <Name>Fred</Name>
        <Email>fweasley@hogwarts.co.uk</Email>
      </Author>
      <Author>
        <Name>George</Name>
        <Email>gweasley@hogwarts.co.uk</Email>
      </Author>
    </Authors>
    <name>Book2</name>
  </book>
  <book year="2014" isbn="ISBN83763550019---11">
    <Authors>
      <Author>
        <Name>Fred</Name>
        <Email>fweasley@hogwarts.co.uk</Email>
      </Author>
      <Author>
        <Name>George</Name>
        <Email>gweasley@hogwarts.co.uk</Email>
      </Author>
    </Authors>
    <name>Book1</name>
  </book>
  <book year="2014" isbn="ISBN83763550019---11">
    <Authors>
      <Author>
        <Name>Fred</Name>
        <Email>fweasley@hogwarts.co.uk</Email>
      </Author>
      <Author>
        <Name>George</Name>
        <Email>gweasley@hogwarts.co.uk</Email>
      </Author>
    </Authors>
    <name>Book2</name>
  </book>
  <book year="2014" isbn="ISBN83763550019---11">
    <Authors>
      <Author>
        <Name>Fred</Name>
        <Email>fweasley@hogwarts.co.uk</Email>
      </Author>
      <Author>
        <Name>George</Name>
        <Email>gweasley@hogwarts.co.uk</Email>
      </Author>
    </Authors>
    <name>Book1</name>
  </book>
  <book year="2014" isbn="ISBN83763550019---11">
    <Authors>
      <Author>
        <Name>Fred</Name>
        <Email>fweasley@hogwarts.co.uk</Email>
      </Author>
      <Author>
        <Name>George</Name>
        <Email>gweasley@hogwarts.co.uk</Email>
      </Author>
    </Authors>
    <name>Book2</name>
  </book>
  <book year="2014" isbn="ISBN83763550019---11">
    <Authors>
      <Author>
        <Name>Fred</Name>
        <Email>fweasley@hogwarts.co.uk</Email>
      </Author>
      <Author>
        <Name>George</Name>
        <Email>gweasley@hogwarts.co.uk</Email>
      </Author>
    </Authors>
    <name>Book1</name>
  </book>
  <book year="2014" isbn="ISBN83763550019---11">
    <Authors>
      <Author>
        <Name>Fred</Name>
        <Email>fweasley@hogwarts.co.uk</Email>
      </Author>
      <Author>
        <Name>George</Name>
        <Email>gweasley@hogwarts.co.uk</Email>
      </Author>
    </Authors>
    <name>Book2</name>
  </book>
  <book year="2014" isbn="ISBN83763550019---11">
    <Authors>
      <Author>
        <Name>Fred</Name>
        <Email>fweasley@hogwarts.co.uk</Email>
      </Author>
      <Author>
        <Name>George</Name>
        <Email>gweasley@hogwarts.co.uk</Email>
      </Author>
    </Authors>
    <name>Book1</name>
  </book>
  <book year="2014" isbn="ISBN83763550019---11">
    <Authors>
      <Author>
        <Name>Fred</Name>
        <Email>fweasley@hogwarts.co.uk</Email>
      </Author>
      <Author>
        <Name>George</Name>
        <Email>gweasley@hogwarts.co.uk</Email>
      </Author>
    </Authors>
    <name>Book2</name>
  </book>
  <book year="2014" isbn="ISBN83763550019---11">
    <Authors>
      <Author>
        <Name>Fred</Name>
        <Email>fweasley@hogwarts.co.uk</Email>
      </Author>
      <Author>
        <Name>George</Name>
        <Email>gweasley@hogwarts.co.uk</Email>
      </Author>
    </Authors>
    <name>Book1</name>
  </book>
  <book year="2014" isbn="ISBN83763550019---11">
    <Authors>
      <Author>
        <Name>Fred</Name>
        <Email>fweasley@hogwarts.co.uk</Email>
      </Author>
      <Author>
        <Name>George</Name>
        <Email>gweasley@hogwarts.co.uk</Email>
      </Author>
    </Authors>
    <name>Book2</name>
  </book>
  <book year="2014" isbn="ISBN83763550019---11">
    <Authors>
      <Author>
        <Name>Fred</Name>
        <Email>fweasley@hogwarts.co.uk</Email>
      </Author>
      <Author>
        <Name>George</Name>
        <Email>gweasley@hogwarts.co.uk</Email>
      </Author>
    </Authors>
    <name>Book1</name>
  </book>
  <book year="2014" isbn="ISBN83763550019---11">
    <Authors>
      <Author>
        <Name>Fred</Name>
        <Email>fweasley@hogwarts.co.uk</Email>
      </Author>
      <Author>
        <Name>George</Name>
        <Email>gweasley@hogwarts.co.uk</Email>
      </Author>
    </Authors>
    <name>Book2</name>
  </book>
  <book year="2014" isbn="ISBN83763550019---11">
    <Authors>
      <Author>
        <Name>Fred</Name>
        <Email>fweasley@hogwarts.co.uk</Email>
      </Author>
      <Author>
        <Name>George</Name>
        <Email>gweasley@hogwarts.co.uk</Email>
      </Author>
    </Authors>
    <name>Book1</name>
  </book>
  <book year="2014" isbn="ISBN83763550019---11">
    <Authors>
      <Author>
        <Name>Fred</Name>
        <Email>fweasley@hogwarts.co.uk</Email>
      </Author>
      <Author>
        <Name>George</Name>
        <Email>gweasley@hogwarts.co.uk</Email>
      </Author>
    </Authors>
    <name>Book2</name>
  </book>
  <book year="2014" isbn="ISBN83763550019---11">
    <Authors>
      <Author>
        <Name>Fred</Name>
        <Email>fweasley@hogwarts.co.uk</Email>
      </Author>
      <Author>
        <Name>George</Name>
        <Email>gweasley@hogwarts.co.uk</Email>
      </Author>
    </Authors>
    <name>Book1</name>
  </book>
  <book year="2014" isbn="ISBN83763550019---11">
    <Authors>
      <Author>
        <Name>Fred</Name>
        <Email>fweasley@hogwarts.co.uk</Email>
      </Author>
      <Author>
        <Name>George</Name>
        <Email>gweasley@hogwarts.co.uk</Email>
      </Author>
    </Authors>
    <name>Book2</name>
  </book>
  <book year="2014" isbn="ISBN83763550019---11">
    <Authors>
      <Author>
        <Name>Fred</Name>
        <Email>fweasley@hogwarts.co.uk</Email>
      </Author>
      <Author>
        <Name>George</Name>
        <Email>gweasley@hogwarts.co.uk</Email>
      </Author>
    </Authors>
    <name>Book1</name>
  </book>
  <book year="2014" isbn="ISBN83763550019---11">
    <Authors>
      <Author>
        <Name>Fred</Name>
        <Email>fweasley@hogwarts.co.uk</Email>
      </Author>
      <Author>
        <Name>George</Name>
        <Email>gweasley@hogwarts.co.uk</Email>
      </Author>
    </Authors>
    <name>Book2</name>
  </book>
  <book year="2014" isbn="ISBN83763550019---11">
    <Authors>
      <Author>
        <Name>Fred</Name>
        <Email>fweasley@hogwarts.co.uk</Email>
      </Author>
      <Author>
        <Name>George</Name>
        <Email>gweasley@hogwarts.co.uk</Email>
      </Author>
    </Authors>
    <name>Book1</name>
  </book>
  <book year="2014" isbn="ISBN83763550019---11">
    <Authors>
      <Author>
        <Name>Fred</Name>
        <Email>fweasley@hogwarts.co.uk</Email>
      </Author>
      <Author>
        <Name>George</Name>
        <Email>gweasley@hogwarts.co.uk</Email>
      </Author>
    </Authors>
    <name>Book2</name>
  </book>
  <book year="2014" isbn="ISBN83763550019---11">
    <Authors>
      <Author>
        <Name>Fred</Name>
        <Email>fweasley@hogwarts.co.uk</Email>
      </Author>
      <Author>
        <Name>George</Name>
        <Email>gweasley@hogwarts.co.uk</Email>
      </Author>
    </Authors>
    <name>Book1</name>
  </book>
  <book year="2014" isbn="ISBN83763550019---11">
    <Authors>
      <Author>
        <Name>Fred</Name>
        <Email>fweasley@hogwarts.co.uk</Email>
      </Author>
      <Author>
        <Name>George</Name>
        <Email>gweasley@hogwarts.co.uk</Email>
      </Author>
    </Authors>
    <name>Book2</name>
  </book>
  <book year="2014" isbn="ISBN83763550019---11">
    <Authors>
      <Author>
        <Name>Fred</Name>
        <Email>fweasley@hogwarts.co.uk</Email>
      </Author>
      <Author>
        <Name>George</Name>
        <Email>gweasley@hogwarts.co.uk</Email>
      </Author>
    </Authors>
    <name>Book1</name>
  </book>
  <book year="2014" isbn="ISBN83763550019---11">
    <Authors>
      <Author>
        <Name>Fred</Name>
        <Email>fweasley@hogwarts.co.uk</Email>
      </Author>
      <Author>
        <Name>George</Name>
        <Email>gweasley@hogwarts.co.uk</Email>
      </Author>
    </Authors>
    <name>Book2</name>
  </book>
  <book year="2014" isbn="ISBN83763550019---11">
    <Authors>
      <Author>
        <Name>Fred</Name>
        <Email>fweasley@hogwarts.co.uk</Email>
      </Author>
      <Author>
        <Name>George</Name>
        <Email>gweasley@hogwarts.co.uk</Email>
      </Author>
    </Authors>
    <name>Book1</name>
  </book>
  <book year="2014" isbn="ISBN83763550019---11">
    <Authors>
      <Author>
        <Name>Fred</Name>
        <Email>fweasley@hogwarts.co.uk</Email>
      </Author>
      <Author>
        <Name>George</Name>
        <Email>gweasley@hogwarts.co.uk</Email>
      </Author>
    </Authors>
    <name>Book2</name>
  </book>
  <book year="2014" isbn="ISBN83763550019---11">
    <Authors>
      <Author>
        <Name>Fred</Name>
        <Email>fweasley@hogwarts.co.uk</Email>
      </Author>
      <Author>
        <Name>George</Name>
        <Email>gweasley@hogwarts.co.uk</Email>
      </Author>
    </Authors>
    <name>Book1</name>
  </book>
  <book year="2014" isbn="ISBN83763550019---11">
    <Authors>
      <Author>
        <Name>Fred</Name>
        <Email>fweasley@hogwarts.co.uk</Email>
      </Author>
      <Author>
        <Name>George</Name>
        <Email>gweasley@hogwarts.co.uk</Email>
      </Author>
    </Authors>
    <name>Book2</name>
  </book>
  <book year="2014" isbn="ISBN83763550019---11">
    <Authors>
      <Author>
        <Name>Fred</Name>
        <Email>fweasley@hogwarts.co.uk</Email>
      </Author>
      <Author>
        <Name>George</Name>
        <Email>gweasley@hogwarts.co.uk</Email>
      </Author>
    </Authors>
    <name>Book1</name>
  </book>
  <book year="2014" isbn="ISBN83763550019---11">
    <Authors>
      <Author>
        <Name>Fred</Name>
        <Email>fweasley@hogwarts.co.uk</Email>
      </Author>
      <Author>
        <Name>George</Name>
        <Email>gweasley@hogwarts.co.uk</Email>
      </Author>
    </Authors>
    <name>Book2</name>
  </book>
  <book year="2014" isbn="ISBN83763550019---11">
    <Authors>
      <Author>
        <Name>Fred</Name>
        <Email>fweasley@hogwarts.co.uk</Email>
      </Author>
      <Author>
        <Name>George</Name>
        <Email>gweasley@hogwarts.co.uk</Email>
      </Author>
    </Authors>
    <name>Book1</name>
  </book>
  <book year="2014" isbn="ISBN83763550019---11">
    <Authors>
      <Author>
        <Name>Fred</Name>
        <Email>fweasley@hogwarts.co.uk</Email>
      </Author>
      <Author>
        <Name>George</Name>
        <Email>gweasley@hogwarts.co.uk</Email>
      </Author>
    </Authors>
    <name>Book2</name>
  </book>
  <book year="2014" isbn="ISBN83763550019---11">
    <Authors>
      <Author>
        <Name>Fred</Name>
        <Email>fweasley@hogwarts.co.uk</Email>
      </Author>
      <Author>
        <Name>George</Name>
        <Email>gweasley@hogwarts.co.uk</Email>
      </Author>
    </Authors>
    <name>Book1</name>
  </book>
  <book year="2014" isbn="ISBN83763550019---11">
    <Authors>
      <Author>
        <Name>Fred</Name>
        <Email>fweasley@hogwarts.co.uk</Email>
      </Author>
      <Author>
        <Name>George</Name>
        <Email>gweasley@hogwarts.co.uk</Email>
      </Author>
    </Authors>
    <name>Book2</name>
  </book>
  <book year="2014" isbn="ISBN83763550019---11">
    <Authors>
      <Author>
        <Name>Fred</Name>
        <Email>fweasley@hogwarts.co.uk</Email>
      </Author>
      <Author>
        <Name>George</Name>
        <Email>gweasley@hogwarts.co.uk</Email>
      </Author>
    </Authors>
    <name>Book1</name>
  </book>
  <book year="2014" isbn="ISBN83763550019---11">
    <Authors>
      <Author>
        <Name>Fred</Name>
        <Email>fweasley@hogwarts.co.uk</Email>
      </Author>
      <Author>
        <Name>George</Name>
        <Email>gweasley@hogwarts.co.uk</Email>
      </Author>
    </Authors>
    <name>Book2</name>
  </book>
  <book year="2014" isbn="ISBN83763550019---11">
    <Authors>
      <Author>
        <Name>Fred</Name>
        <Email>fweasley@hogwarts.co.uk</Email>
      </Author>
      <Author>
        <Name>George</Name>
        <Email>gweasley@hogwarts.co.uk</Email>
      </Author>
    </Authors>
    <name>Book1</name>
  </book>
  <book year="2014" isbn="ISBN83763550019---11">
    <Authors>
      <Author>
        <Name>Fred</Name>
        <Email>fweasley@hogwarts.co.uk</Email>
      </Author>
      <Author>
        <Name>George</Name>
        <Email>gweasley@hogwarts.co.uk</Email>
      </Author>
    </Authors>
    <name>Book2</name>
  </book>
  <book year="2014" isbn="ISBN83763550019---11">
    <Authors>
      <Author>
        <Name>Fred</Name>
        <Email>fweasley@hogwarts.co.uk</Email>
      </Author>
      <Author>
        <Name>George</Name>
        <Email>gweasley@hogwarts.co.uk</Email>
      </Author>
    </Authors>
    <name>Book1</name>
  </book>
  <book year="2014" isbn="ISBN83763550019---11">
    <Authors>
      <Author>
        <Name>Fred</Name>
        <Email>fweasley@hogwarts.co.uk</Email>
      </Author>
      <Author>
        <Name>George</Name>
        <Email>gweasley@hogwarts.co.uk</Email>
      </Author>
    </Authors>
    <name>Book2</name>
  </book>
  <book year="2014" isbn="ISBN83763550019---11">
    <Authors>
      <Author>
        <Name>Fred</Name>
        <Email>fweasley@hogwarts.co.uk</Email>
      </Author>
      <Author>
        <Name>George</Name>
        <Email>gweasley@hogwarts.co.uk</Email>
      </Author>
    </Authors>
    <name>Book1</name>
  </book>
  <book year="2014" isbn="ISBN83763550019---11">
    <Authors>
      <Author>
        <Name>Fred</Name>
        <Email>fweasley@hogwarts.co.uk</Email>
      </Author>
      <Author>
        <Name>George</Name>
        <Email>gweasley@hogwarts.co.uk</Email>
      </Author>
    </Authors>
    <name>Book2</name>
  </book>
  <book year="2014" isbn="ISBN83763550019---11">
    <Authors>
      <Author>
        <Name>Fred</Name>
        <Email>fweasley@hogwarts.co.uk</Email>
      </Author>
      <Author>
        <Name>George</Name>
        <Email>gweasley@hogwarts.co.uk</Email>
      </Author>
    </Authors>
    <name>Book1</name>
  </book>
  <book year="2014" isbn="ISBN83763550019---11">
    <Authors>
      <Author>
        <Name>Fred</Name>
        <Email>fweasley@hogwarts.co.uk</Email>
      </Author>
      <Author>
        <Name>George</Name>
        <Email>gweasley@hogwarts.co.uk</Email>
      </Author>
    </Authors>
    <name>Book2</name>
  </book>
  <book year="2014" isbn="ISBN83763550019---11">
    <Authors>
      <Author>
        <Name>Fred</Name>
        <Email>fweasley@hogwarts.co.uk</Email>
      </Author>
      <Author>
        <Name>George</Name>
        <Email>gweasley@hogwarts.co.uk</Email>
      </Author>
    </Authors>
    <name>Book1</name>
  </book>
  <book year="2014" isbn="ISBN83763550019---11">
    <Authors>
      <Author>
        <Name>Fred</Name>
        <Email>fweasley@hogwarts.co.uk</Email>
      </Author>
      <Author>
        <Name>George</Name>
        <Email>gweasley@hogwarts.co.uk</Email>
      </Author>
    </Authors>
    <name>Book2</name>
  </book>
  <book year="2014" isbn="ISBN83763550019---11">
    <Authors>
      <Author>
        <Name>Fred</Name>
        <Email>fweasley@hogwarts.co.uk</Email>
      </Author>
      <Author>
        <Name>George</Name>
        <Email>gweasley@hogwarts.co.uk</Email>
      </Author>
    </Authors>
    <name>Book1</name>
  </book>
  <book year="2014" isbn="ISBN83763550019---11">
    <Authors>
      <Author>
        <Name>Fred</Name>
        <Email>fweasley@hogwarts.co.uk</Email>
      </Author>
      <Author>
        <Name>George</Name>
        <Email>gweasley@hogwarts.co.uk</Email>
      </Author>
    </Authors>
    <name>Book2</name>
  </book>
  <book year="2014" isbn="ISBN83763550019---11">
    <Authors>
      <Author>
        <Name>Fred</Name>
        <Email>fweasley@hogwarts.co.uk</Email>
      </Author>
      <Author>
        <Name>George</Name>
        <Email>gweasley@hogwarts.co.uk</Email>
      </Author>
    </Authors>
    <name>Book1</name>
  </book>
  <book year="2014" isbn="ISBN83763550019---11">
    <Authors>
      <Author>
        <Name>Fred</Name>
        <Email>fweasley@hogwarts.co.uk</Email>
      </Author>
      <Author>
        <Name>George</Name>
        <Email>gweasley@hogwarts.co.uk</Email>
      </Author>
    </Authors>
    <name>Book2</name>
  </book>
  <book year="2014" isbn="ISBN83763550019---11">
    <Authors>
      <Author>
        <Name>Fred</Name>
        <Email>fweasley@hogwarts.co.uk</Email>
      </Author>
      <Author>
        <Name>George</Name>
        <Email>gweasley@hogwarts.co.uk</Email>
      </Author>
    </Authors>
    <name>Book1</name>
  </book>
  <book year="2014" isbn="ISBN83763550019---11">
    <Authors>
      <Author>
        <Name>Fred</Name>
        <Email>fweasley@hogwarts.co.uk</Email>
      </Author>
      <Author>
        <Name>George</Name>
        <Email>gweasley@hogwarts.co.uk</Email>
      </Author>
    </Authors>
    <name>Book2</name>
  </book>
  <book year="2014" isbn="ISBN83763550019---11">
    <Authors>
      <Author>
        <Name>Fred</Name>
        <Email>fweasley@hogwarts.co.uk</Email>
      </Author>
      <Author>
        <Name>George</Name>
        <Email>gweasley@hogwarts.co.uk</Email>
      </Author>
    </Authors>
    <name>Book1</name>
  </book>
  <book year="2014" isbn="ISBN83763550019---11">
    <Authors>
      <Author>
        <Name>Fred</Name>
        <Email>fweasley@hogwarts.co.uk</Email>
      </Author>
      <Author>
        <Name>George</Name>
        <Email>gweasley@hogwarts.co.uk</Email>
      </Author>
    </Authors>
    <name>Book2</name>
  </book>
  <book year="2014" isbn="ISBN83763550019---11">
    <Authors>
      <Author>
        <Name>Fred</Name>
        <Email>fweasley@hogwarts.co.uk</Email>
      </Author>
      <Author>
        <Name>George</Name>
        <Email>gweasley@hogwarts.co.uk</Email>
      </Author>
    </Authors>
    <name>Book1</name>
  </book>
  <book year="2014" isbn="ISBN83763550019---11">
    <Authors>
      <Author>
        <Name>Fred</Name>
        <Email>fweasley@hogwarts.co.uk</Email>
      </Author>
      <Author>
        <Name>George</Name>
        <Email>gweasley@hogwarts.co.uk</Email>
      </Author>
    </Authors>
    <name>Book2</name>
  </book>
  <book year="2014" isbn="ISBN83763550019---11">
    <Authors>
      <Author>
        <Name>Fred</Name>
        <Email>fweasley@hogwarts.co.uk</Email>
      </Author>
      <Author>
        <Name>George</Name>
        <Email>gweasley@hogwarts.co.uk</Email>
      </Author>
    </Authors>
    <name>Book1</name>
  </book>
  <book year="2014" isbn="ISBN83763550019---11">
    <Authors>
      <Author>
        <Name>Fred</Name>
        <Email>fweasley@hogwarts.co.uk</Email>
      </Author>
      <Author>
        <Name>George</Name>
        <Email>gweasley@hogwarts.co.uk</Email>
      </Author>
    </Authors>
    <name>Book2</name>
  </book>
  <book year="2014" isbn="ISBN83763550019---11">
    <Authors>
      <Author>
        <Name>Fred</Name>
        <Email>fweasley@hogwarts.co.uk</Email>
      </Author>
      <Author>
        <Name>George</Name>
        <Email>gweasley@hogwarts.co.uk</Email>
      </Author>
    </Authors>
    <name>Book1</name>
  </book>
  <book year="2014" isbn="ISBN83763550019---11">
    <Authors>
      <Author>
        <Name>Fred</Name>
        <Email>fweasley@hogwarts.co.uk</Email>
      </Author>
      <Author>
        <Name>George</Name>
        <Email>gweasley@hogwarts.co.uk</Email>
      </Author>
    </Authors>
    <name>Book2</name>
  </book>
  <book year="2014" isbn="ISBN83763550019---11">
    <Authors>
      <Author>
        <Name>Fred</Name>
        <Email>fweasley@hogwarts.co.uk</Email>
      </Author>
      <Author>
        <Name>George</Name>
        <Email>gweasley@hogwarts.co.uk</Email>
      </Author>
    </Authors>
    <name>Book1</name>
  </book>
  <book year="2014" isbn="ISBN83763550019---11">
    <Authors>
      <Author>
        <Name>Fred</Name>
        <Email>fweasley@hogwarts.co.uk</Email>
      </Author>
      <Author>
        <Name>George</Name>
        <Email>gweasley@hogwarts.co.uk</Email>
      </Author>
    </Authors>
    <name>Book2</name>
  </book>
  <book year="2014" isbn="ISBN83763550019---11">
    <Authors>
      <Author>
        <Name>Fred</Name>
        <Email>fweasley@hogwarts.co.uk</Email>
      </Author>
      <Author>
        <Name>George</Name>
        <Email>gweasley@hogwarts.co.uk</Email>
      </Author>
    </Authors>
    <name>Book1</name>
  </book>
  <book year="2014" isbn="ISBN83763550019---11">
    <Authors>
      <Author>
        <Name>Fred</Name>
        <Email>fweasley@hogwarts.co.uk</Email>
      </Author>
      <Author>
        <Name>George</Name>
        <Email>gweasley@hogwarts.co.uk</Email>
      </Author>
    </Authors>
    <name>Book2</name>
  </book>
  <book year="2014" isbn="ISBN83763550019---11">
    <Authors>
      <Author>
        <Name>Fred</Name>
        <Email>fweasley@hogwarts.co.uk</Email>
      </Author>
      <Author>
        <Name>George</Name>
        <Email>gweasley@hogwarts.co.uk</Email>
      </Author>
    </Authors>
    <name>Book1</name>
  </book>
  <book year="2014" isbn="ISBN83763550019---11">
    <Authors>
      <Author>
        <Name>Fred</Name>
        <Email>fweasley@hogwarts.co.uk</Email>
      </Author>
      <Author>
        <Name>George</Name>
        <Email>gweasley@hogwarts.co.uk</Email>
      </Author>
    </Authors>
    <name>Book2</name>
  </book>
  <book year="2014" isbn="ISBN83763550019---11">
    <Authors>
      <Author>
        <Name>Fred</Name>
        <Email>fweasley@hogwarts.co.uk</Email>
      </Author>
      <Author>
        <Name>George</Name>
        <Email>gweasley@hogwarts.co.uk</Email>
      </Author>
    </Authors>
    <name>Book1</name>
  </book>
  <book year="2014" isbn="ISBN83763550019---11">
    <Authors>
      <Author>
        <Name>Fred</Name>
        <Email>fweasley@hogwarts.co.uk</Email>
      </Author>
      <Author>
        <Name>George</Name>
        <Email>gweasley@hogwarts.co.uk</Email>
      </Author>
    </Authors>
    <name>Book2</name>
  </book>
  <book year="2014" isbn="ISBN83763550019---11">
    <Authors>
      <Author>
        <Name>Fred</Name>
        <Email>fweasley@hogwarts.co.uk</Email>
      </Author>
      <Author>
        <Name>George</Name>
        <Email>gweasley@hogwarts.co.uk</Email>
      </Author>
    </Authors>
    <name>Book1</name>
  </book>
  <book year="2014" isbn="ISBN83763550019---11">
    <Authors>
      <Author>
        <Name>Fred</Name>
        <Email>fweasley@hogwarts.co.uk</Email>
      </Author>
      <Author>
        <Name>George</Name>
        <Email>gweasley@hogwarts.co.uk</Email>
      </Author>
    </Authors>
    <name>Book2</name>
  </book>
  <book year="2014" isbn="ISBN83763550019---11">
    <Authors>
      <Author>
        <Name>Fred</Name>
        <Email>fweasley@hogwarts.co.uk</Email>
      </Author>
      <Author>
        <Name>George</Name>
        <Email>gweasley@hogwarts.co.uk</Email>
      </Author>
    </Authors>
    <name>Book1</name>
  </book>
  <book year="2014" isbn="ISBN83763550019---11">
    <Authors>
      <Author>
        <Name>Fred</Name>
        <Email>fweasley@hogwarts.co.uk</Email>
      </Author>
      <Author>
        <Name>George</Name>
        <Email>gweasley@hogwarts.co.uk</Email>
      </Author>
    </Authors>
    <name>Book2</name>
  </book>
  <book year="2014" isbn="ISBN83763550019---11">
    <Authors>
      <Author>
        <Name>Fred</Name>
        <Email>fweasley@hogwarts.co.uk</Email>
      </Author>
      <Author>
        <Name>George</Name>
        <Email>gweasley@hogwarts.co.uk</Email>
      </Author>
    </Authors>
    <name>Book1</name>
  </book>
  <book year="2014" isbn="ISBN83763550019---11">
    <Authors>
      <Author>
        <Name>Fred</Name>
        <Email>fweasley@hogwarts.co.uk</Email>
      </Author>
      <Author>
        <Name>George</Name>
        <Email>gweasley@hogwarts.co.uk</Email>
      </Author>
    </Authors>
    <name>Book2</name>
  </book>
  <book year="2014" isbn="ISBN83763550019---11">
    <Authors>
      <Author>
        <Name>Fred</Name>
        <Email>fweasley@hogwarts.co.uk</Email>
      </Author>
      <Author>
        <Name>George</Name>
        <Email>gweasley@hogwarts.co.uk</Email>
      </Author>
    </Authors>
    <name>Book1</name>
  </book>
  <book year="2014" isbn="ISBN83763550019---11">
    <Authors>
      <Author>
        <Name>Fred</Name>
        <Email>fweasley@hogwarts.co.uk</Email>
      </Author>
      <Author>
        <Name>George</Name>
        <Email>gweasley@hogwarts.co.uk</Email>
      </Author>
    </Authors>
    <name>Book2</name>
  </book>
  <book year="2014" isbn="ISBN83763550019---11">
    <Authors>
      <Author>
        <Name>Fred</Name>
        <Email>fweasley@hogwarts.co.uk</Email>
      </Author>
      <Author>
        <Name>George</Name>
        <Email>gweasley@hogwarts.co.uk</Email>
      </Author>
    </Authors>
    <name>Book1</name>
  </book>
  <book year="2014" isbn="ISBN83763550019---11">
    <Authors>
      <Author>
        <Name>Fred</Name>
        <Email>fweasley@hogwarts.co.uk</Email>
      </Author>
      <Author>
        <Name>George</Name>
        <Email>gweasley@hogwarts.co.uk</Email>
      </Author>
    </Authors>
    <name>Book2</name>
  </book>
  <book year="2014" isbn="ISBN83763550019---11">
    <Authors>
      <Author>
        <Name>Fred</Name>
        <Email>fweasley@hogwarts.co.uk</Email>
      </Author>
      <Author>
        <Name>George</Name>
        <Email>gweasley@hogwarts.co.uk</Email>
      </Author>
    </Authors>
    <name>Book1</name>
  </book>
  <book year="2014" isbn="ISBN83763550019---11">
    <Authors>
      <Author>
        <Name>Fred</Name>
        <Email>fweasley@hogwarts.co.uk</Email>
      </Author>
      <Author>
        <Name>George</Name>
        <Email>gweasley@hogwarts.co.uk</Email>
      </Author>
    </Authors>
    <name>Book2</name>
  </book>
  <book year="2014" isbn="ISBN83763550019---11">
    <Authors>
      <Author>
        <Name>Fred</Name>
        <Email>fweasley@hogwarts.co.uk</Email>
      </Author>
      <Author>
        <Name>George</Name>
        <Email>gweasley@hogwarts.co.uk</Email>
      </Author>
    </Authors>
    <name>Book1</name>
  </book>
  <book year="2014" isbn="ISBN83763550019---11">
    <Authors>
      <Author>
        <Name>Fred</Name>
        <Email>fweasley@hogwarts.co.uk</Email>
      </Author>
      <Author>
        <Name>George</Name>
        <Email>gweasley@hogwarts.co.uk</Email>
      </Author>
    </Authors>
    <name>Book2</name>
  </book>
  <book year="2014" isbn="ISBN83763550019---11">
    <Authors>
      <Author>
        <Name>Fred</Name>
        <Email>fweasley@hogwarts.co.uk</Email>
      </Author>
      <Author>
        <Name>George</Name>
        <Email>gweasley@hogwarts.co.uk</Email>
      </Author>
    </Authors>
    <name>Book1</name>
  </book>
  <book year="2014" isbn="ISBN83763550019---11">
    <Authors>
      <Author>
        <Name>Fred</Name>
        <Email>fweasley@hogwarts.co.uk</Email>
      </Author>
      <Author>
        <Name>George</Name>
        <Email>gweasley@hogwarts.co.uk</Email>
      </Author>
    </Authors>
    <name>Book2</name>
  </book>
  <book year="2014" isbn="ISBN83763550019---11">
    <Authors>
      <Author>
        <Name>Fred</Name>
        <Email>fweasley@hogwarts.co.uk</Email>
      </Author>
      <Author>
        <Name>George</Name>
        <Email>gweasley@hogwarts.co.uk</Email>
      </Author>
    </Authors>
    <name>Book1</name>
  </book>
  <book year="2014" isbn="ISBN83763550019---11">
    <Authors>
      <Author>
        <Name>Fred</Name>
        <Email>fweasley@hogwarts.co.uk</Email>
      </Author>
      <Author>
        <Name>George</Name>
        <Email>gweasley@hogwarts.co.uk</Email>
      </Author>
    </Authors>
    <name>Book2</name>
  </book>
  <book year="2014" isbn="ISBN83763550019---11">
    <Authors>
      <Author>
        <Name>Fred</Name>
        <Email>fweasley@hogwarts.co.uk</Email>
      </Author>
      <Author>
        <Name>George</Name>
        <Email>gweasley@hogwarts.co.uk</Email>
      </Author>
    </Authors>
    <name>Book1</name>
  </book>
  <book year="2014" isbn="ISBN83763550019---11">
    <Authors>
      <Author>
        <Name>Fred</Name>
        <Email>fweasley@hogwarts.co.uk</Email>
      </Author>
      <Author>
        <Name>George</Name>
        <Email>gweasley@hogwarts.co.uk</Email>
      </Author>
    </Authors>
    <name>Book2</name>
  </book>
  <book year="2014" isbn="ISBN83763550019---11">
    <Authors>
      <Author>
        <Name>Fred</Name>
        <Email>fweasley@hogwarts.co.uk</Email>
      </Author>
      <Author>
        <Name>George</Name>
        <Email>gweasley@hogwarts.co.uk</Email>
      </Author>
    </Authors>
    <name>Book1</name>
  </book>
  <book year="2014" isbn="ISBN83763550019---11">
    <Authors>
      <Author>
        <Name>Fred</Name>
        <Email>fweasley@hogwarts.co.uk</Email>
      </Author>
      <Author>
        <Name>George</Name>
        <Email>gweasley@hogwarts.co.uk</Email>
      </Author>
    </Authors>
    <name>Book2</name>
  </book>
  <book year="2014" isbn="ISBN83763550019---11">
    <Authors>
      <Author>
        <Name>Fred</Name>
        <Email>fweasley@hogwarts.co.uk</Email>
      </Author>
      <Author>
        <Name>George</Name>
        <Email>gweasley@hogwarts.co.uk</Email>
      </Author>
    </Authors>
    <name>Book1</name>
  </book>
  <book year="2014" isbn="ISBN83763550019---11">
    <Authors>
      <Author>
        <Name>Fred</Name>
        <Email>fweasley@hogwarts.co.uk</Email>
      </Author>
      <Author>
        <Name>George</Name>
        <Email>gweasley@hogwarts.co.uk</Email>
      </Author>
    </Authors>
    <name>Book2</name>
  </book>
  <book year="2014" isbn="ISBN83763550019---11">
    <Authors>
      <Author>
        <Name>Fred</Name>
        <Email>fweasley@hogwarts.co.uk</Email>
      </Author>
      <Author>
        <Name>George</Name>
        <Email>gweasley@hogwarts.co.uk</Email>
      </Author>
    </Authors>
    <name>Book1</name>
  </book>
  <book year="2014" isbn="ISBN83763550019---11">
    <Authors>
      <Author>
        <Name>Fred</Name>
        <Email>fweasley@hogwarts.co.uk</Email>
      </Author>
      <Author>
        <Name>George</Name>
        <Email>gweasley@hogwarts.co.uk</Email>
      </Author>
    </Authors>
    <name>Book2</name>
  </book>
  <book year="2014" isbn="ISBN83763550019---11">
    <Authors>
      <Author>
        <Name>Fred</Name>
        <Email>fweasley@hogwarts.co.uk</Email>
      </Author>
      <Author>
        <Name>George</Name>
        <Email>gweasley@hogwarts.co.uk</Email>
      </Author>
    </Authors>
    <name>Book1</name>
  </book>
  <book year="2014" isbn="ISBN83763550019---11">
    <Authors>
      <Author>
        <Name>Fred</Name>
        <Email>fweasley@hogwarts.co.uk</Email>
      </Author>
      <Author>
        <Name>George</Name>
        <Email>gweasley@hogwarts.co.uk</Email>
      </Author>
    </Authors>
    <name>Book2</name>
  </book>
  <book year="2014" isbn="ISBN83763550019---11">
    <Authors>
      <Author>
        <Name>Fred</Name>
        <Email>fweasley@hogwarts.co.uk</Email>
      </Author>
      <Author>
        <Name>George</Name>
        <Email>gweasley@hogwarts.co.uk</Email>
      </Author>
    </Authors>
    <name>Book1</name>
  </book>
  <book year="2014" isbn="ISBN83763550019---11">
    <Authors>
      <Author>
        <Name>Fred</Name>
        <Email>fweasley@hogwarts.co.uk</Email>
      </Author>
      <Author>
        <Name>George</Name>
        <Email>gweasley@hogwarts.co.uk</Email>
      </Author>
    </Authors>
    <name>Book2</name>
  </book>
  <book year="2014" isbn="ISBN83763550019---11">
    <Authors>
      <Author>
        <Name>Fred</Name>
        <Email>fweasley@hogwarts.co.uk</Email>
      </Author>
      <Author>
        <Name>George</Name>
        <Email>gweasley@hogwarts.co.uk</Email>
      </Author>
    </Authors>
    <name>Book1</name>
  </book>
  <book year="2014" isbn="ISBN83763550019---11">
    <Authors>
      <Author>
        <Name>Fred</Name>
        <Email>fweasley@hogwarts.co.uk</Email>
      </Author>
      <Author>
        <Name>George</Name>
        <Email>gweasley@hogwarts.co.uk</Email>
      </Author>
    </Authors>
    <name>Book2</name>
  </book>
  <book year="2014" isbn="ISBN83763550019---11">
    <Authors>
      <Author>
        <Name>Fred</Name>
        <Email>fweasley@hogwarts.co.uk</Email>
      </Author>
      <Author>
        <Name>George</Name>
        <Email>gweasley@hogwarts.co.uk</Email>
      </Author>
    </Authors>
    <name>Book1</name>
  </book>
  <book year="2014" isbn="ISBN83763550019---11">
    <Authors>
      <Author>
        <Name>Fred</Name>
        <Email>fweasley@hogwarts.co.uk</Email>
      </Author>
      <Author>
        <Name>George</Name>
        <Email>gweasley@hogwarts.co.uk</Email>
      </Author>
    </Authors>
    <name>Book2</name>
  </book>
  <book year="2014" isbn="ISBN83763550019---11">
    <Authors>
      <Author>
        <Name>Fred</Name>
        <Email>fweasley@hogwarts.co.uk</Email>
      </Author>
      <Author>
        <Name>George</Name>
        <Email>gweasley@hogwarts.co.uk</Email>
      </Author>
    </Authors>
    <name>Book1</name>
  </book>
  <book year="2014" isbn="ISBN83763550019---11">
    <Authors>
      <Author>
        <Name>Fred</Name>
        <Email>fweasley@hogwarts.co.uk</Email>
      </Author>
      <Author>
        <Name>George</Name>
        <Email>gweasley@hogwarts.co.uk</Email>
      </Author>
    </Authors>
    <name>Book2</name>
  </book>
  <book year="2014" isbn="ISBN83763550019---11">
    <Authors>
      <Author>
        <Name>Fred</Name>
        <Email>fweasley@hogwarts.co.uk</Email>
      </Author>
      <Author>
        <Name>George</Name>
        <Email>gweasley@hogwarts.co.uk</Email>
      </Author>
    </Authors>
    <name>Book1</name>
  </book>
  <book year="2014" isbn="ISBN83763550019---11">
    <Authors>
      <Author>
        <Name>Fred</Name>
        <Email>fweasley@hogwarts.co.uk</Email>
      </Author>
      <Author>
        <Name>George</Name>
        <Email>gweasley@hogwarts.co.uk</Email>
      </Author>
    </Authors>
    <name>Book2</name>
  </book>
  <book year="2014" isbn="ISBN83763550019---11">
    <Authors>
      <Author>
        <Name>Fred</Name>
        <Email>fweasley@hogwarts.co.uk</Email>
      </Author>
      <Author>
        <Name>George</Name>
        <Email>gweasley@hogwarts.co.uk</Email>
      </Author>
    </Authors>
    <name>Book1</name>
  </book>
  <book year="2014" isbn="ISBN83763550019---11">
    <Authors>
      <Author>
        <Name>Fred</Name>
        <Email>fweasley@hogwarts.co.uk</Email>
      </Author>
      <Author>
        <Name>George</Name>
        <Email>gweasley@hogwarts.co.uk</Email>
      </Author>
    </Authors>
    <name>Book2</name>
  </book>
  <book year="2014" isbn="ISBN83763550019---11">
    <Authors>
      <Author>
        <Name>Fred</Name>
        <Email>fweasley@hogwarts.co.uk</Email>
      </Author>
      <Author>
        <Name>George</Name>
        <Email>gweasley@hogwarts.co.uk</Email>
      </Author>
    </Authors>
    <name>Book1</name>
  </book>
  <book year="2014" isbn="ISBN83763550019---11">
    <Authors>
      <Author>
        <Name>Fred</Name>
        <Email>fweasley@hogwarts.co.uk</Email>
      </Author>
      <Author>
        <Name>George</Name>
        <Email>gweasley@hogwarts.co.uk</Email>
      </Author>
    </Authors>
    <name>Book2</name>
  </book>
  <book year="2014" isbn="ISBN83763550019---11">
    <Authors>
      <Author>
        <Name>Fred</Name>
        <Email>fweasley@hogwarts.co.uk</Email>
      </Author>
      <Author>
        <Name>George</Name>
        <Email>gweasley@hogwarts.co.uk</Email>
      </Author>
    </Authors>
    <name>Book1</name>
  </book>
  <book year="2014" isbn="ISBN83763550019---11">
    <Authors>
      <Author>
        <Name>Fred</Name>
        <Email>fweasley@hogwarts.co.uk</Email>
      </Author>
      <Author>
        <Name>George</Name>
        <Email>gweasley@hogwarts.co.uk</Email>
      </Author>
    </Authors>
    <name>Book2</name>
  </book>
  <book year="2014" isbn="ISBN83763550019---11">
    <Authors>
      <Author>
        <Name>Fred</Name>
        <Email>fweasley@hogwarts.co.uk</Email>
      </Author>
      <Author>
        <Name>George</Name>
        <Email>gweasley@hogwarts.co.uk</Email>
      </Author>
    </Authors>
    <name>Book1</name>
  </book>
  <book year="2014" isbn="ISBN83763550019---11">
    <Authors>
      <Author>
        <Name>Fred</Name>
        <Email>fweasley@hogwarts.co.uk</Email>
      </Author>
      <Author>
        <Name>George</Name>
        <Email>gweasley@hogwarts.co.uk</Email>
      </Author>
    </Authors>
    <name>Book2</name>
  </book>
  <book>
    <Authors>
      <Author>
        <Name>Fred</Name>
        <Email>fweasley@hogwarts.co.uk</Email>
      </Author>
      <Author>
        <Name>George</Name>
        <Email>gweasley@hogwarts.co.uk</Email>
      </Author>
    </Authors>
    <name>Book1</name>
  </book>
  <book>
    <Authors>
      <Author>
        <Name>Fred</Name>
        <Email>fweasley@hogwarts.co.uk</Email>
      </Author>
      <Author>
        <Name>George</Name>
        <Email>gweasley@hogwarts.co.uk</Email>
      </Author>
    </Authors>
    <name>Book1</name>
  </book>
  <book>
    <Authors>
      <Author>
        <Name>Fred</Name>
        <Email>fweasley@hogwarts.co.uk</Email>
      </Author>
      <Author>
        <Name>George</Name>
        <Email>gweasley@hogwarts.co.uk</Email>
      </Author>
    </Authors>
    <name>Book1</name>
  </book>
  <book>
    <Authors>
      <Author>
        <Name>Fred</Name>
        <Email>fweasley@hogwarts.co.uk</Email>
      </Author>
      <Author>
        <Name>George</Name>
        <Email>gweasley@hogwarts.co.uk</Email>
      </Author>
    </Authors>
    <name>Book1</name>
  </book>
  <book>
    <Authors>
      <Author>
        <Name>Fred</Name>
        <Email>fweasley@hogwarts.co.uk</Email>
      </Author>
      <Author>
        <Name>George</Name>
        <Email>gweasley@hogwarts.co.uk</Email>
      </Author>
    </Authors>
    <name>Book1</name>
  </book>
  <book>
    <Authors>
      <Author>
        <Name>Fred</Name>
        <Email>fweasley@hogwarts.co.uk</Email>
      </Author>
      <Author>
        <Name>George</Name>
        <Email>gweasley@hogwarts.co.uk</Email>
      </Author>
    </Authors>
    <name>Book1</name>
  </book>
  <book>
    <Authors>
      <Author>
        <Name>Fred</Name>
        <Email>fweasley@hogwarts.co.uk</Email>
      </Author>
      <Author>
        <Name>George</Name>
        <Email>gweasley@hogwarts.co.uk</Email>
      </Author>
    </Authors>
    <name>Book1</name>
  </book>
  <book>
    <Authors>
      <Author>
        <Name>Fred</Name>
        <Email>fweasley@hogwarts.co.uk</Email>
      </Author>
      <Author>
        <Name>George</Name>
        <Email>gweasley@hogwarts.co.uk</Email>
      </Author>
    </Authors>
    <name>Book1</name>
  </book>
  <book>
    <Authors>
      <Author>
        <Name>Fred</Name>
        <Email>fweasley@hogwarts.co.uk</Email>
      </Author>
      <Author>
        <Name>George</Name>
        <Email>gweasley@hogwarts.co.uk</Email>
      </Author>
    </Authors>
    <name>Book1</name>
  </book>
  <book>
    <Authors>
      <Author>
        <Name>Fred</Name>
        <Email>fweasley@hogwarts.co.uk</Email>
      </Author>
      <Author>
        <Name>George</Name>
        <Email>gweasley@hogwarts.co.uk</Email>
      </Author>
    </Authors>
    <name>Book1</name>
  </book>
  <book>
    <Authors>
      <Author>
        <Name>Fred</Name>
        <Email>fweasley@hogwarts.co.uk</Email>
      </Author>
      <Author>
        <Name>George</Name>
        <Email>gweasley@hogwarts.co.uk</Email>
      </Author>
    </Authors>
    <name>Book1</name>
  </book>
  <book>
    <Authors>
      <Author>
        <Name>Fred</Name>
        <Email>fweasley@hogwarts.co.uk</Email>
      </Author>
      <Author>
        <Name>George</Name>
        <Email>gweasley@hogwarts.co.uk</Email>
      </Author>
    </Authors>
    <name>Book1</name>
  </book>
  <book>
    <Authors>
      <Author>
        <Name>Fred</Name>
        <Email>fweasley@hogwarts.co.uk</Email>
      </Author>
      <Author>
        <Name>George</Name>
        <Email>gweasley@hogwarts.co.uk</Email>
      </Author>
    </Authors>
    <name>Book1</name>
  </book>
  <book>
    <Authors>
      <Author>
        <Name>Fred</Name>
        <Email>fweasley@hogwarts.co.uk</Email>
      </Author>
      <Author>
        <Name>George</Name>
        <Email>gweasley@hogwarts.co.uk</Email>
      </Author>
    </Authors>
    <name>Book1</name>
  </book>
  <book>
    <Authors>
      <Author>
        <Name>Fred</Name>
        <Email>fweasley@hogwarts.co.uk</Email>
      </Author>
      <Author>
        <Name>George</Name>
        <Email>gweasley@hogwarts.co.uk</Email>
      </Author>
    </Authors>
    <name>Book1</name>
  </book>
  <book>
    <Authors>
      <Author>
        <Name>Fred</Name>
        <Email>fweasley@hogwarts.co.uk</Email>
      </Author>
      <Author>
        <Name>George</Name>
        <Email>gweasley@hogwarts.co.uk</Email>
      </Author>
    </Authors>
    <name>Book1</name>
  </book>
  <book>
    <Authors>
      <Author>
        <Name>Fred</Name>
        <Email>fweasley@hogwarts.co.uk</Email>
      </Author>
      <Author>
        <Name>George</Name>
        <Email>gweasley@hogwarts.co.uk</Email>
      </Author>
    </Authors>
    <name>Book1</name>
  </book>
  <book>
    <Authors>
      <Author>
        <Name>Fred</Name>
        <Email>fweasley@hogwarts.co.uk</Email>
      </Author>
      <Author>
        <Name>George</Name>
        <Email>gweasley@hogwarts.co.uk</Email>
      </Author>
    </Authors>
    <name>Book1</name>
  </book>
  <book>
    <Authors>
      <Author>
        <Name>Fred</Name>
        <Email>fweasley@hogwarts.co.uk</Email>
      </Author>
      <Author>
        <Name>George</Name>
        <Email>gweasley@hogwarts.co.uk</Email>
      </Author>
    </Authors>
    <name>Book1</name>
  </book>
  <book>
    <Authors>
      <Author>
        <Name>Fred</Name>
        <Email>fweasley@hogwarts.co.uk</Email>
      </Author>
      <Author>
        <Name>George</Name>
        <Email>gweasley@hogwarts.co.uk</Email>
      </Author>
    </Authors>
    <name>Book1</name>
  </book>
  <book>
    <Authors>
      <Author>
        <Name>Fred</Name>
        <Email>fweasley@hogwarts.co.uk</Email>
      </Author>
      <Author>
        <Name>George</Name>
        <Email>gweasley@hogwarts.co.uk</Email>
      </Author>
    </Authors>
    <name>Book1</name>
  </book>
  <book>
    <Authors>
      <Author>
        <Name>Fred</Name>
        <Email>fweasley@hogwarts.co.uk</Email>
      </Author>
      <Author>
        <Name>George</Name>
        <Email>gweasley@hogwarts.co.uk</Email>
      </Author>
    </Authors>
    <name>Book1</name>
  </book>
  <book>
    <Authors>
      <Author>
        <Name>Fred</Name>
        <Email>fweasley@hogwarts.co.uk</Email>
      </Author>
      <Author>
        <Name>George</Name>
        <Email>gweasley@hogwarts.co.uk</Email>
      </Author>
    </Authors>
    <name>Book1</name>
  </book>
  <book>
    <Authors>
      <Author>
        <Name>Fred</Name>
        <Email>fweasley@hogwarts.co.uk</Email>
      </Author>
      <Author>
        <Name>George</Name>
        <Email>gweasley@hogwarts.co.uk</Email>
      </Author>
    </Authors>
    <name>Book1</name>
  </book>
  <book>
    <Authors>
      <Author>
        <Name>Fred</Name>
        <Email>fweasley@hogwarts.co.uk</Email>
      </Author>
      <Author>
        <Name>George</Name>
        <Email>gweasley@hogwarts.co.uk</Email>
      </Author>
    </Authors>
    <name>Book1</name>
  </book>
  <book>
    <Authors>
      <Author>
        <Name>Fred</Name>
        <Email>fweasley@hogwarts.co.uk</Email>
      </Author>
      <Author>
        <Name>George</Name>
        <Email>gweasley@hogwarts.co.uk</Email>
      </Author>
    </Authors>
    <name>Book1</name>
  </book>
  <book>
    <Authors>
      <Author>
        <Name>Fred</Name>
        <Email>fweasley@hogwarts.co.uk</Email>
      </Author>
      <Author>
        <Name>George</Name>
        <Email>gweasley@hogwarts.co.uk</Email>
      </Author>
    </Authors>
    <name>Book1</name>
  </book>
  <book>
    <Authors>
      <Author>
        <Name>Fred</Name>
        <Email>fweasley@hogwarts.co.uk</Email>
      </Author>
      <Author>
        <Name>George</Name>
        <Email>gweasley@hogwarts.co.uk</Email>
      </Author>
    </Authors>
    <name>Book1</name>
  </book>
  <book>
    <Authors>
      <Author>
        <Name>Fred</Name>
        <Email>fweasley@hogwarts.co.uk</Email>
      </Author>
      <Author>
        <Name>George</Name>
        <Email>gweasley@hogwarts.co.uk</Email>
      </Author>
    </Authors>
    <name>Book1</name>
  </book>
  <book>
    <Authors>
      <Author>
        <Name>Fred</Name>
        <Email>fweasley@hogwarts.co.uk</Email>
      </Author>
      <Author>
        <Name>George</Name>
        <Email>gweasley@hogwarts.co.uk</Email>
      </Author>
    </Authors>
    <name>Book1</name>
  </book>
  <book>
    <Authors>
      <Author>
        <Name>Fred</Name>
        <Email>fweasley@hogwarts.co.uk</Email>
      </Author>
      <Author>
        <Name>George</Name>
        <Email>gweasley@hogwarts.co.uk</Email>
      </Author>
    </Authors>
    <name>Book1</name>
  </book>
  <book>
    <Authors>
      <Author>
        <Name>Fred</Name>
        <Email>fweasley@hogwarts.co.uk</Email>
      </Author>
      <Author>
        <Name>George</Name>
        <Email>gweasley@hogwarts.co.uk</Email>
      </Author>
    </Authors>
    <name>Book1</name>
  </book>
  <book>
    <Authors>
      <Author>
        <Name>Fred</Name>
        <Email>fweasley@hogwarts.co.uk</Email>
      </Author>
      <Author>
        <Name>George</Name>
        <Email>gweasley@hogwarts.co.uk</Email>
      </Author>
    </Authors>
    <name>Book1</name>
  </book>
  <book>
    <Authors>
      <Author>
        <Name>Fred</Name>
        <Email>fweasley@hogwarts.co.uk</Email>
      </Author>
      <Author>
        <Name>George</Name>
        <Email>gweasley@hogwarts.co.uk</Email>
      </Author>
    </Authors>
    <name>Book1</name>
  </book>
  <book>
    <Authors>
      <Author>
        <Name>Fred</Name>
        <Email>fweasley@hogwarts.co.uk</Email>
      </Author>
      <Author>
        <Name>George</Name>
        <Email>gweasley@hogwarts.co.uk</Email>
      </Author>
    </Authors>
    <name>Book1</name>
  </book>
  <book>
    <Authors>
      <Author>
        <Name>Fred</Name>
        <Email>fweasley@hogwarts.co.uk</Email>
      </Author>
      <Author>
        <Name>George</Name>
        <Email>gweasley@hogwarts.co.uk</Email>
      </Author>
    </Authors>
    <name>Book1</name>
  </book>
  <book>
    <Authors>
      <Author>
        <Name>Fred</Name>
        <Email>fweasley@hogwarts.co.uk</Email>
      </Author>
      <Author>
        <Name>George</Name>
        <Email>gweasley@hogwarts.co.uk</Email>
      </Author>
    </Authors>
    <name>Book1</name>
  </book>
  <book>
    <Authors>
      <Author>
        <Name>Fred</Name>
        <Email>fweasley@hogwarts.co.uk</Email>
      </Author>
      <Author>
        <Name>George</Name>
        <Email>gweasley@hogwarts.co.uk</Email>
      </Author>
    </Authors>
    <name>Book1</name>
  </book>
  <book>
    <Authors>
      <Author>
        <Name>Fred</Name>
        <Email>fweasley@hogwarts.co.uk</Email>
      </Author>
      <Author>
        <Name>George</Name>
        <Email>gweasley@hogwarts.co.uk</Email>
      </Author>
    </Authors>
    <name>Book1</name>
  </book>
  <book>
    <Authors>
      <Author>
        <Name>Fred</Name>
        <Email>fweasley@hogwarts.co.uk</Email>
      </Author>
      <Author>
        <Name>George</Name>
        <Email>gweasley@hogwarts.co.uk</Email>
      </Author>
    </Authors>
    <name>Book1</name>
  </book>
  <book>
    <Authors>
      <Author>
        <Name>Fred</Name>
        <Email>fweasley@hogwarts.co.uk</Email>
      </Author>
      <Author>
        <Name>George</Name>
        <Email>gweasley@hogwarts.co.uk</Email>
      </Author>
    </Authors>
    <name>Book1</name>
  </book>
  <book>
    <Authors>
      <Author>
        <Name>Fred</Name>
        <Email>fweasley@hogwarts.co.uk</Email>
      </Author>
      <Author>
        <Name>George</Name>
        <Email>gweasley@hogwarts.co.uk</Email>
      </Author>
    </Authors>
    <name>Book1</name>
  </book>
  <book>
    <Authors>
      <Author>
        <Name>Fred</Name>
        <Email>fweasley@hogwarts.co.uk</Email>
      </Author>
      <Author>
        <Name>George</Name>
        <Email>gweasley@hogwarts.co.uk</Email>
      </Author>
    </Authors>
    <name>Book1</name>
  </book>
  <book>
    <Authors>
      <Author>
        <Name>Fred</Name>
        <Email>fweasley@hogwarts.co.uk</Email>
      </Author>
      <Author>
        <Name>George</Name>
        <Email>gweasley@hogwarts.co.uk</Email>
      </Author>
    </Authors>
    <name>Book1</name>
  </book>
  <book>
    <Authors>
      <Author>
        <Name>Fred</Name>
        <Email>fweasley@hogwarts.co.uk</Email>
      </Author>
      <Author>
        <Name>George</Name>
        <Email>gweasley@hogwarts.co.uk</Email>
      </Author>
    </Authors>
    <name>Book1</name>
  </book>
  <book>
    <Authors>
      <Author>
        <Name>Fred</Name>
        <Email>fweasley@hogwarts.co.uk</Email>
      </Author>
      <Author>
        <Name>George</Name>
        <Email>gweasley@hogwarts.co.uk</Email>
      </Author>
    </Authors>
    <name>Book1</name>
  </book>
  <book>
    <Authors>
      <Author>
        <Name>Fred</Name>
        <Email>fweasley@hogwarts.co.uk</Email>
      </Author>
      <Author>
        <Name>George</Name>
        <Email>gweasley@hogwarts.co.uk</Email>
      </Author>
    </Authors>
    <name>Book1</name>
  </book>
  <book>
    <Authors>
      <Author>
        <Name>Fred</Name>
        <Email>fweasley@hogwarts.co.uk</Email>
      </Author>
      <Author>
        <Name>George</Name>
        <Email>gweasley@hogwarts.co.uk</Email>
      </Author>
    </Authors>
    <name>Book1</name>
  </book>
  <book>
    <Authors>
      <Author>
        <Name>Fred</Name>
        <Email>fweasley@hogwarts.co.uk</Email>
      </Author>
      <Author>
        <Name>George</Name>
        <Email>gweasley@hogwarts.co.uk</Email>
      </Author>
    </Authors>
    <name>Book1</name>
  </book>
  <book>
    <Authors>
      <Author>
        <Name>Fred</Name>
        <Email>fweasley@hogwarts.co.uk</Email>
      </Author>
      <Author>
        <Name>George</Name>
        <Email>gweasley@hogwarts.co.uk</Email>
      </Author>
    </Authors>
    <name>Book1</name>
  </book>
  <book>
    <Authors>
      <Author>
        <Name>Fred</Name>
        <Email>fweasley@hogwarts.co.uk</Email>
      </Author>
      <Author>
        <Name>George</Name>
        <Email>gweasley@hogwarts.co.uk</Email>
      </Author>
    </Authors>
    <name>Book1</name>
  </book>
  <book>
    <Authors>
      <Author>
        <Name>Fred</Name>
        <Email>fweasley@hogwarts.co.uk</Email>
      </Author>
      <Author>
        <Name>George</Name>
        <Email>gweasley@hogwarts.co.uk</Email>
      </Author>
    </Authors>
    <name>Book1</name>
  </book>
  <book>
    <Authors>
      <Author>
        <Name>Fred</Name>
        <Email>fweasley@hogwarts.co.uk</Email>
      </Author>
      <Author>
        <Name>George</Name>
        <Email>gweasley@hogwarts.co.uk</Email>
      </Author>
    </Authors>
    <name>Book1</name>
  </book>
  <book>
    <Authors>
      <Author>
        <Name>Fred</Name>
        <Email>fweasley@hogwarts.co.uk</Email>
      </Author>
      <Author>
        <Name>George</Name>
        <Email>gweasley@hogwarts.co.uk</Email>
      </Author>
    </Authors>
    <name>Book1</name>
  </book>
  <book>
    <Authors>
      <Author>
        <Name>Fred</Name>
        <Email>fweasley@hogwarts.co.uk</Email>
      </Author>
      <Author>
        <Name>George</Name>
        <Email>gweasley@hogwarts.co.uk</Email>
      </Author>
    </Authors>
    <name>Book1</name>
  </book>
  <book>
    <Authors>
      <Author>
        <Name>Fred</Name>
        <Email>fweasley@hogwarts.co.uk</Email>
      </Author>
      <Author>
        <Name>George</Name>
        <Email>gweasley@hogwarts.co.uk</Email>
      </Author>
    </Authors>
    <name>Book1</name>
  </book>
  <book>
    <Authors>
      <Author>
        <Name>Fred</Name>
        <Email>fweasley@hogwarts.co.uk</Email>
      </Author>
      <Author>
        <Name>George</Name>
        <Email>gweasley@hogwarts.co.uk</Email>
      </Author>
    </Authors>
    <name>Book1</name>
  </book>
  <book>
    <Authors>
      <Author>
        <Name>Fred</Name>
        <Email>fweasley@hogwarts.co.uk</Email>
      </Author>
      <Author>
        <Name>George</Name>
        <Email>gweasley@hogwarts.co.uk</Email>
      </Author>
    </Authors>
    <name>Book1</name>
  </book>
  <book>
    <Authors>
      <Author>
        <Name>Fred</Name>
        <Email>fweasley@hogwarts.co.uk</Email>
      </Author>
      <Author>
        <Name>George</Name>
        <Email>gweasley@hogwarts.co.uk</Email>
      </Author>
    </Authors>
    <name>Book1</name>
  </book>
  <book>
    <Authors>
      <Author>
        <Name>Fred</Name>
        <Email>fweasley@hogwarts.co.uk</Email>
      </Author>
      <Author>
        <Name>George</Name>
        <Email>gweasley@hogwarts.co.uk</Email>
      </Author>
    </Authors>
    <name>Book1</name>
  </book>
  <book>
    <Authors>
      <Author>
        <Name>Fred</Name>
        <Email>fweasley@hogwarts.co.uk</Email>
      </Author>
      <Author>
        <Name>George</Name>
        <Email>gweasley@hogwarts.co.uk</Email>
      </Author>
    </Authors>
    <name>Book1</name>
  </book>
  <book>
    <Authors>
      <Author>
        <Name>Fred</Name>
        <Email>fweasley@hogwarts.co.uk</Email>
      </Author>
      <Author>
        <Name>George</Name>
        <Email>gweasley@hogwarts.co.uk</Email>
      </Author>
    </Authors>
    <name>Book1</name>
  </book>
  <book>
    <Authors>
      <Author>
        <Name>Fred</Name>
        <Email>fweasley@hogwarts.co.uk</Email>
      </Author>
      <Author>
        <Name>George</Name>
        <Email>gweasley@hogwarts.co.uk</Email>
      </Author>
    </Authors>
    <name>Book1</name>
  </book>
  <book>
    <Authors>
      <Author>
        <Name>Fred</Name>
        <Email>fweasley@hogwarts.co.uk</Email>
      </Author>
      <Author>
        <Name>George</Name>
        <Email>gweasley@hogwarts.co.uk</Email>
      </Author>
    </Authors>
    <name>Book1</name>
  </book>
  <book>
    <Authors>
      <Author>
        <Name>Fred</Name>
        <Email>fweasley@hogwarts.co.uk</Email>
      </Author>
      <Author>
        <Name>George</Name>
        <Email>gweasley@hogwarts.co.uk</Email>
      </Author>
    </Authors>
    <name>Book1</name>
  </book>
  <book>
    <Authors>
      <Author>
        <Name>Fred</Name>
        <Email>fweasley@hogwarts.co.uk</Email>
      </Author>
      <Author>
        <Name>George</Name>
        <Email>gweasley@hogwarts.co.uk</Email>
      </Author>
    </Authors>
    <name>Book1</name>
  </book>
  <book>
    <Authors>
      <Author>
        <Name>Fred</Name>
        <Email>fweasley@hogwarts.co.uk</Email>
      </Author>
      <Author>
        <Name>George</Name>
        <Email>gweasley@hogwarts.co.uk</Email>
      </Author>
    </Authors>
    <name>Book1</name>
  </book>
  <book>
    <Authors>
      <Author>
        <Name>Fred</Name>
        <Email>fweasley@hogwarts.co.uk</Email>
      </Author>
      <Author>
        <Name>George</Name>
        <Email>gweasley@hogwarts.co.uk</Email>
      </Author>
    </Authors>
    <name>Book1</name>
  </book>
  <book>
    <Authors>
      <Author>
        <Name>Fred</Name>
        <Email>fweasley@hogwarts.co.uk</Email>
      </Author>
      <Author>
        <Name>George</Name>
        <Email>gweasley@hogwarts.co.uk</Email>
      </Author>
    </Authors>
    <name>Book1</name>
  </book>
  <book>
    <Authors>
      <Author>
        <Name>Fred</Name>
        <Email>fweasley@hogwarts.co.uk</Email>
      </Author>
      <Author>
        <Name>George</Name>
        <Email>gweasley@hogwarts.co.uk</Email>
      </Author>
    </Authors>
    <name>Book1</name>
  </book>
  <book>
    <Authors>
      <Author>
        <Name>Fred</Name>
        <Email>fweasley@hogwarts.co.uk</Email>
      </Author>
      <Author>
        <Name>George</Name>
        <Email>gweasley@hogwarts.co.uk</Email>
      </Author>
    </Authors>
    <name>Book1</name>
  </book>
  <book>
    <Authors>
      <Author>
        <Name>Fred</Name>
        <Email>fweasley@hogwarts.co.uk</Email>
      </Author>
      <Author>
        <Name>George</Name>
        <Email>gweasley@hogwarts.co.uk</Email>
      </Author>
    </Authors>
    <name>Book1</name>
  </book>
  <book>
    <Authors>
      <Author>
        <Name>Fred</Name>
        <Email>fweasley@hogwarts.co.uk</Email>
      </Author>
      <Author>
        <Name>George</Name>
        <Email>gweasley@hogwarts.co.uk</Email>
      </Author>
    </Authors>
    <name>Book1</name>
  </book>
  <book>
    <Authors>
      <Author>
        <Name>Fred</Name>
        <Email>fweasley@hogwarts.co.uk</Email>
      </Author>
      <Author>
        <Name>George</Name>
        <Email>gweasley@hogwarts.co.uk</Email>
      </Author>
    </Authors>
    <name>Book1</name>
  </book>
  <book>
    <Authors>
      <Author>
        <Name>Fred</Name>
        <Email>fweasley@hogwarts.co.uk</Email>
      </Author>
      <Author>
        <Name>George</Name>
        <Email>gweasley@hogwarts.co.uk</Email>
      </Author>
    </Authors>
    <name>Book1</name>
  </book>
  <book>
    <Authors>
      <Author>
        <Name>Fred</Name>
        <Email>fweasley@hogwarts.co.uk</Email>
      </Author>
      <Author>
        <Name>George</Name>
        <Email>gweasley@hogwarts.co.uk</Email>
      </Author>
    </Authors>
    <name>Book1</name>
  </book>
  <book>
    <Authors>
      <Author>
        <Name>Fred</Name>
        <Email>fweasley@hogwarts.co.uk</Email>
      </Author>
      <Author>
        <Name>George</Name>
        <Email>gweasley@hogwarts.co.uk</Email>
      </Author>
    </Authors>
    <name>Book1</name>
  </book>
  <book>
    <Authors>
      <Author>
        <Name>Fred</Name>
        <Email>fweasley@hogwarts.co.uk</Email>
      </Author>
      <Author>
        <Name>George</Name>
        <Email>gweasley@hogwarts.co.uk</Email>
      </Author>
    </Authors>
    <name>Book1</name>
  </book>
  <book>
    <Authors>
      <Author>
        <Name>Fred</Name>
        <Email>fweasley@hogwarts.co.uk</Email>
      </Author>
      <Author>
        <Name>George</Name>
        <Email>gweasley@hogwarts.co.uk</Email>
      </Author>
    </Authors>
    <name>Book1</name>
  </book>
  <book>
    <Authors>
      <Author>
        <Name>Fred</Name>
        <Email>fweasley@hogwarts.co.uk</Email>
      </Author>
      <Author>
        <Name>George</Name>
        <Email>gweasley@hogwarts.co.uk</Email>
      </Author>
    </Authors>
    <name>Book1</name>
  </book>
  <book>
    <Authors>
      <Author>
        <Name>Fred</Name>
        <Email>fweasley@hogwarts.co.uk</Email>
      </Author>
      <Author>
        <Name>George</Name>
        <Email>gweasley@hogwarts.co.uk</Email>
      </Author>
    </Authors>
    <name>Book1</name>
  </book>
  <book>
    <Authors>
      <Author>
        <Name>Fred</Name>
        <Email>fweasley@hogwarts.co.uk</Email>
      </Author>
      <Author>
        <Name>George</Name>
        <Email>gweasley@hogwarts.co.uk</Email>
      </Author>
    </Authors>
    <name>Book1</name>
  </book>
  <book>
    <Authors>
      <Author>
        <Name>Fred</Name>
        <Email>fweasley@hogwarts.co.uk</Email>
      </Author>
      <Author>
        <Name>George</Name>
        <Email>gweasley@hogwarts.co.uk</Email>
      </Author>
    </Authors>
    <name>Book1</name>
  </book>
  <book>
    <Authors>
      <Author>
        <Name>Fred</Name>
        <Email>fweasley@hogwarts.co.uk</Email>
      </Author>
      <Author>
        <Name>George</Name>
        <Email>gweasley@hogwarts.co.uk</Email>
      </Author>
    </Authors>
    <name>Book1</name>
  </book>
  <book>
    <Authors>
      <Author>
        <Name>Fred</Name>
        <Email>fweasley@hogwarts.co.uk</Email>
      </Author>
      <Author>
        <Name>George</Name>
        <Email>gweasley@hogwarts.co.uk</Email>
      </Author>
    </Authors>
    <name>Book1</name>
  </book>
  <book>
    <Authors>
      <Author>
        <Name>Fred</Name>
        <Email>fweasley@hogwarts.co.uk</Email>
      </Author>
      <Author>
        <Name>George</Name>
        <Email>gweasley@hogwarts.co.uk</Email>
      </Author>
    </Authors>
    <name>Book1</name>
  </book>
  <book>
    <Authors>
      <Author>
        <Name>Fred</Name>
        <Email>fweasley@hogwarts.co.uk</Email>
      </Author>
      <Author>
        <Name>George</Name>
        <Email>gweasley@hogwarts.co.uk</Email>
      </Author>
    </Authors>
    <name>Book1</name>
  </book>
  <book>
    <Authors>
      <Author>
        <Name>Fred</Name>
        <Email>fweasley@hogwarts.co.uk</Email>
      </Author>
      <Author>
        <Name>George</Name>
        <Email>gweasley@hogwarts.co.uk</Email>
      </Author>
    </Authors>
    <name>Book1</name>
  </book>
  <book>
    <Authors>
      <Author>
        <Name>Fred</Name>
        <Email>fweasley@hogwarts.co.uk</Email>
      </Author>
      <Author>
        <Name>George</Name>
        <Email>gweasley@hogwarts.co.uk</Email>
      </Author>
    </Authors>
    <name>Book1</name>
  </book>
  <book>
    <Authors>
      <Author>
        <Name>Fred</Name>
        <Email>fweasley@hogwarts.co.uk</Email>
      </Author>
      <Author>
        <Name>George</Name>
        <Email>gweasley@hogwarts.co.uk</Email>
      </Author>
    </Authors>
    <name>Book1</name>
  </book>
  <book>
    <Authors>
      <Author>
        <Name>Fred</Name>
        <Email>fweasley@hogwarts.co.uk</Email>
      </Author>
      <Author>
        <Name>George</Name>
        <Email>gweasley@hogwarts.co.uk</Email>
      </Author>
    </Authors>
    <name>Book1</name>
  </book>
  <book>
    <Authors>
      <Author>
        <Name>Fred</Name>
        <Email>fweasley@hogwarts.co.uk</Email>
      </Author>
      <Author>
        <Name>George</Name>
        <Email>gweasley@hogwarts.co.uk</Email>
      </Author>
    </Authors>
    <name>Book1</name>
  </book>
  <book>
    <Authors>
      <Author>
        <Name>Fred</Name>
        <Email>fweasley@hogwarts.co.uk</Email>
      </Author>
      <Author>
        <Name>George</Name>
        <Email>gweasley@hogwarts.co.uk</Email>
      </Author>
    </Authors>
    <name>Book1</name>
  </book>
  <book>
    <Authors>
      <Author>
        <Name>Fred</Name>
        <Email>fweasley@hogwarts.co.uk</Email>
      </Author>
      <Author>
        <Name>George</Name>
        <Email>gweasley@hogwarts.co.uk</Email>
      </Author>
    </Authors>
    <name>Book1</name>
  </book>
  <book>
    <Authors>
      <Author>
        <Name>Fred</Name>
        <Email>fweasley@hogwarts.co.uk</Email>
      </Author>
      <Author>
        <Name>George</Name>
        <Email>gweasley@hogwarts.co.uk</Email>
      </Author>
    </Authors>
    <name>Book1</name>
  </book>
  <book>
    <Authors>
      <Author>
        <Name>Fred</Name>
        <Email>fweasley@hogwarts.co.uk</Email>
      </Author>
      <Author>
        <Name>George</Name>
        <Email>gweasley@hogwarts.co.uk</Email>
      </Author>
    </Authors>
    <name>Book1</name>
  </book>
  <book>
    <Authors>
      <Author>
        <Name>Fred</Name>
        <Email>fweasley@hogwarts.co.uk</Email>
      </Author>
      <Author>
        <Name>George</Name>
        <Email>gweasley@hogwarts.co.uk</Email>
      </Author>
    </Authors>
    <name>Book1</name>
  </book>
  <book>
    <Authors>
      <Author>
        <Name>Fred</Name>
        <Email>fweasley@hogwarts.co.uk</Email>
      </Author>
      <Author>
        <Name>George</Name>
        <Email>gweasley@hogwarts.co.uk</Email>
      </Author>
    </Authors>
    <name>Book1</name>
  </book>
  <book>
    <Authors>
      <Author>
        <Name>Fred</Name>
        <Email>fweasley@hogwarts.co.uk</Email>
      </Author>
      <Author>
        <Name>George</Name>
        <Email>gweasley@hogwarts.co.uk</Email>
      </Author>
    </Authors>
    <name>Book1</name>
  </book>
  <book>
    <Authors>
      <Author>
        <Name>Fred</Name>
        <Email>fweasley@hogwarts.co.uk</Email>
      </Author>
      <Author>
        <Name>George</Name>
        <Email>gweasley@hogwarts.co.uk</Email>
      </Author>
    </Authors>
    <name>Book1</name>
  </book>
  <book>
    <Authors>
      <Author>
        <Name>Fred</Name>
        <Email>fweasley@hogwarts.co.uk</Email>
      </Author>
      <Author>
        <Name>George</Name>
        <Email>gweasley@hogwarts.co.uk</Email>
      </Author>
    </Authors>
    <name>Book1</name>
  </book>
  <book>
    <Authors>
      <Author>
        <Name>Fred</Name>
        <Email>fweasley@hogwarts.co.uk</Email>
      </Author>
      <Author>
        <Name>George</Name>
        <Email>gweasley@hogwarts.co.uk</Email>
      </Author>
    </Authors>
    <name>Book1</name>
  </book>
  <book>
    <Authors>
      <Author>
        <Name>Fred</Name>
        <Email>fweasley@hogwarts.co.uk</Email>
      </Author>
      <Author>
        <Name>George</Name>
        <Email>gweasley@hogwarts.co.uk</Email>
      </Author>
    </Authors>
    <name>Book1</name>
  </book>
  <book>
    <Authors>
      <Author>
        <Name>Fred</Name>
        <Email>fweasley@hogwarts.co.uk</Email>
      </Author>
      <Author>
        <Name>George</Name>
        <Email>gweasley@hogwarts.co.uk</Email>
      </Author>
    </Authors>
    <name>Book1</name>
  </book>
  <book>
    <Authors>
      <Author>
        <Name>Fred</Name>
        <Email>fweasley@hogwarts.co.uk</Email>
      </Author>
      <Author>
        <Name>George</Name>
        <Email>gweasley@hogwarts.co.uk</Email>
      </Author>
    </Authors>
    <name>Book1</name>
  </book>
  <book>
    <Authors>
      <Author>
        <Name>Fred</Name>
        <Email>fweasley@hogwarts.co.uk</Email>
      </Author>
      <Author>
        <Name>George</Name>
        <Email>gweasley@hogwarts.co.uk</Email>
      </Author>
    </Authors>
    <name>Book1</name>
  </book>
  <book>
    <Authors>
      <Author>
        <Name>Fred</Name>
        <Email>fweasley@hogwarts.co.uk</Email>
      </Author>
      <Author>
        <Name>George</Name>
        <Email>gweasley@hogwarts.co.uk</Email>
      </Author>
    </Authors>
    <name>Book1</name>
  </book>
  <book>
    <Authors>
      <Author>
        <Name>Fred</Name>
        <Email>fweasley@hogwarts.co.uk</Email>
      </Author>
      <Author>
        <Name>George</Name>
        <Email>gweasley@hogwarts.co.uk</Email>
      </Author>
    </Authors>
    <name>Book1</name>
  </book>
  <book>
    <Authors>
      <Author>
        <Name>Fred</Name>
        <Email>fweasley@hogwarts.co.uk</Email>
      </Author>
      <Author>
        <Name>George</Name>
        <Email>gweasley@hogwarts.co.uk</Email>
      </Author>
    </Authors>
    <name>Book1</name>
  </book>
  <book>
    <Authors>
      <Author>
        <Name>Fred</Name>
        <Email>fweasley@hogwarts.co.uk</Email>
      </Author>
      <Author>
        <Name>George</Name>
        <Email>gweasley@hogwarts.co.uk</Email>
      </Author>
    </Authors>
    <name>Book1</name>
  </book>
  <book>
    <Authors>
      <Author>
        <Name>Fred</Name>
        <Email>fweasley@hogwarts.co.uk</Email>
      </Author>
      <Author>
        <Name>George</Name>
        <Email>gweasley@hogwarts.co.uk</Email>
      </Author>
    </Authors>
    <name>Book1</name>
  </book>
  <book>
    <Authors>
      <Author>
        <Name>Fred</Name>
        <Email>fweasley@hogwarts.co.uk</Email>
      </Author>
      <Author>
        <Name>George</Name>
        <Email>gweasley@hogwarts.co.uk</Email>
      </Author>
    </Authors>
    <name>Book1</name>
  </book>
  <book>
    <Authors>
      <Author>
        <Name>Fred</Name>
        <Email>fweasley@hogwarts.co.uk</Email>
      </Author>
      <Author>
        <Name>George</Name>
        <Email>gweasley@hogwarts.co.uk</Email>
      </Author>
    </Authors>
    <name>Book1</name>
  </book>
  <book>
    <Authors>
      <Author>
        <Name>Fred</Name>
        <Email>fweasley@hogwarts.co.uk</Email>
      </Author>
      <Author>
        <Name>George</Name>
        <Email>gweasley@hogwarts.co.uk</Email>
      </Author>
    </Authors>
    <name>Book1</name>
  </book>
  <book>
    <Authors>
      <Author>
        <Name>Fred</Name>
        <Email>fweasley@hogwarts.co.uk</Email>
      </Author>
      <Author>
        <Name>George</Name>
        <Email>gweasley@hogwarts.co.uk</Email>
      </Author>
    </Authors>
    <name>Book1</name>
  </book>
  <book>
    <Authors>
      <Author>
        <Name>Fred</Name>
        <Email>fweasley@hogwarts.co.uk</Email>
      </Author>
      <Author>
        <Name>George</Name>
        <Email>gweasley@hogwarts.co.uk</Email>
      </Author>
    </Authors>
    <name>Book1</name>
  </book>
  <book>
    <Authors>
      <Author>
        <Name>Fred</Name>
        <Email>fweasley@hogwarts.co.uk</Email>
      </Author>
      <Author>
        <Name>George</Name>
        <Email>gweasley@hogwarts.co.uk</Email>
      </Author>
    </Authors>
    <name>Book1</name>
  </book>
  <book>
    <Authors>
      <Author>
        <Name>Fred</Name>
        <Email>fweasley@hogwarts.co.uk</Email>
      </Author>
      <Author>
        <Name>George</Name>
        <Email>gweasley@hogwarts.co.uk</Email>
      </Author>
    </Authors>
    <name>Book1</name>
  </book>
  <book>
    <Authors>
      <Author>
        <Name>Fred</Name>
        <Email>fweasley@hogwarts.co.uk</Email>
      </Author>
      <Author>
        <Name>George</Name>
        <Email>gweasley@hogwarts.co.uk</Email>
      </Author>
    </Authors>
    <name>Book1</name>
  </book>
  <book>
    <Authors>
      <Author>
        <Name>Fred</Name>
        <Email>fweasley@hogwarts.co.uk</Email>
      </Author>
      <Author>
        <Name>George</Name>
        <Email>gweasley@hogwarts.co.uk</Email>
      </Author>
    </Authors>
    <name>Book1</name>
  </book>
  <book>
    <Authors>
      <Author>
        <Name>Fred</Name>
        <Email>fweasley@hogwarts.co.uk</Email>
      </Author>
      <Author>
        <Name>George</Name>
        <Email>gweasley@hogwarts.co.uk</Email>
      </Author>
    </Authors>
    <name>Book1</name>
  </book>
  <book>
    <Authors>
      <Author>
        <Name>Fred</Name>
        <Email>fweasley@hogwarts.co.uk</Email>
      </Author>
      <Author>
        <Name>George</Name>
        <Email>gweasley@hogwarts.co.uk</Email>
      </Author>
    </Authors>
    <name>Book1</name>
  </book>
  <book>
    <Authors>
      <Author>
        <Name>Fred</Name>
        <Email>fweasley@hogwarts.co.uk</Email>
      </Author>
      <Author>
        <Name>George</Name>
        <Email>gweasley@hogwarts.co.uk</Email>
      </Author>
    </Authors>
    <name>Book1</name>
  </book>
  <book>
    <Authors>
      <Author>
        <Name>Fred</Name>
        <Email>fweasley@hogwarts.co.uk</Email>
      </Author>
      <Author>
        <Name>George</Name>
        <Email>gweasley@hogwarts.co.uk</Email>
      </Author>
    </Authors>
    <name>Book1</name>
  </book>
  <book>
    <Authors>
      <Author>
        <Name>Fred</Name>
        <Email>fweasley@hogwarts.co.uk</Email>
      </Author>
      <Author>
        <Name>George</Name>
        <Email>gweasley@hogwarts.co.uk</Email>
      </Author>
    </Authors>
    <name>Book1</name>
  </book>
  <book>
    <Authors>
      <Author>
        <Name>Fred</Name>
        <Email>fweasley@hogwarts.co.uk</Email>
      </Author>
      <Author>
        <Name>George</Name>
        <Email>gweasley@hogwarts.co.uk</Email>
      </Author>
    </Authors>
    <name>Book1</name>
  </book>
  <book>
    <Authors>
      <Author>
        <Name>Fred</Name>
        <Email>fweasley@hogwarts.co.uk</Email>
      </Author>
      <Author>
        <Name>George</Name>
        <Email>gweasley@hogwarts.co.uk</Email>
      </Author>
    </Authors>
    <name>Book1</name>
  </book>
  <book>
    <Authors>
      <Author>
        <Name>Fred</Name>
        <Email>fweasley@hogwarts.co.uk</Email>
      </Author>
      <Author>
        <Name>George</Name>
        <Email>gweasley@hogwarts.co.uk</Email>
      </Author>
    </Authors>
    <name>Book1</name>
  </book>
  <book>
    <Authors>
      <Author>
        <Name>Fred</Name>
        <Email>fweasley@hogwarts.co.uk</Email>
      </Author>
      <Author>
        <Name>George</Name>
        <Email>gweasley@hogwarts.co.uk</Email>
      </Author>
    </Authors>
    <name>Book1</name>
  </book>
  <book>
    <Authors>
      <Author>
        <Name>Fred</Name>
        <Email>fweasley@hogwarts.co.uk</Email>
      </Author>
      <Author>
        <Name>George</Name>
        <Email>gweasley@hogwarts.co.uk</Email>
      </Author>
    </Authors>
    <name>Book1</name>
  </book>
  <book>
    <Authors>
      <Author>
        <Name>Fred</Name>
        <Email>fweasley@hogwarts.co.uk</Email>
      </Author>
      <Author>
        <Name>George</Name>
        <Email>gweasley@hogwarts.co.uk</Email>
      </Author>
    </Authors>
    <name>Book1</name>
  </book>
  <book>
    <Authors>
      <Author>
        <Name>Fred</Name>
        <Email>fweasley@hogwarts.co.uk</Email>
      </Author>
      <Author>
        <Name>George</Name>
        <Email>gweasley@hogwarts.co.uk</Email>
      </Author>
    </Authors>
    <name>Book1</name>
  </book>
  <book>
    <Authors>
      <Author>
        <Name>Fred</Name>
        <Email>fweasley@hogwarts.co.uk</Email>
      </Author>
      <Author>
        <Name>George</Name>
        <Email>gweasley@hogwarts.co.uk</Email>
      </Author>
    </Authors>
    <name>Book1</name>
  </book>
  <book>
    <Authors>
      <Author>
        <Name>Fred</Name>
        <Email>fweasley@hogwarts.co.uk</Email>
      </Author>
      <Author>
        <Name>George</Name>
        <Email>gweasley@hogwarts.co.uk</Email>
      </Author>
    </Authors>
    <name>Book1</name>
  </book>
  <book>
    <Authors>
      <Author>
        <Name>Fred</Name>
        <Email>fweasley@hogwarts.co.uk</Email>
      </Author>
      <Author>
        <Name>George</Name>
        <Email>gweasley@hogwarts.co.uk</Email>
      </Author>
    </Authors>
    <name>Book1</name>
  </book>
  <book>
    <Authors>
      <Author>
        <Name>Fred</Name>
        <Email>fweasley@hogwarts.co.uk</Email>
      </Author>
      <Author>
        <Name>George</Name>
        <Email>gweasley@hogwarts.co.uk</Email>
      </Author>
    </Authors>
    <name>Book1</name>
  </book>
  <book>
    <Authors>
      <Author>
        <Name>Fred</Name>
        <Email>fweasley@hogwarts.co.uk</Email>
      </Author>
      <Author>
        <Name>George</Name>
        <Email>gweasley@hogwarts.co.uk</Email>
      </Author>
    </Authors>
    <name>Book1</name>
  </book>
  <book>
    <Authors>
      <Author>
        <Name>Fred</Name>
        <Email>fweasley@hogwarts.co.uk</Email>
      </Author>
      <Author>
        <Name>George</Name>
        <Email>gweasley@hogwarts.co.uk</Email>
      </Author>
    </Authors>
    <name>Book1</name>
  </book>
  <book>
    <Authors>
      <Author>
        <Name>Fred</Name>
        <Email>fweasley@hogwarts.co.uk</Email>
      </Author>
      <Author>
        <Name>George</Name>
        <Email>gweasley@hogwarts.co.uk</Email>
      </Author>
    </Authors>
    <name>Book1</name>
  </book>
  <book>
    <Authors>
      <Author>
        <Name>Fred</Name>
        <Email>fweasley@hogwarts.co.uk</Email>
      </Author>
      <Author>
        <Name>George</Name>
        <Email>gweasley@hogwarts.co.uk</Email>
      </Author>
    </Authors>
    <name>Book1</name>
  </book>
  <book>
    <Authors>
      <Author>
        <Name>Fred</Name>
        <Email>fweasley@hogwarts.co.uk</Email>
      </Author>
      <Author>
        <Name>George</Name>
        <Email>gweasley@hogwarts.co.uk</Email>
      </Author>
    </Authors>
    <name>Book1</name>
  </book>
  <book>
    <Authors>
      <Author>
        <Name>Fred</Name>
        <Email>fweasley@hogwarts.co.uk</Email>
      </Author>
      <Author>
        <Name>George</Name>
        <Email>gweasley@hogwarts.co.uk</Email>
      </Author>
    </Authors>
    <name>Book1</name>
  </book>
  <book>
    <Authors>
      <Author>
        <Name>Fred</Name>
        <Email>fweasley@hogwarts.co.uk</Email>
      </Author>
      <Author>
        <Name>George</Name>
        <Email>gweasley@hogwarts.co.uk</Email>
      </Author>
    </Authors>
    <name>Book1</name>
  </book>
  <book>
    <Authors>
      <Author>
        <Name>Fred</Name>
        <Email>fweasley@hogwarts.co.uk</Email>
      </Author>
      <Author>
        <Name>George</Name>
        <Email>gweasley@hogwarts.co.uk</Email>
      </Author>
    </Authors>
    <name>Book1</name>
  </book>
  <book>
    <Authors>
      <Author>
        <Name>Fred</Name>
        <Email>fweasley@hogwarts.co.uk</Email>
      </Author>
      <Author>
        <Name>George</Name>
        <Email>gweasley@hogwarts.co.uk</Email>
      </Author>
    </Authors>
    <name>Book1</name>
  </book>
  <book>
    <Authors>
      <Author>
        <Name>Fred</Name>
        <Email>fweasley@hogwarts.co.uk</Email>
      </Author>
      <Author>
        <Name>George</Name>
        <Email>gweasley@hogwarts.co.uk</Email>
      </Author>
    </Authors>
    <name>Book1</name>
  </book>
  <book>
    <Authors>
      <Author>
        <Name>Fred</Name>
        <Email>fweasley@hogwarts.co.uk</Email>
      </Author>
      <Author>
        <Name>George</Name>
        <Email>gweasley@hogwarts.co.uk</Email>
      </Author>
    </Authors>
    <name>Book1</name>
  </book>
  <book>
    <Authors>
      <Author>
        <Name>Fred</Name>
        <Email>fweasley@hogwarts.co.uk</Email>
      </Author>
      <Author>
        <Name>George</Name>
        <Email>gweasley@hogwarts.co.uk</Email>
      </Author>
    </Authors>
    <name>Book1</name>
  </book>
  <book>
    <Authors>
      <Author>
        <Name>Fred</Name>
        <Email>fweasley@hogwarts.co.uk</Email>
      </Author>
      <Author>
        <Name>George</Name>
        <Email>gweasley@hogwarts.co.uk</Email>
      </Author>
    </Authors>
    <name>Book1</name>
  </book>
  <book>
    <Authors>
      <Author>
        <Name>Fred</Name>
        <Email>fweasley@hogwarts.co.uk</Email>
      </Author>
      <Author>
        <Name>George</Name>
        <Email>gweasley@hogwarts.co.uk</Email>
      </Author>
    </Authors>
    <name>Book1</name>
  </book>
  <book>
    <Authors>
      <Author>
        <Name>Fred</Name>
        <Email>fweasley@hogwarts.co.uk</Email>
      </Author>
      <Author>
        <Name>George</Name>
        <Email>gweasley@hogwarts.co.uk</Email>
      </Author>
    </Authors>
    <name>Book1</name>
  </book>
  <book>
    <Authors>
      <Author>
        <Name>Fred</Name>
        <Email>fweasley@hogwarts.co.uk</Email>
      </Author>
      <Author>
        <Name>George</Name>
        <Email>gweasley@hogwarts.co.uk</Email>
      </Author>
    </Authors>
    <name>Book1</name>
  </book>
  <book year="2014" isbn="ISBN83763550019---11">
    <Authors>
      <Author>
        <Name>Fred</Name>
        <Email>fweasley@hogwarts.co.uk</Email>
      </Author>
      <Author>
        <Name>George</Name>
        <Email>gweasley@hogwarts.co.uk</Email>
      </Author>
    </Authors>
    <name>Book1</name>
  </book>
  <book year="2014" isbn="ISBN83763550019---11">
    <Authors>
      <Author>
        <Name>Fred</Name>
        <Email>fweasley@hogwarts.co.uk</Email>
      </Author>
      <Author>
        <Name>George</Name>
        <Email>gweasley@hogwarts.co.uk</Email>
      </Author>
    </Authors>
    <name>Book2</name>
  </book>
  <book year="2014" isbn="ISBN83763550019---11">
    <Authors>
      <Author>
        <Name>Fred</Name>
        <Email>fweasley@hogwarts.co.uk</Email>
      </Author>
      <Author>
        <Name>George</Name>
        <Email>gweasley@hogwarts.co.uk</Email>
      </Author>
    </Authors>
    <name>Book1</name>
  </book>
  <book year="2014" isbn="ISBN83763550019---11">
    <Authors>
      <Author>
        <Name>Fred</Name>
        <Email>fweasley@hogwarts.co.uk</Email>
      </Author>
      <Author>
        <Name>George</Name>
        <Email>gweasley@hogwarts.co.uk</Email>
      </Author>
    </Authors>
    <name>Book2</name>
  </book>
  <book year="2014" isbn="ISBN83763550019---11">
    <Authors>
      <Author>
        <Name>Fred</Name>
        <Email>fweasley@hogwarts.co.uk</Email>
      </Author>
      <Author>
        <Name>George</Name>
        <Email>gweasley@hogwarts.co.uk</Email>
      </Author>
    </Authors>
    <name>Book1</name>
  </book>
  <book year="2014" isbn="ISBN83763550019---11">
    <Authors>
      <Author>
        <Name>Fred</Name>
        <Email>fweasley@hogwarts.co.uk</Email>
      </Author>
      <Author>
        <Name>George</Name>
        <Email>gweasley@hogwarts.co.uk</Email>
      </Author>
    </Authors>
    <name>Book2</name>
  </book>
  <book year="2014" isbn="ISBN83763550019---11">
    <Authors>
      <Author>
        <Name>Fred</Name>
        <Email>fweasley@hogwarts.co.uk</Email>
      </Author>
      <Author>
        <Name>George</Name>
        <Email>gweasley@hogwarts.co.uk</Email>
      </Author>
    </Authors>
    <name>Book1</name>
  </book>
  <book year="2014" isbn="ISBN83763550019---11">
    <Authors>
      <Author>
        <Name>Fred</Name>
        <Email>fweasley@hogwarts.co.uk</Email>
      </Author>
      <Author>
        <Name>George</Name>
        <Email>gweasley@hogwarts.co.uk</Email>
      </Author>
    </Authors>
    <name>Book2</name>
  </book>
  <book year="2014" isbn="ISBN83763550019---11">
    <Authors>
      <Author>
        <Name>Fred</Name>
        <Email>fweasley@hogwarts.co.uk</Email>
      </Author>
      <Author>
        <Name>George</Name>
        <Email>gweasley@hogwarts.co.uk</Email>
      </Author>
    </Authors>
    <name>Book1</name>
  </book>
  <book year="2014" isbn="ISBN83763550019---11">
    <Authors>
      <Author>
        <Name>Fred</Name>
        <Email>fweasley@hogwarts.co.uk</Email>
      </Author>
      <Author>
        <Name>George</Name>
        <Email>gweasley@hogwarts.co.uk</Email>
      </Author>
    </Authors>
    <name>Book2</name>
  </book>
  <book year="2014" isbn="ISBN83763550019---11">
    <Authors>
      <Author>
        <Name>Fred</Name>
        <Email>fweasley@hogwarts.co.uk</Email>
      </Author>
      <Author>
        <Name>George</Name>
        <Email>gweasley@hogwarts.co.uk</Email>
      </Author>
    </Authors>
    <name>Book1</name>
  </book>
  <book year="2014" isbn="ISBN83763550019---11">
    <Authors>
      <Author>
        <Name>Fred</Name>
        <Email>fweasley@hogwarts.co.uk</Email>
      </Author>
      <Author>
        <Name>George</Name>
        <Email>gweasley@hogwarts.co.uk</Email>
      </Author>
    </Authors>
    <name>Book2</name>
  </book>
  <book year="2014" isbn="ISBN83763550019---11">
    <Authors>
      <Author>
        <Name>Fred</Name>
        <Email>fweasley@hogwarts.co.uk</Email>
      </Author>
      <Author>
        <Name>George</Name>
        <Email>gweasley@hogwarts.co.uk</Email>
      </Author>
    </Authors>
    <name>Book1</name>
  </book>
  <book year="2014" isbn="ISBN83763550019---11">
    <Authors>
      <Author>
        <Name>Fred</Name>
        <Email>fweasley@hogwarts.co.uk</Email>
      </Author>
      <Author>
        <Name>George</Name>
        <Email>gweasley@hogwarts.co.uk</Email>
      </Author>
    </Authors>
    <name>Book2</name>
  </book>
  <book year="2014" isbn="ISBN83763550019---11">
    <Authors>
      <Author>
        <Name>Fred</Name>
        <Email>fweasley@hogwarts.co.uk</Email>
      </Author>
      <Author>
        <Name>George</Name>
        <Email>gweasley@hogwarts.co.uk</Email>
      </Author>
    </Authors>
    <name>Book1</name>
  </book>
  <book year="2014" isbn="ISBN83763550019---11">
    <Authors>
      <Author>
        <Name>Fred</Name>
        <Email>fweasley@hogwarts.co.uk</Email>
      </Author>
      <Author>
        <Name>George</Name>
        <Email>gweasley@hogwarts.co.uk</Email>
      </Author>
    </Authors>
    <name>Book2</name>
  </book>
  <book year="2014" isbn="ISBN83763550019---11">
    <Authors>
      <Author>
        <Name>Fred</Name>
        <Email>fweasley@hogwarts.co.uk</Email>
      </Author>
      <Author>
        <Name>George</Name>
        <Email>gweasley@hogwarts.co.uk</Email>
      </Author>
    </Authors>
    <name>Book1</name>
  </book>
  <book year="2014" isbn="ISBN83763550019---11">
    <Authors>
      <Author>
        <Name>Fred</Name>
        <Email>fweasley@hogwarts.co.uk</Email>
      </Author>
      <Author>
        <Name>George</Name>
        <Email>gweasley@hogwarts.co.uk</Email>
      </Author>
    </Authors>
    <name>Book2</name>
  </book>
  <book year="2014" isbn="ISBN83763550019---11">
    <Authors>
      <Author>
        <Name>Fred</Name>
        <Email>fweasley@hogwarts.co.uk</Email>
      </Author>
      <Author>
        <Name>George</Name>
        <Email>gweasley@hogwarts.co.uk</Email>
      </Author>
    </Authors>
    <name>Book1</name>
  </book>
  <book year="2014" isbn="ISBN83763550019---11">
    <Authors>
      <Author>
        <Name>Fred</Name>
        <Email>fweasley@hogwarts.co.uk</Email>
      </Author>
      <Author>
        <Name>George</Name>
        <Email>gweasley@hogwarts.co.uk</Email>
      </Author>
    </Authors>
    <name>Book2</name>
  </book>
  <book year="2014" isbn="ISBN83763550019---11">
    <Authors>
      <Author>
        <Name>Fred</Name>
        <Email>fweasley@hogwarts.co.uk</Email>
      </Author>
      <Author>
        <Name>George</Name>
        <Email>gweasley@hogwarts.co.uk</Email>
      </Author>
    </Authors>
    <name>Book1</name>
  </book>
  <book year="2014" isbn="ISBN83763550019---11">
    <Authors>
      <Author>
        <Name>Fred</Name>
        <Email>fweasley@hogwarts.co.uk</Email>
      </Author>
      <Author>
        <Name>George</Name>
        <Email>gweasley@hogwarts.co.uk</Email>
      </Author>
    </Authors>
    <name>Book2</name>
  </book>
  <book year="2014" isbn="ISBN83763550019---11">
    <Authors>
      <Author>
        <Name>Fred</Name>
        <Email>fweasley@hogwarts.co.uk</Email>
      </Author>
      <Author>
        <Name>George</Name>
        <Email>gweasley@hogwarts.co.uk</Email>
      </Author>
    </Authors>
    <name>Book1</name>
  </book>
  <book year="2014" isbn="ISBN83763550019---11">
    <Authors>
      <Author>
        <Name>Fred</Name>
        <Email>fweasley@hogwarts.co.uk</Email>
      </Author>
      <Author>
        <Name>George</Name>
        <Email>gweasley@hogwarts.co.uk</Email>
      </Author>
    </Authors>
    <name>Book2</name>
  </book>
  <book year="2014" isbn="ISBN83763550019---11">
    <Authors>
      <Author>
        <Name>Fred</Name>
        <Email>fweasley@hogwarts.co.uk</Email>
      </Author>
      <Author>
        <Name>George</Name>
        <Email>gweasley@hogwarts.co.uk</Email>
      </Author>
    </Authors>
    <name>Book1</name>
  </book>
  <book year="2014" isbn="ISBN83763550019---11">
    <Authors>
      <Author>
        <Name>Fred</Name>
        <Email>fweasley@hogwarts.co.uk</Email>
      </Author>
      <Author>
        <Name>George</Name>
        <Email>gweasley@hogwarts.co.uk</Email>
      </Author>
    </Authors>
    <name>Book2</name>
  </book>
  <book year="2014" isbn="ISBN83763550019---11">
    <Authors>
      <Author>
        <Name>Fred</Name>
        <Email>fweasley@hogwarts.co.uk</Email>
      </Author>
      <Author>
        <Name>George</Name>
        <Email>gweasley@hogwarts.co.uk</Email>
      </Author>
    </Authors>
    <name>Book1</name>
  </book>
  <book year="2014" isbn="ISBN83763550019---11">
    <Authors>
      <Author>
        <Name>Fred</Name>
        <Email>fweasley@hogwarts.co.uk</Email>
      </Author>
      <Author>
        <Name>George</Name>
        <Email>gweasley@hogwarts.co.uk</Email>
      </Author>
    </Authors>
    <name>Book2</name>
  </book>
  <book year="2014" isbn="ISBN83763550019---11">
    <Authors>
      <Author>
        <Name>Fred</Name>
        <Email>fweasley@hogwarts.co.uk</Email>
      </Author>
      <Author>
        <Name>George</Name>
        <Email>gweasley@hogwarts.co.uk</Email>
      </Author>
    </Authors>
    <name>Book1</name>
  </book>
  <book year="2014" isbn="ISBN83763550019---11">
    <Authors>
      <Author>
        <Name>Fred</Name>
        <Email>fweasley@hogwarts.co.uk</Email>
      </Author>
      <Author>
        <Name>George</Name>
        <Email>gweasley@hogwarts.co.uk</Email>
      </Author>
    </Authors>
    <name>Book2</name>
  </book>
  <book year="2014" isbn="ISBN83763550019---11">
    <Authors>
      <Author>
        <Name>Fred</Name>
        <Email>fweasley@hogwarts.co.uk</Email>
      </Author>
      <Author>
        <Name>George</Name>
        <Email>gweasley@hogwarts.co.uk</Email>
      </Author>
    </Authors>
    <name>Book1</name>
  </book>
  <book year="2014" isbn="ISBN83763550019---11">
    <Authors>
      <Author>
        <Name>Fred</Name>
        <Email>fweasley@hogwarts.co.uk</Email>
      </Author>
      <Author>
        <Name>George</Name>
        <Email>gweasley@hogwarts.co.uk</Email>
      </Author>
    </Authors>
    <name>Book2</name>
  </book>
  <book year="2014" isbn="ISBN83763550019---11">
    <Authors>
      <Author>
        <Name>Fred</Name>
        <Email>fweasley@hogwarts.co.uk</Email>
      </Author>
      <Author>
        <Name>George</Name>
        <Email>gweasley@hogwarts.co.uk</Email>
      </Author>
    </Authors>
    <name>Book1</name>
  </book>
  <book year="2014" isbn="ISBN83763550019---11">
    <Authors>
      <Author>
        <Name>Fred</Name>
        <Email>fweasley@hogwarts.co.uk</Email>
      </Author>
      <Author>
        <Name>George</Name>
        <Email>gweasley@hogwarts.co.uk</Email>
      </Author>
    </Authors>
    <name>Book2</name>
  </book>
  <book year="2014" isbn="ISBN83763550019---11">
    <Authors>
      <Author>
        <Name>Fred</Name>
        <Email>fweasley@hogwarts.co.uk</Email>
      </Author>
      <Author>
        <Name>George</Name>
        <Email>gweasley@hogwarts.co.uk</Email>
      </Author>
    </Authors>
    <name>Book1</name>
  </book>
  <book year="2014" isbn="ISBN83763550019---11">
    <Authors>
      <Author>
        <Name>Fred</Name>
        <Email>fweasley@hogwarts.co.uk</Email>
      </Author>
      <Author>
        <Name>George</Name>
        <Email>gweasley@hogwarts.co.uk</Email>
      </Author>
    </Authors>
    <name>Book2</name>
  </book>
  <book year="2014" isbn="ISBN83763550019---11">
    <Authors>
      <Author>
        <Name>Fred</Name>
        <Email>fweasley@hogwarts.co.uk</Email>
      </Author>
      <Author>
        <Name>George</Name>
        <Email>gweasley@hogwarts.co.uk</Email>
      </Author>
    </Authors>
    <name>Book1</name>
  </book>
  <book year="2014" isbn="ISBN83763550019---11">
    <Authors>
      <Author>
        <Name>Fred</Name>
        <Email>fweasley@hogwarts.co.uk</Email>
      </Author>
      <Author>
        <Name>George</Name>
        <Email>gweasley@hogwarts.co.uk</Email>
      </Author>
    </Authors>
    <name>Book2</name>
  </book>
  <book year="2014" isbn="ISBN83763550019---11">
    <Authors>
      <Author>
        <Name>Fred</Name>
        <Email>fweasley@hogwarts.co.uk</Email>
      </Author>
      <Author>
        <Name>George</Name>
        <Email>gweasley@hogwarts.co.uk</Email>
      </Author>
    </Authors>
    <name>Book1</name>
  </book>
  <book year="2014" isbn="ISBN83763550019---11">
    <Authors>
      <Author>
        <Name>Fred</Name>
        <Email>fweasley@hogwarts.co.uk</Email>
      </Author>
      <Author>
        <Name>George</Name>
        <Email>gweasley@hogwarts.co.uk</Email>
      </Author>
    </Authors>
    <name>Book2</name>
  </book>
  <book year="2014" isbn="ISBN83763550019---11">
    <Authors>
      <Author>
        <Name>Fred</Name>
        <Email>fweasley@hogwarts.co.uk</Email>
      </Author>
      <Author>
        <Name>George</Name>
        <Email>gweasley@hogwarts.co.uk</Email>
      </Author>
    </Authors>
    <name>Book1</name>
  </book>
  <book year="2014" isbn="ISBN83763550019---11">
    <Authors>
      <Author>
        <Name>Fred</Name>
        <Email>fweasley@hogwarts.co.uk</Email>
      </Author>
      <Author>
        <Name>George</Name>
        <Email>gweasley@hogwarts.co.uk</Email>
      </Author>
    </Authors>
    <name>Book2</name>
  </book>
  <book year="2014" isbn="ISBN83763550019---11">
    <Authors>
      <Author>
        <Name>Fred</Name>
        <Email>fweasley@hogwarts.co.uk</Email>
      </Author>
      <Author>
        <Name>George</Name>
        <Email>gweasley@hogwarts.co.uk</Email>
      </Author>
    </Authors>
    <name>Book1</name>
  </book>
  <book year="2014" isbn="ISBN83763550019---11">
    <Authors>
      <Author>
        <Name>Fred</Name>
        <Email>fweasley@hogwarts.co.uk</Email>
      </Author>
      <Author>
        <Name>George</Name>
        <Email>gweasley@hogwarts.co.uk</Email>
      </Author>
    </Authors>
    <name>Book2</name>
  </book>
  <book year="2014" isbn="ISBN83763550019---11">
    <Authors>
      <Author>
        <Name>Fred</Name>
        <Email>fweasley@hogwarts.co.uk</Email>
      </Author>
      <Author>
        <Name>George</Name>
        <Email>gweasley@hogwarts.co.uk</Email>
      </Author>
    </Authors>
    <name>Book1</name>
  </book>
  <book year="2014" isbn="ISBN83763550019---11">
    <Authors>
      <Author>
        <Name>Fred</Name>
        <Email>fweasley@hogwarts.co.uk</Email>
      </Author>
      <Author>
        <Name>George</Name>
        <Email>gweasley@hogwarts.co.uk</Email>
      </Author>
    </Authors>
    <name>Book2</name>
  </book>
  <book year="2014" isbn="ISBN83763550019---11">
    <Authors>
      <Author>
        <Name>Fred</Name>
        <Email>fweasley@hogwarts.co.uk</Email>
      </Author>
      <Author>
        <Name>George</Name>
        <Email>gweasley@hogwarts.co.uk</Email>
      </Author>
    </Authors>
    <name>Book1</name>
  </book>
  <book year="2014" isbn="ISBN83763550019---11">
    <Authors>
      <Author>
        <Name>Fred</Name>
        <Email>fweasley@hogwarts.co.uk</Email>
      </Author>
      <Author>
        <Name>George</Name>
        <Email>gweasley@hogwarts.co.uk</Email>
      </Author>
    </Authors>
    <name>Book2</name>
  </book>
  <book year="2014" isbn="ISBN83763550019---11">
    <Authors>
      <Author>
        <Name>Fred</Name>
        <Email>fweasley@hogwarts.co.uk</Email>
      </Author>
      <Author>
        <Name>George</Name>
        <Email>gweasley@hogwarts.co.uk</Email>
      </Author>
    </Authors>
    <name>Book1</name>
  </book>
  <book year="2014" isbn="ISBN83763550019---11">
    <Authors>
      <Author>
        <Name>Fred</Name>
        <Email>fweasley@hogwarts.co.uk</Email>
      </Author>
      <Author>
        <Name>George</Name>
        <Email>gweasley@hogwarts.co.uk</Email>
      </Author>
    </Authors>
    <name>Book2</name>
  </book>
  <book year="2014" isbn="ISBN83763550019---11">
    <Authors>
      <Author>
        <Name>Fred</Name>
        <Email>fweasley@hogwarts.co.uk</Email>
      </Author>
      <Author>
        <Name>George</Name>
        <Email>gweasley@hogwarts.co.uk</Email>
      </Author>
    </Authors>
    <name>Book1</name>
  </book>
  <book year="2014" isbn="ISBN83763550019---11">
    <Authors>
      <Author>
        <Name>Fred</Name>
        <Email>fweasley@hogwarts.co.uk</Email>
      </Author>
      <Author>
        <Name>George</Name>
        <Email>gweasley@hogwarts.co.uk</Email>
      </Author>
    </Authors>
    <name>Book2</name>
  </book>
  <book year="2014" isbn="ISBN83763550019---11">
    <Authors>
      <Author>
        <Name>Fred</Name>
        <Email>fweasley@hogwarts.co.uk</Email>
      </Author>
      <Author>
        <Name>George</Name>
        <Email>gweasley@hogwarts.co.uk</Email>
      </Author>
    </Authors>
    <name>Book1</name>
  </book>
  <book year="2014" isbn="ISBN83763550019---11">
    <Authors>
      <Author>
        <Name>Fred</Name>
        <Email>fweasley@hogwarts.co.uk</Email>
      </Author>
      <Author>
        <Name>George</Name>
        <Email>gweasley@hogwarts.co.uk</Email>
      </Author>
    </Authors>
    <name>Book2</name>
  </book>
  <book year="2014" isbn="ISBN83763550019---11">
    <Authors>
      <Author>
        <Name>Fred</Name>
        <Email>fweasley@hogwarts.co.uk</Email>
      </Author>
      <Author>
        <Name>George</Name>
        <Email>gweasley@hogwarts.co.uk</Email>
      </Author>
    </Authors>
    <name>Book1</name>
  </book>
  <book year="2014" isbn="ISBN83763550019---11">
    <Authors>
      <Author>
        <Name>Fred</Name>
        <Email>fweasley@hogwarts.co.uk</Email>
      </Author>
      <Author>
        <Name>George</Name>
        <Email>gweasley@hogwarts.co.uk</Email>
      </Author>
    </Authors>
    <name>Book2</name>
  </book>
  <book year="2014" isbn="ISBN83763550019---11">
    <Authors>
      <Author>
        <Name>Fred</Name>
        <Email>fweasley@hogwarts.co.uk</Email>
      </Author>
      <Author>
        <Name>George</Name>
        <Email>gweasley@hogwarts.co.uk</Email>
      </Author>
    </Authors>
    <name>Book1</name>
  </book>
  <book year="2014" isbn="ISBN83763550019---11">
    <Authors>
      <Author>
        <Name>Fred</Name>
        <Email>fweasley@hogwarts.co.uk</Email>
      </Author>
      <Author>
        <Name>George</Name>
        <Email>gweasley@hogwarts.co.uk</Email>
      </Author>
    </Authors>
    <name>Book2</name>
  </book>
  <book year="2014" isbn="ISBN83763550019---11">
    <Authors>
      <Author>
        <Name>Fred</Name>
        <Email>fweasley@hogwarts.co.uk</Email>
      </Author>
      <Author>
        <Name>George</Name>
        <Email>gweasley@hogwarts.co.uk</Email>
      </Author>
    </Authors>
    <name>Book1</name>
  </book>
  <book year="2014" isbn="ISBN83763550019---11">
    <Authors>
      <Author>
        <Name>Fred</Name>
        <Email>fweasley@hogwarts.co.uk</Email>
      </Author>
      <Author>
        <Name>George</Name>
        <Email>gweasley@hogwarts.co.uk</Email>
      </Author>
    </Authors>
    <name>Book2</name>
  </book>
  <book year="2014" isbn="ISBN83763550019---11">
    <Authors>
      <Author>
        <Name>Fred</Name>
        <Email>fweasley@hogwarts.co.uk</Email>
      </Author>
      <Author>
        <Name>George</Name>
        <Email>gweasley@hogwarts.co.uk</Email>
      </Author>
    </Authors>
    <name>Book1</name>
  </book>
  <book year="2014" isbn="ISBN83763550019---11">
    <Authors>
      <Author>
        <Name>Fred</Name>
        <Email>fweasley@hogwarts.co.uk</Email>
      </Author>
      <Author>
        <Name>George</Name>
        <Email>gweasley@hogwarts.co.uk</Email>
      </Author>
    </Authors>
    <name>Book2</name>
  </book>
  <book year="2014" isbn="ISBN83763550019---11">
    <Authors>
      <Author>
        <Name>Fred</Name>
        <Email>fweasley@hogwarts.co.uk</Email>
      </Author>
      <Author>
        <Name>George</Name>
        <Email>gweasley@hogwarts.co.uk</Email>
      </Author>
    </Authors>
    <name>Book1</name>
  </book>
  <book year="2014" isbn="ISBN83763550019---11">
    <Authors>
      <Author>
        <Name>Fred</Name>
        <Email>fweasley@hogwarts.co.uk</Email>
      </Author>
      <Author>
        <Name>George</Name>
        <Email>gweasley@hogwarts.co.uk</Email>
      </Author>
    </Authors>
    <name>Book2</name>
  </book>
  <book year="2014" isbn="ISBN83763550019---11">
    <Authors>
      <Author>
        <Name>Fred</Name>
        <Email>fweasley@hogwarts.co.uk</Email>
      </Author>
      <Author>
        <Name>George</Name>
        <Email>gweasley@hogwarts.co.uk</Email>
      </Author>
    </Authors>
    <name>Book1</name>
  </book>
  <book year="2014" isbn="ISBN83763550019---11">
    <Authors>
      <Author>
        <Name>Fred</Name>
        <Email>fweasley@hogwarts.co.uk</Email>
      </Author>
      <Author>
        <Name>George</Name>
        <Email>gweasley@hogwarts.co.uk</Email>
      </Author>
    </Authors>
    <name>Book2</name>
  </book>
  <book year="2014" isbn="ISBN83763550019---11">
    <Authors>
      <Author>
        <Name>Fred</Name>
        <Email>fweasley@hogwarts.co.uk</Email>
      </Author>
      <Author>
        <Name>George</Name>
        <Email>gweasley@hogwarts.co.uk</Email>
      </Author>
    </Authors>
    <name>Book1</name>
  </book>
  <book year="2014" isbn="ISBN83763550019---11">
    <Authors>
      <Author>
        <Name>Fred</Name>
        <Email>fweasley@hogwarts.co.uk</Email>
      </Author>
      <Author>
        <Name>George</Name>
        <Email>gweasley@hogwarts.co.uk</Email>
      </Author>
    </Authors>
    <name>Book2</name>
  </book>
  <book year="2014" isbn="ISBN83763550019---11">
    <Authors>
      <Author>
        <Name>Fred</Name>
        <Email>fweasley@hogwarts.co.uk</Email>
      </Author>
      <Author>
        <Name>George</Name>
        <Email>gweasley@hogwarts.co.uk</Email>
      </Author>
    </Authors>
    <name>Book1</name>
  </book>
  <book year="2014" isbn="ISBN83763550019---11">
    <Authors>
      <Author>
        <Name>Fred</Name>
        <Email>fweasley@hogwarts.co.uk</Email>
      </Author>
      <Author>
        <Name>George</Name>
        <Email>gweasley@hogwarts.co.uk</Email>
      </Author>
    </Authors>
    <name>Book2</name>
  </book>
  <book year="2014" isbn="ISBN83763550019---11">
    <Authors>
      <Author>
        <Name>Fred</Name>
        <Email>fweasley@hogwarts.co.uk</Email>
      </Author>
      <Author>
        <Name>George</Name>
        <Email>gweasley@hogwarts.co.uk</Email>
      </Author>
    </Authors>
    <name>Book1</name>
  </book>
  <book year="2014" isbn="ISBN83763550019---11">
    <Authors>
      <Author>
        <Name>Fred</Name>
        <Email>fweasley@hogwarts.co.uk</Email>
      </Author>
      <Author>
        <Name>George</Name>
        <Email>gweasley@hogwarts.co.uk</Email>
      </Author>
    </Authors>
    <name>Book2</name>
  </book>
  <book year="2014" isbn="ISBN83763550019---11">
    <Authors>
      <Author>
        <Name>Fred</Name>
        <Email>fweasley@hogwarts.co.uk</Email>
      </Author>
      <Author>
        <Name>George</Name>
        <Email>gweasley@hogwarts.co.uk</Email>
      </Author>
    </Authors>
    <name>Book1</name>
  </book>
  <book year="2014" isbn="ISBN83763550019---11">
    <Authors>
      <Author>
        <Name>Fred</Name>
        <Email>fweasley@hogwarts.co.uk</Email>
      </Author>
      <Author>
        <Name>George</Name>
        <Email>gweasley@hogwarts.co.uk</Email>
      </Author>
    </Authors>
    <name>Book2</name>
  </book>
  <book year="2014" isbn="ISBN83763550019---11">
    <Authors>
      <Author>
        <Name>Fred</Name>
        <Email>fweasley@hogwarts.co.uk</Email>
      </Author>
      <Author>
        <Name>George</Name>
        <Email>gweasley@hogwarts.co.uk</Email>
      </Author>
    </Authors>
    <name>Book1</name>
  </book>
  <book year="2014" isbn="ISBN83763550019---11">
    <Authors>
      <Author>
        <Name>Fred</Name>
        <Email>fweasley@hogwarts.co.uk</Email>
      </Author>
      <Author>
        <Name>George</Name>
        <Email>gweasley@hogwarts.co.uk</Email>
      </Author>
    </Authors>
    <name>Book2</name>
  </book>
  <book year="2014" isbn="ISBN83763550019---11">
    <Authors>
      <Author>
        <Name>Fred</Name>
        <Email>fweasley@hogwarts.co.uk</Email>
      </Author>
      <Author>
        <Name>George</Name>
        <Email>gweasley@hogwarts.co.uk</Email>
      </Author>
    </Authors>
    <name>Book1</name>
  </book>
  <book year="2014" isbn="ISBN83763550019---11">
    <Authors>
      <Author>
        <Name>Fred</Name>
        <Email>fweasley@hogwarts.co.uk</Email>
      </Author>
      <Author>
        <Name>George</Name>
        <Email>gweasley@hogwarts.co.uk</Email>
      </Author>
    </Authors>
    <name>Book2</name>
  </book>
  <book year="2014" isbn="ISBN83763550019---11">
    <Authors>
      <Author>
        <Name>Fred</Name>
        <Email>fweasley@hogwarts.co.uk</Email>
      </Author>
      <Author>
        <Name>George</Name>
        <Email>gweasley@hogwarts.co.uk</Email>
      </Author>
    </Authors>
    <name>Book1</name>
  </book>
  <book year="2014" isbn="ISBN83763550019---11">
    <Authors>
      <Author>
        <Name>Fred</Name>
        <Email>fweasley@hogwarts.co.uk</Email>
      </Author>
      <Author>
        <Name>George</Name>
        <Email>gweasley@hogwarts.co.uk</Email>
      </Author>
    </Authors>
    <name>Book2</name>
  </book>
  <book year="2014" isbn="ISBN83763550019---11">
    <Authors>
      <Author>
        <Name>Fred</Name>
        <Email>fweasley@hogwarts.co.uk</Email>
      </Author>
      <Author>
        <Name>George</Name>
        <Email>gweasley@hogwarts.co.uk</Email>
      </Author>
    </Authors>
    <name>Book1</name>
  </book>
  <book year="2014" isbn="ISBN83763550019---11">
    <Authors>
      <Author>
        <Name>Fred</Name>
        <Email>fweasley@hogwarts.co.uk</Email>
      </Author>
      <Author>
        <Name>George</Name>
        <Email>gweasley@hogwarts.co.uk</Email>
      </Author>
    </Authors>
    <name>Book2</name>
  </book>
  <book year="2014" isbn="ISBN83763550019---11">
    <Authors>
      <Author>
        <Name>Fred</Name>
        <Email>fweasley@hogwarts.co.uk</Email>
      </Author>
      <Author>
        <Name>George</Name>
        <Email>gweasley@hogwarts.co.uk</Email>
      </Author>
    </Authors>
    <name>Book1</name>
  </book>
  <book year="2014" isbn="ISBN83763550019---11">
    <Authors>
      <Author>
        <Name>Fred</Name>
        <Email>fweasley@hogwarts.co.uk</Email>
      </Author>
      <Author>
        <Name>George</Name>
        <Email>gweasley@hogwarts.co.uk</Email>
      </Author>
    </Authors>
    <name>Book2</name>
  </book>
  <book year="2014" isbn="ISBN83763550019---11">
    <Authors>
      <Author>
        <Name>Fred</Name>
        <Email>fweasley@hogwarts.co.uk</Email>
      </Author>
      <Author>
        <Name>George</Name>
        <Email>gweasley@hogwarts.co.uk</Email>
      </Author>
    </Authors>
    <name>Book1</name>
  </book>
  <book year="2014" isbn="ISBN83763550019---11">
    <Authors>
      <Author>
        <Name>Fred</Name>
        <Email>fweasley@hogwarts.co.uk</Email>
      </Author>
      <Author>
        <Name>George</Name>
        <Email>gweasley@hogwarts.co.uk</Email>
      </Author>
    </Authors>
    <name>Book2</name>
  </book>
  <book year="2014" isbn="ISBN83763550019---11">
    <Authors>
      <Author>
        <Name>Fred</Name>
        <Email>fweasley@hogwarts.co.uk</Email>
      </Author>
      <Author>
        <Name>George</Name>
        <Email>gweasley@hogwarts.co.uk</Email>
      </Author>
    </Authors>
    <name>Book1</name>
  </book>
  <book year="2014" isbn="ISBN83763550019---11">
    <Authors>
      <Author>
        <Name>Fred</Name>
        <Email>fweasley@hogwarts.co.uk</Email>
      </Author>
      <Author>
        <Name>George</Name>
        <Email>gweasley@hogwarts.co.uk</Email>
      </Author>
    </Authors>
    <name>Book2</name>
  </book>
  <book year="2014" isbn="ISBN83763550019---11">
    <Authors>
      <Author>
        <Name>Fred</Name>
        <Email>fweasley@hogwarts.co.uk</Email>
      </Author>
      <Author>
        <Name>George</Name>
        <Email>gweasley@hogwarts.co.uk</Email>
      </Author>
    </Authors>
    <name>Book1</name>
  </book>
  <book year="2014" isbn="ISBN83763550019---11">
    <Authors>
      <Author>
        <Name>Fred</Name>
        <Email>fweasley@hogwarts.co.uk</Email>
      </Author>
      <Author>
        <Name>George</Name>
        <Email>gweasley@hogwarts.co.uk</Email>
      </Author>
    </Authors>
    <name>Book2</name>
  </book>
  <book year="2014" isbn="ISBN83763550019---11">
    <Authors>
      <Author>
        <Name>Fred</Name>
        <Email>fweasley@hogwarts.co.uk</Email>
      </Author>
      <Author>
        <Name>George</Name>
        <Email>gweasley@hogwarts.co.uk</Email>
      </Author>
    </Authors>
    <name>Book1</name>
  </book>
  <book year="2014" isbn="ISBN83763550019---11">
    <Authors>
      <Author>
        <Name>Fred</Name>
        <Email>fweasley@hogwarts.co.uk</Email>
      </Author>
      <Author>
        <Name>George</Name>
        <Email>gweasley@hogwarts.co.uk</Email>
      </Author>
    </Authors>
    <name>Book2</name>
  </book>
  <book year="2014" isbn="ISBN83763550019---11">
    <Authors>
      <Author>
        <Name>Fred</Name>
        <Email>fweasley@hogwarts.co.uk</Email>
      </Author>
      <Author>
        <Name>George</Name>
        <Email>gweasley@hogwarts.co.uk</Email>
      </Author>
    </Authors>
    <name>Book1</name>
  </book>
  <book year="2014" isbn="ISBN83763550019---11">
    <Authors>
      <Author>
        <Name>Fred</Name>
        <Email>fweasley@hogwarts.co.uk</Email>
      </Author>
      <Author>
        <Name>George</Name>
        <Email>gweasley@hogwarts.co.uk</Email>
      </Author>
    </Authors>
    <name>Book2</name>
  </book>
  <book year="2014" isbn="ISBN83763550019---11">
    <Authors>
      <Author>
        <Name>Fred</Name>
        <Email>fweasley@hogwarts.co.uk</Email>
      </Author>
      <Author>
        <Name>George</Name>
        <Email>gweasley@hogwarts.co.uk</Email>
      </Author>
    </Authors>
    <name>Book1</name>
  </book>
  <book year="2014" isbn="ISBN83763550019---11">
    <Authors>
      <Author>
        <Name>Fred</Name>
        <Email>fweasley@hogwarts.co.uk</Email>
      </Author>
      <Author>
        <Name>George</Name>
        <Email>gweasley@hogwarts.co.uk</Email>
      </Author>
    </Authors>
    <name>Book2</name>
  </book>
  <book year="2014" isbn="ISBN83763550019---11">
    <Authors>
      <Author>
        <Name>Fred</Name>
        <Email>fweasley@hogwarts.co.uk</Email>
      </Author>
      <Author>
        <Name>George</Name>
        <Email>gweasley@hogwarts.co.uk</Email>
      </Author>
    </Authors>
    <name>Book1</name>
  </book>
  <book year="2014" isbn="ISBN83763550019---11">
    <Authors>
      <Author>
        <Name>Fred</Name>
        <Email>fweasley@hogwarts.co.uk</Email>
      </Author>
      <Author>
        <Name>George</Name>
        <Email>gweasley@hogwarts.co.uk</Email>
      </Author>
    </Authors>
    <name>Book2</name>
  </book>
  <book year="2014" isbn="ISBN83763550019---11">
    <Authors>
      <Author>
        <Name>Fred</Name>
        <Email>fweasley@hogwarts.co.uk</Email>
      </Author>
      <Author>
        <Name>George</Name>
        <Email>gweasley@hogwarts.co.uk</Email>
      </Author>
    </Authors>
    <name>Book1</name>
  </book>
  <book year="2014" isbn="ISBN83763550019---11">
    <Authors>
      <Author>
        <Name>Fred</Name>
        <Email>fweasley@hogwarts.co.uk</Email>
      </Author>
      <Author>
        <Name>George</Name>
        <Email>gweasley@hogwarts.co.uk</Email>
      </Author>
    </Authors>
    <name>Book2</name>
  </book>
  <book year="2014" isbn="ISBN83763550019---11">
    <Authors>
      <Author>
        <Name>Fred</Name>
        <Email>fweasley@hogwarts.co.uk</Email>
      </Author>
      <Author>
        <Name>George</Name>
        <Email>gweasley@hogwarts.co.uk</Email>
      </Author>
    </Authors>
    <name>Book1</name>
  </book>
  <book year="2014" isbn="ISBN83763550019---11">
    <Authors>
      <Author>
        <Name>Fred</Name>
        <Email>fweasley@hogwarts.co.uk</Email>
      </Author>
      <Author>
        <Name>George</Name>
        <Email>gweasley@hogwarts.co.uk</Email>
      </Author>
    </Authors>
    <name>Book2</name>
  </book>
  <book year="2014" isbn="ISBN83763550019---11">
    <Authors>
      <Author>
        <Name>Fred</Name>
        <Email>fweasley@hogwarts.co.uk</Email>
      </Author>
      <Author>
        <Name>George</Name>
        <Email>gweasley@hogwarts.co.uk</Email>
      </Author>
    </Authors>
    <name>Book1</name>
  </book>
  <book year="2014" isbn="ISBN83763550019---11">
    <Authors>
      <Author>
        <Name>Fred</Name>
        <Email>fweasley@hogwarts.co.uk</Email>
      </Author>
      <Author>
        <Name>George</Name>
        <Email>gweasley@hogwarts.co.uk</Email>
      </Author>
    </Authors>
    <name>Book2</name>
  </book>
  <book year="2014" isbn="ISBN83763550019---11">
    <Authors>
      <Author>
        <Name>Fred</Name>
        <Email>fweasley@hogwarts.co.uk</Email>
      </Author>
      <Author>
        <Name>George</Name>
        <Email>gweasley@hogwarts.co.uk</Email>
      </Author>
    </Authors>
    <name>Book1</name>
  </book>
  <book year="2014" isbn="ISBN83763550019---11">
    <Authors>
      <Author>
        <Name>Fred</Name>
        <Email>fweasley@hogwarts.co.uk</Email>
      </Author>
      <Author>
        <Name>George</Name>
        <Email>gweasley@hogwarts.co.uk</Email>
      </Author>
    </Authors>
    <name>Book2</name>
  </book>
  <book year="2014" isbn="ISBN83763550019---11">
    <Authors>
      <Author>
        <Name>Fred</Name>
        <Email>fweasley@hogwarts.co.uk</Email>
      </Author>
      <Author>
        <Name>George</Name>
        <Email>gweasley@hogwarts.co.uk</Email>
      </Author>
    </Authors>
    <name>Book1</name>
  </book>
  <book year="2014" isbn="ISBN83763550019---11">
    <Authors>
      <Author>
        <Name>Fred</Name>
        <Email>fweasley@hogwarts.co.uk</Email>
      </Author>
      <Author>
        <Name>George</Name>
        <Email>gweasley@hogwarts.co.uk</Email>
      </Author>
    </Authors>
    <name>Book2</name>
  </book>
  <book year="2014" isbn="ISBN83763550019---11">
    <Authors>
      <Author>
        <Name>Fred</Name>
        <Email>fweasley@hogwarts.co.uk</Email>
      </Author>
      <Author>
        <Name>George</Name>
        <Email>gweasley@hogwarts.co.uk</Email>
      </Author>
    </Authors>
    <name>Book1</name>
  </book>
  <book year="2014" isbn="ISBN83763550019---11">
    <Authors>
      <Author>
        <Name>Fred</Name>
        <Email>fweasley@hogwarts.co.uk</Email>
      </Author>
      <Author>
        <Name>George</Name>
        <Email>gweasley@hogwarts.co.uk</Email>
      </Author>
    </Authors>
    <name>Book2</name>
  </book>
  <book year="2014" isbn="ISBN83763550019---11">
    <Authors>
      <Author>
        <Name>Fred</Name>
        <Email>fweasley@hogwarts.co.uk</Email>
      </Author>
      <Author>
        <Name>George</Name>
        <Email>gweasley@hogwarts.co.uk</Email>
      </Author>
    </Authors>
    <name>Book1</name>
  </book>
  <book year="2014" isbn="ISBN83763550019---11">
    <Authors>
      <Author>
        <Name>Fred</Name>
        <Email>fweasley@hogwarts.co.uk</Email>
      </Author>
      <Author>
        <Name>George</Name>
        <Email>gweasley@hogwarts.co.uk</Email>
      </Author>
    </Authors>
    <name>Book2</name>
  </book>
  <book year="2014" isbn="ISBN83763550019---11">
    <Authors>
      <Author>
        <Name>Fred</Name>
        <Email>fweasley@hogwarts.co.uk</Email>
      </Author>
      <Author>
        <Name>George</Name>
        <Email>gweasley@hogwarts.co.uk</Email>
      </Author>
    </Authors>
    <name>Book1</name>
  </book>
  <book year="2014" isbn="ISBN83763550019---11">
    <Authors>
      <Author>
        <Name>Fred</Name>
        <Email>fweasley@hogwarts.co.uk</Email>
      </Author>
      <Author>
        <Name>George</Name>
        <Email>gweasley@hogwarts.co.uk</Email>
      </Author>
    </Authors>
    <name>Book2</name>
  </book>
  <book year="2014" isbn="ISBN83763550019---11">
    <Authors>
      <Author>
        <Name>Fred</Name>
        <Email>fweasley@hogwarts.co.uk</Email>
      </Author>
      <Author>
        <Name>George</Name>
        <Email>gweasley@hogwarts.co.uk</Email>
      </Author>
    </Authors>
    <name>Book1</name>
  </book>
  <book year="2014" isbn="ISBN83763550019---11">
    <Authors>
      <Author>
        <Name>Fred</Name>
        <Email>fweasley@hogwarts.co.uk</Email>
      </Author>
      <Author>
        <Name>George</Name>
        <Email>gweasley@hogwarts.co.uk</Email>
      </Author>
    </Authors>
    <name>Book2</name>
  </book>
  <book year="2014" isbn="ISBN83763550019---11">
    <Authors>
      <Author>
        <Name>Fred</Name>
        <Email>fweasley@hogwarts.co.uk</Email>
      </Author>
      <Author>
        <Name>George</Name>
        <Email>gweasley@hogwarts.co.uk</Email>
      </Author>
    </Authors>
    <name>Book1</name>
  </book>
  <book year="2014" isbn="ISBN83763550019---11">
    <Authors>
      <Author>
        <Name>Fred</Name>
        <Email>fweasley@hogwarts.co.uk</Email>
      </Author>
      <Author>
        <Name>George</Name>
        <Email>gweasley@hogwarts.co.uk</Email>
      </Author>
    </Authors>
    <name>Book2</name>
  </book>
  <book year="2014" isbn="ISBN83763550019---11">
    <Authors>
      <Author>
        <Name>Fred</Name>
        <Email>fweasley@hogwarts.co.uk</Email>
      </Author>
      <Author>
        <Name>George</Name>
        <Email>gweasley@hogwarts.co.uk</Email>
      </Author>
    </Authors>
    <name>Book1</name>
  </book>
  <book year="2014" isbn="ISBN83763550019---11">
    <Authors>
      <Author>
        <Name>Fred</Name>
        <Email>fweasley@hogwarts.co.uk</Email>
      </Author>
      <Author>
        <Name>George</Name>
        <Email>gweasley@hogwarts.co.uk</Email>
      </Author>
    </Authors>
    <name>Book2</name>
  </book>
  <book year="2014" isbn="ISBN83763550019---11">
    <Authors>
      <Author>
        <Name>Fred</Name>
        <Email>fweasley@hogwarts.co.uk</Email>
      </Author>
      <Author>
        <Name>George</Name>
        <Email>gweasley@hogwarts.co.uk</Email>
      </Author>
    </Authors>
    <name>Book1</name>
  </book>
  <book year="2014" isbn="ISBN83763550019---11">
    <Authors>
      <Author>
        <Name>Fred</Name>
        <Email>fweasley@hogwarts.co.uk</Email>
      </Author>
      <Author>
        <Name>George</Name>
        <Email>gweasley@hogwarts.co.uk</Email>
      </Author>
    </Authors>
    <name>Book2</name>
  </book>
  <book year="2014" isbn="ISBN83763550019---11">
    <Authors>
      <Author>
        <Name>Fred</Name>
        <Email>fweasley@hogwarts.co.uk</Email>
      </Author>
      <Author>
        <Name>George</Name>
        <Email>gweasley@hogwarts.co.uk</Email>
      </Author>
    </Authors>
    <name>Book1</name>
  </book>
  <book year="2014" isbn="ISBN83763550019---11">
    <Authors>
      <Author>
        <Name>Fred</Name>
        <Email>fweasley@hogwarts.co.uk</Email>
      </Author>
      <Author>
        <Name>George</Name>
        <Email>gweasley@hogwarts.co.uk</Email>
      </Author>
    </Authors>
    <name>Book2</name>
  </book>
  <book year="2014" isbn="ISBN83763550019---11">
    <Authors>
      <Author>
        <Name>Fred</Name>
        <Email>fweasley@hogwarts.co.uk</Email>
      </Author>
      <Author>
        <Name>George</Name>
        <Email>gweasley@hogwarts.co.uk</Email>
      </Author>
    </Authors>
    <name>Book1</name>
  </book>
  <book year="2014" isbn="ISBN83763550019---11">
    <Authors>
      <Author>
        <Name>Fred</Name>
        <Email>fweasley@hogwarts.co.uk</Email>
      </Author>
      <Author>
        <Name>George</Name>
        <Email>gweasley@hogwarts.co.uk</Email>
      </Author>
    </Authors>
    <name>Book2</name>
  </book>
  <book year="2014" isbn="ISBN83763550019---11">
    <Authors>
      <Author>
        <Name>Fred</Name>
        <Email>fweasley@hogwarts.co.uk</Email>
      </Author>
      <Author>
        <Name>George</Name>
        <Email>gweasley@hogwarts.co.uk</Email>
      </Author>
    </Authors>
    <name>Book1</name>
  </book>
  <book year="2014" isbn="ISBN83763550019---11">
    <Authors>
      <Author>
        <Name>Fred</Name>
        <Email>fweasley@hogwarts.co.uk</Email>
      </Author>
      <Author>
        <Name>George</Name>
        <Email>gweasley@hogwarts.co.uk</Email>
      </Author>
    </Authors>
    <name>Book2</name>
  </book>
  <book year="2014" isbn="ISBN83763550019---11">
    <Authors>
      <Author>
        <Name>Fred</Name>
        <Email>fweasley@hogwarts.co.uk</Email>
      </Author>
      <Author>
        <Name>George</Name>
        <Email>gweasley@hogwarts.co.uk</Email>
      </Author>
    </Authors>
    <name>Book1</name>
  </book>
  <book year="2014" isbn="ISBN83763550019---11">
    <Authors>
      <Author>
        <Name>Fred</Name>
        <Email>fweasley@hogwarts.co.uk</Email>
      </Author>
      <Author>
        <Name>George</Name>
        <Email>gweasley@hogwarts.co.uk</Email>
      </Author>
    </Authors>
    <name>Book2</name>
  </book>
  <book year="2014" isbn="ISBN83763550019---11">
    <Authors>
      <Author>
        <Name>Fred</Name>
        <Email>fweasley@hogwarts.co.uk</Email>
      </Author>
      <Author>
        <Name>George</Name>
        <Email>gweasley@hogwarts.co.uk</Email>
      </Author>
    </Authors>
    <name>Book1</name>
  </book>
  <book year="2014" isbn="ISBN83763550019---11">
    <Authors>
      <Author>
        <Name>Fred</Name>
        <Email>fweasley@hogwarts.co.uk</Email>
      </Author>
      <Author>
        <Name>George</Name>
        <Email>gweasley@hogwarts.co.uk</Email>
      </Author>
    </Authors>
    <name>Book2</name>
  </book>
  <book year="2014" isbn="ISBN83763550019---11">
    <Authors>
      <Author>
        <Name>Fred</Name>
        <Email>fweasley@hogwarts.co.uk</Email>
      </Author>
      <Author>
        <Name>George</Name>
        <Email>gweasley@hogwarts.co.uk</Email>
      </Author>
    </Authors>
    <name>Book1</name>
  </book>
  <book year="2014" isbn="ISBN83763550019---11">
    <Authors>
      <Author>
        <Name>Fred</Name>
        <Email>fweasley@hogwarts.co.uk</Email>
      </Author>
      <Author>
        <Name>George</Name>
        <Email>gweasley@hogwarts.co.uk</Email>
      </Author>
    </Authors>
    <name>Book2</name>
  </book>
  <book year="2014" isbn="ISBN83763550019---11">
    <Authors>
      <Author>
        <Name>Fred</Name>
        <Email>fweasley@hogwarts.co.uk</Email>
      </Author>
      <Author>
        <Name>George</Name>
        <Email>gweasley@hogwarts.co.uk</Email>
      </Author>
    </Authors>
    <name>Book1</name>
  </book>
  <book year="2014" isbn="ISBN83763550019---11">
    <Authors>
      <Author>
        <Name>Fred</Name>
        <Email>fweasley@hogwarts.co.uk</Email>
      </Author>
      <Author>
        <Name>George</Name>
        <Email>gweasley@hogwarts.co.uk</Email>
      </Author>
    </Authors>
    <name>Book2</name>
  </book>
  <book year="2014" isbn="ISBN83763550019---11">
    <Authors>
      <Author>
        <Name>Fred</Name>
        <Email>fweasley@hogwarts.co.uk</Email>
      </Author>
      <Author>
        <Name>George</Name>
        <Email>gweasley@hogwarts.co.uk</Email>
      </Author>
    </Authors>
    <name>Book1</name>
  </book>
  <book year="2014" isbn="ISBN83763550019---11">
    <Authors>
      <Author>
        <Name>Fred</Name>
        <Email>fweasley@hogwarts.co.uk</Email>
      </Author>
      <Author>
        <Name>George</Name>
        <Email>gweasley@hogwarts.co.uk</Email>
      </Author>
    </Authors>
    <name>Book2</name>
  </book>
  <book year="2014" isbn="ISBN83763550019---11">
    <Authors>
      <Author>
        <Name>Fred</Name>
        <Email>fweasley@hogwarts.co.uk</Email>
      </Author>
      <Author>
        <Name>George</Name>
        <Email>gweasley@hogwarts.co.uk</Email>
      </Author>
    </Authors>
    <name>Book1</name>
  </book>
  <book year="2014" isbn="ISBN83763550019---11">
    <Authors>
      <Author>
        <Name>Fred</Name>
        <Email>fweasley@hogwarts.co.uk</Email>
      </Author>
      <Author>
        <Name>George</Name>
        <Email>gweasley@hogwarts.co.uk</Email>
      </Author>
    </Authors>
    <name>Book2</name>
  </book>
  <book year="2014" isbn="ISBN83763550019---11">
    <Authors>
      <Author>
        <Name>Fred</Name>
        <Email>fweasley@hogwarts.co.uk</Email>
      </Author>
      <Author>
        <Name>George</Name>
        <Email>gweasley@hogwarts.co.uk</Email>
      </Author>
    </Authors>
    <name>Book1</name>
  </book>
  <book year="2014" isbn="ISBN83763550019---11">
    <Authors>
      <Author>
        <Name>Fred</Name>
        <Email>fweasley@hogwarts.co.uk</Email>
      </Author>
      <Author>
        <Name>George</Name>
        <Email>gweasley@hogwarts.co.uk</Email>
      </Author>
    </Authors>
    <name>Book2</name>
  </book>
  <book year="2014" isbn="ISBN83763550019---11">
    <Authors>
      <Author>
        <Name>Fred</Name>
        <Email>fweasley@hogwarts.co.uk</Email>
      </Author>
      <Author>
        <Name>George</Name>
        <Email>gweasley@hogwarts.co.uk</Email>
      </Author>
    </Authors>
    <name>Book1</name>
  </book>
  <book year="2014" isbn="ISBN83763550019---11">
    <Authors>
      <Author>
        <Name>Fred</Name>
        <Email>fweasley@hogwarts.co.uk</Email>
      </Author>
      <Author>
        <Name>George</Name>
        <Email>gweasley@hogwarts.co.uk</Email>
      </Author>
    </Authors>
    <name>Book2</name>
  </book>
  <book year="2014" isbn="ISBN83763550019---11">
    <Authors>
      <Author>
        <Name>Fred</Name>
        <Email>fweasley@hogwarts.co.uk</Email>
      </Author>
      <Author>
        <Name>George</Name>
        <Email>gweasley@hogwarts.co.uk</Email>
      </Author>
    </Authors>
    <name>Book1</name>
  </book>
  <book year="2014" isbn="ISBN83763550019---11">
    <Authors>
      <Author>
        <Name>Fred</Name>
        <Email>fweasley@hogwarts.co.uk</Email>
      </Author>
      <Author>
        <Name>George</Name>
        <Email>gweasley@hogwarts.co.uk</Email>
      </Author>
    </Authors>
    <name>Book2</name>
  </book>
  <book year="2014" isbn="ISBN83763550019---11">
    <Authors>
      <Author>
        <Name>Fred</Name>
        <Email>fweasley@hogwarts.co.uk</Email>
      </Author>
      <Author>
        <Name>George</Name>
        <Email>gweasley@hogwarts.co.uk</Email>
      </Author>
    </Authors>
    <name>Book1</name>
  </book>
  <book year="2014" isbn="ISBN83763550019---11">
    <Authors>
      <Author>
        <Name>Fred</Name>
        <Email>fweasley@hogwarts.co.uk</Email>
      </Author>
      <Author>
        <Name>George</Name>
        <Email>gweasley@hogwarts.co.uk</Email>
      </Author>
    </Authors>
    <name>Book2</name>
  </book>
  <book year="2014" isbn="ISBN83763550019---11">
    <Authors>
      <Author>
        <Name>Fred</Name>
        <Email>fweasley@hogwarts.co.uk</Email>
      </Author>
      <Author>
        <Name>George</Name>
        <Email>gweasley@hogwarts.co.uk</Email>
      </Author>
    </Authors>
    <name>Book1</name>
  </book>
  <book year="2014" isbn="ISBN83763550019---11">
    <Authors>
      <Author>
        <Name>Fred</Name>
        <Email>fweasley@hogwarts.co.uk</Email>
      </Author>
      <Author>
        <Name>George</Name>
        <Email>gweasley@hogwarts.co.uk</Email>
      </Author>
    </Authors>
    <name>Book2</name>
  </book>
  <book year="2014" isbn="ISBN83763550019---11">
    <Authors>
      <Author>
        <Name>Fred</Name>
        <Email>fweasley@hogwarts.co.uk</Email>
      </Author>
      <Author>
        <Name>George</Name>
        <Email>gweasley@hogwarts.co.uk</Email>
      </Author>
    </Authors>
    <name>Book1</name>
  </book>
  <book year="2014" isbn="ISBN83763550019---11">
    <Authors>
      <Author>
        <Name>Fred</Name>
        <Email>fweasley@hogwarts.co.uk</Email>
      </Author>
      <Author>
        <Name>George</Name>
        <Email>gweasley@hogwarts.co.uk</Email>
      </Author>
    </Authors>
    <name>Book2</name>
  </book>
  <book year="2014" isbn="ISBN83763550019---11">
    <Authors>
      <Author>
        <Name>Fred</Name>
        <Email>fweasley@hogwarts.co.uk</Email>
      </Author>
      <Author>
        <Name>George</Name>
        <Email>gweasley@hogwarts.co.uk</Email>
      </Author>
    </Authors>
    <name>Book1</name>
  </book>
  <book year="2014" isbn="ISBN83763550019---11">
    <Authors>
      <Author>
        <Name>Fred</Name>
        <Email>fweasley@hogwarts.co.uk</Email>
      </Author>
      <Author>
        <Name>George</Name>
        <Email>gweasley@hogwarts.co.uk</Email>
      </Author>
    </Authors>
    <name>Book2</name>
  </book>
  <book year="2014" isbn="ISBN83763550019---11">
    <Authors>
      <Author>
        <Name>Fred</Name>
        <Email>fweasley@hogwarts.co.uk</Email>
      </Author>
      <Author>
        <Name>George</Name>
        <Email>gweasley@hogwarts.co.uk</Email>
      </Author>
    </Authors>
    <name>Book1</name>
  </book>
  <book year="2014" isbn="ISBN83763550019---11">
    <Authors>
      <Author>
        <Name>Fred</Name>
        <Email>fweasley@hogwarts.co.uk</Email>
      </Author>
      <Author>
        <Name>George</Name>
        <Email>gweasley@hogwarts.co.uk</Email>
      </Author>
    </Authors>
    <name>Book2</name>
  </book>
  <book year="2014" isbn="ISBN83763550019---11">
    <Authors>
      <Author>
        <Name>Fred</Name>
        <Email>fweasley@hogwarts.co.uk</Email>
      </Author>
      <Author>
        <Name>George</Name>
        <Email>gweasley@hogwarts.co.uk</Email>
      </Author>
    </Authors>
    <name>Book1</name>
  </book>
  <book year="2014" isbn="ISBN83763550019---11">
    <Authors>
      <Author>
        <Name>Fred</Name>
        <Email>fweasley@hogwarts.co.uk</Email>
      </Author>
      <Author>
        <Name>George</Name>
        <Email>gweasley@hogwarts.co.uk</Email>
      </Author>
    </Authors>
    <name>Book2</name>
  </book>
  <book year="2014" isbn="ISBN83763550019---11">
    <Authors>
      <Author>
        <Name>Fred</Name>
        <Email>fweasley@hogwarts.co.uk</Email>
      </Author>
      <Author>
        <Name>George</Name>
        <Email>gweasley@hogwarts.co.uk</Email>
      </Author>
    </Authors>
    <name>Book1</name>
  </book>
  <book year="2014" isbn="ISBN83763550019---11">
    <Authors>
      <Author>
        <Name>Fred</Name>
        <Email>fweasley@hogwarts.co.uk</Email>
      </Author>
      <Author>
        <Name>George</Name>
        <Email>gweasley@hogwarts.co.uk</Email>
      </Author>
    </Authors>
    <name>Book2</name>
  </book>
  <book year="2014" isbn="ISBN83763550019---11">
    <Authors>
      <Author>
        <Name>Fred</Name>
        <Email>fweasley@hogwarts.co.uk</Email>
      </Author>
      <Author>
        <Name>George</Name>
        <Email>gweasley@hogwarts.co.uk</Email>
      </Author>
    </Authors>
    <name>Book1</name>
  </book>
  <book year="2014" isbn="ISBN83763550019---11">
    <Authors>
      <Author>
        <Name>Fred</Name>
        <Email>fweasley@hogwarts.co.uk</Email>
      </Author>
      <Author>
        <Name>George</Name>
        <Email>gweasley@hogwarts.co.uk</Email>
      </Author>
    </Authors>
    <name>Book2</name>
  </book>
  <book year="2014" isbn="ISBN83763550019---11">
    <Authors>
      <Author>
        <Name>Fred</Name>
        <Email>fweasley@hogwarts.co.uk</Email>
      </Author>
      <Author>
        <Name>George</Name>
        <Email>gweasley@hogwarts.co.uk</Email>
      </Author>
    </Authors>
    <name>Book1</name>
  </book>
  <book year="2014" isbn="ISBN83763550019---11">
    <Authors>
      <Author>
        <Name>Fred</Name>
        <Email>fweasley@hogwarts.co.uk</Email>
      </Author>
      <Author>
        <Name>George</Name>
        <Email>gweasley@hogwarts.co.uk</Email>
      </Author>
    </Authors>
    <name>Book2</name>
  </book>
  <book year="2014" isbn="ISBN83763550019---11">
    <Authors>
      <Author>
        <Name>Fred</Name>
        <Email>fweasley@hogwarts.co.uk</Email>
      </Author>
      <Author>
        <Name>George</Name>
        <Email>gweasley@hogwarts.co.uk</Email>
      </Author>
    </Authors>
    <name>Book1</name>
  </book>
  <book year="2014" isbn="ISBN83763550019---11">
    <Authors>
      <Author>
        <Name>Fred</Name>
        <Email>fweasley@hogwarts.co.uk</Email>
      </Author>
      <Author>
        <Name>George</Name>
        <Email>gweasley@hogwarts.co.uk</Email>
      </Author>
    </Authors>
    <name>Book2</name>
  </book>
  <book year="2014" isbn="ISBN83763550019---11">
    <Authors>
      <Author>
        <Name>Fred</Name>
        <Email>fweasley@hogwarts.co.uk</Email>
      </Author>
      <Author>
        <Name>George</Name>
        <Email>gweasley@hogwarts.co.uk</Email>
      </Author>
    </Authors>
    <name>Book1</name>
  </book>
  <book year="2014" isbn="ISBN83763550019---11">
    <Authors>
      <Author>
        <Name>Fred</Name>
        <Email>fweasley@hogwarts.co.uk</Email>
      </Author>
      <Author>
        <Name>George</Name>
        <Email>gweasley@hogwarts.co.uk</Email>
      </Author>
    </Authors>
    <name>Book2</name>
  </book>
  <book year="2014" isbn="ISBN83763550019---11">
    <Authors>
      <Author>
        <Name>Fred</Name>
        <Email>fweasley@hogwarts.co.uk</Email>
      </Author>
      <Author>
        <Name>George</Name>
        <Email>gweasley@hogwarts.co.uk</Email>
      </Author>
    </Authors>
    <name>Book1</name>
  </book>
  <book year="2014" isbn="ISBN83763550019---11">
    <Authors>
      <Author>
        <Name>Fred</Name>
        <Email>fweasley@hogwarts.co.uk</Email>
      </Author>
      <Author>
        <Name>George</Name>
        <Email>gweasley@hogwarts.co.uk</Email>
      </Author>
    </Authors>
    <name>Book2</name>
  </book>
  <book year="2014" isbn="ISBN83763550019---11">
    <Authors>
      <Author>
        <Name>Fred</Name>
        <Email>fweasley@hogwarts.co.uk</Email>
      </Author>
      <Author>
        <Name>George</Name>
        <Email>gweasley@hogwarts.co.uk</Email>
      </Author>
    </Authors>
    <name>Book1</name>
  </book>
  <book year="2014" isbn="ISBN83763550019---11">
    <Authors>
      <Author>
        <Name>Fred</Name>
        <Email>fweasley@hogwarts.co.uk</Email>
      </Author>
      <Author>
        <Name>George</Name>
        <Email>gweasley@hogwarts.co.uk</Email>
      </Author>
    </Authors>
    <name>Book2</name>
  </book>
  <book year="2014" isbn="ISBN83763550019---11">
    <Authors>
      <Author>
        <Name>Fred</Name>
        <Email>fweasley@hogwarts.co.uk</Email>
      </Author>
      <Author>
        <Name>George</Name>
        <Email>gweasley@hogwarts.co.uk</Email>
      </Author>
    </Authors>
    <name>Book1</name>
  </book>
  <book year="2014" isbn="ISBN83763550019---11">
    <Authors>
      <Author>
        <Name>Fred</Name>
        <Email>fweasley@hogwarts.co.uk</Email>
      </Author>
      <Author>
        <Name>George</Name>
        <Email>gweasley@hogwarts.co.uk</Email>
      </Author>
    </Authors>
    <name>Book2</name>
  </book>
  <book year="2014" isbn="ISBN83763550019---11">
    <Authors>
      <Author>
        <Name>Fred</Name>
        <Email>fweasley@hogwarts.co.uk</Email>
      </Author>
      <Author>
        <Name>George</Name>
        <Email>gweasley@hogwarts.co.uk</Email>
      </Author>
    </Authors>
    <name>Book1</name>
  </book>
  <book year="2014" isbn="ISBN83763550019---11">
    <Authors>
      <Author>
        <Name>Fred</Name>
        <Email>fweasley@hogwarts.co.uk</Email>
      </Author>
      <Author>
        <Name>George</Name>
        <Email>gweasley@hogwarts.co.uk</Email>
      </Author>
    </Authors>
    <name>Book2</name>
  </book>
  <book year="2014" isbn="ISBN83763550019---11">
    <Authors>
      <Author>
        <Name>Fred</Name>
        <Email>fweasley@hogwarts.co.uk</Email>
      </Author>
      <Author>
        <Name>George</Name>
        <Email>gweasley@hogwarts.co.uk</Email>
      </Author>
    </Authors>
    <name>Book1</name>
  </book>
  <book year="2014" isbn="ISBN83763550019---11">
    <Authors>
      <Author>
        <Name>Fred</Name>
        <Email>fweasley@hogwarts.co.uk</Email>
      </Author>
      <Author>
        <Name>George</Name>
        <Email>gweasley@hogwarts.co.uk</Email>
      </Author>
    </Authors>
    <name>Book2</name>
  </book>
  <book year="2014" isbn="ISBN83763550019---11">
    <Authors>
      <Author>
        <Name>Fred</Name>
        <Email>fweasley@hogwarts.co.uk</Email>
      </Author>
      <Author>
        <Name>George</Name>
        <Email>gweasley@hogwarts.co.uk</Email>
      </Author>
    </Authors>
    <name>Book1</name>
  </book>
  <book year="2014" isbn="ISBN83763550019---11">
    <Authors>
      <Author>
        <Name>Fred</Name>
        <Email>fweasley@hogwarts.co.uk</Email>
      </Author>
      <Author>
        <Name>George</Name>
        <Email>gweasley@hogwarts.co.uk</Email>
      </Author>
    </Authors>
    <name>Book2</name>
  </book>
  <book year="2014" isbn="ISBN83763550019---11">
    <Authors>
      <Author>
        <Name>Fred</Name>
        <Email>fweasley@hogwarts.co.uk</Email>
      </Author>
      <Author>
        <Name>George</Name>
        <Email>gweasley@hogwarts.co.uk</Email>
      </Author>
    </Authors>
    <name>Book1</name>
  </book>
  <book year="2014" isbn="ISBN83763550019---11">
    <Authors>
      <Author>
        <Name>Fred</Name>
        <Email>fweasley@hogwarts.co.uk</Email>
      </Author>
      <Author>
        <Name>George</Name>
        <Email>gweasley@hogwarts.co.uk</Email>
      </Author>
    </Authors>
    <name>Book2</name>
  </book>
  <book year="2014" isbn="ISBN83763550019---11">
    <Authors>
      <Author>
        <Name>Fred</Name>
        <Email>fweasley@hogwarts.co.uk</Email>
      </Author>
      <Author>
        <Name>George</Name>
        <Email>gweasley@hogwarts.co.uk</Email>
      </Author>
    </Authors>
    <name>Book1</name>
  </book>
  <book year="2014" isbn="ISBN83763550019---11">
    <Authors>
      <Author>
        <Name>Fred</Name>
        <Email>fweasley@hogwarts.co.uk</Email>
      </Author>
      <Author>
        <Name>George</Name>
        <Email>gweasley@hogwarts.co.uk</Email>
      </Author>
    </Authors>
    <name>Book2</name>
  </book>
  <book year="2014" isbn="ISBN83763550019---11">
    <Authors>
      <Author>
        <Name>Fred</Name>
        <Email>fweasley@hogwarts.co.uk</Email>
      </Author>
      <Author>
        <Name>George</Name>
        <Email>gweasley@hogwarts.co.uk</Email>
      </Author>
    </Authors>
    <name>Book1</name>
  </book>
  <book year="2014" isbn="ISBN83763550019---11">
    <Authors>
      <Author>
        <Name>Fred</Name>
        <Email>fweasley@hogwarts.co.uk</Email>
      </Author>
      <Author>
        <Name>George</Name>
        <Email>gweasley@hogwarts.co.uk</Email>
      </Author>
    </Authors>
    <name>Book2</name>
  </book>
  <book year="2014" isbn="ISBN83763550019---11">
    <Authors>
      <Author>
        <Name>Fred</Name>
        <Email>fweasley@hogwarts.co.uk</Email>
      </Author>
      <Author>
        <Name>George</Name>
        <Email>gweasley@hogwarts.co.uk</Email>
      </Author>
    </Authors>
    <name>Book1</name>
  </book>
  <book year="2014" isbn="ISBN83763550019---11">
    <Authors>
      <Author>
        <Name>Fred</Name>
        <Email>fweasley@hogwarts.co.uk</Email>
      </Author>
      <Author>
        <Name>George</Name>
        <Email>gweasley@hogwarts.co.uk</Email>
      </Author>
    </Authors>
    <name>Book2</name>
  </book>
  <book year="2014" isbn="ISBN83763550019---11">
    <Authors>
      <Author>
        <Name>Fred</Name>
        <Email>fweasley@hogwarts.co.uk</Email>
      </Author>
      <Author>
        <Name>George</Name>
        <Email>gweasley@hogwarts.co.uk</Email>
      </Author>
    </Authors>
    <name>Book1</name>
  </book>
  <book year="2014" isbn="ISBN83763550019---11">
    <Authors>
      <Author>
        <Name>Fred</Name>
        <Email>fweasley@hogwarts.co.uk</Email>
      </Author>
      <Author>
        <Name>George</Name>
        <Email>gweasley@hogwarts.co.uk</Email>
      </Author>
    </Authors>
    <name>Book2</name>
  </book>
  <book year="2014" isbn="ISBN83763550019---11">
    <Authors>
      <Author>
        <Name>Fred</Name>
        <Email>fweasley@hogwarts.co.uk</Email>
      </Author>
      <Author>
        <Name>George</Name>
        <Email>gweasley@hogwarts.co.uk</Email>
      </Author>
    </Authors>
    <name>Book1</name>
  </book>
  <book year="2014" isbn="ISBN83763550019---11">
    <Authors>
      <Author>
        <Name>Fred</Name>
        <Email>fweasley@hogwarts.co.uk</Email>
      </Author>
      <Author>
        <Name>George</Name>
        <Email>gweasley@hogwarts.co.uk</Email>
      </Author>
    </Authors>
    <name>Book2</name>
  </book>
  <book year="2014" isbn="ISBN83763550019---11">
    <Authors>
      <Author>
        <Name>Fred</Name>
        <Email>fweasley@hogwarts.co.uk</Email>
      </Author>
      <Author>
        <Name>George</Name>
        <Email>gweasley@hogwarts.co.uk</Email>
      </Author>
    </Authors>
    <name>Book1</name>
  </book>
  <book year="2014" isbn="ISBN83763550019---11">
    <Authors>
      <Author>
        <Name>Fred</Name>
        <Email>fweasley@hogwarts.co.uk</Email>
      </Author>
      <Author>
        <Name>George</Name>
        <Email>gweasley@hogwarts.co.uk</Email>
      </Author>
    </Authors>
    <name>Book2</name>
  </book>
  <book year="2014" isbn="ISBN83763550019---11">
    <Authors>
      <Author>
        <Name>Fred</Name>
        <Email>fweasley@hogwarts.co.uk</Email>
      </Author>
      <Author>
        <Name>George</Name>
        <Email>gweasley@hogwarts.co.uk</Email>
      </Author>
    </Authors>
    <name>Book1</name>
  </book>
  <book year="2014" isbn="ISBN83763550019---11">
    <Authors>
      <Author>
        <Name>Fred</Name>
        <Email>fweasley@hogwarts.co.uk</Email>
      </Author>
      <Author>
        <Name>George</Name>
        <Email>gweasley@hogwarts.co.uk</Email>
      </Author>
    </Authors>
    <name>Book2</name>
  </book>
  <book year="2014" isbn="ISBN83763550019---11">
    <Authors>
      <Author>
        <Name>Fred</Name>
        <Email>fweasley@hogwarts.co.uk</Email>
      </Author>
      <Author>
        <Name>George</Name>
        <Email>gweasley@hogwarts.co.uk</Email>
      </Author>
    </Authors>
    <name>Book1</name>
  </book>
  <book year="2014" isbn="ISBN83763550019---11">
    <Authors>
      <Author>
        <Name>Fred</Name>
        <Email>fweasley@hogwarts.co.uk</Email>
      </Author>
      <Author>
        <Name>George</Name>
        <Email>gweasley@hogwarts.co.uk</Email>
      </Author>
    </Authors>
    <name>Book2</name>
  </book>
  <book year="2014" isbn="ISBN83763550019---11">
    <Authors>
      <Author>
        <Name>Fred</Name>
        <Email>fweasley@hogwarts.co.uk</Email>
      </Author>
      <Author>
        <Name>George</Name>
        <Email>gweasley@hogwarts.co.uk</Email>
      </Author>
    </Authors>
    <name>Book1</name>
  </book>
  <book year="2014" isbn="ISBN83763550019---11">
    <Authors>
      <Author>
        <Name>Fred</Name>
        <Email>fweasley@hogwarts.co.uk</Email>
      </Author>
      <Author>
        <Name>George</Name>
        <Email>gweasley@hogwarts.co.uk</Email>
      </Author>
    </Authors>
    <name>Book2</name>
  </book>
  <book year="2014" isbn="ISBN83763550019---11">
    <Authors>
      <Author>
        <Name>Fred</Name>
        <Email>fweasley@hogwarts.co.uk</Email>
      </Author>
      <Author>
        <Name>George</Name>
        <Email>gweasley@hogwarts.co.uk</Email>
      </Author>
    </Authors>
    <name>Book1</name>
  </book>
  <book year="2014" isbn="ISBN83763550019---11">
    <Authors>
      <Author>
        <Name>Fred</Name>
        <Email>fweasley@hogwarts.co.uk</Email>
      </Author>
      <Author>
        <Name>George</Name>
        <Email>gweasley@hogwarts.co.uk</Email>
      </Author>
    </Authors>
    <name>Book2</name>
  </book>
  <book year="2014" isbn="ISBN83763550019---11">
    <Authors>
      <Author>
        <Name>Fred</Name>
        <Email>fweasley@hogwarts.co.uk</Email>
      </Author>
      <Author>
        <Name>George</Name>
        <Email>gweasley@hogwarts.co.uk</Email>
      </Author>
    </Authors>
    <name>Book1</name>
  </book>
  <book year="2014" isbn="ISBN83763550019---11">
    <Authors>
      <Author>
        <Name>Fred</Name>
        <Email>fweasley@hogwarts.co.uk</Email>
      </Author>
      <Author>
        <Name>George</Name>
        <Email>gweasley@hogwarts.co.uk</Email>
      </Author>
    </Authors>
    <name>Book2</name>
  </book>
  <book year="2014" isbn="ISBN83763550019---11">
    <Authors>
      <Author>
        <Name>Fred</Name>
        <Email>fweasley@hogwarts.co.uk</Email>
      </Author>
      <Author>
        <Name>George</Name>
        <Email>gweasley@hogwarts.co.uk</Email>
      </Author>
    </Authors>
    <name>Book1</name>
  </book>
  <book year="2014" isbn="ISBN83763550019---11">
    <Authors>
      <Author>
        <Name>Fred</Name>
        <Email>fweasley@hogwarts.co.uk</Email>
      </Author>
      <Author>
        <Name>George</Name>
        <Email>gweasley@hogwarts.co.uk</Email>
      </Author>
    </Authors>
    <name>Book2</name>
  </book>
  <book year="2014" isbn="ISBN83763550019---11">
    <Authors>
      <Author>
        <Name>Fred</Name>
        <Email>fweasley@hogwarts.co.uk</Email>
      </Author>
      <Author>
        <Name>George</Name>
        <Email>gweasley@hogwarts.co.uk</Email>
      </Author>
    </Authors>
    <name>Book1</name>
  </book>
  <book year="2014" isbn="ISBN83763550019---11">
    <Authors>
      <Author>
        <Name>Fred</Name>
        <Email>fweasley@hogwarts.co.uk</Email>
      </Author>
      <Author>
        <Name>George</Name>
        <Email>gweasley@hogwarts.co.uk</Email>
      </Author>
    </Authors>
    <name>Book2</name>
  </book>
  <book year="2014" isbn="ISBN83763550019---11">
    <Authors>
      <Author>
        <Name>Fred</Name>
        <Email>fweasley@hogwarts.co.uk</Email>
      </Author>
      <Author>
        <Name>George</Name>
        <Email>gweasley@hogwarts.co.uk</Email>
      </Author>
    </Authors>
    <name>Book1</name>
  </book>
  <book year="2014" isbn="ISBN83763550019---11">
    <Authors>
      <Author>
        <Name>Fred</Name>
        <Email>fweasley@hogwarts.co.uk</Email>
      </Author>
      <Author>
        <Name>George</Name>
        <Email>gweasley@hogwarts.co.uk</Email>
      </Author>
    </Authors>
    <name>Book2</name>
  </book>
  <book year="2014" isbn="ISBN83763550019---11">
    <Authors>
      <Author>
        <Name>Fred</Name>
        <Email>fweasley@hogwarts.co.uk</Email>
      </Author>
      <Author>
        <Name>George</Name>
        <Email>gweasley@hogwarts.co.uk</Email>
      </Author>
    </Authors>
    <name>Book1</name>
  </book>
  <book year="2014" isbn="ISBN83763550019---11">
    <Authors>
      <Author>
        <Name>Fred</Name>
        <Email>fweasley@hogwarts.co.uk</Email>
      </Author>
      <Author>
        <Name>George</Name>
        <Email>gweasley@hogwarts.co.uk</Email>
      </Author>
    </Authors>
    <name>Book2</name>
  </book>
  <book year="2014" isbn="ISBN83763550019---11">
    <Authors>
      <Author>
        <Name>Fred</Name>
        <Email>fweasley@hogwarts.co.uk</Email>
      </Author>
      <Author>
        <Name>George</Name>
        <Email>gweasley@hogwarts.co.uk</Email>
      </Author>
    </Authors>
    <name>Book1</name>
  </book>
  <book year="2014" isbn="ISBN83763550019---11">
    <Authors>
      <Author>
        <Name>Fred</Name>
        <Email>fweasley@hogwarts.co.uk</Email>
      </Author>
      <Author>
        <Name>George</Name>
        <Email>gweasley@hogwarts.co.uk</Email>
      </Author>
    </Authors>
    <name>Book2</name>
  </book>
  <book year="2014" isbn="ISBN83763550019---11">
    <Authors>
      <Author>
        <Name>Fred</Name>
        <Email>fweasley@hogwarts.co.uk</Email>
      </Author>
      <Author>
        <Name>George</Name>
        <Email>gweasley@hogwarts.co.uk</Email>
      </Author>
    </Authors>
    <name>Book1</name>
  </book>
  <book year="2014" isbn="ISBN83763550019---11">
    <Authors>
      <Author>
        <Name>Fred</Name>
        <Email>fweasley@hogwarts.co.uk</Email>
      </Author>
      <Author>
        <Name>George</Name>
        <Email>gweasley@hogwarts.co.uk</Email>
      </Author>
    </Authors>
    <name>Book2</name>
  </book>
  <book year="2014" isbn="ISBN83763550019---11">
    <Authors>
      <Author>
        <Name>Fred</Name>
        <Email>fweasley@hogwarts.co.uk</Email>
      </Author>
      <Author>
        <Name>George</Name>
        <Email>gweasley@hogwarts.co.uk</Email>
      </Author>
    </Authors>
    <name>Book1</name>
  </book>
  <book year="2014" isbn="ISBN83763550019---11">
    <Authors>
      <Author>
        <Name>Fred</Name>
        <Email>fweasley@hogwarts.co.uk</Email>
      </Author>
      <Author>
        <Name>George</Name>
        <Email>gweasley@hogwarts.co.uk</Email>
      </Author>
    </Authors>
    <name>Book2</name>
  </book>
  <book year="2014" isbn="ISBN83763550019---11">
    <Authors>
      <Author>
        <Name>Fred</Name>
        <Email>fweasley@hogwarts.co.uk</Email>
      </Author>
      <Author>
        <Name>George</Name>
        <Email>gweasley@hogwarts.co.uk</Email>
      </Author>
    </Authors>
    <name>Book1</name>
  </book>
  <book year="2014" isbn="ISBN83763550019---11">
    <Authors>
      <Author>
        <Name>Fred</Name>
        <Email>fweasley@hogwarts.co.uk</Email>
      </Author>
      <Author>
        <Name>George</Name>
        <Email>gweasley@hogwarts.co.uk</Email>
      </Author>
    </Authors>
    <name>Book2</name>
  </book>
  <book year="2014" isbn="ISBN83763550019---11">
    <Authors>
      <Author>
        <Name>Fred</Name>
        <Email>fweasley@hogwarts.co.uk</Email>
      </Author>
      <Author>
        <Name>George</Name>
        <Email>gweasley@hogwarts.co.uk</Email>
      </Author>
    </Authors>
    <name>Book1</name>
  </book>
  <book year="2014" isbn="ISBN83763550019---11">
    <Authors>
      <Author>
        <Name>Fred</Name>
        <Email>fweasley@hogwarts.co.uk</Email>
      </Author>
      <Author>
        <Name>George</Name>
        <Email>gweasley@hogwarts.co.uk</Email>
      </Author>
    </Authors>
    <name>Book2</name>
  </book>
  <book year="2014" isbn="ISBN83763550019---11">
    <Authors>
      <Author>
        <Name>Fred</Name>
        <Email>fweasley@hogwarts.co.uk</Email>
      </Author>
      <Author>
        <Name>George</Name>
        <Email>gweasley@hogwarts.co.uk</Email>
      </Author>
    </Authors>
    <name>Book1</name>
  </book>
  <book year="2014" isbn="ISBN83763550019---11">
    <Authors>
      <Author>
        <Name>Fred</Name>
        <Email>fweasley@hogwarts.co.uk</Email>
      </Author>
      <Author>
        <Name>George</Name>
        <Email>gweasley@hogwarts.co.uk</Email>
      </Author>
    </Authors>
    <name>Book2</name>
  </book>
  <book year="2014" isbn="ISBN83763550019---11">
    <Authors>
      <Author>
        <Name>Fred</Name>
        <Email>fweasley@hogwarts.co.uk</Email>
      </Author>
      <Author>
        <Name>George</Name>
        <Email>gweasley@hogwarts.co.uk</Email>
      </Author>
    </Authors>
    <name>Book1</name>
  </book>
  <book year="2014" isbn="ISBN83763550019---11">
    <Authors>
      <Author>
        <Name>Fred</Name>
        <Email>fweasley@hogwarts.co.uk</Email>
      </Author>
      <Author>
        <Name>George</Name>
        <Email>gweasley@hogwarts.co.uk</Email>
      </Author>
    </Authors>
    <name>Book2</name>
  </book>
  <book year="2014" isbn="ISBN83763550019---11">
    <Authors>
      <Author>
        <Name>Fred</Name>
        <Email>fweasley@hogwarts.co.uk</Email>
      </Author>
      <Author>
        <Name>George</Name>
        <Email>gweasley@hogwarts.co.uk</Email>
      </Author>
    </Authors>
    <name>Book1</name>
  </book>
  <book year="2014" isbn="ISBN83763550019---11">
    <Authors>
      <Author>
        <Name>Fred</Name>
        <Email>fweasley@hogwarts.co.uk</Email>
      </Author>
      <Author>
        <Name>George</Name>
        <Email>gweasley@hogwarts.co.uk</Email>
      </Author>
    </Authors>
    <name>Book2</name>
  </book>
  <book year="2014" isbn="ISBN83763550019---11">
    <Authors>
      <Author>
        <Name>Fred</Name>
        <Email>fweasley@hogwarts.co.uk</Email>
      </Author>
      <Author>
        <Name>George</Name>
        <Email>gweasley@hogwarts.co.uk</Email>
      </Author>
    </Authors>
    <name>Book1</name>
  </book>
  <book year="2014" isbn="ISBN83763550019---11">
    <Authors>
      <Author>
        <Name>Fred</Name>
        <Email>fweasley@hogwarts.co.uk</Email>
      </Author>
      <Author>
        <Name>George</Name>
        <Email>gweasley@hogwarts.co.uk</Email>
      </Author>
    </Authors>
    <name>Book2</name>
  </book>
  <book year="2014" isbn="ISBN83763550019---11">
    <Authors>
      <Author>
        <Name>Fred</Name>
        <Email>fweasley@hogwarts.co.uk</Email>
      </Author>
      <Author>
        <Name>George</Name>
        <Email>gweasley@hogwarts.co.uk</Email>
      </Author>
    </Authors>
    <name>Book1</name>
  </book>
  <book year="2014" isbn="ISBN83763550019---11">
    <Authors>
      <Author>
        <Name>Fred</Name>
        <Email>fweasley@hogwarts.co.uk</Email>
      </Author>
      <Author>
        <Name>George</Name>
        <Email>gweasley@hogwarts.co.uk</Email>
      </Author>
    </Authors>
    <name>Book2</name>
  </book>
  <book year="2014" isbn="ISBN83763550019---11">
    <Authors>
      <Author>
        <Name>Fred</Name>
        <Email>fweasley@hogwarts.co.uk</Email>
      </Author>
      <Author>
        <Name>George</Name>
        <Email>gweasley@hogwarts.co.uk</Email>
      </Author>
    </Authors>
    <name>Book1</name>
  </book>
  <book year="2014" isbn="ISBN83763550019---11">
    <Authors>
      <Author>
        <Name>Fred</Name>
        <Email>fweasley@hogwarts.co.uk</Email>
      </Author>
      <Author>
        <Name>George</Name>
        <Email>gweasley@hogwarts.co.uk</Email>
      </Author>
    </Authors>
    <name>Book2</name>
  </book>
  <book year="2014" isbn="ISBN83763550019---11">
    <Authors>
      <Author>
        <Name>Fred</Name>
        <Email>fweasley@hogwarts.co.uk</Email>
      </Author>
      <Author>
        <Name>George</Name>
        <Email>gweasley@hogwarts.co.uk</Email>
      </Author>
    </Authors>
    <name>Book1</name>
  </book>
  <book year="2014" isbn="ISBN83763550019---11">
    <Authors>
      <Author>
        <Name>Fred</Name>
        <Email>fweasley@hogwarts.co.uk</Email>
      </Author>
      <Author>
        <Name>George</Name>
        <Email>gweasley@hogwarts.co.uk</Email>
      </Author>
    </Authors>
    <name>Book2</name>
  </book>
  <book year="2014" isbn="ISBN83763550019---11">
    <Authors>
      <Author>
        <Name>Fred</Name>
        <Email>fweasley@hogwarts.co.uk</Email>
      </Author>
      <Author>
        <Name>George</Name>
        <Email>gweasley@hogwarts.co.uk</Email>
      </Author>
    </Authors>
    <name>Book1</name>
  </book>
  <book year="2014" isbn="ISBN83763550019---11">
    <Authors>
      <Author>
        <Name>Fred</Name>
        <Email>fweasley@hogwarts.co.uk</Email>
      </Author>
      <Author>
        <Name>George</Name>
        <Email>gweasley@hogwarts.co.uk</Email>
      </Author>
    </Authors>
    <name>Book2</name>
  </book>
  <book year="2014" isbn="ISBN83763550019---11">
    <Authors>
      <Author>
        <Name>Fred</Name>
        <Email>fweasley@hogwarts.co.uk</Email>
      </Author>
      <Author>
        <Name>George</Name>
        <Email>gweasley@hogwarts.co.uk</Email>
      </Author>
    </Authors>
    <name>Book1</name>
  </book>
  <book year="2014" isbn="ISBN83763550019---11">
    <Authors>
      <Author>
        <Name>Fred</Name>
        <Email>fweasley@hogwarts.co.uk</Email>
      </Author>
      <Author>
        <Name>George</Name>
        <Email>gweasley@hogwarts.co.uk</Email>
      </Author>
    </Authors>
    <name>Book2</name>
  </book>
  <book year="2014" isbn="ISBN83763550019---11">
    <Authors>
      <Author>
        <Name>Fred</Name>
        <Email>fweasley@hogwarts.co.uk</Email>
      </Author>
      <Author>
        <Name>George</Name>
        <Email>gweasley@hogwarts.co.uk</Email>
      </Author>
    </Authors>
    <name>Book1</name>
  </book>
  <book year="2014" isbn="ISBN83763550019---11">
    <Authors>
      <Author>
        <Name>Fred</Name>
        <Email>fweasley@hogwarts.co.uk</Email>
      </Author>
      <Author>
        <Name>George</Name>
        <Email>gweasley@hogwarts.co.uk</Email>
      </Author>
    </Authors>
    <name>Book2</name>
  </book>
  <book year="2014" isbn="ISBN83763550019---11">
    <Authors>
      <Author>
        <Name>Fred</Name>
        <Email>fweasley@hogwarts.co.uk</Email>
      </Author>
      <Author>
        <Name>George</Name>
        <Email>gweasley@hogwarts.co.uk</Email>
      </Author>
    </Authors>
    <name>Book1</name>
  </book>
  <book year="2014" isbn="ISBN83763550019---11">
    <Authors>
      <Author>
        <Name>Fred</Name>
        <Email>fweasley@hogwarts.co.uk</Email>
      </Author>
      <Author>
        <Name>George</Name>
        <Email>gweasley@hogwarts.co.uk</Email>
      </Author>
    </Authors>
    <name>Book2</name>
  </book>
  <book year="2014" isbn="ISBN83763550019---11">
    <Authors>
      <Author>
        <Name>Fred</Name>
        <Email>fweasley@hogwarts.co.uk</Email>
      </Author>
      <Author>
        <Name>George</Name>
        <Email>gweasley@hogwarts.co.uk</Email>
      </Author>
    </Authors>
    <name>Book1</name>
  </book>
  <book year="2014" isbn="ISBN83763550019---11">
    <Authors>
      <Author>
        <Name>Fred</Name>
        <Email>fweasley@hogwarts.co.uk</Email>
      </Author>
      <Author>
        <Name>George</Name>
        <Email>gweasley@hogwarts.co.uk</Email>
      </Author>
    </Authors>
    <name>Book2</name>
  </book>
  <book year="2014" isbn="ISBN83763550019---11">
    <Authors>
      <Author>
        <Name>Fred</Name>
        <Email>fweasley@hogwarts.co.uk</Email>
      </Author>
      <Author>
        <Name>George</Name>
        <Email>gweasley@hogwarts.co.uk</Email>
      </Author>
    </Authors>
    <name>Book1</name>
  </book>
  <book year="2014" isbn="ISBN83763550019---11">
    <Authors>
      <Author>
        <Name>Fred</Name>
        <Email>fweasley@hogwarts.co.uk</Email>
      </Author>
      <Author>
        <Name>George</Name>
        <Email>gweasley@hogwarts.co.uk</Email>
      </Author>
    </Authors>
    <name>Book2</name>
  </book>
  <book year="2014" isbn="ISBN83763550019---11">
    <Authors>
      <Author>
        <Name>Fred</Name>
        <Email>fweasley@hogwarts.co.uk</Email>
      </Author>
      <Author>
        <Name>George</Name>
        <Email>gweasley@hogwarts.co.uk</Email>
      </Author>
    </Authors>
    <name>Book1</name>
  </book>
  <book year="2014" isbn="ISBN83763550019---11">
    <Authors>
      <Author>
        <Name>Fred</Name>
        <Email>fweasley@hogwarts.co.uk</Email>
      </Author>
      <Author>
        <Name>George</Name>
        <Email>gweasley@hogwarts.co.uk</Email>
      </Author>
    </Authors>
    <name>Book2</name>
  </book>
  <book year="2014" isbn="ISBN83763550019---11">
    <Authors>
      <Author>
        <Name>Fred</Name>
        <Email>fweasley@hogwarts.co.uk</Email>
      </Author>
      <Author>
        <Name>George</Name>
        <Email>gweasley@hogwarts.co.uk</Email>
      </Author>
    </Authors>
    <name>Book1</name>
  </book>
  <book year="2014" isbn="ISBN83763550019---11">
    <Authors>
      <Author>
        <Name>Fred</Name>
        <Email>fweasley@hogwarts.co.uk</Email>
      </Author>
      <Author>
        <Name>George</Name>
        <Email>gweasley@hogwarts.co.uk</Email>
      </Author>
    </Authors>
    <name>Book2</name>
  </book>
  <book year="2014" isbn="ISBN83763550019---11">
    <Authors>
      <Author>
        <Name>Fred</Name>
        <Email>fweasley@hogwarts.co.uk</Email>
      </Author>
      <Author>
        <Name>George</Name>
        <Email>gweasley@hogwarts.co.uk</Email>
      </Author>
    </Authors>
    <name>Book1</name>
  </book>
  <book year="2014" isbn="ISBN83763550019---11">
    <Authors>
      <Author>
        <Name>Fred</Name>
        <Email>fweasley@hogwarts.co.uk</Email>
      </Author>
      <Author>
        <Name>George</Name>
        <Email>gweasley@hogwarts.co.uk</Email>
      </Author>
    </Authors>
    <name>Book2</name>
  </book>
  <book year="2014" isbn="ISBN83763550019---11">
    <Authors>
      <Author>
        <Name>Fred</Name>
        <Email>fweasley@hogwarts.co.uk</Email>
      </Author>
      <Author>
        <Name>George</Name>
        <Email>gweasley@hogwarts.co.uk</Email>
      </Author>
    </Authors>
    <name>Book1</name>
  </book>
  <book year="2014" isbn="ISBN83763550019---11">
    <Authors>
      <Author>
        <Name>Fred</Name>
        <Email>fweasley@hogwarts.co.uk</Email>
      </Author>
      <Author>
        <Name>George</Name>
        <Email>gweasley@hogwarts.co.uk</Email>
      </Author>
    </Authors>
    <name>Book2</name>
  </book>
  <book year="2014" isbn="ISBN83763550019---11">
    <Authors>
      <Author>
        <Name>Fred</Name>
        <Email>fweasley@hogwarts.co.uk</Email>
      </Author>
      <Author>
        <Name>George</Name>
        <Email>gweasley@hogwarts.co.uk</Email>
      </Author>
    </Authors>
    <name>Book1</name>
  </book>
  <book year="2014" isbn="ISBN83763550019---11">
    <Authors>
      <Author>
        <Name>Fred</Name>
        <Email>fweasley@hogwarts.co.uk</Email>
      </Author>
      <Author>
        <Name>George</Name>
        <Email>gweasley@hogwarts.co.uk</Email>
      </Author>
    </Authors>
    <name>Book2</name>
  </book>
  <book year="2014" isbn="ISBN83763550019---11">
    <Authors>
      <Author>
        <Name>Fred</Name>
        <Email>fweasley@hogwarts.co.uk</Email>
      </Author>
      <Author>
        <Name>George</Name>
        <Email>gweasley@hogwarts.co.uk</Email>
      </Author>
    </Authors>
    <name>Book1</name>
  </book>
  <book year="2014" isbn="ISBN83763550019---11">
    <Authors>
      <Author>
        <Name>Fred</Name>
        <Email>fweasley@hogwarts.co.uk</Email>
      </Author>
      <Author>
        <Name>George</Name>
        <Email>gweasley@hogwarts.co.uk</Email>
      </Author>
    </Authors>
    <name>Book2</name>
  </book>
  <book year="2014" isbn="ISBN83763550019---11">
    <Authors>
      <Author>
        <Name>Fred</Name>
        <Email>fweasley@hogwarts.co.uk</Email>
      </Author>
      <Author>
        <Name>George</Name>
        <Email>gweasley@hogwarts.co.uk</Email>
      </Author>
    </Authors>
    <name>Book1</name>
  </book>
  <book year="2014" isbn="ISBN83763550019---11">
    <Authors>
      <Author>
        <Name>Fred</Name>
        <Email>fweasley@hogwarts.co.uk</Email>
      </Author>
      <Author>
        <Name>George</Name>
        <Email>gweasley@hogwarts.co.uk</Email>
      </Author>
    </Authors>
    <name>Book2</name>
  </book>
  <book year="2014" isbn="ISBN83763550019---11">
    <Authors>
      <Author>
        <Name>Fred</Name>
        <Email>fweasley@hogwarts.co.uk</Email>
      </Author>
      <Author>
        <Name>George</Name>
        <Email>gweasley@hogwarts.co.uk</Email>
      </Author>
    </Authors>
    <name>Book1</name>
  </book>
  <book year="2014" isbn="ISBN83763550019---11">
    <Authors>
      <Author>
        <Name>Fred</Name>
        <Email>fweasley@hogwarts.co.uk</Email>
      </Author>
      <Author>
        <Name>George</Name>
        <Email>gweasley@hogwarts.co.uk</Email>
      </Author>
    </Authors>
    <name>Book2</name>
  </book>
  <book year="2014" isbn="ISBN83763550019---11">
    <Authors>
      <Author>
        <Name>Fred</Name>
        <Email>fweasley@hogwarts.co.uk</Email>
      </Author>
      <Author>
        <Name>George</Name>
        <Email>gweasley@hogwarts.co.uk</Email>
      </Author>
    </Authors>
    <name>Book1</name>
  </book>
  <book year="2014" isbn="ISBN83763550019---11">
    <Authors>
      <Author>
        <Name>Fred</Name>
        <Email>fweasley@hogwarts.co.uk</Email>
      </Author>
      <Author>
        <Name>George</Name>
        <Email>gweasley@hogwarts.co.uk</Email>
      </Author>
    </Authors>
    <name>Book2</name>
  </book>
  <book year="2014" isbn="ISBN83763550019---11">
    <Authors>
      <Author>
        <Name>Fred</Name>
        <Email>fweasley@hogwarts.co.uk</Email>
      </Author>
      <Author>
        <Name>George</Name>
        <Email>gweasley@hogwarts.co.uk</Email>
      </Author>
    </Authors>
    <name>Book1</name>
  </book>
  <book year="2014" isbn="ISBN83763550019---11">
    <Authors>
      <Author>
        <Name>Fred</Name>
        <Email>fweasley@hogwarts.co.uk</Email>
      </Author>
      <Author>
        <Name>George</Name>
        <Email>gweasley@hogwarts.co.uk</Email>
      </Author>
    </Authors>
    <name>Book2</name>
  </book>
  <book year="2014" isbn="ISBN83763550019---11">
    <Authors>
      <Author>
        <Name>Fred</Name>
        <Email>fweasley@hogwarts.co.uk</Email>
      </Author>
      <Author>
        <Name>George</Name>
        <Email>gweasley@hogwarts.co.uk</Email>
      </Author>
    </Authors>
    <name>Book1</name>
  </book>
  <book year="2014" isbn="ISBN83763550019---11">
    <Authors>
      <Author>
        <Name>Fred</Name>
        <Email>fweasley@hogwarts.co.uk</Email>
      </Author>
      <Author>
        <Name>George</Name>
        <Email>gweasley@hogwarts.co.uk</Email>
      </Author>
    </Authors>
    <name>Book2</name>
  </book>
  <book year="2014" isbn="ISBN83763550019---11">
    <Authors>
      <Author>
        <Name>Fred</Name>
        <Email>fweasley@hogwarts.co.uk</Email>
      </Author>
      <Author>
        <Name>George</Name>
        <Email>gweasley@hogwarts.co.uk</Email>
      </Author>
    </Authors>
    <name>Book1</name>
  </book>
  <book year="2014" isbn="ISBN83763550019---11">
    <Authors>
      <Author>
        <Name>Fred</Name>
        <Email>fweasley@hogwarts.co.uk</Email>
      </Author>
      <Author>
        <Name>George</Name>
        <Email>gweasley@hogwarts.co.uk</Email>
      </Author>
    </Authors>
    <name>Book2</name>
  </book>
  <book year="2014" isbn="ISBN83763550019---11">
    <Authors>
      <Author>
        <Name>Fred</Name>
        <Email>fweasley@hogwarts.co.uk</Email>
      </Author>
      <Author>
        <Name>George</Name>
        <Email>gweasley@hogwarts.co.uk</Email>
      </Author>
    </Authors>
    <name>Book1</name>
  </book>
  <book year="2014" isbn="ISBN83763550019---11">
    <Authors>
      <Author>
        <Name>Fred</Name>
        <Email>fweasley@hogwarts.co.uk</Email>
      </Author>
      <Author>
        <Name>George</Name>
        <Email>gweasley@hogwarts.co.uk</Email>
      </Author>
    </Authors>
    <name>Book2</name>
  </book>
  <book year="2014" isbn="ISBN83763550019---11">
    <Authors>
      <Author>
        <Name>Fred</Name>
        <Email>fweasley@hogwarts.co.uk</Email>
      </Author>
      <Author>
        <Name>George</Name>
        <Email>gweasley@hogwarts.co.uk</Email>
      </Author>
    </Authors>
    <name>Book1</name>
  </book>
  <book year="2014" isbn="ISBN83763550019---11">
    <Authors>
      <Author>
        <Name>Fred</Name>
        <Email>fweasley@hogwarts.co.uk</Email>
      </Author>
      <Author>
        <Name>George</Name>
        <Email>gweasley@hogwarts.co.uk</Email>
      </Author>
    </Authors>
    <name>Book2</name>
  </book>
  <book year="2014" isbn="ISBN83763550019---11">
    <Authors>
      <Author>
        <Name>Fred</Name>
        <Email>fweasley@hogwarts.co.uk</Email>
      </Author>
      <Author>
        <Name>George</Name>
        <Email>gweasley@hogwarts.co.uk</Email>
      </Author>
    </Authors>
    <name>Book1</name>
  </book>
  <book year="2014" isbn="ISBN83763550019---11">
    <Authors>
      <Author>
        <Name>Fred</Name>
        <Email>fweasley@hogwarts.co.uk</Email>
      </Author>
      <Author>
        <Name>George</Name>
        <Email>gweasley@hogwarts.co.uk</Email>
      </Author>
    </Authors>
    <name>Book2</name>
  </book>
  <book year="2014" isbn="ISBN83763550019---11">
    <Authors>
      <Author>
        <Name>Fred</Name>
        <Email>fweasley@hogwarts.co.uk</Email>
      </Author>
      <Author>
        <Name>George</Name>
        <Email>gweasley@hogwarts.co.uk</Email>
      </Author>
    </Authors>
    <name>Book1</name>
  </book>
  <book year="2014" isbn="ISBN83763550019---11">
    <Authors>
      <Author>
        <Name>Fred</Name>
        <Email>fweasley@hogwarts.co.uk</Email>
      </Author>
      <Author>
        <Name>George</Name>
        <Email>gweasley@hogwarts.co.uk</Email>
      </Author>
    </Authors>
    <name>Book2</name>
  </book>
  <book year="2014" isbn="ISBN83763550019---11">
    <Authors>
      <Author>
        <Name>Fred</Name>
        <Email>fweasley@hogwarts.co.uk</Email>
      </Author>
      <Author>
        <Name>George</Name>
        <Email>gweasley@hogwarts.co.uk</Email>
      </Author>
    </Authors>
    <name>Book1</name>
  </book>
  <book year="2014" isbn="ISBN83763550019---11">
    <Authors>
      <Author>
        <Name>Fred</Name>
        <Email>fweasley@hogwarts.co.uk</Email>
      </Author>
      <Author>
        <Name>George</Name>
        <Email>gweasley@hogwarts.co.uk</Email>
      </Author>
    </Authors>
    <name>Book2</name>
  </book>
  <book year="2014" isbn="ISBN83763550019---11">
    <Authors>
      <Author>
        <Name>Fred</Name>
        <Email>fweasley@hogwarts.co.uk</Email>
      </Author>
      <Author>
        <Name>George</Name>
        <Email>gweasley@hogwarts.co.uk</Email>
      </Author>
    </Authors>
    <name>Book1</name>
  </book>
  <book year="2014" isbn="ISBN83763550019---11">
    <Authors>
      <Author>
        <Name>Fred</Name>
        <Email>fweasley@hogwarts.co.uk</Email>
      </Author>
      <Author>
        <Name>George</Name>
        <Email>gweasley@hogwarts.co.uk</Email>
      </Author>
    </Authors>
    <name>Book2</name>
  </book>
  <book year="2014" isbn="ISBN83763550019---11">
    <Authors>
      <Author>
        <Name>Fred</Name>
        <Email>fweasley@hogwarts.co.uk</Email>
      </Author>
      <Author>
        <Name>George</Name>
        <Email>gweasley@hogwarts.co.uk</Email>
      </Author>
    </Authors>
    <name>Book1</name>
  </book>
  <book year="2014" isbn="ISBN83763550019---11">
    <Authors>
      <Author>
        <Name>Fred</Name>
        <Email>fweasley@hogwarts.co.uk</Email>
      </Author>
      <Author>
        <Name>George</Name>
        <Email>gweasley@hogwarts.co.uk</Email>
      </Author>
    </Authors>
    <name>Book2</name>
  </book>
  <book year="2014" isbn="ISBN83763550019---11">
    <Authors>
      <Author>
        <Name>Fred</Name>
        <Email>fweasley@hogwarts.co.uk</Email>
      </Author>
      <Author>
        <Name>George</Name>
        <Email>gweasley@hogwarts.co.uk</Email>
      </Author>
    </Authors>
    <name>Book1</name>
  </book>
  <book year="2014" isbn="ISBN83763550019---11">
    <Authors>
      <Author>
        <Name>Fred</Name>
        <Email>fweasley@hogwarts.co.uk</Email>
      </Author>
      <Author>
        <Name>George</Name>
        <Email>gweasley@hogwarts.co.uk</Email>
      </Author>
    </Authors>
    <name>Book2</name>
  </book>
  <book year="2014" isbn="ISBN83763550019---11">
    <Authors>
      <Author>
        <Name>Fred</Name>
        <Email>fweasley@hogwarts.co.uk</Email>
      </Author>
      <Author>
        <Name>George</Name>
        <Email>gweasley@hogwarts.co.uk</Email>
      </Author>
    </Authors>
    <name>Book1</name>
  </book>
  <book year="2014" isbn="ISBN83763550019---11">
    <Authors>
      <Author>
        <Name>Fred</Name>
        <Email>fweasley@hogwarts.co.uk</Email>
      </Author>
      <Author>
        <Name>George</Name>
        <Email>gweasley@hogwarts.co.uk</Email>
      </Author>
    </Authors>
    <name>Book2</name>
  </book>
  <book year="2014" isbn="ISBN83763550019---11">
    <Authors>
      <Author>
        <Name>Fred</Name>
        <Email>fweasley@hogwarts.co.uk</Email>
      </Author>
      <Author>
        <Name>George</Name>
        <Email>gweasley@hogwarts.co.uk</Email>
      </Author>
    </Authors>
    <name>Book1</name>
  </book>
  <book year="2014" isbn="ISBN83763550019---11">
    <Authors>
      <Author>
        <Name>Fred</Name>
        <Email>fweasley@hogwarts.co.uk</Email>
      </Author>
      <Author>
        <Name>George</Name>
        <Email>gweasley@hogwarts.co.uk</Email>
      </Author>
    </Authors>
    <name>Book2</name>
  </book>
  <book year="2014" isbn="ISBN83763550019---11">
    <Authors>
      <Author>
        <Name>Fred</Name>
        <Email>fweasley@hogwarts.co.uk</Email>
      </Author>
      <Author>
        <Name>George</Name>
        <Email>gweasley@hogwarts.co.uk</Email>
      </Author>
    </Authors>
    <name>Book1</name>
  </book>
  <book year="2014" isbn="ISBN83763550019---11">
    <Authors>
      <Author>
        <Name>Fred</Name>
        <Email>fweasley@hogwarts.co.uk</Email>
      </Author>
      <Author>
        <Name>George</Name>
        <Email>gweasley@hogwarts.co.uk</Email>
      </Author>
    </Authors>
    <name>Book2</name>
  </book>
  <book year="2014" isbn="ISBN83763550019---11">
    <Authors>
      <Author>
        <Name>Fred</Name>
        <Email>fweasley@hogwarts.co.uk</Email>
      </Author>
      <Author>
        <Name>George</Name>
        <Email>gweasley@hogwarts.co.uk</Email>
      </Author>
    </Authors>
    <name>Book1</name>
  </book>
  <book year="2014" isbn="ISBN83763550019---11">
    <Authors>
      <Author>
        <Name>Fred</Name>
        <Email>fweasley@hogwarts.co.uk</Email>
      </Author>
      <Author>
        <Name>George</Name>
        <Email>gweasley@hogwarts.co.uk</Email>
      </Author>
    </Authors>
    <name>Book2</name>
  </book>
  <book year="2014" isbn="ISBN83763550019---11">
    <Authors>
      <Author>
        <Name>Fred</Name>
        <Email>fweasley@hogwarts.co.uk</Email>
      </Author>
      <Author>
        <Name>George</Name>
        <Email>gweasley@hogwarts.co.uk</Email>
      </Author>
    </Authors>
    <name>Book1</name>
  </book>
  <book year="2014" isbn="ISBN83763550019---11">
    <Authors>
      <Author>
        <Name>Fred</Name>
        <Email>fweasley@hogwarts.co.uk</Email>
      </Author>
      <Author>
        <Name>George</Name>
        <Email>gweasley@hogwarts.co.uk</Email>
      </Author>
    </Authors>
    <name>Book2</name>
  </book>
  <book year="2014" isbn="ISBN83763550019---11">
    <Authors>
      <Author>
        <Name>Fred</Name>
        <Email>fweasley@hogwarts.co.uk</Email>
      </Author>
      <Author>
        <Name>George</Name>
        <Email>gweasley@hogwarts.co.uk</Email>
      </Author>
    </Authors>
    <name>Book1</name>
  </book>
  <book year="2014" isbn="ISBN83763550019---11">
    <Authors>
      <Author>
        <Name>Fred</Name>
        <Email>fweasley@hogwarts.co.uk</Email>
      </Author>
      <Author>
        <Name>George</Name>
        <Email>gweasley@hogwarts.co.uk</Email>
      </Author>
    </Authors>
    <name>Book2</name>
  </book>
  <book year="2014" isbn="ISBN83763550019---11">
    <Authors>
      <Author>
        <Name>Fred</Name>
        <Email>fweasley@hogwarts.co.uk</Email>
      </Author>
      <Author>
        <Name>George</Name>
        <Email>gweasley@hogwarts.co.uk</Email>
      </Author>
    </Authors>
    <name>Book1</name>
  </book>
  <book year="2014" isbn="ISBN83763550019---11">
    <Authors>
      <Author>
        <Name>Fred</Name>
        <Email>fweasley@hogwarts.co.uk</Email>
      </Author>
      <Author>
        <Name>George</Name>
        <Email>gweasley@hogwarts.co.uk</Email>
      </Author>
    </Authors>
    <name>Book2</name>
  </book>
  <book year="2014" isbn="ISBN83763550019---11">
    <Authors>
      <Author>
        <Name>Fred</Name>
        <Email>fweasley@hogwarts.co.uk</Email>
      </Author>
      <Author>
        <Name>George</Name>
        <Email>gweasley@hogwarts.co.uk</Email>
      </Author>
    </Authors>
    <name>Book1</name>
  </book>
  <book year="2014" isbn="ISBN83763550019---11">
    <Authors>
      <Author>
        <Name>Fred</Name>
        <Email>fweasley@hogwarts.co.uk</Email>
      </Author>
      <Author>
        <Name>George</Name>
        <Email>gweasley@hogwarts.co.uk</Email>
      </Author>
    </Authors>
    <name>Book2</name>
  </book>
  <book year="2014" isbn="ISBN83763550019---11">
    <Authors>
      <Author>
        <Name>Fred</Name>
        <Email>fweasley@hogwarts.co.uk</Email>
      </Author>
      <Author>
        <Name>George</Name>
        <Email>gweasley@hogwarts.co.uk</Email>
      </Author>
    </Authors>
    <name>Book1</name>
  </book>
  <book year="2014" isbn="ISBN83763550019---11">
    <Authors>
      <Author>
        <Name>Fred</Name>
        <Email>fweasley@hogwarts.co.uk</Email>
      </Author>
      <Author>
        <Name>George</Name>
        <Email>gweasley@hogwarts.co.uk</Email>
      </Author>
    </Authors>
    <name>Book2</name>
  </book>
  <book year="2014" isbn="ISBN83763550019---11">
    <Authors>
      <Author>
        <Name>Fred</Name>
        <Email>fweasley@hogwarts.co.uk</Email>
      </Author>
      <Author>
        <Name>George</Name>
        <Email>gweasley@hogwarts.co.uk</Email>
      </Author>
    </Authors>
    <name>Book1</name>
  </book>
  <book year="2014" isbn="ISBN83763550019---11">
    <Authors>
      <Author>
        <Name>Fred</Name>
        <Email>fweasley@hogwarts.co.uk</Email>
      </Author>
      <Author>
        <Name>George</Name>
        <Email>gweasley@hogwarts.co.uk</Email>
      </Author>
    </Authors>
    <name>Book2</name>
  </book>
  <book year="2014" isbn="ISBN83763550019---11">
    <Authors>
      <Author>
        <Name>Fred</Name>
        <Email>fweasley@hogwarts.co.uk</Email>
      </Author>
      <Author>
        <Name>George</Name>
        <Email>gweasley@hogwarts.co.uk</Email>
      </Author>
    </Authors>
    <name>Book1</name>
  </book>
  <book year="2014" isbn="ISBN83763550019---11">
    <Authors>
      <Author>
        <Name>Fred</Name>
        <Email>fweasley@hogwarts.co.uk</Email>
      </Author>
      <Author>
        <Name>George</Name>
        <Email>gweasley@hogwarts.co.uk</Email>
      </Author>
    </Authors>
    <name>Book2</name>
  </book>
  <book year="2014" isbn="ISBN83763550019---11">
    <Authors>
      <Author>
        <Name>Fred</Name>
        <Email>fweasley@hogwarts.co.uk</Email>
      </Author>
      <Author>
        <Name>George</Name>
        <Email>gweasley@hogwarts.co.uk</Email>
      </Author>
    </Authors>
    <name>Book1</name>
  </book>
  <book year="2014" isbn="ISBN83763550019---11">
    <Authors>
      <Author>
        <Name>Fred</Name>
        <Email>fweasley@hogwarts.co.uk</Email>
      </Author>
      <Author>
        <Name>George</Name>
        <Email>gweasley@hogwarts.co.uk</Email>
      </Author>
    </Authors>
    <name>Book2</name>
  </book>
  <book year="2014" isbn="ISBN83763550019---11">
    <Authors>
      <Author>
        <Name>Fred</Name>
        <Email>fweasley@hogwarts.co.uk</Email>
      </Author>
      <Author>
        <Name>George</Name>
        <Email>gweasley@hogwarts.co.uk</Email>
      </Author>
    </Authors>
    <name>Book1</name>
  </book>
  <book year="2014" isbn="ISBN83763550019---11">
    <Authors>
      <Author>
        <Name>Fred</Name>
        <Email>fweasley@hogwarts.co.uk</Email>
      </Author>
      <Author>
        <Name>George</Name>
        <Email>gweasley@hogwarts.co.uk</Email>
      </Author>
    </Authors>
    <name>Book2</name>
  </book>
  <book year="2014" isbn="ISBN83763550019---11">
    <Authors>
      <Author>
        <Name>Fred</Name>
        <Email>fweasley@hogwarts.co.uk</Email>
      </Author>
      <Author>
        <Name>George</Name>
        <Email>gweasley@hogwarts.co.uk</Email>
      </Author>
    </Authors>
    <name>Book1</name>
  </book>
  <book year="2014" isbn="ISBN83763550019---11">
    <Authors>
      <Author>
        <Name>Fred</Name>
        <Email>fweasley@hogwarts.co.uk</Email>
      </Author>
      <Author>
        <Name>George</Name>
        <Email>gweasley@hogwarts.co.uk</Email>
      </Author>
    </Authors>
    <name>Book2</name>
  </book>
  <book year="2014" isbn="ISBN83763550019---11">
    <Authors>
      <Author>
        <Name>Fred</Name>
        <Email>fweasley@hogwarts.co.uk</Email>
      </Author>
      <Author>
        <Name>George</Name>
        <Email>gweasley@hogwarts.co.uk</Email>
      </Author>
    </Authors>
    <name>Book1</name>
  </book>
  <book year="2014" isbn="ISBN83763550019---11">
    <Authors>
      <Author>
        <Name>Fred</Name>
        <Email>fweasley@hogwarts.co.uk</Email>
      </Author>
      <Author>
        <Name>George</Name>
        <Email>gweasley@hogwarts.co.uk</Email>
      </Author>
    </Authors>
    <name>Book2</name>
  </book>
  <book year="2014" isbn="ISBN83763550019---11">
    <Authors>
      <Author>
        <Name>Fred</Name>
        <Email>fweasley@hogwarts.co.uk</Email>
      </Author>
      <Author>
        <Name>George</Name>
        <Email>gweasley@hogwarts.co.uk</Email>
      </Author>
    </Authors>
    <name>Book1</name>
  </book>
  <book year="2014" isbn="ISBN83763550019---11">
    <Authors>
      <Author>
        <Name>Fred</Name>
        <Email>fweasley@hogwarts.co.uk</Email>
      </Author>
      <Author>
        <Name>George</Name>
        <Email>gweasley@hogwarts.co.uk</Email>
      </Author>
    </Authors>
    <name>Book2</name>
  </book>
  <book year="2014" isbn="ISBN83763550019---11">
    <Authors>
      <Author>
        <Name>Fred</Name>
        <Email>fweasley@hogwarts.co.uk</Email>
      </Author>
      <Author>
        <Name>George</Name>
        <Email>gweasley@hogwarts.co.uk</Email>
      </Author>
    </Authors>
    <name>Book1</name>
  </book>
  <book year="2014" isbn="ISBN83763550019---11">
    <Authors>
      <Author>
        <Name>Fred</Name>
        <Email>fweasley@hogwarts.co.uk</Email>
      </Author>
      <Author>
        <Name>George</Name>
        <Email>gweasley@hogwarts.co.uk</Email>
      </Author>
    </Authors>
    <name>Book2</name>
  </book>
  <book year="2014" isbn="ISBN83763550019---11">
    <Authors>
      <Author>
        <Name>Fred</Name>
        <Email>fweasley@hogwarts.co.uk</Email>
      </Author>
      <Author>
        <Name>George</Name>
        <Email>gweasley@hogwarts.co.uk</Email>
      </Author>
    </Authors>
    <name>Book1</name>
  </book>
  <book year="2014" isbn="ISBN83763550019---11">
    <Authors>
      <Author>
        <Name>Fred</Name>
        <Email>fweasley@hogwarts.co.uk</Email>
      </Author>
      <Author>
        <Name>George</Name>
        <Email>gweasley@hogwarts.co.uk</Email>
      </Author>
    </Authors>
    <name>Book2</name>
  </book>
  <book year="2014" isbn="ISBN83763550019---11">
    <Authors>
      <Author>
        <Name>Fred</Name>
        <Email>fweasley@hogwarts.co.uk</Email>
      </Author>
      <Author>
        <Name>George</Name>
        <Email>gweasley@hogwarts.co.uk</Email>
      </Author>
    </Authors>
    <name>Book1</name>
  </book>
  <book year="2014" isbn="ISBN83763550019---11">
    <Authors>
      <Author>
        <Name>Fred</Name>
        <Email>fweasley@hogwarts.co.uk</Email>
      </Author>
      <Author>
        <Name>George</Name>
        <Email>gweasley@hogwarts.co.uk</Email>
      </Author>
    </Authors>
    <name>Book2</name>
  </book>
  <book year="2014" isbn="ISBN83763550019---11">
    <Authors>
      <Author>
        <Name>Fred</Name>
        <Email>fweasley@hogwarts.co.uk</Email>
      </Author>
      <Author>
        <Name>George</Name>
        <Email>gweasley@hogwarts.co.uk</Email>
      </Author>
    </Authors>
    <name>Book1</name>
  </book>
  <book year="2014" isbn="ISBN83763550019---11">
    <Authors>
      <Author>
        <Name>Fred</Name>
        <Email>fweasley@hogwarts.co.uk</Email>
      </Author>
      <Author>
        <Name>George</Name>
        <Email>gweasley@hogwarts.co.uk</Email>
      </Author>
    </Authors>
    <name>Book2</name>
  </book>
  <book year="2014" isbn="ISBN83763550019---11">
    <Authors>
      <Author>
        <Name>Fred</Name>
        <Email>fweasley@hogwarts.co.uk</Email>
      </Author>
      <Author>
        <Name>George</Name>
        <Email>gweasley@hogwarts.co.uk</Email>
      </Author>
    </Authors>
    <name>Book1</name>
  </book>
  <book year="2014" isbn="ISBN83763550019---11">
    <Authors>
      <Author>
        <Name>Fred</Name>
        <Email>fweasley@hogwarts.co.uk</Email>
      </Author>
      <Author>
        <Name>George</Name>
        <Email>gweasley@hogwarts.co.uk</Email>
      </Author>
    </Authors>
    <name>Book2</name>
  </book>
  <book year="2014" isbn="ISBN83763550019---11">
    <Authors>
      <Author>
        <Name>Fred</Name>
        <Email>fweasley@hogwarts.co.uk</Email>
      </Author>
      <Author>
        <Name>George</Name>
        <Email>gweasley@hogwarts.co.uk</Email>
      </Author>
    </Authors>
    <name>Book1</name>
  </book>
  <book year="2014" isbn="ISBN83763550019---11">
    <Authors>
      <Author>
        <Name>Fred</Name>
        <Email>fweasley@hogwarts.co.uk</Email>
      </Author>
      <Author>
        <Name>George</Name>
        <Email>gweasley@hogwarts.co.uk</Email>
      </Author>
    </Authors>
    <name>Book2</name>
  </book>
  <book year="2014" isbn="ISBN83763550019---11">
    <Authors>
      <Author>
        <Name>Fred</Name>
        <Email>fweasley@hogwarts.co.uk</Email>
      </Author>
      <Author>
        <Name>George</Name>
        <Email>gweasley@hogwarts.co.uk</Email>
      </Author>
    </Authors>
    <name>Book1</name>
  </book>
  <book year="2014" isbn="ISBN83763550019---11">
    <Authors>
      <Author>
        <Name>Fred</Name>
        <Email>fweasley@hogwarts.co.uk</Email>
      </Author>
      <Author>
        <Name>George</Name>
        <Email>gweasley@hogwarts.co.uk</Email>
      </Author>
    </Authors>
    <name>Book2</name>
  </book>
  <book year="2014" isbn="ISBN83763550019---11">
    <Authors>
      <Author>
        <Name>Fred</Name>
        <Email>fweasley@hogwarts.co.uk</Email>
      </Author>
      <Author>
        <Name>George</Name>
        <Email>gweasley@hogwarts.co.uk</Email>
      </Author>
    </Authors>
    <name>Book1</name>
  </book>
  <book year="2014" isbn="ISBN83763550019---11">
    <Authors>
      <Author>
        <Name>Fred</Name>
        <Email>fweasley@hogwarts.co.uk</Email>
      </Author>
      <Author>
        <Name>George</Name>
        <Email>gweasley@hogwarts.co.uk</Email>
      </Author>
    </Authors>
    <name>Book2</name>
  </book>
  <book year="2014" isbn="ISBN83763550019---11">
    <Authors>
      <Author>
        <Name>Fred</Name>
        <Email>fweasley@hogwarts.co.uk</Email>
      </Author>
      <Author>
        <Name>George</Name>
        <Email>gweasley@hogwarts.co.uk</Email>
      </Author>
    </Authors>
    <name>Book1</name>
  </book>
  <book year="2014" isbn="ISBN83763550019---11">
    <Authors>
      <Author>
        <Name>Fred</Name>
        <Email>fweasley@hogwarts.co.uk</Email>
      </Author>
      <Author>
        <Name>George</Name>
        <Email>gweasley@hogwarts.co.uk</Email>
      </Author>
    </Authors>
    <name>Book2</name>
  </book>
  <book year="2014" isbn="ISBN83763550019---11">
    <Authors>
      <Author>
        <Name>Fred</Name>
        <Email>fweasley@hogwarts.co.uk</Email>
      </Author>
      <Author>
        <Name>George</Name>
        <Email>gweasley@hogwarts.co.uk</Email>
      </Author>
    </Authors>
    <name>Book1</name>
  </book>
  <book year="2014" isbn="ISBN83763550019---11">
    <Authors>
      <Author>
        <Name>Fred</Name>
        <Email>fweasley@hogwarts.co.uk</Email>
      </Author>
      <Author>
        <Name>George</Name>
        <Email>gweasley@hogwarts.co.uk</Email>
      </Author>
    </Authors>
    <name>Book2</name>
  </book>
  <book year="2014" isbn="ISBN83763550019---11">
    <Authors>
      <Author>
        <Name>Fred</Name>
        <Email>fweasley@hogwarts.co.uk</Email>
      </Author>
      <Author>
        <Name>George</Name>
        <Email>gweasley@hogwarts.co.uk</Email>
      </Author>
    </Authors>
    <name>Book1</name>
  </book>
  <book year="2014" isbn="ISBN83763550019---11">
    <Authors>
      <Author>
        <Name>Fred</Name>
        <Email>fweasley@hogwarts.co.uk</Email>
      </Author>
      <Author>
        <Name>George</Name>
        <Email>gweasley@hogwarts.co.uk</Email>
      </Author>
    </Authors>
    <name>Book2</name>
  </book>
  <book year="2014" isbn="ISBN83763550019---11">
    <Authors>
      <Author>
        <Name>Fred</Name>
        <Email>fweasley@hogwarts.co.uk</Email>
      </Author>
      <Author>
        <Name>George</Name>
        <Email>gweasley@hogwarts.co.uk</Email>
      </Author>
    </Authors>
    <name>Book1</name>
  </book>
  <book year="2014" isbn="ISBN83763550019---11">
    <Authors>
      <Author>
        <Name>Fred</Name>
        <Email>fweasley@hogwarts.co.uk</Email>
      </Author>
      <Author>
        <Name>George</Name>
        <Email>gweasley@hogwarts.co.uk</Email>
      </Author>
    </Authors>
    <name>Book2</name>
  </book>
  <book year="2014" isbn="ISBN83763550019---11">
    <Authors>
      <Author>
        <Name>Fred</Name>
        <Email>fweasley@hogwarts.co.uk</Email>
      </Author>
      <Author>
        <Name>George</Name>
        <Email>gweasley@hogwarts.co.uk</Email>
      </Author>
    </Authors>
    <name>Book1</name>
  </book>
  <book year="2014" isbn="ISBN83763550019---11">
    <Authors>
      <Author>
        <Name>Fred</Name>
        <Email>fweasley@hogwarts.co.uk</Email>
      </Author>
      <Author>
        <Name>George</Name>
        <Email>gweasley@hogwarts.co.uk</Email>
      </Author>
    </Authors>
    <name>Book2</name>
  </book>
  <book year="2014" isbn="ISBN83763550019---11">
    <Authors>
      <Author>
        <Name>Fred</Name>
        <Email>fweasley@hogwarts.co.uk</Email>
      </Author>
      <Author>
        <Name>George</Name>
        <Email>gweasley@hogwarts.co.uk</Email>
      </Author>
    </Authors>
    <name>Book1</name>
  </book>
  <book year="2014" isbn="ISBN83763550019---11">
    <Authors>
      <Author>
        <Name>Fred</Name>
        <Email>fweasley@hogwarts.co.uk</Email>
      </Author>
      <Author>
        <Name>George</Name>
        <Email>gweasley@hogwarts.co.uk</Email>
      </Author>
    </Authors>
    <name>Book2</name>
  </book>
  <book year="2014" isbn="ISBN83763550019---11">
    <Authors>
      <Author>
        <Name>Fred</Name>
        <Email>fweasley@hogwarts.co.uk</Email>
      </Author>
      <Author>
        <Name>George</Name>
        <Email>gweasley@hogwarts.co.uk</Email>
      </Author>
    </Authors>
    <name>Book1</name>
  </book>
  <book year="2014" isbn="ISBN83763550019---11">
    <Authors>
      <Author>
        <Name>Fred</Name>
        <Email>fweasley@hogwarts.co.uk</Email>
      </Author>
      <Author>
        <Name>George</Name>
        <Email>gweasley@hogwarts.co.uk</Email>
      </Author>
    </Authors>
    <name>Book2</name>
  </book>
  <book year="2014" isbn="ISBN83763550019---11">
    <Authors>
      <Author>
        <Name>Fred</Name>
        <Email>fweasley@hogwarts.co.uk</Email>
      </Author>
      <Author>
        <Name>George</Name>
        <Email>gweasley@hogwarts.co.uk</Email>
      </Author>
    </Authors>
    <name>Book1</name>
  </book>
  <book year="2014" isbn="ISBN83763550019---11">
    <Authors>
      <Author>
        <Name>Fred</Name>
        <Email>fweasley@hogwarts.co.uk</Email>
      </Author>
      <Author>
        <Name>George</Name>
        <Email>gweasley@hogwarts.co.uk</Email>
      </Author>
    </Authors>
    <name>Book2</name>
  </book>
  <book year="2014" isbn="ISBN83763550019---11">
    <Authors>
      <Author>
        <Name>Fred</Name>
        <Email>fweasley@hogwarts.co.uk</Email>
      </Author>
      <Author>
        <Name>George</Name>
        <Email>gweasley@hogwarts.co.uk</Email>
      </Author>
    </Authors>
    <name>Book1</name>
  </book>
  <book year="2014" isbn="ISBN83763550019---11">
    <Authors>
      <Author>
        <Name>Fred</Name>
        <Email>fweasley@hogwarts.co.uk</Email>
      </Author>
      <Author>
        <Name>George</Name>
        <Email>gweasley@hogwarts.co.uk</Email>
      </Author>
    </Authors>
    <name>Book2</name>
  </book>
  <book year="2014" isbn="ISBN83763550019---11">
    <Authors>
      <Author>
        <Name>Fred</Name>
        <Email>fweasley@hogwarts.co.uk</Email>
      </Author>
      <Author>
        <Name>George</Name>
        <Email>gweasley@hogwarts.co.uk</Email>
      </Author>
    </Authors>
    <name>Book1</name>
  </book>
  <book year="2014" isbn="ISBN83763550019---11">
    <Authors>
      <Author>
        <Name>Fred</Name>
        <Email>fweasley@hogwarts.co.uk</Email>
      </Author>
      <Author>
        <Name>George</Name>
        <Email>gweasley@hogwarts.co.uk</Email>
      </Author>
    </Authors>
    <name>Book2</name>
  </book>
  <book year="2014" isbn="ISBN83763550019---11">
    <Authors>
      <Author>
        <Name>Fred</Name>
        <Email>fweasley@hogwarts.co.uk</Email>
      </Author>
      <Author>
        <Name>George</Name>
        <Email>gweasley@hogwarts.co.uk</Email>
      </Author>
    </Authors>
    <name>Book1</name>
  </book>
  <book year="2014" isbn="ISBN83763550019---11">
    <Authors>
      <Author>
        <Name>Fred</Name>
        <Email>fweasley@hogwarts.co.uk</Email>
      </Author>
      <Author>
        <Name>George</Name>
        <Email>gweasley@hogwarts.co.uk</Email>
      </Author>
    </Authors>
    <name>Book2</name>
  </book>
  <book year="2014" isbn="ISBN83763550019---11">
    <Authors>
      <Author>
        <Name>Fred</Name>
        <Email>fweasley@hogwarts.co.uk</Email>
      </Author>
      <Author>
        <Name>George</Name>
        <Email>gweasley@hogwarts.co.uk</Email>
      </Author>
    </Authors>
    <name>Book1</name>
  </book>
  <book year="2014" isbn="ISBN83763550019---11">
    <Authors>
      <Author>
        <Name>Fred</Name>
        <Email>fweasley@hogwarts.co.uk</Email>
      </Author>
      <Author>
        <Name>George</Name>
        <Email>gweasley@hogwarts.co.uk</Email>
      </Author>
    </Authors>
    <name>Book2</name>
  </book>
  <book year="2014" isbn="ISBN83763550019---11">
    <Authors>
      <Author>
        <Name>Fred</Name>
        <Email>fweasley@hogwarts.co.uk</Email>
      </Author>
      <Author>
        <Name>George</Name>
        <Email>gweasley@hogwarts.co.uk</Email>
      </Author>
    </Authors>
    <name>Book1</name>
  </book>
  <book year="2014" isbn="ISBN83763550019---11">
    <Authors>
      <Author>
        <Name>Fred</Name>
        <Email>fweasley@hogwarts.co.uk</Email>
      </Author>
      <Author>
        <Name>George</Name>
        <Email>gweasley@hogwarts.co.uk</Email>
      </Author>
    </Authors>
    <name>Book2</name>
  </book>
  <book year="2014" isbn="ISBN83763550019---11">
    <Authors>
      <Author>
        <Name>Fred</Name>
        <Email>fweasley@hogwarts.co.uk</Email>
      </Author>
      <Author>
        <Name>George</Name>
        <Email>gweasley@hogwarts.co.uk</Email>
      </Author>
    </Authors>
    <name>Book1</name>
  </book>
  <book year="2014" isbn="ISBN83763550019---11">
    <Authors>
      <Author>
        <Name>Fred</Name>
        <Email>fweasley@hogwarts.co.uk</Email>
      </Author>
      <Author>
        <Name>George</Name>
        <Email>gweasley@hogwarts.co.uk</Email>
      </Author>
    </Authors>
    <name>Book2</name>
  </book>
  <book year="2014" isbn="ISBN83763550019---11">
    <Authors>
      <Author>
        <Name>Fred</Name>
        <Email>fweasley@hogwarts.co.uk</Email>
      </Author>
      <Author>
        <Name>George</Name>
        <Email>gweasley@hogwarts.co.uk</Email>
      </Author>
    </Authors>
    <name>Book1</name>
  </book>
  <book year="2014" isbn="ISBN83763550019---11">
    <Authors>
      <Author>
        <Name>Fred</Name>
        <Email>fweasley@hogwarts.co.uk</Email>
      </Author>
      <Author>
        <Name>George</Name>
        <Email>gweasley@hogwarts.co.uk</Email>
      </Author>
    </Authors>
    <name>Book2</name>
  </book>
  <book year="2014" isbn="ISBN83763550019---11">
    <Authors>
      <Author>
        <Name>Fred</Name>
        <Email>fweasley@hogwarts.co.uk</Email>
      </Author>
      <Author>
        <Name>George</Name>
        <Email>gweasley@hogwarts.co.uk</Email>
      </Author>
    </Authors>
    <name>Book1</name>
  </book>
  <book year="2014" isbn="ISBN83763550019---11">
    <Authors>
      <Author>
        <Name>Fred</Name>
        <Email>fweasley@hogwarts.co.uk</Email>
      </Author>
      <Author>
        <Name>George</Name>
        <Email>gweasley@hogwarts.co.uk</Email>
      </Author>
    </Authors>
    <name>Book2</name>
  </book>
  <book year="2014" isbn="ISBN83763550019---11">
    <Authors>
      <Author>
        <Name>Fred</Name>
        <Email>fweasley@hogwarts.co.uk</Email>
      </Author>
      <Author>
        <Name>George</Name>
        <Email>gweasley@hogwarts.co.uk</Email>
      </Author>
    </Authors>
    <name>Book1</name>
  </book>
  <book year="2014" isbn="ISBN83763550019---11">
    <Authors>
      <Author>
        <Name>Fred</Name>
        <Email>fweasley@hogwarts.co.uk</Email>
      </Author>
      <Author>
        <Name>George</Name>
        <Email>gweasley@hogwarts.co.uk</Email>
      </Author>
    </Authors>
    <name>Book2</name>
  </book>
  <book year="2014" isbn="ISBN83763550019---11">
    <Authors>
      <Author>
        <Name>Fred</Name>
        <Email>fweasley@hogwarts.co.uk</Email>
      </Author>
      <Author>
        <Name>George</Name>
        <Email>gweasley@hogwarts.co.uk</Email>
      </Author>
    </Authors>
    <name>Book1</name>
  </book>
  <book year="2014" isbn="ISBN83763550019---11">
    <Authors>
      <Author>
        <Name>Fred</Name>
        <Email>fweasley@hogwarts.co.uk</Email>
      </Author>
      <Author>
        <Name>George</Name>
        <Email>gweasley@hogwarts.co.uk</Email>
      </Author>
    </Authors>
    <name>Book2</name>
  </book>
  <book year="2014" isbn="ISBN83763550019---11">
    <Authors>
      <Author>
        <Name>Fred</Name>
        <Email>fweasley@hogwarts.co.uk</Email>
      </Author>
      <Author>
        <Name>George</Name>
        <Email>gweasley@hogwarts.co.uk</Email>
      </Author>
    </Authors>
    <name>Book1</name>
  </book>
  <book year="2014" isbn="ISBN83763550019---11">
    <Authors>
      <Author>
        <Name>Fred</Name>
        <Email>fweasley@hogwarts.co.uk</Email>
      </Author>
      <Author>
        <Name>George</Name>
        <Email>gweasley@hogwarts.co.uk</Email>
      </Author>
    </Authors>
    <name>Book2</name>
  </book>
  <book year="2014" isbn="ISBN83763550019---11">
    <Authors>
      <Author>
        <Name>Fred</Name>
        <Email>fweasley@hogwarts.co.uk</Email>
      </Author>
      <Author>
        <Name>George</Name>
        <Email>gweasley@hogwarts.co.uk</Email>
      </Author>
    </Authors>
    <name>Book1</name>
  </book>
  <book year="2014" isbn="ISBN83763550019---11">
    <Authors>
      <Author>
        <Name>Fred</Name>
        <Email>fweasley@hogwarts.co.uk</Email>
      </Author>
      <Author>
        <Name>George</Name>
        <Email>gweasley@hogwarts.co.uk</Email>
      </Author>
    </Authors>
    <name>Book2</name>
  </book>
  <book year="2014" isbn="ISBN83763550019---11">
    <Authors>
      <Author>
        <Name>Fred</Name>
        <Email>fweasley@hogwarts.co.uk</Email>
      </Author>
      <Author>
        <Name>George</Name>
        <Email>gweasley@hogwarts.co.uk</Email>
      </Author>
    </Authors>
    <name>Book1</name>
  </book>
  <book year="2014" isbn="ISBN83763550019---11">
    <Authors>
      <Author>
        <Name>Fred</Name>
        <Email>fweasley@hogwarts.co.uk</Email>
      </Author>
      <Author>
        <Name>George</Name>
        <Email>gweasley@hogwarts.co.uk</Email>
      </Author>
    </Authors>
    <name>Book2</name>
  </book>
  <book year="2014" isbn="ISBN83763550019---11">
    <Authors>
      <Author>
        <Name>Fred</Name>
        <Email>fweasley@hogwarts.co.uk</Email>
      </Author>
      <Author>
        <Name>George</Name>
        <Email>gweasley@hogwarts.co.uk</Email>
      </Author>
    </Authors>
    <name>Book1</name>
  </book>
  <book year="2014" isbn="ISBN83763550019---11">
    <Authors>
      <Author>
        <Name>Fred</Name>
        <Email>fweasley@hogwarts.co.uk</Email>
      </Author>
      <Author>
        <Name>George</Name>
        <Email>gweasley@hogwarts.co.uk</Email>
      </Author>
    </Authors>
    <name>Book2</name>
  </book>
  <book year="2014" isbn="ISBN83763550019---11">
    <Authors>
      <Author>
        <Name>Fred</Name>
        <Email>fweasley@hogwarts.co.uk</Email>
      </Author>
      <Author>
        <Name>George</Name>
        <Email>gweasley@hogwarts.co.uk</Email>
      </Author>
    </Authors>
    <name>Book1</name>
  </book>
  <book year="2014" isbn="ISBN83763550019---11">
    <Authors>
      <Author>
        <Name>Fred</Name>
        <Email>fweasley@hogwarts.co.uk</Email>
      </Author>
      <Author>
        <Name>George</Name>
        <Email>gweasley@hogwarts.co.uk</Email>
      </Author>
    </Authors>
    <name>Book2</name>
  </book>
  <book year="2014" isbn="ISBN83763550019---11">
    <Authors>
      <Author>
        <Name>Fred</Name>
        <Email>fweasley@hogwarts.co.uk</Email>
      </Author>
      <Author>
        <Name>George</Name>
        <Email>gweasley@hogwarts.co.uk</Email>
      </Author>
    </Authors>
    <name>Book1</name>
  </book>
  <book year="2014" isbn="ISBN83763550019---11">
    <Authors>
      <Author>
        <Name>Fred</Name>
        <Email>fweasley@hogwarts.co.uk</Email>
      </Author>
      <Author>
        <Name>George</Name>
        <Email>gweasley@hogwarts.co.uk</Email>
      </Author>
    </Authors>
    <name>Book2</name>
  </book>
  <book year="2014" isbn="ISBN83763550019---11">
    <Authors>
      <Author>
        <Name>Fred</Name>
        <Email>fweasley@hogwarts.co.uk</Email>
      </Author>
      <Author>
        <Name>George</Name>
        <Email>gweasley@hogwarts.co.uk</Email>
      </Author>
    </Authors>
    <name>Book1</name>
  </book>
  <book year="2014" isbn="ISBN83763550019---11">
    <Authors>
      <Author>
        <Name>Fred</Name>
        <Email>fweasley@hogwarts.co.uk</Email>
      </Author>
      <Author>
        <Name>George</Name>
        <Email>gweasley@hogwarts.co.uk</Email>
      </Author>
    </Authors>
    <name>Book2</name>
  </book>
  <book year="2014" isbn="ISBN83763550019---11">
    <Authors>
      <Author>
        <Name>Fred</Name>
        <Email>fweasley@hogwarts.co.uk</Email>
      </Author>
      <Author>
        <Name>George</Name>
        <Email>gweasley@hogwarts.co.uk</Email>
      </Author>
    </Authors>
    <name>Book1</name>
  </book>
  <book year="2014" isbn="ISBN83763550019---11">
    <Authors>
      <Author>
        <Name>Fred</Name>
        <Email>fweasley@hogwarts.co.uk</Email>
      </Author>
      <Author>
        <Name>George</Name>
        <Email>gweasley@hogwarts.co.uk</Email>
      </Author>
    </Authors>
    <name>Book2</name>
  </book>
  <book year="2014" isbn="ISBN83763550019---11">
    <Authors>
      <Author>
        <Name>Fred</Name>
        <Email>fweasley@hogwarts.co.uk</Email>
      </Author>
      <Author>
        <Name>George</Name>
        <Email>gweasley@hogwarts.co.uk</Email>
      </Author>
    </Authors>
    <name>Book1</name>
  </book>
  <book year="2014" isbn="ISBN83763550019---11">
    <Authors>
      <Author>
        <Name>Fred</Name>
        <Email>fweasley@hogwarts.co.uk</Email>
      </Author>
      <Author>
        <Name>George</Name>
        <Email>gweasley@hogwarts.co.uk</Email>
      </Author>
    </Authors>
    <name>Book2</name>
  </book>
  <book year="2014" isbn="ISBN83763550019---11">
    <Authors>
      <Author>
        <Name>Fred</Name>
        <Email>fweasley@hogwarts.co.uk</Email>
      </Author>
      <Author>
        <Name>George</Name>
        <Email>gweasley@hogwarts.co.uk</Email>
      </Author>
    </Authors>
    <name>Book1</name>
  </book>
  <book year="2014" isbn="ISBN83763550019---11">
    <Authors>
      <Author>
        <Name>Fred</Name>
        <Email>fweasley@hogwarts.co.uk</Email>
      </Author>
      <Author>
        <Name>George</Name>
        <Email>gweasley@hogwarts.co.uk</Email>
      </Author>
    </Authors>
    <name>Book2</name>
  </book>
  <book year="2014" isbn="ISBN83763550019---11">
    <Authors>
      <Author>
        <Name>Fred</Name>
        <Email>fweasley@hogwarts.co.uk</Email>
      </Author>
      <Author>
        <Name>George</Name>
        <Email>gweasley@hogwarts.co.uk</Email>
      </Author>
    </Authors>
    <name>Book1</name>
  </book>
  <book year="2014" isbn="ISBN83763550019---11">
    <Authors>
      <Author>
        <Name>Fred</Name>
        <Email>fweasley@hogwarts.co.uk</Email>
      </Author>
      <Author>
        <Name>George</Name>
        <Email>gweasley@hogwarts.co.uk</Email>
      </Author>
    </Authors>
    <name>Book2</name>
  </book>
  <book year="2014" isbn="ISBN83763550019---11">
    <Authors>
      <Author>
        <Name>Fred</Name>
        <Email>fweasley@hogwarts.co.uk</Email>
      </Author>
      <Author>
        <Name>George</Name>
        <Email>gweasley@hogwarts.co.uk</Email>
      </Author>
    </Authors>
    <name>Book1</name>
  </book>
  <book year="2014" isbn="ISBN83763550019---11">
    <Authors>
      <Author>
        <Name>Fred</Name>
        <Email>fweasley@hogwarts.co.uk</Email>
      </Author>
      <Author>
        <Name>George</Name>
        <Email>gweasley@hogwarts.co.uk</Email>
      </Author>
    </Authors>
    <name>Book2</name>
  </book>
  <book year="2014" isbn="ISBN83763550019---11">
    <Authors>
      <Author>
        <Name>Fred</Name>
        <Email>fweasley@hogwarts.co.uk</Email>
      </Author>
      <Author>
        <Name>George</Name>
        <Email>gweasley@hogwarts.co.uk</Email>
      </Author>
    </Authors>
    <name>Book1</name>
  </book>
  <book year="2014" isbn="ISBN83763550019---11">
    <Authors>
      <Author>
        <Name>Fred</Name>
        <Email>fweasley@hogwarts.co.uk</Email>
      </Author>
      <Author>
        <Name>George</Name>
        <Email>gweasley@hogwarts.co.uk</Email>
      </Author>
    </Authors>
    <name>Book2</name>
  </book>
  <book year="2014" isbn="ISBN83763550019---11">
    <Authors>
      <Author>
        <Name>Fred</Name>
        <Email>fweasley@hogwarts.co.uk</Email>
      </Author>
      <Author>
        <Name>George</Name>
        <Email>gweasley@hogwarts.co.uk</Email>
      </Author>
    </Authors>
    <name>Book1</name>
  </book>
  <book year="2014" isbn="ISBN83763550019---11">
    <Authors>
      <Author>
        <Name>Fred</Name>
        <Email>fweasley@hogwarts.co.uk</Email>
      </Author>
      <Author>
        <Name>George</Name>
        <Email>gweasley@hogwarts.co.uk</Email>
      </Author>
    </Authors>
    <name>Book2</name>
  </book>
  <book year="2014" isbn="ISBN83763550019---11">
    <Authors>
      <Author>
        <Name>Fred</Name>
        <Email>fweasley@hogwarts.co.uk</Email>
      </Author>
      <Author>
        <Name>George</Name>
        <Email>gweasley@hogwarts.co.uk</Email>
      </Author>
    </Authors>
    <name>Book1</name>
  </book>
  <book year="2014" isbn="ISBN83763550019---11">
    <Authors>
      <Author>
        <Name>Fred</Name>
        <Email>fweasley@hogwarts.co.uk</Email>
      </Author>
      <Author>
        <Name>George</Name>
        <Email>gweasley@hogwarts.co.uk</Email>
      </Author>
    </Authors>
    <name>Book2</name>
  </book>
  <book year="2014" isbn="ISBN83763550019---11">
    <Authors>
      <Author>
        <Name>Fred</Name>
        <Email>fweasley@hogwarts.co.uk</Email>
      </Author>
      <Author>
        <Name>George</Name>
        <Email>gweasley@hogwarts.co.uk</Email>
      </Author>
    </Authors>
    <name>Book1</name>
  </book>
  <book year="2014" isbn="ISBN83763550019---11">
    <Authors>
      <Author>
        <Name>Fred</Name>
        <Email>fweasley@hogwarts.co.uk</Email>
      </Author>
      <Author>
        <Name>George</Name>
        <Email>gweasley@hogwarts.co.uk</Email>
      </Author>
    </Authors>
    <name>Book2</name>
  </book>
  <book year="2014" isbn="ISBN83763550019---11">
    <Authors>
      <Author>
        <Name>Fred</Name>
        <Email>fweasley@hogwarts.co.uk</Email>
      </Author>
      <Author>
        <Name>George</Name>
        <Email>gweasley@hogwarts.co.uk</Email>
      </Author>
    </Authors>
    <name>Book1</name>
  </book>
  <book year="2014" isbn="ISBN83763550019---11">
    <Authors>
      <Author>
        <Name>Fred</Name>
        <Email>fweasley@hogwarts.co.uk</Email>
      </Author>
      <Author>
        <Name>George</Name>
        <Email>gweasley@hogwarts.co.uk</Email>
      </Author>
    </Authors>
    <name>Book2</name>
  </book>
  <book year="2014" isbn="ISBN83763550019---11">
    <Authors>
      <Author>
        <Name>Fred</Name>
        <Email>fweasley@hogwarts.co.uk</Email>
      </Author>
      <Author>
        <Name>George</Name>
        <Email>gweasley@hogwarts.co.uk</Email>
      </Author>
    </Authors>
    <name>Book1</name>
  </book>
  <book year="2014" isbn="ISBN83763550019---11">
    <Authors>
      <Author>
        <Name>Fred</Name>
        <Email>fweasley@hogwarts.co.uk</Email>
      </Author>
      <Author>
        <Name>George</Name>
        <Email>gweasley@hogwarts.co.uk</Email>
      </Author>
    </Authors>
    <name>Book2</name>
  </book>
  <book year="2014" isbn="ISBN83763550019---11">
    <Authors>
      <Author>
        <Name>Fred</Name>
        <Email>fweasley@hogwarts.co.uk</Email>
      </Author>
      <Author>
        <Name>George</Name>
        <Email>gweasley@hogwarts.co.uk</Email>
      </Author>
    </Authors>
    <name>Book1</name>
  </book>
  <book year="2014" isbn="ISBN83763550019---11">
    <Authors>
      <Author>
        <Name>Fred</Name>
        <Email>fweasley@hogwarts.co.uk</Email>
      </Author>
      <Author>
        <Name>George</Name>
        <Email>gweasley@hogwarts.co.uk</Email>
      </Author>
    </Authors>
    <name>Book2</name>
  </book>
  <book year="2014" isbn="ISBN83763550019---11">
    <Authors>
      <Author>
        <Name>Fred</Name>
        <Email>fweasley@hogwarts.co.uk</Email>
      </Author>
      <Author>
        <Name>George</Name>
        <Email>gweasley@hogwarts.co.uk</Email>
      </Author>
    </Authors>
    <name>Book1</name>
  </book>
  <book year="2014" isbn="ISBN83763550019---11">
    <Authors>
      <Author>
        <Name>Fred</Name>
        <Email>fweasley@hogwarts.co.uk</Email>
      </Author>
      <Author>
        <Name>George</Name>
        <Email>gweasley@hogwarts.co.uk</Email>
      </Author>
    </Authors>
    <name>Book2</name>
  </book>
  <book year="2014" isbn="ISBN83763550019---11">
    <Authors>
      <Author>
        <Name>Fred</Name>
        <Email>fweasley@hogwarts.co.uk</Email>
      </Author>
      <Author>
        <Name>George</Name>
        <Email>gweasley@hogwarts.co.uk</Email>
      </Author>
    </Authors>
    <name>Book1</name>
  </book>
  <book year="2014" isbn="ISBN83763550019---11">
    <Authors>
      <Author>
        <Name>Fred</Name>
        <Email>fweasley@hogwarts.co.uk</Email>
      </Author>
      <Author>
        <Name>George</Name>
        <Email>gweasley@hogwarts.co.uk</Email>
      </Author>
    </Authors>
    <name>Book2</name>
  </book>
  <book year="2014" isbn="ISBN83763550019---11">
    <Authors>
      <Author>
        <Name>Fred</Name>
        <Email>fweasley@hogwarts.co.uk</Email>
      </Author>
      <Author>
        <Name>George</Name>
        <Email>gweasley@hogwarts.co.uk</Email>
      </Author>
    </Authors>
    <name>Book1</name>
  </book>
  <book year="2014" isbn="ISBN83763550019---11">
    <Authors>
      <Author>
        <Name>Fred</Name>
        <Email>fweasley@hogwarts.co.uk</Email>
      </Author>
      <Author>
        <Name>George</Name>
        <Email>gweasley@hogwarts.co.uk</Email>
      </Author>
    </Authors>
    <name>Book2</name>
  </book>
  <book year="2014" isbn="ISBN83763550019---11">
    <Authors>
      <Author>
        <Name>Fred</Name>
        <Email>fweasley@hogwarts.co.uk</Email>
      </Author>
      <Author>
        <Name>George</Name>
        <Email>gweasley@hogwarts.co.uk</Email>
      </Author>
    </Authors>
    <name>Book1</name>
  </book>
  <book year="2014" isbn="ISBN83763550019---11">
    <Authors>
      <Author>
        <Name>Fred</Name>
        <Email>fweasley@hogwarts.co.uk</Email>
      </Author>
      <Author>
        <Name>George</Name>
        <Email>gweasley@hogwarts.co.uk</Email>
      </Author>
    </Authors>
    <name>Book2</name>
  </book>
  <book year="2014" isbn="ISBN83763550019---11">
    <Authors>
      <Author>
        <Name>Fred</Name>
        <Email>fweasley@hogwarts.co.uk</Email>
      </Author>
      <Author>
        <Name>George</Name>
        <Email>gweasley@hogwarts.co.uk</Email>
      </Author>
    </Authors>
    <name>Book1</name>
  </book>
  <book year="2014" isbn="ISBN83763550019---11">
    <Authors>
      <Author>
        <Name>Fred</Name>
        <Email>fweasley@hogwarts.co.uk</Email>
      </Author>
      <Author>
        <Name>George</Name>
        <Email>gweasley@hogwarts.co.uk</Email>
      </Author>
    </Authors>
    <name>Book2</name>
  </book>
  <book year="2014" isbn="ISBN83763550019---11">
    <Authors>
      <Author>
        <Name>Fred</Name>
        <Email>fweasley@hogwarts.co.uk</Email>
      </Author>
      <Author>
        <Name>George</Name>
        <Email>gweasley@hogwarts.co.uk</Email>
      </Author>
    </Authors>
    <name>Book1</name>
  </book>
  <book year="2014" isbn="ISBN83763550019---11">
    <Authors>
      <Author>
        <Name>Fred</Name>
        <Email>fweasley@hogwarts.co.uk</Email>
      </Author>
      <Author>
        <Name>George</Name>
        <Email>gweasley@hogwarts.co.uk</Email>
      </Author>
    </Authors>
    <name>Book2</name>
  </book>
  <book year="2014" isbn="ISBN83763550019---11">
    <Authors>
      <Author>
        <Name>Fred</Name>
        <Email>fweasley@hogwarts.co.uk</Email>
      </Author>
      <Author>
        <Name>George</Name>
        <Email>gweasley@hogwarts.co.uk</Email>
      </Author>
    </Authors>
    <name>Book1</name>
  </book>
  <book year="2014" isbn="ISBN83763550019---11">
    <Authors>
      <Author>
        <Name>Fred</Name>
        <Email>fweasley@hogwarts.co.uk</Email>
      </Author>
      <Author>
        <Name>George</Name>
        <Email>gweasley@hogwarts.co.uk</Email>
      </Author>
    </Authors>
    <name>Book2</name>
  </book>
  <book year="2014" isbn="ISBN83763550019---11">
    <Authors>
      <Author>
        <Name>Fred</Name>
        <Email>fweasley@hogwarts.co.uk</Email>
      </Author>
      <Author>
        <Name>George</Name>
        <Email>gweasley@hogwarts.co.uk</Email>
      </Author>
    </Authors>
    <name>Book1</name>
  </book>
  <book year="2014" isbn="ISBN83763550019---11">
    <Authors>
      <Author>
        <Name>Fred</Name>
        <Email>fweasley@hogwarts.co.uk</Email>
      </Author>
      <Author>
        <Name>George</Name>
        <Email>gweasley@hogwarts.co.uk</Email>
      </Author>
    </Authors>
    <name>Book2</name>
  </book>
  <book year="2014" isbn="ISBN83763550019---11">
    <Authors>
      <Author>
        <Name>Fred</Name>
        <Email>fweasley@hogwarts.co.uk</Email>
      </Author>
      <Author>
        <Name>George</Name>
        <Email>gweasley@hogwarts.co.uk</Email>
      </Author>
    </Authors>
    <name>Book1</name>
  </book>
  <book year="2014" isbn="ISBN83763550019---11">
    <Authors>
      <Author>
        <Name>Fred</Name>
        <Email>fweasley@hogwarts.co.uk</Email>
      </Author>
      <Author>
        <Name>George</Name>
        <Email>gweasley@hogwarts.co.uk</Email>
      </Author>
    </Authors>
    <name>Book2</name>
  </book>
  <book year="2014" isbn="ISBN83763550019---11">
    <Authors>
      <Author>
        <Name>Fred</Name>
        <Email>fweasley@hogwarts.co.uk</Email>
      </Author>
      <Author>
        <Name>George</Name>
        <Email>gweasley@hogwarts.co.uk</Email>
      </Author>
    </Authors>
    <name>Book1</name>
  </book>
  <book year="2014" isbn="ISBN83763550019---11">
    <Authors>
      <Author>
        <Name>Fred</Name>
        <Email>fweasley@hogwarts.co.uk</Email>
      </Author>
      <Author>
        <Name>George</Name>
        <Email>gweasley@hogwarts.co.uk</Email>
      </Author>
    </Authors>
    <name>Book2</name>
  </book>
  <book year="2014" isbn="ISBN83763550019---11">
    <Authors>
      <Author>
        <Name>Fred</Name>
        <Email>fweasley@hogwarts.co.uk</Email>
      </Author>
      <Author>
        <Name>George</Name>
        <Email>gweasley@hogwarts.co.uk</Email>
      </Author>
    </Authors>
    <name>Book1</name>
  </book>
  <book year="2014" isbn="ISBN83763550019---11">
    <Authors>
      <Author>
        <Name>Fred</Name>
        <Email>fweasley@hogwarts.co.uk</Email>
      </Author>
      <Author>
        <Name>George</Name>
        <Email>gweasley@hogwarts.co.uk</Email>
      </Author>
    </Authors>
    <name>Book2</name>
  </book>
  <book year="2014" isbn="ISBN83763550019---11">
    <Authors>
      <Author>
        <Name>Fred</Name>
        <Email>fweasley@hogwarts.co.uk</Email>
      </Author>
      <Author>
        <Name>George</Name>
        <Email>gweasley@hogwarts.co.uk</Email>
      </Author>
    </Authors>
    <name>Book1</name>
  </book>
  <book year="2014" isbn="ISBN83763550019---11">
    <Authors>
      <Author>
        <Name>Fred</Name>
        <Email>fweasley@hogwarts.co.uk</Email>
      </Author>
      <Author>
        <Name>George</Name>
        <Email>gweasley@hogwarts.co.uk</Email>
      </Author>
    </Authors>
    <name>Book2</name>
  </book>
  <book year="2014" isbn="ISBN83763550019---11">
    <Authors>
      <Author>
        <Name>Fred</Name>
        <Email>fweasley@hogwarts.co.uk</Email>
      </Author>
      <Author>
        <Name>George</Name>
        <Email>gweasley@hogwarts.co.uk</Email>
      </Author>
    </Authors>
    <name>Book1</name>
  </book>
  <book year="2014" isbn="ISBN83763550019---11">
    <Authors>
      <Author>
        <Name>Fred</Name>
        <Email>fweasley@hogwarts.co.uk</Email>
      </Author>
      <Author>
        <Name>George</Name>
        <Email>gweasley@hogwarts.co.uk</Email>
      </Author>
    </Authors>
    <name>Book2</name>
  </book>
  <book year="2014" isbn="ISBN83763550019---11">
    <Authors>
      <Author>
        <Name>Fred</Name>
        <Email>fweasley@hogwarts.co.uk</Email>
      </Author>
      <Author>
        <Name>George</Name>
        <Email>gweasley@hogwarts.co.uk</Email>
      </Author>
    </Authors>
    <name>Book1</name>
  </book>
  <book year="2014" isbn="ISBN83763550019---11">
    <Authors>
      <Author>
        <Name>Fred</Name>
        <Email>fweasley@hogwarts.co.uk</Email>
      </Author>
      <Author>
        <Name>George</Name>
        <Email>gweasley@hogwarts.co.uk</Email>
      </Author>
    </Authors>
    <name>Book2</name>
  </book>
  <book year="2014" isbn="ISBN83763550019---11">
    <Authors>
      <Author>
        <Name>Fred</Name>
        <Email>fweasley@hogwarts.co.uk</Email>
      </Author>
      <Author>
        <Name>George</Name>
        <Email>gweasley@hogwarts.co.uk</Email>
      </Author>
    </Authors>
    <name>Book1</name>
  </book>
  <book year="2014" isbn="ISBN83763550019---11">
    <Authors>
      <Author>
        <Name>Fred</Name>
        <Email>fweasley@hogwarts.co.uk</Email>
      </Author>
      <Author>
        <Name>George</Name>
        <Email>gweasley@hogwarts.co.uk</Email>
      </Author>
    </Authors>
    <name>Book2</name>
  </book>
  <book year="2014" isbn="ISBN83763550019---11">
    <Authors>
      <Author>
        <Name>Fred</Name>
        <Email>fweasley@hogwarts.co.uk</Email>
      </Author>
      <Author>
        <Name>George</Name>
        <Email>gweasley@hogwarts.co.uk</Email>
      </Author>
    </Authors>
    <name>Book1</name>
  </book>
  <book year="2014" isbn="ISBN83763550019---11">
    <Authors>
      <Author>
        <Name>Fred</Name>
        <Email>fweasley@hogwarts.co.uk</Email>
      </Author>
      <Author>
        <Name>George</Name>
        <Email>gweasley@hogwarts.co.uk</Email>
      </Author>
    </Authors>
    <name>Book2</name>
  </book>
  <book year="2014" isbn="ISBN83763550019---11">
    <Authors>
      <Author>
        <Name>Fred</Name>
        <Email>fweasley@hogwarts.co.uk</Email>
      </Author>
      <Author>
        <Name>George</Name>
        <Email>gweasley@hogwarts.co.uk</Email>
      </Author>
    </Authors>
    <name>Book1</name>
  </book>
  <book year="2014" isbn="ISBN83763550019---11">
    <Authors>
      <Author>
        <Name>Fred</Name>
        <Email>fweasley@hogwarts.co.uk</Email>
      </Author>
      <Author>
        <Name>George</Name>
        <Email>gweasley@hogwarts.co.uk</Email>
      </Author>
    </Authors>
    <name>Book2</name>
  </book>
  <book year="2014" isbn="ISBN83763550019---11">
    <Authors>
      <Author>
        <Name>Fred</Name>
        <Email>fweasley@hogwarts.co.uk</Email>
      </Author>
      <Author>
        <Name>George</Name>
        <Email>gweasley@hogwarts.co.uk</Email>
      </Author>
    </Authors>
    <name>Book1</name>
  </book>
  <book year="2014" isbn="ISBN83763550019---11">
    <Authors>
      <Author>
        <Name>Fred</Name>
        <Email>fweasley@hogwarts.co.uk</Email>
      </Author>
      <Author>
        <Name>George</Name>
        <Email>gweasley@hogwarts.co.uk</Email>
      </Author>
    </Authors>
    <name>Book2</name>
  </book>
  <book year="2014" isbn="ISBN83763550019---11">
    <Authors>
      <Author>
        <Name>Fred</Name>
        <Email>fweasley@hogwarts.co.uk</Email>
      </Author>
      <Author>
        <Name>George</Name>
        <Email>gweasley@hogwarts.co.uk</Email>
      </Author>
    </Authors>
    <name>Book1</name>
  </book>
  <book year="2014" isbn="ISBN83763550019---11">
    <Authors>
      <Author>
        <Name>Fred</Name>
        <Email>fweasley@hogwarts.co.uk</Email>
      </Author>
      <Author>
        <Name>George</Name>
        <Email>gweasley@hogwarts.co.uk</Email>
      </Author>
    </Authors>
    <name>Book2</name>
  </book>
  <book year="2014" isbn="ISBN83763550019---11">
    <Authors>
      <Author>
        <Name>Fred</Name>
        <Email>fweasley@hogwarts.co.uk</Email>
      </Author>
      <Author>
        <Name>George</Name>
        <Email>gweasley@hogwarts.co.uk</Email>
      </Author>
    </Authors>
    <name>Book1</name>
  </book>
  <book year="2014" isbn="ISBN83763550019---11">
    <Authors>
      <Author>
        <Name>Fred</Name>
        <Email>fweasley@hogwarts.co.uk</Email>
      </Author>
      <Author>
        <Name>George</Name>
        <Email>gweasley@hogwarts.co.uk</Email>
      </Author>
    </Authors>
    <name>Book2</name>
  </book>
  <book year="2014" isbn="ISBN83763550019---11">
    <Authors>
      <Author>
        <Name>Fred</Name>
        <Email>fweasley@hogwarts.co.uk</Email>
      </Author>
      <Author>
        <Name>George</Name>
        <Email>gweasley@hogwarts.co.uk</Email>
      </Author>
    </Authors>
    <name>Book1</name>
  </book>
  <book year="2014" isbn="ISBN83763550019---11">
    <Authors>
      <Author>
        <Name>Fred</Name>
        <Email>fweasley@hogwarts.co.uk</Email>
      </Author>
      <Author>
        <Name>George</Name>
        <Email>gweasley@hogwarts.co.uk</Email>
      </Author>
    </Authors>
    <name>Book2</name>
  </book>
  <book year="2014" isbn="ISBN83763550019---11">
    <Authors>
      <Author>
        <Name>Fred</Name>
        <Email>fweasley@hogwarts.co.uk</Email>
      </Author>
      <Author>
        <Name>George</Name>
        <Email>gweasley@hogwarts.co.uk</Email>
      </Author>
    </Authors>
    <name>Book1</name>
  </book>
  <book year="2014" isbn="ISBN83763550019---11">
    <Authors>
      <Author>
        <Name>Fred</Name>
        <Email>fweasley@hogwarts.co.uk</Email>
      </Author>
      <Author>
        <Name>George</Name>
        <Email>gweasley@hogwarts.co.uk</Email>
      </Author>
    </Authors>
    <name>Book2</name>
  </book>
  <book year="2014" isbn="ISBN83763550019---11">
    <Authors>
      <Author>
        <Name>Fred</Name>
        <Email>fweasley@hogwarts.co.uk</Email>
      </Author>
      <Author>
        <Name>George</Name>
        <Email>gweasley@hogwarts.co.uk</Email>
      </Author>
    </Authors>
    <name>Book1</name>
  </book>
  <book year="2014" isbn="ISBN83763550019---11">
    <Authors>
      <Author>
        <Name>Fred</Name>
        <Email>fweasley@hogwarts.co.uk</Email>
      </Author>
      <Author>
        <Name>George</Name>
        <Email>gweasley@hogwarts.co.uk</Email>
      </Author>
    </Authors>
    <name>Book2</name>
  </book>
  <book year="2014" isbn="ISBN83763550019---11">
    <Authors>
      <Author>
        <Name>Fred</Name>
        <Email>fweasley@hogwarts.co.uk</Email>
      </Author>
      <Author>
        <Name>George</Name>
        <Email>gweasley@hogwarts.co.uk</Email>
      </Author>
    </Authors>
    <name>Book1</name>
  </book>
  <book year="2014" isbn="ISBN83763550019---11">
    <Authors>
      <Author>
        <Name>Fred</Name>
        <Email>fweasley@hogwarts.co.uk</Email>
      </Author>
      <Author>
        <Name>George</Name>
        <Email>gweasley@hogwarts.co.uk</Email>
      </Author>
    </Authors>
    <name>Book2</name>
  </book>
  <book year="2014" isbn="ISBN83763550019---11">
    <Authors>
      <Author>
        <Name>Fred</Name>
        <Email>fweasley@hogwarts.co.uk</Email>
      </Author>
      <Author>
        <Name>George</Name>
        <Email>gweasley@hogwarts.co.uk</Email>
      </Author>
    </Authors>
    <name>Book1</name>
  </book>
  <book year="2014" isbn="ISBN83763550019---11">
    <Authors>
      <Author>
        <Name>Fred</Name>
        <Email>fweasley@hogwarts.co.uk</Email>
      </Author>
      <Author>
        <Name>George</Name>
        <Email>gweasley@hogwarts.co.uk</Email>
      </Author>
    </Authors>
    <name>Book2</name>
  </book>
  <book year="2014" isbn="ISBN83763550019---11">
    <Authors>
      <Author>
        <Name>Fred</Name>
        <Email>fweasley@hogwarts.co.uk</Email>
      </Author>
      <Author>
        <Name>George</Name>
        <Email>gweasley@hogwarts.co.uk</Email>
      </Author>
    </Authors>
    <name>Book1</name>
  </book>
  <book year="2014" isbn="ISBN83763550019---11">
    <Authors>
      <Author>
        <Name>Fred</Name>
        <Email>fweasley@hogwarts.co.uk</Email>
      </Author>
      <Author>
        <Name>George</Name>
        <Email>gweasley@hogwarts.co.uk</Email>
      </Author>
    </Authors>
    <name>Book2</name>
  </book>
  <book year="2014" isbn="ISBN83763550019---11">
    <Authors>
      <Author>
        <Name>Fred</Name>
        <Email>fweasley@hogwarts.co.uk</Email>
      </Author>
      <Author>
        <Name>George</Name>
        <Email>gweasley@hogwarts.co.uk</Email>
      </Author>
    </Authors>
    <name>Book1</name>
  </book>
  <book year="2014" isbn="ISBN83763550019---11">
    <Authors>
      <Author>
        <Name>Fred</Name>
        <Email>fweasley@hogwarts.co.uk</Email>
      </Author>
      <Author>
        <Name>George</Name>
        <Email>gweasley@hogwarts.co.uk</Email>
      </Author>
    </Authors>
    <name>Book2</name>
  </book>
  <book year="2014" isbn="ISBN83763550019---11">
    <Authors>
      <Author>
        <Name>Fred</Name>
        <Email>fweasley@hogwarts.co.uk</Email>
      </Author>
      <Author>
        <Name>George</Name>
        <Email>gweasley@hogwarts.co.uk</Email>
      </Author>
    </Authors>
    <name>Book1</name>
  </book>
  <book year="2014" isbn="ISBN83763550019---11">
    <Authors>
      <Author>
        <Name>Fred</Name>
        <Email>fweasley@hogwarts.co.uk</Email>
      </Author>
      <Author>
        <Name>George</Name>
        <Email>gweasley@hogwarts.co.uk</Email>
      </Author>
    </Authors>
    <name>Book2</name>
  </book>
  <book year="2014" isbn="ISBN83763550019---11">
    <Authors>
      <Author>
        <Name>Fred</Name>
        <Email>fweasley@hogwarts.co.uk</Email>
      </Author>
      <Author>
        <Name>George</Name>
        <Email>gweasley@hogwarts.co.uk</Email>
      </Author>
    </Authors>
    <name>Book1</name>
  </book>
  <book year="2014" isbn="ISBN83763550019---11">
    <Authors>
      <Author>
        <Name>Fred</Name>
        <Email>fweasley@hogwarts.co.uk</Email>
      </Author>
      <Author>
        <Name>George</Name>
        <Email>gweasley@hogwarts.co.uk</Email>
      </Author>
    </Authors>
    <name>Book2</name>
  </book>
  <book year="2014" isbn="ISBN83763550019---11">
    <Authors>
      <Author>
        <Name>Fred</Name>
        <Email>fweasley@hogwarts.co.uk</Email>
      </Author>
      <Author>
        <Name>George</Name>
        <Email>gweasley@hogwarts.co.uk</Email>
      </Author>
    </Authors>
    <name>Book1</name>
  </book>
  <book year="2014" isbn="ISBN83763550019---11">
    <Authors>
      <Author>
        <Name>Fred</Name>
        <Email>fweasley@hogwarts.co.uk</Email>
      </Author>
      <Author>
        <Name>George</Name>
        <Email>gweasley@hogwarts.co.uk</Email>
      </Author>
    </Authors>
    <name>Book2</name>
  </book>
  <book year="2014" isbn="ISBN83763550019---11">
    <Authors>
      <Author>
        <Name>Fred</Name>
        <Email>fweasley@hogwarts.co.uk</Email>
      </Author>
      <Author>
        <Name>George</Name>
        <Email>gweasley@hogwarts.co.uk</Email>
      </Author>
    </Authors>
    <name>Book1</name>
  </book>
  <book year="2014" isbn="ISBN83763550019---11">
    <Authors>
      <Author>
        <Name>Fred</Name>
        <Email>fweasley@hogwarts.co.uk</Email>
      </Author>
      <Author>
        <Name>George</Name>
        <Email>gweasley@hogwarts.co.uk</Email>
      </Author>
    </Authors>
    <name>Book2</name>
  </book>
  <book year="2014" isbn="ISBN83763550019---11">
    <Authors>
      <Author>
        <Name>Fred</Name>
        <Email>fweasley@hogwarts.co.uk</Email>
      </Author>
      <Author>
        <Name>George</Name>
        <Email>gweasley@hogwarts.co.uk</Email>
      </Author>
    </Authors>
    <name>Book1</name>
  </book>
  <book year="2014" isbn="ISBN83763550019---11">
    <Authors>
      <Author>
        <Name>Fred</Name>
        <Email>fweasley@hogwarts.co.uk</Email>
      </Author>
      <Author>
        <Name>George</Name>
        <Email>gweasley@hogwarts.co.uk</Email>
      </Author>
    </Authors>
    <name>Book2</name>
  </book>
  <book year="2014" isbn="ISBN83763550019---11">
    <Authors>
      <Author>
        <Name>Fred</Name>
        <Email>fweasley@hogwarts.co.uk</Email>
      </Author>
      <Author>
        <Name>George</Name>
        <Email>gweasley@hogwarts.co.uk</Email>
      </Author>
    </Authors>
    <name>Book1</name>
  </book>
  <book year="2014" isbn="ISBN83763550019---11">
    <Authors>
      <Author>
        <Name>Fred</Name>
        <Email>fweasley@hogwarts.co.uk</Email>
      </Author>
      <Author>
        <Name>George</Name>
        <Email>gweasley@hogwarts.co.uk</Email>
      </Author>
    </Authors>
    <name>Book2</name>
  </book>
  <book year="2014" isbn="ISBN83763550019---11">
    <Authors>
      <Author>
        <Name>Fred</Name>
        <Email>fweasley@hogwarts.co.uk</Email>
      </Author>
      <Author>
        <Name>George</Name>
        <Email>gweasley@hogwarts.co.uk</Email>
      </Author>
    </Authors>
    <name>Book1</name>
  </book>
  <book year="2014" isbn="ISBN83763550019---11">
    <Authors>
      <Author>
        <Name>Fred</Name>
        <Email>fweasley@hogwarts.co.uk</Email>
      </Author>
      <Author>
        <Name>George</Name>
        <Email>gweasley@hogwarts.co.uk</Email>
      </Author>
    </Authors>
    <name>Book2</name>
  </book>
  <book year="2014" isbn="ISBN83763550019---11">
    <Authors>
      <Author>
        <Name>Fred</Name>
        <Email>fweasley@hogwarts.co.uk</Email>
      </Author>
      <Author>
        <Name>George</Name>
        <Email>gweasley@hogwarts.co.uk</Email>
      </Author>
    </Authors>
    <name>Book1</name>
  </book>
  <book year="2014" isbn="ISBN83763550019---11">
    <Authors>
      <Author>
        <Name>Fred</Name>
        <Email>fweasley@hogwarts.co.uk</Email>
      </Author>
      <Author>
        <Name>George</Name>
        <Email>gweasley@hogwarts.co.uk</Email>
      </Author>
    </Authors>
    <name>Book2</name>
  </book>
  <book year="2014" isbn="ISBN83763550019---11">
    <Authors>
      <Author>
        <Name>Fred</Name>
        <Email>fweasley@hogwarts.co.uk</Email>
      </Author>
      <Author>
        <Name>George</Name>
        <Email>gweasley@hogwarts.co.uk</Email>
      </Author>
    </Authors>
    <name>Book1</name>
  </book>
  <book year="2014" isbn="ISBN83763550019---11">
    <Authors>
      <Author>
        <Name>Fred</Name>
        <Email>fweasley@hogwarts.co.uk</Email>
      </Author>
      <Author>
        <Name>George</Name>
        <Email>gweasley@hogwarts.co.uk</Email>
      </Author>
    </Authors>
    <name>Book2</name>
  </book>
  <book year="2014" isbn="ISBN83763550019---11">
    <Authors>
      <Author>
        <Name>Fred</Name>
        <Email>fweasley@hogwarts.co.uk</Email>
      </Author>
      <Author>
        <Name>George</Name>
        <Email>gweasley@hogwarts.co.uk</Email>
      </Author>
    </Authors>
    <name>Book1</name>
  </book>
  <book year="2014" isbn="ISBN83763550019---11">
    <Authors>
      <Author>
        <Name>Fred</Name>
        <Email>fweasley@hogwarts.co.uk</Email>
      </Author>
      <Author>
        <Name>George</Name>
        <Email>gweasley@hogwarts.co.uk</Email>
      </Author>
    </Authors>
    <name>Book2</name>
  </book>
  <book year="2014" isbn="ISBN83763550019---11">
    <Authors>
      <Author>
        <Name>Fred</Name>
        <Email>fweasley@hogwarts.co.uk</Email>
      </Author>
      <Author>
        <Name>George</Name>
        <Email>gweasley@hogwarts.co.uk</Email>
      </Author>
    </Authors>
    <name>Book1</name>
  </book>
  <book year="2014" isbn="ISBN83763550019---11">
    <Authors>
      <Author>
        <Name>Fred</Name>
        <Email>fweasley@hogwarts.co.uk</Email>
      </Author>
      <Author>
        <Name>George</Name>
        <Email>gweasley@hogwarts.co.uk</Email>
      </Author>
    </Authors>
    <name>Book2</name>
  </book>
  <book year="2014" isbn="ISBN83763550019---11">
    <Authors>
      <Author>
        <Name>Fred</Name>
        <Email>fweasley@hogwarts.co.uk</Email>
      </Author>
      <Author>
        <Name>George</Name>
        <Email>gweasley@hogwarts.co.uk</Email>
      </Author>
    </Authors>
    <name>Book1</name>
  </book>
  <book year="2014" isbn="ISBN83763550019---11">
    <Authors>
      <Author>
        <Name>Fred</Name>
        <Email>fweasley@hogwarts.co.uk</Email>
      </Author>
      <Author>
        <Name>George</Name>
        <Email>gweasley@hogwarts.co.uk</Email>
      </Author>
    </Authors>
    <name>Book2</name>
  </book>
  <book year="2014" isbn="ISBN83763550019---11">
    <Authors>
      <Author>
        <Name>Fred</Name>
        <Email>fweasley@hogwarts.co.uk</Email>
      </Author>
      <Author>
        <Name>George</Name>
        <Email>gweasley@hogwarts.co.uk</Email>
      </Author>
    </Authors>
    <name>Book1</name>
  </book>
  <book year="2014" isbn="ISBN83763550019---11">
    <Authors>
      <Author>
        <Name>Fred</Name>
        <Email>fweasley@hogwarts.co.uk</Email>
      </Author>
      <Author>
        <Name>George</Name>
        <Email>gweasley@hogwarts.co.uk</Email>
      </Author>
    </Authors>
    <name>Book2</name>
  </book>
  <book year="2014" isbn="ISBN83763550019---11">
    <Authors>
      <Author>
        <Name>Fred</Name>
        <Email>fweasley@hogwarts.co.uk</Email>
      </Author>
      <Author>
        <Name>George</Name>
        <Email>gweasley@hogwarts.co.uk</Email>
      </Author>
    </Authors>
    <name>Book1</name>
  </book>
  <book year="2014" isbn="ISBN83763550019---11">
    <Authors>
      <Author>
        <Name>Fred</Name>
        <Email>fweasley@hogwarts.co.uk</Email>
      </Author>
      <Author>
        <Name>George</Name>
        <Email>gweasley@hogwarts.co.uk</Email>
      </Author>
    </Authors>
    <name>Book2</name>
  </book>
  <book year="2014" isbn="ISBN83763550019---11">
    <Authors>
      <Author>
        <Name>Fred</Name>
        <Email>fweasley@hogwarts.co.uk</Email>
      </Author>
      <Author>
        <Name>George</Name>
        <Email>gweasley@hogwarts.co.uk</Email>
      </Author>
    </Authors>
    <name>Book1</name>
  </book>
  <book year="2014" isbn="ISBN83763550019---11">
    <Authors>
      <Author>
        <Name>Fred</Name>
        <Email>fweasley@hogwarts.co.uk</Email>
      </Author>
      <Author>
        <Name>George</Name>
        <Email>gweasley@hogwarts.co.uk</Email>
      </Author>
    </Authors>
    <name>Book2</name>
  </book>
  <book year="2014" isbn="ISBN83763550019---11">
    <Authors>
      <Author>
        <Name>Fred</Name>
        <Email>fweasley@hogwarts.co.uk</Email>
      </Author>
      <Author>
        <Name>George</Name>
        <Email>gweasley@hogwarts.co.uk</Email>
      </Author>
    </Authors>
    <name>Book1</name>
  </book>
  <book year="2014" isbn="ISBN83763550019---11">
    <Authors>
      <Author>
        <Name>Fred</Name>
        <Email>fweasley@hogwarts.co.uk</Email>
      </Author>
      <Author>
        <Name>George</Name>
        <Email>gweasley@hogwarts.co.uk</Email>
      </Author>
    </Authors>
    <name>Book2</name>
  </book>
  <book year="2014" isbn="ISBN83763550019---11">
    <Authors>
      <Author>
        <Name>Fred</Name>
        <Email>fweasley@hogwarts.co.uk</Email>
      </Author>
      <Author>
        <Name>George</Name>
        <Email>gweasley@hogwarts.co.uk</Email>
      </Author>
    </Authors>
    <name>Book1</name>
  </book>
  <book year="2014" isbn="ISBN83763550019---11">
    <Authors>
      <Author>
        <Name>Fred</Name>
        <Email>fweasley@hogwarts.co.uk</Email>
      </Author>
      <Author>
        <Name>George</Name>
        <Email>gweasley@hogwarts.co.uk</Email>
      </Author>
    </Authors>
    <name>Book2</name>
  </book>
  <book year="2014" isbn="ISBN83763550019---11">
    <Authors>
      <Author>
        <Name>Fred</Name>
        <Email>fweasley@hogwarts.co.uk</Email>
      </Author>
      <Author>
        <Name>George</Name>
        <Email>gweasley@hogwarts.co.uk</Email>
      </Author>
    </Authors>
    <name>Book1</name>
  </book>
  <book year="2014" isbn="ISBN83763550019---11">
    <Authors>
      <Author>
        <Name>Fred</Name>
        <Email>fweasley@hogwarts.co.uk</Email>
      </Author>
      <Author>
        <Name>George</Name>
        <Email>gweasley@hogwarts.co.uk</Email>
      </Author>
    </Authors>
    <name>Book2</name>
  </book>
  <book year="2014" isbn="ISBN83763550019---11">
    <Authors>
      <Author>
        <Name>Fred</Name>
        <Email>fweasley@hogwarts.co.uk</Email>
      </Author>
      <Author>
        <Name>George</Name>
        <Email>gweasley@hogwarts.co.uk</Email>
      </Author>
    </Authors>
    <name>Book1</name>
  </book>
  <book year="2014" isbn="ISBN83763550019---11">
    <Authors>
      <Author>
        <Name>Fred</Name>
        <Email>fweasley@hogwarts.co.uk</Email>
      </Author>
      <Author>
        <Name>George</Name>
        <Email>gweasley@hogwarts.co.uk</Email>
      </Author>
    </Authors>
    <name>Book2</name>
  </book>
  <book year="2014" isbn="ISBN83763550019---11">
    <Authors>
      <Author>
        <Name>Fred</Name>
        <Email>fweasley@hogwarts.co.uk</Email>
      </Author>
      <Author>
        <Name>George</Name>
        <Email>gweasley@hogwarts.co.uk</Email>
      </Author>
    </Authors>
    <name>Book1</name>
  </book>
  <book year="2014" isbn="ISBN83763550019---11">
    <Authors>
      <Author>
        <Name>Fred</Name>
        <Email>fweasley@hogwarts.co.uk</Email>
      </Author>
      <Author>
        <Name>George</Name>
        <Email>gweasley@hogwarts.co.uk</Email>
      </Author>
    </Authors>
    <name>Book2</name>
  </book>
  <book year="2014" isbn="ISBN83763550019---11">
    <Authors>
      <Author>
        <Name>Fred</Name>
        <Email>fweasley@hogwarts.co.uk</Email>
      </Author>
      <Author>
        <Name>George</Name>
        <Email>gweasley@hogwarts.co.uk</Email>
      </Author>
    </Authors>
    <name>Book1</name>
  </book>
  <book year="2014" isbn="ISBN83763550019---11">
    <Authors>
      <Author>
        <Name>Fred</Name>
        <Email>fweasley@hogwarts.co.uk</Email>
      </Author>
      <Author>
        <Name>George</Name>
        <Email>gweasley@hogwarts.co.uk</Email>
      </Author>
    </Authors>
    <name>Book2</name>
  </book>
  <book year="2014" isbn="ISBN83763550019---11">
    <Authors>
      <Author>
        <Name>Fred</Name>
        <Email>fweasley@hogwarts.co.uk</Email>
      </Author>
      <Author>
        <Name>George</Name>
        <Email>gweasley@hogwarts.co.uk</Email>
      </Author>
    </Authors>
    <name>Book1</name>
  </book>
  <book year="2014" isbn="ISBN83763550019---11">
    <Authors>
      <Author>
        <Name>Fred</Name>
        <Email>fweasley@hogwarts.co.uk</Email>
      </Author>
      <Author>
        <Name>George</Name>
        <Email>gweasley@hogwarts.co.uk</Email>
      </Author>
    </Authors>
    <name>Book2</name>
  </book>
  <book year="2014" isbn="ISBN83763550019---11">
    <Authors>
      <Author>
        <Name>Fred</Name>
        <Email>fweasley@hogwarts.co.uk</Email>
      </Author>
      <Author>
        <Name>George</Name>
        <Email>gweasley@hogwarts.co.uk</Email>
      </Author>
    </Authors>
    <name>Book1</name>
  </book>
  <book year="2014" isbn="ISBN83763550019---11">
    <Authors>
      <Author>
        <Name>Fred</Name>
        <Email>fweasley@hogwarts.co.uk</Email>
      </Author>
      <Author>
        <Name>George</Name>
        <Email>gweasley@hogwarts.co.uk</Email>
      </Author>
    </Authors>
    <name>Book2</name>
  </book>
  <book year="2014" isbn="ISBN83763550019---11">
    <Authors>
      <Author>
        <Name>Fred</Name>
        <Email>fweasley@hogwarts.co.uk</Email>
      </Author>
      <Author>
        <Name>George</Name>
        <Email>gweasley@hogwarts.co.uk</Email>
      </Author>
    </Authors>
    <name>Book1</name>
  </book>
  <book year="2014" isbn="ISBN83763550019---11">
    <Authors>
      <Author>
        <Name>Fred</Name>
        <Email>fweasley@hogwarts.co.uk</Email>
      </Author>
      <Author>
        <Name>George</Name>
        <Email>gweasley@hogwarts.co.uk</Email>
      </Author>
    </Authors>
    <name>Book2</name>
  </book>
  <book year="2014" isbn="ISBN83763550019---11">
    <Authors>
      <Author>
        <Name>Fred</Name>
        <Email>fweasley@hogwarts.co.uk</Email>
      </Author>
      <Author>
        <Name>George</Name>
        <Email>gweasley@hogwarts.co.uk</Email>
      </Author>
    </Authors>
    <name>Book1</name>
  </book>
  <book year="2014" isbn="ISBN83763550019---11">
    <Authors>
      <Author>
        <Name>Fred</Name>
        <Email>fweasley@hogwarts.co.uk</Email>
      </Author>
      <Author>
        <Name>George</Name>
        <Email>gweasley@hogwarts.co.uk</Email>
      </Author>
    </Authors>
    <name>Book2</name>
  </book>
  <book year="2014" isbn="ISBN83763550019---11">
    <Authors>
      <Author>
        <Name>Fred</Name>
        <Email>fweasley@hogwarts.co.uk</Email>
      </Author>
      <Author>
        <Name>George</Name>
        <Email>gweasley@hogwarts.co.uk</Email>
      </Author>
    </Authors>
    <name>Book1</name>
  </book>
  <book year="2014" isbn="ISBN83763550019---11">
    <Authors>
      <Author>
        <Name>Fred</Name>
        <Email>fweasley@hogwarts.co.uk</Email>
      </Author>
      <Author>
        <Name>George</Name>
        <Email>gweasley@hogwarts.co.uk</Email>
      </Author>
    </Authors>
    <name>Book2</name>
  </book>
  <book year="2014" isbn="ISBN83763550019---11">
    <Authors>
      <Author>
        <Name>Fred</Name>
        <Email>fweasley@hogwarts.co.uk</Email>
      </Author>
      <Author>
        <Name>George</Name>
        <Email>gweasley@hogwarts.co.uk</Email>
      </Author>
    </Authors>
    <name>Book1</name>
  </book>
  <book year="2014" isbn="ISBN83763550019---11">
    <Authors>
      <Author>
        <Name>Fred</Name>
        <Email>fweasley@hogwarts.co.uk</Email>
      </Author>
      <Author>
        <Name>George</Name>
        <Email>gweasley@hogwarts.co.uk</Email>
      </Author>
    </Authors>
    <name>Book2</name>
  </book>
  <book year="2014" isbn="ISBN83763550019---11">
    <Authors>
      <Author>
        <Name>Fred</Name>
        <Email>fweasley@hogwarts.co.uk</Email>
      </Author>
      <Author>
        <Name>George</Name>
        <Email>gweasley@hogwarts.co.uk</Email>
      </Author>
    </Authors>
    <name>Book1</name>
  </book>
  <book year="2014" isbn="ISBN83763550019---11">
    <Authors>
      <Author>
        <Name>Fred</Name>
        <Email>fweasley@hogwarts.co.uk</Email>
      </Author>
      <Author>
        <Name>George</Name>
        <Email>gweasley@hogwarts.co.uk</Email>
      </Author>
    </Authors>
    <name>Book2</name>
  </book>
  <book year="2014" isbn="ISBN83763550019---11">
    <Authors>
      <Author>
        <Name>Fred</Name>
        <Email>fweasley@hogwarts.co.uk</Email>
      </Author>
      <Author>
        <Name>George</Name>
        <Email>gweasley@hogwarts.co.uk</Email>
      </Author>
    </Authors>
    <name>Book1</name>
  </book>
  <book year="2014" isbn="ISBN83763550019---11">
    <Authors>
      <Author>
        <Name>Fred</Name>
        <Email>fweasley@hogwarts.co.uk</Email>
      </Author>
      <Author>
        <Name>George</Name>
        <Email>gweasley@hogwarts.co.uk</Email>
      </Author>
    </Authors>
    <name>Book2</name>
  </book>
  <book year="2014" isbn="ISBN83763550019---11">
    <Authors>
      <Author>
        <Name>Fred</Name>
        <Email>fweasley@hogwarts.co.uk</Email>
      </Author>
      <Author>
        <Name>George</Name>
        <Email>gweasley@hogwarts.co.uk</Email>
      </Author>
    </Authors>
    <name>Book1</name>
  </book>
  <book year="2014" isbn="ISBN83763550019---11">
    <Authors>
      <Author>
        <Name>Fred</Name>
        <Email>fweasley@hogwarts.co.uk</Email>
      </Author>
      <Author>
        <Name>George</Name>
        <Email>gweasley@hogwarts.co.uk</Email>
      </Author>
    </Authors>
    <name>Book2</name>
  </book>
  <book year="2014" isbn="ISBN83763550019---11">
    <Authors>
      <Author>
        <Name>Fred</Name>
        <Email>fweasley@hogwarts.co.uk</Email>
      </Author>
      <Author>
        <Name>George</Name>
        <Email>gweasley@hogwarts.co.uk</Email>
      </Author>
    </Authors>
    <name>Book1</name>
  </book>
  <book year="2014" isbn="ISBN83763550019---11">
    <Authors>
      <Author>
        <Name>Fred</Name>
        <Email>fweasley@hogwarts.co.uk</Email>
      </Author>
      <Author>
        <Name>George</Name>
        <Email>gweasley@hogwarts.co.uk</Email>
      </Author>
    </Authors>
    <name>Book2</name>
  </book>
  <book year="2014" isbn="ISBN83763550019---11">
    <Authors>
      <Author>
        <Name>Fred</Name>
        <Email>fweasley@hogwarts.co.uk</Email>
      </Author>
      <Author>
        <Name>George</Name>
        <Email>gweasley@hogwarts.co.uk</Email>
      </Author>
    </Authors>
    <name>Book1</name>
  </book>
  <book year="2014" isbn="ISBN83763550019---11">
    <Authors>
      <Author>
        <Name>Fred</Name>
        <Email>fweasley@hogwarts.co.uk</Email>
      </Author>
      <Author>
        <Name>George</Name>
        <Email>gweasley@hogwarts.co.uk</Email>
      </Author>
    </Authors>
    <name>Book2</name>
  </book>
  <book year="2014" isbn="ISBN83763550019---11">
    <Authors>
      <Author>
        <Name>Fred</Name>
        <Email>fweasley@hogwarts.co.uk</Email>
      </Author>
      <Author>
        <Name>George</Name>
        <Email>gweasley@hogwarts.co.uk</Email>
      </Author>
    </Authors>
    <name>Book1</name>
  </book>
  <book year="2014" isbn="ISBN83763550019---11">
    <Authors>
      <Author>
        <Name>Fred</Name>
        <Email>fweasley@hogwarts.co.uk</Email>
      </Author>
      <Author>
        <Name>George</Name>
        <Email>gweasley@hogwarts.co.uk</Email>
      </Author>
    </Authors>
    <name>Book2</name>
  </book>
  <book year="2014" isbn="ISBN83763550019---11">
    <Authors>
      <Author>
        <Name>Fred</Name>
        <Email>fweasley@hogwarts.co.uk</Email>
      </Author>
      <Author>
        <Name>George</Name>
        <Email>gweasley@hogwarts.co.uk</Email>
      </Author>
    </Authors>
    <name>Book1</name>
  </book>
  <book year="2014" isbn="ISBN83763550019---11">
    <Authors>
      <Author>
        <Name>Fred</Name>
        <Email>fweasley@hogwarts.co.uk</Email>
      </Author>
      <Author>
        <Name>George</Name>
        <Email>gweasley@hogwarts.co.uk</Email>
      </Author>
    </Authors>
    <name>Book2</name>
  </book>
  <book year="2014" isbn="ISBN83763550019---11">
    <Authors>
      <Author>
        <Name>Fred</Name>
        <Email>fweasley@hogwarts.co.uk</Email>
      </Author>
      <Author>
        <Name>George</Name>
        <Email>gweasley@hogwarts.co.uk</Email>
      </Author>
    </Authors>
    <name>Book1</name>
  </book>
  <book year="2014" isbn="ISBN83763550019---11">
    <Authors>
      <Author>
        <Name>Fred</Name>
        <Email>fweasley@hogwarts.co.uk</Email>
      </Author>
      <Author>
        <Name>George</Name>
        <Email>gweasley@hogwarts.co.uk</Email>
      </Author>
    </Authors>
    <name>Book2</name>
  </book>
  <book year="2014" isbn="ISBN83763550019---11">
    <Authors>
      <Author>
        <Name>Fred</Name>
        <Email>fweasley@hogwarts.co.uk</Email>
      </Author>
      <Author>
        <Name>George</Name>
        <Email>gweasley@hogwarts.co.uk</Email>
      </Author>
    </Authors>
    <name>Book1</name>
  </book>
  <book year="2014" isbn="ISBN83763550019---11">
    <Authors>
      <Author>
        <Name>Fred</Name>
        <Email>fweasley@hogwarts.co.uk</Email>
      </Author>
      <Author>
        <Name>George</Name>
        <Email>gweasley@hogwarts.co.uk</Email>
      </Author>
    </Authors>
    <name>Book2</name>
  </book>
  <book year="2014" isbn="ISBN83763550019---11">
    <Authors>
      <Author>
        <Name>Fred</Name>
        <Email>fweasley@hogwarts.co.uk</Email>
      </Author>
      <Author>
        <Name>George</Name>
        <Email>gweasley@hogwarts.co.uk</Email>
      </Author>
    </Authors>
    <name>Book1</name>
  </book>
  <book year="2014" isbn="ISBN83763550019---11">
    <Authors>
      <Author>
        <Name>Fred</Name>
        <Email>fweasley@hogwarts.co.uk</Email>
      </Author>
      <Author>
        <Name>George</Name>
        <Email>gweasley@hogwarts.co.uk</Email>
      </Author>
    </Authors>
    <name>Book2</name>
  </book>
  <book year="2014" isbn="ISBN83763550019---11">
    <Authors>
      <Author>
        <Name>Fred</Name>
        <Email>fweasley@hogwarts.co.uk</Email>
      </Author>
      <Author>
        <Name>George</Name>
        <Email>gweasley@hogwarts.co.uk</Email>
      </Author>
    </Authors>
    <name>Book1</name>
  </book>
  <book year="2014" isbn="ISBN83763550019---11">
    <Authors>
      <Author>
        <Name>Fred</Name>
        <Email>fweasley@hogwarts.co.uk</Email>
      </Author>
      <Author>
        <Name>George</Name>
        <Email>gweasley@hogwarts.co.uk</Email>
      </Author>
    </Authors>
    <name>Book2</name>
  </book>
  <book year="2014" isbn="ISBN83763550019---11">
    <Authors>
      <Author>
        <Name>Fred</Name>
        <Email>fweasley@hogwarts.co.uk</Email>
      </Author>
      <Author>
        <Name>George</Name>
        <Email>gweasley@hogwarts.co.uk</Email>
      </Author>
    </Authors>
    <name>Book1</name>
  </book>
  <book year="2014" isbn="ISBN83763550019---11">
    <Authors>
      <Author>
        <Name>Fred</Name>
        <Email>fweasley@hogwarts.co.uk</Email>
      </Author>
      <Author>
        <Name>George</Name>
        <Email>gweasley@hogwarts.co.uk</Email>
      </Author>
    </Authors>
    <name>Book2</name>
  </book>
  <book year="2014" isbn="ISBN83763550019---11">
    <Authors>
      <Author>
        <Name>Fred</Name>
        <Email>fweasley@hogwarts.co.uk</Email>
      </Author>
      <Author>
        <Name>George</Name>
        <Email>gweasley@hogwarts.co.uk</Email>
      </Author>
    </Authors>
    <name>Book1</name>
  </book>
  <book year="2014" isbn="ISBN83763550019---11">
    <Authors>
      <Author>
        <Name>Fred</Name>
        <Email>fweasley@hogwarts.co.uk</Email>
      </Author>
      <Author>
        <Name>George</Name>
        <Email>gweasley@hogwarts.co.uk</Email>
      </Author>
    </Authors>
    <name>Book2</name>
  </book>
  <book year="2014" isbn="ISBN83763550019---11">
    <Authors>
      <Author>
        <Name>Fred</Name>
        <Email>fweasley@hogwarts.co.uk</Email>
      </Author>
      <Author>
        <Name>George</Name>
        <Email>gweasley@hogwarts.co.uk</Email>
      </Author>
    </Authors>
    <name>Book1</name>
  </book>
  <book year="2014" isbn="ISBN83763550019---11">
    <Authors>
      <Author>
        <Name>Fred</Name>
        <Email>fweasley@hogwarts.co.uk</Email>
      </Author>
      <Author>
        <Name>George</Name>
        <Email>gweasley@hogwarts.co.uk</Email>
      </Author>
    </Authors>
    <name>Book2</name>
  </book>
  <book year="2014" isbn="ISBN83763550019---11">
    <Authors>
      <Author>
        <Name>Fred</Name>
        <Email>fweasley@hogwarts.co.uk</Email>
      </Author>
      <Author>
        <Name>George</Name>
        <Email>gweasley@hogwarts.co.uk</Email>
      </Author>
    </Authors>
    <name>Book1</name>
  </book>
  <book year="2014" isbn="ISBN83763550019---11">
    <Authors>
      <Author>
        <Name>Fred</Name>
        <Email>fweasley@hogwarts.co.uk</Email>
      </Author>
      <Author>
        <Name>George</Name>
        <Email>gweasley@hogwarts.co.uk</Email>
      </Author>
    </Authors>
    <name>Book2</name>
  </book>
  <book year="2014" isbn="ISBN83763550019---11">
    <Authors>
      <Author>
        <Name>Fred</Name>
        <Email>fweasley@hogwarts.co.uk</Email>
      </Author>
      <Author>
        <Name>George</Name>
        <Email>gweasley@hogwarts.co.uk</Email>
      </Author>
    </Authors>
    <name>Book1</name>
  </book>
  <book year="2014" isbn="ISBN83763550019---11">
    <Authors>
      <Author>
        <Name>Fred</Name>
        <Email>fweasley@hogwarts.co.uk</Email>
      </Author>
      <Author>
        <Name>George</Name>
        <Email>gweasley@hogwarts.co.uk</Email>
      </Author>
    </Authors>
    <name>Book2</name>
  </book>
  <book year="2014" isbn="ISBN83763550019---11">
    <Authors>
      <Author>
        <Name>Fred</Name>
        <Email>fweasley@hogwarts.co.uk</Email>
      </Author>
      <Author>
        <Name>George</Name>
        <Email>gweasley@hogwarts.co.uk</Email>
      </Author>
    </Authors>
    <name>Book1</name>
  </book>
  <book year="2014" isbn="ISBN83763550019---11">
    <Authors>
      <Author>
        <Name>Fred</Name>
        <Email>fweasley@hogwarts.co.uk</Email>
      </Author>
      <Author>
        <Name>George</Name>
        <Email>gweasley@hogwarts.co.uk</Email>
      </Author>
    </Authors>
    <name>Book2</name>
  </book>
  <book year="2014" isbn="ISBN83763550019---11">
    <Authors>
      <Author>
        <Name>Fred</Name>
        <Email>fweasley@hogwarts.co.uk</Email>
      </Author>
      <Author>
        <Name>George</Name>
        <Email>gweasley@hogwarts.co.uk</Email>
      </Author>
    </Authors>
    <name>Book1</name>
  </book>
  <book year="2014" isbn="ISBN83763550019---11">
    <Authors>
      <Author>
        <Name>Fred</Name>
        <Email>fweasley@hogwarts.co.uk</Email>
      </Author>
      <Author>
        <Name>George</Name>
        <Email>gweasley@hogwarts.co.uk</Email>
      </Author>
    </Authors>
    <name>Book2</name>
  </book>
  <book year="2014" isbn="ISBN83763550019---11">
    <Authors>
      <Author>
        <Name>Fred</Name>
        <Email>fweasley@hogwarts.co.uk</Email>
      </Author>
      <Author>
        <Name>George</Name>
        <Email>gweasley@hogwarts.co.uk</Email>
      </Author>
    </Authors>
    <name>Book1</name>
  </book>
  <book year="2014" isbn="ISBN83763550019---11">
    <Authors>
      <Author>
        <Name>Fred</Name>
        <Email>fweasley@hogwarts.co.uk</Email>
      </Author>
      <Author>
        <Name>George</Name>
        <Email>gweasley@hogwarts.co.uk</Email>
      </Author>
    </Authors>
    <name>Book2</name>
  </book>
  <book year="2014" isbn="ISBN83763550019---11">
    <Authors>
      <Author>
        <Name>Fred</Name>
        <Email>fweasley@hogwarts.co.uk</Email>
      </Author>
      <Author>
        <Name>George</Name>
        <Email>gweasley@hogwarts.co.uk</Email>
      </Author>
    </Authors>
    <name>Book1</name>
  </book>
  <book year="2014" isbn="ISBN83763550019---11">
    <Authors>
      <Author>
        <Name>Fred</Name>
        <Email>fweasley@hogwarts.co.uk</Email>
      </Author>
      <Author>
        <Name>George</Name>
        <Email>gweasley@hogwarts.co.uk</Email>
      </Author>
    </Authors>
    <name>Book2</name>
  </book>
  <book year="2014" isbn="ISBN83763550019---11">
    <Authors>
      <Author>
        <Name>Fred</Name>
        <Email>fweasley@hogwarts.co.uk</Email>
      </Author>
      <Author>
        <Name>George</Name>
        <Email>gweasley@hogwarts.co.uk</Email>
      </Author>
    </Authors>
    <name>Book1</name>
  </book>
  <book year="2014" isbn="ISBN83763550019---11">
    <Authors>
      <Author>
        <Name>Fred</Name>
        <Email>fweasley@hogwarts.co.uk</Email>
      </Author>
      <Author>
        <Name>George</Name>
        <Email>gweasley@hogwarts.co.uk</Email>
      </Author>
    </Authors>
    <name>Book2</name>
  </book>
  <book year="2014" isbn="ISBN83763550019---11">
    <Authors>
      <Author>
        <Name>Fred</Name>
        <Email>fweasley@hogwarts.co.uk</Email>
      </Author>
      <Author>
        <Name>George</Name>
        <Email>gweasley@hogwarts.co.uk</Email>
      </Author>
    </Authors>
    <name>Book1</name>
  </book>
  <book year="2014" isbn="ISBN83763550019---11">
    <Authors>
      <Author>
        <Name>Fred</Name>
        <Email>fweasley@hogwarts.co.uk</Email>
      </Author>
      <Author>
        <Name>George</Name>
        <Email>gweasley@hogwarts.co.uk</Email>
      </Author>
    </Authors>
    <name>Book2</name>
  </book>
  <book year="2014" isbn="ISBN83763550019---11">
    <Authors>
      <Author>
        <Name>Fred</Name>
        <Email>fweasley@hogwarts.co.uk</Email>
      </Author>
      <Author>
        <Name>George</Name>
        <Email>gweasley@hogwarts.co.uk</Email>
      </Author>
    </Authors>
    <name>Book1</name>
  </book>
  <book year="2014" isbn="ISBN83763550019---11">
    <Authors>
      <Author>
        <Name>Fred</Name>
        <Email>fweasley@hogwarts.co.uk</Email>
      </Author>
      <Author>
        <Name>George</Name>
        <Email>gweasley@hogwarts.co.uk</Email>
      </Author>
    </Authors>
    <name>Book2</name>
  </book>
  <book year="2014" isbn="ISBN83763550019---11">
    <Authors>
      <Author>
        <Name>Fred</Name>
        <Email>fweasley@hogwarts.co.uk</Email>
      </Author>
      <Author>
        <Name>George</Name>
        <Email>gweasley@hogwarts.co.uk</Email>
      </Author>
    </Authors>
    <name>Book1</name>
  </book>
  <book year="2014" isbn="ISBN83763550019---11">
    <Authors>
      <Author>
        <Name>Fred</Name>
        <Email>fweasley@hogwarts.co.uk</Email>
      </Author>
      <Author>
        <Name>George</Name>
        <Email>gweasley@hogwarts.co.uk</Email>
      </Author>
    </Authors>
    <name>Book2</name>
  </book>
  <book year="2014" isbn="ISBN83763550019---11">
    <Authors>
      <Author>
        <Name>Fred</Name>
        <Email>fweasley@hogwarts.co.uk</Email>
      </Author>
      <Author>
        <Name>George</Name>
        <Email>gweasley@hogwarts.co.uk</Email>
      </Author>
    </Authors>
    <name>Book1</name>
  </book>
  <book year="2014" isbn="ISBN83763550019---11">
    <Authors>
      <Author>
        <Name>Fred</Name>
        <Email>fweasley@hogwarts.co.uk</Email>
      </Author>
      <Author>
        <Name>George</Name>
        <Email>gweasley@hogwarts.co.uk</Email>
      </Author>
    </Authors>
    <name>Book2</name>
  </book>
  <book year="2014" isbn="ISBN83763550019---11">
    <Authors>
      <Author>
        <Name>Fred</Name>
        <Email>fweasley@hogwarts.co.uk</Email>
      </Author>
      <Author>
        <Name>George</Name>
        <Email>gweasley@hogwarts.co.uk</Email>
      </Author>
    </Authors>
    <name>Book1</name>
  </book>
  <book year="2014" isbn="ISBN83763550019---11">
    <Authors>
      <Author>
        <Name>Fred</Name>
        <Email>fweasley@hogwarts.co.uk</Email>
      </Author>
      <Author>
        <Name>George</Name>
        <Email>gweasley@hogwarts.co.uk</Email>
      </Author>
    </Authors>
    <name>Book2</name>
  </book>
  <book year="2014" isbn="ISBN83763550019---11">
    <Authors>
      <Author>
        <Name>Fred</Name>
        <Email>fweasley@hogwarts.co.uk</Email>
      </Author>
      <Author>
        <Name>George</Name>
        <Email>gweasley@hogwarts.co.uk</Email>
      </Author>
    </Authors>
    <name>Book1</name>
  </book>
  <book year="2014" isbn="ISBN83763550019---11">
    <Authors>
      <Author>
        <Name>Fred</Name>
        <Email>fweasley@hogwarts.co.uk</Email>
      </Author>
      <Author>
        <Name>George</Name>
        <Email>gweasley@hogwarts.co.uk</Email>
      </Author>
    </Authors>
    <name>Book2</name>
  </book>
  <book year="2014" isbn="ISBN83763550019---11">
    <Authors>
      <Author>
        <Name>Fred</Name>
        <Email>fweasley@hogwarts.co.uk</Email>
      </Author>
      <Author>
        <Name>George</Name>
        <Email>gweasley@hogwarts.co.uk</Email>
      </Author>
    </Authors>
    <name>Book1</name>
  </book>
  <book year="2014" isbn="ISBN83763550019---11">
    <Authors>
      <Author>
        <Name>Fred</Name>
        <Email>fweasley@hogwarts.co.uk</Email>
      </Author>
      <Author>
        <Name>George</Name>
        <Email>gweasley@hogwarts.co.uk</Email>
      </Author>
    </Authors>
    <name>Book2</name>
  </book>
  <book year="2014" isbn="ISBN83763550019---11">
    <Authors>
      <Author>
        <Name>Fred</Name>
        <Email>fweasley@hogwarts.co.uk</Email>
      </Author>
      <Author>
        <Name>George</Name>
        <Email>gweasley@hogwarts.co.uk</Email>
      </Author>
    </Authors>
    <name>Book1</name>
  </book>
  <book year="2014" isbn="ISBN83763550019---11">
    <Authors>
      <Author>
        <Name>Fred</Name>
        <Email>fweasley@hogwarts.co.uk</Email>
      </Author>
      <Author>
        <Name>George</Name>
        <Email>gweasley@hogwarts.co.uk</Email>
      </Author>
    </Authors>
    <name>Book2</name>
  </book>
  <book year="2014" isbn="ISBN83763550019---11">
    <Authors>
      <Author>
        <Name>Fred</Name>
        <Email>fweasley@hogwarts.co.uk</Email>
      </Author>
      <Author>
        <Name>George</Name>
        <Email>gweasley@hogwarts.co.uk</Email>
      </Author>
    </Authors>
    <name>Book1</name>
  </book>
  <book year="2014" isbn="ISBN83763550019---11">
    <Authors>
      <Author>
        <Name>Fred</Name>
        <Email>fweasley@hogwarts.co.uk</Email>
      </Author>
      <Author>
        <Name>George</Name>
        <Email>gweasley@hogwarts.co.uk</Email>
      </Author>
    </Authors>
    <name>Book2</name>
  </book>
  <book year="2014" isbn="ISBN83763550019---11">
    <Authors>
      <Author>
        <Name>Fred</Name>
        <Email>fweasley@hogwarts.co.uk</Email>
      </Author>
      <Author>
        <Name>George</Name>
        <Email>gweasley@hogwarts.co.uk</Email>
      </Author>
    </Authors>
    <name>Book1</name>
  </book>
  <book year="2014" isbn="ISBN83763550019---11">
    <Authors>
      <Author>
        <Name>Fred</Name>
        <Email>fweasley@hogwarts.co.uk</Email>
      </Author>
      <Author>
        <Name>George</Name>
        <Email>gweasley@hogwarts.co.uk</Email>
      </Author>
    </Authors>
    <name>Book2</name>
  </book>
  <book year="2014" isbn="ISBN83763550019---11">
    <Authors>
      <Author>
        <Name>Fred</Name>
        <Email>fweasley@hogwarts.co.uk</Email>
      </Author>
      <Author>
        <Name>George</Name>
        <Email>gweasley@hogwarts.co.uk</Email>
      </Author>
    </Authors>
    <name>Book1</name>
  </book>
  <book year="2014" isbn="ISBN83763550019---11">
    <Authors>
      <Author>
        <Name>Fred</Name>
        <Email>fweasley@hogwarts.co.uk</Email>
      </Author>
      <Author>
        <Name>George</Name>
        <Email>gweasley@hogwarts.co.uk</Email>
      </Author>
    </Authors>
    <name>Book2</name>
  </book>
  <book year="2014" isbn="ISBN83763550019---11">
    <Authors>
      <Author>
        <Name>Fred</Name>
        <Email>fweasley@hogwarts.co.uk</Email>
      </Author>
      <Author>
        <Name>George</Name>
        <Email>gweasley@hogwarts.co.uk</Email>
      </Author>
    </Authors>
    <name>Book1</name>
  </book>
  <book year="2014" isbn="ISBN83763550019---11">
    <Authors>
      <Author>
        <Name>Fred</Name>
        <Email>fweasley@hogwarts.co.uk</Email>
      </Author>
      <Author>
        <Name>George</Name>
        <Email>gweasley@hogwarts.co.uk</Email>
      </Author>
    </Authors>
    <name>Book2</name>
  </book>
  <book year="2014" isbn="ISBN83763550019---11">
    <Authors>
      <Author>
        <Name>Fred</Name>
        <Email>fweasley@hogwarts.co.uk</Email>
      </Author>
      <Author>
        <Name>George</Name>
        <Email>gweasley@hogwarts.co.uk</Email>
      </Author>
    </Authors>
    <name>Book1</name>
  </book>
  <book year="2014" isbn="ISBN83763550019---11">
    <Authors>
      <Author>
        <Name>Fred</Name>
        <Email>fweasley@hogwarts.co.uk</Email>
      </Author>
      <Author>
        <Name>George</Name>
        <Email>gweasley@hogwarts.co.uk</Email>
      </Author>
    </Authors>
    <name>Book2</name>
  </book>
  <book year="2014" isbn="ISBN83763550019---11">
    <Authors>
      <Author>
        <Name>Fred</Name>
        <Email>fweasley@hogwarts.co.uk</Email>
      </Author>
      <Author>
        <Name>George</Name>
        <Email>gweasley@hogwarts.co.uk</Email>
      </Author>
    </Authors>
    <name>Book1</name>
  </book>
  <book year="2014" isbn="ISBN83763550019---11">
    <Authors>
      <Author>
        <Name>Fred</Name>
        <Email>fweasley@hogwarts.co.uk</Email>
      </Author>
      <Author>
        <Name>George</Name>
        <Email>gweasley@hogwarts.co.uk</Email>
      </Author>
    </Authors>
    <name>Book2</name>
  </book>
  <book year="2014" isbn="ISBN83763550019---11">
    <Authors>
      <Author>
        <Name>Fred</Name>
        <Email>fweasley@hogwarts.co.uk</Email>
      </Author>
      <Author>
        <Name>George</Name>
        <Email>gweasley@hogwarts.co.uk</Email>
      </Author>
    </Authors>
    <name>Book1</name>
  </book>
  <book year="2014" isbn="ISBN83763550019---11">
    <Authors>
      <Author>
        <Name>Fred</Name>
        <Email>fweasley@hogwarts.co.uk</Email>
      </Author>
      <Author>
        <Name>George</Name>
        <Email>gweasley@hogwarts.co.uk</Email>
      </Author>
    </Authors>
    <name>Book2</name>
  </book>
  <book year="2014" isbn="ISBN83763550019---11">
    <Authors>
      <Author>
        <Name>Fred</Name>
        <Email>fweasley@hogwarts.co.uk</Email>
      </Author>
      <Author>
        <Name>George</Name>
        <Email>gweasley@hogwarts.co.uk</Email>
      </Author>
    </Authors>
    <name>Book1</name>
  </book>
  <book year="2014" isbn="ISBN83763550019---11">
    <Authors>
      <Author>
        <Name>Fred</Name>
        <Email>fweasley@hogwarts.co.uk</Email>
      </Author>
      <Author>
        <Name>George</Name>
        <Email>gweasley@hogwarts.co.uk</Email>
      </Author>
    </Authors>
    <name>Book2</name>
  </book>
  <book year="2014" isbn="ISBN83763550019---11">
    <Authors>
      <Author>
        <Name>Fred</Name>
        <Email>fweasley@hogwarts.co.uk</Email>
      </Author>
      <Author>
        <Name>George</Name>
        <Email>gweasley@hogwarts.co.uk</Email>
      </Author>
    </Authors>
    <name>Book1</name>
  </book>
  <book year="2014" isbn="ISBN83763550019---11">
    <Authors>
      <Author>
        <Name>Fred</Name>
        <Email>fweasley@hogwarts.co.uk</Email>
      </Author>
      <Author>
        <Name>George</Name>
        <Email>gweasley@hogwarts.co.uk</Email>
      </Author>
    </Authors>
    <name>Book2</name>
  </book>
  <book year="2014" isbn="ISBN83763550019---11">
    <Authors>
      <Author>
        <Name>Fred</Name>
        <Email>fweasley@hogwarts.co.uk</Email>
      </Author>
      <Author>
        <Name>George</Name>
        <Email>gweasley@hogwarts.co.uk</Email>
      </Author>
    </Authors>
    <name>Book1</name>
  </book>
  <book year="2014" isbn="ISBN83763550019---11">
    <Authors>
      <Author>
        <Name>Fred</Name>
        <Email>fweasley@hogwarts.co.uk</Email>
      </Author>
      <Author>
        <Name>George</Name>
        <Email>gweasley@hogwarts.co.uk</Email>
      </Author>
    </Authors>
    <name>Book2</name>
  </book>
  <book year="2014" isbn="ISBN83763550019---11">
    <Authors>
      <Author>
        <Name>Fred</Name>
        <Email>fweasley@hogwarts.co.uk</Email>
      </Author>
      <Author>
        <Name>George</Name>
        <Email>gweasley@hogwarts.co.uk</Email>
      </Author>
    </Authors>
    <name>Book1</name>
  </book>
  <book year="2014" isbn="ISBN83763550019---11">
    <Authors>
      <Author>
        <Name>Fred</Name>
        <Email>fweasley@hogwarts.co.uk</Email>
      </Author>
      <Author>
        <Name>George</Name>
        <Email>gweasley@hogwarts.co.uk</Email>
      </Author>
    </Authors>
    <name>Book2</name>
  </book>
  <book year="2014" isbn="ISBN83763550019---11">
    <Authors>
      <Author>
        <Name>Fred</Name>
        <Email>fweasley@hogwarts.co.uk</Email>
      </Author>
      <Author>
        <Name>George</Name>
        <Email>gweasley@hogwarts.co.uk</Email>
      </Author>
    </Authors>
    <name>Book1</name>
  </book>
  <book year="2014" isbn="ISBN83763550019---11">
    <Authors>
      <Author>
        <Name>Fred</Name>
        <Email>fweasley@hogwarts.co.uk</Email>
      </Author>
      <Author>
        <Name>George</Name>
        <Email>gweasley@hogwarts.co.uk</Email>
      </Author>
    </Authors>
    <name>Book2</name>
  </book>
  <book year="2014" isbn="ISBN83763550019---11">
    <Authors>
      <Author>
        <Name>Fred</Name>
        <Email>fweasley@hogwarts.co.uk</Email>
      </Author>
      <Author>
        <Name>George</Name>
        <Email>gweasley@hogwarts.co.uk</Email>
      </Author>
    </Authors>
    <name>Book1</name>
  </book>
  <book year="2014" isbn="ISBN83763550019---11">
    <Authors>
      <Author>
        <Name>Fred</Name>
        <Email>fweasley@hogwarts.co.uk</Email>
      </Author>
      <Author>
        <Name>George</Name>
        <Email>gweasley@hogwarts.co.uk</Email>
      </Author>
    </Authors>
    <name>Book2</name>
  </book>
  <book year="2014" isbn="ISBN83763550019---11">
    <Authors>
      <Author>
        <Name>Fred</Name>
        <Email>fweasley@hogwarts.co.uk</Email>
      </Author>
      <Author>
        <Name>George</Name>
        <Email>gweasley@hogwarts.co.uk</Email>
      </Author>
    </Authors>
    <name>Book1</name>
  </book>
  <book year="2014" isbn="ISBN83763550019---11">
    <Authors>
      <Author>
        <Name>Fred</Name>
        <Email>fweasley@hogwarts.co.uk</Email>
      </Author>
      <Author>
        <Name>George</Name>
        <Email>gweasley@hogwarts.co.uk</Email>
      </Author>
    </Authors>
    <name>Book2</name>
  </book>
  <book year="2014" isbn="ISBN83763550019---11">
    <Authors>
      <Author>
        <Name>Fred</Name>
        <Email>fweasley@hogwarts.co.uk</Email>
      </Author>
      <Author>
        <Name>George</Name>
        <Email>gweasley@hogwarts.co.uk</Email>
      </Author>
    </Authors>
    <name>Book1</name>
  </book>
  <book year="2014" isbn="ISBN83763550019---11">
    <Authors>
      <Author>
        <Name>Fred</Name>
        <Email>fweasley@hogwarts.co.uk</Email>
      </Author>
      <Author>
        <Name>George</Name>
        <Email>gweasley@hogwarts.co.uk</Email>
      </Author>
    </Authors>
    <name>Book2</name>
  </book>
  <book year="2014" isbn="ISBN83763550019---11">
    <Authors>
      <Author>
        <Name>Fred</Name>
        <Email>fweasley@hogwarts.co.uk</Email>
      </Author>
      <Author>
        <Name>George</Name>
        <Email>gweasley@hogwarts.co.uk</Email>
      </Author>
    </Authors>
    <name>Book1</name>
  </book>
  <book year="2014" isbn="ISBN83763550019---11">
    <Authors>
      <Author>
        <Name>Fred</Name>
        <Email>fweasley@hogwarts.co.uk</Email>
      </Author>
      <Author>
        <Name>George</Name>
        <Email>gweasley@hogwarts.co.uk</Email>
      </Author>
    </Authors>
    <name>Book2</name>
  </book>
  <book year="2014" isbn="ISBN83763550019---11">
    <Authors>
      <Author>
        <Name>Fred</Name>
        <Email>fweasley@hogwarts.co.uk</Email>
      </Author>
      <Author>
        <Name>George</Name>
        <Email>gweasley@hogwarts.co.uk</Email>
      </Author>
    </Authors>
    <name>Book1</name>
  </book>
  <book year="2014" isbn="ISBN83763550019---11">
    <Authors>
      <Author>
        <Name>Fred</Name>
        <Email>fweasley@hogwarts.co.uk</Email>
      </Author>
      <Author>
        <Name>George</Name>
        <Email>gweasley@hogwarts.co.uk</Email>
      </Author>
    </Authors>
    <name>Book2</name>
  </book>
  <book year="2014" isbn="ISBN83763550019---11">
    <Authors>
      <Author>
        <Name>Fred</Name>
        <Email>fweasley@hogwarts.co.uk</Email>
      </Author>
      <Author>
        <Name>George</Name>
        <Email>gweasley@hogwarts.co.uk</Email>
      </Author>
    </Authors>
    <name>Book1</name>
  </book>
  <book year="2014" isbn="ISBN83763550019---11">
    <Authors>
      <Author>
        <Name>Fred</Name>
        <Email>fweasley@hogwarts.co.uk</Email>
      </Author>
      <Author>
        <Name>George</Name>
        <Email>gweasley@hogwarts.co.uk</Email>
      </Author>
    </Authors>
    <name>Book2</name>
  </book>
  <book year="2014" isbn="ISBN83763550019---11">
    <Authors>
      <Author>
        <Name>Fred</Name>
        <Email>fweasley@hogwarts.co.uk</Email>
      </Author>
      <Author>
        <Name>George</Name>
        <Email>gweasley@hogwarts.co.uk</Email>
      </Author>
    </Authors>
    <name>Book1</name>
  </book>
  <book year="2014" isbn="ISBN83763550019---11">
    <Authors>
      <Author>
        <Name>Fred</Name>
        <Email>fweasley@hogwarts.co.uk</Email>
      </Author>
      <Author>
        <Name>George</Name>
        <Email>gweasley@hogwarts.co.uk</Email>
      </Author>
    </Authors>
    <name>Book2</name>
  </book>
  <book year="2014" isbn="ISBN83763550019---11">
    <Authors>
      <Author>
        <Name>Fred</Name>
        <Email>fweasley@hogwarts.co.uk</Email>
      </Author>
      <Author>
        <Name>George</Name>
        <Email>gweasley@hogwarts.co.uk</Email>
      </Author>
    </Authors>
    <name>Book1</name>
  </book>
  <book year="2014" isbn="ISBN83763550019---11">
    <Authors>
      <Author>
        <Name>Fred</Name>
        <Email>fweasley@hogwarts.co.uk</Email>
      </Author>
      <Author>
        <Name>George</Name>
        <Email>gweasley@hogwarts.co.uk</Email>
      </Author>
    </Authors>
    <name>Book2</name>
  </book>
  <book year="2014" isbn="ISBN83763550019---11">
    <Authors>
      <Author>
        <Name>Fred</Name>
        <Email>fweasley@hogwarts.co.uk</Email>
      </Author>
      <Author>
        <Name>George</Name>
        <Email>gweasley@hogwarts.co.uk</Email>
      </Author>
    </Authors>
    <name>Book1</name>
  </book>
  <book year="2014" isbn="ISBN83763550019---11">
    <Authors>
      <Author>
        <Name>Fred</Name>
        <Email>fweasley@hogwarts.co.uk</Email>
      </Author>
      <Author>
        <Name>George</Name>
        <Email>gweasley@hogwarts.co.uk</Email>
      </Author>
    </Authors>
    <name>Book2</name>
  </book>
  <book year="2014" isbn="ISBN83763550019---11">
    <Authors>
      <Author>
        <Name>Fred</Name>
        <Email>fweasley@hogwarts.co.uk</Email>
      </Author>
      <Author>
        <Name>George</Name>
        <Email>gweasley@hogwarts.co.uk</Email>
      </Author>
    </Authors>
    <name>Book1</name>
  </book>
  <book year="2014" isbn="ISBN83763550019---11">
    <Authors>
      <Author>
        <Name>Fred</Name>
        <Email>fweasley@hogwarts.co.uk</Email>
      </Author>
      <Author>
        <Name>George</Name>
        <Email>gweasley@hogwarts.co.uk</Email>
      </Author>
    </Authors>
    <name>Book2</name>
  </book>
  <book year="2014" isbn="ISBN83763550019---11">
    <Authors>
      <Author>
        <Name>Fred</Name>
        <Email>fweasley@hogwarts.co.uk</Email>
      </Author>
      <Author>
        <Name>George</Name>
        <Email>gweasley@hogwarts.co.uk</Email>
      </Author>
    </Authors>
    <name>Book1</name>
  </book>
  <book year="2014" isbn="ISBN83763550019---11">
    <Authors>
      <Author>
        <Name>Fred</Name>
        <Email>fweasley@hogwarts.co.uk</Email>
      </Author>
      <Author>
        <Name>George</Name>
        <Email>gweasley@hogwarts.co.uk</Email>
      </Author>
    </Authors>
    <name>Book2</name>
  </book>
  <book year="2014" isbn="ISBN83763550019---11">
    <Authors>
      <Author>
        <Name>Fred</Name>
        <Email>fweasley@hogwarts.co.uk</Email>
      </Author>
      <Author>
        <Name>George</Name>
        <Email>gweasley@hogwarts.co.uk</Email>
      </Author>
    </Authors>
    <name>Book1</name>
  </book>
  <book year="2014" isbn="ISBN83763550019---11">
    <Authors>
      <Author>
        <Name>Fred</Name>
        <Email>fweasley@hogwarts.co.uk</Email>
      </Author>
      <Author>
        <Name>George</Name>
        <Email>gweasley@hogwarts.co.uk</Email>
      </Author>
    </Authors>
    <name>Book2</name>
  </book>
  <book year="2014" isbn="ISBN83763550019---11">
    <Authors>
      <Author>
        <Name>Fred</Name>
        <Email>fweasley@hogwarts.co.uk</Email>
      </Author>
      <Author>
        <Name>George</Name>
        <Email>gweasley@hogwarts.co.uk</Email>
      </Author>
    </Authors>
    <name>Book1</name>
  </book>
  <book year="2014" isbn="ISBN83763550019---11">
    <Authors>
      <Author>
        <Name>Fred</Name>
        <Email>fweasley@hogwarts.co.uk</Email>
      </Author>
      <Author>
        <Name>George</Name>
        <Email>gweasley@hogwarts.co.uk</Email>
      </Author>
    </Authors>
    <name>Book2</name>
  </book>
  <book year="2014" isbn="ISBN83763550019---11">
    <Authors>
      <Author>
        <Name>Fred</Name>
        <Email>fweasley@hogwarts.co.uk</Email>
      </Author>
      <Author>
        <Name>George</Name>
        <Email>gweasley@hogwarts.co.uk</Email>
      </Author>
    </Authors>
    <name>Book1</name>
  </book>
  <book year="2014" isbn="ISBN83763550019---11">
    <Authors>
      <Author>
        <Name>Fred</Name>
        <Email>fweasley@hogwarts.co.uk</Email>
      </Author>
      <Author>
        <Name>George</Name>
        <Email>gweasley@hogwarts.co.uk</Email>
      </Author>
    </Authors>
    <name>Book2</name>
  </book>
  <book year="2014" isbn="ISBN83763550019---11">
    <Authors>
      <Author>
        <Name>Fred</Name>
        <Email>fweasley@hogwarts.co.uk</Email>
      </Author>
      <Author>
        <Name>George</Name>
        <Email>gweasley@hogwarts.co.uk</Email>
      </Author>
    </Authors>
    <name>Book1</name>
  </book>
  <book year="2014" isbn="ISBN83763550019---11">
    <Authors>
      <Author>
        <Name>Fred</Name>
        <Email>fweasley@hogwarts.co.uk</Email>
      </Author>
      <Author>
        <Name>George</Name>
        <Email>gweasley@hogwarts.co.uk</Email>
      </Author>
    </Authors>
    <name>Book2</name>
  </book>
  <book year="2014" isbn="ISBN83763550019---11">
    <Authors>
      <Author>
        <Name>Fred</Name>
        <Email>fweasley@hogwarts.co.uk</Email>
      </Author>
      <Author>
        <Name>George</Name>
        <Email>gweasley@hogwarts.co.uk</Email>
      </Author>
    </Authors>
    <name>Book1</name>
  </book>
  <book year="2014" isbn="ISBN83763550019---11">
    <Authors>
      <Author>
        <Name>Fred</Name>
        <Email>fweasley@hogwarts.co.uk</Email>
      </Author>
      <Author>
        <Name>George</Name>
        <Email>gweasley@hogwarts.co.uk</Email>
      </Author>
    </Authors>
    <name>Book2</name>
  </book>
  <book year="2014" isbn="ISBN83763550019---11">
    <Authors>
      <Author>
        <Name>Fred</Name>
        <Email>fweasley@hogwarts.co.uk</Email>
      </Author>
      <Author>
        <Name>George</Name>
        <Email>gweasley@hogwarts.co.uk</Email>
      </Author>
    </Authors>
    <name>Book1</name>
  </book>
  <book year="2014" isbn="ISBN83763550019---11">
    <Authors>
      <Author>
        <Name>Fred</Name>
        <Email>fweasley@hogwarts.co.uk</Email>
      </Author>
      <Author>
        <Name>George</Name>
        <Email>gweasley@hogwarts.co.uk</Email>
      </Author>
    </Authors>
    <name>Book2</name>
  </book>
  <book year="2014" isbn="ISBN83763550019---11">
    <Authors>
      <Author>
        <Name>Fred</Name>
        <Email>fweasley@hogwarts.co.uk</Email>
      </Author>
      <Author>
        <Name>George</Name>
        <Email>gweasley@hogwarts.co.uk</Email>
      </Author>
    </Authors>
    <name>Book1</name>
  </book>
  <book year="2014" isbn="ISBN83763550019---11">
    <Authors>
      <Author>
        <Name>Fred</Name>
        <Email>fweasley@hogwarts.co.uk</Email>
      </Author>
      <Author>
        <Name>George</Name>
        <Email>gweasley@hogwarts.co.uk</Email>
      </Author>
    </Authors>
    <name>Book2</name>
  </book>
  <book year="2014" isbn="ISBN83763550019---11">
    <Authors>
      <Author>
        <Name>Fred</Name>
        <Email>fweasley@hogwarts.co.uk</Email>
      </Author>
      <Author>
        <Name>George</Name>
        <Email>gweasley@hogwarts.co.uk</Email>
      </Author>
    </Authors>
    <name>Book1</name>
  </book>
  <book year="2014" isbn="ISBN83763550019---11">
    <Authors>
      <Author>
        <Name>Fred</Name>
        <Email>fweasley@hogwarts.co.uk</Email>
      </Author>
      <Author>
        <Name>George</Name>
        <Email>gweasley@hogwarts.co.uk</Email>
      </Author>
    </Authors>
    <name>Book2</name>
  </book>
  <book year="2014" isbn="ISBN83763550019---11">
    <Authors>
      <Author>
        <Name>Fred</Name>
        <Email>fweasley@hogwarts.co.uk</Email>
      </Author>
      <Author>
        <Name>George</Name>
        <Email>gweasley@hogwarts.co.uk</Email>
      </Author>
    </Authors>
    <name>Book1</name>
  </book>
  <book year="2014" isbn="ISBN83763550019---11">
    <Authors>
      <Author>
        <Name>Fred</Name>
        <Email>fweasley@hogwarts.co.uk</Email>
      </Author>
      <Author>
        <Name>George</Name>
        <Email>gweasley@hogwarts.co.uk</Email>
      </Author>
    </Authors>
    <name>Book2</name>
  </book>
  <book year="2014" isbn="ISBN83763550019---11">
    <Authors>
      <Author>
        <Name>Fred</Name>
        <Email>fweasley@hogwarts.co.uk</Email>
      </Author>
      <Author>
        <Name>George</Name>
        <Email>gweasley@hogwarts.co.uk</Email>
      </Author>
    </Authors>
    <name>Book1</name>
  </book>
  <book year="2014" isbn="ISBN83763550019---11">
    <Authors>
      <Author>
        <Name>Fred</Name>
        <Email>fweasley@hogwarts.co.uk</Email>
      </Author>
      <Author>
        <Name>George</Name>
        <Email>gweasley@hogwarts.co.uk</Email>
      </Author>
    </Authors>
    <name>Book2</name>
  </book>
  <book year="2014" isbn="ISBN83763550019---11">
    <Authors>
      <Author>
        <Name>Fred</Name>
        <Email>fweasley@hogwarts.co.uk</Email>
      </Author>
      <Author>
        <Name>George</Name>
        <Email>gweasley@hogwarts.co.uk</Email>
      </Author>
    </Authors>
    <name>Book1</name>
  </book>
  <book year="2014" isbn="ISBN83763550019---11">
    <Authors>
      <Author>
        <Name>Fred</Name>
        <Email>fweasley@hogwarts.co.uk</Email>
      </Author>
      <Author>
        <Name>George</Name>
        <Email>gweasley@hogwarts.co.uk</Email>
      </Author>
    </Authors>
    <name>Book2</name>
  </book>
  <book year="2014" isbn="ISBN83763550019---11">
    <Authors>
      <Author>
        <Name>Fred</Name>
        <Email>fweasley@hogwarts.co.uk</Email>
      </Author>
      <Author>
        <Name>George</Name>
        <Email>gweasley@hogwarts.co.uk</Email>
      </Author>
    </Authors>
    <name>Book1</name>
  </book>
  <book year="2014" isbn="ISBN83763550019---11">
    <Authors>
      <Author>
        <Name>Fred</Name>
        <Email>fweasley@hogwarts.co.uk</Email>
      </Author>
      <Author>
        <Name>George</Name>
        <Email>gweasley@hogwarts.co.uk</Email>
      </Author>
    </Authors>
    <name>Book2</name>
  </book>
  <book year="2014" isbn="ISBN83763550019---11">
    <Authors>
      <Author>
        <Name>Fred</Name>
        <Email>fweasley@hogwarts.co.uk</Email>
      </Author>
      <Author>
        <Name>George</Name>
        <Email>gweasley@hogwarts.co.uk</Email>
      </Author>
    </Authors>
    <name>Book1</name>
  </book>
  <book year="2014" isbn="ISBN83763550019---11">
    <Authors>
      <Author>
        <Name>Fred</Name>
        <Email>fweasley@hogwarts.co.uk</Email>
      </Author>
      <Author>
        <Name>George</Name>
        <Email>gweasley@hogwarts.co.uk</Email>
      </Author>
    </Authors>
    <name>Book2</name>
  </book>
  <book year="2014" isbn="ISBN83763550019---11">
    <Authors>
      <Author>
        <Name>Fred</Name>
        <Email>fweasley@hogwarts.co.uk</Email>
      </Author>
      <Author>
        <Name>George</Name>
        <Email>gweasley@hogwarts.co.uk</Email>
      </Author>
    </Authors>
    <name>Book1</name>
  </book>
  <book year="2014" isbn="ISBN83763550019---11">
    <Authors>
      <Author>
        <Name>Fred</Name>
        <Email>fweasley@hogwarts.co.uk</Email>
      </Author>
      <Author>
        <Name>George</Name>
        <Email>gweasley@hogwarts.co.uk</Email>
      </Author>
    </Authors>
    <name>Book2</name>
  </book>
  <book year="2014" isbn="ISBN83763550019---11">
    <Authors>
      <Author>
        <Name>Fred</Name>
        <Email>fweasley@hogwarts.co.uk</Email>
      </Author>
      <Author>
        <Name>George</Name>
        <Email>gweasley@hogwarts.co.uk</Email>
      </Author>
    </Authors>
    <name>Book1</name>
  </book>
  <book year="2014" isbn="ISBN83763550019---11">
    <Authors>
      <Author>
        <Name>Fred</Name>
        <Email>fweasley@hogwarts.co.uk</Email>
      </Author>
      <Author>
        <Name>George</Name>
        <Email>gweasley@hogwarts.co.uk</Email>
      </Author>
    </Authors>
    <name>Book2</name>
  </book>
  <book year="2014" isbn="ISBN83763550019---11">
    <Authors>
      <Author>
        <Name>Fred</Name>
        <Email>fweasley@hogwarts.co.uk</Email>
      </Author>
      <Author>
        <Name>George</Name>
        <Email>gweasley@hogwarts.co.uk</Email>
      </Author>
    </Authors>
    <name>Book1</name>
  </book>
  <book year="2014" isbn="ISBN83763550019---11">
    <Authors>
      <Author>
        <Name>Fred</Name>
        <Email>fweasley@hogwarts.co.uk</Email>
      </Author>
      <Author>
        <Name>George</Name>
        <Email>gweasley@hogwarts.co.uk</Email>
      </Author>
    </Authors>
    <name>Book2</name>
  </book>
  <book year="2014" isbn="ISBN83763550019---11">
    <Authors>
      <Author>
        <Name>Fred</Name>
        <Email>fweasley@hogwarts.co.uk</Email>
      </Author>
      <Author>
        <Name>George</Name>
        <Email>gweasley@hogwarts.co.uk</Email>
      </Author>
    </Authors>
    <name>Book1</name>
  </book>
  <book year="2014" isbn="ISBN83763550019---11">
    <Authors>
      <Author>
        <Name>Fred</Name>
        <Email>fweasley@hogwarts.co.uk</Email>
      </Author>
      <Author>
        <Name>George</Name>
        <Email>gweasley@hogwarts.co.uk</Email>
      </Author>
    </Authors>
    <name>Book2</name>
  </book>
  <book year="2014" isbn="ISBN83763550019---11">
    <Authors>
      <Author>
        <Name>Fred</Name>
        <Email>fweasley@hogwarts.co.uk</Email>
      </Author>
      <Author>
        <Name>George</Name>
        <Email>gweasley@hogwarts.co.uk</Email>
      </Author>
    </Authors>
    <name>Book1</name>
  </book>
  <book year="2014" isbn="ISBN83763550019---11">
    <Authors>
      <Author>
        <Name>Fred</Name>
        <Email>fweasley@hogwarts.co.uk</Email>
      </Author>
      <Author>
        <Name>George</Name>
        <Email>gweasley@hogwarts.co.uk</Email>
      </Author>
    </Authors>
    <name>Book2</name>
  </book>
  <book year="2014" isbn="ISBN83763550019---11">
    <Authors>
      <Author>
        <Name>Fred</Name>
        <Email>fweasley@hogwarts.co.uk</Email>
      </Author>
      <Author>
        <Name>George</Name>
        <Email>gweasley@hogwarts.co.uk</Email>
      </Author>
    </Authors>
    <name>Book1</name>
  </book>
  <book year="2014" isbn="ISBN83763550019---11">
    <Authors>
      <Author>
        <Name>Fred</Name>
        <Email>fweasley@hogwarts.co.uk</Email>
      </Author>
      <Author>
        <Name>George</Name>
        <Email>gweasley@hogwarts.co.uk</Email>
      </Author>
    </Authors>
    <name>Book2</name>
  </book>
  <book year="2014" isbn="ISBN83763550019---11">
    <Authors>
      <Author>
        <Name>Fred</Name>
        <Email>fweasley@hogwarts.co.uk</Email>
      </Author>
      <Author>
        <Name>George</Name>
        <Email>gweasley@hogwarts.co.uk</Email>
      </Author>
    </Authors>
    <name>Book1</name>
  </book>
  <book year="2014" isbn="ISBN83763550019---11">
    <Authors>
      <Author>
        <Name>Fred</Name>
        <Email>fweasley@hogwarts.co.uk</Email>
      </Author>
      <Author>
        <Name>George</Name>
        <Email>gweasley@hogwarts.co.uk</Email>
      </Author>
    </Authors>
    <name>Book2</name>
  </book>
  <book year="2014" isbn="ISBN83763550019---11">
    <Authors>
      <Author>
        <Name>Fred</Name>
        <Email>fweasley@hogwarts.co.uk</Email>
      </Author>
      <Author>
        <Name>George</Name>
        <Email>gweasley@hogwarts.co.uk</Email>
      </Author>
    </Authors>
    <name>Book1</name>
  </book>
  <book year="2014" isbn="ISBN83763550019---11">
    <Authors>
      <Author>
        <Name>Fred</Name>
        <Email>fweasley@hogwarts.co.uk</Email>
      </Author>
      <Author>
        <Name>George</Name>
        <Email>gweasley@hogwarts.co.uk</Email>
      </Author>
    </Authors>
    <name>Book2</name>
  </book>
  <book year="2014" isbn="ISBN83763550019---11">
    <Authors>
      <Author>
        <Name>Fred</Name>
        <Email>fweasley@hogwarts.co.uk</Email>
      </Author>
      <Author>
        <Name>George</Name>
        <Email>gweasley@hogwarts.co.uk</Email>
      </Author>
    </Authors>
    <name>Book1</name>
  </book>
  <book year="2014" isbn="ISBN83763550019---11">
    <Authors>
      <Author>
        <Name>Fred</Name>
        <Email>fweasley@hogwarts.co.uk</Email>
      </Author>
      <Author>
        <Name>George</Name>
        <Email>gweasley@hogwarts.co.uk</Email>
      </Author>
    </Authors>
    <name>Book2</name>
  </book>
  <book year="2014" isbn="ISBN83763550019---11">
    <Authors>
      <Author>
        <Name>Fred</Name>
        <Email>fweasley@hogwarts.co.uk</Email>
      </Author>
      <Author>
        <Name>George</Name>
        <Email>gweasley@hogwarts.co.uk</Email>
      </Author>
    </Authors>
    <name>Book1</name>
  </book>
  <book year="2014" isbn="ISBN83763550019---11">
    <Authors>
      <Author>
        <Name>Fred</Name>
        <Email>fweasley@hogwarts.co.uk</Email>
      </Author>
      <Author>
        <Name>George</Name>
        <Email>gweasley@hogwarts.co.uk</Email>
      </Author>
    </Authors>
    <name>Book2</name>
  </book>
  <book year="2014" isbn="ISBN83763550019---11">
    <Authors>
      <Author>
        <Name>Fred</Name>
        <Email>fweasley@hogwarts.co.uk</Email>
      </Author>
      <Author>
        <Name>George</Name>
        <Email>gweasley@hogwarts.co.uk</Email>
      </Author>
    </Authors>
    <name>Book1</name>
  </book>
  <book year="2014" isbn="ISBN83763550019---11">
    <Authors>
      <Author>
        <Name>Fred</Name>
        <Email>fweasley@hogwarts.co.uk</Email>
      </Author>
      <Author>
        <Name>George</Name>
        <Email>gweasley@hogwarts.co.uk</Email>
      </Author>
    </Authors>
    <name>Book2</name>
  </book>
  <book year="2014" isbn="ISBN83763550019---11">
    <Authors>
      <Author>
        <Name>Fred</Name>
        <Email>fweasley@hogwarts.co.uk</Email>
      </Author>
      <Author>
        <Name>George</Name>
        <Email>gweasley@hogwarts.co.uk</Email>
      </Author>
    </Authors>
    <name>Book1</name>
  </book>
  <book year="2014" isbn="ISBN83763550019---11">
    <Authors>
      <Author>
        <Name>Fred</Name>
        <Email>fweasley@hogwarts.co.uk</Email>
      </Author>
      <Author>
        <Name>George</Name>
        <Email>gweasley@hogwarts.co.uk</Email>
      </Author>
    </Authors>
    <name>Book2</name>
  </book>
  <book year="2014" isbn="ISBN83763550019---11">
    <Authors>
      <Author>
        <Name>Fred</Name>
        <Email>fweasley@hogwarts.co.uk</Email>
      </Author>
      <Author>
        <Name>George</Name>
        <Email>gweasley@hogwarts.co.uk</Email>
      </Author>
    </Authors>
    <name>Book1</name>
  </book>
  <book year="2014" isbn="ISBN83763550019---11">
    <Authors>
      <Author>
        <Name>Fred</Name>
        <Email>fweasley@hogwarts.co.uk</Email>
      </Author>
      <Author>
        <Name>George</Name>
        <Email>gweasley@hogwarts.co.uk</Email>
      </Author>
    </Authors>
    <name>Book2</name>
  </book>
  <book year="2014" isbn="ISBN83763550019---11">
    <Authors>
      <Author>
        <Name>Fred</Name>
        <Email>fweasley@hogwarts.co.uk</Email>
      </Author>
      <Author>
        <Name>George</Name>
        <Email>gweasley@hogwarts.co.uk</Email>
      </Author>
    </Authors>
    <name>Book1</name>
  </book>
  <book year="2014" isbn="ISBN83763550019---11">
    <Authors>
      <Author>
        <Name>Fred</Name>
        <Email>fweasley@hogwarts.co.uk</Email>
      </Author>
      <Author>
        <Name>George</Name>
        <Email>gweasley@hogwarts.co.uk</Email>
      </Author>
    </Authors>
    <name>Book2</name>
  </book>
  <book year="2014" isbn="ISBN83763550019---11">
    <Authors>
      <Author>
        <Name>Fred</Name>
        <Email>fweasley@hogwarts.co.uk</Email>
      </Author>
      <Author>
        <Name>George</Name>
        <Email>gweasley@hogwarts.co.uk</Email>
      </Author>
    </Authors>
    <name>Book1</name>
  </book>
  <book year="2014" isbn="ISBN83763550019---11">
    <Authors>
      <Author>
        <Name>Fred</Name>
        <Email>fweasley@hogwarts.co.uk</Email>
      </Author>
      <Author>
        <Name>George</Name>
        <Email>gweasley@hogwarts.co.uk</Email>
      </Author>
    </Authors>
    <name>Book2</name>
  </book>
  <book year="2014" isbn="ISBN83763550019---11">
    <Authors>
      <Author>
        <Name>Fred</Name>
        <Email>fweasley@hogwarts.co.uk</Email>
      </Author>
      <Author>
        <Name>George</Name>
        <Email>gweasley@hogwarts.co.uk</Email>
      </Author>
    </Authors>
    <name>Book1</name>
  </book>
  <book year="2014" isbn="ISBN83763550019---11">
    <Authors>
      <Author>
        <Name>Fred</Name>
        <Email>fweasley@hogwarts.co.uk</Email>
      </Author>
      <Author>
        <Name>George</Name>
        <Email>gweasley@hogwarts.co.uk</Email>
      </Author>
    </Authors>
    <name>Book2</name>
  </book>
  <book year="2014" isbn="ISBN83763550019---11">
    <Authors>
      <Author>
        <Name>Fred</Name>
        <Email>fweasley@hogwarts.co.uk</Email>
      </Author>
      <Author>
        <Name>George</Name>
        <Email>gweasley@hogwarts.co.uk</Email>
      </Author>
    </Authors>
    <name>Book1</name>
  </book>
  <book year="2014" isbn="ISBN83763550019---11">
    <Authors>
      <Author>
        <Name>Fred</Name>
        <Email>fweasley@hogwarts.co.uk</Email>
      </Author>
      <Author>
        <Name>George</Name>
        <Email>gweasley@hogwarts.co.uk</Email>
      </Author>
    </Authors>
    <name>Book2</name>
  </book>
  <book year="2014" isbn="ISBN83763550019---11">
    <Authors>
      <Author>
        <Name>Fred</Name>
        <Email>fweasley@hogwarts.co.uk</Email>
      </Author>
      <Author>
        <Name>George</Name>
        <Email>gweasley@hogwarts.co.uk</Email>
      </Author>
    </Authors>
    <name>Book1</name>
  </book>
  <book year="2014" isbn="ISBN83763550019---11">
    <Authors>
      <Author>
        <Name>Fred</Name>
        <Email>fweasley@hogwarts.co.uk</Email>
      </Author>
      <Author>
        <Name>George</Name>
        <Email>gweasley@hogwarts.co.uk</Email>
      </Author>
    </Authors>
    <name>Book2</name>
  </book>
  <book year="2014" isbn="ISBN83763550019---11">
    <Authors>
      <Author>
        <Name>Fred</Name>
        <Email>fweasley@hogwarts.co.uk</Email>
      </Author>
      <Author>
        <Name>George</Name>
        <Email>gweasley@hogwarts.co.uk</Email>
      </Author>
    </Authors>
    <name>Book1</name>
  </book>
  <book year="2014" isbn="ISBN83763550019---11">
    <Authors>
      <Author>
        <Name>Fred</Name>
        <Email>fweasley@hogwarts.co.uk</Email>
      </Author>
      <Author>
        <Name>George</Name>
        <Email>gweasley@hogwarts.co.uk</Email>
      </Author>
    </Authors>
    <name>Book2</name>
  </book>
  <book year="2014" isbn="ISBN83763550019---11">
    <Authors>
      <Author>
        <Name>Fred</Name>
        <Email>fweasley@hogwarts.co.uk</Email>
      </Author>
      <Author>
        <Name>George</Name>
        <Email>gweasley@hogwarts.co.uk</Email>
      </Author>
    </Authors>
    <name>Book1</name>
  </book>
  <book year="2014" isbn="ISBN83763550019---11">
    <Authors>
      <Author>
        <Name>Fred</Name>
        <Email>fweasley@hogwarts.co.uk</Email>
      </Author>
      <Author>
        <Name>George</Name>
        <Email>gweasley@hogwarts.co.uk</Email>
      </Author>
    </Authors>
    <name>Book2</name>
  </book>
  <book>
    <Authors>
      <Author>
        <Name>Fred</Name>
        <Email>fweasley@hogwarts.co.uk</Email>
      </Author>
      <Author>
        <Name>George</Name>
        <Email>gweasley@hogwarts.co.uk</Email>
      </Author>
    </Authors>
    <name>Book1</name>
  </book>
  <book>
    <Authors>
      <Author>
        <Name>Fred</Name>
        <Email>fweasley@hogwarts.co.uk</Email>
      </Author>
      <Author>
        <Name>George</Name>
        <Email>gweasley@hogwarts.co.uk</Email>
      </Author>
    </Authors>
    <name>Book1</name>
  </book>
  <book>
    <Authors>
      <Author>
        <Name>Fred</Name>
        <Email>fweasley@hogwarts.co.uk</Email>
      </Author>
      <Author>
        <Name>George</Name>
        <Email>gweasley@hogwarts.co.uk</Email>
      </Author>
    </Authors>
    <name>Book1</name>
  </book>
  <book>
    <Authors>
      <Author>
        <Name>Fred</Name>
        <Email>fweasley@hogwarts.co.uk</Email>
      </Author>
      <Author>
        <Name>George</Name>
        <Email>gweasley@hogwarts.co.uk</Email>
      </Author>
    </Authors>
    <name>Book1</name>
  </book>
  <book>
    <Authors>
      <Author>
        <Name>Fred</Name>
        <Email>fweasley@hogwarts.co.uk</Email>
      </Author>
      <Author>
        <Name>George</Name>
        <Email>gweasley@hogwarts.co.uk</Email>
      </Author>
    </Authors>
    <name>Book1</name>
  </book>
  <book>
    <Authors>
      <Author>
        <Name>Fred</Name>
        <Email>fweasley@hogwarts.co.uk</Email>
      </Author>
      <Author>
        <Name>George</Name>
        <Email>gweasley@hogwarts.co.uk</Email>
      </Author>
    </Authors>
    <name>Book1</name>
  </book>
  <book>
    <Authors>
      <Author>
        <Name>Fred</Name>
        <Email>fweasley@hogwarts.co.uk</Email>
      </Author>
      <Author>
        <Name>George</Name>
        <Email>gweasley@hogwarts.co.uk</Email>
      </Author>
    </Authors>
    <name>Book1</name>
  </book>
  <book>
    <Authors>
      <Author>
        <Name>Fred</Name>
        <Email>fweasley@hogwarts.co.uk</Email>
      </Author>
      <Author>
        <Name>George</Name>
        <Email>gweasley@hogwarts.co.uk</Email>
      </Author>
    </Authors>
    <name>Book1</name>
  </book>
  <book>
    <Authors>
      <Author>
        <Name>Fred</Name>
        <Email>fweasley@hogwarts.co.uk</Email>
      </Author>
      <Author>
        <Name>George</Name>
        <Email>gweasley@hogwarts.co.uk</Email>
      </Author>
    </Authors>
    <name>Book1</name>
  </book>
  <book>
    <Authors>
      <Author>
        <Name>Fred</Name>
        <Email>fweasley@hogwarts.co.uk</Email>
      </Author>
      <Author>
        <Name>George</Name>
        <Email>gweasley@hogwarts.co.uk</Email>
      </Author>
    </Authors>
    <name>Book1</name>
  </book>
  <book>
    <Authors>
      <Author>
        <Name>Fred</Name>
        <Email>fweasley@hogwarts.co.uk</Email>
      </Author>
      <Author>
        <Name>George</Name>
        <Email>gweasley@hogwarts.co.uk</Email>
      </Author>
    </Authors>
    <name>Book1</name>
  </book>
  <book>
    <Authors>
      <Author>
        <Name>Fred</Name>
        <Email>fweasley@hogwarts.co.uk</Email>
      </Author>
      <Author>
        <Name>George</Name>
        <Email>gweasley@hogwarts.co.uk</Email>
      </Author>
    </Authors>
    <name>Book1</name>
  </book>
  <book>
    <Authors>
      <Author>
        <Name>Fred</Name>
        <Email>fweasley@hogwarts.co.uk</Email>
      </Author>
      <Author>
        <Name>George</Name>
        <Email>gweasley@hogwarts.co.uk</Email>
      </Author>
    </Authors>
    <name>Book1</name>
  </book>
  <book>
    <Authors>
      <Author>
        <Name>Fred</Name>
        <Email>fweasley@hogwarts.co.uk</Email>
      </Author>
      <Author>
        <Name>George</Name>
        <Email>gweasley@hogwarts.co.uk</Email>
      </Author>
    </Authors>
    <name>Book1</name>
  </book>
  <book>
    <Authors>
      <Author>
        <Name>Fred</Name>
        <Email>fweasley@hogwarts.co.uk</Email>
      </Author>
      <Author>
        <Name>George</Name>
        <Email>gweasley@hogwarts.co.uk</Email>
      </Author>
    </Authors>
    <name>Book1</name>
  </book>
  <book>
    <Authors>
      <Author>
        <Name>Fred</Name>
        <Email>fweasley@hogwarts.co.uk</Email>
      </Author>
      <Author>
        <Name>George</Name>
        <Email>gweasley@hogwarts.co.uk</Email>
      </Author>
    </Authors>
    <name>Book1</name>
  </book>
  <book>
    <Authors>
      <Author>
        <Name>Fred</Name>
        <Email>fweasley@hogwarts.co.uk</Email>
      </Author>
      <Author>
        <Name>George</Name>
        <Email>gweasley@hogwarts.co.uk</Email>
      </Author>
    </Authors>
    <name>Book1</name>
  </book>
  <book>
    <Authors>
      <Author>
        <Name>Fred</Name>
        <Email>fweasley@hogwarts.co.uk</Email>
      </Author>
      <Author>
        <Name>George</Name>
        <Email>gweasley@hogwarts.co.uk</Email>
      </Author>
    </Authors>
    <name>Book1</name>
  </book>
  <book>
    <Authors>
      <Author>
        <Name>Fred</Name>
        <Email>fweasley@hogwarts.co.uk</Email>
      </Author>
      <Author>
        <Name>George</Name>
        <Email>gweasley@hogwarts.co.uk</Email>
      </Author>
    </Authors>
    <name>Book1</name>
  </book>
  <book>
    <Authors>
      <Author>
        <Name>Fred</Name>
        <Email>fweasley@hogwarts.co.uk</Email>
      </Author>
      <Author>
        <Name>George</Name>
        <Email>gweasley@hogwarts.co.uk</Email>
      </Author>
    </Authors>
    <name>Book1</name>
  </book>
  <book>
    <Authors>
      <Author>
        <Name>Fred</Name>
        <Email>fweasley@hogwarts.co.uk</Email>
      </Author>
      <Author>
        <Name>George</Name>
        <Email>gweasley@hogwarts.co.uk</Email>
      </Author>
    </Authors>
    <name>Book1</name>
  </book>
  <book>
    <Authors>
      <Author>
        <Name>Fred</Name>
        <Email>fweasley@hogwarts.co.uk</Email>
      </Author>
      <Author>
        <Name>George</Name>
        <Email>gweasley@hogwarts.co.uk</Email>
      </Author>
    </Authors>
    <name>Book1</name>
  </book>
  <book>
    <Authors>
      <Author>
        <Name>Fred</Name>
        <Email>fweasley@hogwarts.co.uk</Email>
      </Author>
      <Author>
        <Name>George</Name>
        <Email>gweasley@hogwarts.co.uk</Email>
      </Author>
    </Authors>
    <name>Book1</name>
  </book>
  <book>
    <Authors>
      <Author>
        <Name>Fred</Name>
        <Email>fweasley@hogwarts.co.uk</Email>
      </Author>
      <Author>
        <Name>George</Name>
        <Email>gweasley@hogwarts.co.uk</Email>
      </Author>
    </Authors>
    <name>Book1</name>
  </book>
  <book>
    <Authors>
      <Author>
        <Name>Fred</Name>
        <Email>fweasley@hogwarts.co.uk</Email>
      </Author>
      <Author>
        <Name>George</Name>
        <Email>gweasley@hogwarts.co.uk</Email>
      </Author>
    </Authors>
    <name>Book1</name>
  </book>
  <book>
    <Authors>
      <Author>
        <Name>Fred</Name>
        <Email>fweasley@hogwarts.co.uk</Email>
      </Author>
      <Author>
        <Name>George</Name>
        <Email>gweasley@hogwarts.co.uk</Email>
      </Author>
    </Authors>
    <name>Book1</name>
  </book>
  <book>
    <Authors>
      <Author>
        <Name>Fred</Name>
        <Email>fweasley@hogwarts.co.uk</Email>
      </Author>
      <Author>
        <Name>George</Name>
        <Email>gweasley@hogwarts.co.uk</Email>
      </Author>
    </Authors>
    <name>Book1</name>
  </book>
  <book>
    <Authors>
      <Author>
        <Name>Fred</Name>
        <Email>fweasley@hogwarts.co.uk</Email>
      </Author>
      <Author>
        <Name>George</Name>
        <Email>gweasley@hogwarts.co.uk</Email>
      </Author>
    </Authors>
    <name>Book1</name>
  </book>
  <book>
    <Authors>
      <Author>
        <Name>Fred</Name>
        <Email>fweasley@hogwarts.co.uk</Email>
      </Author>
      <Author>
        <Name>George</Name>
        <Email>gweasley@hogwarts.co.uk</Email>
      </Author>
    </Authors>
    <name>Book1</name>
  </book>
  <book>
    <Authors>
      <Author>
        <Name>Fred</Name>
        <Email>fweasley@hogwarts.co.uk</Email>
      </Author>
      <Author>
        <Name>George</Name>
        <Email>gweasley@hogwarts.co.uk</Email>
      </Author>
    </Authors>
    <name>Book1</name>
  </book>
  <book>
    <Authors>
      <Author>
        <Name>Fred</Name>
        <Email>fweasley@hogwarts.co.uk</Email>
      </Author>
      <Author>
        <Name>George</Name>
        <Email>gweasley@hogwarts.co.uk</Email>
      </Author>
    </Authors>
    <name>Book1</name>
  </book>
  <book>
    <Authors>
      <Author>
        <Name>Fred</Name>
        <Email>fweasley@hogwarts.co.uk</Email>
      </Author>
      <Author>
        <Name>George</Name>
        <Email>gweasley@hogwarts.co.uk</Email>
      </Author>
    </Authors>
    <name>Book1</name>
  </book>
  <book>
    <Authors>
      <Author>
        <Name>Fred</Name>
        <Email>fweasley@hogwarts.co.uk</Email>
      </Author>
      <Author>
        <Name>George</Name>
        <Email>gweasley@hogwarts.co.uk</Email>
      </Author>
    </Authors>
    <name>Book1</name>
  </book>
  <book>
    <Authors>
      <Author>
        <Name>Fred</Name>
        <Email>fweasley@hogwarts.co.uk</Email>
      </Author>
      <Author>
        <Name>George</Name>
        <Email>gweasley@hogwarts.co.uk</Email>
      </Author>
    </Authors>
    <name>Book1</name>
  </book>
  <book>
    <Authors>
      <Author>
        <Name>Fred</Name>
        <Email>fweasley@hogwarts.co.uk</Email>
      </Author>
      <Author>
        <Name>George</Name>
        <Email>gweasley@hogwarts.co.uk</Email>
      </Author>
    </Authors>
    <name>Book1</name>
  </book>
  <book>
    <Authors>
      <Author>
        <Name>Fred</Name>
        <Email>fweasley@hogwarts.co.uk</Email>
      </Author>
      <Author>
        <Name>George</Name>
        <Email>gweasley@hogwarts.co.uk</Email>
      </Author>
    </Authors>
    <name>Book1</name>
  </book>
  <book>
    <Authors>
      <Author>
        <Name>Fred</Name>
        <Email>fweasley@hogwarts.co.uk</Email>
      </Author>
      <Author>
        <Name>George</Name>
        <Email>gweasley@hogwarts.co.uk</Email>
      </Author>
    </Authors>
    <name>Book1</name>
  </book>
  <book>
    <Authors>
      <Author>
        <Name>Fred</Name>
        <Email>fweasley@hogwarts.co.uk</Email>
      </Author>
      <Author>
        <Name>George</Name>
        <Email>gweasley@hogwarts.co.uk</Email>
      </Author>
    </Authors>
    <name>Book1</name>
  </book>
  <book>
    <Authors>
      <Author>
        <Name>Fred</Name>
        <Email>fweasley@hogwarts.co.uk</Email>
      </Author>
      <Author>
        <Name>George</Name>
        <Email>gweasley@hogwarts.co.uk</Email>
      </Author>
    </Authors>
    <name>Book1</name>
  </book>
  <book>
    <Authors>
      <Author>
        <Name>Fred</Name>
        <Email>fweasley@hogwarts.co.uk</Email>
      </Author>
      <Author>
        <Name>George</Name>
        <Email>gweasley@hogwarts.co.uk</Email>
      </Author>
    </Authors>
    <name>Book1</name>
  </book>
  <book>
    <Authors>
      <Author>
        <Name>Fred</Name>
        <Email>fweasley@hogwarts.co.uk</Email>
      </Author>
      <Author>
        <Name>George</Name>
        <Email>gweasley@hogwarts.co.uk</Email>
      </Author>
    </Authors>
    <name>Book1</name>
  </book>
  <book>
    <Authors>
      <Author>
        <Name>Fred</Name>
        <Email>fweasley@hogwarts.co.uk</Email>
      </Author>
      <Author>
        <Name>George</Name>
        <Email>gweasley@hogwarts.co.uk</Email>
      </Author>
    </Authors>
    <name>Book1</name>
  </book>
  <book>
    <Authors>
      <Author>
        <Name>Fred</Name>
        <Email>fweasley@hogwarts.co.uk</Email>
      </Author>
      <Author>
        <Name>George</Name>
        <Email>gweasley@hogwarts.co.uk</Email>
      </Author>
    </Authors>
    <name>Book1</name>
  </book>
  <book>
    <Authors>
      <Author>
        <Name>Fred</Name>
        <Email>fweasley@hogwarts.co.uk</Email>
      </Author>
      <Author>
        <Name>George</Name>
        <Email>gweasley@hogwarts.co.uk</Email>
      </Author>
    </Authors>
    <name>Book1</name>
  </book>
  <book>
    <Authors>
      <Author>
        <Name>Fred</Name>
        <Email>fweasley@hogwarts.co.uk</Email>
      </Author>
      <Author>
        <Name>George</Name>
        <Email>gweasley@hogwarts.co.uk</Email>
      </Author>
    </Authors>
    <name>Book1</name>
  </book>
  <book>
    <Authors>
      <Author>
        <Name>Fred</Name>
        <Email>fweasley@hogwarts.co.uk</Email>
      </Author>
      <Author>
        <Name>George</Name>
        <Email>gweasley@hogwarts.co.uk</Email>
      </Author>
    </Authors>
    <name>Book1</name>
  </book>
  <book>
    <Authors>
      <Author>
        <Name>Fred</Name>
        <Email>fweasley@hogwarts.co.uk</Email>
      </Author>
      <Author>
        <Name>George</Name>
        <Email>gweasley@hogwarts.co.uk</Email>
      </Author>
    </Authors>
    <name>Book1</name>
  </book>
  <book>
    <Authors>
      <Author>
        <Name>Fred</Name>
        <Email>fweasley@hogwarts.co.uk</Email>
      </Author>
      <Author>
        <Name>George</Name>
        <Email>gweasley@hogwarts.co.uk</Email>
      </Author>
    </Authors>
    <name>Book1</name>
  </book>
  <book>
    <Authors>
      <Author>
        <Name>Fred</Name>
        <Email>fweasley@hogwarts.co.uk</Email>
      </Author>
      <Author>
        <Name>George</Name>
        <Email>gweasley@hogwarts.co.uk</Email>
      </Author>
    </Authors>
    <name>Book1</name>
  </book>
  <book>
    <Authors>
      <Author>
        <Name>Fred</Name>
        <Email>fweasley@hogwarts.co.uk</Email>
      </Author>
      <Author>
        <Name>George</Name>
        <Email>gweasley@hogwarts.co.uk</Email>
      </Author>
    </Authors>
    <name>Book1</name>
  </book>
  <book>
    <Authors>
      <Author>
        <Name>Fred</Name>
        <Email>fweasley@hogwarts.co.uk</Email>
      </Author>
      <Author>
        <Name>George</Name>
        <Email>gweasley@hogwarts.co.uk</Email>
      </Author>
    </Authors>
    <name>Book1</name>
  </book>
  <book>
    <Authors>
      <Author>
        <Name>Fred</Name>
        <Email>fweasley@hogwarts.co.uk</Email>
      </Author>
      <Author>
        <Name>George</Name>
        <Email>gweasley@hogwarts.co.uk</Email>
      </Author>
    </Authors>
    <name>Book1</name>
  </book>
  <book>
    <Authors>
      <Author>
        <Name>Fred</Name>
        <Email>fweasley@hogwarts.co.uk</Email>
      </Author>
      <Author>
        <Name>George</Name>
        <Email>gweasley@hogwarts.co.uk</Email>
      </Author>
    </Authors>
    <name>Book1</name>
  </book>
  <book>
    <Authors>
      <Author>
        <Name>Fred</Name>
        <Email>fweasley@hogwarts.co.uk</Email>
      </Author>
      <Author>
        <Name>George</Name>
        <Email>gweasley@hogwarts.co.uk</Email>
      </Author>
    </Authors>
    <name>Book1</name>
  </book>
  <book>
    <Authors>
      <Author>
        <Name>Fred</Name>
        <Email>fweasley@hogwarts.co.uk</Email>
      </Author>
      <Author>
        <Name>George</Name>
        <Email>gweasley@hogwarts.co.uk</Email>
      </Author>
    </Authors>
    <name>Book1</name>
  </book>
  <book>
    <Authors>
      <Author>
        <Name>Fred</Name>
        <Email>fweasley@hogwarts.co.uk</Email>
      </Author>
      <Author>
        <Name>George</Name>
        <Email>gweasley@hogwarts.co.uk</Email>
      </Author>
    </Authors>
    <name>Book1</name>
  </book>
  <book>
    <Authors>
      <Author>
        <Name>Fred</Name>
        <Email>fweasley@hogwarts.co.uk</Email>
      </Author>
      <Author>
        <Name>George</Name>
        <Email>gweasley@hogwarts.co.uk</Email>
      </Author>
    </Authors>
    <name>Book1</name>
  </book>
  <book>
    <Authors>
      <Author>
        <Name>Fred</Name>
        <Email>fweasley@hogwarts.co.uk</Email>
      </Author>
      <Author>
        <Name>George</Name>
        <Email>gweasley@hogwarts.co.uk</Email>
      </Author>
    </Authors>
    <name>Book1</name>
  </book>
  <book>
    <Authors>
      <Author>
        <Name>Fred</Name>
        <Email>fweasley@hogwarts.co.uk</Email>
      </Author>
      <Author>
        <Name>George</Name>
        <Email>gweasley@hogwarts.co.uk</Email>
      </Author>
    </Authors>
    <name>Book1</name>
  </book>
  <book>
    <Authors>
      <Author>
        <Name>Fred</Name>
        <Email>fweasley@hogwarts.co.uk</Email>
      </Author>
      <Author>
        <Name>George</Name>
        <Email>gweasley@hogwarts.co.uk</Email>
      </Author>
    </Authors>
    <name>Book1</name>
  </book>
  <book>
    <Authors>
      <Author>
        <Name>Fred</Name>
        <Email>fweasley@hogwarts.co.uk</Email>
      </Author>
      <Author>
        <Name>George</Name>
        <Email>gweasley@hogwarts.co.uk</Email>
      </Author>
    </Authors>
    <name>Book1</name>
  </book>
  <book>
    <Authors>
      <Author>
        <Name>Fred</Name>
        <Email>fweasley@hogwarts.co.uk</Email>
      </Author>
      <Author>
        <Name>George</Name>
        <Email>gweasley@hogwarts.co.uk</Email>
      </Author>
    </Authors>
    <name>Book1</name>
  </book>
  <book>
    <Authors>
      <Author>
        <Name>Fred</Name>
        <Email>fweasley@hogwarts.co.uk</Email>
      </Author>
      <Author>
        <Name>George</Name>
        <Email>gweasley@hogwarts.co.uk</Email>
      </Author>
    </Authors>
    <name>Book1</name>
  </book>
  <book>
    <Authors>
      <Author>
        <Name>Fred</Name>
        <Email>fweasley@hogwarts.co.uk</Email>
      </Author>
      <Author>
        <Name>George</Name>
        <Email>gweasley@hogwarts.co.uk</Email>
      </Author>
    </Authors>
    <name>Book1</name>
  </book>
  <book>
    <Authors>
      <Author>
        <Name>Fred</Name>
        <Email>fweasley@hogwarts.co.uk</Email>
      </Author>
      <Author>
        <Name>George</Name>
        <Email>gweasley@hogwarts.co.uk</Email>
      </Author>
    </Authors>
    <name>Book1</name>
  </book>
  <book>
    <Authors>
      <Author>
        <Name>Fred</Name>
        <Email>fweasley@hogwarts.co.uk</Email>
      </Author>
      <Author>
        <Name>George</Name>
        <Email>gweasley@hogwarts.co.uk</Email>
      </Author>
    </Authors>
    <name>Book1</name>
  </book>
  <book>
    <Authors>
      <Author>
        <Name>Fred</Name>
        <Email>fweasley@hogwarts.co.uk</Email>
      </Author>
      <Author>
        <Name>George</Name>
        <Email>gweasley@hogwarts.co.uk</Email>
      </Author>
    </Authors>
    <name>Book1</name>
  </book>
  <book>
    <Authors>
      <Author>
        <Name>Fred</Name>
        <Email>fweasley@hogwarts.co.uk</Email>
      </Author>
      <Author>
        <Name>George</Name>
        <Email>gweasley@hogwarts.co.uk</Email>
      </Author>
    </Authors>
    <name>Book1</name>
  </book>
  <book>
    <Authors>
      <Author>
        <Name>Fred</Name>
        <Email>fweasley@hogwarts.co.uk</Email>
      </Author>
      <Author>
        <Name>George</Name>
        <Email>gweasley@hogwarts.co.uk</Email>
      </Author>
    </Authors>
    <name>Book1</name>
  </book>
  <book>
    <Authors>
      <Author>
        <Name>Fred</Name>
        <Email>fweasley@hogwarts.co.uk</Email>
      </Author>
      <Author>
        <Name>George</Name>
        <Email>gweasley@hogwarts.co.uk</Email>
      </Author>
    </Authors>
    <name>Book1</name>
  </book>
  <book>
    <Authors>
      <Author>
        <Name>Fred</Name>
        <Email>fweasley@hogwarts.co.uk</Email>
      </Author>
      <Author>
        <Name>George</Name>
        <Email>gweasley@hogwarts.co.uk</Email>
      </Author>
    </Authors>
    <name>Book1</name>
  </book>
  <book>
    <Authors>
      <Author>
        <Name>Fred</Name>
        <Email>fweasley@hogwarts.co.uk</Email>
      </Author>
      <Author>
        <Name>George</Name>
        <Email>gweasley@hogwarts.co.uk</Email>
      </Author>
    </Authors>
    <name>Book1</name>
  </book>
  <book>
    <Authors>
      <Author>
        <Name>Fred</Name>
        <Email>fweasley@hogwarts.co.uk</Email>
      </Author>
      <Author>
        <Name>George</Name>
        <Email>gweasley@hogwarts.co.uk</Email>
      </Author>
    </Authors>
    <name>Book1</name>
  </book>
  <book>
    <Authors>
      <Author>
        <Name>Fred</Name>
        <Email>fweasley@hogwarts.co.uk</Email>
      </Author>
      <Author>
        <Name>George</Name>
        <Email>gweasley@hogwarts.co.uk</Email>
      </Author>
    </Authors>
    <name>Book1</name>
  </book>
  <book>
    <Authors>
      <Author>
        <Name>Fred</Name>
        <Email>fweasley@hogwarts.co.uk</Email>
      </Author>
      <Author>
        <Name>George</Name>
        <Email>gweasley@hogwarts.co.uk</Email>
      </Author>
    </Authors>
    <name>Book1</name>
  </book>
  <book>
    <Authors>
      <Author>
        <Name>Fred</Name>
        <Email>fweasley@hogwarts.co.uk</Email>
      </Author>
      <Author>
        <Name>George</Name>
        <Email>gweasley@hogwarts.co.uk</Email>
      </Author>
    </Authors>
    <name>Book1</name>
  </book>
  <book>
    <Authors>
      <Author>
        <Name>Fred</Name>
        <Email>fweasley@hogwarts.co.uk</Email>
      </Author>
      <Author>
        <Name>George</Name>
        <Email>gweasley@hogwarts.co.uk</Email>
      </Author>
    </Authors>
    <name>Book1</name>
  </book>
  <book>
    <Authors>
      <Author>
        <Name>Fred</Name>
        <Email>fweasley@hogwarts.co.uk</Email>
      </Author>
      <Author>
        <Name>George</Name>
        <Email>gweasley@hogwarts.co.uk</Email>
      </Author>
    </Authors>
    <name>Book1</name>
  </book>
  <book>
    <Authors>
      <Author>
        <Name>Fred</Name>
        <Email>fweasley@hogwarts.co.uk</Email>
      </Author>
      <Author>
        <Name>George</Name>
        <Email>gweasley@hogwarts.co.uk</Email>
      </Author>
    </Authors>
    <name>Book1</name>
  </book>
  <book>
    <Authors>
      <Author>
        <Name>Fred</Name>
        <Email>fweasley@hogwarts.co.uk</Email>
      </Author>
      <Author>
        <Name>George</Name>
        <Email>gweasley@hogwarts.co.uk</Email>
      </Author>
    </Authors>
    <name>Book1</name>
  </book>
  <book>
    <Authors>
      <Author>
        <Name>Fred</Name>
        <Email>fweasley@hogwarts.co.uk</Email>
      </Author>
      <Author>
        <Name>George</Name>
        <Email>gweasley@hogwarts.co.uk</Email>
      </Author>
    </Authors>
    <name>Book1</name>
  </book>
  <book>
    <Authors>
      <Author>
        <Name>Fred</Name>
        <Email>fweasley@hogwarts.co.uk</Email>
      </Author>
      <Author>
        <Name>George</Name>
        <Email>gweasley@hogwarts.co.uk</Email>
      </Author>
    </Authors>
    <name>Book1</name>
  </book>
  <book>
    <Authors>
      <Author>
        <Name>Fred</Name>
        <Email>fweasley@hogwarts.co.uk</Email>
      </Author>
      <Author>
        <Name>George</Name>
        <Email>gweasley@hogwarts.co.uk</Email>
      </Author>
    </Authors>
    <name>Book1</name>
  </book>
  <book>
    <Authors>
      <Author>
        <Name>Fred</Name>
        <Email>fweasley@hogwarts.co.uk</Email>
      </Author>
      <Author>
        <Name>George</Name>
        <Email>gweasley@hogwarts.co.uk</Email>
      </Author>
    </Authors>
    <name>Book1</name>
  </book>
  <book>
    <Authors>
      <Author>
        <Name>Fred</Name>
        <Email>fweasley@hogwarts.co.uk</Email>
      </Author>
      <Author>
        <Name>George</Name>
        <Email>gweasley@hogwarts.co.uk</Email>
      </Author>
    </Authors>
    <name>Book1</name>
  </book>
  <book>
    <Authors>
      <Author>
        <Name>Fred</Name>
        <Email>fweasley@hogwarts.co.uk</Email>
      </Author>
      <Author>
        <Name>George</Name>
        <Email>gweasley@hogwarts.co.uk</Email>
      </Author>
    </Authors>
    <name>Book1</name>
  </book>
  <book>
    <Authors>
      <Author>
        <Name>Fred</Name>
        <Email>fweasley@hogwarts.co.uk</Email>
      </Author>
      <Author>
        <Name>George</Name>
        <Email>gweasley@hogwarts.co.uk</Email>
      </Author>
    </Authors>
    <name>Book1</name>
  </book>
  <book>
    <Authors>
      <Author>
        <Name>Fred</Name>
        <Email>fweasley@hogwarts.co.uk</Email>
      </Author>
      <Author>
        <Name>George</Name>
        <Email>gweasley@hogwarts.co.uk</Email>
      </Author>
    </Authors>
    <name>Book1</name>
  </book>
  <book>
    <Authors>
      <Author>
        <Name>Fred</Name>
        <Email>fweasley@hogwarts.co.uk</Email>
      </Author>
      <Author>
        <Name>George</Name>
        <Email>gweasley@hogwarts.co.uk</Email>
      </Author>
    </Authors>
    <name>Book1</name>
  </book>
  <book>
    <Authors>
      <Author>
        <Name>Fred</Name>
        <Email>fweasley@hogwarts.co.uk</Email>
      </Author>
      <Author>
        <Name>George</Name>
        <Email>gweasley@hogwarts.co.uk</Email>
      </Author>
    </Authors>
    <name>Book1</name>
  </book>
  <book>
    <Authors>
      <Author>
        <Name>Fred</Name>
        <Email>fweasley@hogwarts.co.uk</Email>
      </Author>
      <Author>
        <Name>George</Name>
        <Email>gweasley@hogwarts.co.uk</Email>
      </Author>
    </Authors>
    <name>Book1</name>
  </book>
  <book>
    <Authors>
      <Author>
        <Name>Fred</Name>
        <Email>fweasley@hogwarts.co.uk</Email>
      </Author>
      <Author>
        <Name>George</Name>
        <Email>gweasley@hogwarts.co.uk</Email>
      </Author>
    </Authors>
    <name>Book1</name>
  </book>
  <book>
    <Authors>
      <Author>
        <Name>Fred</Name>
        <Email>fweasley@hogwarts.co.uk</Email>
      </Author>
      <Author>
        <Name>George</Name>
        <Email>gweasley@hogwarts.co.uk</Email>
      </Author>
    </Authors>
    <name>Book1</name>
  </book>
  <book>
    <Authors>
      <Author>
        <Name>Fred</Name>
        <Email>fweasley@hogwarts.co.uk</Email>
      </Author>
      <Author>
        <Name>George</Name>
        <Email>gweasley@hogwarts.co.uk</Email>
      </Author>
    </Authors>
    <name>Book1</name>
  </book>
  <book>
    <Authors>
      <Author>
        <Name>Fred</Name>
        <Email>fweasley@hogwarts.co.uk</Email>
      </Author>
      <Author>
        <Name>George</Name>
        <Email>gweasley@hogwarts.co.uk</Email>
      </Author>
    </Authors>
    <name>Book1</name>
  </book>
  <book>
    <Authors>
      <Author>
        <Name>Fred</Name>
        <Email>fweasley@hogwarts.co.uk</Email>
      </Author>
      <Author>
        <Name>George</Name>
        <Email>gweasley@hogwarts.co.uk</Email>
      </Author>
    </Authors>
    <name>Book1</name>
  </book>
  <book>
    <Authors>
      <Author>
        <Name>Fred</Name>
        <Email>fweasley@hogwarts.co.uk</Email>
      </Author>
      <Author>
        <Name>George</Name>
        <Email>gweasley@hogwarts.co.uk</Email>
      </Author>
    </Authors>
    <name>Book1</name>
  </book>
  <book>
    <Authors>
      <Author>
        <Name>Fred</Name>
        <Email>fweasley@hogwarts.co.uk</Email>
      </Author>
      <Author>
        <Name>George</Name>
        <Email>gweasley@hogwarts.co.uk</Email>
      </Author>
    </Authors>
    <name>Book1</name>
  </book>
  <book>
    <Authors>
      <Author>
        <Name>Fred</Name>
        <Email>fweasley@hogwarts.co.uk</Email>
      </Author>
      <Author>
        <Name>George</Name>
        <Email>gweasley@hogwarts.co.uk</Email>
      </Author>
    </Authors>
    <name>Book1</name>
  </book>
  <book>
    <Authors>
      <Author>
        <Name>Fred</Name>
        <Email>fweasley@hogwarts.co.uk</Email>
      </Author>
      <Author>
        <Name>George</Name>
        <Email>gweasley@hogwarts.co.uk</Email>
      </Author>
    </Authors>
    <name>Book1</name>
  </book>
  <book>
    <Authors>
      <Author>
        <Name>Fred</Name>
        <Email>fweasley@hogwarts.co.uk</Email>
      </Author>
      <Author>
        <Name>George</Name>
        <Email>gweasley@hogwarts.co.uk</Email>
      </Author>
    </Authors>
    <name>Book1</name>
  </book>
  <book>
    <Authors>
      <Author>
        <Name>Fred</Name>
        <Email>fweasley@hogwarts.co.uk</Email>
      </Author>
      <Author>
        <Name>George</Name>
        <Email>gweasley@hogwarts.co.uk</Email>
      </Author>
    </Authors>
    <name>Book1</name>
  </book>
  <book>
    <Authors>
      <Author>
        <Name>Fred</Name>
        <Email>fweasley@hogwarts.co.uk</Email>
      </Author>
      <Author>
        <Name>George</Name>
        <Email>gweasley@hogwarts.co.uk</Email>
      </Author>
    </Authors>
    <name>Book1</name>
  </book>
  <book>
    <Authors>
      <Author>
        <Name>Fred</Name>
        <Email>fweasley@hogwarts.co.uk</Email>
      </Author>
      <Author>
        <Name>George</Name>
        <Email>gweasley@hogwarts.co.uk</Email>
      </Author>
    </Authors>
    <name>Book1</name>
  </book>
  <book>
    <Authors>
      <Author>
        <Name>Fred</Name>
        <Email>fweasley@hogwarts.co.uk</Email>
      </Author>
      <Author>
        <Name>George</Name>
        <Email>gweasley@hogwarts.co.uk</Email>
      </Author>
    </Authors>
    <name>Book1</name>
  </book>
  <book>
    <Authors>
      <Author>
        <Name>Fred</Name>
        <Email>fweasley@hogwarts.co.uk</Email>
      </Author>
      <Author>
        <Name>George</Name>
        <Email>gweasley@hogwarts.co.uk</Email>
      </Author>
    </Authors>
    <name>Book1</name>
  </book>
  <book>
    <Authors>
      <Author>
        <Name>Fred</Name>
        <Email>fweasley@hogwarts.co.uk</Email>
      </Author>
      <Author>
        <Name>George</Name>
        <Email>gweasley@hogwarts.co.uk</Email>
      </Author>
    </Authors>
    <name>Book1</name>
  </book>
  <book>
    <Authors>
      <Author>
        <Name>Fred</Name>
        <Email>fweasley@hogwarts.co.uk</Email>
      </Author>
      <Author>
        <Name>George</Name>
        <Email>gweasley@hogwarts.co.uk</Email>
      </Author>
    </Authors>
    <name>Book1</name>
  </book>
  <book>
    <Authors>
      <Author>
        <Name>Fred</Name>
        <Email>fweasley@hogwarts.co.uk</Email>
      </Author>
      <Author>
        <Name>George</Name>
        <Email>gweasley@hogwarts.co.uk</Email>
      </Author>
    </Authors>
    <name>Book1</name>
  </book>
  <book>
    <Authors>
      <Author>
        <Name>Fred</Name>
        <Email>fweasley@hogwarts.co.uk</Email>
      </Author>
      <Author>
        <Name>George</Name>
        <Email>gweasley@hogwarts.co.uk</Email>
      </Author>
    </Authors>
    <name>Book1</name>
  </book>
  <book>
    <Authors>
      <Author>
        <Name>Fred</Name>
        <Email>fweasley@hogwarts.co.uk</Email>
      </Author>
      <Author>
        <Name>George</Name>
        <Email>gweasley@hogwarts.co.uk</Email>
      </Author>
    </Authors>
    <name>Book1</name>
  </book>
  <book>
    <Authors>
      <Author>
        <Name>Fred</Name>
        <Email>fweasley@hogwarts.co.uk</Email>
      </Author>
      <Author>
        <Name>George</Name>
        <Email>gweasley@hogwarts.co.uk</Email>
      </Author>
    </Authors>
    <name>Book1</name>
  </book>
  <book>
    <Authors>
      <Author>
        <Name>Fred</Name>
        <Email>fweasley@hogwarts.co.uk</Email>
      </Author>
      <Author>
        <Name>George</Name>
        <Email>gweasley@hogwarts.co.uk</Email>
      </Author>
    </Authors>
    <name>Book1</name>
  </book>
  <book>
    <Authors>
      <Author>
        <Name>Fred</Name>
        <Email>fweasley@hogwarts.co.uk</Email>
      </Author>
      <Author>
        <Name>George</Name>
        <Email>gweasley@hogwarts.co.uk</Email>
      </Author>
    </Authors>
    <name>Book1</name>
  </book>
  <book>
    <Authors>
      <Author>
        <Name>Fred</Name>
        <Email>fweasley@hogwarts.co.uk</Email>
      </Author>
      <Author>
        <Name>George</Name>
        <Email>gweasley@hogwarts.co.uk</Email>
      </Author>
    </Authors>
    <name>Book1</name>
  </book>
  <book>
    <Authors>
      <Author>
        <Name>Fred</Name>
        <Email>fweasley@hogwarts.co.uk</Email>
      </Author>
      <Author>
        <Name>George</Name>
        <Email>gweasley@hogwarts.co.uk</Email>
      </Author>
    </Authors>
    <name>Book1</name>
  </book>
  <book>
    <Authors>
      <Author>
        <Name>Fred</Name>
        <Email>fweasley@hogwarts.co.uk</Email>
      </Author>
      <Author>
        <Name>George</Name>
        <Email>gweasley@hogwarts.co.uk</Email>
      </Author>
    </Authors>
    <name>Book1</name>
  </book>
  <book>
    <Authors>
      <Author>
        <Name>Fred</Name>
        <Email>fweasley@hogwarts.co.uk</Email>
      </Author>
      <Author>
        <Name>George</Name>
        <Email>gweasley@hogwarts.co.uk</Email>
      </Author>
    </Authors>
    <name>Book1</name>
  </book>
  <book>
    <Authors>
      <Author>
        <Name>Fred</Name>
        <Email>fweasley@hogwarts.co.uk</Email>
      </Author>
      <Author>
        <Name>George</Name>
        <Email>gweasley@hogwarts.co.uk</Email>
      </Author>
    </Authors>
    <name>Book1</name>
  </book>
  <book>
    <Authors>
      <Author>
        <Name>Fred</Name>
        <Email>fweasley@hogwarts.co.uk</Email>
      </Author>
      <Author>
        <Name>George</Name>
        <Email>gweasley@hogwarts.co.uk</Email>
      </Author>
    </Authors>
    <name>Book1</name>
  </book>
  <book>
    <Authors>
      <Author>
        <Name>Fred</Name>
        <Email>fweasley@hogwarts.co.uk</Email>
      </Author>
      <Author>
        <Name>George</Name>
        <Email>gweasley@hogwarts.co.uk</Email>
      </Author>
    </Authors>
    <name>Book1</name>
  </book>
  <book>
    <Authors>
      <Author>
        <Name>Fred</Name>
        <Email>fweasley@hogwarts.co.uk</Email>
      </Author>
      <Author>
        <Name>George</Name>
        <Email>gweasley@hogwarts.co.uk</Email>
      </Author>
    </Authors>
    <name>Book1</name>
  </book>
  <book>
    <Authors>
      <Author>
        <Name>Fred</Name>
        <Email>fweasley@hogwarts.co.uk</Email>
      </Author>
      <Author>
        <Name>George</Name>
        <Email>gweasley@hogwarts.co.uk</Email>
      </Author>
    </Authors>
    <name>Book1</name>
  </book>
  <book>
    <Authors>
      <Author>
        <Name>Fred</Name>
        <Email>fweasley@hogwarts.co.uk</Email>
      </Author>
      <Author>
        <Name>George</Name>
        <Email>gweasley@hogwarts.co.uk</Email>
      </Author>
    </Authors>
    <name>Book1</name>
  </book>
  <book>
    <Authors>
      <Author>
        <Name>Fred</Name>
        <Email>fweasley@hogwarts.co.uk</Email>
      </Author>
      <Author>
        <Name>George</Name>
        <Email>gweasley@hogwarts.co.uk</Email>
      </Author>
    </Authors>
    <name>Book1</name>
  </book>
  <book>
    <Authors>
      <Author>
        <Name>Fred</Name>
        <Email>fweasley@hogwarts.co.uk</Email>
      </Author>
      <Author>
        <Name>George</Name>
        <Email>gweasley@hogwarts.co.uk</Email>
      </Author>
    </Authors>
    <name>Book1</name>
  </book>
  <book>
    <Authors>
      <Author>
        <Name>Fred</Name>
        <Email>fweasley@hogwarts.co.uk</Email>
      </Author>
      <Author>
        <Name>George</Name>
        <Email>gweasley@hogwarts.co.uk</Email>
      </Author>
    </Authors>
    <name>Book1</name>
  </book>
  <book>
    <Authors>
      <Author>
        <Name>Fred</Name>
        <Email>fweasley@hogwarts.co.uk</Email>
      </Author>
      <Author>
        <Name>George</Name>
        <Email>gweasley@hogwarts.co.uk</Email>
      </Author>
    </Authors>
    <name>Book1</name>
  </book>
  <book>
    <Authors>
      <Author>
        <Name>Fred</Name>
        <Email>fweasley@hogwarts.co.uk</Email>
      </Author>
      <Author>
        <Name>George</Name>
        <Email>gweasley@hogwarts.co.uk</Email>
      </Author>
    </Authors>
    <name>Book1</name>
  </book>
  <book>
    <Authors>
      <Author>
        <Name>Fred</Name>
        <Email>fweasley@hogwarts.co.uk</Email>
      </Author>
      <Author>
        <Name>George</Name>
        <Email>gweasley@hogwarts.co.uk</Email>
      </Author>
    </Authors>
    <name>Book1</name>
  </book>
  <book>
    <Authors>
      <Author>
        <Name>Fred</Name>
        <Email>fweasley@hogwarts.co.uk</Email>
      </Author>
      <Author>
        <Name>George</Name>
        <Email>gweasley@hogwarts.co.uk</Email>
      </Author>
    </Authors>
    <name>Book1</name>
  </book>
  <book>
    <Authors>
      <Author>
        <Name>Fred</Name>
        <Email>fweasley@hogwarts.co.uk</Email>
      </Author>
      <Author>
        <Name>George</Name>
        <Email>gweasley@hogwarts.co.uk</Email>
      </Author>
    </Authors>
    <name>Book1</name>
  </book>
  <book>
    <Authors>
      <Author>
        <Name>Fred</Name>
        <Email>fweasley@hogwarts.co.uk</Email>
      </Author>
      <Author>
        <Name>George</Name>
        <Email>gweasley@hogwarts.co.uk</Email>
      </Author>
    </Authors>
    <name>Book1</name>
  </book>
  <book>
    <Authors>
      <Author>
        <Name>Fred</Name>
        <Email>fweasley@hogwarts.co.uk</Email>
      </Author>
      <Author>
        <Name>George</Name>
        <Email>gweasley@hogwarts.co.uk</Email>
      </Author>
    </Authors>
    <name>Book1</name>
  </book>
  <book>
    <Authors>
      <Author>
        <Name>Fred</Name>
        <Email>fweasley@hogwarts.co.uk</Email>
      </Author>
      <Author>
        <Name>George</Name>
        <Email>gweasley@hogwarts.co.uk</Email>
      </Author>
    </Authors>
    <name>Book1</name>
  </book>
  <book>
    <Authors>
      <Author>
        <Name>Fred</Name>
        <Email>fweasley@hogwarts.co.uk</Email>
      </Author>
      <Author>
        <Name>George</Name>
        <Email>gweasley@hogwarts.co.uk</Email>
      </Author>
    </Authors>
    <name>Book1</name>
  </book>
  <book>
    <Authors>
      <Author>
        <Name>Fred</Name>
        <Email>fweasley@hogwarts.co.uk</Email>
      </Author>
      <Author>
        <Name>George</Name>
        <Email>gweasley@hogwarts.co.uk</Email>
      </Author>
    </Authors>
    <name>Book1</name>
  </book>
  <book>
    <Authors>
      <Author>
        <Name>Fred</Name>
        <Email>fweasley@hogwarts.co.uk</Email>
      </Author>
      <Author>
        <Name>George</Name>
        <Email>gweasley@hogwarts.co.uk</Email>
      </Author>
    </Authors>
    <name>Book1</name>
  </book>
  <book>
    <Authors>
      <Author>
        <Name>Fred</Name>
        <Email>fweasley@hogwarts.co.uk</Email>
      </Author>
      <Author>
        <Name>George</Name>
        <Email>gweasley@hogwarts.co.uk</Email>
      </Author>
    </Authors>
    <name>Book1</name>
  </book>
  <book>
    <Authors>
      <Author>
        <Name>Fred</Name>
        <Email>fweasley@hogwarts.co.uk</Email>
      </Author>
      <Author>
        <Name>George</Name>
        <Email>gweasley@hogwarts.co.uk</Email>
      </Author>
    </Authors>
    <name>Book1</name>
  </book>
  <book>
    <Authors>
      <Author>
        <Name>Fred</Name>
        <Email>fweasley@hogwarts.co.uk</Email>
      </Author>
      <Author>
        <Name>George</Name>
        <Email>gweasley@hogwarts.co.uk</Email>
      </Author>
    </Authors>
    <name>Book1</name>
  </book>
  <book>
    <Authors>
      <Author>
        <Name>Fred</Name>
        <Email>fweasley@hogwarts.co.uk</Email>
      </Author>
      <Author>
        <Name>George</Name>
        <Email>gweasley@hogwarts.co.uk</Email>
      </Author>
    </Authors>
    <name>Book1</name>
  </book>
  <book>
    <Authors>
      <Author>
        <Name>Fred</Name>
        <Email>fweasley@hogwarts.co.uk</Email>
      </Author>
      <Author>
        <Name>George</Name>
        <Email>gweasley@hogwarts.co.uk</Email>
      </Author>
    </Authors>
    <name>Book1</name>
  </book>
  <book>
    <Authors>
      <Author>
        <Name>Fred</Name>
        <Email>fweasley@hogwarts.co.uk</Email>
      </Author>
      <Author>
        <Name>George</Name>
        <Email>gweasley@hogwarts.co.uk</Email>
      </Author>
    </Authors>
    <name>Book1</name>
  </book>
  <book>
    <Authors>
      <Author>
        <Name>Fred</Name>
        <Email>fweasley@hogwarts.co.uk</Email>
      </Author>
      <Author>
        <Name>George</Name>
        <Email>gweasley@hogwarts.co.uk</Email>
      </Author>
    </Authors>
    <name>Book1</name>
  </book>
  <book>
    <Authors>
      <Author>
        <Name>Fred</Name>
        <Email>fweasley@hogwarts.co.uk</Email>
      </Author>
      <Author>
        <Name>George</Name>
        <Email>gweasley@hogwarts.co.uk</Email>
      </Author>
    </Authors>
    <name>Book1</name>
  </book>
  <book>
    <Authors>
      <Author>
        <Name>Fred</Name>
        <Email>fweasley@hogwarts.co.uk</Email>
      </Author>
      <Author>
        <Name>George</Name>
        <Email>gweasley@hogwarts.co.uk</Email>
      </Author>
    </Authors>
    <name>Book1</name>
  </book>
  <book>
    <Authors>
      <Author>
        <Name>Fred</Name>
        <Email>fweasley@hogwarts.co.uk</Email>
      </Author>
      <Author>
        <Name>George</Name>
        <Email>gweasley@hogwarts.co.uk</Email>
      </Author>
    </Authors>
    <name>Book1</name>
  </book>
  <book>
    <Authors>
      <Author>
        <Name>Fred</Name>
        <Email>fweasley@hogwarts.co.uk</Email>
      </Author>
      <Author>
        <Name>George</Name>
        <Email>gweasley@hogwarts.co.uk</Email>
      </Author>
    </Authors>
    <name>Book1</name>
  </book>
  <book>
    <Authors>
      <Author>
        <Name>Fred</Name>
        <Email>fweasley@hogwarts.co.uk</Email>
      </Author>
      <Author>
        <Name>George</Name>
        <Email>gweasley@hogwarts.co.uk</Email>
      </Author>
    </Authors>
    <name>Book1</name>
  </book>
  <book>
    <Authors>
      <Author>
        <Name>Fred</Name>
        <Email>fweasley@hogwarts.co.uk</Email>
      </Author>
      <Author>
        <Name>George</Name>
        <Email>gweasley@hogwarts.co.uk</Email>
      </Author>
    </Authors>
    <name>Book1</name>
  </book>
  <book>
    <Authors>
      <Author>
        <Name>Fred</Name>
        <Email>fweasley@hogwarts.co.uk</Email>
      </Author>
      <Author>
        <Name>George</Name>
        <Email>gweasley@hogwarts.co.uk</Email>
      </Author>
    </Authors>
    <name>Book1</name>
  </book>
  <book year="2014" isbn="ISBN83763550019---11">
    <Authors>
      <Author>
        <Name>Fred</Name>
        <Email>fweasley@hogwarts.co.uk</Email>
      </Author>
      <Author>
        <Name>George</Name>
        <Email>gweasley@hogwarts.co.uk</Email>
      </Author>
    </Authors>
    <name>Book1</name>
  </book>
  <book year="2014" isbn="ISBN83763550019---11">
    <Authors>
      <Author>
        <Name>Fred</Name>
        <Email>fweasley@hogwarts.co.uk</Email>
      </Author>
      <Author>
        <Name>George</Name>
        <Email>gweasley@hogwarts.co.uk</Email>
      </Author>
    </Authors>
    <name>Book2</name>
  </book>
  <book year="2014" isbn="ISBN83763550019---11">
    <Authors>
      <Author>
        <Name>Fred</Name>
        <Email>fweasley@hogwarts.co.uk</Email>
      </Author>
      <Author>
        <Name>George</Name>
        <Email>gweasley@hogwarts.co.uk</Email>
      </Author>
    </Authors>
    <name>Book1</name>
  </book>
  <book year="2014" isbn="ISBN83763550019---11">
    <Authors>
      <Author>
        <Name>Fred</Name>
        <Email>fweasley@hogwarts.co.uk</Email>
      </Author>
      <Author>
        <Name>George</Name>
        <Email>gweasley@hogwarts.co.uk</Email>
      </Author>
    </Authors>
    <name>Book2</name>
  </book>
  <book year="2014" isbn="ISBN83763550019---11">
    <Authors>
      <Author>
        <Name>Fred</Name>
        <Email>fweasley@hogwarts.co.uk</Email>
      </Author>
      <Author>
        <Name>George</Name>
        <Email>gweasley@hogwarts.co.uk</Email>
      </Author>
    </Authors>
    <name>Book1</name>
  </book>
  <book year="2014" isbn="ISBN83763550019---11">
    <Authors>
      <Author>
        <Name>Fred</Name>
        <Email>fweasley@hogwarts.co.uk</Email>
      </Author>
      <Author>
        <Name>George</Name>
        <Email>gweasley@hogwarts.co.uk</Email>
      </Author>
    </Authors>
    <name>Book2</name>
  </book>
  <book year="2014" isbn="ISBN83763550019---11">
    <Authors>
      <Author>
        <Name>Fred</Name>
        <Email>fweasley@hogwarts.co.uk</Email>
      </Author>
      <Author>
        <Name>George</Name>
        <Email>gweasley@hogwarts.co.uk</Email>
      </Author>
    </Authors>
    <name>Book1</name>
  </book>
  <book year="2014" isbn="ISBN83763550019---11">
    <Authors>
      <Author>
        <Name>Fred</Name>
        <Email>fweasley@hogwarts.co.uk</Email>
      </Author>
      <Author>
        <Name>George</Name>
        <Email>gweasley@hogwarts.co.uk</Email>
      </Author>
    </Authors>
    <name>Book2</name>
  </book>
  <book year="2014" isbn="ISBN83763550019---11">
    <Authors>
      <Author>
        <Name>Fred</Name>
        <Email>fweasley@hogwarts.co.uk</Email>
      </Author>
      <Author>
        <Name>George</Name>
        <Email>gweasley@hogwarts.co.uk</Email>
      </Author>
    </Authors>
    <name>Book1</name>
  </book>
  <book year="2014" isbn="ISBN83763550019---11">
    <Authors>
      <Author>
        <Name>Fred</Name>
        <Email>fweasley@hogwarts.co.uk</Email>
      </Author>
      <Author>
        <Name>George</Name>
        <Email>gweasley@hogwarts.co.uk</Email>
      </Author>
    </Authors>
    <name>Book2</name>
  </book>
  <book year="2014" isbn="ISBN83763550019---11">
    <Authors>
      <Author>
        <Name>Fred</Name>
        <Email>fweasley@hogwarts.co.uk</Email>
      </Author>
      <Author>
        <Name>George</Name>
        <Email>gweasley@hogwarts.co.uk</Email>
      </Author>
    </Authors>
    <name>Book1</name>
  </book>
  <book year="2014" isbn="ISBN83763550019---11">
    <Authors>
      <Author>
        <Name>Fred</Name>
        <Email>fweasley@hogwarts.co.uk</Email>
      </Author>
      <Author>
        <Name>George</Name>
        <Email>gweasley@hogwarts.co.uk</Email>
      </Author>
    </Authors>
    <name>Book2</name>
  </book>
  <book year="2014" isbn="ISBN83763550019---11">
    <Authors>
      <Author>
        <Name>Fred</Name>
        <Email>fweasley@hogwarts.co.uk</Email>
      </Author>
      <Author>
        <Name>George</Name>
        <Email>gweasley@hogwarts.co.uk</Email>
      </Author>
    </Authors>
    <name>Book1</name>
  </book>
  <book year="2014" isbn="ISBN83763550019---11">
    <Authors>
      <Author>
        <Name>Fred</Name>
        <Email>fweasley@hogwarts.co.uk</Email>
      </Author>
      <Author>
        <Name>George</Name>
        <Email>gweasley@hogwarts.co.uk</Email>
      </Author>
    </Authors>
    <name>Book2</name>
  </book>
  <book year="2014" isbn="ISBN83763550019---11">
    <Authors>
      <Author>
        <Name>Fred</Name>
        <Email>fweasley@hogwarts.co.uk</Email>
      </Author>
      <Author>
        <Name>George</Name>
        <Email>gweasley@hogwarts.co.uk</Email>
      </Author>
    </Authors>
    <name>Book1</name>
  </book>
  <book year="2014" isbn="ISBN83763550019---11">
    <Authors>
      <Author>
        <Name>Fred</Name>
        <Email>fweasley@hogwarts.co.uk</Email>
      </Author>
      <Author>
        <Name>George</Name>
        <Email>gweasley@hogwarts.co.uk</Email>
      </Author>
    </Authors>
    <name>Book2</name>
  </book>
  <book year="2014" isbn="ISBN83763550019---11">
    <Authors>
      <Author>
        <Name>Fred</Name>
        <Email>fweasley@hogwarts.co.uk</Email>
      </Author>
      <Author>
        <Name>George</Name>
        <Email>gweasley@hogwarts.co.uk</Email>
      </Author>
    </Authors>
    <name>Book1</name>
  </book>
  <book year="2014" isbn="ISBN83763550019---11">
    <Authors>
      <Author>
        <Name>Fred</Name>
        <Email>fweasley@hogwarts.co.uk</Email>
      </Author>
      <Author>
        <Name>George</Name>
        <Email>gweasley@hogwarts.co.uk</Email>
      </Author>
    </Authors>
    <name>Book2</name>
  </book>
  <book year="2014" isbn="ISBN83763550019---11">
    <Authors>
      <Author>
        <Name>Fred</Name>
        <Email>fweasley@hogwarts.co.uk</Email>
      </Author>
      <Author>
        <Name>George</Name>
        <Email>gweasley@hogwarts.co.uk</Email>
      </Author>
    </Authors>
    <name>Book1</name>
  </book>
  <book year="2014" isbn="ISBN83763550019---11">
    <Authors>
      <Author>
        <Name>Fred</Name>
        <Email>fweasley@hogwarts.co.uk</Email>
      </Author>
      <Author>
        <Name>George</Name>
        <Email>gweasley@hogwarts.co.uk</Email>
      </Author>
    </Authors>
    <name>Book2</name>
  </book>
  <book year="2014" isbn="ISBN83763550019---11">
    <Authors>
      <Author>
        <Name>Fred</Name>
        <Email>fweasley@hogwarts.co.uk</Email>
      </Author>
      <Author>
        <Name>George</Name>
        <Email>gweasley@hogwarts.co.uk</Email>
      </Author>
    </Authors>
    <name>Book1</name>
  </book>
  <book year="2014" isbn="ISBN83763550019---11">
    <Authors>
      <Author>
        <Name>Fred</Name>
        <Email>fweasley@hogwarts.co.uk</Email>
      </Author>
      <Author>
        <Name>George</Name>
        <Email>gweasley@hogwarts.co.uk</Email>
      </Author>
    </Authors>
    <name>Book2</name>
  </book>
  <book year="2014" isbn="ISBN83763550019---11">
    <Authors>
      <Author>
        <Name>Fred</Name>
        <Email>fweasley@hogwarts.co.uk</Email>
      </Author>
      <Author>
        <Name>George</Name>
        <Email>gweasley@hogwarts.co.uk</Email>
      </Author>
    </Authors>
    <name>Book1</name>
  </book>
  <book year="2014" isbn="ISBN83763550019---11">
    <Authors>
      <Author>
        <Name>Fred</Name>
        <Email>fweasley@hogwarts.co.uk</Email>
      </Author>
      <Author>
        <Name>George</Name>
        <Email>gweasley@hogwarts.co.uk</Email>
      </Author>
    </Authors>
    <name>Book2</name>
  </book>
  <book year="2014" isbn="ISBN83763550019---11">
    <Authors>
      <Author>
        <Name>Fred</Name>
        <Email>fweasley@hogwarts.co.uk</Email>
      </Author>
      <Author>
        <Name>George</Name>
        <Email>gweasley@hogwarts.co.uk</Email>
      </Author>
    </Authors>
    <name>Book1</name>
  </book>
  <book year="2014" isbn="ISBN83763550019---11">
    <Authors>
      <Author>
        <Name>Fred</Name>
        <Email>fweasley@hogwarts.co.uk</Email>
      </Author>
      <Author>
        <Name>George</Name>
        <Email>gweasley@hogwarts.co.uk</Email>
      </Author>
    </Authors>
    <name>Book2</name>
  </book>
  <book year="2014" isbn="ISBN83763550019---11">
    <Authors>
      <Author>
        <Name>Fred</Name>
        <Email>fweasley@hogwarts.co.uk</Email>
      </Author>
      <Author>
        <Name>George</Name>
        <Email>gweasley@hogwarts.co.uk</Email>
      </Author>
    </Authors>
    <name>Book1</name>
  </book>
  <book year="2014" isbn="ISBN83763550019---11">
    <Authors>
      <Author>
        <Name>Fred</Name>
        <Email>fweasley@hogwarts.co.uk</Email>
      </Author>
      <Author>
        <Name>George</Name>
        <Email>gweasley@hogwarts.co.uk</Email>
      </Author>
    </Authors>
    <name>Book2</name>
  </book>
  <book year="2014" isbn="ISBN83763550019---11">
    <Authors>
      <Author>
        <Name>Fred</Name>
        <Email>fweasley@hogwarts.co.uk</Email>
      </Author>
      <Author>
        <Name>George</Name>
        <Email>gweasley@hogwarts.co.uk</Email>
      </Author>
    </Authors>
    <name>Book1</name>
  </book>
  <book year="2014" isbn="ISBN83763550019---11">
    <Authors>
      <Author>
        <Name>Fred</Name>
        <Email>fweasley@hogwarts.co.uk</Email>
      </Author>
      <Author>
        <Name>George</Name>
        <Email>gweasley@hogwarts.co.uk</Email>
      </Author>
    </Authors>
    <name>Book2</name>
  </book>
  <book year="2014" isbn="ISBN83763550019---11">
    <Authors>
      <Author>
        <Name>Fred</Name>
        <Email>fweasley@hogwarts.co.uk</Email>
      </Author>
      <Author>
        <Name>George</Name>
        <Email>gweasley@hogwarts.co.uk</Email>
      </Author>
    </Authors>
    <name>Book1</name>
  </book>
  <book year="2014" isbn="ISBN83763550019---11">
    <Authors>
      <Author>
        <Name>Fred</Name>
        <Email>fweasley@hogwarts.co.uk</Email>
      </Author>
      <Author>
        <Name>George</Name>
        <Email>gweasley@hogwarts.co.uk</Email>
      </Author>
    </Authors>
    <name>Book2</name>
  </book>
  <book year="2014" isbn="ISBN83763550019---11">
    <Authors>
      <Author>
        <Name>Fred</Name>
        <Email>fweasley@hogwarts.co.uk</Email>
      </Author>
      <Author>
        <Name>George</Name>
        <Email>gweasley@hogwarts.co.uk</Email>
      </Author>
    </Authors>
    <name>Book1</name>
  </book>
  <book year="2014" isbn="ISBN83763550019---11">
    <Authors>
      <Author>
        <Name>Fred</Name>
        <Email>fweasley@hogwarts.co.uk</Email>
      </Author>
      <Author>
        <Name>George</Name>
        <Email>gweasley@hogwarts.co.uk</Email>
      </Author>
    </Authors>
    <name>Book2</name>
  </book>
  <book year="2014" isbn="ISBN83763550019---11">
    <Authors>
      <Author>
        <Name>Fred</Name>
        <Email>fweasley@hogwarts.co.uk</Email>
      </Author>
      <Author>
        <Name>George</Name>
        <Email>gweasley@hogwarts.co.uk</Email>
      </Author>
    </Authors>
    <name>Book1</name>
  </book>
  <book year="2014" isbn="ISBN83763550019---11">
    <Authors>
      <Author>
        <Name>Fred</Name>
        <Email>fweasley@hogwarts.co.uk</Email>
      </Author>
      <Author>
        <Name>George</Name>
        <Email>gweasley@hogwarts.co.uk</Email>
      </Author>
    </Authors>
    <name>Book2</name>
  </book>
  <book year="2014" isbn="ISBN83763550019---11">
    <Authors>
      <Author>
        <Name>Fred</Name>
        <Email>fweasley@hogwarts.co.uk</Email>
      </Author>
      <Author>
        <Name>George</Name>
        <Email>gweasley@hogwarts.co.uk</Email>
      </Author>
    </Authors>
    <name>Book1</name>
  </book>
  <book year="2014" isbn="ISBN83763550019---11">
    <Authors>
      <Author>
        <Name>Fred</Name>
        <Email>fweasley@hogwarts.co.uk</Email>
      </Author>
      <Author>
        <Name>George</Name>
        <Email>gweasley@hogwarts.co.uk</Email>
      </Author>
    </Authors>
    <name>Book2</name>
  </book>
  <book year="2014" isbn="ISBN83763550019---11">
    <Authors>
      <Author>
        <Name>Fred</Name>
        <Email>fweasley@hogwarts.co.uk</Email>
      </Author>
      <Author>
        <Name>George</Name>
        <Email>gweasley@hogwarts.co.uk</Email>
      </Author>
    </Authors>
    <name>Book1</name>
  </book>
  <book year="2014" isbn="ISBN83763550019---11">
    <Authors>
      <Author>
        <Name>Fred</Name>
        <Email>fweasley@hogwarts.co.uk</Email>
      </Author>
      <Author>
        <Name>George</Name>
        <Email>gweasley@hogwarts.co.uk</Email>
      </Author>
    </Authors>
    <name>Book2</name>
  </book>
  <book year="2014" isbn="ISBN83763550019---11">
    <Authors>
      <Author>
        <Name>Fred</Name>
        <Email>fweasley@hogwarts.co.uk</Email>
      </Author>
      <Author>
        <Name>George</Name>
        <Email>gweasley@hogwarts.co.uk</Email>
      </Author>
    </Authors>
    <name>Book1</name>
  </book>
  <book year="2014" isbn="ISBN83763550019---11">
    <Authors>
      <Author>
        <Name>Fred</Name>
        <Email>fweasley@hogwarts.co.uk</Email>
      </Author>
      <Author>
        <Name>George</Name>
        <Email>gweasley@hogwarts.co.uk</Email>
      </Author>
    </Authors>
    <name>Book2</name>
  </book>
  <book year="2014" isbn="ISBN83763550019---11">
    <Authors>
      <Author>
        <Name>Fred</Name>
        <Email>fweasley@hogwarts.co.uk</Email>
      </Author>
      <Author>
        <Name>George</Name>
        <Email>gweasley@hogwarts.co.uk</Email>
      </Author>
    </Authors>
    <name>Book1</name>
  </book>
  <book year="2014" isbn="ISBN83763550019---11">
    <Authors>
      <Author>
        <Name>Fred</Name>
        <Email>fweasley@hogwarts.co.uk</Email>
      </Author>
      <Author>
        <Name>George</Name>
        <Email>gweasley@hogwarts.co.uk</Email>
      </Author>
    </Authors>
    <name>Book2</name>
  </book>
  <book year="2014" isbn="ISBN83763550019---11">
    <Authors>
      <Author>
        <Name>Fred</Name>
        <Email>fweasley@hogwarts.co.uk</Email>
      </Author>
      <Author>
        <Name>George</Name>
        <Email>gweasley@hogwarts.co.uk</Email>
      </Author>
    </Authors>
    <name>Book1</name>
  </book>
  <book year="2014" isbn="ISBN83763550019---11">
    <Authors>
      <Author>
        <Name>Fred</Name>
        <Email>fweasley@hogwarts.co.uk</Email>
      </Author>
      <Author>
        <Name>George</Name>
        <Email>gweasley@hogwarts.co.uk</Email>
      </Author>
    </Authors>
    <name>Book2</name>
  </book>
  <book year="2014" isbn="ISBN83763550019---11">
    <Authors>
      <Author>
        <Name>Fred</Name>
        <Email>fweasley@hogwarts.co.uk</Email>
      </Author>
      <Author>
        <Name>George</Name>
        <Email>gweasley@hogwarts.co.uk</Email>
      </Author>
    </Authors>
    <name>Book1</name>
  </book>
  <book year="2014" isbn="ISBN83763550019---11">
    <Authors>
      <Author>
        <Name>Fred</Name>
        <Email>fweasley@hogwarts.co.uk</Email>
      </Author>
      <Author>
        <Name>George</Name>
        <Email>gweasley@hogwarts.co.uk</Email>
      </Author>
    </Authors>
    <name>Book2</name>
  </book>
  <book year="2014" isbn="ISBN83763550019---11">
    <Authors>
      <Author>
        <Name>Fred</Name>
        <Email>fweasley@hogwarts.co.uk</Email>
      </Author>
      <Author>
        <Name>George</Name>
        <Email>gweasley@hogwarts.co.uk</Email>
      </Author>
    </Authors>
    <name>Book1</name>
  </book>
  <book year="2014" isbn="ISBN83763550019---11">
    <Authors>
      <Author>
        <Name>Fred</Name>
        <Email>fweasley@hogwarts.co.uk</Email>
      </Author>
      <Author>
        <Name>George</Name>
        <Email>gweasley@hogwarts.co.uk</Email>
      </Author>
    </Authors>
    <name>Book2</name>
  </book>
  <book year="2014" isbn="ISBN83763550019---11">
    <Authors>
      <Author>
        <Name>Fred</Name>
        <Email>fweasley@hogwarts.co.uk</Email>
      </Author>
      <Author>
        <Name>George</Name>
        <Email>gweasley@hogwarts.co.uk</Email>
      </Author>
    </Authors>
    <name>Book1</name>
  </book>
  <book year="2014" isbn="ISBN83763550019---11">
    <Authors>
      <Author>
        <Name>Fred</Name>
        <Email>fweasley@hogwarts.co.uk</Email>
      </Author>
      <Author>
        <Name>George</Name>
        <Email>gweasley@hogwarts.co.uk</Email>
      </Author>
    </Authors>
    <name>Book2</name>
  </book>
  <book year="2014" isbn="ISBN83763550019---11">
    <Authors>
      <Author>
        <Name>Fred</Name>
        <Email>fweasley@hogwarts.co.uk</Email>
      </Author>
      <Author>
        <Name>George</Name>
        <Email>gweasley@hogwarts.co.uk</Email>
      </Author>
    </Authors>
    <name>Book1</name>
  </book>
  <book year="2014" isbn="ISBN83763550019---11">
    <Authors>
      <Author>
        <Name>Fred</Name>
        <Email>fweasley@hogwarts.co.uk</Email>
      </Author>
      <Author>
        <Name>George</Name>
        <Email>gweasley@hogwarts.co.uk</Email>
      </Author>
    </Authors>
    <name>Book2</name>
  </book>
  <book year="2014" isbn="ISBN83763550019---11">
    <Authors>
      <Author>
        <Name>Fred</Name>
        <Email>fweasley@hogwarts.co.uk</Email>
      </Author>
      <Author>
        <Name>George</Name>
        <Email>gweasley@hogwarts.co.uk</Email>
      </Author>
    </Authors>
    <name>Book1</name>
  </book>
  <book year="2014" isbn="ISBN83763550019---11">
    <Authors>
      <Author>
        <Name>Fred</Name>
        <Email>fweasley@hogwarts.co.uk</Email>
      </Author>
      <Author>
        <Name>George</Name>
        <Email>gweasley@hogwarts.co.uk</Email>
      </Author>
    </Authors>
    <name>Book2</name>
  </book>
  <book year="2014" isbn="ISBN83763550019---11">
    <Authors>
      <Author>
        <Name>Fred</Name>
        <Email>fweasley@hogwarts.co.uk</Email>
      </Author>
      <Author>
        <Name>George</Name>
        <Email>gweasley@hogwarts.co.uk</Email>
      </Author>
    </Authors>
    <name>Book1</name>
  </book>
  <book year="2014" isbn="ISBN83763550019---11">
    <Authors>
      <Author>
        <Name>Fred</Name>
        <Email>fweasley@hogwarts.co.uk</Email>
      </Author>
      <Author>
        <Name>George</Name>
        <Email>gweasley@hogwarts.co.uk</Email>
      </Author>
    </Authors>
    <name>Book2</name>
  </book>
  <book year="2014" isbn="ISBN83763550019---11">
    <Authors>
      <Author>
        <Name>Fred</Name>
        <Email>fweasley@hogwarts.co.uk</Email>
      </Author>
      <Author>
        <Name>George</Name>
        <Email>gweasley@hogwarts.co.uk</Email>
      </Author>
    </Authors>
    <name>Book1</name>
  </book>
  <book year="2014" isbn="ISBN83763550019---11">
    <Authors>
      <Author>
        <Name>Fred</Name>
        <Email>fweasley@hogwarts.co.uk</Email>
      </Author>
      <Author>
        <Name>George</Name>
        <Email>gweasley@hogwarts.co.uk</Email>
      </Author>
    </Authors>
    <name>Book2</name>
  </book>
  <book year="2014" isbn="ISBN83763550019---11">
    <Authors>
      <Author>
        <Name>Fred</Name>
        <Email>fweasley@hogwarts.co.uk</Email>
      </Author>
      <Author>
        <Name>George</Name>
        <Email>gweasley@hogwarts.co.uk</Email>
      </Author>
    </Authors>
    <name>Book1</name>
  </book>
  <book year="2014" isbn="ISBN83763550019---11">
    <Authors>
      <Author>
        <Name>Fred</Name>
        <Email>fweasley@hogwarts.co.uk</Email>
      </Author>
      <Author>
        <Name>George</Name>
        <Email>gweasley@hogwarts.co.uk</Email>
      </Author>
    </Authors>
    <name>Book2</name>
  </book>
  <book year="2014" isbn="ISBN83763550019---11">
    <Authors>
      <Author>
        <Name>Fred</Name>
        <Email>fweasley@hogwarts.co.uk</Email>
      </Author>
      <Author>
        <Name>George</Name>
        <Email>gweasley@hogwarts.co.uk</Email>
      </Author>
    </Authors>
    <name>Book1</name>
  </book>
  <book year="2014" isbn="ISBN83763550019---11">
    <Authors>
      <Author>
        <Name>Fred</Name>
        <Email>fweasley@hogwarts.co.uk</Email>
      </Author>
      <Author>
        <Name>George</Name>
        <Email>gweasley@hogwarts.co.uk</Email>
      </Author>
    </Authors>
    <name>Book2</name>
  </book>
  <book year="2014" isbn="ISBN83763550019---11">
    <Authors>
      <Author>
        <Name>Fred</Name>
        <Email>fweasley@hogwarts.co.uk</Email>
      </Author>
      <Author>
        <Name>George</Name>
        <Email>gweasley@hogwarts.co.uk</Email>
      </Author>
    </Authors>
    <name>Book1</name>
  </book>
  <book year="2014" isbn="ISBN83763550019---11">
    <Authors>
      <Author>
        <Name>Fred</Name>
        <Email>fweasley@hogwarts.co.uk</Email>
      </Author>
      <Author>
        <Name>George</Name>
        <Email>gweasley@hogwarts.co.uk</Email>
      </Author>
    </Authors>
    <name>Book2</name>
  </book>
  <book year="2014" isbn="ISBN83763550019---11">
    <Authors>
      <Author>
        <Name>Fred</Name>
        <Email>fweasley@hogwarts.co.uk</Email>
      </Author>
      <Author>
        <Name>George</Name>
        <Email>gweasley@hogwarts.co.uk</Email>
      </Author>
    </Authors>
    <name>Book1</name>
  </book>
  <book year="2014" isbn="ISBN83763550019---11">
    <Authors>
      <Author>
        <Name>Fred</Name>
        <Email>fweasley@hogwarts.co.uk</Email>
      </Author>
      <Author>
        <Name>George</Name>
        <Email>gweasley@hogwarts.co.uk</Email>
      </Author>
    </Authors>
    <name>Book2</name>
  </book>
  <book year="2014" isbn="ISBN83763550019---11">
    <Authors>
      <Author>
        <Name>Fred</Name>
        <Email>fweasley@hogwarts.co.uk</Email>
      </Author>
      <Author>
        <Name>George</Name>
        <Email>gweasley@hogwarts.co.uk</Email>
      </Author>
    </Authors>
    <name>Book1</name>
  </book>
  <book year="2014" isbn="ISBN83763550019---11">
    <Authors>
      <Author>
        <Name>Fred</Name>
        <Email>fweasley@hogwarts.co.uk</Email>
      </Author>
      <Author>
        <Name>George</Name>
        <Email>gweasley@hogwarts.co.uk</Email>
      </Author>
    </Authors>
    <name>Book2</name>
  </book>
  <book year="2014" isbn="ISBN83763550019---11">
    <Authors>
      <Author>
        <Name>Fred</Name>
        <Email>fweasley@hogwarts.co.uk</Email>
      </Author>
      <Author>
        <Name>George</Name>
        <Email>gweasley@hogwarts.co.uk</Email>
      </Author>
    </Authors>
    <name>Book1</name>
  </book>
  <book year="2014" isbn="ISBN83763550019---11">
    <Authors>
      <Author>
        <Name>Fred</Name>
        <Email>fweasley@hogwarts.co.uk</Email>
      </Author>
      <Author>
        <Name>George</Name>
        <Email>gweasley@hogwarts.co.uk</Email>
      </Author>
    </Authors>
    <name>Book2</name>
  </book>
  <book year="2014" isbn="ISBN83763550019---11">
    <Authors>
      <Author>
        <Name>Fred</Name>
        <Email>fweasley@hogwarts.co.uk</Email>
      </Author>
      <Author>
        <Name>George</Name>
        <Email>gweasley@hogwarts.co.uk</Email>
      </Author>
    </Authors>
    <name>Book1</name>
  </book>
  <book year="2014" isbn="ISBN83763550019---11">
    <Authors>
      <Author>
        <Name>Fred</Name>
        <Email>fweasley@hogwarts.co.uk</Email>
      </Author>
      <Author>
        <Name>George</Name>
        <Email>gweasley@hogwarts.co.uk</Email>
      </Author>
    </Authors>
    <name>Book2</name>
  </book>
  <book year="2014" isbn="ISBN83763550019---11">
    <Authors>
      <Author>
        <Name>Fred</Name>
        <Email>fweasley@hogwarts.co.uk</Email>
      </Author>
      <Author>
        <Name>George</Name>
        <Email>gweasley@hogwarts.co.uk</Email>
      </Author>
    </Authors>
    <name>Book1</name>
  </book>
  <book year="2014" isbn="ISBN83763550019---11">
    <Authors>
      <Author>
        <Name>Fred</Name>
        <Email>fweasley@hogwarts.co.uk</Email>
      </Author>
      <Author>
        <Name>George</Name>
        <Email>gweasley@hogwarts.co.uk</Email>
      </Author>
    </Authors>
    <name>Book2</name>
  </book>
  <book year="2014" isbn="ISBN83763550019---11">
    <Authors>
      <Author>
        <Name>Fred</Name>
        <Email>fweasley@hogwarts.co.uk</Email>
      </Author>
      <Author>
        <Name>George</Name>
        <Email>gweasley@hogwarts.co.uk</Email>
      </Author>
    </Authors>
    <name>Book1</name>
  </book>
  <book year="2014" isbn="ISBN83763550019---11">
    <Authors>
      <Author>
        <Name>Fred</Name>
        <Email>fweasley@hogwarts.co.uk</Email>
      </Author>
      <Author>
        <Name>George</Name>
        <Email>gweasley@hogwarts.co.uk</Email>
      </Author>
    </Authors>
    <name>Book2</name>
  </book>
  <book year="2014" isbn="ISBN83763550019---11">
    <Authors>
      <Author>
        <Name>Fred</Name>
        <Email>fweasley@hogwarts.co.uk</Email>
      </Author>
      <Author>
        <Name>George</Name>
        <Email>gweasley@hogwarts.co.uk</Email>
      </Author>
    </Authors>
    <name>Book1</name>
  </book>
  <book year="2014" isbn="ISBN83763550019---11">
    <Authors>
      <Author>
        <Name>Fred</Name>
        <Email>fweasley@hogwarts.co.uk</Email>
      </Author>
      <Author>
        <Name>George</Name>
        <Email>gweasley@hogwarts.co.uk</Email>
      </Author>
    </Authors>
    <name>Book2</name>
  </book>
  <book year="2014" isbn="ISBN83763550019---11">
    <Authors>
      <Author>
        <Name>Fred</Name>
        <Email>fweasley@hogwarts.co.uk</Email>
      </Author>
      <Author>
        <Name>George</Name>
        <Email>gweasley@hogwarts.co.uk</Email>
      </Author>
    </Authors>
    <name>Book1</name>
  </book>
  <book year="2014" isbn="ISBN83763550019---11">
    <Authors>
      <Author>
        <Name>Fred</Name>
        <Email>fweasley@hogwarts.co.uk</Email>
      </Author>
      <Author>
        <Name>George</Name>
        <Email>gweasley@hogwarts.co.uk</Email>
      </Author>
    </Authors>
    <name>Book2</name>
  </book>
  <book year="2014" isbn="ISBN83763550019---11">
    <Authors>
      <Author>
        <Name>Fred</Name>
        <Email>fweasley@hogwarts.co.uk</Email>
      </Author>
      <Author>
        <Name>George</Name>
        <Email>gweasley@hogwarts.co.uk</Email>
      </Author>
    </Authors>
    <name>Book1</name>
  </book>
  <book year="2014" isbn="ISBN83763550019---11">
    <Authors>
      <Author>
        <Name>Fred</Name>
        <Email>fweasley@hogwarts.co.uk</Email>
      </Author>
      <Author>
        <Name>George</Name>
        <Email>gweasley@hogwarts.co.uk</Email>
      </Author>
    </Authors>
    <name>Book2</name>
  </book>
  <book year="2014" isbn="ISBN83763550019---11">
    <Authors>
      <Author>
        <Name>Fred</Name>
        <Email>fweasley@hogwarts.co.uk</Email>
      </Author>
      <Author>
        <Name>George</Name>
        <Email>gweasley@hogwarts.co.uk</Email>
      </Author>
    </Authors>
    <name>Book1</name>
  </book>
  <book year="2014" isbn="ISBN83763550019---11">
    <Authors>
      <Author>
        <Name>Fred</Name>
        <Email>fweasley@hogwarts.co.uk</Email>
      </Author>
      <Author>
        <Name>George</Name>
        <Email>gweasley@hogwarts.co.uk</Email>
      </Author>
    </Authors>
    <name>Book2</name>
  </book>
  <book year="2014" isbn="ISBN83763550019---11">
    <Authors>
      <Author>
        <Name>Fred</Name>
        <Email>fweasley@hogwarts.co.uk</Email>
      </Author>
      <Author>
        <Name>George</Name>
        <Email>gweasley@hogwarts.co.uk</Email>
      </Author>
    </Authors>
    <name>Book1</name>
  </book>
  <book year="2014" isbn="ISBN83763550019---11">
    <Authors>
      <Author>
        <Name>Fred</Name>
        <Email>fweasley@hogwarts.co.uk</Email>
      </Author>
      <Author>
        <Name>George</Name>
        <Email>gweasley@hogwarts.co.uk</Email>
      </Author>
    </Authors>
    <name>Book2</name>
  </book>
  <book year="2014" isbn="ISBN83763550019---11">
    <Authors>
      <Author>
        <Name>Fred</Name>
        <Email>fweasley@hogwarts.co.uk</Email>
      </Author>
      <Author>
        <Name>George</Name>
        <Email>gweasley@hogwarts.co.uk</Email>
      </Author>
    </Authors>
    <name>Book1</name>
  </book>
  <book year="2014" isbn="ISBN83763550019---11">
    <Authors>
      <Author>
        <Name>Fred</Name>
        <Email>fweasley@hogwarts.co.uk</Email>
      </Author>
      <Author>
        <Name>George</Name>
        <Email>gweasley@hogwarts.co.uk</Email>
      </Author>
    </Authors>
    <name>Book2</name>
  </book>
  <book year="2014" isbn="ISBN83763550019---11">
    <Authors>
      <Author>
        <Name>Fred</Name>
        <Email>fweasley@hogwarts.co.uk</Email>
      </Author>
      <Author>
        <Name>George</Name>
        <Email>gweasley@hogwarts.co.uk</Email>
      </Author>
    </Authors>
    <name>Book1</name>
  </book>
  <book year="2014" isbn="ISBN83763550019---11">
    <Authors>
      <Author>
        <Name>Fred</Name>
        <Email>fweasley@hogwarts.co.uk</Email>
      </Author>
      <Author>
        <Name>George</Name>
        <Email>gweasley@hogwarts.co.uk</Email>
      </Author>
    </Authors>
    <name>Book2</name>
  </book>
  <book year="2014" isbn="ISBN83763550019---11">
    <Authors>
      <Author>
        <Name>Fred</Name>
        <Email>fweasley@hogwarts.co.uk</Email>
      </Author>
      <Author>
        <Name>George</Name>
        <Email>gweasley@hogwarts.co.uk</Email>
      </Author>
    </Authors>
    <name>Book1</name>
  </book>
  <book year="2014" isbn="ISBN83763550019---11">
    <Authors>
      <Author>
        <Name>Fred</Name>
        <Email>fweasley@hogwarts.co.uk</Email>
      </Author>
      <Author>
        <Name>George</Name>
        <Email>gweasley@hogwarts.co.uk</Email>
      </Author>
    </Authors>
    <name>Book2</name>
  </book>
  <book year="2014" isbn="ISBN83763550019---11">
    <Authors>
      <Author>
        <Name>Fred</Name>
        <Email>fweasley@hogwarts.co.uk</Email>
      </Author>
      <Author>
        <Name>George</Name>
        <Email>gweasley@hogwarts.co.uk</Email>
      </Author>
    </Authors>
    <name>Book1</name>
  </book>
  <book year="2014" isbn="ISBN83763550019---11">
    <Authors>
      <Author>
        <Name>Fred</Name>
        <Email>fweasley@hogwarts.co.uk</Email>
      </Author>
      <Author>
        <Name>George</Name>
        <Email>gweasley@hogwarts.co.uk</Email>
      </Author>
    </Authors>
    <name>Book2</name>
  </book>
  <book year="2014" isbn="ISBN83763550019---11">
    <Authors>
      <Author>
        <Name>Fred</Name>
        <Email>fweasley@hogwarts.co.uk</Email>
      </Author>
      <Author>
        <Name>George</Name>
        <Email>gweasley@hogwarts.co.uk</Email>
      </Author>
    </Authors>
    <name>Book1</name>
  </book>
  <book year="2014" isbn="ISBN83763550019---11">
    <Authors>
      <Author>
        <Name>Fred</Name>
        <Email>fweasley@hogwarts.co.uk</Email>
      </Author>
      <Author>
        <Name>George</Name>
        <Email>gweasley@hogwarts.co.uk</Email>
      </Author>
    </Authors>
    <name>Book2</name>
  </book>
  <book year="2014" isbn="ISBN83763550019---11">
    <Authors>
      <Author>
        <Name>Fred</Name>
        <Email>fweasley@hogwarts.co.uk</Email>
      </Author>
      <Author>
        <Name>George</Name>
        <Email>gweasley@hogwarts.co.uk</Email>
      </Author>
    </Authors>
    <name>Book1</name>
  </book>
  <book year="2014" isbn="ISBN83763550019---11">
    <Authors>
      <Author>
        <Name>Fred</Name>
        <Email>fweasley@hogwarts.co.uk</Email>
      </Author>
      <Author>
        <Name>George</Name>
        <Email>gweasley@hogwarts.co.uk</Email>
      </Author>
    </Authors>
    <name>Book2</name>
  </book>
  <book year="2014" isbn="ISBN83763550019---11">
    <Authors>
      <Author>
        <Name>Fred</Name>
        <Email>fweasley@hogwarts.co.uk</Email>
      </Author>
      <Author>
        <Name>George</Name>
        <Email>gweasley@hogwarts.co.uk</Email>
      </Author>
    </Authors>
    <name>Book1</name>
  </book>
  <book year="2014" isbn="ISBN83763550019---11">
    <Authors>
      <Author>
        <Name>Fred</Name>
        <Email>fweasley@hogwarts.co.uk</Email>
      </Author>
      <Author>
        <Name>George</Name>
        <Email>gweasley@hogwarts.co.uk</Email>
      </Author>
    </Authors>
    <name>Book2</name>
  </book>
  <book year="2014" isbn="ISBN83763550019---11">
    <Authors>
      <Author>
        <Name>Fred</Name>
        <Email>fweasley@hogwarts.co.uk</Email>
      </Author>
      <Author>
        <Name>George</Name>
        <Email>gweasley@hogwarts.co.uk</Email>
      </Author>
    </Authors>
    <name>Book1</name>
  </book>
  <book year="2014" isbn="ISBN83763550019---11">
    <Authors>
      <Author>
        <Name>Fred</Name>
        <Email>fweasley@hogwarts.co.uk</Email>
      </Author>
      <Author>
        <Name>George</Name>
        <Email>gweasley@hogwarts.co.uk</Email>
      </Author>
    </Authors>
    <name>Book2</name>
  </book>
  <book year="2014" isbn="ISBN83763550019---11">
    <Authors>
      <Author>
        <Name>Fred</Name>
        <Email>fweasley@hogwarts.co.uk</Email>
      </Author>
      <Author>
        <Name>George</Name>
        <Email>gweasley@hogwarts.co.uk</Email>
      </Author>
    </Authors>
    <name>Book1</name>
  </book>
  <book year="2014" isbn="ISBN83763550019---11">
    <Authors>
      <Author>
        <Name>Fred</Name>
        <Email>fweasley@hogwarts.co.uk</Email>
      </Author>
      <Author>
        <Name>George</Name>
        <Email>gweasley@hogwarts.co.uk</Email>
      </Author>
    </Authors>
    <name>Book2</name>
  </book>
  <book year="2014" isbn="ISBN83763550019---11">
    <Authors>
      <Author>
        <Name>Fred</Name>
        <Email>fweasley@hogwarts.co.uk</Email>
      </Author>
      <Author>
        <Name>George</Name>
        <Email>gweasley@hogwarts.co.uk</Email>
      </Author>
    </Authors>
    <name>Book1</name>
  </book>
  <book year="2014" isbn="ISBN83763550019---11">
    <Authors>
      <Author>
        <Name>Fred</Name>
        <Email>fweasley@hogwarts.co.uk</Email>
      </Author>
      <Author>
        <Name>George</Name>
        <Email>gweasley@hogwarts.co.uk</Email>
      </Author>
    </Authors>
    <name>Book2</name>
  </book>
  <book year="2014" isbn="ISBN83763550019---11">
    <Authors>
      <Author>
        <Name>Fred</Name>
        <Email>fweasley@hogwarts.co.uk</Email>
      </Author>
      <Author>
        <Name>George</Name>
        <Email>gweasley@hogwarts.co.uk</Email>
      </Author>
    </Authors>
    <name>Book1</name>
  </book>
  <book year="2014" isbn="ISBN83763550019---11">
    <Authors>
      <Author>
        <Name>Fred</Name>
        <Email>fweasley@hogwarts.co.uk</Email>
      </Author>
      <Author>
        <Name>George</Name>
        <Email>gweasley@hogwarts.co.uk</Email>
      </Author>
    </Authors>
    <name>Book2</name>
  </book>
  <book year="2014" isbn="ISBN83763550019---11">
    <Authors>
      <Author>
        <Name>Fred</Name>
        <Email>fweasley@hogwarts.co.uk</Email>
      </Author>
      <Author>
        <Name>George</Name>
        <Email>gweasley@hogwarts.co.uk</Email>
      </Author>
    </Authors>
    <name>Book1</name>
  </book>
  <book year="2014" isbn="ISBN83763550019---11">
    <Authors>
      <Author>
        <Name>Fred</Name>
        <Email>fweasley@hogwarts.co.uk</Email>
      </Author>
      <Author>
        <Name>George</Name>
        <Email>gweasley@hogwarts.co.uk</Email>
      </Author>
    </Authors>
    <name>Book2</name>
  </book>
  <book year="2014" isbn="ISBN83763550019---11">
    <Authors>
      <Author>
        <Name>Fred</Name>
        <Email>fweasley@hogwarts.co.uk</Email>
      </Author>
      <Author>
        <Name>George</Name>
        <Email>gweasley@hogwarts.co.uk</Email>
      </Author>
    </Authors>
    <name>Book1</name>
  </book>
  <book year="2014" isbn="ISBN83763550019---11">
    <Authors>
      <Author>
        <Name>Fred</Name>
        <Email>fweasley@hogwarts.co.uk</Email>
      </Author>
      <Author>
        <Name>George</Name>
        <Email>gweasley@hogwarts.co.uk</Email>
      </Author>
    </Authors>
    <name>Book2</name>
  </book>
  <book year="2014" isbn="ISBN83763550019---11">
    <Authors>
      <Author>
        <Name>Fred</Name>
        <Email>fweasley@hogwarts.co.uk</Email>
      </Author>
      <Author>
        <Name>George</Name>
        <Email>gweasley@hogwarts.co.uk</Email>
      </Author>
    </Authors>
    <name>Book1</name>
  </book>
  <book year="2014" isbn="ISBN83763550019---11">
    <Authors>
      <Author>
        <Name>Fred</Name>
        <Email>fweasley@hogwarts.co.uk</Email>
      </Author>
      <Author>
        <Name>George</Name>
        <Email>gweasley@hogwarts.co.uk</Email>
      </Author>
    </Authors>
    <name>Book2</name>
  </book>
  <book year="2014" isbn="ISBN83763550019---11">
    <Authors>
      <Author>
        <Name>Fred</Name>
        <Email>fweasley@hogwarts.co.uk</Email>
      </Author>
      <Author>
        <Name>George</Name>
        <Email>gweasley@hogwarts.co.uk</Email>
      </Author>
    </Authors>
    <name>Book1</name>
  </book>
  <book year="2014" isbn="ISBN83763550019---11">
    <Authors>
      <Author>
        <Name>Fred</Name>
        <Email>fweasley@hogwarts.co.uk</Email>
      </Author>
      <Author>
        <Name>George</Name>
        <Email>gweasley@hogwarts.co.uk</Email>
      </Author>
    </Authors>
    <name>Book2</name>
  </book>
  <book year="2014" isbn="ISBN83763550019---11">
    <Authors>
      <Author>
        <Name>Fred</Name>
        <Email>fweasley@hogwarts.co.uk</Email>
      </Author>
      <Author>
        <Name>George</Name>
        <Email>gweasley@hogwarts.co.uk</Email>
      </Author>
    </Authors>
    <name>Book1</name>
  </book>
  <book year="2014" isbn="ISBN83763550019---11">
    <Authors>
      <Author>
        <Name>Fred</Name>
        <Email>fweasley@hogwarts.co.uk</Email>
      </Author>
      <Author>
        <Name>George</Name>
        <Email>gweasley@hogwarts.co.uk</Email>
      </Author>
    </Authors>
    <name>Book2</name>
  </book>
  <book year="2014" isbn="ISBN83763550019---11">
    <Authors>
      <Author>
        <Name>Fred</Name>
        <Email>fweasley@hogwarts.co.uk</Email>
      </Author>
      <Author>
        <Name>George</Name>
        <Email>gweasley@hogwarts.co.uk</Email>
      </Author>
    </Authors>
    <name>Book1</name>
  </book>
  <book year="2014" isbn="ISBN83763550019---11">
    <Authors>
      <Author>
        <Name>Fred</Name>
        <Email>fweasley@hogwarts.co.uk</Email>
      </Author>
      <Author>
        <Name>George</Name>
        <Email>gweasley@hogwarts.co.uk</Email>
      </Author>
    </Authors>
    <name>Book2</name>
  </book>
  <book year="2014" isbn="ISBN83763550019---11">
    <Authors>
      <Author>
        <Name>Fred</Name>
        <Email>fweasley@hogwarts.co.uk</Email>
      </Author>
      <Author>
        <Name>George</Name>
        <Email>gweasley@hogwarts.co.uk</Email>
      </Author>
    </Authors>
    <name>Book1</name>
  </book>
  <book year="2014" isbn="ISBN83763550019---11">
    <Authors>
      <Author>
        <Name>Fred</Name>
        <Email>fweasley@hogwarts.co.uk</Email>
      </Author>
      <Author>
        <Name>George</Name>
        <Email>gweasley@hogwarts.co.uk</Email>
      </Author>
    </Authors>
    <name>Book2</name>
  </book>
  <book year="2014" isbn="ISBN83763550019---11">
    <Authors>
      <Author>
        <Name>Fred</Name>
        <Email>fweasley@hogwarts.co.uk</Email>
      </Author>
      <Author>
        <Name>George</Name>
        <Email>gweasley@hogwarts.co.uk</Email>
      </Author>
    </Authors>
    <name>Book1</name>
  </book>
  <book year="2014" isbn="ISBN83763550019---11">
    <Authors>
      <Author>
        <Name>Fred</Name>
        <Email>fweasley@hogwarts.co.uk</Email>
      </Author>
      <Author>
        <Name>George</Name>
        <Email>gweasley@hogwarts.co.uk</Email>
      </Author>
    </Authors>
    <name>Book2</name>
  </book>
  <book year="2014" isbn="ISBN83763550019---11">
    <Authors>
      <Author>
        <Name>Fred</Name>
        <Email>fweasley@hogwarts.co.uk</Email>
      </Author>
      <Author>
        <Name>George</Name>
        <Email>gweasley@hogwarts.co.uk</Email>
      </Author>
    </Authors>
    <name>Book1</name>
  </book>
  <book year="2014" isbn="ISBN83763550019---11">
    <Authors>
      <Author>
        <Name>Fred</Name>
        <Email>fweasley@hogwarts.co.uk</Email>
      </Author>
      <Author>
        <Name>George</Name>
        <Email>gweasley@hogwarts.co.uk</Email>
      </Author>
    </Authors>
    <name>Book2</name>
  </book>
  <book year="2014" isbn="ISBN83763550019---11">
    <Authors>
      <Author>
        <Name>Fred</Name>
        <Email>fweasley@hogwarts.co.uk</Email>
      </Author>
      <Author>
        <Name>George</Name>
        <Email>gweasley@hogwarts.co.uk</Email>
      </Author>
    </Authors>
    <name>Book1</name>
  </book>
  <book year="2014" isbn="ISBN83763550019---11">
    <Authors>
      <Author>
        <Name>Fred</Name>
        <Email>fweasley@hogwarts.co.uk</Email>
      </Author>
      <Author>
        <Name>George</Name>
        <Email>gweasley@hogwarts.co.uk</Email>
      </Author>
    </Authors>
    <name>Book2</name>
  </book>
  <book year="2014" isbn="ISBN83763550019---11">
    <Authors>
      <Author>
        <Name>Fred</Name>
        <Email>fweasley@hogwarts.co.uk</Email>
      </Author>
      <Author>
        <Name>George</Name>
        <Email>gweasley@hogwarts.co.uk</Email>
      </Author>
    </Authors>
    <name>Book1</name>
  </book>
  <book year="2014" isbn="ISBN83763550019---11">
    <Authors>
      <Author>
        <Name>Fred</Name>
        <Email>fweasley@hogwarts.co.uk</Email>
      </Author>
      <Author>
        <Name>George</Name>
        <Email>gweasley@hogwarts.co.uk</Email>
      </Author>
    </Authors>
    <name>Book2</name>
  </book>
  <book year="2014" isbn="ISBN83763550019---11">
    <Authors>
      <Author>
        <Name>Fred</Name>
        <Email>fweasley@hogwarts.co.uk</Email>
      </Author>
      <Author>
        <Name>George</Name>
        <Email>gweasley@hogwarts.co.uk</Email>
      </Author>
    </Authors>
    <name>Book1</name>
  </book>
  <book year="2014" isbn="ISBN83763550019---11">
    <Authors>
      <Author>
        <Name>Fred</Name>
        <Email>fweasley@hogwarts.co.uk</Email>
      </Author>
      <Author>
        <Name>George</Name>
        <Email>gweasley@hogwarts.co.uk</Email>
      </Author>
    </Authors>
    <name>Book2</name>
  </book>
  <book year="2014" isbn="ISBN83763550019---11">
    <Authors>
      <Author>
        <Name>Fred</Name>
        <Email>fweasley@hogwarts.co.uk</Email>
      </Author>
      <Author>
        <Name>George</Name>
        <Email>gweasley@hogwarts.co.uk</Email>
      </Author>
    </Authors>
    <name>Book1</name>
  </book>
  <book year="2014" isbn="ISBN83763550019---11">
    <Authors>
      <Author>
        <Name>Fred</Name>
        <Email>fweasley@hogwarts.co.uk</Email>
      </Author>
      <Author>
        <Name>George</Name>
        <Email>gweasley@hogwarts.co.uk</Email>
      </Author>
    </Authors>
    <name>Book2</name>
  </book>
  <book year="2014" isbn="ISBN83763550019---11">
    <Authors>
      <Author>
        <Name>Fred</Name>
        <Email>fweasley@hogwarts.co.uk</Email>
      </Author>
      <Author>
        <Name>George</Name>
        <Email>gweasley@hogwarts.co.uk</Email>
      </Author>
    </Authors>
    <name>Book1</name>
  </book>
  <book year="2014" isbn="ISBN83763550019---11">
    <Authors>
      <Author>
        <Name>Fred</Name>
        <Email>fweasley@hogwarts.co.uk</Email>
      </Author>
      <Author>
        <Name>George</Name>
        <Email>gweasley@hogwarts.co.uk</Email>
      </Author>
    </Authors>
    <name>Book2</name>
  </book>
  <book year="2014" isbn="ISBN83763550019---11">
    <Authors>
      <Author>
        <Name>Fred</Name>
        <Email>fweasley@hogwarts.co.uk</Email>
      </Author>
      <Author>
        <Name>George</Name>
        <Email>gweasley@hogwarts.co.uk</Email>
      </Author>
    </Authors>
    <name>Book1</name>
  </book>
  <book year="2014" isbn="ISBN83763550019---11">
    <Authors>
      <Author>
        <Name>Fred</Name>
        <Email>fweasley@hogwarts.co.uk</Email>
      </Author>
      <Author>
        <Name>George</Name>
        <Email>gweasley@hogwarts.co.uk</Email>
      </Author>
    </Authors>
    <name>Book2</name>
  </book>
  <book year="2014" isbn="ISBN83763550019---11">
    <Authors>
      <Author>
        <Name>Fred</Name>
        <Email>fweasley@hogwarts.co.uk</Email>
      </Author>
      <Author>
        <Name>George</Name>
        <Email>gweasley@hogwarts.co.uk</Email>
      </Author>
    </Authors>
    <name>Book1</name>
  </book>
  <book year="2014" isbn="ISBN83763550019---11">
    <Authors>
      <Author>
        <Name>Fred</Name>
        <Email>fweasley@hogwarts.co.uk</Email>
      </Author>
      <Author>
        <Name>George</Name>
        <Email>gweasley@hogwarts.co.uk</Email>
      </Author>
    </Authors>
    <name>Book2</name>
  </book>
  <book year="2014" isbn="ISBN83763550019---11">
    <Authors>
      <Author>
        <Name>Fred</Name>
        <Email>fweasley@hogwarts.co.uk</Email>
      </Author>
      <Author>
        <Name>George</Name>
        <Email>gweasley@hogwarts.co.uk</Email>
      </Author>
    </Authors>
    <name>Book1</name>
  </book>
  <book year="2014" isbn="ISBN83763550019---11">
    <Authors>
      <Author>
        <Name>Fred</Name>
        <Email>fweasley@hogwarts.co.uk</Email>
      </Author>
      <Author>
        <Name>George</Name>
        <Email>gweasley@hogwarts.co.uk</Email>
      </Author>
    </Authors>
    <name>Book2</name>
  </book>
  <book year="2014" isbn="ISBN83763550019---11">
    <Authors>
      <Author>
        <Name>Fred</Name>
        <Email>fweasley@hogwarts.co.uk</Email>
      </Author>
      <Author>
        <Name>George</Name>
        <Email>gweasley@hogwarts.co.uk</Email>
      </Author>
    </Authors>
    <name>Book1</name>
  </book>
  <book year="2014" isbn="ISBN83763550019---11">
    <Authors>
      <Author>
        <Name>Fred</Name>
        <Email>fweasley@hogwarts.co.uk</Email>
      </Author>
      <Author>
        <Name>George</Name>
        <Email>gweasley@hogwarts.co.uk</Email>
      </Author>
    </Authors>
    <name>Book2</name>
  </book>
  <book year="2014" isbn="ISBN83763550019---11">
    <Authors>
      <Author>
        <Name>Fred</Name>
        <Email>fweasley@hogwarts.co.uk</Email>
      </Author>
      <Author>
        <Name>George</Name>
        <Email>gweasley@hogwarts.co.uk</Email>
      </Author>
    </Authors>
    <name>Book1</name>
  </book>
  <book year="2014" isbn="ISBN83763550019---11">
    <Authors>
      <Author>
        <Name>Fred</Name>
        <Email>fweasley@hogwarts.co.uk</Email>
      </Author>
      <Author>
        <Name>George</Name>
        <Email>gweasley@hogwarts.co.uk</Email>
      </Author>
    </Authors>
    <name>Book2</name>
  </book>
  <book year="2014" isbn="ISBN83763550019---11">
    <Authors>
      <Author>
        <Name>Fred</Name>
        <Email>fweasley@hogwarts.co.uk</Email>
      </Author>
      <Author>
        <Name>George</Name>
        <Email>gweasley@hogwarts.co.uk</Email>
      </Author>
    </Authors>
    <name>Book1</name>
  </book>
  <book year="2014" isbn="ISBN83763550019---11">
    <Authors>
      <Author>
        <Name>Fred</Name>
        <Email>fweasley@hogwarts.co.uk</Email>
      </Author>
      <Author>
        <Name>George</Name>
        <Email>gweasley@hogwarts.co.uk</Email>
      </Author>
    </Authors>
    <name>Book2</name>
  </book>
  <book year="2014" isbn="ISBN83763550019---11">
    <Authors>
      <Author>
        <Name>Fred</Name>
        <Email>fweasley@hogwarts.co.uk</Email>
      </Author>
      <Author>
        <Name>George</Name>
        <Email>gweasley@hogwarts.co.uk</Email>
      </Author>
    </Authors>
    <name>Book1</name>
  </book>
  <book year="2014" isbn="ISBN83763550019---11">
    <Authors>
      <Author>
        <Name>Fred</Name>
        <Email>fweasley@hogwarts.co.uk</Email>
      </Author>
      <Author>
        <Name>George</Name>
        <Email>gweasley@hogwarts.co.uk</Email>
      </Author>
    </Authors>
    <name>Book2</name>
  </book>
  <book year="2014" isbn="ISBN83763550019---11">
    <Authors>
      <Author>
        <Name>Fred</Name>
        <Email>fweasley@hogwarts.co.uk</Email>
      </Author>
      <Author>
        <Name>George</Name>
        <Email>gweasley@hogwarts.co.uk</Email>
      </Author>
    </Authors>
    <name>Book1</name>
  </book>
  <book year="2014" isbn="ISBN83763550019---11">
    <Authors>
      <Author>
        <Name>Fred</Name>
        <Email>fweasley@hogwarts.co.uk</Email>
      </Author>
      <Author>
        <Name>George</Name>
        <Email>gweasley@hogwarts.co.uk</Email>
      </Author>
    </Authors>
    <name>Book2</name>
  </book>
  <book year="2014" isbn="ISBN83763550019---11">
    <Authors>
      <Author>
        <Name>Fred</Name>
        <Email>fweasley@hogwarts.co.uk</Email>
      </Author>
      <Author>
        <Name>George</Name>
        <Email>gweasley@hogwarts.co.uk</Email>
      </Author>
    </Authors>
    <name>Book1</name>
  </book>
  <book year="2014" isbn="ISBN83763550019---11">
    <Authors>
      <Author>
        <Name>Fred</Name>
        <Email>fweasley@hogwarts.co.uk</Email>
      </Author>
      <Author>
        <Name>George</Name>
        <Email>gweasley@hogwarts.co.uk</Email>
      </Author>
    </Authors>
    <name>Book2</name>
  </book>
  <book year="2014" isbn="ISBN83763550019---11">
    <Authors>
      <Author>
        <Name>Fred</Name>
        <Email>fweasley@hogwarts.co.uk</Email>
      </Author>
      <Author>
        <Name>George</Name>
        <Email>gweasley@hogwarts.co.uk</Email>
      </Author>
    </Authors>
    <name>Book1</name>
  </book>
  <book year="2014" isbn="ISBN83763550019---11">
    <Authors>
      <Author>
        <Name>Fred</Name>
        <Email>fweasley@hogwarts.co.uk</Email>
      </Author>
      <Author>
        <Name>George</Name>
        <Email>gweasley@hogwarts.co.uk</Email>
      </Author>
    </Authors>
    <name>Book2</name>
  </book>
  <book year="2014" isbn="ISBN83763550019---11">
    <Authors>
      <Author>
        <Name>Fred</Name>
        <Email>fweasley@hogwarts.co.uk</Email>
      </Author>
      <Author>
        <Name>George</Name>
        <Email>gweasley@hogwarts.co.uk</Email>
      </Author>
    </Authors>
    <name>Book1</name>
  </book>
  <book year="2014" isbn="ISBN83763550019---11">
    <Authors>
      <Author>
        <Name>Fred</Name>
        <Email>fweasley@hogwarts.co.uk</Email>
      </Author>
      <Author>
        <Name>George</Name>
        <Email>gweasley@hogwarts.co.uk</Email>
      </Author>
    </Authors>
    <name>Book2</name>
  </book>
  <book year="2014" isbn="ISBN83763550019---11">
    <Authors>
      <Author>
        <Name>Fred</Name>
        <Email>fweasley@hogwarts.co.uk</Email>
      </Author>
      <Author>
        <Name>George</Name>
        <Email>gweasley@hogwarts.co.uk</Email>
      </Author>
    </Authors>
    <name>Book1</name>
  </book>
  <book year="2014" isbn="ISBN83763550019---11">
    <Authors>
      <Author>
        <Name>Fred</Name>
        <Email>fweasley@hogwarts.co.uk</Email>
      </Author>
      <Author>
        <Name>George</Name>
        <Email>gweasley@hogwarts.co.uk</Email>
      </Author>
    </Authors>
    <name>Book2</name>
  </book>
  <book year="2014" isbn="ISBN83763550019---11">
    <Authors>
      <Author>
        <Name>Fred</Name>
        <Email>fweasley@hogwarts.co.uk</Email>
      </Author>
      <Author>
        <Name>George</Name>
        <Email>gweasley@hogwarts.co.uk</Email>
      </Author>
    </Authors>
    <name>Book1</name>
  </book>
  <book year="2014" isbn="ISBN83763550019---11">
    <Authors>
      <Author>
        <Name>Fred</Name>
        <Email>fweasley@hogwarts.co.uk</Email>
      </Author>
      <Author>
        <Name>George</Name>
        <Email>gweasley@hogwarts.co.uk</Email>
      </Author>
    </Authors>
    <name>Book2</name>
  </book>
  <book year="2014" isbn="ISBN83763550019---11">
    <Authors>
      <Author>
        <Name>Fred</Name>
        <Email>fweasley@hogwarts.co.uk</Email>
      </Author>
      <Author>
        <Name>George</Name>
        <Email>gweasley@hogwarts.co.uk</Email>
      </Author>
    </Authors>
    <name>Book1</name>
  </book>
  <book year="2014" isbn="ISBN83763550019---11">
    <Authors>
      <Author>
        <Name>Fred</Name>
        <Email>fweasley@hogwarts.co.uk</Email>
      </Author>
      <Author>
        <Name>George</Name>
        <Email>gweasley@hogwarts.co.uk</Email>
      </Author>
    </Authors>
    <name>Book2</name>
  </book>
  <book year="2014" isbn="ISBN83763550019---11">
    <Authors>
      <Author>
        <Name>Fred</Name>
        <Email>fweasley@hogwarts.co.uk</Email>
      </Author>
      <Author>
        <Name>George</Name>
        <Email>gweasley@hogwarts.co.uk</Email>
      </Author>
    </Authors>
    <name>Book1</name>
  </book>
  <book year="2014" isbn="ISBN83763550019---11">
    <Authors>
      <Author>
        <Name>Fred</Name>
        <Email>fweasley@hogwarts.co.uk</Email>
      </Author>
      <Author>
        <Name>George</Name>
        <Email>gweasley@hogwarts.co.uk</Email>
      </Author>
    </Authors>
    <name>Book2</name>
  </book>
  <book year="2014" isbn="ISBN83763550019---11">
    <Authors>
      <Author>
        <Name>Fred</Name>
        <Email>fweasley@hogwarts.co.uk</Email>
      </Author>
      <Author>
        <Name>George</Name>
        <Email>gweasley@hogwarts.co.uk</Email>
      </Author>
    </Authors>
    <name>Book1</name>
  </book>
  <book year="2014" isbn="ISBN83763550019---11">
    <Authors>
      <Author>
        <Name>Fred</Name>
        <Email>fweasley@hogwarts.co.uk</Email>
      </Author>
      <Author>
        <Name>George</Name>
        <Email>gweasley@hogwarts.co.uk</Email>
      </Author>
    </Authors>
    <name>Book2</name>
  </book>
  <book year="2014" isbn="ISBN83763550019---11">
    <Authors>
      <Author>
        <Name>Fred</Name>
        <Email>fweasley@hogwarts.co.uk</Email>
      </Author>
      <Author>
        <Name>George</Name>
        <Email>gweasley@hogwarts.co.uk</Email>
      </Author>
    </Authors>
    <name>Book1</name>
  </book>
  <book year="2014" isbn="ISBN83763550019---11">
    <Authors>
      <Author>
        <Name>Fred</Name>
        <Email>fweasley@hogwarts.co.uk</Email>
      </Author>
      <Author>
        <Name>George</Name>
        <Email>gweasley@hogwarts.co.uk</Email>
      </Author>
    </Authors>
    <name>Book2</name>
  </book>
  <book year="2014" isbn="ISBN83763550019---11">
    <Authors>
      <Author>
        <Name>Fred</Name>
        <Email>fweasley@hogwarts.co.uk</Email>
      </Author>
      <Author>
        <Name>George</Name>
        <Email>gweasley@hogwarts.co.uk</Email>
      </Author>
    </Authors>
    <name>Book1</name>
  </book>
  <book year="2014" isbn="ISBN83763550019---11">
    <Authors>
      <Author>
        <Name>Fred</Name>
        <Email>fweasley@hogwarts.co.uk</Email>
      </Author>
      <Author>
        <Name>George</Name>
        <Email>gweasley@hogwarts.co.uk</Email>
      </Author>
    </Authors>
    <name>Book2</name>
  </book>
  <book year="2014" isbn="ISBN83763550019---11">
    <Authors>
      <Author>
        <Name>Fred</Name>
        <Email>fweasley@hogwarts.co.uk</Email>
      </Author>
      <Author>
        <Name>George</Name>
        <Email>gweasley@hogwarts.co.uk</Email>
      </Author>
    </Authors>
    <name>Book1</name>
  </book>
  <book year="2014" isbn="ISBN83763550019---11">
    <Authors>
      <Author>
        <Name>Fred</Name>
        <Email>fweasley@hogwarts.co.uk</Email>
      </Author>
      <Author>
        <Name>George</Name>
        <Email>gweasley@hogwarts.co.uk</Email>
      </Author>
    </Authors>
    <name>Book2</name>
  </book>
  <book year="2014" isbn="ISBN83763550019---11">
    <Authors>
      <Author>
        <Name>Fred</Name>
        <Email>fweasley@hogwarts.co.uk</Email>
      </Author>
      <Author>
        <Name>George</Name>
        <Email>gweasley@hogwarts.co.uk</Email>
      </Author>
    </Authors>
    <name>Book1</name>
  </book>
  <book year="2014" isbn="ISBN83763550019---11">
    <Authors>
      <Author>
        <Name>Fred</Name>
        <Email>fweasley@hogwarts.co.uk</Email>
      </Author>
      <Author>
        <Name>George</Name>
        <Email>gweasley@hogwarts.co.uk</Email>
      </Author>
    </Authors>
    <name>Book2</name>
  </book>
  <book year="2014" isbn="ISBN83763550019---11">
    <Authors>
      <Author>
        <Name>Fred</Name>
        <Email>fweasley@hogwarts.co.uk</Email>
      </Author>
      <Author>
        <Name>George</Name>
        <Email>gweasley@hogwarts.co.uk</Email>
      </Author>
    </Authors>
    <name>Book1</name>
  </book>
  <book year="2014" isbn="ISBN83763550019---11">
    <Authors>
      <Author>
        <Name>Fred</Name>
        <Email>fweasley@hogwarts.co.uk</Email>
      </Author>
      <Author>
        <Name>George</Name>
        <Email>gweasley@hogwarts.co.uk</Email>
      </Author>
    </Authors>
    <name>Book2</name>
  </book>
  <book year="2014" isbn="ISBN83763550019---11">
    <Authors>
      <Author>
        <Name>Fred</Name>
        <Email>fweasley@hogwarts.co.uk</Email>
      </Author>
      <Author>
        <Name>George</Name>
        <Email>gweasley@hogwarts.co.uk</Email>
      </Author>
    </Authors>
    <name>Book1</name>
  </book>
  <book year="2014" isbn="ISBN83763550019---11">
    <Authors>
      <Author>
        <Name>Fred</Name>
        <Email>fweasley@hogwarts.co.uk</Email>
      </Author>
      <Author>
        <Name>George</Name>
        <Email>gweasley@hogwarts.co.uk</Email>
      </Author>
    </Authors>
    <name>Book2</name>
  </book>
  <book year="2014" isbn="ISBN83763550019---11">
    <Authors>
      <Author>
        <Name>Fred</Name>
        <Email>fweasley@hogwarts.co.uk</Email>
      </Author>
      <Author>
        <Name>George</Name>
        <Email>gweasley@hogwarts.co.uk</Email>
      </Author>
    </Authors>
    <name>Book1</name>
  </book>
  <book year="2014" isbn="ISBN83763550019---11">
    <Authors>
      <Author>
        <Name>Fred</Name>
        <Email>fweasley@hogwarts.co.uk</Email>
      </Author>
      <Author>
        <Name>George</Name>
        <Email>gweasley@hogwarts.co.uk</Email>
      </Author>
    </Authors>
    <name>Book2</name>
  </book>
  <book year="2014" isbn="ISBN83763550019---11">
    <Authors>
      <Author>
        <Name>Fred</Name>
        <Email>fweasley@hogwarts.co.uk</Email>
      </Author>
      <Author>
        <Name>George</Name>
        <Email>gweasley@hogwarts.co.uk</Email>
      </Author>
    </Authors>
    <name>Book1</name>
  </book>
  <book year="2014" isbn="ISBN83763550019---11">
    <Authors>
      <Author>
        <Name>Fred</Name>
        <Email>fweasley@hogwarts.co.uk</Email>
      </Author>
      <Author>
        <Name>George</Name>
        <Email>gweasley@hogwarts.co.uk</Email>
      </Author>
    </Authors>
    <name>Book2</name>
  </book>
  <book year="2014" isbn="ISBN83763550019---11">
    <Authors>
      <Author>
        <Name>Fred</Name>
        <Email>fweasley@hogwarts.co.uk</Email>
      </Author>
      <Author>
        <Name>George</Name>
        <Email>gweasley@hogwarts.co.uk</Email>
      </Author>
    </Authors>
    <name>Book1</name>
  </book>
  <book year="2014" isbn="ISBN83763550019---11">
    <Authors>
      <Author>
        <Name>Fred</Name>
        <Email>fweasley@hogwarts.co.uk</Email>
      </Author>
      <Author>
        <Name>George</Name>
        <Email>gweasley@hogwarts.co.uk</Email>
      </Author>
    </Authors>
    <name>Book2</name>
  </book>
  <book year="2014" isbn="ISBN83763550019---11">
    <Authors>
      <Author>
        <Name>Fred</Name>
        <Email>fweasley@hogwarts.co.uk</Email>
      </Author>
      <Author>
        <Name>George</Name>
        <Email>gweasley@hogwarts.co.uk</Email>
      </Author>
    </Authors>
    <name>Book1</name>
  </book>
  <book year="2014" isbn="ISBN83763550019---11">
    <Authors>
      <Author>
        <Name>Fred</Name>
        <Email>fweasley@hogwarts.co.uk</Email>
      </Author>
      <Author>
        <Name>George</Name>
        <Email>gweasley@hogwarts.co.uk</Email>
      </Author>
    </Authors>
    <name>Book2</name>
  </book>
  <book year="2014" isbn="ISBN83763550019---11">
    <Authors>
      <Author>
        <Name>Fred</Name>
        <Email>fweasley@hogwarts.co.uk</Email>
      </Author>
      <Author>
        <Name>George</Name>
        <Email>gweasley@hogwarts.co.uk</Email>
      </Author>
    </Authors>
    <name>Book1</name>
  </book>
  <book year="2014" isbn="ISBN83763550019---11">
    <Authors>
      <Author>
        <Name>Fred</Name>
        <Email>fweasley@hogwarts.co.uk</Email>
      </Author>
      <Author>
        <Name>George</Name>
        <Email>gweasley@hogwarts.co.uk</Email>
      </Author>
    </Authors>
    <name>Book2</name>
  </book>
  <book year="2014" isbn="ISBN83763550019---11">
    <Authors>
      <Author>
        <Name>Fred</Name>
        <Email>fweasley@hogwarts.co.uk</Email>
      </Author>
      <Author>
        <Name>George</Name>
        <Email>gweasley@hogwarts.co.uk</Email>
      </Author>
    </Authors>
    <name>Book1</name>
  </book>
  <book year="2014" isbn="ISBN83763550019---11">
    <Authors>
      <Author>
        <Name>Fred</Name>
        <Email>fweasley@hogwarts.co.uk</Email>
      </Author>
      <Author>
        <Name>George</Name>
        <Email>gweasley@hogwarts.co.uk</Email>
      </Author>
    </Authors>
    <name>Book2</name>
  </book>
  <book year="2014" isbn="ISBN83763550019---11">
    <Authors>
      <Author>
        <Name>Fred</Name>
        <Email>fweasley@hogwarts.co.uk</Email>
      </Author>
      <Author>
        <Name>George</Name>
        <Email>gweasley@hogwarts.co.uk</Email>
      </Author>
    </Authors>
    <name>Book1</name>
  </book>
  <book year="2014" isbn="ISBN83763550019---11">
    <Authors>
      <Author>
        <Name>Fred</Name>
        <Email>fweasley@hogwarts.co.uk</Email>
      </Author>
      <Author>
        <Name>George</Name>
        <Email>gweasley@hogwarts.co.uk</Email>
      </Author>
    </Authors>
    <name>Book2</name>
  </book>
  <book year="2014" isbn="ISBN83763550019---11">
    <Authors>
      <Author>
        <Name>Fred</Name>
        <Email>fweasley@hogwarts.co.uk</Email>
      </Author>
      <Author>
        <Name>George</Name>
        <Email>gweasley@hogwarts.co.uk</Email>
      </Author>
    </Authors>
    <name>Book1</name>
  </book>
  <book year="2014" isbn="ISBN83763550019---11">
    <Authors>
      <Author>
        <Name>Fred</Name>
        <Email>fweasley@hogwarts.co.uk</Email>
      </Author>
      <Author>
        <Name>George</Name>
        <Email>gweasley@hogwarts.co.uk</Email>
      </Author>
    </Authors>
    <name>Book2</name>
  </book>
  <book year="2014" isbn="ISBN83763550019---11">
    <Authors>
      <Author>
        <Name>Fred</Name>
        <Email>fweasley@hogwarts.co.uk</Email>
      </Author>
      <Author>
        <Name>George</Name>
        <Email>gweasley@hogwarts.co.uk</Email>
      </Author>
    </Authors>
    <name>Book1</name>
  </book>
  <book year="2014" isbn="ISBN83763550019---11">
    <Authors>
      <Author>
        <Name>Fred</Name>
        <Email>fweasley@hogwarts.co.uk</Email>
      </Author>
      <Author>
        <Name>George</Name>
        <Email>gweasley@hogwarts.co.uk</Email>
      </Author>
    </Authors>
    <name>Book2</name>
  </book>
  <book year="2014" isbn="ISBN83763550019---11">
    <Authors>
      <Author>
        <Name>Fred</Name>
        <Email>fweasley@hogwarts.co.uk</Email>
      </Author>
      <Author>
        <Name>George</Name>
        <Email>gweasley@hogwarts.co.uk</Email>
      </Author>
    </Authors>
    <name>Book1</name>
  </book>
  <book year="2014" isbn="ISBN83763550019---11">
    <Authors>
      <Author>
        <Name>Fred</Name>
        <Email>fweasley@hogwarts.co.uk</Email>
      </Author>
      <Author>
        <Name>George</Name>
        <Email>gweasley@hogwarts.co.uk</Email>
      </Author>
    </Authors>
    <name>Book2</name>
  </book>
  <book year="2014" isbn="ISBN83763550019---11">
    <Authors>
      <Author>
        <Name>Fred</Name>
        <Email>fweasley@hogwarts.co.uk</Email>
      </Author>
      <Author>
        <Name>George</Name>
        <Email>gweasley@hogwarts.co.uk</Email>
      </Author>
    </Authors>
    <name>Book1</name>
  </book>
  <book year="2014" isbn="ISBN83763550019---11">
    <Authors>
      <Author>
        <Name>Fred</Name>
        <Email>fweasley@hogwarts.co.uk</Email>
      </Author>
      <Author>
        <Name>George</Name>
        <Email>gweasley@hogwarts.co.uk</Email>
      </Author>
    </Authors>
    <name>Book2</name>
  </book>
  <book year="2014" isbn="ISBN83763550019---11">
    <Authors>
      <Author>
        <Name>Fred</Name>
        <Email>fweasley@hogwarts.co.uk</Email>
      </Author>
      <Author>
        <Name>George</Name>
        <Email>gweasley@hogwarts.co.uk</Email>
      </Author>
    </Authors>
    <name>Book1</name>
  </book>
  <book year="2014" isbn="ISBN83763550019---11">
    <Authors>
      <Author>
        <Name>Fred</Name>
        <Email>fweasley@hogwarts.co.uk</Email>
      </Author>
      <Author>
        <Name>George</Name>
        <Email>gweasley@hogwarts.co.uk</Email>
      </Author>
    </Authors>
    <name>Book2</name>
  </book>
  <book year="2014" isbn="ISBN83763550019---11">
    <Authors>
      <Author>
        <Name>Fred</Name>
        <Email>fweasley@hogwarts.co.uk</Email>
      </Author>
      <Author>
        <Name>George</Name>
        <Email>gweasley@hogwarts.co.uk</Email>
      </Author>
    </Authors>
    <name>Book1</name>
  </book>
  <book year="2014" isbn="ISBN83763550019---11">
    <Authors>
      <Author>
        <Name>Fred</Name>
        <Email>fweasley@hogwarts.co.uk</Email>
      </Author>
      <Author>
        <Name>George</Name>
        <Email>gweasley@hogwarts.co.uk</Email>
      </Author>
    </Authors>
    <name>Book2</name>
  </book>
  <book year="2014" isbn="ISBN83763550019---11">
    <Authors>
      <Author>
        <Name>Fred</Name>
        <Email>fweasley@hogwarts.co.uk</Email>
      </Author>
      <Author>
        <Name>George</Name>
        <Email>gweasley@hogwarts.co.uk</Email>
      </Author>
    </Authors>
    <name>Book1</name>
  </book>
  <book year="2014" isbn="ISBN83763550019---11">
    <Authors>
      <Author>
        <Name>Fred</Name>
        <Email>fweasley@hogwarts.co.uk</Email>
      </Author>
      <Author>
        <Name>George</Name>
        <Email>gweasley@hogwarts.co.uk</Email>
      </Author>
    </Authors>
    <name>Book2</name>
  </book>
  <book year="2014" isbn="ISBN83763550019---11">
    <Authors>
      <Author>
        <Name>Fred</Name>
        <Email>fweasley@hogwarts.co.uk</Email>
      </Author>
      <Author>
        <Name>George</Name>
        <Email>gweasley@hogwarts.co.uk</Email>
      </Author>
    </Authors>
    <name>Book1</name>
  </book>
  <book year="2014" isbn="ISBN83763550019---11">
    <Authors>
      <Author>
        <Name>Fred</Name>
        <Email>fweasley@hogwarts.co.uk</Email>
      </Author>
      <Author>
        <Name>George</Name>
        <Email>gweasley@hogwarts.co.uk</Email>
      </Author>
    </Authors>
    <name>Book2</name>
  </book>
  <book year="2014" isbn="ISBN83763550019---11">
    <Authors>
      <Author>
        <Name>Fred</Name>
        <Email>fweasley@hogwarts.co.uk</Email>
      </Author>
      <Author>
        <Name>George</Name>
        <Email>gweasley@hogwarts.co.uk</Email>
      </Author>
    </Authors>
    <name>Book1</name>
  </book>
  <book year="2014" isbn="ISBN83763550019---11">
    <Authors>
      <Author>
        <Name>Fred</Name>
        <Email>fweasley@hogwarts.co.uk</Email>
      </Author>
      <Author>
        <Name>George</Name>
        <Email>gweasley@hogwarts.co.uk</Email>
      </Author>
    </Authors>
    <name>Book2</name>
  </book>
  <book year="2014" isbn="ISBN83763550019---11">
    <Authors>
      <Author>
        <Name>Fred</Name>
        <Email>fweasley@hogwarts.co.uk</Email>
      </Author>
      <Author>
        <Name>George</Name>
        <Email>gweasley@hogwarts.co.uk</Email>
      </Author>
    </Authors>
    <name>Book1</name>
  </book>
  <book year="2014" isbn="ISBN83763550019---11">
    <Authors>
      <Author>
        <Name>Fred</Name>
        <Email>fweasley@hogwarts.co.uk</Email>
      </Author>
      <Author>
        <Name>George</Name>
        <Email>gweasley@hogwarts.co.uk</Email>
      </Author>
    </Authors>
    <name>Book2</name>
  </book>
  <book year="2014" isbn="ISBN83763550019---11">
    <Authors>
      <Author>
        <Name>Fred</Name>
        <Email>fweasley@hogwarts.co.uk</Email>
      </Author>
      <Author>
        <Name>George</Name>
        <Email>gweasley@hogwarts.co.uk</Email>
      </Author>
    </Authors>
    <name>Book1</name>
  </book>
  <book year="2014" isbn="ISBN83763550019---11">
    <Authors>
      <Author>
        <Name>Fred</Name>
        <Email>fweasley@hogwarts.co.uk</Email>
      </Author>
      <Author>
        <Name>George</Name>
        <Email>gweasley@hogwarts.co.uk</Email>
      </Author>
    </Authors>
    <name>Book2</name>
  </book>
  <book year="2014" isbn="ISBN83763550019---11">
    <Authors>
      <Author>
        <Name>Fred</Name>
        <Email>fweasley@hogwarts.co.uk</Email>
      </Author>
      <Author>
        <Name>George</Name>
        <Email>gweasley@hogwarts.co.uk</Email>
      </Author>
    </Authors>
    <name>Book1</name>
  </book>
  <book year="2014" isbn="ISBN83763550019---11">
    <Authors>
      <Author>
        <Name>Fred</Name>
        <Email>fweasley@hogwarts.co.uk</Email>
      </Author>
      <Author>
        <Name>George</Name>
        <Email>gweasley@hogwarts.co.uk</Email>
      </Author>
    </Authors>
    <name>Book2</name>
  </book>
  <book year="2014" isbn="ISBN83763550019---11">
    <Authors>
      <Author>
        <Name>Fred</Name>
        <Email>fweasley@hogwarts.co.uk</Email>
      </Author>
      <Author>
        <Name>George</Name>
        <Email>gweasley@hogwarts.co.uk</Email>
      </Author>
    </Authors>
    <name>Book1</name>
  </book>
  <book year="2014" isbn="ISBN83763550019---11">
    <Authors>
      <Author>
        <Name>Fred</Name>
        <Email>fweasley@hogwarts.co.uk</Email>
      </Author>
      <Author>
        <Name>George</Name>
        <Email>gweasley@hogwarts.co.uk</Email>
      </Author>
    </Authors>
    <name>Book2</name>
  </book>
  <book year="2014" isbn="ISBN83763550019---11">
    <Authors>
      <Author>
        <Name>Fred</Name>
        <Email>fweasley@hogwarts.co.uk</Email>
      </Author>
      <Author>
        <Name>George</Name>
        <Email>gweasley@hogwarts.co.uk</Email>
      </Author>
    </Authors>
    <name>Book1</name>
  </book>
  <book year="2014" isbn="ISBN83763550019---11">
    <Authors>
      <Author>
        <Name>Fred</Name>
        <Email>fweasley@hogwarts.co.uk</Email>
      </Author>
      <Author>
        <Name>George</Name>
        <Email>gweasley@hogwarts.co.uk</Email>
      </Author>
    </Authors>
    <name>Book2</name>
  </book>
  <book year="2014" isbn="ISBN83763550019---11">
    <Authors>
      <Author>
        <Name>Fred</Name>
        <Email>fweasley@hogwarts.co.uk</Email>
      </Author>
      <Author>
        <Name>George</Name>
        <Email>gweasley@hogwarts.co.uk</Email>
      </Author>
    </Authors>
    <name>Book1</name>
  </book>
  <book year="2014" isbn="ISBN83763550019---11">
    <Authors>
      <Author>
        <Name>Fred</Name>
        <Email>fweasley@hogwarts.co.uk</Email>
      </Author>
      <Author>
        <Name>George</Name>
        <Email>gweasley@hogwarts.co.uk</Email>
      </Author>
    </Authors>
    <name>Book2</name>
  </book>
  <book year="2014" isbn="ISBN83763550019---11">
    <Authors>
      <Author>
        <Name>Fred</Name>
        <Email>fweasley@hogwarts.co.uk</Email>
      </Author>
      <Author>
        <Name>George</Name>
        <Email>gweasley@hogwarts.co.uk</Email>
      </Author>
    </Authors>
    <name>Book1</name>
  </book>
  <book year="2014" isbn="ISBN83763550019---11">
    <Authors>
      <Author>
        <Name>Fred</Name>
        <Email>fweasley@hogwarts.co.uk</Email>
      </Author>
      <Author>
        <Name>George</Name>
        <Email>gweasley@hogwarts.co.uk</Email>
      </Author>
    </Authors>
    <name>Book2</name>
  </book>
  <book year="2014" isbn="ISBN83763550019---11">
    <Authors>
      <Author>
        <Name>Fred</Name>
        <Email>fweasley@hogwarts.co.uk</Email>
      </Author>
      <Author>
        <Name>George</Name>
        <Email>gweasley@hogwarts.co.uk</Email>
      </Author>
    </Authors>
    <name>Book1</name>
  </book>
  <book year="2014" isbn="ISBN83763550019---11">
    <Authors>
      <Author>
        <Name>Fred</Name>
        <Email>fweasley@hogwarts.co.uk</Email>
      </Author>
      <Author>
        <Name>George</Name>
        <Email>gweasley@hogwarts.co.uk</Email>
      </Author>
    </Authors>
    <name>Book2</name>
  </book>
  <book year="2014" isbn="ISBN83763550019---11">
    <Authors>
      <Author>
        <Name>Fred</Name>
        <Email>fweasley@hogwarts.co.uk</Email>
      </Author>
      <Author>
        <Name>George</Name>
        <Email>gweasley@hogwarts.co.uk</Email>
      </Author>
    </Authors>
    <name>Book1</name>
  </book>
  <book year="2014" isbn="ISBN83763550019---11">
    <Authors>
      <Author>
        <Name>Fred</Name>
        <Email>fweasley@hogwarts.co.uk</Email>
      </Author>
      <Author>
        <Name>George</Name>
        <Email>gweasley@hogwarts.co.uk</Email>
      </Author>
    </Authors>
    <name>Book2</name>
  </book>
  <book year="2014" isbn="ISBN83763550019---11">
    <Authors>
      <Author>
        <Name>Fred</Name>
        <Email>fweasley@hogwarts.co.uk</Email>
      </Author>
      <Author>
        <Name>George</Name>
        <Email>gweasley@hogwarts.co.uk</Email>
      </Author>
    </Authors>
    <name>Book1</name>
  </book>
  <book year="2014" isbn="ISBN83763550019---11">
    <Authors>
      <Author>
        <Name>Fred</Name>
        <Email>fweasley@hogwarts.co.uk</Email>
      </Author>
      <Author>
        <Name>George</Name>
        <Email>gweasley@hogwarts.co.uk</Email>
      </Author>
    </Authors>
    <name>Book2</name>
  </book>
  <book year="2014" isbn="ISBN83763550019---11">
    <Authors>
      <Author>
        <Name>Fred</Name>
        <Email>fweasley@hogwarts.co.uk</Email>
      </Author>
      <Author>
        <Name>George</Name>
        <Email>gweasley@hogwarts.co.uk</Email>
      </Author>
    </Authors>
    <name>Book1</name>
  </book>
  <book year="2014" isbn="ISBN83763550019---11">
    <Authors>
      <Author>
        <Name>Fred</Name>
        <Email>fweasley@hogwarts.co.uk</Email>
      </Author>
      <Author>
        <Name>George</Name>
        <Email>gweasley@hogwarts.co.uk</Email>
      </Author>
    </Authors>
    <name>Book2</name>
  </book>
  <book year="2014" isbn="ISBN83763550019---11">
    <Authors>
      <Author>
        <Name>Fred</Name>
        <Email>fweasley@hogwarts.co.uk</Email>
      </Author>
      <Author>
        <Name>George</Name>
        <Email>gweasley@hogwarts.co.uk</Email>
      </Author>
    </Authors>
    <name>Book1</name>
  </book>
  <book year="2014" isbn="ISBN83763550019---11">
    <Authors>
      <Author>
        <Name>Fred</Name>
        <Email>fweasley@hogwarts.co.uk</Email>
      </Author>
      <Author>
        <Name>George</Name>
        <Email>gweasley@hogwarts.co.uk</Email>
      </Author>
    </Authors>
    <name>Book2</name>
  </book>
  <book year="2014" isbn="ISBN83763550019---11">
    <Authors>
      <Author>
        <Name>Fred</Name>
        <Email>fweasley@hogwarts.co.uk</Email>
      </Author>
      <Author>
        <Name>George</Name>
        <Email>gweasley@hogwarts.co.uk</Email>
      </Author>
    </Authors>
    <name>Book1</name>
  </book>
  <book year="2014" isbn="ISBN83763550019---11">
    <Authors>
      <Author>
        <Name>Fred</Name>
        <Email>fweasley@hogwarts.co.uk</Email>
      </Author>
      <Author>
        <Name>George</Name>
        <Email>gweasley@hogwarts.co.uk</Email>
      </Author>
    </Authors>
    <name>Book2</name>
  </book>
  <book year="2014" isbn="ISBN83763550019---11">
    <Authors>
      <Author>
        <Name>Fred</Name>
        <Email>fweasley@hogwarts.co.uk</Email>
      </Author>
      <Author>
        <Name>George</Name>
        <Email>gweasley@hogwarts.co.uk</Email>
      </Author>
    </Authors>
    <name>Book1</name>
  </book>
  <book year="2014" isbn="ISBN83763550019---11">
    <Authors>
      <Author>
        <Name>Fred</Name>
        <Email>fweasley@hogwarts.co.uk</Email>
      </Author>
      <Author>
        <Name>George</Name>
        <Email>gweasley@hogwarts.co.uk</Email>
      </Author>
    </Authors>
    <name>Book2</name>
  </book>
  <book year="2014" isbn="ISBN83763550019---11">
    <Authors>
      <Author>
        <Name>Fred</Name>
        <Email>fweasley@hogwarts.co.uk</Email>
      </Author>
      <Author>
        <Name>George</Name>
        <Email>gweasley@hogwarts.co.uk</Email>
      </Author>
    </Authors>
    <name>Book1</name>
  </book>
  <book year="2014" isbn="ISBN83763550019---11">
    <Authors>
      <Author>
        <Name>Fred</Name>
        <Email>fweasley@hogwarts.co.uk</Email>
      </Author>
      <Author>
        <Name>George</Name>
        <Email>gweasley@hogwarts.co.uk</Email>
      </Author>
    </Authors>
    <name>Book2</name>
  </book>
  <book year="2014" isbn="ISBN83763550019---11">
    <Authors>
      <Author>
        <Name>Fred</Name>
        <Email>fweasley@hogwarts.co.uk</Email>
      </Author>
      <Author>
        <Name>George</Name>
        <Email>gweasley@hogwarts.co.uk</Email>
      </Author>
    </Authors>
    <name>Book1</name>
  </book>
  <book year="2014" isbn="ISBN83763550019---11">
    <Authors>
      <Author>
        <Name>Fred</Name>
        <Email>fweasley@hogwarts.co.uk</Email>
      </Author>
      <Author>
        <Name>George</Name>
        <Email>gweasley@hogwarts.co.uk</Email>
      </Author>
    </Authors>
    <name>Book2</name>
  </book>
  <book year="2014" isbn="ISBN83763550019---11">
    <Authors>
      <Author>
        <Name>Fred</Name>
        <Email>fweasley@hogwarts.co.uk</Email>
      </Author>
      <Author>
        <Name>George</Name>
        <Email>gweasley@hogwarts.co.uk</Email>
      </Author>
    </Authors>
    <name>Book1</name>
  </book>
  <book year="2014" isbn="ISBN83763550019---11">
    <Authors>
      <Author>
        <Name>Fred</Name>
        <Email>fweasley@hogwarts.co.uk</Email>
      </Author>
      <Author>
        <Name>George</Name>
        <Email>gweasley@hogwarts.co.uk</Email>
      </Author>
    </Authors>
    <name>Book2</name>
  </book>
  <book year="2014" isbn="ISBN83763550019---11">
    <Authors>
      <Author>
        <Name>Fred</Name>
        <Email>fweasley@hogwarts.co.uk</Email>
      </Author>
      <Author>
        <Name>George</Name>
        <Email>gweasley@hogwarts.co.uk</Email>
      </Author>
    </Authors>
    <name>Book1</name>
  </book>
  <book year="2014" isbn="ISBN83763550019---11">
    <Authors>
      <Author>
        <Name>Fred</Name>
        <Email>fweasley@hogwarts.co.uk</Email>
      </Author>
      <Author>
        <Name>George</Name>
        <Email>gweasley@hogwarts.co.uk</Email>
      </Author>
    </Authors>
    <name>Book2</name>
  </book>
  <book year="2014" isbn="ISBN83763550019---11">
    <Authors>
      <Author>
        <Name>Fred</Name>
        <Email>fweasley@hogwarts.co.uk</Email>
      </Author>
      <Author>
        <Name>George</Name>
        <Email>gweasley@hogwarts.co.uk</Email>
      </Author>
    </Authors>
    <name>Book1</name>
  </book>
  <book year="2014" isbn="ISBN83763550019---11">
    <Authors>
      <Author>
        <Name>Fred</Name>
        <Email>fweasley@hogwarts.co.uk</Email>
      </Author>
      <Author>
        <Name>George</Name>
        <Email>gweasley@hogwarts.co.uk</Email>
      </Author>
    </Authors>
    <name>Book2</name>
  </book>
  <book year="2014" isbn="ISBN83763550019---11">
    <Authors>
      <Author>
        <Name>Fred</Name>
        <Email>fweasley@hogwarts.co.uk</Email>
      </Author>
      <Author>
        <Name>George</Name>
        <Email>gweasley@hogwarts.co.uk</Email>
      </Author>
    </Authors>
    <name>Book1</name>
  </book>
  <book year="2014" isbn="ISBN83763550019---11">
    <Authors>
      <Author>
        <Name>Fred</Name>
        <Email>fweasley@hogwarts.co.uk</Email>
      </Author>
      <Author>
        <Name>George</Name>
        <Email>gweasley@hogwarts.co.uk</Email>
      </Author>
    </Authors>
    <name>Book2</name>
  </book>
  <book year="2014" isbn="ISBN83763550019---11">
    <Authors>
      <Author>
        <Name>Fred</Name>
        <Email>fweasley@hogwarts.co.uk</Email>
      </Author>
      <Author>
        <Name>George</Name>
        <Email>gweasley@hogwarts.co.uk</Email>
      </Author>
    </Authors>
    <name>Book1</name>
  </book>
  <book year="2014" isbn="ISBN83763550019---11">
    <Authors>
      <Author>
        <Name>Fred</Name>
        <Email>fweasley@hogwarts.co.uk</Email>
      </Author>
      <Author>
        <Name>George</Name>
        <Email>gweasley@hogwarts.co.uk</Email>
      </Author>
    </Authors>
    <name>Book2</name>
  </book>
  <book year="2014" isbn="ISBN83763550019---11">
    <Authors>
      <Author>
        <Name>Fred</Name>
        <Email>fweasley@hogwarts.co.uk</Email>
      </Author>
      <Author>
        <Name>George</Name>
        <Email>gweasley@hogwarts.co.uk</Email>
      </Author>
    </Authors>
    <name>Book1</name>
  </book>
  <book year="2014" isbn="ISBN83763550019---11">
    <Authors>
      <Author>
        <Name>Fred</Name>
        <Email>fweasley@hogwarts.co.uk</Email>
      </Author>
      <Author>
        <Name>George</Name>
        <Email>gweasley@hogwarts.co.uk</Email>
      </Author>
    </Authors>
    <name>Book2</name>
  </book>
  <book year="2014" isbn="ISBN83763550019---11">
    <Authors>
      <Author>
        <Name>Fred</Name>
        <Email>fweasley@hogwarts.co.uk</Email>
      </Author>
      <Author>
        <Name>George</Name>
        <Email>gweasley@hogwarts.co.uk</Email>
      </Author>
    </Authors>
    <name>Book1</name>
  </book>
  <book year="2014" isbn="ISBN83763550019---11">
    <Authors>
      <Author>
        <Name>Fred</Name>
        <Email>fweasley@hogwarts.co.uk</Email>
      </Author>
      <Author>
        <Name>George</Name>
        <Email>gweasley@hogwarts.co.uk</Email>
      </Author>
    </Authors>
    <name>Book2</name>
  </book>
  <book year="2014" isbn="ISBN83763550019---11">
    <Authors>
      <Author>
        <Name>Fred</Name>
        <Email>fweasley@hogwarts.co.uk</Email>
      </Author>
      <Author>
        <Name>George</Name>
        <Email>gweasley@hogwarts.co.uk</Email>
      </Author>
    </Authors>
    <name>Book1</name>
  </book>
  <book year="2014" isbn="ISBN83763550019---11">
    <Authors>
      <Author>
        <Name>Fred</Name>
        <Email>fweasley@hogwarts.co.uk</Email>
      </Author>
      <Author>
        <Name>George</Name>
        <Email>gweasley@hogwarts.co.uk</Email>
      </Author>
    </Authors>
    <name>Book2</name>
  </book>
  <book year="2014" isbn="ISBN83763550019---11">
    <Authors>
      <Author>
        <Name>Fred</Name>
        <Email>fweasley@hogwarts.co.uk</Email>
      </Author>
      <Author>
        <Name>George</Name>
        <Email>gweasley@hogwarts.co.uk</Email>
      </Author>
    </Authors>
    <name>Book1</name>
  </book>
  <book year="2014" isbn="ISBN83763550019---11">
    <Authors>
      <Author>
        <Name>Fred</Name>
        <Email>fweasley@hogwarts.co.uk</Email>
      </Author>
      <Author>
        <Name>George</Name>
        <Email>gweasley@hogwarts.co.uk</Email>
      </Author>
    </Authors>
    <name>Book2</name>
  </book>
  <book year="2014" isbn="ISBN83763550019---11">
    <Authors>
      <Author>
        <Name>Fred</Name>
        <Email>fweasley@hogwarts.co.uk</Email>
      </Author>
      <Author>
        <Name>George</Name>
        <Email>gweasley@hogwarts.co.uk</Email>
      </Author>
    </Authors>
    <name>Book1</name>
  </book>
  <book year="2014" isbn="ISBN83763550019---11">
    <Authors>
      <Author>
        <Name>Fred</Name>
        <Email>fweasley@hogwarts.co.uk</Email>
      </Author>
      <Author>
        <Name>George</Name>
        <Email>gweasley@hogwarts.co.uk</Email>
      </Author>
    </Authors>
    <name>Book2</name>
  </book>
  <book year="2014" isbn="ISBN83763550019---11">
    <Authors>
      <Author>
        <Name>Fred</Name>
        <Email>fweasley@hogwarts.co.uk</Email>
      </Author>
      <Author>
        <Name>George</Name>
        <Email>gweasley@hogwarts.co.uk</Email>
      </Author>
    </Authors>
    <name>Book1</name>
  </book>
  <book year="2014" isbn="ISBN83763550019---11">
    <Authors>
      <Author>
        <Name>Fred</Name>
        <Email>fweasley@hogwarts.co.uk</Email>
      </Author>
      <Author>
        <Name>George</Name>
        <Email>gweasley@hogwarts.co.uk</Email>
      </Author>
    </Authors>
    <name>Book2</name>
  </book>
  <book year="2014" isbn="ISBN83763550019---11">
    <Authors>
      <Author>
        <Name>Fred</Name>
        <Email>fweasley@hogwarts.co.uk</Email>
      </Author>
      <Author>
        <Name>George</Name>
        <Email>gweasley@hogwarts.co.uk</Email>
      </Author>
    </Authors>
    <name>Book1</name>
  </book>
  <book year="2014" isbn="ISBN83763550019---11">
    <Authors>
      <Author>
        <Name>Fred</Name>
        <Email>fweasley@hogwarts.co.uk</Email>
      </Author>
      <Author>
        <Name>George</Name>
        <Email>gweasley@hogwarts.co.uk</Email>
      </Author>
    </Authors>
    <name>Book2</name>
  </book>
  <book year="2014" isbn="ISBN83763550019---11">
    <Authors>
      <Author>
        <Name>Fred</Name>
        <Email>fweasley@hogwarts.co.uk</Email>
      </Author>
      <Author>
        <Name>George</Name>
        <Email>gweasley@hogwarts.co.uk</Email>
      </Author>
    </Authors>
    <name>Book1</name>
  </book>
  <book year="2014" isbn="ISBN83763550019---11">
    <Authors>
      <Author>
        <Name>Fred</Name>
        <Email>fweasley@hogwarts.co.uk</Email>
      </Author>
      <Author>
        <Name>George</Name>
        <Email>gweasley@hogwarts.co.uk</Email>
      </Author>
    </Authors>
    <name>Book2</name>
  </book>
  <book year="2014" isbn="ISBN83763550019---11">
    <Authors>
      <Author>
        <Name>Fred</Name>
        <Email>fweasley@hogwarts.co.uk</Email>
      </Author>
      <Author>
        <Name>George</Name>
        <Email>gweasley@hogwarts.co.uk</Email>
      </Author>
    </Authors>
    <name>Book1</name>
  </book>
  <book year="2014" isbn="ISBN83763550019---11">
    <Authors>
      <Author>
        <Name>Fred</Name>
        <Email>fweasley@hogwarts.co.uk</Email>
      </Author>
      <Author>
        <Name>George</Name>
        <Email>gweasley@hogwarts.co.uk</Email>
      </Author>
    </Authors>
    <name>Book2</name>
  </book>
  <book year="2014" isbn="ISBN83763550019---11">
    <Authors>
      <Author>
        <Name>Fred</Name>
        <Email>fweasley@hogwarts.co.uk</Email>
      </Author>
      <Author>
        <Name>George</Name>
        <Email>gweasley@hogwarts.co.uk</Email>
      </Author>
    </Authors>
    <name>Book1</name>
  </book>
  <book year="2014" isbn="ISBN83763550019---11">
    <Authors>
      <Author>
        <Name>Fred</Name>
        <Email>fweasley@hogwarts.co.uk</Email>
      </Author>
      <Author>
        <Name>George</Name>
        <Email>gweasley@hogwarts.co.uk</Email>
      </Author>
    </Authors>
    <name>Book2</name>
  </book>
  <book year="2014" isbn="ISBN83763550019---11">
    <Authors>
      <Author>
        <Name>Fred</Name>
        <Email>fweasley@hogwarts.co.uk</Email>
      </Author>
      <Author>
        <Name>George</Name>
        <Email>gweasley@hogwarts.co.uk</Email>
      </Author>
    </Authors>
    <name>Book1</name>
  </book>
  <book year="2014" isbn="ISBN83763550019---11">
    <Authors>
      <Author>
        <Name>Fred</Name>
        <Email>fweasley@hogwarts.co.uk</Email>
      </Author>
      <Author>
        <Name>George</Name>
        <Email>gweasley@hogwarts.co.uk</Email>
      </Author>
    </Authors>
    <name>Book2</name>
  </book>
  <book year="2014" isbn="ISBN83763550019---11">
    <Authors>
      <Author>
        <Name>Fred</Name>
        <Email>fweasley@hogwarts.co.uk</Email>
      </Author>
      <Author>
        <Name>George</Name>
        <Email>gweasley@hogwarts.co.uk</Email>
      </Author>
    </Authors>
    <name>Book1</name>
  </book>
  <book year="2014" isbn="ISBN83763550019---11">
    <Authors>
      <Author>
        <Name>Fred</Name>
        <Email>fweasley@hogwarts.co.uk</Email>
      </Author>
      <Author>
        <Name>George</Name>
        <Email>gweasley@hogwarts.co.uk</Email>
      </Author>
    </Authors>
    <name>Book2</name>
  </book>
  <book year="2014" isbn="ISBN83763550019---11">
    <Authors>
      <Author>
        <Name>Fred</Name>
        <Email>fweasley@hogwarts.co.uk</Email>
      </Author>
      <Author>
        <Name>George</Name>
        <Email>gweasley@hogwarts.co.uk</Email>
      </Author>
    </Authors>
    <name>Book1</name>
  </book>
  <book year="2014" isbn="ISBN83763550019---11">
    <Authors>
      <Author>
        <Name>Fred</Name>
        <Email>fweasley@hogwarts.co.uk</Email>
      </Author>
      <Author>
        <Name>George</Name>
        <Email>gweasley@hogwarts.co.uk</Email>
      </Author>
    </Authors>
    <name>Book2</name>
  </book>
  <book year="2014" isbn="ISBN83763550019---11">
    <Authors>
      <Author>
        <Name>Fred</Name>
        <Email>fweasley@hogwarts.co.uk</Email>
      </Author>
      <Author>
        <Name>George</Name>
        <Email>gweasley@hogwarts.co.uk</Email>
      </Author>
    </Authors>
    <name>Book1</name>
  </book>
  <book year="2014" isbn="ISBN83763550019---11">
    <Authors>
      <Author>
        <Name>Fred</Name>
        <Email>fweasley@hogwarts.co.uk</Email>
      </Author>
      <Author>
        <Name>George</Name>
        <Email>gweasley@hogwarts.co.uk</Email>
      </Author>
    </Authors>
    <name>Book2</name>
  </book>
  <book year="2014" isbn="ISBN83763550019---11">
    <Authors>
      <Author>
        <Name>Fred</Name>
        <Email>fweasley@hogwarts.co.uk</Email>
      </Author>
      <Author>
        <Name>George</Name>
        <Email>gweasley@hogwarts.co.uk</Email>
      </Author>
    </Authors>
    <name>Book1</name>
  </book>
  <book year="2014" isbn="ISBN83763550019---11">
    <Authors>
      <Author>
        <Name>Fred</Name>
        <Email>fweasley@hogwarts.co.uk</Email>
      </Author>
      <Author>
        <Name>George</Name>
        <Email>gweasley@hogwarts.co.uk</Email>
      </Author>
    </Authors>
    <name>Book2</name>
  </book>
  <book year="2014" isbn="ISBN83763550019---11">
    <Authors>
      <Author>
        <Name>Fred</Name>
        <Email>fweasley@hogwarts.co.uk</Email>
      </Author>
      <Author>
        <Name>George</Name>
        <Email>gweasley@hogwarts.co.uk</Email>
      </Author>
    </Authors>
    <name>Book1</name>
  </book>
  <book year="2014" isbn="ISBN83763550019---11">
    <Authors>
      <Author>
        <Name>Fred</Name>
        <Email>fweasley@hogwarts.co.uk</Email>
      </Author>
      <Author>
        <Name>George</Name>
        <Email>gweasley@hogwarts.co.uk</Email>
      </Author>
    </Authors>
    <name>Book2</name>
  </book>
  <book year="2014" isbn="ISBN83763550019---11">
    <Authors>
      <Author>
        <Name>Fred</Name>
        <Email>fweasley@hogwarts.co.uk</Email>
      </Author>
      <Author>
        <Name>George</Name>
        <Email>gweasley@hogwarts.co.uk</Email>
      </Author>
    </Authors>
    <name>Book1</name>
  </book>
  <book year="2014" isbn="ISBN83763550019---11">
    <Authors>
      <Author>
        <Name>Fred</Name>
        <Email>fweasley@hogwarts.co.uk</Email>
      </Author>
      <Author>
        <Name>George</Name>
        <Email>gweasley@hogwarts.co.uk</Email>
      </Author>
    </Authors>
    <name>Book2</name>
  </book>
  <book year="2014" isbn="ISBN83763550019---11">
    <Authors>
      <Author>
        <Name>Fred</Name>
        <Email>fweasley@hogwarts.co.uk</Email>
      </Author>
      <Author>
        <Name>George</Name>
        <Email>gweasley@hogwarts.co.uk</Email>
      </Author>
    </Authors>
    <name>Book1</name>
  </book>
  <book year="2014" isbn="ISBN83763550019---11">
    <Authors>
      <Author>
        <Name>Fred</Name>
        <Email>fweasley@hogwarts.co.uk</Email>
      </Author>
      <Author>
        <Name>George</Name>
        <Email>gweasley@hogwarts.co.uk</Email>
      </Author>
    </Authors>
    <name>Book2</name>
  </book>
  <book year="2014" isbn="ISBN83763550019---11">
    <Authors>
      <Author>
        <Name>Fred</Name>
        <Email>fweasley@hogwarts.co.uk</Email>
      </Author>
      <Author>
        <Name>George</Name>
        <Email>gweasley@hogwarts.co.uk</Email>
      </Author>
    </Authors>
    <name>Book1</name>
  </book>
  <book year="2014" isbn="ISBN83763550019---11">
    <Authors>
      <Author>
        <Name>Fred</Name>
        <Email>fweasley@hogwarts.co.uk</Email>
      </Author>
      <Author>
        <Name>George</Name>
        <Email>gweasley@hogwarts.co.uk</Email>
      </Author>
    </Authors>
    <name>Book2</name>
  </book>
  <book year="2014" isbn="ISBN83763550019---11">
    <Authors>
      <Author>
        <Name>Fred</Name>
        <Email>fweasley@hogwarts.co.uk</Email>
      </Author>
      <Author>
        <Name>George</Name>
        <Email>gweasley@hogwarts.co.uk</Email>
      </Author>
    </Authors>
    <name>Book1</name>
  </book>
  <book year="2014" isbn="ISBN83763550019---11">
    <Authors>
      <Author>
        <Name>Fred</Name>
        <Email>fweasley@hogwarts.co.uk</Email>
      </Author>
      <Author>
        <Name>George</Name>
        <Email>gweasley@hogwarts.co.uk</Email>
      </Author>
    </Authors>
    <name>Book2</name>
  </book>
  <book year="2014" isbn="ISBN83763550019---11">
    <Authors>
      <Author>
        <Name>Fred</Name>
        <Email>fweasley@hogwarts.co.uk</Email>
      </Author>
      <Author>
        <Name>George</Name>
        <Email>gweasley@hogwarts.co.uk</Email>
      </Author>
    </Authors>
    <name>Book1</name>
  </book>
  <book year="2014" isbn="ISBN83763550019---11">
    <Authors>
      <Author>
        <Name>Fred</Name>
        <Email>fweasley@hogwarts.co.uk</Email>
      </Author>
      <Author>
        <Name>George</Name>
        <Email>gweasley@hogwarts.co.uk</Email>
      </Author>
    </Authors>
    <name>Book2</name>
  </book>
  <book year="2014" isbn="ISBN83763550019---11">
    <Authors>
      <Author>
        <Name>Fred</Name>
        <Email>fweasley@hogwarts.co.uk</Email>
      </Author>
      <Author>
        <Name>George</Name>
        <Email>gweasley@hogwarts.co.uk</Email>
      </Author>
    </Authors>
    <name>Book1</name>
  </book>
  <book year="2014" isbn="ISBN83763550019---11">
    <Authors>
      <Author>
        <Name>Fred</Name>
        <Email>fweasley@hogwarts.co.uk</Email>
      </Author>
      <Author>
        <Name>George</Name>
        <Email>gweasley@hogwarts.co.uk</Email>
      </Author>
    </Authors>
    <name>Book2</name>
  </book>
  <book year="2014" isbn="ISBN83763550019---11">
    <Authors>
      <Author>
        <Name>Fred</Name>
        <Email>fweasley@hogwarts.co.uk</Email>
      </Author>
      <Author>
        <Name>George</Name>
        <Email>gweasley@hogwarts.co.uk</Email>
      </Author>
    </Authors>
    <name>Book1</name>
  </book>
  <book year="2014" isbn="ISBN83763550019---11">
    <Authors>
      <Author>
        <Name>Fred</Name>
        <Email>fweasley@hogwarts.co.uk</Email>
      </Author>
      <Author>
        <Name>George</Name>
        <Email>gweasley@hogwarts.co.uk</Email>
      </Author>
    </Authors>
    <name>Book2</name>
  </book>
  <book year="2014" isbn="ISBN83763550019---11">
    <Authors>
      <Author>
        <Name>Fred</Name>
        <Email>fweasley@hogwarts.co.uk</Email>
      </Author>
      <Author>
        <Name>George</Name>
        <Email>gweasley@hogwarts.co.uk</Email>
      </Author>
    </Authors>
    <name>Book1</name>
  </book>
  <book year="2014" isbn="ISBN83763550019---11">
    <Authors>
      <Author>
        <Name>Fred</Name>
        <Email>fweasley@hogwarts.co.uk</Email>
      </Author>
      <Author>
        <Name>George</Name>
        <Email>gweasley@hogwarts.co.uk</Email>
      </Author>
    </Authors>
    <name>Book2</name>
  </book>
  <book year="2014" isbn="ISBN83763550019---11">
    <Authors>
      <Author>
        <Name>Fred</Name>
        <Email>fweasley@hogwarts.co.uk</Email>
      </Author>
      <Author>
        <Name>George</Name>
        <Email>gweasley@hogwarts.co.uk</Email>
      </Author>
    </Authors>
    <name>Book1</name>
  </book>
  <book year="2014" isbn="ISBN83763550019---11">
    <Authors>
      <Author>
        <Name>Fred</Name>
        <Email>fweasley@hogwarts.co.uk</Email>
      </Author>
      <Author>
        <Name>George</Name>
        <Email>gweasley@hogwarts.co.uk</Email>
      </Author>
    </Authors>
    <name>Book2</name>
  </book>
  <book year="2014" isbn="ISBN83763550019---11">
    <Authors>
      <Author>
        <Name>Fred</Name>
        <Email>fweasley@hogwarts.co.uk</Email>
      </Author>
      <Author>
        <Name>George</Name>
        <Email>gweasley@hogwarts.co.uk</Email>
      </Author>
    </Authors>
    <name>Book1</name>
  </book>
  <book year="2014" isbn="ISBN83763550019---11">
    <Authors>
      <Author>
        <Name>Fred</Name>
        <Email>fweasley@hogwarts.co.uk</Email>
      </Author>
      <Author>
        <Name>George</Name>
        <Email>gweasley@hogwarts.co.uk</Email>
      </Author>
    </Authors>
    <name>Book2</name>
  </book>
  <book year="2014" isbn="ISBN83763550019---11">
    <Authors>
      <Author>
        <Name>Fred</Name>
        <Email>fweasley@hogwarts.co.uk</Email>
      </Author>
      <Author>
        <Name>George</Name>
        <Email>gweasley@hogwarts.co.uk</Email>
      </Author>
    </Authors>
    <name>Book1</name>
  </book>
  <book year="2014" isbn="ISBN83763550019---11">
    <Authors>
      <Author>
        <Name>Fred</Name>
        <Email>fweasley@hogwarts.co.uk</Email>
      </Author>
      <Author>
        <Name>George</Name>
        <Email>gweasley@hogwarts.co.uk</Email>
      </Author>
    </Authors>
    <name>Book2</name>
  </book>
  <book year="2014" isbn="ISBN83763550019---11">
    <Authors>
      <Author>
        <Name>Fred</Name>
        <Email>fweasley@hogwarts.co.uk</Email>
      </Author>
      <Author>
        <Name>George</Name>
        <Email>gweasley@hogwarts.co.uk</Email>
      </Author>
    </Authors>
    <name>Book1</name>
  </book>
  <book year="2014" isbn="ISBN83763550019---11">
    <Authors>
      <Author>
        <Name>Fred</Name>
        <Email>fweasley@hogwarts.co.uk</Email>
      </Author>
      <Author>
        <Name>George</Name>
        <Email>gweasley@hogwarts.co.uk</Email>
      </Author>
    </Authors>
    <name>Book2</name>
  </book>
  <book year="2014" isbn="ISBN83763550019---11">
    <Authors>
      <Author>
        <Name>Fred</Name>
        <Email>fweasley@hogwarts.co.uk</Email>
      </Author>
      <Author>
        <Name>George</Name>
        <Email>gweasley@hogwarts.co.uk</Email>
      </Author>
    </Authors>
    <name>Book1</name>
  </book>
  <book year="2014" isbn="ISBN83763550019---11">
    <Authors>
      <Author>
        <Name>Fred</Name>
        <Email>fweasley@hogwarts.co.uk</Email>
      </Author>
      <Author>
        <Name>George</Name>
        <Email>gweasley@hogwarts.co.uk</Email>
      </Author>
    </Authors>
    <name>Book2</name>
  </book>
  <book year="2014" isbn="ISBN83763550019---11">
    <Authors>
      <Author>
        <Name>Fred</Name>
        <Email>fweasley@hogwarts.co.uk</Email>
      </Author>
      <Author>
        <Name>George</Name>
        <Email>gweasley@hogwarts.co.uk</Email>
      </Author>
    </Authors>
    <name>Book1</name>
  </book>
  <book year="2014" isbn="ISBN83763550019---11">
    <Authors>
      <Author>
        <Name>Fred</Name>
        <Email>fweasley@hogwarts.co.uk</Email>
      </Author>
      <Author>
        <Name>George</Name>
        <Email>gweasley@hogwarts.co.uk</Email>
      </Author>
    </Authors>
    <name>Book2</name>
  </book>
  <book year="2014" isbn="ISBN83763550019---11">
    <Authors>
      <Author>
        <Name>Fred</Name>
        <Email>fweasley@hogwarts.co.uk</Email>
      </Author>
      <Author>
        <Name>George</Name>
        <Email>gweasley@hogwarts.co.uk</Email>
      </Author>
    </Authors>
    <name>Book1</name>
  </book>
  <book year="2014" isbn="ISBN83763550019---11">
    <Authors>
      <Author>
        <Name>Fred</Name>
        <Email>fweasley@hogwarts.co.uk</Email>
      </Author>
      <Author>
        <Name>George</Name>
        <Email>gweasley@hogwarts.co.uk</Email>
      </Author>
    </Authors>
    <name>Book2</name>
  </book>
  <book year="2014" isbn="ISBN83763550019---11">
    <Authors>
      <Author>
        <Name>Fred</Name>
        <Email>fweasley@hogwarts.co.uk</Email>
      </Author>
      <Author>
        <Name>George</Name>
        <Email>gweasley@hogwarts.co.uk</Email>
      </Author>
    </Authors>
    <name>Book1</name>
  </book>
  <book year="2014" isbn="ISBN83763550019---11">
    <Authors>
      <Author>
        <Name>Fred</Name>
        <Email>fweasley@hogwarts.co.uk</Email>
      </Author>
      <Author>
        <Name>George</Name>
        <Email>gweasley@hogwarts.co.uk</Email>
      </Author>
    </Authors>
    <name>Book2</name>
  </book>
  <book year="2014" isbn="ISBN83763550019---11">
    <Authors>
      <Author>
        <Name>Fred</Name>
        <Email>fweasley@hogwarts.co.uk</Email>
      </Author>
      <Author>
        <Name>George</Name>
        <Email>gweasley@hogwarts.co.uk</Email>
      </Author>
    </Authors>
    <name>Book1</name>
  </book>
  <book year="2014" isbn="ISBN83763550019---11">
    <Authors>
      <Author>
        <Name>Fred</Name>
        <Email>fweasley@hogwarts.co.uk</Email>
      </Author>
      <Author>
        <Name>George</Name>
        <Email>gweasley@hogwarts.co.uk</Email>
      </Author>
    </Authors>
    <name>Book2</name>
  </book>
  <book year="2014" isbn="ISBN83763550019---11">
    <Authors>
      <Author>
        <Name>Fred</Name>
        <Email>fweasley@hogwarts.co.uk</Email>
      </Author>
      <Author>
        <Name>George</Name>
        <Email>gweasley@hogwarts.co.uk</Email>
      </Author>
    </Authors>
    <name>Book1</name>
  </book>
  <book year="2014" isbn="ISBN83763550019---11">
    <Authors>
      <Author>
        <Name>Fred</Name>
        <Email>fweasley@hogwarts.co.uk</Email>
      </Author>
      <Author>
        <Name>George</Name>
        <Email>gweasley@hogwarts.co.uk</Email>
      </Author>
    </Authors>
    <name>Book2</name>
  </book>
  <book year="2014" isbn="ISBN83763550019---11">
    <Authors>
      <Author>
        <Name>Fred</Name>
        <Email>fweasley@hogwarts.co.uk</Email>
      </Author>
      <Author>
        <Name>George</Name>
        <Email>gweasley@hogwarts.co.uk</Email>
      </Author>
    </Authors>
    <name>Book1</name>
  </book>
  <book year="2014" isbn="ISBN83763550019---11">
    <Authors>
      <Author>
        <Name>Fred</Name>
        <Email>fweasley@hogwarts.co.uk</Email>
      </Author>
      <Author>
        <Name>George</Name>
        <Email>gweasley@hogwarts.co.uk</Email>
      </Author>
    </Authors>
    <name>Book2</name>
  </book>
  <book year="2014" isbn="ISBN83763550019---11">
    <Authors>
      <Author>
        <Name>Fred</Name>
        <Email>fweasley@hogwarts.co.uk</Email>
      </Author>
      <Author>
        <Name>George</Name>
        <Email>gweasley@hogwarts.co.uk</Email>
      </Author>
    </Authors>
    <name>Book1</name>
  </book>
  <book year="2014" isbn="ISBN83763550019---11">
    <Authors>
      <Author>
        <Name>Fred</Name>
        <Email>fweasley@hogwarts.co.uk</Email>
      </Author>
      <Author>
        <Name>George</Name>
        <Email>gweasley@hogwarts.co.uk</Email>
      </Author>
    </Authors>
    <name>Book2</name>
  </book>
  <book year="2014" isbn="ISBN83763550019---11">
    <Authors>
      <Author>
        <Name>Fred</Name>
        <Email>fweasley@hogwarts.co.uk</Email>
      </Author>
      <Author>
        <Name>George</Name>
        <Email>gweasley@hogwarts.co.uk</Email>
      </Author>
    </Authors>
    <name>Book1</name>
  </book>
  <book year="2014" isbn="ISBN83763550019---11">
    <Authors>
      <Author>
        <Name>Fred</Name>
        <Email>fweasley@hogwarts.co.uk</Email>
      </Author>
      <Author>
        <Name>George</Name>
        <Email>gweasley@hogwarts.co.uk</Email>
      </Author>
    </Authors>
    <name>Book2</name>
  </book>
  <book year="2014" isbn="ISBN83763550019---11">
    <Authors>
      <Author>
        <Name>Fred</Name>
        <Email>fweasley@hogwarts.co.uk</Email>
      </Author>
      <Author>
        <Name>George</Name>
        <Email>gweasley@hogwarts.co.uk</Email>
      </Author>
    </Authors>
    <name>Book1</name>
  </book>
  <book year="2014" isbn="ISBN83763550019---11">
    <Authors>
      <Author>
        <Name>Fred</Name>
        <Email>fweasley@hogwarts.co.uk</Email>
      </Author>
      <Author>
        <Name>George</Name>
        <Email>gweasley@hogwarts.co.uk</Email>
      </Author>
    </Authors>
    <name>Book2</name>
  </book>
  <book year="2014" isbn="ISBN83763550019---11">
    <Authors>
      <Author>
        <Name>Fred</Name>
        <Email>fweasley@hogwarts.co.uk</Email>
      </Author>
      <Author>
        <Name>George</Name>
        <Email>gweasley@hogwarts.co.uk</Email>
      </Author>
    </Authors>
    <name>Book1</name>
  </book>
  <book year="2014" isbn="ISBN83763550019---11">
    <Authors>
      <Author>
        <Name>Fred</Name>
        <Email>fweasley@hogwarts.co.uk</Email>
      </Author>
      <Author>
        <Name>George</Name>
        <Email>gweasley@hogwarts.co.uk</Email>
      </Author>
    </Authors>
    <name>Book2</name>
  </book>
  <book year="2014" isbn="ISBN83763550019---11">
    <Authors>
      <Author>
        <Name>Fred</Name>
        <Email>fweasley@hogwarts.co.uk</Email>
      </Author>
      <Author>
        <Name>George</Name>
        <Email>gweasley@hogwarts.co.uk</Email>
      </Author>
    </Authors>
    <name>Book1</name>
  </book>
  <book year="2014" isbn="ISBN83763550019---11">
    <Authors>
      <Author>
        <Name>Fred</Name>
        <Email>fweasley@hogwarts.co.uk</Email>
      </Author>
      <Author>
        <Name>George</Name>
        <Email>gweasley@hogwarts.co.uk</Email>
      </Author>
    </Authors>
    <name>Book2</name>
  </book>
  <book year="2014" isbn="ISBN83763550019---11">
    <Authors>
      <Author>
        <Name>Fred</Name>
        <Email>fweasley@hogwarts.co.uk</Email>
      </Author>
      <Author>
        <Name>George</Name>
        <Email>gweasley@hogwarts.co.uk</Email>
      </Author>
    </Authors>
    <name>Book1</name>
  </book>
  <book year="2014" isbn="ISBN83763550019---11">
    <Authors>
      <Author>
        <Name>Fred</Name>
        <Email>fweasley@hogwarts.co.uk</Email>
      </Author>
      <Author>
        <Name>George</Name>
        <Email>gweasley@hogwarts.co.uk</Email>
      </Author>
    </Authors>
    <name>Book2</name>
  </book>
  <book year="2014" isbn="ISBN83763550019---11">
    <Authors>
      <Author>
        <Name>Fred</Name>
        <Email>fweasley@hogwarts.co.uk</Email>
      </Author>
      <Author>
        <Name>George</Name>
        <Email>gweasley@hogwarts.co.uk</Email>
      </Author>
    </Authors>
    <name>Book1</name>
  </book>
  <book year="2014" isbn="ISBN83763550019---11">
    <Authors>
      <Author>
        <Name>Fred</Name>
        <Email>fweasley@hogwarts.co.uk</Email>
      </Author>
      <Author>
        <Name>George</Name>
        <Email>gweasley@hogwarts.co.uk</Email>
      </Author>
    </Authors>
    <name>Book2</name>
  </book>
  <book year="2014" isbn="ISBN83763550019---11">
    <Authors>
      <Author>
        <Name>Fred</Name>
        <Email>fweasley@hogwarts.co.uk</Email>
      </Author>
      <Author>
        <Name>George</Name>
        <Email>gweasley@hogwarts.co.uk</Email>
      </Author>
    </Authors>
    <name>Book1</name>
  </book>
  <book year="2014" isbn="ISBN83763550019---11">
    <Authors>
      <Author>
        <Name>Fred</Name>
        <Email>fweasley@hogwarts.co.uk</Email>
      </Author>
      <Author>
        <Name>George</Name>
        <Email>gweasley@hogwarts.co.uk</Email>
      </Author>
    </Authors>
    <name>Book2</name>
  </book>
  <book year="2014" isbn="ISBN83763550019---11">
    <Authors>
      <Author>
        <Name>Fred</Name>
        <Email>fweasley@hogwarts.co.uk</Email>
      </Author>
      <Author>
        <Name>George</Name>
        <Email>gweasley@hogwarts.co.uk</Email>
      </Author>
    </Authors>
    <name>Book1</name>
  </book>
  <book year="2014" isbn="ISBN83763550019---11">
    <Authors>
      <Author>
        <Name>Fred</Name>
        <Email>fweasley@hogwarts.co.uk</Email>
      </Author>
      <Author>
        <Name>George</Name>
        <Email>gweasley@hogwarts.co.uk</Email>
      </Author>
    </Authors>
    <name>Book2</name>
  </book>
  <book year="2014" isbn="ISBN83763550019---11">
    <Authors>
      <Author>
        <Name>Fred</Name>
        <Email>fweasley@hogwarts.co.uk</Email>
      </Author>
      <Author>
        <Name>George</Name>
        <Email>gweasley@hogwarts.co.uk</Email>
      </Author>
    </Authors>
    <name>Book1</name>
  </book>
  <book year="2014" isbn="ISBN83763550019---11">
    <Authors>
      <Author>
        <Name>Fred</Name>
        <Email>fweasley@hogwarts.co.uk</Email>
      </Author>
      <Author>
        <Name>George</Name>
        <Email>gweasley@hogwarts.co.uk</Email>
      </Author>
    </Authors>
    <name>Book2</name>
  </book>
  <book year="2014" isbn="ISBN83763550019---11">
    <Authors>
      <Author>
        <Name>Fred</Name>
        <Email>fweasley@hogwarts.co.uk</Email>
      </Author>
      <Author>
        <Name>George</Name>
        <Email>gweasley@hogwarts.co.uk</Email>
      </Author>
    </Authors>
    <name>Book1</name>
  </book>
  <book year="2014" isbn="ISBN83763550019---11">
    <Authors>
      <Author>
        <Name>Fred</Name>
        <Email>fweasley@hogwarts.co.uk</Email>
      </Author>
      <Author>
        <Name>George</Name>
        <Email>gweasley@hogwarts.co.uk</Email>
      </Author>
    </Authors>
    <name>Book2</name>
  </book>
  <book year="2014" isbn="ISBN83763550019---11">
    <Authors>
      <Author>
        <Name>Fred</Name>
        <Email>fweasley@hogwarts.co.uk</Email>
      </Author>
      <Author>
        <Name>George</Name>
        <Email>gweasley@hogwarts.co.uk</Email>
      </Author>
    </Authors>
    <name>Book1</name>
  </book>
  <book year="2014" isbn="ISBN83763550019---11">
    <Authors>
      <Author>
        <Name>Fred</Name>
        <Email>fweasley@hogwarts.co.uk</Email>
      </Author>
      <Author>
        <Name>George</Name>
        <Email>gweasley@hogwarts.co.uk</Email>
      </Author>
    </Authors>
    <name>Book2</name>
  </book>
  <book year="2014" isbn="ISBN83763550019---11">
    <Authors>
      <Author>
        <Name>Fred</Name>
        <Email>fweasley@hogwarts.co.uk</Email>
      </Author>
      <Author>
        <Name>George</Name>
        <Email>gweasley@hogwarts.co.uk</Email>
      </Author>
    </Authors>
    <name>Book1</name>
  </book>
  <book year="2014" isbn="ISBN83763550019---11">
    <Authors>
      <Author>
        <Name>Fred</Name>
        <Email>fweasley@hogwarts.co.uk</Email>
      </Author>
      <Author>
        <Name>George</Name>
        <Email>gweasley@hogwarts.co.uk</Email>
      </Author>
    </Authors>
    <name>Book2</name>
  </book>
  <book year="2014" isbn="ISBN83763550019---11">
    <Authors>
      <Author>
        <Name>Fred</Name>
        <Email>fweasley@hogwarts.co.uk</Email>
      </Author>
      <Author>
        <Name>George</Name>
        <Email>gweasley@hogwarts.co.uk</Email>
      </Author>
    </Authors>
    <name>Book1</name>
  </book>
  <book year="2014" isbn="ISBN83763550019---11">
    <Authors>
      <Author>
        <Name>Fred</Name>
        <Email>fweasley@hogwarts.co.uk</Email>
      </Author>
      <Author>
        <Name>George</Name>
        <Email>gweasley@hogwarts.co.uk</Email>
      </Author>
    </Authors>
    <name>Book2</name>
  </book>
  <book year="2014" isbn="ISBN83763550019---11">
    <Authors>
      <Author>
        <Name>Fred</Name>
        <Email>fweasley@hogwarts.co.uk</Email>
      </Author>
      <Author>
        <Name>George</Name>
        <Email>gweasley@hogwarts.co.uk</Email>
      </Author>
    </Authors>
    <name>Book1</name>
  </book>
  <book year="2014" isbn="ISBN83763550019---11">
    <Authors>
      <Author>
        <Name>Fred</Name>
        <Email>fweasley@hogwarts.co.uk</Email>
      </Author>
      <Author>
        <Name>George</Name>
        <Email>gweasley@hogwarts.co.uk</Email>
      </Author>
    </Authors>
    <name>Book2</name>
  </book>
  <book year="2014" isbn="ISBN83763550019---11">
    <Authors>
      <Author>
        <Name>Fred</Name>
        <Email>fweasley@hogwarts.co.uk</Email>
      </Author>
      <Author>
        <Name>George</Name>
        <Email>gweasley@hogwarts.co.uk</Email>
      </Author>
    </Authors>
    <name>Book1</name>
  </book>
  <book year="2014" isbn="ISBN83763550019---11">
    <Authors>
      <Author>
        <Name>Fred</Name>
        <Email>fweasley@hogwarts.co.uk</Email>
      </Author>
      <Author>
        <Name>George</Name>
        <Email>gweasley@hogwarts.co.uk</Email>
      </Author>
    </Authors>
    <name>Book2</name>
  </book>
  <book year="2014" isbn="ISBN83763550019---11">
    <Authors>
      <Author>
        <Name>Fred</Name>
        <Email>fweasley@hogwarts.co.uk</Email>
      </Author>
      <Author>
        <Name>George</Name>
        <Email>gweasley@hogwarts.co.uk</Email>
      </Author>
    </Authors>
    <name>Book1</name>
  </book>
  <book year="2014" isbn="ISBN83763550019---11">
    <Authors>
      <Author>
        <Name>Fred</Name>
        <Email>fweasley@hogwarts.co.uk</Email>
      </Author>
      <Author>
        <Name>George</Name>
        <Email>gweasley@hogwarts.co.uk</Email>
      </Author>
    </Authors>
    <name>Book2</name>
  </book>
  <book year="2014" isbn="ISBN83763550019---11">
    <Authors>
      <Author>
        <Name>Fred</Name>
        <Email>fweasley@hogwarts.co.uk</Email>
      </Author>
      <Author>
        <Name>George</Name>
        <Email>gweasley@hogwarts.co.uk</Email>
      </Author>
    </Authors>
    <name>Book1</name>
  </book>
  <book year="2014" isbn="ISBN83763550019---11">
    <Authors>
      <Author>
        <Name>Fred</Name>
        <Email>fweasley@hogwarts.co.uk</Email>
      </Author>
      <Author>
        <Name>George</Name>
        <Email>gweasley@hogwarts.co.uk</Email>
      </Author>
    </Authors>
    <name>Book2</name>
  </book>
  <book year="2014" isbn="ISBN83763550019---11">
    <Authors>
      <Author>
        <Name>Fred</Name>
        <Email>fweasley@hogwarts.co.uk</Email>
      </Author>
      <Author>
        <Name>George</Name>
        <Email>gweasley@hogwarts.co.uk</Email>
      </Author>
    </Authors>
    <name>Book1</name>
  </book>
  <book year="2014" isbn="ISBN83763550019---11">
    <Authors>
      <Author>
        <Name>Fred</Name>
        <Email>fweasley@hogwarts.co.uk</Email>
      </Author>
      <Author>
        <Name>George</Name>
        <Email>gweasley@hogwarts.co.uk</Email>
      </Author>
    </Authors>
    <name>Book2</name>
  </book>
  <book year="2014" isbn="ISBN83763550019---11">
    <Authors>
      <Author>
        <Name>Fred</Name>
        <Email>fweasley@hogwarts.co.uk</Email>
      </Author>
      <Author>
        <Name>George</Name>
        <Email>gweasley@hogwarts.co.uk</Email>
      </Author>
    </Authors>
    <name>Book1</name>
  </book>
  <book year="2014" isbn="ISBN83763550019---11">
    <Authors>
      <Author>
        <Name>Fred</Name>
        <Email>fweasley@hogwarts.co.uk</Email>
      </Author>
      <Author>
        <Name>George</Name>
        <Email>gweasley@hogwarts.co.uk</Email>
      </Author>
    </Authors>
    <name>Book2</name>
  </book>
  <book year="2014" isbn="ISBN83763550019---11">
    <Authors>
      <Author>
        <Name>Fred</Name>
        <Email>fweasley@hogwarts.co.uk</Email>
      </Author>
      <Author>
        <Name>George</Name>
        <Email>gweasley@hogwarts.co.uk</Email>
      </Author>
    </Authors>
    <name>Book1</name>
  </book>
  <book year="2014" isbn="ISBN83763550019---11">
    <Authors>
      <Author>
        <Name>Fred</Name>
        <Email>fweasley@hogwarts.co.uk</Email>
      </Author>
      <Author>
        <Name>George</Name>
        <Email>gweasley@hogwarts.co.uk</Email>
      </Author>
    </Authors>
    <name>Book2</name>
  </book>
  <book year="2014" isbn="ISBN83763550019---11">
    <Authors>
      <Author>
        <Name>Fred</Name>
        <Email>fweasley@hogwarts.co.uk</Email>
      </Author>
      <Author>
        <Name>George</Name>
        <Email>gweasley@hogwarts.co.uk</Email>
      </Author>
    </Authors>
    <name>Book1</name>
  </book>
  <book year="2014" isbn="ISBN83763550019---11">
    <Authors>
      <Author>
        <Name>Fred</Name>
        <Email>fweasley@hogwarts.co.uk</Email>
      </Author>
      <Author>
        <Name>George</Name>
        <Email>gweasley@hogwarts.co.uk</Email>
      </Author>
    </Authors>
    <name>Book2</name>
  </book>
  <book year="2014" isbn="ISBN83763550019---11">
    <Authors>
      <Author>
        <Name>Fred</Name>
        <Email>fweasley@hogwarts.co.uk</Email>
      </Author>
      <Author>
        <Name>George</Name>
        <Email>gweasley@hogwarts.co.uk</Email>
      </Author>
    </Authors>
    <name>Book1</name>
  </book>
  <book year="2014" isbn="ISBN83763550019---11">
    <Authors>
      <Author>
        <Name>Fred</Name>
        <Email>fweasley@hogwarts.co.uk</Email>
      </Author>
      <Author>
        <Name>George</Name>
        <Email>gweasley@hogwarts.co.uk</Email>
      </Author>
    </Authors>
    <name>Book2</name>
  </book>
  <book year="2014" isbn="ISBN83763550019---11">
    <Authors>
      <Author>
        <Name>Fred</Name>
        <Email>fweasley@hogwarts.co.uk</Email>
      </Author>
      <Author>
        <Name>George</Name>
        <Email>gweasley@hogwarts.co.uk</Email>
      </Author>
    </Authors>
    <name>Book1</name>
  </book>
  <book year="2014" isbn="ISBN83763550019---11">
    <Authors>
      <Author>
        <Name>Fred</Name>
        <Email>fweasley@hogwarts.co.uk</Email>
      </Author>
      <Author>
        <Name>George</Name>
        <Email>gweasley@hogwarts.co.uk</Email>
      </Author>
    </Authors>
    <name>Book2</name>
  </book>
  <book year="2014" isbn="ISBN83763550019---11">
    <Authors>
      <Author>
        <Name>Fred</Name>
        <Email>fweasley@hogwarts.co.uk</Email>
      </Author>
      <Author>
        <Name>George</Name>
        <Email>gweasley@hogwarts.co.uk</Email>
      </Author>
    </Authors>
    <name>Book1</name>
  </book>
  <book year="2014" isbn="ISBN83763550019---11">
    <Authors>
      <Author>
        <Name>Fred</Name>
        <Email>fweasley@hogwarts.co.uk</Email>
      </Author>
      <Author>
        <Name>George</Name>
        <Email>gweasley@hogwarts.co.uk</Email>
      </Author>
    </Authors>
    <name>Book2</name>
  </book>
  <book year="2014" isbn="ISBN83763550019---11">
    <Authors>
      <Author>
        <Name>Fred</Name>
        <Email>fweasley@hogwarts.co.uk</Email>
      </Author>
      <Author>
        <Name>George</Name>
        <Email>gweasley@hogwarts.co.uk</Email>
      </Author>
    </Authors>
    <name>Book1</name>
  </book>
  <book year="2014" isbn="ISBN83763550019---11">
    <Authors>
      <Author>
        <Name>Fred</Name>
        <Email>fweasley@hogwarts.co.uk</Email>
      </Author>
      <Author>
        <Name>George</Name>
        <Email>gweasley@hogwarts.co.uk</Email>
      </Author>
    </Authors>
    <name>Book2</name>
  </book>
  <book year="2014" isbn="ISBN83763550019---11">
    <Authors>
      <Author>
        <Name>Fred</Name>
        <Email>fweasley@hogwarts.co.uk</Email>
      </Author>
      <Author>
        <Name>George</Name>
        <Email>gweasley@hogwarts.co.uk</Email>
      </Author>
    </Authors>
    <name>Book1</name>
  </book>
  <book year="2014" isbn="ISBN83763550019---11">
    <Authors>
      <Author>
        <Name>Fred</Name>
        <Email>fweasley@hogwarts.co.uk</Email>
      </Author>
      <Author>
        <Name>George</Name>
        <Email>gweasley@hogwarts.co.uk</Email>
      </Author>
    </Authors>
    <name>Book2</name>
  </book>
  <book year="2014" isbn="ISBN83763550019---11">
    <Authors>
      <Author>
        <Name>Fred</Name>
        <Email>fweasley@hogwarts.co.uk</Email>
      </Author>
      <Author>
        <Name>George</Name>
        <Email>gweasley@hogwarts.co.uk</Email>
      </Author>
    </Authors>
    <name>Book1</name>
  </book>
  <book year="2014" isbn="ISBN83763550019---11">
    <Authors>
      <Author>
        <Name>Fred</Name>
        <Email>fweasley@hogwarts.co.uk</Email>
      </Author>
      <Author>
        <Name>George</Name>
        <Email>gweasley@hogwarts.co.uk</Email>
      </Author>
    </Authors>
    <name>Book2</name>
  </book>
  <book year="2014" isbn="ISBN83763550019---11">
    <Authors>
      <Author>
        <Name>Fred</Name>
        <Email>fweasley@hogwarts.co.uk</Email>
      </Author>
      <Author>
        <Name>George</Name>
        <Email>gweasley@hogwarts.co.uk</Email>
      </Author>
    </Authors>
    <name>Book1</name>
  </book>
  <book year="2014" isbn="ISBN83763550019---11">
    <Authors>
      <Author>
        <Name>Fred</Name>
        <Email>fweasley@hogwarts.co.uk</Email>
      </Author>
      <Author>
        <Name>George</Name>
        <Email>gweasley@hogwarts.co.uk</Email>
      </Author>
    </Authors>
    <name>Book2</name>
  </book>
  <book year="2014" isbn="ISBN83763550019---11">
    <Authors>
      <Author>
        <Name>Fred</Name>
        <Email>fweasley@hogwarts.co.uk</Email>
      </Author>
      <Author>
        <Name>George</Name>
        <Email>gweasley@hogwarts.co.uk</Email>
      </Author>
    </Authors>
    <name>Book1</name>
  </book>
  <book year="2014" isbn="ISBN83763550019---11">
    <Authors>
      <Author>
        <Name>Fred</Name>
        <Email>fweasley@hogwarts.co.uk</Email>
      </Author>
      <Author>
        <Name>George</Name>
        <Email>gweasley@hogwarts.co.uk</Email>
      </Author>
    </Authors>
    <name>Book2</name>
  </book>
  <book year="2014" isbn="ISBN83763550019---11">
    <Authors>
      <Author>
        <Name>Fred</Name>
        <Email>fweasley@hogwarts.co.uk</Email>
      </Author>
      <Author>
        <Name>George</Name>
        <Email>gweasley@hogwarts.co.uk</Email>
      </Author>
    </Authors>
    <name>Book1</name>
  </book>
  <book year="2014" isbn="ISBN83763550019---11">
    <Authors>
      <Author>
        <Name>Fred</Name>
        <Email>fweasley@hogwarts.co.uk</Email>
      </Author>
      <Author>
        <Name>George</Name>
        <Email>gweasley@hogwarts.co.uk</Email>
      </Author>
    </Authors>
    <name>Book2</name>
  </book>
  <book year="2014" isbn="ISBN83763550019---11">
    <Authors>
      <Author>
        <Name>Fred</Name>
        <Email>fweasley@hogwarts.co.uk</Email>
      </Author>
      <Author>
        <Name>George</Name>
        <Email>gweasley@hogwarts.co.uk</Email>
      </Author>
    </Authors>
    <name>Book1</name>
  </book>
  <book year="2014" isbn="ISBN83763550019---11">
    <Authors>
      <Author>
        <Name>Fred</Name>
        <Email>fweasley@hogwarts.co.uk</Email>
      </Author>
      <Author>
        <Name>George</Name>
        <Email>gweasley@hogwarts.co.uk</Email>
      </Author>
    </Authors>
    <name>Book2</name>
  </book>
  <book year="2014" isbn="ISBN83763550019---11">
    <Authors>
      <Author>
        <Name>Fred</Name>
        <Email>fweasley@hogwarts.co.uk</Email>
      </Author>
      <Author>
        <Name>George</Name>
        <Email>gweasley@hogwarts.co.uk</Email>
      </Author>
    </Authors>
    <name>Book1</name>
  </book>
  <book year="2014" isbn="ISBN83763550019---11">
    <Authors>
      <Author>
        <Name>Fred</Name>
        <Email>fweasley@hogwarts.co.uk</Email>
      </Author>
      <Author>
        <Name>George</Name>
        <Email>gweasley@hogwarts.co.uk</Email>
      </Author>
    </Authors>
    <name>Book2</name>
  </book>
  <book year="2014" isbn="ISBN83763550019---11">
    <Authors>
      <Author>
        <Name>Fred</Name>
        <Email>fweasley@hogwarts.co.uk</Email>
      </Author>
      <Author>
        <Name>George</Name>
        <Email>gweasley@hogwarts.co.uk</Email>
      </Author>
    </Authors>
    <name>Book1</name>
  </book>
  <book year="2014" isbn="ISBN83763550019---11">
    <Authors>
      <Author>
        <Name>Fred</Name>
        <Email>fweasley@hogwarts.co.uk</Email>
      </Author>
      <Author>
        <Name>George</Name>
        <Email>gweasley@hogwarts.co.uk</Email>
      </Author>
    </Authors>
    <name>Book2</name>
  </book>
  <book year="2014" isbn="ISBN83763550019---11">
    <Authors>
      <Author>
        <Name>Fred</Name>
        <Email>fweasley@hogwarts.co.uk</Email>
      </Author>
      <Author>
        <Name>George</Name>
        <Email>gweasley@hogwarts.co.uk</Email>
      </Author>
    </Authors>
    <name>Book1</name>
  </book>
  <book year="2014" isbn="ISBN83763550019---11">
    <Authors>
      <Author>
        <Name>Fred</Name>
        <Email>fweasley@hogwarts.co.uk</Email>
      </Author>
      <Author>
        <Name>George</Name>
        <Email>gweasley@hogwarts.co.uk</Email>
      </Author>
    </Authors>
    <name>Book2</name>
  </book>
  <book year="2014" isbn="ISBN83763550019---11">
    <Authors>
      <Author>
        <Name>Fred</Name>
        <Email>fweasley@hogwarts.co.uk</Email>
      </Author>
      <Author>
        <Name>George</Name>
        <Email>gweasley@hogwarts.co.uk</Email>
      </Author>
    </Authors>
    <name>Book1</name>
  </book>
  <book year="2014" isbn="ISBN83763550019---11">
    <Authors>
      <Author>
        <Name>Fred</Name>
        <Email>fweasley@hogwarts.co.uk</Email>
      </Author>
      <Author>
        <Name>George</Name>
        <Email>gweasley@hogwarts.co.uk</Email>
      </Author>
    </Authors>
    <name>Book2</name>
  </book>
  <book year="2014" isbn="ISBN83763550019---11">
    <Authors>
      <Author>
        <Name>Fred</Name>
        <Email>fweasley@hogwarts.co.uk</Email>
      </Author>
      <Author>
        <Name>George</Name>
        <Email>gweasley@hogwarts.co.uk</Email>
      </Author>
    </Authors>
    <name>Book1</name>
  </book>
  <book year="2014" isbn="ISBN83763550019---11">
    <Authors>
      <Author>
        <Name>Fred</Name>
        <Email>fweasley@hogwarts.co.uk</Email>
      </Author>
      <Author>
        <Name>George</Name>
        <Email>gweasley@hogwarts.co.uk</Email>
      </Author>
    </Authors>
    <name>Book2</name>
  </book>
  <book year="2014" isbn="ISBN83763550019---11">
    <Authors>
      <Author>
        <Name>Fred</Name>
        <Email>fweasley@hogwarts.co.uk</Email>
      </Author>
      <Author>
        <Name>George</Name>
        <Email>gweasley@hogwarts.co.uk</Email>
      </Author>
    </Authors>
    <name>Book1</name>
  </book>
  <book year="2014" isbn="ISBN83763550019---11">
    <Authors>
      <Author>
        <Name>Fred</Name>
        <Email>fweasley@hogwarts.co.uk</Email>
      </Author>
      <Author>
        <Name>George</Name>
        <Email>gweasley@hogwarts.co.uk</Email>
      </Author>
    </Authors>
    <name>Book2</name>
  </book>
  <book year="2014" isbn="ISBN83763550019---11">
    <Authors>
      <Author>
        <Name>Fred</Name>
        <Email>fweasley@hogwarts.co.uk</Email>
      </Author>
      <Author>
        <Name>George</Name>
        <Email>gweasley@hogwarts.co.uk</Email>
      </Author>
    </Authors>
    <name>Book1</name>
  </book>
  <book year="2014" isbn="ISBN83763550019---11">
    <Authors>
      <Author>
        <Name>Fred</Name>
        <Email>fweasley@hogwarts.co.uk</Email>
      </Author>
      <Author>
        <Name>George</Name>
        <Email>gweasley@hogwarts.co.uk</Email>
      </Author>
    </Authors>
    <name>Book2</name>
  </book>
  <book year="2014" isbn="ISBN83763550019---11">
    <Authors>
      <Author>
        <Name>Fred</Name>
        <Email>fweasley@hogwarts.co.uk</Email>
      </Author>
      <Author>
        <Name>George</Name>
        <Email>gweasley@hogwarts.co.uk</Email>
      </Author>
    </Authors>
    <name>Book1</name>
  </book>
  <book year="2014" isbn="ISBN83763550019---11">
    <Authors>
      <Author>
        <Name>Fred</Name>
        <Email>fweasley@hogwarts.co.uk</Email>
      </Author>
      <Author>
        <Name>George</Name>
        <Email>gweasley@hogwarts.co.uk</Email>
      </Author>
    </Authors>
    <name>Book2</name>
  </book>
  <book year="2014" isbn="ISBN83763550019---11">
    <Authors>
      <Author>
        <Name>Fred</Name>
        <Email>fweasley@hogwarts.co.uk</Email>
      </Author>
      <Author>
        <Name>George</Name>
        <Email>gweasley@hogwarts.co.uk</Email>
      </Author>
    </Authors>
    <name>Book1</name>
  </book>
  <book year="2014" isbn="ISBN83763550019---11">
    <Authors>
      <Author>
        <Name>Fred</Name>
        <Email>fweasley@hogwarts.co.uk</Email>
      </Author>
      <Author>
        <Name>George</Name>
        <Email>gweasley@hogwarts.co.uk</Email>
      </Author>
    </Authors>
    <name>Book2</name>
  </book>
  <book year="2014" isbn="ISBN83763550019---11">
    <Authors>
      <Author>
        <Name>Fred</Name>
        <Email>fweasley@hogwarts.co.uk</Email>
      </Author>
      <Author>
        <Name>George</Name>
        <Email>gweasley@hogwarts.co.uk</Email>
      </Author>
    </Authors>
    <name>Book1</name>
  </book>
  <book year="2014" isbn="ISBN83763550019---11">
    <Authors>
      <Author>
        <Name>Fred</Name>
        <Email>fweasley@hogwarts.co.uk</Email>
      </Author>
      <Author>
        <Name>George</Name>
        <Email>gweasley@hogwarts.co.uk</Email>
      </Author>
    </Authors>
    <name>Book2</name>
  </book>
  <book year="2014" isbn="ISBN83763550019---11">
    <Authors>
      <Author>
        <Name>Fred</Name>
        <Email>fweasley@hogwarts.co.uk</Email>
      </Author>
      <Author>
        <Name>George</Name>
        <Email>gweasley@hogwarts.co.uk</Email>
      </Author>
    </Authors>
    <name>Book1</name>
  </book>
  <book year="2014" isbn="ISBN83763550019---11">
    <Authors>
      <Author>
        <Name>Fred</Name>
        <Email>fweasley@hogwarts.co.uk</Email>
      </Author>
      <Author>
        <Name>George</Name>
        <Email>gweasley@hogwarts.co.uk</Email>
      </Author>
    </Authors>
    <name>Book2</name>
  </book>
  <book year="2014" isbn="ISBN83763550019---11">
    <Authors>
      <Author>
        <Name>Fred</Name>
        <Email>fweasley@hogwarts.co.uk</Email>
      </Author>
      <Author>
        <Name>George</Name>
        <Email>gweasley@hogwarts.co.uk</Email>
      </Author>
    </Authors>
    <name>Book1</name>
  </book>
  <book year="2014" isbn="ISBN83763550019---11">
    <Authors>
      <Author>
        <Name>Fred</Name>
        <Email>fweasley@hogwarts.co.uk</Email>
      </Author>
      <Author>
        <Name>George</Name>
        <Email>gweasley@hogwarts.co.uk</Email>
      </Author>
    </Authors>
    <name>Book2</name>
  </book>
  <book year="2014" isbn="ISBN83763550019---11">
    <Authors>
      <Author>
        <Name>Fred</Name>
        <Email>fweasley@hogwarts.co.uk</Email>
      </Author>
      <Author>
        <Name>George</Name>
        <Email>gweasley@hogwarts.co.uk</Email>
      </Author>
    </Authors>
    <name>Book1</name>
  </book>
  <book year="2014" isbn="ISBN83763550019---11">
    <Authors>
      <Author>
        <Name>Fred</Name>
        <Email>fweasley@hogwarts.co.uk</Email>
      </Author>
      <Author>
        <Name>George</Name>
        <Email>gweasley@hogwarts.co.uk</Email>
      </Author>
    </Authors>
    <name>Book2</name>
  </book>
  <book year="2014" isbn="ISBN83763550019---11">
    <Authors>
      <Author>
        <Name>Fred</Name>
        <Email>fweasley@hogwarts.co.uk</Email>
      </Author>
      <Author>
        <Name>George</Name>
        <Email>gweasley@hogwarts.co.uk</Email>
      </Author>
    </Authors>
    <name>Book1</name>
  </book>
  <book year="2014" isbn="ISBN83763550019---11">
    <Authors>
      <Author>
        <Name>Fred</Name>
        <Email>fweasley@hogwarts.co.uk</Email>
      </Author>
      <Author>
        <Name>George</Name>
        <Email>gweasley@hogwarts.co.uk</Email>
      </Author>
    </Authors>
    <name>Book2</name>
  </book>
  <book year="2014" isbn="ISBN83763550019---11">
    <Authors>
      <Author>
        <Name>Fred</Name>
        <Email>fweasley@hogwarts.co.uk</Email>
      </Author>
      <Author>
        <Name>George</Name>
        <Email>gweasley@hogwarts.co.uk</Email>
      </Author>
    </Authors>
    <name>Book1</name>
  </book>
  <book year="2014" isbn="ISBN83763550019---11">
    <Authors>
      <Author>
        <Name>Fred</Name>
        <Email>fweasley@hogwarts.co.uk</Email>
      </Author>
      <Author>
        <Name>George</Name>
        <Email>gweasley@hogwarts.co.uk</Email>
      </Author>
    </Authors>
    <name>Book2</name>
  </book>
  <book year="2014" isbn="ISBN83763550019---11">
    <Authors>
      <Author>
        <Name>Fred</Name>
        <Email>fweasley@hogwarts.co.uk</Email>
      </Author>
      <Author>
        <Name>George</Name>
        <Email>gweasley@hogwarts.co.uk</Email>
      </Author>
    </Authors>
    <name>Book1</name>
  </book>
  <book year="2014" isbn="ISBN83763550019---11">
    <Authors>
      <Author>
        <Name>Fred</Name>
        <Email>fweasley@hogwarts.co.uk</Email>
      </Author>
      <Author>
        <Name>George</Name>
        <Email>gweasley@hogwarts.co.uk</Email>
      </Author>
    </Authors>
    <name>Book2</name>
  </book>
  <book year="2014" isbn="ISBN83763550019---11">
    <Authors>
      <Author>
        <Name>Fred</Name>
        <Email>fweasley@hogwarts.co.uk</Email>
      </Author>
      <Author>
        <Name>George</Name>
        <Email>gweasley@hogwarts.co.uk</Email>
      </Author>
    </Authors>
    <name>Book1</name>
  </book>
  <book year="2014" isbn="ISBN83763550019---11">
    <Authors>
      <Author>
        <Name>Fred</Name>
        <Email>fweasley@hogwarts.co.uk</Email>
      </Author>
      <Author>
        <Name>George</Name>
        <Email>gweasley@hogwarts.co.uk</Email>
      </Author>
    </Authors>
    <name>Book2</name>
  </book>
  <book year="2014" isbn="ISBN83763550019---11">
    <Authors>
      <Author>
        <Name>Fred</Name>
        <Email>fweasley@hogwarts.co.uk</Email>
      </Author>
      <Author>
        <Name>George</Name>
        <Email>gweasley@hogwarts.co.uk</Email>
      </Author>
    </Authors>
    <name>Book1</name>
  </book>
  <book year="2014" isbn="ISBN83763550019---11">
    <Authors>
      <Author>
        <Name>Fred</Name>
        <Email>fweasley@hogwarts.co.uk</Email>
      </Author>
      <Author>
        <Name>George</Name>
        <Email>gweasley@hogwarts.co.uk</Email>
      </Author>
    </Authors>
    <name>Book2</name>
  </book>
  <book year="2014" isbn="ISBN83763550019---11">
    <Authors>
      <Author>
        <Name>Fred</Name>
        <Email>fweasley@hogwarts.co.uk</Email>
      </Author>
      <Author>
        <Name>George</Name>
        <Email>gweasley@hogwarts.co.uk</Email>
      </Author>
    </Authors>
    <name>Book1</name>
  </book>
  <book year="2014" isbn="ISBN83763550019---11">
    <Authors>
      <Author>
        <Name>Fred</Name>
        <Email>fweasley@hogwarts.co.uk</Email>
      </Author>
      <Author>
        <Name>George</Name>
        <Email>gweasley@hogwarts.co.uk</Email>
      </Author>
    </Authors>
    <name>Book2</name>
  </book>
  <book year="2014" isbn="ISBN83763550019---11">
    <Authors>
      <Author>
        <Name>Fred</Name>
        <Email>fweasley@hogwarts.co.uk</Email>
      </Author>
      <Author>
        <Name>George</Name>
        <Email>gweasley@hogwarts.co.uk</Email>
      </Author>
    </Authors>
    <name>Book1</name>
  </book>
  <book year="2014" isbn="ISBN83763550019---11">
    <Authors>
      <Author>
        <Name>Fred</Name>
        <Email>fweasley@hogwarts.co.uk</Email>
      </Author>
      <Author>
        <Name>George</Name>
        <Email>gweasley@hogwarts.co.uk</Email>
      </Author>
    </Authors>
    <name>Book2</name>
  </book>
  <book year="2014" isbn="ISBN83763550019---11">
    <Authors>
      <Author>
        <Name>Fred</Name>
        <Email>fweasley@hogwarts.co.uk</Email>
      </Author>
      <Author>
        <Name>George</Name>
        <Email>gweasley@hogwarts.co.uk</Email>
      </Author>
    </Authors>
    <name>Book1</name>
  </book>
  <book year="2014" isbn="ISBN83763550019---11">
    <Authors>
      <Author>
        <Name>Fred</Name>
        <Email>fweasley@hogwarts.co.uk</Email>
      </Author>
      <Author>
        <Name>George</Name>
        <Email>gweasley@hogwarts.co.uk</Email>
      </Author>
    </Authors>
    <name>Book2</name>
  </book>
  <book year="2014" isbn="ISBN83763550019---11">
    <Authors>
      <Author>
        <Name>Fred</Name>
        <Email>fweasley@hogwarts.co.uk</Email>
      </Author>
      <Author>
        <Name>George</Name>
        <Email>gweasley@hogwarts.co.uk</Email>
      </Author>
    </Authors>
    <name>Book1</name>
  </book>
  <book year="2014" isbn="ISBN83763550019---11">
    <Authors>
      <Author>
        <Name>Fred</Name>
        <Email>fweasley@hogwarts.co.uk</Email>
      </Author>
      <Author>
        <Name>George</Name>
        <Email>gweasley@hogwarts.co.uk</Email>
      </Author>
    </Authors>
    <name>Book2</name>
  </book>
  <book year="2014" isbn="ISBN83763550019---11">
    <Authors>
      <Author>
        <Name>Fred</Name>
        <Email>fweasley@hogwarts.co.uk</Email>
      </Author>
      <Author>
        <Name>George</Name>
        <Email>gweasley@hogwarts.co.uk</Email>
      </Author>
    </Authors>
    <name>Book1</name>
  </book>
  <book year="2014" isbn="ISBN83763550019---11">
    <Authors>
      <Author>
        <Name>Fred</Name>
        <Email>fweasley@hogwarts.co.uk</Email>
      </Author>
      <Author>
        <Name>George</Name>
        <Email>gweasley@hogwarts.co.uk</Email>
      </Author>
    </Authors>
    <name>Book2</name>
  </book>
  <book year="2014" isbn="ISBN83763550019---11">
    <Authors>
      <Author>
        <Name>Fred</Name>
        <Email>fweasley@hogwarts.co.uk</Email>
      </Author>
      <Author>
        <Name>George</Name>
        <Email>gweasley@hogwarts.co.uk</Email>
      </Author>
    </Authors>
    <name>Book1</name>
  </book>
  <book year="2014" isbn="ISBN83763550019---11">
    <Authors>
      <Author>
        <Name>Fred</Name>
        <Email>fweasley@hogwarts.co.uk</Email>
      </Author>
      <Author>
        <Name>George</Name>
        <Email>gweasley@hogwarts.co.uk</Email>
      </Author>
    </Authors>
    <name>Book2</name>
  </book>
  <book year="2014" isbn="ISBN83763550019---11">
    <Authors>
      <Author>
        <Name>Fred</Name>
        <Email>fweasley@hogwarts.co.uk</Email>
      </Author>
      <Author>
        <Name>George</Name>
        <Email>gweasley@hogwarts.co.uk</Email>
      </Author>
    </Authors>
    <name>Book1</name>
  </book>
  <book year="2014" isbn="ISBN83763550019---11">
    <Authors>
      <Author>
        <Name>Fred</Name>
        <Email>fweasley@hogwarts.co.uk</Email>
      </Author>
      <Author>
        <Name>George</Name>
        <Email>gweasley@hogwarts.co.uk</Email>
      </Author>
    </Authors>
    <name>Book2</name>
  </book>
  <book year="2014" isbn="ISBN83763550019---11">
    <Authors>
      <Author>
        <Name>Fred</Name>
        <Email>fweasley@hogwarts.co.uk</Email>
      </Author>
      <Author>
        <Name>George</Name>
        <Email>gweasley@hogwarts.co.uk</Email>
      </Author>
    </Authors>
    <name>Book1</name>
  </book>
  <book year="2014" isbn="ISBN83763550019---11">
    <Authors>
      <Author>
        <Name>Fred</Name>
        <Email>fweasley@hogwarts.co.uk</Email>
      </Author>
      <Author>
        <Name>George</Name>
        <Email>gweasley@hogwarts.co.uk</Email>
      </Author>
    </Authors>
    <name>Book2</name>
  </book>
  <book year="2014" isbn="ISBN83763550019---11">
    <Authors>
      <Author>
        <Name>Fred</Name>
        <Email>fweasley@hogwarts.co.uk</Email>
      </Author>
      <Author>
        <Name>George</Name>
        <Email>gweasley@hogwarts.co.uk</Email>
      </Author>
    </Authors>
    <name>Book1</name>
  </book>
  <book year="2014" isbn="ISBN83763550019---11">
    <Authors>
      <Author>
        <Name>Fred</Name>
        <Email>fweasley@hogwarts.co.uk</Email>
      </Author>
      <Author>
        <Name>George</Name>
        <Email>gweasley@hogwarts.co.uk</Email>
      </Author>
    </Authors>
    <name>Book2</name>
  </book>
  <book year="2014" isbn="ISBN83763550019---11">
    <Authors>
      <Author>
        <Name>Fred</Name>
        <Email>fweasley@hogwarts.co.uk</Email>
      </Author>
      <Author>
        <Name>George</Name>
        <Email>gweasley@hogwarts.co.uk</Email>
      </Author>
    </Authors>
    <name>Book1</name>
  </book>
  <book year="2014" isbn="ISBN83763550019---11">
    <Authors>
      <Author>
        <Name>Fred</Name>
        <Email>fweasley@hogwarts.co.uk</Email>
      </Author>
      <Author>
        <Name>George</Name>
        <Email>gweasley@hogwarts.co.uk</Email>
      </Author>
    </Authors>
    <name>Book2</name>
  </book>
  <book year="2014" isbn="ISBN83763550019---11">
    <Authors>
      <Author>
        <Name>Fred</Name>
        <Email>fweasley@hogwarts.co.uk</Email>
      </Author>
      <Author>
        <Name>George</Name>
        <Email>gweasley@hogwarts.co.uk</Email>
      </Author>
    </Authors>
    <name>Book1</name>
  </book>
  <book year="2014" isbn="ISBN83763550019---11">
    <Authors>
      <Author>
        <Name>Fred</Name>
        <Email>fweasley@hogwarts.co.uk</Email>
      </Author>
      <Author>
        <Name>George</Name>
        <Email>gweasley@hogwarts.co.uk</Email>
      </Author>
    </Authors>
    <name>Book2</name>
  </book>
  <book year="2014" isbn="ISBN83763550019---11">
    <Authors>
      <Author>
        <Name>Fred</Name>
        <Email>fweasley@hogwarts.co.uk</Email>
      </Author>
      <Author>
        <Name>George</Name>
        <Email>gweasley@hogwarts.co.uk</Email>
      </Author>
    </Authors>
    <name>Book1</name>
  </book>
  <book year="2014" isbn="ISBN83763550019---11">
    <Authors>
      <Author>
        <Name>Fred</Name>
        <Email>fweasley@hogwarts.co.uk</Email>
      </Author>
      <Author>
        <Name>George</Name>
        <Email>gweasley@hogwarts.co.uk</Email>
      </Author>
    </Authors>
    <name>Book2</name>
  </book>
  <book year="2014" isbn="ISBN83763550019---11">
    <Authors>
      <Author>
        <Name>Fred</Name>
        <Email>fweasley@hogwarts.co.uk</Email>
      </Author>
      <Author>
        <Name>George</Name>
        <Email>gweasley@hogwarts.co.uk</Email>
      </Author>
    </Authors>
    <name>Book1</name>
  </book>
  <book year="2014" isbn="ISBN83763550019---11">
    <Authors>
      <Author>
        <Name>Fred</Name>
        <Email>fweasley@hogwarts.co.uk</Email>
      </Author>
      <Author>
        <Name>George</Name>
        <Email>gweasley@hogwarts.co.uk</Email>
      </Author>
    </Authors>
    <name>Book2</name>
  </book>
  <book year="2014" isbn="ISBN83763550019---11">
    <Authors>
      <Author>
        <Name>Fred</Name>
        <Email>fweasley@hogwarts.co.uk</Email>
      </Author>
      <Author>
        <Name>George</Name>
        <Email>gweasley@hogwarts.co.uk</Email>
      </Author>
    </Authors>
    <name>Book1</name>
  </book>
  <book year="2014" isbn="ISBN83763550019---11">
    <Authors>
      <Author>
        <Name>Fred</Name>
        <Email>fweasley@hogwarts.co.uk</Email>
      </Author>
      <Author>
        <Name>George</Name>
        <Email>gweasley@hogwarts.co.uk</Email>
      </Author>
    </Authors>
    <name>Book2</name>
  </book>
  <book year="2014" isbn="ISBN83763550019---11">
    <Authors>
      <Author>
        <Name>Fred</Name>
        <Email>fweasley@hogwarts.co.uk</Email>
      </Author>
      <Author>
        <Name>George</Name>
        <Email>gweasley@hogwarts.co.uk</Email>
      </Author>
    </Authors>
    <name>Book1</name>
  </book>
  <book year="2014" isbn="ISBN83763550019---11">
    <Authors>
      <Author>
        <Name>Fred</Name>
        <Email>fweasley@hogwarts.co.uk</Email>
      </Author>
      <Author>
        <Name>George</Name>
        <Email>gweasley@hogwarts.co.uk</Email>
      </Author>
    </Authors>
    <name>Book2</name>
  </book>
  <book year="2014" isbn="ISBN83763550019---11">
    <Authors>
      <Author>
        <Name>Fred</Name>
        <Email>fweasley@hogwarts.co.uk</Email>
      </Author>
      <Author>
        <Name>George</Name>
        <Email>gweasley@hogwarts.co.uk</Email>
      </Author>
    </Authors>
    <name>Book1</name>
  </book>
  <book year="2014" isbn="ISBN83763550019---11">
    <Authors>
      <Author>
        <Name>Fred</Name>
        <Email>fweasley@hogwarts.co.uk</Email>
      </Author>
      <Author>
        <Name>George</Name>
        <Email>gweasley@hogwarts.co.uk</Email>
      </Author>
    </Authors>
    <name>Book2</name>
  </book>
  <book year="2014" isbn="ISBN83763550019---11">
    <Authors>
      <Author>
        <Name>Fred</Name>
        <Email>fweasley@hogwarts.co.uk</Email>
      </Author>
      <Author>
        <Name>George</Name>
        <Email>gweasley@hogwarts.co.uk</Email>
      </Author>
    </Authors>
    <name>Book1</name>
  </book>
  <book year="2014" isbn="ISBN83763550019---11">
    <Authors>
      <Author>
        <Name>Fred</Name>
        <Email>fweasley@hogwarts.co.uk</Email>
      </Author>
      <Author>
        <Name>George</Name>
        <Email>gweasley@hogwarts.co.uk</Email>
      </Author>
    </Authors>
    <name>Book2</name>
  </book>
  <book year="2014" isbn="ISBN83763550019---11">
    <Authors>
      <Author>
        <Name>Fred</Name>
        <Email>fweasley@hogwarts.co.uk</Email>
      </Author>
      <Author>
        <Name>George</Name>
        <Email>gweasley@hogwarts.co.uk</Email>
      </Author>
    </Authors>
    <name>Book1</name>
  </book>
  <book year="2014" isbn="ISBN83763550019---11">
    <Authors>
      <Author>
        <Name>Fred</Name>
        <Email>fweasley@hogwarts.co.uk</Email>
      </Author>
      <Author>
        <Name>George</Name>
        <Email>gweasley@hogwarts.co.uk</Email>
      </Author>
    </Authors>
    <name>Book2</name>
  </book>
  <book year="2014" isbn="ISBN83763550019---11">
    <Authors>
      <Author>
        <Name>Fred</Name>
        <Email>fweasley@hogwarts.co.uk</Email>
      </Author>
      <Author>
        <Name>George</Name>
        <Email>gweasley@hogwarts.co.uk</Email>
      </Author>
    </Authors>
    <name>Book1</name>
  </book>
  <book year="2014" isbn="ISBN83763550019---11">
    <Authors>
      <Author>
        <Name>Fred</Name>
        <Email>fweasley@hogwarts.co.uk</Email>
      </Author>
      <Author>
        <Name>George</Name>
        <Email>gweasley@hogwarts.co.uk</Email>
      </Author>
    </Authors>
    <name>Book2</name>
  </book>
  <book year="2014" isbn="ISBN83763550019---11">
    <Authors>
      <Author>
        <Name>Fred</Name>
        <Email>fweasley@hogwarts.co.uk</Email>
      </Author>
      <Author>
        <Name>George</Name>
        <Email>gweasley@hogwarts.co.uk</Email>
      </Author>
    </Authors>
    <name>Book1</name>
  </book>
  <book year="2014" isbn="ISBN83763550019---11">
    <Authors>
      <Author>
        <Name>Fred</Name>
        <Email>fweasley@hogwarts.co.uk</Email>
      </Author>
      <Author>
        <Name>George</Name>
        <Email>gweasley@hogwarts.co.uk</Email>
      </Author>
    </Authors>
    <name>Book2</name>
  </book>
  <book year="2014" isbn="ISBN83763550019---11">
    <Authors>
      <Author>
        <Name>Fred</Name>
        <Email>fweasley@hogwarts.co.uk</Email>
      </Author>
      <Author>
        <Name>George</Name>
        <Email>gweasley@hogwarts.co.uk</Email>
      </Author>
    </Authors>
    <name>Book1</name>
  </book>
  <book year="2014" isbn="ISBN83763550019---11">
    <Authors>
      <Author>
        <Name>Fred</Name>
        <Email>fweasley@hogwarts.co.uk</Email>
      </Author>
      <Author>
        <Name>George</Name>
        <Email>gweasley@hogwarts.co.uk</Email>
      </Author>
    </Authors>
    <name>Book2</name>
  </book>
  <book year="2014" isbn="ISBN83763550019---11">
    <Authors>
      <Author>
        <Name>Fred</Name>
        <Email>fweasley@hogwarts.co.uk</Email>
      </Author>
      <Author>
        <Name>George</Name>
        <Email>gweasley@hogwarts.co.uk</Email>
      </Author>
    </Authors>
    <name>Book1</name>
  </book>
  <book year="2014" isbn="ISBN83763550019---11">
    <Authors>
      <Author>
        <Name>Fred</Name>
        <Email>fweasley@hogwarts.co.uk</Email>
      </Author>
      <Author>
        <Name>George</Name>
        <Email>gweasley@hogwarts.co.uk</Email>
      </Author>
    </Authors>
    <name>Book2</name>
  </book>
  <book year="2014" isbn="ISBN83763550019---11">
    <Authors>
      <Author>
        <Name>Fred</Name>
        <Email>fweasley@hogwarts.co.uk</Email>
      </Author>
      <Author>
        <Name>George</Name>
        <Email>gweasley@hogwarts.co.uk</Email>
      </Author>
    </Authors>
    <name>Book1</name>
  </book>
  <book year="2014" isbn="ISBN83763550019---11">
    <Authors>
      <Author>
        <Name>Fred</Name>
        <Email>fweasley@hogwarts.co.uk</Email>
      </Author>
      <Author>
        <Name>George</Name>
        <Email>gweasley@hogwarts.co.uk</Email>
      </Author>
    </Authors>
    <name>Book2</name>
  </book>
  <book year="2014" isbn="ISBN83763550019---11">
    <Authors>
      <Author>
        <Name>Fred</Name>
        <Email>fweasley@hogwarts.co.uk</Email>
      </Author>
      <Author>
        <Name>George</Name>
        <Email>gweasley@hogwarts.co.uk</Email>
      </Author>
    </Authors>
    <name>Book1</name>
  </book>
  <book year="2014" isbn="ISBN83763550019---11">
    <Authors>
      <Author>
        <Name>Fred</Name>
        <Email>fweasley@hogwarts.co.uk</Email>
      </Author>
      <Author>
        <Name>George</Name>
        <Email>gweasley@hogwarts.co.uk</Email>
      </Author>
    </Authors>
    <name>Book2</name>
  </book>
  <book year="2014" isbn="ISBN83763550019---11">
    <Authors>
      <Author>
        <Name>Fred</Name>
        <Email>fweasley@hogwarts.co.uk</Email>
      </Author>
      <Author>
        <Name>George</Name>
        <Email>gweasley@hogwarts.co.uk</Email>
      </Author>
    </Authors>
    <name>Book1</name>
  </book>
  <book year="2014" isbn="ISBN83763550019---11">
    <Authors>
      <Author>
        <Name>Fred</Name>
        <Email>fweasley@hogwarts.co.uk</Email>
      </Author>
      <Author>
        <Name>George</Name>
        <Email>gweasley@hogwarts.co.uk</Email>
      </Author>
    </Authors>
    <name>Book2</name>
  </book>
  <book year="2014" isbn="ISBN83763550019---11">
    <Authors>
      <Author>
        <Name>Fred</Name>
        <Email>fweasley@hogwarts.co.uk</Email>
      </Author>
      <Author>
        <Name>George</Name>
        <Email>gweasley@hogwarts.co.uk</Email>
      </Author>
    </Authors>
    <name>Book1</name>
  </book>
  <book year="2014" isbn="ISBN83763550019---11">
    <Authors>
      <Author>
        <Name>Fred</Name>
        <Email>fweasley@hogwarts.co.uk</Email>
      </Author>
      <Author>
        <Name>George</Name>
        <Email>gweasley@hogwarts.co.uk</Email>
      </Author>
    </Authors>
    <name>Book2</name>
  </book>
  <book year="2014" isbn="ISBN83763550019---11">
    <Authors>
      <Author>
        <Name>Fred</Name>
        <Email>fweasley@hogwarts.co.uk</Email>
      </Author>
      <Author>
        <Name>George</Name>
        <Email>gweasley@hogwarts.co.uk</Email>
      </Author>
    </Authors>
    <name>Book1</name>
  </book>
  <book year="2014" isbn="ISBN83763550019---11">
    <Authors>
      <Author>
        <Name>Fred</Name>
        <Email>fweasley@hogwarts.co.uk</Email>
      </Author>
      <Author>
        <Name>George</Name>
        <Email>gweasley@hogwarts.co.uk</Email>
      </Author>
    </Authors>
    <name>Book2</name>
  </book>
  <book year="2014" isbn="ISBN83763550019---11">
    <Authors>
      <Author>
        <Name>Fred</Name>
        <Email>fweasley@hogwarts.co.uk</Email>
      </Author>
      <Author>
        <Name>George</Name>
        <Email>gweasley@hogwarts.co.uk</Email>
      </Author>
    </Authors>
    <name>Book1</name>
  </book>
  <book year="2014" isbn="ISBN83763550019---11">
    <Authors>
      <Author>
        <Name>Fred</Name>
        <Email>fweasley@hogwarts.co.uk</Email>
      </Author>
      <Author>
        <Name>George</Name>
        <Email>gweasley@hogwarts.co.uk</Email>
      </Author>
    </Authors>
    <name>Book2</name>
  </book>
  <book year="2014" isbn="ISBN83763550019---11">
    <Authors>
      <Author>
        <Name>Fred</Name>
        <Email>fweasley@hogwarts.co.uk</Email>
      </Author>
      <Author>
        <Name>George</Name>
        <Email>gweasley@hogwarts.co.uk</Email>
      </Author>
    </Authors>
    <name>Book1</name>
  </book>
  <book year="2014" isbn="ISBN83763550019---11">
    <Authors>
      <Author>
        <Name>Fred</Name>
        <Email>fweasley@hogwarts.co.uk</Email>
      </Author>
      <Author>
        <Name>George</Name>
        <Email>gweasley@hogwarts.co.uk</Email>
      </Author>
    </Authors>
    <name>Book2</name>
  </book>
  <book year="2014" isbn="ISBN83763550019---11">
    <Authors>
      <Author>
        <Name>Fred</Name>
        <Email>fweasley@hogwarts.co.uk</Email>
      </Author>
      <Author>
        <Name>George</Name>
        <Email>gweasley@hogwarts.co.uk</Email>
      </Author>
    </Authors>
    <name>Book1</name>
  </book>
  <book year="2014" isbn="ISBN83763550019---11">
    <Authors>
      <Author>
        <Name>Fred</Name>
        <Email>fweasley@hogwarts.co.uk</Email>
      </Author>
      <Author>
        <Name>George</Name>
        <Email>gweasley@hogwarts.co.uk</Email>
      </Author>
    </Authors>
    <name>Book2</name>
  </book>
  <book year="2014" isbn="ISBN83763550019---11">
    <Authors>
      <Author>
        <Name>Fred</Name>
        <Email>fweasley@hogwarts.co.uk</Email>
      </Author>
      <Author>
        <Name>George</Name>
        <Email>gweasley@hogwarts.co.uk</Email>
      </Author>
    </Authors>
    <name>Book1</name>
  </book>
  <book year="2014" isbn="ISBN83763550019---11">
    <Authors>
      <Author>
        <Name>Fred</Name>
        <Email>fweasley@hogwarts.co.uk</Email>
      </Author>
      <Author>
        <Name>George</Name>
        <Email>gweasley@hogwarts.co.uk</Email>
      </Author>
    </Authors>
    <name>Book2</name>
  </book>
  <book year="2014" isbn="ISBN83763550019---11">
    <Authors>
      <Author>
        <Name>Fred</Name>
        <Email>fweasley@hogwarts.co.uk</Email>
      </Author>
      <Author>
        <Name>George</Name>
        <Email>gweasley@hogwarts.co.uk</Email>
      </Author>
    </Authors>
    <name>Book1</name>
  </book>
  <book year="2014" isbn="ISBN83763550019---11">
    <Authors>
      <Author>
        <Name>Fred</Name>
        <Email>fweasley@hogwarts.co.uk</Email>
      </Author>
      <Author>
        <Name>George</Name>
        <Email>gweasley@hogwarts.co.uk</Email>
      </Author>
    </Authors>
    <name>Book2</name>
  </book>
  <book year="2014" isbn="ISBN83763550019---11">
    <Authors>
      <Author>
        <Name>Fred</Name>
        <Email>fweasley@hogwarts.co.uk</Email>
      </Author>
      <Author>
        <Name>George</Name>
        <Email>gweasley@hogwarts.co.uk</Email>
      </Author>
    </Authors>
    <name>Book1</name>
  </book>
  <book year="2014" isbn="ISBN83763550019---11">
    <Authors>
      <Author>
        <Name>Fred</Name>
        <Email>fweasley@hogwarts.co.uk</Email>
      </Author>
      <Author>
        <Name>George</Name>
        <Email>gweasley@hogwarts.co.uk</Email>
      </Author>
    </Authors>
    <name>Book2</name>
  </book>
  <book year="2014" isbn="ISBN83763550019---11">
    <Authors>
      <Author>
        <Name>Fred</Name>
        <Email>fweasley@hogwarts.co.uk</Email>
      </Author>
      <Author>
        <Name>George</Name>
        <Email>gweasley@hogwarts.co.uk</Email>
      </Author>
    </Authors>
    <name>Book1</name>
  </book>
  <book year="2014" isbn="ISBN83763550019---11">
    <Authors>
      <Author>
        <Name>Fred</Name>
        <Email>fweasley@hogwarts.co.uk</Email>
      </Author>
      <Author>
        <Name>George</Name>
        <Email>gweasley@hogwarts.co.uk</Email>
      </Author>
    </Authors>
    <name>Book2</name>
  </book>
  <book year="2014" isbn="ISBN83763550019---11">
    <Authors>
      <Author>
        <Name>Fred</Name>
        <Email>fweasley@hogwarts.co.uk</Email>
      </Author>
      <Author>
        <Name>George</Name>
        <Email>gweasley@hogwarts.co.uk</Email>
      </Author>
    </Authors>
    <name>Book1</name>
  </book>
  <book year="2014" isbn="ISBN83763550019---11">
    <Authors>
      <Author>
        <Name>Fred</Name>
        <Email>fweasley@hogwarts.co.uk</Email>
      </Author>
      <Author>
        <Name>George</Name>
        <Email>gweasley@hogwarts.co.uk</Email>
      </Author>
    </Authors>
    <name>Book2</name>
  </book>
  <book year="2014" isbn="ISBN83763550019---11">
    <Authors>
      <Author>
        <Name>Fred</Name>
        <Email>fweasley@hogwarts.co.uk</Email>
      </Author>
      <Author>
        <Name>George</Name>
        <Email>gweasley@hogwarts.co.uk</Email>
      </Author>
    </Authors>
    <name>Book1</name>
  </book>
  <book year="2014" isbn="ISBN83763550019---11">
    <Authors>
      <Author>
        <Name>Fred</Name>
        <Email>fweasley@hogwarts.co.uk</Email>
      </Author>
      <Author>
        <Name>George</Name>
        <Email>gweasley@hogwarts.co.uk</Email>
      </Author>
    </Authors>
    <name>Book2</name>
  </book>
  <book year="2014" isbn="ISBN83763550019---11">
    <Authors>
      <Author>
        <Name>Fred</Name>
        <Email>fweasley@hogwarts.co.uk</Email>
      </Author>
      <Author>
        <Name>George</Name>
        <Email>gweasley@hogwarts.co.uk</Email>
      </Author>
    </Authors>
    <name>Book1</name>
  </book>
  <book year="2014" isbn="ISBN83763550019---11">
    <Authors>
      <Author>
        <Name>Fred</Name>
        <Email>fweasley@hogwarts.co.uk</Email>
      </Author>
      <Author>
        <Name>George</Name>
        <Email>gweasley@hogwarts.co.uk</Email>
      </Author>
    </Authors>
    <name>Book2</name>
  </book>
  <book year="2014" isbn="ISBN83763550019---11">
    <Authors>
      <Author>
        <Name>Fred</Name>
        <Email>fweasley@hogwarts.co.uk</Email>
      </Author>
      <Author>
        <Name>George</Name>
        <Email>gweasley@hogwarts.co.uk</Email>
      </Author>
    </Authors>
    <name>Book1</name>
  </book>
  <book year="2014" isbn="ISBN83763550019---11">
    <Authors>
      <Author>
        <Name>Fred</Name>
        <Email>fweasley@hogwarts.co.uk</Email>
      </Author>
      <Author>
        <Name>George</Name>
        <Email>gweasley@hogwarts.co.uk</Email>
      </Author>
    </Authors>
    <name>Book2</name>
  </book>
  <book year="2014" isbn="ISBN83763550019---11">
    <Authors>
      <Author>
        <Name>Fred</Name>
        <Email>fweasley@hogwarts.co.uk</Email>
      </Author>
      <Author>
        <Name>George</Name>
        <Email>gweasley@hogwarts.co.uk</Email>
      </Author>
    </Authors>
    <name>Book1</name>
  </book>
  <book year="2014" isbn="ISBN83763550019---11">
    <Authors>
      <Author>
        <Name>Fred</Name>
        <Email>fweasley@hogwarts.co.uk</Email>
      </Author>
      <Author>
        <Name>George</Name>
        <Email>gweasley@hogwarts.co.uk</Email>
      </Author>
    </Authors>
    <name>Book2</name>
  </book>
  <book year="2014" isbn="ISBN83763550019---11">
    <Authors>
      <Author>
        <Name>Fred</Name>
        <Email>fweasley@hogwarts.co.uk</Email>
      </Author>
      <Author>
        <Name>George</Name>
        <Email>gweasley@hogwarts.co.uk</Email>
      </Author>
    </Authors>
    <name>Book1</name>
  </book>
  <book year="2014" isbn="ISBN83763550019---11">
    <Authors>
      <Author>
        <Name>Fred</Name>
        <Email>fweasley@hogwarts.co.uk</Email>
      </Author>
      <Author>
        <Name>George</Name>
        <Email>gweasley@hogwarts.co.uk</Email>
      </Author>
    </Authors>
    <name>Book2</name>
  </book>
  <book year="2014" isbn="ISBN83763550019---11">
    <Authors>
      <Author>
        <Name>Fred</Name>
        <Email>fweasley@hogwarts.co.uk</Email>
      </Author>
      <Author>
        <Name>George</Name>
        <Email>gweasley@hogwarts.co.uk</Email>
      </Author>
    </Authors>
    <name>Book1</name>
  </book>
  <book year="2014" isbn="ISBN83763550019---11">
    <Authors>
      <Author>
        <Name>Fred</Name>
        <Email>fweasley@hogwarts.co.uk</Email>
      </Author>
      <Author>
        <Name>George</Name>
        <Email>gweasley@hogwarts.co.uk</Email>
      </Author>
    </Authors>
    <name>Book2</name>
  </book>
  <book year="2014" isbn="ISBN83763550019---11">
    <Authors>
      <Author>
        <Name>Fred</Name>
        <Email>fweasley@hogwarts.co.uk</Email>
      </Author>
      <Author>
        <Name>George</Name>
        <Email>gweasley@hogwarts.co.uk</Email>
      </Author>
    </Authors>
    <name>Book1</name>
  </book>
  <book year="2014" isbn="ISBN83763550019---11">
    <Authors>
      <Author>
        <Name>Fred</Name>
        <Email>fweasley@hogwarts.co.uk</Email>
      </Author>
      <Author>
        <Name>George</Name>
        <Email>gweasley@hogwarts.co.uk</Email>
      </Author>
    </Authors>
    <name>Book2</name>
  </book>
  <book year="2014" isbn="ISBN83763550019---11">
    <Authors>
      <Author>
        <Name>Fred</Name>
        <Email>fweasley@hogwarts.co.uk</Email>
      </Author>
      <Author>
        <Name>George</Name>
        <Email>gweasley@hogwarts.co.uk</Email>
      </Author>
    </Authors>
    <name>Book1</name>
  </book>
  <book year="2014" isbn="ISBN83763550019---11">
    <Authors>
      <Author>
        <Name>Fred</Name>
        <Email>fweasley@hogwarts.co.uk</Email>
      </Author>
      <Author>
        <Name>George</Name>
        <Email>gweasley@hogwarts.co.uk</Email>
      </Author>
    </Authors>
    <name>Book2</name>
  </book>
  <book year="2014" isbn="ISBN83763550019---11">
    <Authors>
      <Author>
        <Name>Fred</Name>
        <Email>fweasley@hogwarts.co.uk</Email>
      </Author>
      <Author>
        <Name>George</Name>
        <Email>gweasley@hogwarts.co.uk</Email>
      </Author>
    </Authors>
    <name>Book1</name>
  </book>
  <book year="2014" isbn="ISBN83763550019---11">
    <Authors>
      <Author>
        <Name>Fred</Name>
        <Email>fweasley@hogwarts.co.uk</Email>
      </Author>
      <Author>
        <Name>George</Name>
        <Email>gweasley@hogwarts.co.uk</Email>
      </Author>
    </Authors>
    <name>Book2</name>
  </book>
  <book year="2014" isbn="ISBN83763550019---11">
    <Authors>
      <Author>
        <Name>Fred</Name>
        <Email>fweasley@hogwarts.co.uk</Email>
      </Author>
      <Author>
        <Name>George</Name>
        <Email>gweasley@hogwarts.co.uk</Email>
      </Author>
    </Authors>
    <name>Book1</name>
  </book>
  <book year="2014" isbn="ISBN83763550019---11">
    <Authors>
      <Author>
        <Name>Fred</Name>
        <Email>fweasley@hogwarts.co.uk</Email>
      </Author>
      <Author>
        <Name>George</Name>
        <Email>gweasley@hogwarts.co.uk</Email>
      </Author>
    </Authors>
    <name>Book2</name>
  </book>
  <book year="2014" isbn="ISBN83763550019---11">
    <Authors>
      <Author>
        <Name>Fred</Name>
        <Email>fweasley@hogwarts.co.uk</Email>
      </Author>
      <Author>
        <Name>George</Name>
        <Email>gweasley@hogwarts.co.uk</Email>
      </Author>
    </Authors>
    <name>Book1</name>
  </book>
  <book year="2014" isbn="ISBN83763550019---11">
    <Authors>
      <Author>
        <Name>Fred</Name>
        <Email>fweasley@hogwarts.co.uk</Email>
      </Author>
      <Author>
        <Name>George</Name>
        <Email>gweasley@hogwarts.co.uk</Email>
      </Author>
    </Authors>
    <name>Book2</name>
  </book>
  <book year="2014" isbn="ISBN83763550019---11">
    <Authors>
      <Author>
        <Name>Fred</Name>
        <Email>fweasley@hogwarts.co.uk</Email>
      </Author>
      <Author>
        <Name>George</Name>
        <Email>gweasley@hogwarts.co.uk</Email>
      </Author>
    </Authors>
    <name>Book1</name>
  </book>
  <book year="2014" isbn="ISBN83763550019---11">
    <Authors>
      <Author>
        <Name>Fred</Name>
        <Email>fweasley@hogwarts.co.uk</Email>
      </Author>
      <Author>
        <Name>George</Name>
        <Email>gweasley@hogwarts.co.uk</Email>
      </Author>
    </Authors>
    <name>Book2</name>
  </book>
  <book year="2014" isbn="ISBN83763550019---11">
    <Authors>
      <Author>
        <Name>Fred</Name>
        <Email>fweasley@hogwarts.co.uk</Email>
      </Author>
      <Author>
        <Name>George</Name>
        <Email>gweasley@hogwarts.co.uk</Email>
      </Author>
    </Authors>
    <name>Book1</name>
  </book>
  <book year="2014" isbn="ISBN83763550019---11">
    <Authors>
      <Author>
        <Name>Fred</Name>
        <Email>fweasley@hogwarts.co.uk</Email>
      </Author>
      <Author>
        <Name>George</Name>
        <Email>gweasley@hogwarts.co.uk</Email>
      </Author>
    </Authors>
    <name>Book2</name>
  </book>
  <book year="2014" isbn="ISBN83763550019---11">
    <Authors>
      <Author>
        <Name>Fred</Name>
        <Email>fweasley@hogwarts.co.uk</Email>
      </Author>
      <Author>
        <Name>George</Name>
        <Email>gweasley@hogwarts.co.uk</Email>
      </Author>
    </Authors>
    <name>Book1</name>
  </book>
  <book year="2014" isbn="ISBN83763550019---11">
    <Authors>
      <Author>
        <Name>Fred</Name>
        <Email>fweasley@hogwarts.co.uk</Email>
      </Author>
      <Author>
        <Name>George</Name>
        <Email>gweasley@hogwarts.co.uk</Email>
      </Author>
    </Authors>
    <name>Book2</name>
  </book>
  <book year="2014" isbn="ISBN83763550019---11">
    <Authors>
      <Author>
        <Name>Fred</Name>
        <Email>fweasley@hogwarts.co.uk</Email>
      </Author>
      <Author>
        <Name>George</Name>
        <Email>gweasley@hogwarts.co.uk</Email>
      </Author>
    </Authors>
    <name>Book1</name>
  </book>
  <book year="2014" isbn="ISBN83763550019---11">
    <Authors>
      <Author>
        <Name>Fred</Name>
        <Email>fweasley@hogwarts.co.uk</Email>
      </Author>
      <Author>
        <Name>George</Name>
        <Email>gweasley@hogwarts.co.uk</Email>
      </Author>
    </Authors>
    <name>Book2</name>
  </book>
  <book year="2014" isbn="ISBN83763550019---11">
    <Authors>
      <Author>
        <Name>Fred</Name>
        <Email>fweasley@hogwarts.co.uk</Email>
      </Author>
      <Author>
        <Name>George</Name>
        <Email>gweasley@hogwarts.co.uk</Email>
      </Author>
    </Authors>
    <name>Book1</name>
  </book>
  <book year="2014" isbn="ISBN83763550019---11">
    <Authors>
      <Author>
        <Name>Fred</Name>
        <Email>fweasley@hogwarts.co.uk</Email>
      </Author>
      <Author>
        <Name>George</Name>
        <Email>gweasley@hogwarts.co.uk</Email>
      </Author>
    </Authors>
    <name>Book2</name>
  </book>
  <book year="2014" isbn="ISBN83763550019---11">
    <Authors>
      <Author>
        <Name>Fred</Name>
        <Email>fweasley@hogwarts.co.uk</Email>
      </Author>
      <Author>
        <Name>George</Name>
        <Email>gweasley@hogwarts.co.uk</Email>
      </Author>
    </Authors>
    <name>Book1</name>
  </book>
  <book year="2014" isbn="ISBN83763550019---11">
    <Authors>
      <Author>
        <Name>Fred</Name>
        <Email>fweasley@hogwarts.co.uk</Email>
      </Author>
      <Author>
        <Name>George</Name>
        <Email>gweasley@hogwarts.co.uk</Email>
      </Author>
    </Authors>
    <name>Book2</name>
  </book>
  <book year="2014" isbn="ISBN83763550019---11">
    <Authors>
      <Author>
        <Name>Fred</Name>
        <Email>fweasley@hogwarts.co.uk</Email>
      </Author>
      <Author>
        <Name>George</Name>
        <Email>gweasley@hogwarts.co.uk</Email>
      </Author>
    </Authors>
    <name>Book1</name>
  </book>
  <book year="2014" isbn="ISBN83763550019---11">
    <Authors>
      <Author>
        <Name>Fred</Name>
        <Email>fweasley@hogwarts.co.uk</Email>
      </Author>
      <Author>
        <Name>George</Name>
        <Email>gweasley@hogwarts.co.uk</Email>
      </Author>
    </Authors>
    <name>Book2</name>
  </book>
  <book year="2014" isbn="ISBN83763550019---11">
    <Authors>
      <Author>
        <Name>Fred</Name>
        <Email>fweasley@hogwarts.co.uk</Email>
      </Author>
      <Author>
        <Name>George</Name>
        <Email>gweasley@hogwarts.co.uk</Email>
      </Author>
    </Authors>
    <name>Book1</name>
  </book>
  <book year="2014" isbn="ISBN83763550019---11">
    <Authors>
      <Author>
        <Name>Fred</Name>
        <Email>fweasley@hogwarts.co.uk</Email>
      </Author>
      <Author>
        <Name>George</Name>
        <Email>gweasley@hogwarts.co.uk</Email>
      </Author>
    </Authors>
    <name>Book2</name>
  </book>
  <book year="2014" isbn="ISBN83763550019---11">
    <Authors>
      <Author>
        <Name>Fred</Name>
        <Email>fweasley@hogwarts.co.uk</Email>
      </Author>
      <Author>
        <Name>George</Name>
        <Email>gweasley@hogwarts.co.uk</Email>
      </Author>
    </Authors>
    <name>Book1</name>
  </book>
  <book year="2014" isbn="ISBN83763550019---11">
    <Authors>
      <Author>
        <Name>Fred</Name>
        <Email>fweasley@hogwarts.co.uk</Email>
      </Author>
      <Author>
        <Name>George</Name>
        <Email>gweasley@hogwarts.co.uk</Email>
      </Author>
    </Authors>
    <name>Book2</name>
  </book>
  <book year="2014" isbn="ISBN83763550019---11">
    <Authors>
      <Author>
        <Name>Fred</Name>
        <Email>fweasley@hogwarts.co.uk</Email>
      </Author>
      <Author>
        <Name>George</Name>
        <Email>gweasley@hogwarts.co.uk</Email>
      </Author>
    </Authors>
    <name>Book1</name>
  </book>
  <book year="2014" isbn="ISBN83763550019---11">
    <Authors>
      <Author>
        <Name>Fred</Name>
        <Email>fweasley@hogwarts.co.uk</Email>
      </Author>
      <Author>
        <Name>George</Name>
        <Email>gweasley@hogwarts.co.uk</Email>
      </Author>
    </Authors>
    <name>Book2</name>
  </book>
  <book year="2014" isbn="ISBN83763550019---11">
    <Authors>
      <Author>
        <Name>Fred</Name>
        <Email>fweasley@hogwarts.co.uk</Email>
      </Author>
      <Author>
        <Name>George</Name>
        <Email>gweasley@hogwarts.co.uk</Email>
      </Author>
    </Authors>
    <name>Book1</name>
  </book>
  <book year="2014" isbn="ISBN83763550019---11">
    <Authors>
      <Author>
        <Name>Fred</Name>
        <Email>fweasley@hogwarts.co.uk</Email>
      </Author>
      <Author>
        <Name>George</Name>
        <Email>gweasley@hogwarts.co.uk</Email>
      </Author>
    </Authors>
    <name>Book2</name>
  </book>
  <book year="2014" isbn="ISBN83763550019---11">
    <Authors>
      <Author>
        <Name>Fred</Name>
        <Email>fweasley@hogwarts.co.uk</Email>
      </Author>
      <Author>
        <Name>George</Name>
        <Email>gweasley@hogwarts.co.uk</Email>
      </Author>
    </Authors>
    <name>Book1</name>
  </book>
  <book year="2014" isbn="ISBN83763550019---11">
    <Authors>
      <Author>
        <Name>Fred</Name>
        <Email>fweasley@hogwarts.co.uk</Email>
      </Author>
      <Author>
        <Name>George</Name>
        <Email>gweasley@hogwarts.co.uk</Email>
      </Author>
    </Authors>
    <name>Book2</name>
  </book>
  <book year="2014" isbn="ISBN83763550019---11">
    <Authors>
      <Author>
        <Name>Fred</Name>
        <Email>fweasley@hogwarts.co.uk</Email>
      </Author>
      <Author>
        <Name>George</Name>
        <Email>gweasley@hogwarts.co.uk</Email>
      </Author>
    </Authors>
    <name>Book1</name>
  </book>
  <book year="2014" isbn="ISBN83763550019---11">
    <Authors>
      <Author>
        <Name>Fred</Name>
        <Email>fweasley@hogwarts.co.uk</Email>
      </Author>
      <Author>
        <Name>George</Name>
        <Email>gweasley@hogwarts.co.uk</Email>
      </Author>
    </Authors>
    <name>Book2</name>
  </book>
  <book year="2014" isbn="ISBN83763550019---11">
    <Authors>
      <Author>
        <Name>Fred</Name>
        <Email>fweasley@hogwarts.co.uk</Email>
      </Author>
      <Author>
        <Name>George</Name>
        <Email>gweasley@hogwarts.co.uk</Email>
      </Author>
    </Authors>
    <name>Book1</name>
  </book>
  <book year="2014" isbn="ISBN83763550019---11">
    <Authors>
      <Author>
        <Name>Fred</Name>
        <Email>fweasley@hogwarts.co.uk</Email>
      </Author>
      <Author>
        <Name>George</Name>
        <Email>gweasley@hogwarts.co.uk</Email>
      </Author>
    </Authors>
    <name>Book2</name>
  </book>
  <book year="2014" isbn="ISBN83763550019---11">
    <Authors>
      <Author>
        <Name>Fred</Name>
        <Email>fweasley@hogwarts.co.uk</Email>
      </Author>
      <Author>
        <Name>George</Name>
        <Email>gweasley@hogwarts.co.uk</Email>
      </Author>
    </Authors>
    <name>Book1</name>
  </book>
  <book year="2014" isbn="ISBN83763550019---11">
    <Authors>
      <Author>
        <Name>Fred</Name>
        <Email>fweasley@hogwarts.co.uk</Email>
      </Author>
      <Author>
        <Name>George</Name>
        <Email>gweasley@hogwarts.co.uk</Email>
      </Author>
    </Authors>
    <name>Book2</name>
  </book>
  <book year="2014" isbn="ISBN83763550019---11">
    <Authors>
      <Author>
        <Name>Fred</Name>
        <Email>fweasley@hogwarts.co.uk</Email>
      </Author>
      <Author>
        <Name>George</Name>
        <Email>gweasley@hogwarts.co.uk</Email>
      </Author>
    </Authors>
    <name>Book1</name>
  </book>
  <book year="2014" isbn="ISBN83763550019---11">
    <Authors>
      <Author>
        <Name>Fred</Name>
        <Email>fweasley@hogwarts.co.uk</Email>
      </Author>
      <Author>
        <Name>George</Name>
        <Email>gweasley@hogwarts.co.uk</Email>
      </Author>
    </Authors>
    <name>Book2</name>
  </book>
  <book year="2014" isbn="ISBN83763550019---11">
    <Authors>
      <Author>
        <Name>Fred</Name>
        <Email>fweasley@hogwarts.co.uk</Email>
      </Author>
      <Author>
        <Name>George</Name>
        <Email>gweasley@hogwarts.co.uk</Email>
      </Author>
    </Authors>
    <name>Book1</name>
  </book>
  <book year="2014" isbn="ISBN83763550019---11">
    <Authors>
      <Author>
        <Name>Fred</Name>
        <Email>fweasley@hogwarts.co.uk</Email>
      </Author>
      <Author>
        <Name>George</Name>
        <Email>gweasley@hogwarts.co.uk</Email>
      </Author>
    </Authors>
    <name>Book2</name>
  </book>
  <book year="2014" isbn="ISBN83763550019---11">
    <Authors>
      <Author>
        <Name>Fred</Name>
        <Email>fweasley@hogwarts.co.uk</Email>
      </Author>
      <Author>
        <Name>George</Name>
        <Email>gweasley@hogwarts.co.uk</Email>
      </Author>
    </Authors>
    <name>Book1</name>
  </book>
  <book year="2014" isbn="ISBN83763550019---11">
    <Authors>
      <Author>
        <Name>Fred</Name>
        <Email>fweasley@hogwarts.co.uk</Email>
      </Author>
      <Author>
        <Name>George</Name>
        <Email>gweasley@hogwarts.co.uk</Email>
      </Author>
    </Authors>
    <name>Book2</name>
  </book>
  <book year="2014" isbn="ISBN83763550019---11">
    <Authors>
      <Author>
        <Name>Fred</Name>
        <Email>fweasley@hogwarts.co.uk</Email>
      </Author>
      <Author>
        <Name>George</Name>
        <Email>gweasley@hogwarts.co.uk</Email>
      </Author>
    </Authors>
    <name>Book1</name>
  </book>
  <book year="2014" isbn="ISBN83763550019---11">
    <Authors>
      <Author>
        <Name>Fred</Name>
        <Email>fweasley@hogwarts.co.uk</Email>
      </Author>
      <Author>
        <Name>George</Name>
        <Email>gweasley@hogwarts.co.uk</Email>
      </Author>
    </Authors>
    <name>Book2</name>
  </book>
  <book year="2014" isbn="ISBN83763550019---11">
    <Authors>
      <Author>
        <Name>Fred</Name>
        <Email>fweasley@hogwarts.co.uk</Email>
      </Author>
      <Author>
        <Name>George</Name>
        <Email>gweasley@hogwarts.co.uk</Email>
      </Author>
    </Authors>
    <name>Book1</name>
  </book>
  <book year="2014" isbn="ISBN83763550019---11">
    <Authors>
      <Author>
        <Name>Fred</Name>
        <Email>fweasley@hogwarts.co.uk</Email>
      </Author>
      <Author>
        <Name>George</Name>
        <Email>gweasley@hogwarts.co.uk</Email>
      </Author>
    </Authors>
    <name>Book2</name>
  </book>
  <book year="2014" isbn="ISBN83763550019---11">
    <Authors>
      <Author>
        <Name>Fred</Name>
        <Email>fweasley@hogwarts.co.uk</Email>
      </Author>
      <Author>
        <Name>George</Name>
        <Email>gweasley@hogwarts.co.uk</Email>
      </Author>
    </Authors>
    <name>Book1</name>
  </book>
  <book year="2014" isbn="ISBN83763550019---11">
    <Authors>
      <Author>
        <Name>Fred</Name>
        <Email>fweasley@hogwarts.co.uk</Email>
      </Author>
      <Author>
        <Name>George</Name>
        <Email>gweasley@hogwarts.co.uk</Email>
      </Author>
    </Authors>
    <name>Book2</name>
  </book>
  <book year="2014" isbn="ISBN83763550019---11">
    <Authors>
      <Author>
        <Name>Fred</Name>
        <Email>fweasley@hogwarts.co.uk</Email>
      </Author>
      <Author>
        <Name>George</Name>
        <Email>gweasley@hogwarts.co.uk</Email>
      </Author>
    </Authors>
    <name>Book1</name>
  </book>
  <book year="2014" isbn="ISBN83763550019---11">
    <Authors>
      <Author>
        <Name>Fred</Name>
        <Email>fweasley@hogwarts.co.uk</Email>
      </Author>
      <Author>
        <Name>George</Name>
        <Email>gweasley@hogwarts.co.uk</Email>
      </Author>
    </Authors>
    <name>Book2</name>
  </book>
  <book year="2014" isbn="ISBN83763550019---11">
    <Authors>
      <Author>
        <Name>Fred</Name>
        <Email>fweasley@hogwarts.co.uk</Email>
      </Author>
      <Author>
        <Name>George</Name>
        <Email>gweasley@hogwarts.co.uk</Email>
      </Author>
    </Authors>
    <name>Book1</name>
  </book>
  <book year="2014" isbn="ISBN83763550019---11">
    <Authors>
      <Author>
        <Name>Fred</Name>
        <Email>fweasley@hogwarts.co.uk</Email>
      </Author>
      <Author>
        <Name>George</Name>
        <Email>gweasley@hogwarts.co.uk</Email>
      </Author>
    </Authors>
    <name>Book2</name>
  </book>
  <book year="2014" isbn="ISBN83763550019---11">
    <Authors>
      <Author>
        <Name>Fred</Name>
        <Email>fweasley@hogwarts.co.uk</Email>
      </Author>
      <Author>
        <Name>George</Name>
        <Email>gweasley@hogwarts.co.uk</Email>
      </Author>
    </Authors>
    <name>Book1</name>
  </book>
  <book year="2014" isbn="ISBN83763550019---11">
    <Authors>
      <Author>
        <Name>Fred</Name>
        <Email>fweasley@hogwarts.co.uk</Email>
      </Author>
      <Author>
        <Name>George</Name>
        <Email>gweasley@hogwarts.co.uk</Email>
      </Author>
    </Authors>
    <name>Book2</name>
  </book>
  <book year="2014" isbn="ISBN83763550019---11">
    <Authors>
      <Author>
        <Name>Fred</Name>
        <Email>fweasley@hogwarts.co.uk</Email>
      </Author>
      <Author>
        <Name>George</Name>
        <Email>gweasley@hogwarts.co.uk</Email>
      </Author>
    </Authors>
    <name>Book1</name>
  </book>
  <book year="2014" isbn="ISBN83763550019---11">
    <Authors>
      <Author>
        <Name>Fred</Name>
        <Email>fweasley@hogwarts.co.uk</Email>
      </Author>
      <Author>
        <Name>George</Name>
        <Email>gweasley@hogwarts.co.uk</Email>
      </Author>
    </Authors>
    <name>Book2</name>
  </book>
  <book year="2014" isbn="ISBN83763550019---11">
    <Authors>
      <Author>
        <Name>Fred</Name>
        <Email>fweasley@hogwarts.co.uk</Email>
      </Author>
      <Author>
        <Name>George</Name>
        <Email>gweasley@hogwarts.co.uk</Email>
      </Author>
    </Authors>
    <name>Book1</name>
  </book>
  <book year="2014" isbn="ISBN83763550019---11">
    <Authors>
      <Author>
        <Name>Fred</Name>
        <Email>fweasley@hogwarts.co.uk</Email>
      </Author>
      <Author>
        <Name>George</Name>
        <Email>gweasley@hogwarts.co.uk</Email>
      </Author>
    </Authors>
    <name>Book2</name>
  </book>
  <book year="2014" isbn="ISBN83763550019---11">
    <Authors>
      <Author>
        <Name>Fred</Name>
        <Email>fweasley@hogwarts.co.uk</Email>
      </Author>
      <Author>
        <Name>George</Name>
        <Email>gweasley@hogwarts.co.uk</Email>
      </Author>
    </Authors>
    <name>Book1</name>
  </book>
  <book year="2014" isbn="ISBN83763550019---11">
    <Authors>
      <Author>
        <Name>Fred</Name>
        <Email>fweasley@hogwarts.co.uk</Email>
      </Author>
      <Author>
        <Name>George</Name>
        <Email>gweasley@hogwarts.co.uk</Email>
      </Author>
    </Authors>
    <name>Book2</name>
  </book>
  <book year="2014" isbn="ISBN83763550019---11">
    <Authors>
      <Author>
        <Name>Fred</Name>
        <Email>fweasley@hogwarts.co.uk</Email>
      </Author>
      <Author>
        <Name>George</Name>
        <Email>gweasley@hogwarts.co.uk</Email>
      </Author>
    </Authors>
    <name>Book1</name>
  </book>
  <book year="2014" isbn="ISBN83763550019---11">
    <Authors>
      <Author>
        <Name>Fred</Name>
        <Email>fweasley@hogwarts.co.uk</Email>
      </Author>
      <Author>
        <Name>George</Name>
        <Email>gweasley@hogwarts.co.uk</Email>
      </Author>
    </Authors>
    <name>Book2</name>
  </book>
  <book year="2014" isbn="ISBN83763550019---11">
    <Authors>
      <Author>
        <Name>Fred</Name>
        <Email>fweasley@hogwarts.co.uk</Email>
      </Author>
      <Author>
        <Name>George</Name>
        <Email>gweasley@hogwarts.co.uk</Email>
      </Author>
    </Authors>
    <name>Book1</name>
  </book>
  <book year="2014" isbn="ISBN83763550019---11">
    <Authors>
      <Author>
        <Name>Fred</Name>
        <Email>fweasley@hogwarts.co.uk</Email>
      </Author>
      <Author>
        <Name>George</Name>
        <Email>gweasley@hogwarts.co.uk</Email>
      </Author>
    </Authors>
    <name>Book2</name>
  </book>
  <book year="2014" isbn="ISBN83763550019---11">
    <Authors>
      <Author>
        <Name>Fred</Name>
        <Email>fweasley@hogwarts.co.uk</Email>
      </Author>
      <Author>
        <Name>George</Name>
        <Email>gweasley@hogwarts.co.uk</Email>
      </Author>
    </Authors>
    <name>Book1</name>
  </book>
  <book year="2014" isbn="ISBN83763550019---11">
    <Authors>
      <Author>
        <Name>Fred</Name>
        <Email>fweasley@hogwarts.co.uk</Email>
      </Author>
      <Author>
        <Name>George</Name>
        <Email>gweasley@hogwarts.co.uk</Email>
      </Author>
    </Authors>
    <name>Book2</name>
  </book>
  <book year="2014" isbn="ISBN83763550019---11">
    <Authors>
      <Author>
        <Name>Fred</Name>
        <Email>fweasley@hogwarts.co.uk</Email>
      </Author>
      <Author>
        <Name>George</Name>
        <Email>gweasley@hogwarts.co.uk</Email>
      </Author>
    </Authors>
    <name>Book1</name>
  </book>
  <book year="2014" isbn="ISBN83763550019---11">
    <Authors>
      <Author>
        <Name>Fred</Name>
        <Email>fweasley@hogwarts.co.uk</Email>
      </Author>
      <Author>
        <Name>George</Name>
        <Email>gweasley@hogwarts.co.uk</Email>
      </Author>
    </Authors>
    <name>Book2</name>
  </book>
  <book year="2014" isbn="ISBN83763550019---11">
    <Authors>
      <Author>
        <Name>Fred</Name>
        <Email>fweasley@hogwarts.co.uk</Email>
      </Author>
      <Author>
        <Name>George</Name>
        <Email>gweasley@hogwarts.co.uk</Email>
      </Author>
    </Authors>
    <name>Book1</name>
  </book>
  <book year="2014" isbn="ISBN83763550019---11">
    <Authors>
      <Author>
        <Name>Fred</Name>
        <Email>fweasley@hogwarts.co.uk</Email>
      </Author>
      <Author>
        <Name>George</Name>
        <Email>gweasley@hogwarts.co.uk</Email>
      </Author>
    </Authors>
    <name>Book2</name>
  </book>
  <book year="2014" isbn="ISBN83763550019---11">
    <Authors>
      <Author>
        <Name>Fred</Name>
        <Email>fweasley@hogwarts.co.uk</Email>
      </Author>
      <Author>
        <Name>George</Name>
        <Email>gweasley@hogwarts.co.uk</Email>
      </Author>
    </Authors>
    <name>Book1</name>
  </book>
  <book year="2014" isbn="ISBN83763550019---11">
    <Authors>
      <Author>
        <Name>Fred</Name>
        <Email>fweasley@hogwarts.co.uk</Email>
      </Author>
      <Author>
        <Name>George</Name>
        <Email>gweasley@hogwarts.co.uk</Email>
      </Author>
    </Authors>
    <name>Book2</name>
  </book>
  <book year="2014" isbn="ISBN83763550019---11">
    <Authors>
      <Author>
        <Name>Fred</Name>
        <Email>fweasley@hogwarts.co.uk</Email>
      </Author>
      <Author>
        <Name>George</Name>
        <Email>gweasley@hogwarts.co.uk</Email>
      </Author>
    </Authors>
    <name>Book1</name>
  </book>
  <book year="2014" isbn="ISBN83763550019---11">
    <Authors>
      <Author>
        <Name>Fred</Name>
        <Email>fweasley@hogwarts.co.uk</Email>
      </Author>
      <Author>
        <Name>George</Name>
        <Email>gweasley@hogwarts.co.uk</Email>
      </Author>
    </Authors>
    <name>Book2</name>
  </book>
  <book year="2014" isbn="ISBN83763550019---11">
    <Authors>
      <Author>
        <Name>Fred</Name>
        <Email>fweasley@hogwarts.co.uk</Email>
      </Author>
      <Author>
        <Name>George</Name>
        <Email>gweasley@hogwarts.co.uk</Email>
      </Author>
    </Authors>
    <name>Book1</name>
  </book>
  <book year="2014" isbn="ISBN83763550019---11">
    <Authors>
      <Author>
        <Name>Fred</Name>
        <Email>fweasley@hogwarts.co.uk</Email>
      </Author>
      <Author>
        <Name>George</Name>
        <Email>gweasley@hogwarts.co.uk</Email>
      </Author>
    </Authors>
    <name>Book2</name>
  </book>
  <book year="2014" isbn="ISBN83763550019---11">
    <Authors>
      <Author>
        <Name>Fred</Name>
        <Email>fweasley@hogwarts.co.uk</Email>
      </Author>
      <Author>
        <Name>George</Name>
        <Email>gweasley@hogwarts.co.uk</Email>
      </Author>
    </Authors>
    <name>Book1</name>
  </book>
  <book year="2014" isbn="ISBN83763550019---11">
    <Authors>
      <Author>
        <Name>Fred</Name>
        <Email>fweasley@hogwarts.co.uk</Email>
      </Author>
      <Author>
        <Name>George</Name>
        <Email>gweasley@hogwarts.co.uk</Email>
      </Author>
    </Authors>
    <name>Book2</name>
  </book>
  <book year="2014" isbn="ISBN83763550019---11">
    <Authors>
      <Author>
        <Name>Fred</Name>
        <Email>fweasley@hogwarts.co.uk</Email>
      </Author>
      <Author>
        <Name>George</Name>
        <Email>gweasley@hogwarts.co.uk</Email>
      </Author>
    </Authors>
    <name>Book1</name>
  </book>
  <book year="2014" isbn="ISBN83763550019---11">
    <Authors>
      <Author>
        <Name>Fred</Name>
        <Email>fweasley@hogwarts.co.uk</Email>
      </Author>
      <Author>
        <Name>George</Name>
        <Email>gweasley@hogwarts.co.uk</Email>
      </Author>
    </Authors>
    <name>Book2</name>
  </book>
  <book year="2014" isbn="ISBN83763550019---11">
    <Authors>
      <Author>
        <Name>Fred</Name>
        <Email>fweasley@hogwarts.co.uk</Email>
      </Author>
      <Author>
        <Name>George</Name>
        <Email>gweasley@hogwarts.co.uk</Email>
      </Author>
    </Authors>
    <name>Book1</name>
  </book>
  <book year="2014" isbn="ISBN83763550019---11">
    <Authors>
      <Author>
        <Name>Fred</Name>
        <Email>fweasley@hogwarts.co.uk</Email>
      </Author>
      <Author>
        <Name>George</Name>
        <Email>gweasley@hogwarts.co.uk</Email>
      </Author>
    </Authors>
    <name>Book2</name>
  </book>
  <book year="2014" isbn="ISBN83763550019---11">
    <Authors>
      <Author>
        <Name>Fred</Name>
        <Email>fweasley@hogwarts.co.uk</Email>
      </Author>
      <Author>
        <Name>George</Name>
        <Email>gweasley@hogwarts.co.uk</Email>
      </Author>
    </Authors>
    <name>Book1</name>
  </book>
  <book year="2014" isbn="ISBN83763550019---11">
    <Authors>
      <Author>
        <Name>Fred</Name>
        <Email>fweasley@hogwarts.co.uk</Email>
      </Author>
      <Author>
        <Name>George</Name>
        <Email>gweasley@hogwarts.co.uk</Email>
      </Author>
    </Authors>
    <name>Book2</name>
  </book>
  <book year="2014" isbn="ISBN83763550019---11">
    <Authors>
      <Author>
        <Name>Fred</Name>
        <Email>fweasley@hogwarts.co.uk</Email>
      </Author>
      <Author>
        <Name>George</Name>
        <Email>gweasley@hogwarts.co.uk</Email>
      </Author>
    </Authors>
    <name>Book1</name>
  </book>
  <book year="2014" isbn="ISBN83763550019---11">
    <Authors>
      <Author>
        <Name>Fred</Name>
        <Email>fweasley@hogwarts.co.uk</Email>
      </Author>
      <Author>
        <Name>George</Name>
        <Email>gweasley@hogwarts.co.uk</Email>
      </Author>
    </Authors>
    <name>Book2</name>
  </book>
  <book year="2014" isbn="ISBN83763550019---11">
    <Authors>
      <Author>
        <Name>Fred</Name>
        <Email>fweasley@hogwarts.co.uk</Email>
      </Author>
      <Author>
        <Name>George</Name>
        <Email>gweasley@hogwarts.co.uk</Email>
      </Author>
    </Authors>
    <name>Book1</name>
  </book>
  <book year="2014" isbn="ISBN83763550019---11">
    <Authors>
      <Author>
        <Name>Fred</Name>
        <Email>fweasley@hogwarts.co.uk</Email>
      </Author>
      <Author>
        <Name>George</Name>
        <Email>gweasley@hogwarts.co.uk</Email>
      </Author>
    </Authors>
    <name>Book2</name>
  </book>
  <book year="2014" isbn="ISBN83763550019---11">
    <Authors>
      <Author>
        <Name>Fred</Name>
        <Email>fweasley@hogwarts.co.uk</Email>
      </Author>
      <Author>
        <Name>George</Name>
        <Email>gweasley@hogwarts.co.uk</Email>
      </Author>
    </Authors>
    <name>Book1</name>
  </book>
  <book year="2014" isbn="ISBN83763550019---11">
    <Authors>
      <Author>
        <Name>Fred</Name>
        <Email>fweasley@hogwarts.co.uk</Email>
      </Author>
      <Author>
        <Name>George</Name>
        <Email>gweasley@hogwarts.co.uk</Email>
      </Author>
    </Authors>
    <name>Book2</name>
  </book>
  <book year="2014" isbn="ISBN83763550019---11">
    <Authors>
      <Author>
        <Name>Fred</Name>
        <Email>fweasley@hogwarts.co.uk</Email>
      </Author>
      <Author>
        <Name>George</Name>
        <Email>gweasley@hogwarts.co.uk</Email>
      </Author>
    </Authors>
    <name>Book1</name>
  </book>
  <book year="2014" isbn="ISBN83763550019---11">
    <Authors>
      <Author>
        <Name>Fred</Name>
        <Email>fweasley@hogwarts.co.uk</Email>
      </Author>
      <Author>
        <Name>George</Name>
        <Email>gweasley@hogwarts.co.uk</Email>
      </Author>
    </Authors>
    <name>Book2</name>
  </book>
  <book year="2014" isbn="ISBN83763550019---11">
    <Authors>
      <Author>
        <Name>Fred</Name>
        <Email>fweasley@hogwarts.co.uk</Email>
      </Author>
      <Author>
        <Name>George</Name>
        <Email>gweasley@hogwarts.co.uk</Email>
      </Author>
    </Authors>
    <name>Book1</name>
  </book>
  <book year="2014" isbn="ISBN83763550019---11">
    <Authors>
      <Author>
        <Name>Fred</Name>
        <Email>fweasley@hogwarts.co.uk</Email>
      </Author>
      <Author>
        <Name>George</Name>
        <Email>gweasley@hogwarts.co.uk</Email>
      </Author>
    </Authors>
    <name>Book2</name>
  </book>
  <book year="2014" isbn="ISBN83763550019---11">
    <Authors>
      <Author>
        <Name>Fred</Name>
        <Email>fweasley@hogwarts.co.uk</Email>
      </Author>
      <Author>
        <Name>George</Name>
        <Email>gweasley@hogwarts.co.uk</Email>
      </Author>
    </Authors>
    <name>Book1</name>
  </book>
  <book year="2014" isbn="ISBN83763550019---11">
    <Authors>
      <Author>
        <Name>Fred</Name>
        <Email>fweasley@hogwarts.co.uk</Email>
      </Author>
      <Author>
        <Name>George</Name>
        <Email>gweasley@hogwarts.co.uk</Email>
      </Author>
    </Authors>
    <name>Book2</name>
  </book>
  <book year="2014" isbn="ISBN83763550019---11">
    <Authors>
      <Author>
        <Name>Fred</Name>
        <Email>fweasley@hogwarts.co.uk</Email>
      </Author>
      <Author>
        <Name>George</Name>
        <Email>gweasley@hogwarts.co.uk</Email>
      </Author>
    </Authors>
    <name>Book1</name>
  </book>
  <book year="2014" isbn="ISBN83763550019---11">
    <Authors>
      <Author>
        <Name>Fred</Name>
        <Email>fweasley@hogwarts.co.uk</Email>
      </Author>
      <Author>
        <Name>George</Name>
        <Email>gweasley@hogwarts.co.uk</Email>
      </Author>
    </Authors>
    <name>Book2</name>
  </book>
  <book year="2014" isbn="ISBN83763550019---11">
    <Authors>
      <Author>
        <Name>Fred</Name>
        <Email>fweasley@hogwarts.co.uk</Email>
      </Author>
      <Author>
        <Name>George</Name>
        <Email>gweasley@hogwarts.co.uk</Email>
      </Author>
    </Authors>
    <name>Book1</name>
  </book>
  <book year="2014" isbn="ISBN83763550019---11">
    <Authors>
      <Author>
        <Name>Fred</Name>
        <Email>fweasley@hogwarts.co.uk</Email>
      </Author>
      <Author>
        <Name>George</Name>
        <Email>gweasley@hogwarts.co.uk</Email>
      </Author>
    </Authors>
    <name>Book2</name>
  </book>
  <book year="2014" isbn="ISBN83763550019---11">
    <Authors>
      <Author>
        <Name>Fred</Name>
        <Email>fweasley@hogwarts.co.uk</Email>
      </Author>
      <Author>
        <Name>George</Name>
        <Email>gweasley@hogwarts.co.uk</Email>
      </Author>
    </Authors>
    <name>Book1</name>
  </book>
  <book year="2014" isbn="ISBN83763550019---11">
    <Authors>
      <Author>
        <Name>Fred</Name>
        <Email>fweasley@hogwarts.co.uk</Email>
      </Author>
      <Author>
        <Name>George</Name>
        <Email>gweasley@hogwarts.co.uk</Email>
      </Author>
    </Authors>
    <name>Book2</name>
  </book>
  <book year="2014" isbn="ISBN83763550019---11">
    <Authors>
      <Author>
        <Name>Fred</Name>
        <Email>fweasley@hogwarts.co.uk</Email>
      </Author>
      <Author>
        <Name>George</Name>
        <Email>gweasley@hogwarts.co.uk</Email>
      </Author>
    </Authors>
    <name>Book1</name>
  </book>
  <book year="2014" isbn="ISBN83763550019---11">
    <Authors>
      <Author>
        <Name>Fred</Name>
        <Email>fweasley@hogwarts.co.uk</Email>
      </Author>
      <Author>
        <Name>George</Name>
        <Email>gweasley@hogwarts.co.uk</Email>
      </Author>
    </Authors>
    <name>Book2</name>
  </book>
  <book year="2014" isbn="ISBN83763550019---11">
    <Authors>
      <Author>
        <Name>Fred</Name>
        <Email>fweasley@hogwarts.co.uk</Email>
      </Author>
      <Author>
        <Name>George</Name>
        <Email>gweasley@hogwarts.co.uk</Email>
      </Author>
    </Authors>
    <name>Book1</name>
  </book>
  <book year="2014" isbn="ISBN83763550019---11">
    <Authors>
      <Author>
        <Name>Fred</Name>
        <Email>fweasley@hogwarts.co.uk</Email>
      </Author>
      <Author>
        <Name>George</Name>
        <Email>gweasley@hogwarts.co.uk</Email>
      </Author>
    </Authors>
    <name>Book2</name>
  </book>
  <book year="2014" isbn="ISBN83763550019---11">
    <Authors>
      <Author>
        <Name>Fred</Name>
        <Email>fweasley@hogwarts.co.uk</Email>
      </Author>
      <Author>
        <Name>George</Name>
        <Email>gweasley@hogwarts.co.uk</Email>
      </Author>
    </Authors>
    <name>Book1</name>
  </book>
  <book year="2014" isbn="ISBN83763550019---11">
    <Authors>
      <Author>
        <Name>Fred</Name>
        <Email>fweasley@hogwarts.co.uk</Email>
      </Author>
      <Author>
        <Name>George</Name>
        <Email>gweasley@hogwarts.co.uk</Email>
      </Author>
    </Authors>
    <name>Book2</name>
  </book>
  <book year="2014" isbn="ISBN83763550019---11">
    <Authors>
      <Author>
        <Name>Fred</Name>
        <Email>fweasley@hogwarts.co.uk</Email>
      </Author>
      <Author>
        <Name>George</Name>
        <Email>gweasley@hogwarts.co.uk</Email>
      </Author>
    </Authors>
    <name>Book1</name>
  </book>
  <book year="2014" isbn="ISBN83763550019---11">
    <Authors>
      <Author>
        <Name>Fred</Name>
        <Email>fweasley@hogwarts.co.uk</Email>
      </Author>
      <Author>
        <Name>George</Name>
        <Email>gweasley@hogwarts.co.uk</Email>
      </Author>
    </Authors>
    <name>Book2</name>
  </book>
  <book year="2014" isbn="ISBN83763550019---11">
    <Authors>
      <Author>
        <Name>Fred</Name>
        <Email>fweasley@hogwarts.co.uk</Email>
      </Author>
      <Author>
        <Name>George</Name>
        <Email>gweasley@hogwarts.co.uk</Email>
      </Author>
    </Authors>
    <name>Book1</name>
  </book>
  <book year="2014" isbn="ISBN83763550019---11">
    <Authors>
      <Author>
        <Name>Fred</Name>
        <Email>fweasley@hogwarts.co.uk</Email>
      </Author>
      <Author>
        <Name>George</Name>
        <Email>gweasley@hogwarts.co.uk</Email>
      </Author>
    </Authors>
    <name>Book2</name>
  </book>
  <book year="2014" isbn="ISBN83763550019---11">
    <Authors>
      <Author>
        <Name>Fred</Name>
        <Email>fweasley@hogwarts.co.uk</Email>
      </Author>
      <Author>
        <Name>George</Name>
        <Email>gweasley@hogwarts.co.uk</Email>
      </Author>
    </Authors>
    <name>Book1</name>
  </book>
  <book year="2014" isbn="ISBN83763550019---11">
    <Authors>
      <Author>
        <Name>Fred</Name>
        <Email>fweasley@hogwarts.co.uk</Email>
      </Author>
      <Author>
        <Name>George</Name>
        <Email>gweasley@hogwarts.co.uk</Email>
      </Author>
    </Authors>
    <name>Book2</name>
  </book>
  <book year="2014" isbn="ISBN83763550019---11">
    <Authors>
      <Author>
        <Name>Fred</Name>
        <Email>fweasley@hogwarts.co.uk</Email>
      </Author>
      <Author>
        <Name>George</Name>
        <Email>gweasley@hogwarts.co.uk</Email>
      </Author>
    </Authors>
    <name>Book1</name>
  </book>
  <book year="2014" isbn="ISBN83763550019---11">
    <Authors>
      <Author>
        <Name>Fred</Name>
        <Email>fweasley@hogwarts.co.uk</Email>
      </Author>
      <Author>
        <Name>George</Name>
        <Email>gweasley@hogwarts.co.uk</Email>
      </Author>
    </Authors>
    <name>Book2</name>
  </book>
  <book year="2014" isbn="ISBN83763550019---11">
    <Authors>
      <Author>
        <Name>Fred</Name>
        <Email>fweasley@hogwarts.co.uk</Email>
      </Author>
      <Author>
        <Name>George</Name>
        <Email>gweasley@hogwarts.co.uk</Email>
      </Author>
    </Authors>
    <name>Book1</name>
  </book>
  <book year="2014" isbn="ISBN83763550019---11">
    <Authors>
      <Author>
        <Name>Fred</Name>
        <Email>fweasley@hogwarts.co.uk</Email>
      </Author>
      <Author>
        <Name>George</Name>
        <Email>gweasley@hogwarts.co.uk</Email>
      </Author>
    </Authors>
    <name>Book2</name>
  </book>
  <book year="2014" isbn="ISBN83763550019---11">
    <Authors>
      <Author>
        <Name>Fred</Name>
        <Email>fweasley@hogwarts.co.uk</Email>
      </Author>
      <Author>
        <Name>George</Name>
        <Email>gweasley@hogwarts.co.uk</Email>
      </Author>
    </Authors>
    <name>Book1</name>
  </book>
  <book year="2014" isbn="ISBN83763550019---11">
    <Authors>
      <Author>
        <Name>Fred</Name>
        <Email>fweasley@hogwarts.co.uk</Email>
      </Author>
      <Author>
        <Name>George</Name>
        <Email>gweasley@hogwarts.co.uk</Email>
      </Author>
    </Authors>
    <name>Book2</name>
  </book>
  <book year="2014" isbn="ISBN83763550019---11">
    <Authors>
      <Author>
        <Name>Fred</Name>
        <Email>fweasley@hogwarts.co.uk</Email>
      </Author>
      <Author>
        <Name>George</Name>
        <Email>gweasley@hogwarts.co.uk</Email>
      </Author>
    </Authors>
    <name>Book1</name>
  </book>
  <book year="2014" isbn="ISBN83763550019---11">
    <Authors>
      <Author>
        <Name>Fred</Name>
        <Email>fweasley@hogwarts.co.uk</Email>
      </Author>
      <Author>
        <Name>George</Name>
        <Email>gweasley@hogwarts.co.uk</Email>
      </Author>
    </Authors>
    <name>Book2</name>
  </book>
  <book year="2014" isbn="ISBN83763550019---11">
    <Authors>
      <Author>
        <Name>Fred</Name>
        <Email>fweasley@hogwarts.co.uk</Email>
      </Author>
      <Author>
        <Name>George</Name>
        <Email>gweasley@hogwarts.co.uk</Email>
      </Author>
    </Authors>
    <name>Book1</name>
  </book>
  <book year="2014" isbn="ISBN83763550019---11">
    <Authors>
      <Author>
        <Name>Fred</Name>
        <Email>fweasley@hogwarts.co.uk</Email>
      </Author>
      <Author>
        <Name>George</Name>
        <Email>gweasley@hogwarts.co.uk</Email>
      </Author>
    </Authors>
    <name>Book2</name>
  </book>
  <book year="2014" isbn="ISBN83763550019---11">
    <Authors>
      <Author>
        <Name>Fred</Name>
        <Email>fweasley@hogwarts.co.uk</Email>
      </Author>
      <Author>
        <Name>George</Name>
        <Email>gweasley@hogwarts.co.uk</Email>
      </Author>
    </Authors>
    <name>Book1</name>
  </book>
  <book year="2014" isbn="ISBN83763550019---11">
    <Authors>
      <Author>
        <Name>Fred</Name>
        <Email>fweasley@hogwarts.co.uk</Email>
      </Author>
      <Author>
        <Name>George</Name>
        <Email>gweasley@hogwarts.co.uk</Email>
      </Author>
    </Authors>
    <name>Book2</name>
  </book>
  <book year="2014" isbn="ISBN83763550019---11">
    <Authors>
      <Author>
        <Name>Fred</Name>
        <Email>fweasley@hogwarts.co.uk</Email>
      </Author>
      <Author>
        <Name>George</Name>
        <Email>gweasley@hogwarts.co.uk</Email>
      </Author>
    </Authors>
    <name>Book1</name>
  </book>
  <book year="2014" isbn="ISBN83763550019---11">
    <Authors>
      <Author>
        <Name>Fred</Name>
        <Email>fweasley@hogwarts.co.uk</Email>
      </Author>
      <Author>
        <Name>George</Name>
        <Email>gweasley@hogwarts.co.uk</Email>
      </Author>
    </Authors>
    <name>Book2</name>
  </book>
  <book year="2014" isbn="ISBN83763550019---11">
    <Authors>
      <Author>
        <Name>Fred</Name>
        <Email>fweasley@hogwarts.co.uk</Email>
      </Author>
      <Author>
        <Name>George</Name>
        <Email>gweasley@hogwarts.co.uk</Email>
      </Author>
    </Authors>
    <name>Book1</name>
  </book>
  <book year="2014" isbn="ISBN83763550019---11">
    <Authors>
      <Author>
        <Name>Fred</Name>
        <Email>fweasley@hogwarts.co.uk</Email>
      </Author>
      <Author>
        <Name>George</Name>
        <Email>gweasley@hogwarts.co.uk</Email>
      </Author>
    </Authors>
    <name>Book2</name>
  </book>
  <book year="2014" isbn="ISBN83763550019---11">
    <Authors>
      <Author>
        <Name>Fred</Name>
        <Email>fweasley@hogwarts.co.uk</Email>
      </Author>
      <Author>
        <Name>George</Name>
        <Email>gweasley@hogwarts.co.uk</Email>
      </Author>
    </Authors>
    <name>Book1</name>
  </book>
  <book year="2014" isbn="ISBN83763550019---11">
    <Authors>
      <Author>
        <Name>Fred</Name>
        <Email>fweasley@hogwarts.co.uk</Email>
      </Author>
      <Author>
        <Name>George</Name>
        <Email>gweasley@hogwarts.co.uk</Email>
      </Author>
    </Authors>
    <name>Book2</name>
  </book>
  <book year="2014" isbn="ISBN83763550019---11">
    <Authors>
      <Author>
        <Name>Fred</Name>
        <Email>fweasley@hogwarts.co.uk</Email>
      </Author>
      <Author>
        <Name>George</Name>
        <Email>gweasley@hogwarts.co.uk</Email>
      </Author>
    </Authors>
    <name>Book1</name>
  </book>
  <book year="2014" isbn="ISBN83763550019---11">
    <Authors>
      <Author>
        <Name>Fred</Name>
        <Email>fweasley@hogwarts.co.uk</Email>
      </Author>
      <Author>
        <Name>George</Name>
        <Email>gweasley@hogwarts.co.uk</Email>
      </Author>
    </Authors>
    <name>Book2</name>
  </book>
  <book year="2014" isbn="ISBN83763550019---11">
    <Authors>
      <Author>
        <Name>Fred</Name>
        <Email>fweasley@hogwarts.co.uk</Email>
      </Author>
      <Author>
        <Name>George</Name>
        <Email>gweasley@hogwarts.co.uk</Email>
      </Author>
    </Authors>
    <name>Book1</name>
  </book>
  <book year="2014" isbn="ISBN83763550019---11">
    <Authors>
      <Author>
        <Name>Fred</Name>
        <Email>fweasley@hogwarts.co.uk</Email>
      </Author>
      <Author>
        <Name>George</Name>
        <Email>gweasley@hogwarts.co.uk</Email>
      </Author>
    </Authors>
    <name>Book2</name>
  </book>
  <book year="2014" isbn="ISBN83763550019---11">
    <Authors>
      <Author>
        <Name>Fred</Name>
        <Email>fweasley@hogwarts.co.uk</Email>
      </Author>
      <Author>
        <Name>George</Name>
        <Email>gweasley@hogwarts.co.uk</Email>
      </Author>
    </Authors>
    <name>Book1</name>
  </book>
  <book year="2014" isbn="ISBN83763550019---11">
    <Authors>
      <Author>
        <Name>Fred</Name>
        <Email>fweasley@hogwarts.co.uk</Email>
      </Author>
      <Author>
        <Name>George</Name>
        <Email>gweasley@hogwarts.co.uk</Email>
      </Author>
    </Authors>
    <name>Book2</name>
  </book>
  <book year="2014" isbn="ISBN83763550019---11">
    <Authors>
      <Author>
        <Name>Fred</Name>
        <Email>fweasley@hogwarts.co.uk</Email>
      </Author>
      <Author>
        <Name>George</Name>
        <Email>gweasley@hogwarts.co.uk</Email>
      </Author>
    </Authors>
    <name>Book1</name>
  </book>
  <book year="2014" isbn="ISBN83763550019---11">
    <Authors>
      <Author>
        <Name>Fred</Name>
        <Email>fweasley@hogwarts.co.uk</Email>
      </Author>
      <Author>
        <Name>George</Name>
        <Email>gweasley@hogwarts.co.uk</Email>
      </Author>
    </Authors>
    <name>Book2</name>
  </book>
  <book year="2014" isbn="ISBN83763550019---11">
    <Authors>
      <Author>
        <Name>Fred</Name>
        <Email>fweasley@hogwarts.co.uk</Email>
      </Author>
      <Author>
        <Name>George</Name>
        <Email>gweasley@hogwarts.co.uk</Email>
      </Author>
    </Authors>
    <name>Book1</name>
  </book>
  <book year="2014" isbn="ISBN83763550019---11">
    <Authors>
      <Author>
        <Name>Fred</Name>
        <Email>fweasley@hogwarts.co.uk</Email>
      </Author>
      <Author>
        <Name>George</Name>
        <Email>gweasley@hogwarts.co.uk</Email>
      </Author>
    </Authors>
    <name>Book2</name>
  </book>
  <book year="2014" isbn="ISBN83763550019---11">
    <Authors>
      <Author>
        <Name>Fred</Name>
        <Email>fweasley@hogwarts.co.uk</Email>
      </Author>
      <Author>
        <Name>George</Name>
        <Email>gweasley@hogwarts.co.uk</Email>
      </Author>
    </Authors>
    <name>Book1</name>
  </book>
  <book year="2014" isbn="ISBN83763550019---11">
    <Authors>
      <Author>
        <Name>Fred</Name>
        <Email>fweasley@hogwarts.co.uk</Email>
      </Author>
      <Author>
        <Name>George</Name>
        <Email>gweasley@hogwarts.co.uk</Email>
      </Author>
    </Authors>
    <name>Book2</name>
  </book>
  <book year="2014" isbn="ISBN83763550019---11">
    <Authors>
      <Author>
        <Name>Fred</Name>
        <Email>fweasley@hogwarts.co.uk</Email>
      </Author>
      <Author>
        <Name>George</Name>
        <Email>gweasley@hogwarts.co.uk</Email>
      </Author>
    </Authors>
    <name>Book1</name>
  </book>
  <book year="2014" isbn="ISBN83763550019---11">
    <Authors>
      <Author>
        <Name>Fred</Name>
        <Email>fweasley@hogwarts.co.uk</Email>
      </Author>
      <Author>
        <Name>George</Name>
        <Email>gweasley@hogwarts.co.uk</Email>
      </Author>
    </Authors>
    <name>Book2</name>
  </book>
  <book year="2014" isbn="ISBN83763550019---11">
    <Authors>
      <Author>
        <Name>Fred</Name>
        <Email>fweasley@hogwarts.co.uk</Email>
      </Author>
      <Author>
        <Name>George</Name>
        <Email>gweasley@hogwarts.co.uk</Email>
      </Author>
    </Authors>
    <name>Book1</name>
  </book>
  <book year="2014" isbn="ISBN83763550019---11">
    <Authors>
      <Author>
        <Name>Fred</Name>
        <Email>fweasley@hogwarts.co.uk</Email>
      </Author>
      <Author>
        <Name>George</Name>
        <Email>gweasley@hogwarts.co.uk</Email>
      </Author>
    </Authors>
    <name>Book2</name>
  </book>
  <book year="2014" isbn="ISBN83763550019---11">
    <Authors>
      <Author>
        <Name>Fred</Name>
        <Email>fweasley@hogwarts.co.uk</Email>
      </Author>
      <Author>
        <Name>George</Name>
        <Email>gweasley@hogwarts.co.uk</Email>
      </Author>
    </Authors>
    <name>Book1</name>
  </book>
  <book year="2014" isbn="ISBN83763550019---11">
    <Authors>
      <Author>
        <Name>Fred</Name>
        <Email>fweasley@hogwarts.co.uk</Email>
      </Author>
      <Author>
        <Name>George</Name>
        <Email>gweasley@hogwarts.co.uk</Email>
      </Author>
    </Authors>
    <name>Book2</name>
  </book>
  <book year="2014" isbn="ISBN83763550019---11">
    <Authors>
      <Author>
        <Name>Fred</Name>
        <Email>fweasley@hogwarts.co.uk</Email>
      </Author>
      <Author>
        <Name>George</Name>
        <Email>gweasley@hogwarts.co.uk</Email>
      </Author>
    </Authors>
    <name>Book1</name>
  </book>
  <book year="2014" isbn="ISBN83763550019---11">
    <Authors>
      <Author>
        <Name>Fred</Name>
        <Email>fweasley@hogwarts.co.uk</Email>
      </Author>
      <Author>
        <Name>George</Name>
        <Email>gweasley@hogwarts.co.uk</Email>
      </Author>
    </Authors>
    <name>Book2</name>
  </book>
  <book year="2014" isbn="ISBN83763550019---11">
    <Authors>
      <Author>
        <Name>Fred</Name>
        <Email>fweasley@hogwarts.co.uk</Email>
      </Author>
      <Author>
        <Name>George</Name>
        <Email>gweasley@hogwarts.co.uk</Email>
      </Author>
    </Authors>
    <name>Book1</name>
  </book>
  <book year="2014" isbn="ISBN83763550019---11">
    <Authors>
      <Author>
        <Name>Fred</Name>
        <Email>fweasley@hogwarts.co.uk</Email>
      </Author>
      <Author>
        <Name>George</Name>
        <Email>gweasley@hogwarts.co.uk</Email>
      </Author>
    </Authors>
    <name>Book2</name>
  </book>
  <book year="2014" isbn="ISBN83763550019---11">
    <Authors>
      <Author>
        <Name>Fred</Name>
        <Email>fweasley@hogwarts.co.uk</Email>
      </Author>
      <Author>
        <Name>George</Name>
        <Email>gweasley@hogwarts.co.uk</Email>
      </Author>
    </Authors>
    <name>Book1</name>
  </book>
  <book year="2014" isbn="ISBN83763550019---11">
    <Authors>
      <Author>
        <Name>Fred</Name>
        <Email>fweasley@hogwarts.co.uk</Email>
      </Author>
      <Author>
        <Name>George</Name>
        <Email>gweasley@hogwarts.co.uk</Email>
      </Author>
    </Authors>
    <name>Book2</name>
  </book>
  <book year="2014" isbn="ISBN83763550019---11">
    <Authors>
      <Author>
        <Name>Fred</Name>
        <Email>fweasley@hogwarts.co.uk</Email>
      </Author>
      <Author>
        <Name>George</Name>
        <Email>gweasley@hogwarts.co.uk</Email>
      </Author>
    </Authors>
    <name>Book1</name>
  </book>
  <book year="2014" isbn="ISBN83763550019---11">
    <Authors>
      <Author>
        <Name>Fred</Name>
        <Email>fweasley@hogwarts.co.uk</Email>
      </Author>
      <Author>
        <Name>George</Name>
        <Email>gweasley@hogwarts.co.uk</Email>
      </Author>
    </Authors>
    <name>Book2</name>
  </book>
  <book year="2014" isbn="ISBN83763550019---11">
    <Authors>
      <Author>
        <Name>Fred</Name>
        <Email>fweasley@hogwarts.co.uk</Email>
      </Author>
      <Author>
        <Name>George</Name>
        <Email>gweasley@hogwarts.co.uk</Email>
      </Author>
    </Authors>
    <name>Book1</name>
  </book>
  <book year="2014" isbn="ISBN83763550019---11">
    <Authors>
      <Author>
        <Name>Fred</Name>
        <Email>fweasley@hogwarts.co.uk</Email>
      </Author>
      <Author>
        <Name>George</Name>
        <Email>gweasley@hogwarts.co.uk</Email>
      </Author>
    </Authors>
    <name>Book2</name>
  </book>
  <book year="2014" isbn="ISBN83763550019---11">
    <Authors>
      <Author>
        <Name>Fred</Name>
        <Email>fweasley@hogwarts.co.uk</Email>
      </Author>
      <Author>
        <Name>George</Name>
        <Email>gweasley@hogwarts.co.uk</Email>
      </Author>
    </Authors>
    <name>Book1</name>
  </book>
  <book year="2014" isbn="ISBN83763550019---11">
    <Authors>
      <Author>
        <Name>Fred</Name>
        <Email>fweasley@hogwarts.co.uk</Email>
      </Author>
      <Author>
        <Name>George</Name>
        <Email>gweasley@hogwarts.co.uk</Email>
      </Author>
    </Authors>
    <name>Book2</name>
  </book>
  <book year="2014" isbn="ISBN83763550019---11">
    <Authors>
      <Author>
        <Name>Fred</Name>
        <Email>fweasley@hogwarts.co.uk</Email>
      </Author>
      <Author>
        <Name>George</Name>
        <Email>gweasley@hogwarts.co.uk</Email>
      </Author>
    </Authors>
    <name>Book1</name>
  </book>
  <book year="2014" isbn="ISBN83763550019---11">
    <Authors>
      <Author>
        <Name>Fred</Name>
        <Email>fweasley@hogwarts.co.uk</Email>
      </Author>
      <Author>
        <Name>George</Name>
        <Email>gweasley@hogwarts.co.uk</Email>
      </Author>
    </Authors>
    <name>Book2</name>
  </book>
  <book year="2014" isbn="ISBN83763550019---11">
    <Authors>
      <Author>
        <Name>Fred</Name>
        <Email>fweasley@hogwarts.co.uk</Email>
      </Author>
      <Author>
        <Name>George</Name>
        <Email>gweasley@hogwarts.co.uk</Email>
      </Author>
    </Authors>
    <name>Book1</name>
  </book>
  <book year="2014" isbn="ISBN83763550019---11">
    <Authors>
      <Author>
        <Name>Fred</Name>
        <Email>fweasley@hogwarts.co.uk</Email>
      </Author>
      <Author>
        <Name>George</Name>
        <Email>gweasley@hogwarts.co.uk</Email>
      </Author>
    </Authors>
    <name>Book2</name>
  </book>
  <book year="2014" isbn="ISBN83763550019---11">
    <Authors>
      <Author>
        <Name>Fred</Name>
        <Email>fweasley@hogwarts.co.uk</Email>
      </Author>
      <Author>
        <Name>George</Name>
        <Email>gweasley@hogwarts.co.uk</Email>
      </Author>
    </Authors>
    <name>Book1</name>
  </book>
  <book year="2014" isbn="ISBN83763550019---11">
    <Authors>
      <Author>
        <Name>Fred</Name>
        <Email>fweasley@hogwarts.co.uk</Email>
      </Author>
      <Author>
        <Name>George</Name>
        <Email>gweasley@hogwarts.co.uk</Email>
      </Author>
    </Authors>
    <name>Book2</name>
  </book>
  <book year="2014" isbn="ISBN83763550019---11">
    <Authors>
      <Author>
        <Name>Fred</Name>
        <Email>fweasley@hogwarts.co.uk</Email>
      </Author>
      <Author>
        <Name>George</Name>
        <Email>gweasley@hogwarts.co.uk</Email>
      </Author>
    </Authors>
    <name>Book1</name>
  </book>
  <book year="2014" isbn="ISBN83763550019---11">
    <Authors>
      <Author>
        <Name>Fred</Name>
        <Email>fweasley@hogwarts.co.uk</Email>
      </Author>
      <Author>
        <Name>George</Name>
        <Email>gweasley@hogwarts.co.uk</Email>
      </Author>
    </Authors>
    <name>Book2</name>
  </book>
  <book year="2014" isbn="ISBN83763550019---11">
    <Authors>
      <Author>
        <Name>Fred</Name>
        <Email>fweasley@hogwarts.co.uk</Email>
      </Author>
      <Author>
        <Name>George</Name>
        <Email>gweasley@hogwarts.co.uk</Email>
      </Author>
    </Authors>
    <name>Book1</name>
  </book>
  <book year="2014" isbn="ISBN83763550019---11">
    <Authors>
      <Author>
        <Name>Fred</Name>
        <Email>fweasley@hogwarts.co.uk</Email>
      </Author>
      <Author>
        <Name>George</Name>
        <Email>gweasley@hogwarts.co.uk</Email>
      </Author>
    </Authors>
    <name>Book2</name>
  </book>
  <book year="2014" isbn="ISBN83763550019---11">
    <Authors>
      <Author>
        <Name>Fred</Name>
        <Email>fweasley@hogwarts.co.uk</Email>
      </Author>
      <Author>
        <Name>George</Name>
        <Email>gweasley@hogwarts.co.uk</Email>
      </Author>
    </Authors>
    <name>Book1</name>
  </book>
  <book year="2014" isbn="ISBN83763550019---11">
    <Authors>
      <Author>
        <Name>Fred</Name>
        <Email>fweasley@hogwarts.co.uk</Email>
      </Author>
      <Author>
        <Name>George</Name>
        <Email>gweasley@hogwarts.co.uk</Email>
      </Author>
    </Authors>
    <name>Book2</name>
  </book>
  <book year="2014" isbn="ISBN83763550019---11">
    <Authors>
      <Author>
        <Name>Fred</Name>
        <Email>fweasley@hogwarts.co.uk</Email>
      </Author>
      <Author>
        <Name>George</Name>
        <Email>gweasley@hogwarts.co.uk</Email>
      </Author>
    </Authors>
    <name>Book1</name>
  </book>
  <book year="2014" isbn="ISBN83763550019---11">
    <Authors>
      <Author>
        <Name>Fred</Name>
        <Email>fweasley@hogwarts.co.uk</Email>
      </Author>
      <Author>
        <Name>George</Name>
        <Email>gweasley@hogwarts.co.uk</Email>
      </Author>
    </Authors>
    <name>Book2</name>
  </book>
  <book>
    <Authors>
      <Author>
        <Name>Fred</Name>
        <Email>fweasley@hogwarts.co.uk</Email>
      </Author>
      <Author>
        <Name>George</Name>
        <Email>gweasley@hogwarts.co.uk</Email>
      </Author>
    </Authors>
    <name>Book1</name>
  </book>
  <book>
    <Authors>
      <Author>
        <Name>Fred</Name>
        <Email>fweasley@hogwarts.co.uk</Email>
      </Author>
      <Author>
        <Name>George</Name>
        <Email>gweasley@hogwarts.co.uk</Email>
      </Author>
    </Authors>
    <name>Book1</name>
  </book>
  <book>
    <Authors>
      <Author>
        <Name>Fred</Name>
        <Email>fweasley@hogwarts.co.uk</Email>
      </Author>
      <Author>
        <Name>George</Name>
        <Email>gweasley@hogwarts.co.uk</Email>
      </Author>
    </Authors>
    <name>Book1</name>
  </book>
  <book>
    <Authors>
      <Author>
        <Name>Fred</Name>
        <Email>fweasley@hogwarts.co.uk</Email>
      </Author>
      <Author>
        <Name>George</Name>
        <Email>gweasley@hogwarts.co.uk</Email>
      </Author>
    </Authors>
    <name>Book1</name>
  </book>
  <book>
    <Authors>
      <Author>
        <Name>Fred</Name>
        <Email>fweasley@hogwarts.co.uk</Email>
      </Author>
      <Author>
        <Name>George</Name>
        <Email>gweasley@hogwarts.co.uk</Email>
      </Author>
    </Authors>
    <name>Book1</name>
  </book>
  <book>
    <Authors>
      <Author>
        <Name>Fred</Name>
        <Email>fweasley@hogwarts.co.uk</Email>
      </Author>
      <Author>
        <Name>George</Name>
        <Email>gweasley@hogwarts.co.uk</Email>
      </Author>
    </Authors>
    <name>Book1</name>
  </book>
  <book>
    <Authors>
      <Author>
        <Name>Fred</Name>
        <Email>fweasley@hogwarts.co.uk</Email>
      </Author>
      <Author>
        <Name>George</Name>
        <Email>gweasley@hogwarts.co.uk</Email>
      </Author>
    </Authors>
    <name>Book1</name>
  </book>
  <book>
    <Authors>
      <Author>
        <Name>Fred</Name>
        <Email>fweasley@hogwarts.co.uk</Email>
      </Author>
      <Author>
        <Name>George</Name>
        <Email>gweasley@hogwarts.co.uk</Email>
      </Author>
    </Authors>
    <name>Book1</name>
  </book>
  <book>
    <Authors>
      <Author>
        <Name>Fred</Name>
        <Email>fweasley@hogwarts.co.uk</Email>
      </Author>
      <Author>
        <Name>George</Name>
        <Email>gweasley@hogwarts.co.uk</Email>
      </Author>
    </Authors>
    <name>Book1</name>
  </book>
  <book>
    <Authors>
      <Author>
        <Name>Fred</Name>
        <Email>fweasley@hogwarts.co.uk</Email>
      </Author>
      <Author>
        <Name>George</Name>
        <Email>gweasley@hogwarts.co.uk</Email>
      </Author>
    </Authors>
    <name>Book1</name>
  </book>
  <book>
    <Authors>
      <Author>
        <Name>Fred</Name>
        <Email>fweasley@hogwarts.co.uk</Email>
      </Author>
      <Author>
        <Name>George</Name>
        <Email>gweasley@hogwarts.co.uk</Email>
      </Author>
    </Authors>
    <name>Book1</name>
  </book>
  <book>
    <Authors>
      <Author>
        <Name>Fred</Name>
        <Email>fweasley@hogwarts.co.uk</Email>
      </Author>
      <Author>
        <Name>George</Name>
        <Email>gweasley@hogwarts.co.uk</Email>
      </Author>
    </Authors>
    <name>Book1</name>
  </book>
  <book>
    <Authors>
      <Author>
        <Name>Fred</Name>
        <Email>fweasley@hogwarts.co.uk</Email>
      </Author>
      <Author>
        <Name>George</Name>
        <Email>gweasley@hogwarts.co.uk</Email>
      </Author>
    </Authors>
    <name>Book1</name>
  </book>
  <book>
    <Authors>
      <Author>
        <Name>Fred</Name>
        <Email>fweasley@hogwarts.co.uk</Email>
      </Author>
      <Author>
        <Name>George</Name>
        <Email>gweasley@hogwarts.co.uk</Email>
      </Author>
    </Authors>
    <name>Book1</name>
  </book>
  <book>
    <Authors>
      <Author>
        <Name>Fred</Name>
        <Email>fweasley@hogwarts.co.uk</Email>
      </Author>
      <Author>
        <Name>George</Name>
        <Email>gweasley@hogwarts.co.uk</Email>
      </Author>
    </Authors>
    <name>Book1</name>
  </book>
  <book>
    <Authors>
      <Author>
        <Name>Fred</Name>
        <Email>fweasley@hogwarts.co.uk</Email>
      </Author>
      <Author>
        <Name>George</Name>
        <Email>gweasley@hogwarts.co.uk</Email>
      </Author>
    </Authors>
    <name>Book1</name>
  </book>
  <book>
    <Authors>
      <Author>
        <Name>Fred</Name>
        <Email>fweasley@hogwarts.co.uk</Email>
      </Author>
      <Author>
        <Name>George</Name>
        <Email>gweasley@hogwarts.co.uk</Email>
      </Author>
    </Authors>
    <name>Book1</name>
  </book>
  <book>
    <Authors>
      <Author>
        <Name>Fred</Name>
        <Email>fweasley@hogwarts.co.uk</Email>
      </Author>
      <Author>
        <Name>George</Name>
        <Email>gweasley@hogwarts.co.uk</Email>
      </Author>
    </Authors>
    <name>Book1</name>
  </book>
  <book>
    <Authors>
      <Author>
        <Name>Fred</Name>
        <Email>fweasley@hogwarts.co.uk</Email>
      </Author>
      <Author>
        <Name>George</Name>
        <Email>gweasley@hogwarts.co.uk</Email>
      </Author>
    </Authors>
    <name>Book1</name>
  </book>
  <book>
    <Authors>
      <Author>
        <Name>Fred</Name>
        <Email>fweasley@hogwarts.co.uk</Email>
      </Author>
      <Author>
        <Name>George</Name>
        <Email>gweasley@hogwarts.co.uk</Email>
      </Author>
    </Authors>
    <name>Book1</name>
  </book>
  <book>
    <Authors>
      <Author>
        <Name>Fred</Name>
        <Email>fweasley@hogwarts.co.uk</Email>
      </Author>
      <Author>
        <Name>George</Name>
        <Email>gweasley@hogwarts.co.uk</Email>
      </Author>
    </Authors>
    <name>Book1</name>
  </book>
  <book>
    <Authors>
      <Author>
        <Name>Fred</Name>
        <Email>fweasley@hogwarts.co.uk</Email>
      </Author>
      <Author>
        <Name>George</Name>
        <Email>gweasley@hogwarts.co.uk</Email>
      </Author>
    </Authors>
    <name>Book1</name>
  </book>
  <book>
    <Authors>
      <Author>
        <Name>Fred</Name>
        <Email>fweasley@hogwarts.co.uk</Email>
      </Author>
      <Author>
        <Name>George</Name>
        <Email>gweasley@hogwarts.co.uk</Email>
      </Author>
    </Authors>
    <name>Book1</name>
  </book>
  <book>
    <Authors>
      <Author>
        <Name>Fred</Name>
        <Email>fweasley@hogwarts.co.uk</Email>
      </Author>
      <Author>
        <Name>George</Name>
        <Email>gweasley@hogwarts.co.uk</Email>
      </Author>
    </Authors>
    <name>Book1</name>
  </book>
  <book>
    <Authors>
      <Author>
        <Name>Fred</Name>
        <Email>fweasley@hogwarts.co.uk</Email>
      </Author>
      <Author>
        <Name>George</Name>
        <Email>gweasley@hogwarts.co.uk</Email>
      </Author>
    </Authors>
    <name>Book1</name>
  </book>
  <book>
    <Authors>
      <Author>
        <Name>Fred</Name>
        <Email>fweasley@hogwarts.co.uk</Email>
      </Author>
      <Author>
        <Name>George</Name>
        <Email>gweasley@hogwarts.co.uk</Email>
      </Author>
    </Authors>
    <name>Book1</name>
  </book>
  <book>
    <Authors>
      <Author>
        <Name>Fred</Name>
        <Email>fweasley@hogwarts.co.uk</Email>
      </Author>
      <Author>
        <Name>George</Name>
        <Email>gweasley@hogwarts.co.uk</Email>
      </Author>
    </Authors>
    <name>Book1</name>
  </book>
  <book>
    <Authors>
      <Author>
        <Name>Fred</Name>
        <Email>fweasley@hogwarts.co.uk</Email>
      </Author>
      <Author>
        <Name>George</Name>
        <Email>gweasley@hogwarts.co.uk</Email>
      </Author>
    </Authors>
    <name>Book1</name>
  </book>
  <book>
    <Authors>
      <Author>
        <Name>Fred</Name>
        <Email>fweasley@hogwarts.co.uk</Email>
      </Author>
      <Author>
        <Name>George</Name>
        <Email>gweasley@hogwarts.co.uk</Email>
      </Author>
    </Authors>
    <name>Book1</name>
  </book>
  <book>
    <Authors>
      <Author>
        <Name>Fred</Name>
        <Email>fweasley@hogwarts.co.uk</Email>
      </Author>
      <Author>
        <Name>George</Name>
        <Email>gweasley@hogwarts.co.uk</Email>
      </Author>
    </Authors>
    <name>Book1</name>
  </book>
  <book>
    <Authors>
      <Author>
        <Name>Fred</Name>
        <Email>fweasley@hogwarts.co.uk</Email>
      </Author>
      <Author>
        <Name>George</Name>
        <Email>gweasley@hogwarts.co.uk</Email>
      </Author>
    </Authors>
    <name>Book1</name>
  </book>
  <book>
    <Authors>
      <Author>
        <Name>Fred</Name>
        <Email>fweasley@hogwarts.co.uk</Email>
      </Author>
      <Author>
        <Name>George</Name>
        <Email>gweasley@hogwarts.co.uk</Email>
      </Author>
    </Authors>
    <name>Book1</name>
  </book>
  <book>
    <Authors>
      <Author>
        <Name>Fred</Name>
        <Email>fweasley@hogwarts.co.uk</Email>
      </Author>
      <Author>
        <Name>George</Name>
        <Email>gweasley@hogwarts.co.uk</Email>
      </Author>
    </Authors>
    <name>Book1</name>
  </book>
  <book>
    <Authors>
      <Author>
        <Name>Fred</Name>
        <Email>fweasley@hogwarts.co.uk</Email>
      </Author>
      <Author>
        <Name>George</Name>
        <Email>gweasley@hogwarts.co.uk</Email>
      </Author>
    </Authors>
    <name>Book1</name>
  </book>
  <book>
    <Authors>
      <Author>
        <Name>Fred</Name>
        <Email>fweasley@hogwarts.co.uk</Email>
      </Author>
      <Author>
        <Name>George</Name>
        <Email>gweasley@hogwarts.co.uk</Email>
      </Author>
    </Authors>
    <name>Book1</name>
  </book>
  <book>
    <Authors>
      <Author>
        <Name>Fred</Name>
        <Email>fweasley@hogwarts.co.uk</Email>
      </Author>
      <Author>
        <Name>George</Name>
        <Email>gweasley@hogwarts.co.uk</Email>
      </Author>
    </Authors>
    <name>Book1</name>
  </book>
  <book>
    <Authors>
      <Author>
        <Name>Fred</Name>
        <Email>fweasley@hogwarts.co.uk</Email>
      </Author>
      <Author>
        <Name>George</Name>
        <Email>gweasley@hogwarts.co.uk</Email>
      </Author>
    </Authors>
    <name>Book1</name>
  </book>
  <book>
    <Authors>
      <Author>
        <Name>Fred</Name>
        <Email>fweasley@hogwarts.co.uk</Email>
      </Author>
      <Author>
        <Name>George</Name>
        <Email>gweasley@hogwarts.co.uk</Email>
      </Author>
    </Authors>
    <name>Book1</name>
  </book>
  <book>
    <Authors>
      <Author>
        <Name>Fred</Name>
        <Email>fweasley@hogwarts.co.uk</Email>
      </Author>
      <Author>
        <Name>George</Name>
        <Email>gweasley@hogwarts.co.uk</Email>
      </Author>
    </Authors>
    <name>Book1</name>
  </book>
  <book>
    <Authors>
      <Author>
        <Name>Fred</Name>
        <Email>fweasley@hogwarts.co.uk</Email>
      </Author>
      <Author>
        <Name>George</Name>
        <Email>gweasley@hogwarts.co.uk</Email>
      </Author>
    </Authors>
    <name>Book1</name>
  </book>
  <book>
    <Authors>
      <Author>
        <Name>Fred</Name>
        <Email>fweasley@hogwarts.co.uk</Email>
      </Author>
      <Author>
        <Name>George</Name>
        <Email>gweasley@hogwarts.co.uk</Email>
      </Author>
    </Authors>
    <name>Book1</name>
  </book>
  <book>
    <Authors>
      <Author>
        <Name>Fred</Name>
        <Email>fweasley@hogwarts.co.uk</Email>
      </Author>
      <Author>
        <Name>George</Name>
        <Email>gweasley@hogwarts.co.uk</Email>
      </Author>
    </Authors>
    <name>Book1</name>
  </book>
  <book>
    <Authors>
      <Author>
        <Name>Fred</Name>
        <Email>fweasley@hogwarts.co.uk</Email>
      </Author>
      <Author>
        <Name>George</Name>
        <Email>gweasley@hogwarts.co.uk</Email>
      </Author>
    </Authors>
    <name>Book1</name>
  </book>
  <book>
    <Authors>
      <Author>
        <Name>Fred</Name>
        <Email>fweasley@hogwarts.co.uk</Email>
      </Author>
      <Author>
        <Name>George</Name>
        <Email>gweasley@hogwarts.co.uk</Email>
      </Author>
    </Authors>
    <name>Book1</name>
  </book>
  <book>
    <Authors>
      <Author>
        <Name>Fred</Name>
        <Email>fweasley@hogwarts.co.uk</Email>
      </Author>
      <Author>
        <Name>George</Name>
        <Email>gweasley@hogwarts.co.uk</Email>
      </Author>
    </Authors>
    <name>Book1</name>
  </book>
  <book>
    <Authors>
      <Author>
        <Name>Fred</Name>
        <Email>fweasley@hogwarts.co.uk</Email>
      </Author>
      <Author>
        <Name>George</Name>
        <Email>gweasley@hogwarts.co.uk</Email>
      </Author>
    </Authors>
    <name>Book1</name>
  </book>
  <book>
    <Authors>
      <Author>
        <Name>Fred</Name>
        <Email>fweasley@hogwarts.co.uk</Email>
      </Author>
      <Author>
        <Name>George</Name>
        <Email>gweasley@hogwarts.co.uk</Email>
      </Author>
    </Authors>
    <name>Book1</name>
  </book>
  <book>
    <Authors>
      <Author>
        <Name>Fred</Name>
        <Email>fweasley@hogwarts.co.uk</Email>
      </Author>
      <Author>
        <Name>George</Name>
        <Email>gweasley@hogwarts.co.uk</Email>
      </Author>
    </Authors>
    <name>Book1</name>
  </book>
  <book>
    <Authors>
      <Author>
        <Name>Fred</Name>
        <Email>fweasley@hogwarts.co.uk</Email>
      </Author>
      <Author>
        <Name>George</Name>
        <Email>gweasley@hogwarts.co.uk</Email>
      </Author>
    </Authors>
    <name>Book1</name>
  </book>
  <book>
    <Authors>
      <Author>
        <Name>Fred</Name>
        <Email>fweasley@hogwarts.co.uk</Email>
      </Author>
      <Author>
        <Name>George</Name>
        <Email>gweasley@hogwarts.co.uk</Email>
      </Author>
    </Authors>
    <name>Book1</name>
  </book>
  <book>
    <Authors>
      <Author>
        <Name>Fred</Name>
        <Email>fweasley@hogwarts.co.uk</Email>
      </Author>
      <Author>
        <Name>George</Name>
        <Email>gweasley@hogwarts.co.uk</Email>
      </Author>
    </Authors>
    <name>Book1</name>
  </book>
  <book>
    <Authors>
      <Author>
        <Name>Fred</Name>
        <Email>fweasley@hogwarts.co.uk</Email>
      </Author>
      <Author>
        <Name>George</Name>
        <Email>gweasley@hogwarts.co.uk</Email>
      </Author>
    </Authors>
    <name>Book1</name>
  </book>
  <book>
    <Authors>
      <Author>
        <Name>Fred</Name>
        <Email>fweasley@hogwarts.co.uk</Email>
      </Author>
      <Author>
        <Name>George</Name>
        <Email>gweasley@hogwarts.co.uk</Email>
      </Author>
    </Authors>
    <name>Book1</name>
  </book>
  <book>
    <Authors>
      <Author>
        <Name>Fred</Name>
        <Email>fweasley@hogwarts.co.uk</Email>
      </Author>
      <Author>
        <Name>George</Name>
        <Email>gweasley@hogwarts.co.uk</Email>
      </Author>
    </Authors>
    <name>Book1</name>
  </book>
  <book>
    <Authors>
      <Author>
        <Name>Fred</Name>
        <Email>fweasley@hogwarts.co.uk</Email>
      </Author>
      <Author>
        <Name>George</Name>
        <Email>gweasley@hogwarts.co.uk</Email>
      </Author>
    </Authors>
    <name>Book1</name>
  </book>
  <book>
    <Authors>
      <Author>
        <Name>Fred</Name>
        <Email>fweasley@hogwarts.co.uk</Email>
      </Author>
      <Author>
        <Name>George</Name>
        <Email>gweasley@hogwarts.co.uk</Email>
      </Author>
    </Authors>
    <name>Book1</name>
  </book>
  <book>
    <Authors>
      <Author>
        <Name>Fred</Name>
        <Email>fweasley@hogwarts.co.uk</Email>
      </Author>
      <Author>
        <Name>George</Name>
        <Email>gweasley@hogwarts.co.uk</Email>
      </Author>
    </Authors>
    <name>Book1</name>
  </book>
  <book>
    <Authors>
      <Author>
        <Name>Fred</Name>
        <Email>fweasley@hogwarts.co.uk</Email>
      </Author>
      <Author>
        <Name>George</Name>
        <Email>gweasley@hogwarts.co.uk</Email>
      </Author>
    </Authors>
    <name>Book1</name>
  </book>
  <book>
    <Authors>
      <Author>
        <Name>Fred</Name>
        <Email>fweasley@hogwarts.co.uk</Email>
      </Author>
      <Author>
        <Name>George</Name>
        <Email>gweasley@hogwarts.co.uk</Email>
      </Author>
    </Authors>
    <name>Book1</name>
  </book>
  <book>
    <Authors>
      <Author>
        <Name>Fred</Name>
        <Email>fweasley@hogwarts.co.uk</Email>
      </Author>
      <Author>
        <Name>George</Name>
        <Email>gweasley@hogwarts.co.uk</Email>
      </Author>
    </Authors>
    <name>Book1</name>
  </book>
  <book>
    <Authors>
      <Author>
        <Name>Fred</Name>
        <Email>fweasley@hogwarts.co.uk</Email>
      </Author>
      <Author>
        <Name>George</Name>
        <Email>gweasley@hogwarts.co.uk</Email>
      </Author>
    </Authors>
    <name>Book1</name>
  </book>
  <book>
    <Authors>
      <Author>
        <Name>Fred</Name>
        <Email>fweasley@hogwarts.co.uk</Email>
      </Author>
      <Author>
        <Name>George</Name>
        <Email>gweasley@hogwarts.co.uk</Email>
      </Author>
    </Authors>
    <name>Book1</name>
  </book>
  <book>
    <Authors>
      <Author>
        <Name>Fred</Name>
        <Email>fweasley@hogwarts.co.uk</Email>
      </Author>
      <Author>
        <Name>George</Name>
        <Email>gweasley@hogwarts.co.uk</Email>
      </Author>
    </Authors>
    <name>Book1</name>
  </book>
  <book>
    <Authors>
      <Author>
        <Name>Fred</Name>
        <Email>fweasley@hogwarts.co.uk</Email>
      </Author>
      <Author>
        <Name>George</Name>
        <Email>gweasley@hogwarts.co.uk</Email>
      </Author>
    </Authors>
    <name>Book1</name>
  </book>
  <book>
    <Authors>
      <Author>
        <Name>Fred</Name>
        <Email>fweasley@hogwarts.co.uk</Email>
      </Author>
      <Author>
        <Name>George</Name>
        <Email>gweasley@hogwarts.co.uk</Email>
      </Author>
    </Authors>
    <name>Book1</name>
  </book>
  <book>
    <Authors>
      <Author>
        <Name>Fred</Name>
        <Email>fweasley@hogwarts.co.uk</Email>
      </Author>
      <Author>
        <Name>George</Name>
        <Email>gweasley@hogwarts.co.uk</Email>
      </Author>
    </Authors>
    <name>Book1</name>
  </book>
  <book>
    <Authors>
      <Author>
        <Name>Fred</Name>
        <Email>fweasley@hogwarts.co.uk</Email>
      </Author>
      <Author>
        <Name>George</Name>
        <Email>gweasley@hogwarts.co.uk</Email>
      </Author>
    </Authors>
    <name>Book1</name>
  </book>
  <book>
    <Authors>
      <Author>
        <Name>Fred</Name>
        <Email>fweasley@hogwarts.co.uk</Email>
      </Author>
      <Author>
        <Name>George</Name>
        <Email>gweasley@hogwarts.co.uk</Email>
      </Author>
    </Authors>
    <name>Book1</name>
  </book>
  <book>
    <Authors>
      <Author>
        <Name>Fred</Name>
        <Email>fweasley@hogwarts.co.uk</Email>
      </Author>
      <Author>
        <Name>George</Name>
        <Email>gweasley@hogwarts.co.uk</Email>
      </Author>
    </Authors>
    <name>Book1</name>
  </book>
  <book>
    <Authors>
      <Author>
        <Name>Fred</Name>
        <Email>fweasley@hogwarts.co.uk</Email>
      </Author>
      <Author>
        <Name>George</Name>
        <Email>gweasley@hogwarts.co.uk</Email>
      </Author>
    </Authors>
    <name>Book1</name>
  </book>
  <book>
    <Authors>
      <Author>
        <Name>Fred</Name>
        <Email>fweasley@hogwarts.co.uk</Email>
      </Author>
      <Author>
        <Name>George</Name>
        <Email>gweasley@hogwarts.co.uk</Email>
      </Author>
    </Authors>
    <name>Book1</name>
  </book>
  <book>
    <Authors>
      <Author>
        <Name>Fred</Name>
        <Email>fweasley@hogwarts.co.uk</Email>
      </Author>
      <Author>
        <Name>George</Name>
        <Email>gweasley@hogwarts.co.uk</Email>
      </Author>
    </Authors>
    <name>Book1</name>
  </book>
  <book>
    <Authors>
      <Author>
        <Name>Fred</Name>
        <Email>fweasley@hogwarts.co.uk</Email>
      </Author>
      <Author>
        <Name>George</Name>
        <Email>gweasley@hogwarts.co.uk</Email>
      </Author>
    </Authors>
    <name>Book1</name>
  </book>
  <book>
    <Authors>
      <Author>
        <Name>Fred</Name>
        <Email>fweasley@hogwarts.co.uk</Email>
      </Author>
      <Author>
        <Name>George</Name>
        <Email>gweasley@hogwarts.co.uk</Email>
      </Author>
    </Authors>
    <name>Book1</name>
  </book>
  <book>
    <Authors>
      <Author>
        <Name>Fred</Name>
        <Email>fweasley@hogwarts.co.uk</Email>
      </Author>
      <Author>
        <Name>George</Name>
        <Email>gweasley@hogwarts.co.uk</Email>
      </Author>
    </Authors>
    <name>Book1</name>
  </book>
  <book>
    <Authors>
      <Author>
        <Name>Fred</Name>
        <Email>fweasley@hogwarts.co.uk</Email>
      </Author>
      <Author>
        <Name>George</Name>
        <Email>gweasley@hogwarts.co.uk</Email>
      </Author>
    </Authors>
    <name>Book1</name>
  </book>
  <book>
    <Authors>
      <Author>
        <Name>Fred</Name>
        <Email>fweasley@hogwarts.co.uk</Email>
      </Author>
      <Author>
        <Name>George</Name>
        <Email>gweasley@hogwarts.co.uk</Email>
      </Author>
    </Authors>
    <name>Book1</name>
  </book>
  <book>
    <Authors>
      <Author>
        <Name>Fred</Name>
        <Email>fweasley@hogwarts.co.uk</Email>
      </Author>
      <Author>
        <Name>George</Name>
        <Email>gweasley@hogwarts.co.uk</Email>
      </Author>
    </Authors>
    <name>Book1</name>
  </book>
  <book>
    <Authors>
      <Author>
        <Name>Fred</Name>
        <Email>fweasley@hogwarts.co.uk</Email>
      </Author>
      <Author>
        <Name>George</Name>
        <Email>gweasley@hogwarts.co.uk</Email>
      </Author>
    </Authors>
    <name>Book1</name>
  </book>
  <book>
    <Authors>
      <Author>
        <Name>Fred</Name>
        <Email>fweasley@hogwarts.co.uk</Email>
      </Author>
      <Author>
        <Name>George</Name>
        <Email>gweasley@hogwarts.co.uk</Email>
      </Author>
    </Authors>
    <name>Book1</name>
  </book>
  <book>
    <Authors>
      <Author>
        <Name>Fred</Name>
        <Email>fweasley@hogwarts.co.uk</Email>
      </Author>
      <Author>
        <Name>George</Name>
        <Email>gweasley@hogwarts.co.uk</Email>
      </Author>
    </Authors>
    <name>Book1</name>
  </book>
  <book>
    <Authors>
      <Author>
        <Name>Fred</Name>
        <Email>fweasley@hogwarts.co.uk</Email>
      </Author>
      <Author>
        <Name>George</Name>
        <Email>gweasley@hogwarts.co.uk</Email>
      </Author>
    </Authors>
    <name>Book1</name>
  </book>
  <book>
    <Authors>
      <Author>
        <Name>Fred</Name>
        <Email>fweasley@hogwarts.co.uk</Email>
      </Author>
      <Author>
        <Name>George</Name>
        <Email>gweasley@hogwarts.co.uk</Email>
      </Author>
    </Authors>
    <name>Book1</name>
  </book>
  <book>
    <Authors>
      <Author>
        <Name>Fred</Name>
        <Email>fweasley@hogwarts.co.uk</Email>
      </Author>
      <Author>
        <Name>George</Name>
        <Email>gweasley@hogwarts.co.uk</Email>
      </Author>
    </Authors>
    <name>Book1</name>
  </book>
  <book>
    <Authors>
      <Author>
        <Name>Fred</Name>
        <Email>fweasley@hogwarts.co.uk</Email>
      </Author>
      <Author>
        <Name>George</Name>
        <Email>gweasley@hogwarts.co.uk</Email>
      </Author>
    </Authors>
    <name>Book1</name>
  </book>
  <book>
    <Authors>
      <Author>
        <Name>Fred</Name>
        <Email>fweasley@hogwarts.co.uk</Email>
      </Author>
      <Author>
        <Name>George</Name>
        <Email>gweasley@hogwarts.co.uk</Email>
      </Author>
    </Authors>
    <name>Book1</name>
  </book>
  <book>
    <Authors>
      <Author>
        <Name>Fred</Name>
        <Email>fweasley@hogwarts.co.uk</Email>
      </Author>
      <Author>
        <Name>George</Name>
        <Email>gweasley@hogwarts.co.uk</Email>
      </Author>
    </Authors>
    <name>Book1</name>
  </book>
  <book>
    <Authors>
      <Author>
        <Name>Fred</Name>
        <Email>fweasley@hogwarts.co.uk</Email>
      </Author>
      <Author>
        <Name>George</Name>
        <Email>gweasley@hogwarts.co.uk</Email>
      </Author>
    </Authors>
    <name>Book1</name>
  </book>
  <book>
    <Authors>
      <Author>
        <Name>Fred</Name>
        <Email>fweasley@hogwarts.co.uk</Email>
      </Author>
      <Author>
        <Name>George</Name>
        <Email>gweasley@hogwarts.co.uk</Email>
      </Author>
    </Authors>
    <name>Book1</name>
  </book>
  <book>
    <Authors>
      <Author>
        <Name>Fred</Name>
        <Email>fweasley@hogwarts.co.uk</Email>
      </Author>
      <Author>
        <Name>George</Name>
        <Email>gweasley@hogwarts.co.uk</Email>
      </Author>
    </Authors>
    <name>Book1</name>
  </book>
  <book>
    <Authors>
      <Author>
        <Name>Fred</Name>
        <Email>fweasley@hogwarts.co.uk</Email>
      </Author>
      <Author>
        <Name>George</Name>
        <Email>gweasley@hogwarts.co.uk</Email>
      </Author>
    </Authors>
    <name>Book1</name>
  </book>
  <book>
    <Authors>
      <Author>
        <Name>Fred</Name>
        <Email>fweasley@hogwarts.co.uk</Email>
      </Author>
      <Author>
        <Name>George</Name>
        <Email>gweasley@hogwarts.co.uk</Email>
      </Author>
    </Authors>
    <name>Book1</name>
  </book>
  <book>
    <Authors>
      <Author>
        <Name>Fred</Name>
        <Email>fweasley@hogwarts.co.uk</Email>
      </Author>
      <Author>
        <Name>George</Name>
        <Email>gweasley@hogwarts.co.uk</Email>
      </Author>
    </Authors>
    <name>Book1</name>
  </book>
  <book>
    <Authors>
      <Author>
        <Name>Fred</Name>
        <Email>fweasley@hogwarts.co.uk</Email>
      </Author>
      <Author>
        <Name>George</Name>
        <Email>gweasley@hogwarts.co.uk</Email>
      </Author>
    </Authors>
    <name>Book1</name>
  </book>
  <book>
    <Authors>
      <Author>
        <Name>Fred</Name>
        <Email>fweasley@hogwarts.co.uk</Email>
      </Author>
      <Author>
        <Name>George</Name>
        <Email>gweasley@hogwarts.co.uk</Email>
      </Author>
    </Authors>
    <name>Book1</name>
  </book>
  <book>
    <Authors>
      <Author>
        <Name>Fred</Name>
        <Email>fweasley@hogwarts.co.uk</Email>
      </Author>
      <Author>
        <Name>George</Name>
        <Email>gweasley@hogwarts.co.uk</Email>
      </Author>
    </Authors>
    <name>Book1</name>
  </book>
  <book>
    <Authors>
      <Author>
        <Name>Fred</Name>
        <Email>fweasley@hogwarts.co.uk</Email>
      </Author>
      <Author>
        <Name>George</Name>
        <Email>gweasley@hogwarts.co.uk</Email>
      </Author>
    </Authors>
    <name>Book1</name>
  </book>
  <book>
    <Authors>
      <Author>
        <Name>Fred</Name>
        <Email>fweasley@hogwarts.co.uk</Email>
      </Author>
      <Author>
        <Name>George</Name>
        <Email>gweasley@hogwarts.co.uk</Email>
      </Author>
    </Authors>
    <name>Book1</name>
  </book>
  <book>
    <Authors>
      <Author>
        <Name>Fred</Name>
        <Email>fweasley@hogwarts.co.uk</Email>
      </Author>
      <Author>
        <Name>George</Name>
        <Email>gweasley@hogwarts.co.uk</Email>
      </Author>
    </Authors>
    <name>Book1</name>
  </book>
  <book>
    <Authors>
      <Author>
        <Name>Fred</Name>
        <Email>fweasley@hogwarts.co.uk</Email>
      </Author>
      <Author>
        <Name>George</Name>
        <Email>gweasley@hogwarts.co.uk</Email>
      </Author>
    </Authors>
    <name>Book1</name>
  </book>
  <book>
    <Authors>
      <Author>
        <Name>Fred</Name>
        <Email>fweasley@hogwarts.co.uk</Email>
      </Author>
      <Author>
        <Name>George</Name>
        <Email>gweasley@hogwarts.co.uk</Email>
      </Author>
    </Authors>
    <name>Book1</name>
  </book>
  <book>
    <Authors>
      <Author>
        <Name>Fred</Name>
        <Email>fweasley@hogwarts.co.uk</Email>
      </Author>
      <Author>
        <Name>George</Name>
        <Email>gweasley@hogwarts.co.uk</Email>
      </Author>
    </Authors>
    <name>Book1</name>
  </book>
  <book>
    <Authors>
      <Author>
        <Name>Fred</Name>
        <Email>fweasley@hogwarts.co.uk</Email>
      </Author>
      <Author>
        <Name>George</Name>
        <Email>gweasley@hogwarts.co.uk</Email>
      </Author>
    </Authors>
    <name>Book1</name>
  </book>
  <book>
    <Authors>
      <Author>
        <Name>Fred</Name>
        <Email>fweasley@hogwarts.co.uk</Email>
      </Author>
      <Author>
        <Name>George</Name>
        <Email>gweasley@hogwarts.co.uk</Email>
      </Author>
    </Authors>
    <name>Book1</name>
  </book>
  <book>
    <Authors>
      <Author>
        <Name>Fred</Name>
        <Email>fweasley@hogwarts.co.uk</Email>
      </Author>
      <Author>
        <Name>George</Name>
        <Email>gweasley@hogwarts.co.uk</Email>
      </Author>
    </Authors>
    <name>Book1</name>
  </book>
  <book>
    <Authors>
      <Author>
        <Name>Fred</Name>
        <Email>fweasley@hogwarts.co.uk</Email>
      </Author>
      <Author>
        <Name>George</Name>
        <Email>gweasley@hogwarts.co.uk</Email>
      </Author>
    </Authors>
    <name>Book1</name>
  </book>
  <book>
    <Authors>
      <Author>
        <Name>Fred</Name>
        <Email>fweasley@hogwarts.co.uk</Email>
      </Author>
      <Author>
        <Name>George</Name>
        <Email>gweasley@hogwarts.co.uk</Email>
      </Author>
    </Authors>
    <name>Book1</name>
  </book>
  <book>
    <Authors>
      <Author>
        <Name>Fred</Name>
        <Email>fweasley@hogwarts.co.uk</Email>
      </Author>
      <Author>
        <Name>George</Name>
        <Email>gweasley@hogwarts.co.uk</Email>
      </Author>
    </Authors>
    <name>Book1</name>
  </book>
  <book>
    <Authors>
      <Author>
        <Name>Fred</Name>
        <Email>fweasley@hogwarts.co.uk</Email>
      </Author>
      <Author>
        <Name>George</Name>
        <Email>gweasley@hogwarts.co.uk</Email>
      </Author>
    </Authors>
    <name>Book1</name>
  </book>
  <book>
    <Authors>
      <Author>
        <Name>Fred</Name>
        <Email>fweasley@hogwarts.co.uk</Email>
      </Author>
      <Author>
        <Name>George</Name>
        <Email>gweasley@hogwarts.co.uk</Email>
      </Author>
    </Authors>
    <name>Book1</name>
  </book>
  <book>
    <Authors>
      <Author>
        <Name>Fred</Name>
        <Email>fweasley@hogwarts.co.uk</Email>
      </Author>
      <Author>
        <Name>George</Name>
        <Email>gweasley@hogwarts.co.uk</Email>
      </Author>
    </Authors>
    <name>Book1</name>
  </book>
  <book>
    <Authors>
      <Author>
        <Name>Fred</Name>
        <Email>fweasley@hogwarts.co.uk</Email>
      </Author>
      <Author>
        <Name>George</Name>
        <Email>gweasley@hogwarts.co.uk</Email>
      </Author>
    </Authors>
    <name>Book1</name>
  </book>
  <book>
    <Authors>
      <Author>
        <Name>Fred</Name>
        <Email>fweasley@hogwarts.co.uk</Email>
      </Author>
      <Author>
        <Name>George</Name>
        <Email>gweasley@hogwarts.co.uk</Email>
      </Author>
    </Authors>
    <name>Book1</name>
  </book>
  <book>
    <Authors>
      <Author>
        <Name>Fred</Name>
        <Email>fweasley@hogwarts.co.uk</Email>
      </Author>
      <Author>
        <Name>George</Name>
        <Email>gweasley@hogwarts.co.uk</Email>
      </Author>
    </Authors>
    <name>Book1</name>
  </book>
  <book>
    <Authors>
      <Author>
        <Name>Fred</Name>
        <Email>fweasley@hogwarts.co.uk</Email>
      </Author>
      <Author>
        <Name>George</Name>
        <Email>gweasley@hogwarts.co.uk</Email>
      </Author>
    </Authors>
    <name>Book1</name>
  </book>
  <book>
    <Authors>
      <Author>
        <Name>Fred</Name>
        <Email>fweasley@hogwarts.co.uk</Email>
      </Author>
      <Author>
        <Name>George</Name>
        <Email>gweasley@hogwarts.co.uk</Email>
      </Author>
    </Authors>
    <name>Book1</name>
  </book>
  <book>
    <Authors>
      <Author>
        <Name>Fred</Name>
        <Email>fweasley@hogwarts.co.uk</Email>
      </Author>
      <Author>
        <Name>George</Name>
        <Email>gweasley@hogwarts.co.uk</Email>
      </Author>
    </Authors>
    <name>Book1</name>
  </book>
  <book>
    <Authors>
      <Author>
        <Name>Fred</Name>
        <Email>fweasley@hogwarts.co.uk</Email>
      </Author>
      <Author>
        <Name>George</Name>
        <Email>gweasley@hogwarts.co.uk</Email>
      </Author>
    </Authors>
    <name>Book1</name>
  </book>
  <book>
    <Authors>
      <Author>
        <Name>Fred</Name>
        <Email>fweasley@hogwarts.co.uk</Email>
      </Author>
      <Author>
        <Name>George</Name>
        <Email>gweasley@hogwarts.co.uk</Email>
      </Author>
    </Authors>
    <name>Book1</name>
  </book>
  <book>
    <Authors>
      <Author>
        <Name>Fred</Name>
        <Email>fweasley@hogwarts.co.uk</Email>
      </Author>
      <Author>
        <Name>George</Name>
        <Email>gweasley@hogwarts.co.uk</Email>
      </Author>
    </Authors>
    <name>Book1</name>
  </book>
  <book>
    <Authors>
      <Author>
        <Name>Fred</Name>
        <Email>fweasley@hogwarts.co.uk</Email>
      </Author>
      <Author>
        <Name>George</Name>
        <Email>gweasley@hogwarts.co.uk</Email>
      </Author>
    </Authors>
    <name>Book1</name>
  </book>
  <book>
    <Authors>
      <Author>
        <Name>Fred</Name>
        <Email>fweasley@hogwarts.co.uk</Email>
      </Author>
      <Author>
        <Name>George</Name>
        <Email>gweasley@hogwarts.co.uk</Email>
      </Author>
    </Authors>
    <name>Book1</name>
  </book>
  <book>
    <Authors>
      <Author>
        <Name>Fred</Name>
        <Email>fweasley@hogwarts.co.uk</Email>
      </Author>
      <Author>
        <Name>George</Name>
        <Email>gweasley@hogwarts.co.uk</Email>
      </Author>
    </Authors>
    <name>Book1</name>
  </book>
  <book>
    <Authors>
      <Author>
        <Name>Fred</Name>
        <Email>fweasley@hogwarts.co.uk</Email>
      </Author>
      <Author>
        <Name>George</Name>
        <Email>gweasley@hogwarts.co.uk</Email>
      </Author>
    </Authors>
    <name>Book1</name>
  </book>
  <book>
    <Authors>
      <Author>
        <Name>Fred</Name>
        <Email>fweasley@hogwarts.co.uk</Email>
      </Author>
      <Author>
        <Name>George</Name>
        <Email>gweasley@hogwarts.co.uk</Email>
      </Author>
    </Authors>
    <name>Book1</name>
  </book>
  <book>
    <Authors>
      <Author>
        <Name>Fred</Name>
        <Email>fweasley@hogwarts.co.uk</Email>
      </Author>
      <Author>
        <Name>George</Name>
        <Email>gweasley@hogwarts.co.uk</Email>
      </Author>
    </Authors>
    <name>Book1</name>
  </book>
  <book>
    <Authors>
      <Author>
        <Name>Fred</Name>
        <Email>fweasley@hogwarts.co.uk</Email>
      </Author>
      <Author>
        <Name>George</Name>
        <Email>gweasley@hogwarts.co.uk</Email>
      </Author>
    </Authors>
    <name>Book1</name>
  </book>
  <book>
    <Authors>
      <Author>
        <Name>Fred</Name>
        <Email>fweasley@hogwarts.co.uk</Email>
      </Author>
      <Author>
        <Name>George</Name>
        <Email>gweasley@hogwarts.co.uk</Email>
      </Author>
    </Authors>
    <name>Book1</name>
  </book>
  <book>
    <Authors>
      <Author>
        <Name>Fred</Name>
        <Email>fweasley@hogwarts.co.uk</Email>
      </Author>
      <Author>
        <Name>George</Name>
        <Email>gweasley@hogwarts.co.uk</Email>
      </Author>
    </Authors>
    <name>Book1</name>
  </book>
  <book>
    <Authors>
      <Author>
        <Name>Fred</Name>
        <Email>fweasley@hogwarts.co.uk</Email>
      </Author>
      <Author>
        <Name>George</Name>
        <Email>gweasley@hogwarts.co.uk</Email>
      </Author>
    </Authors>
    <name>Book1</name>
  </book>
  <book>
    <Authors>
      <Author>
        <Name>Fred</Name>
        <Email>fweasley@hogwarts.co.uk</Email>
      </Author>
      <Author>
        <Name>George</Name>
        <Email>gweasley@hogwarts.co.uk</Email>
      </Author>
    </Authors>
    <name>Book1</name>
  </book>
  <book>
    <Authors>
      <Author>
        <Name>Fred</Name>
        <Email>fweasley@hogwarts.co.uk</Email>
      </Author>
      <Author>
        <Name>George</Name>
        <Email>gweasley@hogwarts.co.uk</Email>
      </Author>
    </Authors>
    <name>Book1</name>
  </book>
  <book>
    <Authors>
      <Author>
        <Name>Fred</Name>
        <Email>fweasley@hogwarts.co.uk</Email>
      </Author>
      <Author>
        <Name>George</Name>
        <Email>gweasley@hogwarts.co.uk</Email>
      </Author>
    </Authors>
    <name>Book1</name>
  </book>
  <book>
    <Authors>
      <Author>
        <Name>Fred</Name>
        <Email>fweasley@hogwarts.co.uk</Email>
      </Author>
      <Author>
        <Name>George</Name>
        <Email>gweasley@hogwarts.co.uk</Email>
      </Author>
    </Authors>
    <name>Book1</name>
  </book>
  <book>
    <Authors>
      <Author>
        <Name>Fred</Name>
        <Email>fweasley@hogwarts.co.uk</Email>
      </Author>
      <Author>
        <Name>George</Name>
        <Email>gweasley@hogwarts.co.uk</Email>
      </Author>
    </Authors>
    <name>Book1</name>
  </book>
  <book>
    <Authors>
      <Author>
        <Name>Fred</Name>
        <Email>fweasley@hogwarts.co.uk</Email>
      </Author>
      <Author>
        <Name>George</Name>
        <Email>gweasley@hogwarts.co.uk</Email>
      </Author>
    </Authors>
    <name>Book1</name>
  </book>
  <book>
    <Authors>
      <Author>
        <Name>Fred</Name>
        <Email>fweasley@hogwarts.co.uk</Email>
      </Author>
      <Author>
        <Name>George</Name>
        <Email>gweasley@hogwarts.co.uk</Email>
      </Author>
    </Authors>
    <name>Book1</name>
  </book>
  <book>
    <Authors>
      <Author>
        <Name>Fred</Name>
        <Email>fweasley@hogwarts.co.uk</Email>
      </Author>
      <Author>
        <Name>George</Name>
        <Email>gweasley@hogwarts.co.uk</Email>
      </Author>
    </Authors>
    <name>Book1</name>
  </book>
  <book>
    <Authors>
      <Author>
        <Name>Fred</Name>
        <Email>fweasley@hogwarts.co.uk</Email>
      </Author>
      <Author>
        <Name>George</Name>
        <Email>gweasley@hogwarts.co.uk</Email>
      </Author>
    </Authors>
    <name>Book1</name>
  </book>
  <book>
    <Authors>
      <Author>
        <Name>Fred</Name>
        <Email>fweasley@hogwarts.co.uk</Email>
      </Author>
      <Author>
        <Name>George</Name>
        <Email>gweasley@hogwarts.co.uk</Email>
      </Author>
    </Authors>
    <name>Book1</name>
  </book>
  <book>
    <Authors>
      <Author>
        <Name>Fred</Name>
        <Email>fweasley@hogwarts.co.uk</Email>
      </Author>
      <Author>
        <Name>George</Name>
        <Email>gweasley@hogwarts.co.uk</Email>
      </Author>
    </Authors>
    <name>Book1</name>
  </book>
  <book>
    <Authors>
      <Author>
        <Name>Fred</Name>
        <Email>fweasley@hogwarts.co.uk</Email>
      </Author>
      <Author>
        <Name>George</Name>
        <Email>gweasley@hogwarts.co.uk</Email>
      </Author>
    </Authors>
    <name>Book1</name>
  </book>
  <book>
    <Authors>
      <Author>
        <Name>Fred</Name>
        <Email>fweasley@hogwarts.co.uk</Email>
      </Author>
      <Author>
        <Name>George</Name>
        <Email>gweasley@hogwarts.co.uk</Email>
      </Author>
    </Authors>
    <name>Book1</name>
  </book>
  <book>
    <Authors>
      <Author>
        <Name>Fred</Name>
        <Email>fweasley@hogwarts.co.uk</Email>
      </Author>
      <Author>
        <Name>George</Name>
        <Email>gweasley@hogwarts.co.uk</Email>
      </Author>
    </Authors>
    <name>Book1</name>
  </book>
  <book>
    <Authors>
      <Author>
        <Name>Fred</Name>
        <Email>fweasley@hogwarts.co.uk</Email>
      </Author>
      <Author>
        <Name>George</Name>
        <Email>gweasley@hogwarts.co.uk</Email>
      </Author>
    </Authors>
    <name>Book1</name>
  </book>
  <book>
    <Authors>
      <Author>
        <Name>Fred</Name>
        <Email>fweasley@hogwarts.co.uk</Email>
      </Author>
      <Author>
        <Name>George</Name>
        <Email>gweasley@hogwarts.co.uk</Email>
      </Author>
    </Authors>
    <name>Book1</name>
  </book>
  <book>
    <Authors>
      <Author>
        <Name>Fred</Name>
        <Email>fweasley@hogwarts.co.uk</Email>
      </Author>
      <Author>
        <Name>George</Name>
        <Email>gweasley@hogwarts.co.uk</Email>
      </Author>
    </Authors>
    <name>Book1</name>
  </book>
  <book>
    <Authors>
      <Author>
        <Name>Fred</Name>
        <Email>fweasley@hogwarts.co.uk</Email>
      </Author>
      <Author>
        <Name>George</Name>
        <Email>gweasley@hogwarts.co.uk</Email>
      </Author>
    </Authors>
    <name>Book1</name>
  </book>
  <book>
    <Authors>
      <Author>
        <Name>Fred</Name>
        <Email>fweasley@hogwarts.co.uk</Email>
      </Author>
      <Author>
        <Name>George</Name>
        <Email>gweasley@hogwarts.co.uk</Email>
      </Author>
    </Authors>
    <name>Book1</name>
  </book>
  <book>
    <Authors>
      <Author>
        <Name>Fred</Name>
        <Email>fweasley@hogwarts.co.uk</Email>
      </Author>
      <Author>
        <Name>George</Name>
        <Email>gweasley@hogwarts.co.uk</Email>
      </Author>
    </Authors>
    <name>Book1</name>
  </book>
  <book>
    <Authors>
      <Author>
        <Name>Fred</Name>
        <Email>fweasley@hogwarts.co.uk</Email>
      </Author>
      <Author>
        <Name>George</Name>
        <Email>gweasley@hogwarts.co.uk</Email>
      </Author>
    </Authors>
    <name>Book1</name>
  </book>
  <book>
    <Authors>
      <Author>
        <Name>Fred</Name>
        <Email>fweasley@hogwarts.co.uk</Email>
      </Author>
      <Author>
        <Name>George</Name>
        <Email>gweasley@hogwarts.co.uk</Email>
      </Author>
    </Authors>
    <name>Book1</name>
  </book>
  <book year="2014" isbn="ISBN83763550019---11">
    <Authors>
      <Author>
        <Name>Fred</Name>
        <Email>fweasley@hogwarts.co.uk</Email>
      </Author>
      <Author>
        <Name>George</Name>
        <Email>gweasley@hogwarts.co.uk</Email>
      </Author>
    </Authors>
    <name>Book1</name>
  </book>
  <book year="2014" isbn="ISBN83763550019---11">
    <Authors>
      <Author>
        <Name>Fred</Name>
        <Email>fweasley@hogwarts.co.uk</Email>
      </Author>
      <Author>
        <Name>George</Name>
        <Email>gweasley@hogwarts.co.uk</Email>
      </Author>
    </Authors>
    <name>Book2</name>
  </book>
  <book year="2014" isbn="ISBN83763550019---11">
    <Authors>
      <Author>
        <Name>Fred</Name>
        <Email>fweasley@hogwarts.co.uk</Email>
      </Author>
      <Author>
        <Name>George</Name>
        <Email>gweasley@hogwarts.co.uk</Email>
      </Author>
    </Authors>
    <name>Book1</name>
  </book>
  <book year="2014" isbn="ISBN83763550019---11">
    <Authors>
      <Author>
        <Name>Fred</Name>
        <Email>fweasley@hogwarts.co.uk</Email>
      </Author>
      <Author>
        <Name>George</Name>
        <Email>gweasley@hogwarts.co.uk</Email>
      </Author>
    </Authors>
    <name>Book2</name>
  </book>
  <book year="2014" isbn="ISBN83763550019---11">
    <Authors>
      <Author>
        <Name>Fred</Name>
        <Email>fweasley@hogwarts.co.uk</Email>
      </Author>
      <Author>
        <Name>George</Name>
        <Email>gweasley@hogwarts.co.uk</Email>
      </Author>
    </Authors>
    <name>Book1</name>
  </book>
  <book year="2014" isbn="ISBN83763550019---11">
    <Authors>
      <Author>
        <Name>Fred</Name>
        <Email>fweasley@hogwarts.co.uk</Email>
      </Author>
      <Author>
        <Name>George</Name>
        <Email>gweasley@hogwarts.co.uk</Email>
      </Author>
    </Authors>
    <name>Book2</name>
  </book>
  <book year="2014" isbn="ISBN83763550019---11">
    <Authors>
      <Author>
        <Name>Fred</Name>
        <Email>fweasley@hogwarts.co.uk</Email>
      </Author>
      <Author>
        <Name>George</Name>
        <Email>gweasley@hogwarts.co.uk</Email>
      </Author>
    </Authors>
    <name>Book1</name>
  </book>
  <book year="2014" isbn="ISBN83763550019---11">
    <Authors>
      <Author>
        <Name>Fred</Name>
        <Email>fweasley@hogwarts.co.uk</Email>
      </Author>
      <Author>
        <Name>George</Name>
        <Email>gweasley@hogwarts.co.uk</Email>
      </Author>
    </Authors>
    <name>Book2</name>
  </book>
  <book year="2014" isbn="ISBN83763550019---11">
    <Authors>
      <Author>
        <Name>Fred</Name>
        <Email>fweasley@hogwarts.co.uk</Email>
      </Author>
      <Author>
        <Name>George</Name>
        <Email>gweasley@hogwarts.co.uk</Email>
      </Author>
    </Authors>
    <name>Book1</name>
  </book>
  <book year="2014" isbn="ISBN83763550019---11">
    <Authors>
      <Author>
        <Name>Fred</Name>
        <Email>fweasley@hogwarts.co.uk</Email>
      </Author>
      <Author>
        <Name>George</Name>
        <Email>gweasley@hogwarts.co.uk</Email>
      </Author>
    </Authors>
    <name>Book2</name>
  </book>
  <book year="2014" isbn="ISBN83763550019---11">
    <Authors>
      <Author>
        <Name>Fred</Name>
        <Email>fweasley@hogwarts.co.uk</Email>
      </Author>
      <Author>
        <Name>George</Name>
        <Email>gweasley@hogwarts.co.uk</Email>
      </Author>
    </Authors>
    <name>Book1</name>
  </book>
  <book year="2014" isbn="ISBN83763550019---11">
    <Authors>
      <Author>
        <Name>Fred</Name>
        <Email>fweasley@hogwarts.co.uk</Email>
      </Author>
      <Author>
        <Name>George</Name>
        <Email>gweasley@hogwarts.co.uk</Email>
      </Author>
    </Authors>
    <name>Book2</name>
  </book>
  <book year="2014" isbn="ISBN83763550019---11">
    <Authors>
      <Author>
        <Name>Fred</Name>
        <Email>fweasley@hogwarts.co.uk</Email>
      </Author>
      <Author>
        <Name>George</Name>
        <Email>gweasley@hogwarts.co.uk</Email>
      </Author>
    </Authors>
    <name>Book1</name>
  </book>
  <book year="2014" isbn="ISBN83763550019---11">
    <Authors>
      <Author>
        <Name>Fred</Name>
        <Email>fweasley@hogwarts.co.uk</Email>
      </Author>
      <Author>
        <Name>George</Name>
        <Email>gweasley@hogwarts.co.uk</Email>
      </Author>
    </Authors>
    <name>Book2</name>
  </book>
  <book year="2014" isbn="ISBN83763550019---11">
    <Authors>
      <Author>
        <Name>Fred</Name>
        <Email>fweasley@hogwarts.co.uk</Email>
      </Author>
      <Author>
        <Name>George</Name>
        <Email>gweasley@hogwarts.co.uk</Email>
      </Author>
    </Authors>
    <name>Book1</name>
  </book>
  <book year="2014" isbn="ISBN83763550019---11">
    <Authors>
      <Author>
        <Name>Fred</Name>
        <Email>fweasley@hogwarts.co.uk</Email>
      </Author>
      <Author>
        <Name>George</Name>
        <Email>gweasley@hogwarts.co.uk</Email>
      </Author>
    </Authors>
    <name>Book2</name>
  </book>
  <book year="2014" isbn="ISBN83763550019---11">
    <Authors>
      <Author>
        <Name>Fred</Name>
        <Email>fweasley@hogwarts.co.uk</Email>
      </Author>
      <Author>
        <Name>George</Name>
        <Email>gweasley@hogwarts.co.uk</Email>
      </Author>
    </Authors>
    <name>Book1</name>
  </book>
  <book year="2014" isbn="ISBN83763550019---11">
    <Authors>
      <Author>
        <Name>Fred</Name>
        <Email>fweasley@hogwarts.co.uk</Email>
      </Author>
      <Author>
        <Name>George</Name>
        <Email>gweasley@hogwarts.co.uk</Email>
      </Author>
    </Authors>
    <name>Book2</name>
  </book>
  <book year="2014" isbn="ISBN83763550019---11">
    <Authors>
      <Author>
        <Name>Fred</Name>
        <Email>fweasley@hogwarts.co.uk</Email>
      </Author>
      <Author>
        <Name>George</Name>
        <Email>gweasley@hogwarts.co.uk</Email>
      </Author>
    </Authors>
    <name>Book1</name>
  </book>
  <book year="2014" isbn="ISBN83763550019---11">
    <Authors>
      <Author>
        <Name>Fred</Name>
        <Email>fweasley@hogwarts.co.uk</Email>
      </Author>
      <Author>
        <Name>George</Name>
        <Email>gweasley@hogwarts.co.uk</Email>
      </Author>
    </Authors>
    <name>Book2</name>
  </book>
  <book year="2014" isbn="ISBN83763550019---11">
    <Authors>
      <Author>
        <Name>Fred</Name>
        <Email>fweasley@hogwarts.co.uk</Email>
      </Author>
      <Author>
        <Name>George</Name>
        <Email>gweasley@hogwarts.co.uk</Email>
      </Author>
    </Authors>
    <name>Book1</name>
  </book>
  <book year="2014" isbn="ISBN83763550019---11">
    <Authors>
      <Author>
        <Name>Fred</Name>
        <Email>fweasley@hogwarts.co.uk</Email>
      </Author>
      <Author>
        <Name>George</Name>
        <Email>gweasley@hogwarts.co.uk</Email>
      </Author>
    </Authors>
    <name>Book2</name>
  </book>
  <book year="2014" isbn="ISBN83763550019---11">
    <Authors>
      <Author>
        <Name>Fred</Name>
        <Email>fweasley@hogwarts.co.uk</Email>
      </Author>
      <Author>
        <Name>George</Name>
        <Email>gweasley@hogwarts.co.uk</Email>
      </Author>
    </Authors>
    <name>Book1</name>
  </book>
  <book year="2014" isbn="ISBN83763550019---11">
    <Authors>
      <Author>
        <Name>Fred</Name>
        <Email>fweasley@hogwarts.co.uk</Email>
      </Author>
      <Author>
        <Name>George</Name>
        <Email>gweasley@hogwarts.co.uk</Email>
      </Author>
    </Authors>
    <name>Book2</name>
  </book>
  <book year="2014" isbn="ISBN83763550019---11">
    <Authors>
      <Author>
        <Name>Fred</Name>
        <Email>fweasley@hogwarts.co.uk</Email>
      </Author>
      <Author>
        <Name>George</Name>
        <Email>gweasley@hogwarts.co.uk</Email>
      </Author>
    </Authors>
    <name>Book1</name>
  </book>
  <book year="2014" isbn="ISBN83763550019---11">
    <Authors>
      <Author>
        <Name>Fred</Name>
        <Email>fweasley@hogwarts.co.uk</Email>
      </Author>
      <Author>
        <Name>George</Name>
        <Email>gweasley@hogwarts.co.uk</Email>
      </Author>
    </Authors>
    <name>Book2</name>
  </book>
  <book year="2014" isbn="ISBN83763550019---11">
    <Authors>
      <Author>
        <Name>Fred</Name>
        <Email>fweasley@hogwarts.co.uk</Email>
      </Author>
      <Author>
        <Name>George</Name>
        <Email>gweasley@hogwarts.co.uk</Email>
      </Author>
    </Authors>
    <name>Book1</name>
  </book>
  <book year="2014" isbn="ISBN83763550019---11">
    <Authors>
      <Author>
        <Name>Fred</Name>
        <Email>fweasley@hogwarts.co.uk</Email>
      </Author>
      <Author>
        <Name>George</Name>
        <Email>gweasley@hogwarts.co.uk</Email>
      </Author>
    </Authors>
    <name>Book2</name>
  </book>
  <book year="2014" isbn="ISBN83763550019---11">
    <Authors>
      <Author>
        <Name>Fred</Name>
        <Email>fweasley@hogwarts.co.uk</Email>
      </Author>
      <Author>
        <Name>George</Name>
        <Email>gweasley@hogwarts.co.uk</Email>
      </Author>
    </Authors>
    <name>Book1</name>
  </book>
  <book year="2014" isbn="ISBN83763550019---11">
    <Authors>
      <Author>
        <Name>Fred</Name>
        <Email>fweasley@hogwarts.co.uk</Email>
      </Author>
      <Author>
        <Name>George</Name>
        <Email>gweasley@hogwarts.co.uk</Email>
      </Author>
    </Authors>
    <name>Book2</name>
  </book>
  <book year="2014" isbn="ISBN83763550019---11">
    <Authors>
      <Author>
        <Name>Fred</Name>
        <Email>fweasley@hogwarts.co.uk</Email>
      </Author>
      <Author>
        <Name>George</Name>
        <Email>gweasley@hogwarts.co.uk</Email>
      </Author>
    </Authors>
    <name>Book1</name>
  </book>
  <book year="2014" isbn="ISBN83763550019---11">
    <Authors>
      <Author>
        <Name>Fred</Name>
        <Email>fweasley@hogwarts.co.uk</Email>
      </Author>
      <Author>
        <Name>George</Name>
        <Email>gweasley@hogwarts.co.uk</Email>
      </Author>
    </Authors>
    <name>Book2</name>
  </book>
  <book year="2014" isbn="ISBN83763550019---11">
    <Authors>
      <Author>
        <Name>Fred</Name>
        <Email>fweasley@hogwarts.co.uk</Email>
      </Author>
      <Author>
        <Name>George</Name>
        <Email>gweasley@hogwarts.co.uk</Email>
      </Author>
    </Authors>
    <name>Book1</name>
  </book>
  <book year="2014" isbn="ISBN83763550019---11">
    <Authors>
      <Author>
        <Name>Fred</Name>
        <Email>fweasley@hogwarts.co.uk</Email>
      </Author>
      <Author>
        <Name>George</Name>
        <Email>gweasley@hogwarts.co.uk</Email>
      </Author>
    </Authors>
    <name>Book2</name>
  </book>
  <book year="2014" isbn="ISBN83763550019---11">
    <Authors>
      <Author>
        <Name>Fred</Name>
        <Email>fweasley@hogwarts.co.uk</Email>
      </Author>
      <Author>
        <Name>George</Name>
        <Email>gweasley@hogwarts.co.uk</Email>
      </Author>
    </Authors>
    <name>Book1</name>
  </book>
  <book year="2014" isbn="ISBN83763550019---11">
    <Authors>
      <Author>
        <Name>Fred</Name>
        <Email>fweasley@hogwarts.co.uk</Email>
      </Author>
      <Author>
        <Name>George</Name>
        <Email>gweasley@hogwarts.co.uk</Email>
      </Author>
    </Authors>
    <name>Book2</name>
  </book>
  <book year="2014" isbn="ISBN83763550019---11">
    <Authors>
      <Author>
        <Name>Fred</Name>
        <Email>fweasley@hogwarts.co.uk</Email>
      </Author>
      <Author>
        <Name>George</Name>
        <Email>gweasley@hogwarts.co.uk</Email>
      </Author>
    </Authors>
    <name>Book1</name>
  </book>
  <book year="2014" isbn="ISBN83763550019---11">
    <Authors>
      <Author>
        <Name>Fred</Name>
        <Email>fweasley@hogwarts.co.uk</Email>
      </Author>
      <Author>
        <Name>George</Name>
        <Email>gweasley@hogwarts.co.uk</Email>
      </Author>
    </Authors>
    <name>Book2</name>
  </book>
  <book year="2014" isbn="ISBN83763550019---11">
    <Authors>
      <Author>
        <Name>Fred</Name>
        <Email>fweasley@hogwarts.co.uk</Email>
      </Author>
      <Author>
        <Name>George</Name>
        <Email>gweasley@hogwarts.co.uk</Email>
      </Author>
    </Authors>
    <name>Book1</name>
  </book>
  <book year="2014" isbn="ISBN83763550019---11">
    <Authors>
      <Author>
        <Name>Fred</Name>
        <Email>fweasley@hogwarts.co.uk</Email>
      </Author>
      <Author>
        <Name>George</Name>
        <Email>gweasley@hogwarts.co.uk</Email>
      </Author>
    </Authors>
    <name>Book2</name>
  </book>
  <book year="2014" isbn="ISBN83763550019---11">
    <Authors>
      <Author>
        <Name>Fred</Name>
        <Email>fweasley@hogwarts.co.uk</Email>
      </Author>
      <Author>
        <Name>George</Name>
        <Email>gweasley@hogwarts.co.uk</Email>
      </Author>
    </Authors>
    <name>Book1</name>
  </book>
  <book year="2014" isbn="ISBN83763550019---11">
    <Authors>
      <Author>
        <Name>Fred</Name>
        <Email>fweasley@hogwarts.co.uk</Email>
      </Author>
      <Author>
        <Name>George</Name>
        <Email>gweasley@hogwarts.co.uk</Email>
      </Author>
    </Authors>
    <name>Book2</name>
  </book>
  <book year="2014" isbn="ISBN83763550019---11">
    <Authors>
      <Author>
        <Name>Fred</Name>
        <Email>fweasley@hogwarts.co.uk</Email>
      </Author>
      <Author>
        <Name>George</Name>
        <Email>gweasley@hogwarts.co.uk</Email>
      </Author>
    </Authors>
    <name>Book1</name>
  </book>
  <book year="2014" isbn="ISBN83763550019---11">
    <Authors>
      <Author>
        <Name>Fred</Name>
        <Email>fweasley@hogwarts.co.uk</Email>
      </Author>
      <Author>
        <Name>George</Name>
        <Email>gweasley@hogwarts.co.uk</Email>
      </Author>
    </Authors>
    <name>Book2</name>
  </book>
  <book year="2014" isbn="ISBN83763550019---11">
    <Authors>
      <Author>
        <Name>Fred</Name>
        <Email>fweasley@hogwarts.co.uk</Email>
      </Author>
      <Author>
        <Name>George</Name>
        <Email>gweasley@hogwarts.co.uk</Email>
      </Author>
    </Authors>
    <name>Book1</name>
  </book>
  <book year="2014" isbn="ISBN83763550019---11">
    <Authors>
      <Author>
        <Name>Fred</Name>
        <Email>fweasley@hogwarts.co.uk</Email>
      </Author>
      <Author>
        <Name>George</Name>
        <Email>gweasley@hogwarts.co.uk</Email>
      </Author>
    </Authors>
    <name>Book2</name>
  </book>
  <book year="2014" isbn="ISBN83763550019---11">
    <Authors>
      <Author>
        <Name>Fred</Name>
        <Email>fweasley@hogwarts.co.uk</Email>
      </Author>
      <Author>
        <Name>George</Name>
        <Email>gweasley@hogwarts.co.uk</Email>
      </Author>
    </Authors>
    <name>Book1</name>
  </book>
  <book year="2014" isbn="ISBN83763550019---11">
    <Authors>
      <Author>
        <Name>Fred</Name>
        <Email>fweasley@hogwarts.co.uk</Email>
      </Author>
      <Author>
        <Name>George</Name>
        <Email>gweasley@hogwarts.co.uk</Email>
      </Author>
    </Authors>
    <name>Book2</name>
  </book>
  <book year="2014" isbn="ISBN83763550019---11">
    <Authors>
      <Author>
        <Name>Fred</Name>
        <Email>fweasley@hogwarts.co.uk</Email>
      </Author>
      <Author>
        <Name>George</Name>
        <Email>gweasley@hogwarts.co.uk</Email>
      </Author>
    </Authors>
    <name>Book1</name>
  </book>
  <book year="2014" isbn="ISBN83763550019---11">
    <Authors>
      <Author>
        <Name>Fred</Name>
        <Email>fweasley@hogwarts.co.uk</Email>
      </Author>
      <Author>
        <Name>George</Name>
        <Email>gweasley@hogwarts.co.uk</Email>
      </Author>
    </Authors>
    <name>Book2</name>
  </book>
  <book year="2014" isbn="ISBN83763550019---11">
    <Authors>
      <Author>
        <Name>Fred</Name>
        <Email>fweasley@hogwarts.co.uk</Email>
      </Author>
      <Author>
        <Name>George</Name>
        <Email>gweasley@hogwarts.co.uk</Email>
      </Author>
    </Authors>
    <name>Book1</name>
  </book>
  <book year="2014" isbn="ISBN83763550019---11">
    <Authors>
      <Author>
        <Name>Fred</Name>
        <Email>fweasley@hogwarts.co.uk</Email>
      </Author>
      <Author>
        <Name>George</Name>
        <Email>gweasley@hogwarts.co.uk</Email>
      </Author>
    </Authors>
    <name>Book2</name>
  </book>
  <book year="2014" isbn="ISBN83763550019---11">
    <Authors>
      <Author>
        <Name>Fred</Name>
        <Email>fweasley@hogwarts.co.uk</Email>
      </Author>
      <Author>
        <Name>George</Name>
        <Email>gweasley@hogwarts.co.uk</Email>
      </Author>
    </Authors>
    <name>Book1</name>
  </book>
  <book year="2014" isbn="ISBN83763550019---11">
    <Authors>
      <Author>
        <Name>Fred</Name>
        <Email>fweasley@hogwarts.co.uk</Email>
      </Author>
      <Author>
        <Name>George</Name>
        <Email>gweasley@hogwarts.co.uk</Email>
      </Author>
    </Authors>
    <name>Book2</name>
  </book>
  <book year="2014" isbn="ISBN83763550019---11">
    <Authors>
      <Author>
        <Name>Fred</Name>
        <Email>fweasley@hogwarts.co.uk</Email>
      </Author>
      <Author>
        <Name>George</Name>
        <Email>gweasley@hogwarts.co.uk</Email>
      </Author>
    </Authors>
    <name>Book1</name>
  </book>
  <book year="2014" isbn="ISBN83763550019---11">
    <Authors>
      <Author>
        <Name>Fred</Name>
        <Email>fweasley@hogwarts.co.uk</Email>
      </Author>
      <Author>
        <Name>George</Name>
        <Email>gweasley@hogwarts.co.uk</Email>
      </Author>
    </Authors>
    <name>Book2</name>
  </book>
  <book year="2014" isbn="ISBN83763550019---11">
    <Authors>
      <Author>
        <Name>Fred</Name>
        <Email>fweasley@hogwarts.co.uk</Email>
      </Author>
      <Author>
        <Name>George</Name>
        <Email>gweasley@hogwarts.co.uk</Email>
      </Author>
    </Authors>
    <name>Book1</name>
  </book>
  <book year="2014" isbn="ISBN83763550019---11">
    <Authors>
      <Author>
        <Name>Fred</Name>
        <Email>fweasley@hogwarts.co.uk</Email>
      </Author>
      <Author>
        <Name>George</Name>
        <Email>gweasley@hogwarts.co.uk</Email>
      </Author>
    </Authors>
    <name>Book2</name>
  </book>
  <book year="2014" isbn="ISBN83763550019---11">
    <Authors>
      <Author>
        <Name>Fred</Name>
        <Email>fweasley@hogwarts.co.uk</Email>
      </Author>
      <Author>
        <Name>George</Name>
        <Email>gweasley@hogwarts.co.uk</Email>
      </Author>
    </Authors>
    <name>Book1</name>
  </book>
  <book year="2014" isbn="ISBN83763550019---11">
    <Authors>
      <Author>
        <Name>Fred</Name>
        <Email>fweasley@hogwarts.co.uk</Email>
      </Author>
      <Author>
        <Name>George</Name>
        <Email>gweasley@hogwarts.co.uk</Email>
      </Author>
    </Authors>
    <name>Book2</name>
  </book>
  <book year="2014" isbn="ISBN83763550019---11">
    <Authors>
      <Author>
        <Name>Fred</Name>
        <Email>fweasley@hogwarts.co.uk</Email>
      </Author>
      <Author>
        <Name>George</Name>
        <Email>gweasley@hogwarts.co.uk</Email>
      </Author>
    </Authors>
    <name>Book1</name>
  </book>
  <book year="2014" isbn="ISBN83763550019---11">
    <Authors>
      <Author>
        <Name>Fred</Name>
        <Email>fweasley@hogwarts.co.uk</Email>
      </Author>
      <Author>
        <Name>George</Name>
        <Email>gweasley@hogwarts.co.uk</Email>
      </Author>
    </Authors>
    <name>Book2</name>
  </book>
  <book year="2014" isbn="ISBN83763550019---11">
    <Authors>
      <Author>
        <Name>Fred</Name>
        <Email>fweasley@hogwarts.co.uk</Email>
      </Author>
      <Author>
        <Name>George</Name>
        <Email>gweasley@hogwarts.co.uk</Email>
      </Author>
    </Authors>
    <name>Book1</name>
  </book>
  <book year="2014" isbn="ISBN83763550019---11">
    <Authors>
      <Author>
        <Name>Fred</Name>
        <Email>fweasley@hogwarts.co.uk</Email>
      </Author>
      <Author>
        <Name>George</Name>
        <Email>gweasley@hogwarts.co.uk</Email>
      </Author>
    </Authors>
    <name>Book2</name>
  </book>
  <book year="2014" isbn="ISBN83763550019---11">
    <Authors>
      <Author>
        <Name>Fred</Name>
        <Email>fweasley@hogwarts.co.uk</Email>
      </Author>
      <Author>
        <Name>George</Name>
        <Email>gweasley@hogwarts.co.uk</Email>
      </Author>
    </Authors>
    <name>Book1</name>
  </book>
  <book year="2014" isbn="ISBN83763550019---11">
    <Authors>
      <Author>
        <Name>Fred</Name>
        <Email>fweasley@hogwarts.co.uk</Email>
      </Author>
      <Author>
        <Name>George</Name>
        <Email>gweasley@hogwarts.co.uk</Email>
      </Author>
    </Authors>
    <name>Book2</name>
  </book>
  <book year="2014" isbn="ISBN83763550019---11">
    <Authors>
      <Author>
        <Name>Fred</Name>
        <Email>fweasley@hogwarts.co.uk</Email>
      </Author>
      <Author>
        <Name>George</Name>
        <Email>gweasley@hogwarts.co.uk</Email>
      </Author>
    </Authors>
    <name>Book1</name>
  </book>
  <book year="2014" isbn="ISBN83763550019---11">
    <Authors>
      <Author>
        <Name>Fred</Name>
        <Email>fweasley@hogwarts.co.uk</Email>
      </Author>
      <Author>
        <Name>George</Name>
        <Email>gweasley@hogwarts.co.uk</Email>
      </Author>
    </Authors>
    <name>Book2</name>
  </book>
  <book year="2014" isbn="ISBN83763550019---11">
    <Authors>
      <Author>
        <Name>Fred</Name>
        <Email>fweasley@hogwarts.co.uk</Email>
      </Author>
      <Author>
        <Name>George</Name>
        <Email>gweasley@hogwarts.co.uk</Email>
      </Author>
    </Authors>
    <name>Book1</name>
  </book>
  <book year="2014" isbn="ISBN83763550019---11">
    <Authors>
      <Author>
        <Name>Fred</Name>
        <Email>fweasley@hogwarts.co.uk</Email>
      </Author>
      <Author>
        <Name>George</Name>
        <Email>gweasley@hogwarts.co.uk</Email>
      </Author>
    </Authors>
    <name>Book2</name>
  </book>
  <book year="2014" isbn="ISBN83763550019---11">
    <Authors>
      <Author>
        <Name>Fred</Name>
        <Email>fweasley@hogwarts.co.uk</Email>
      </Author>
      <Author>
        <Name>George</Name>
        <Email>gweasley@hogwarts.co.uk</Email>
      </Author>
    </Authors>
    <name>Book1</name>
  </book>
  <book year="2014" isbn="ISBN83763550019---11">
    <Authors>
      <Author>
        <Name>Fred</Name>
        <Email>fweasley@hogwarts.co.uk</Email>
      </Author>
      <Author>
        <Name>George</Name>
        <Email>gweasley@hogwarts.co.uk</Email>
      </Author>
    </Authors>
    <name>Book2</name>
  </book>
  <book year="2014" isbn="ISBN83763550019---11">
    <Authors>
      <Author>
        <Name>Fred</Name>
        <Email>fweasley@hogwarts.co.uk</Email>
      </Author>
      <Author>
        <Name>George</Name>
        <Email>gweasley@hogwarts.co.uk</Email>
      </Author>
    </Authors>
    <name>Book1</name>
  </book>
  <book year="2014" isbn="ISBN83763550019---11">
    <Authors>
      <Author>
        <Name>Fred</Name>
        <Email>fweasley@hogwarts.co.uk</Email>
      </Author>
      <Author>
        <Name>George</Name>
        <Email>gweasley@hogwarts.co.uk</Email>
      </Author>
    </Authors>
    <name>Book2</name>
  </book>
  <book year="2014" isbn="ISBN83763550019---11">
    <Authors>
      <Author>
        <Name>Fred</Name>
        <Email>fweasley@hogwarts.co.uk</Email>
      </Author>
      <Author>
        <Name>George</Name>
        <Email>gweasley@hogwarts.co.uk</Email>
      </Author>
    </Authors>
    <name>Book1</name>
  </book>
  <book year="2014" isbn="ISBN83763550019---11">
    <Authors>
      <Author>
        <Name>Fred</Name>
        <Email>fweasley@hogwarts.co.uk</Email>
      </Author>
      <Author>
        <Name>George</Name>
        <Email>gweasley@hogwarts.co.uk</Email>
      </Author>
    </Authors>
    <name>Book2</name>
  </book>
  <book year="2014" isbn="ISBN83763550019---11">
    <Authors>
      <Author>
        <Name>Fred</Name>
        <Email>fweasley@hogwarts.co.uk</Email>
      </Author>
      <Author>
        <Name>George</Name>
        <Email>gweasley@hogwarts.co.uk</Email>
      </Author>
    </Authors>
    <name>Book1</name>
  </book>
  <book year="2014" isbn="ISBN83763550019---11">
    <Authors>
      <Author>
        <Name>Fred</Name>
        <Email>fweasley@hogwarts.co.uk</Email>
      </Author>
      <Author>
        <Name>George</Name>
        <Email>gweasley@hogwarts.co.uk</Email>
      </Author>
    </Authors>
    <name>Book2</name>
  </book>
  <book year="2014" isbn="ISBN83763550019---11">
    <Authors>
      <Author>
        <Name>Fred</Name>
        <Email>fweasley@hogwarts.co.uk</Email>
      </Author>
      <Author>
        <Name>George</Name>
        <Email>gweasley@hogwarts.co.uk</Email>
      </Author>
    </Authors>
    <name>Book1</name>
  </book>
  <book year="2014" isbn="ISBN83763550019---11">
    <Authors>
      <Author>
        <Name>Fred</Name>
        <Email>fweasley@hogwarts.co.uk</Email>
      </Author>
      <Author>
        <Name>George</Name>
        <Email>gweasley@hogwarts.co.uk</Email>
      </Author>
    </Authors>
    <name>Book2</name>
  </book>
  <book year="2014" isbn="ISBN83763550019---11">
    <Authors>
      <Author>
        <Name>Fred</Name>
        <Email>fweasley@hogwarts.co.uk</Email>
      </Author>
      <Author>
        <Name>George</Name>
        <Email>gweasley@hogwarts.co.uk</Email>
      </Author>
    </Authors>
    <name>Book1</name>
  </book>
  <book year="2014" isbn="ISBN83763550019---11">
    <Authors>
      <Author>
        <Name>Fred</Name>
        <Email>fweasley@hogwarts.co.uk</Email>
      </Author>
      <Author>
        <Name>George</Name>
        <Email>gweasley@hogwarts.co.uk</Email>
      </Author>
    </Authors>
    <name>Book2</name>
  </book>
  <book year="2014" isbn="ISBN83763550019---11">
    <Authors>
      <Author>
        <Name>Fred</Name>
        <Email>fweasley@hogwarts.co.uk</Email>
      </Author>
      <Author>
        <Name>George</Name>
        <Email>gweasley@hogwarts.co.uk</Email>
      </Author>
    </Authors>
    <name>Book1</name>
  </book>
  <book year="2014" isbn="ISBN83763550019---11">
    <Authors>
      <Author>
        <Name>Fred</Name>
        <Email>fweasley@hogwarts.co.uk</Email>
      </Author>
      <Author>
        <Name>George</Name>
        <Email>gweasley@hogwarts.co.uk</Email>
      </Author>
    </Authors>
    <name>Book2</name>
  </book>
  <book year="2014" isbn="ISBN83763550019---11">
    <Authors>
      <Author>
        <Name>Fred</Name>
        <Email>fweasley@hogwarts.co.uk</Email>
      </Author>
      <Author>
        <Name>George</Name>
        <Email>gweasley@hogwarts.co.uk</Email>
      </Author>
    </Authors>
    <name>Book1</name>
  </book>
  <book year="2014" isbn="ISBN83763550019---11">
    <Authors>
      <Author>
        <Name>Fred</Name>
        <Email>fweasley@hogwarts.co.uk</Email>
      </Author>
      <Author>
        <Name>George</Name>
        <Email>gweasley@hogwarts.co.uk</Email>
      </Author>
    </Authors>
    <name>Book2</name>
  </book>
  <book year="2014" isbn="ISBN83763550019---11">
    <Authors>
      <Author>
        <Name>Fred</Name>
        <Email>fweasley@hogwarts.co.uk</Email>
      </Author>
      <Author>
        <Name>George</Name>
        <Email>gweasley@hogwarts.co.uk</Email>
      </Author>
    </Authors>
    <name>Book1</name>
  </book>
  <book year="2014" isbn="ISBN83763550019---11">
    <Authors>
      <Author>
        <Name>Fred</Name>
        <Email>fweasley@hogwarts.co.uk</Email>
      </Author>
      <Author>
        <Name>George</Name>
        <Email>gweasley@hogwarts.co.uk</Email>
      </Author>
    </Authors>
    <name>Book2</name>
  </book>
  <book year="2014" isbn="ISBN83763550019---11">
    <Authors>
      <Author>
        <Name>Fred</Name>
        <Email>fweasley@hogwarts.co.uk</Email>
      </Author>
      <Author>
        <Name>George</Name>
        <Email>gweasley@hogwarts.co.uk</Email>
      </Author>
    </Authors>
    <name>Book1</name>
  </book>
  <book year="2014" isbn="ISBN83763550019---11">
    <Authors>
      <Author>
        <Name>Fred</Name>
        <Email>fweasley@hogwarts.co.uk</Email>
      </Author>
      <Author>
        <Name>George</Name>
        <Email>gweasley@hogwarts.co.uk</Email>
      </Author>
    </Authors>
    <name>Book2</name>
  </book>
  <book year="2014" isbn="ISBN83763550019---11">
    <Authors>
      <Author>
        <Name>Fred</Name>
        <Email>fweasley@hogwarts.co.uk</Email>
      </Author>
      <Author>
        <Name>George</Name>
        <Email>gweasley@hogwarts.co.uk</Email>
      </Author>
    </Authors>
    <name>Book1</name>
  </book>
  <book year="2014" isbn="ISBN83763550019---11">
    <Authors>
      <Author>
        <Name>Fred</Name>
        <Email>fweasley@hogwarts.co.uk</Email>
      </Author>
      <Author>
        <Name>George</Name>
        <Email>gweasley@hogwarts.co.uk</Email>
      </Author>
    </Authors>
    <name>Book2</name>
  </book>
  <book year="2014" isbn="ISBN83763550019---11">
    <Authors>
      <Author>
        <Name>Fred</Name>
        <Email>fweasley@hogwarts.co.uk</Email>
      </Author>
      <Author>
        <Name>George</Name>
        <Email>gweasley@hogwarts.co.uk</Email>
      </Author>
    </Authors>
    <name>Book1</name>
  </book>
  <book year="2014" isbn="ISBN83763550019---11">
    <Authors>
      <Author>
        <Name>Fred</Name>
        <Email>fweasley@hogwarts.co.uk</Email>
      </Author>
      <Author>
        <Name>George</Name>
        <Email>gweasley@hogwarts.co.uk</Email>
      </Author>
    </Authors>
    <name>Book2</name>
  </book>
  <book year="2014" isbn="ISBN83763550019---11">
    <Authors>
      <Author>
        <Name>Fred</Name>
        <Email>fweasley@hogwarts.co.uk</Email>
      </Author>
      <Author>
        <Name>George</Name>
        <Email>gweasley@hogwarts.co.uk</Email>
      </Author>
    </Authors>
    <name>Book1</name>
  </book>
  <book year="2014" isbn="ISBN83763550019---11">
    <Authors>
      <Author>
        <Name>Fred</Name>
        <Email>fweasley@hogwarts.co.uk</Email>
      </Author>
      <Author>
        <Name>George</Name>
        <Email>gweasley@hogwarts.co.uk</Email>
      </Author>
    </Authors>
    <name>Book2</name>
  </book>
  <book year="2014" isbn="ISBN83763550019---11">
    <Authors>
      <Author>
        <Name>Fred</Name>
        <Email>fweasley@hogwarts.co.uk</Email>
      </Author>
      <Author>
        <Name>George</Name>
        <Email>gweasley@hogwarts.co.uk</Email>
      </Author>
    </Authors>
    <name>Book1</name>
  </book>
  <book year="2014" isbn="ISBN83763550019---11">
    <Authors>
      <Author>
        <Name>Fred</Name>
        <Email>fweasley@hogwarts.co.uk</Email>
      </Author>
      <Author>
        <Name>George</Name>
        <Email>gweasley@hogwarts.co.uk</Email>
      </Author>
    </Authors>
    <name>Book2</name>
  </book>
  <book year="2014" isbn="ISBN83763550019---11">
    <Authors>
      <Author>
        <Name>Fred</Name>
        <Email>fweasley@hogwarts.co.uk</Email>
      </Author>
      <Author>
        <Name>George</Name>
        <Email>gweasley@hogwarts.co.uk</Email>
      </Author>
    </Authors>
    <name>Book1</name>
  </book>
  <book year="2014" isbn="ISBN83763550019---11">
    <Authors>
      <Author>
        <Name>Fred</Name>
        <Email>fweasley@hogwarts.co.uk</Email>
      </Author>
      <Author>
        <Name>George</Name>
        <Email>gweasley@hogwarts.co.uk</Email>
      </Author>
    </Authors>
    <name>Book2</name>
  </book>
  <book year="2014" isbn="ISBN83763550019---11">
    <Authors>
      <Author>
        <Name>Fred</Name>
        <Email>fweasley@hogwarts.co.uk</Email>
      </Author>
      <Author>
        <Name>George</Name>
        <Email>gweasley@hogwarts.co.uk</Email>
      </Author>
    </Authors>
    <name>Book1</name>
  </book>
  <book year="2014" isbn="ISBN83763550019---11">
    <Authors>
      <Author>
        <Name>Fred</Name>
        <Email>fweasley@hogwarts.co.uk</Email>
      </Author>
      <Author>
        <Name>George</Name>
        <Email>gweasley@hogwarts.co.uk</Email>
      </Author>
    </Authors>
    <name>Book2</name>
  </book>
  <book year="2014" isbn="ISBN83763550019---11">
    <Authors>
      <Author>
        <Name>Fred</Name>
        <Email>fweasley@hogwarts.co.uk</Email>
      </Author>
      <Author>
        <Name>George</Name>
        <Email>gweasley@hogwarts.co.uk</Email>
      </Author>
    </Authors>
    <name>Book1</name>
  </book>
  <book year="2014" isbn="ISBN83763550019---11">
    <Authors>
      <Author>
        <Name>Fred</Name>
        <Email>fweasley@hogwarts.co.uk</Email>
      </Author>
      <Author>
        <Name>George</Name>
        <Email>gweasley@hogwarts.co.uk</Email>
      </Author>
    </Authors>
    <name>Book2</name>
  </book>
  <book year="2014" isbn="ISBN83763550019---11">
    <Authors>
      <Author>
        <Name>Fred</Name>
        <Email>fweasley@hogwarts.co.uk</Email>
      </Author>
      <Author>
        <Name>George</Name>
        <Email>gweasley@hogwarts.co.uk</Email>
      </Author>
    </Authors>
    <name>Book1</name>
  </book>
  <book year="2014" isbn="ISBN83763550019---11">
    <Authors>
      <Author>
        <Name>Fred</Name>
        <Email>fweasley@hogwarts.co.uk</Email>
      </Author>
      <Author>
        <Name>George</Name>
        <Email>gweasley@hogwarts.co.uk</Email>
      </Author>
    </Authors>
    <name>Book2</name>
  </book>
  <book year="2014" isbn="ISBN83763550019---11">
    <Authors>
      <Author>
        <Name>Fred</Name>
        <Email>fweasley@hogwarts.co.uk</Email>
      </Author>
      <Author>
        <Name>George</Name>
        <Email>gweasley@hogwarts.co.uk</Email>
      </Author>
    </Authors>
    <name>Book1</name>
  </book>
  <book year="2014" isbn="ISBN83763550019---11">
    <Authors>
      <Author>
        <Name>Fred</Name>
        <Email>fweasley@hogwarts.co.uk</Email>
      </Author>
      <Author>
        <Name>George</Name>
        <Email>gweasley@hogwarts.co.uk</Email>
      </Author>
    </Authors>
    <name>Book2</name>
  </book>
  <book year="2014" isbn="ISBN83763550019---11">
    <Authors>
      <Author>
        <Name>Fred</Name>
        <Email>fweasley@hogwarts.co.uk</Email>
      </Author>
      <Author>
        <Name>George</Name>
        <Email>gweasley@hogwarts.co.uk</Email>
      </Author>
    </Authors>
    <name>Book1</name>
  </book>
  <book year="2014" isbn="ISBN83763550019---11">
    <Authors>
      <Author>
        <Name>Fred</Name>
        <Email>fweasley@hogwarts.co.uk</Email>
      </Author>
      <Author>
        <Name>George</Name>
        <Email>gweasley@hogwarts.co.uk</Email>
      </Author>
    </Authors>
    <name>Book2</name>
  </book>
  <book year="2014" isbn="ISBN83763550019---11">
    <Authors>
      <Author>
        <Name>Fred</Name>
        <Email>fweasley@hogwarts.co.uk</Email>
      </Author>
      <Author>
        <Name>George</Name>
        <Email>gweasley@hogwarts.co.uk</Email>
      </Author>
    </Authors>
    <name>Book1</name>
  </book>
  <book year="2014" isbn="ISBN83763550019---11">
    <Authors>
      <Author>
        <Name>Fred</Name>
        <Email>fweasley@hogwarts.co.uk</Email>
      </Author>
      <Author>
        <Name>George</Name>
        <Email>gweasley@hogwarts.co.uk</Email>
      </Author>
    </Authors>
    <name>Book2</name>
  </book>
  <book year="2014" isbn="ISBN83763550019---11">
    <Authors>
      <Author>
        <Name>Fred</Name>
        <Email>fweasley@hogwarts.co.uk</Email>
      </Author>
      <Author>
        <Name>George</Name>
        <Email>gweasley@hogwarts.co.uk</Email>
      </Author>
    </Authors>
    <name>Book1</name>
  </book>
  <book year="2014" isbn="ISBN83763550019---11">
    <Authors>
      <Author>
        <Name>Fred</Name>
        <Email>fweasley@hogwarts.co.uk</Email>
      </Author>
      <Author>
        <Name>George</Name>
        <Email>gweasley@hogwarts.co.uk</Email>
      </Author>
    </Authors>
    <name>Book2</name>
  </book>
  <book year="2014" isbn="ISBN83763550019---11">
    <Authors>
      <Author>
        <Name>Fred</Name>
        <Email>fweasley@hogwarts.co.uk</Email>
      </Author>
      <Author>
        <Name>George</Name>
        <Email>gweasley@hogwarts.co.uk</Email>
      </Author>
    </Authors>
    <name>Book1</name>
  </book>
  <book year="2014" isbn="ISBN83763550019---11">
    <Authors>
      <Author>
        <Name>Fred</Name>
        <Email>fweasley@hogwarts.co.uk</Email>
      </Author>
      <Author>
        <Name>George</Name>
        <Email>gweasley@hogwarts.co.uk</Email>
      </Author>
    </Authors>
    <name>Book2</name>
  </book>
  <book year="2014" isbn="ISBN83763550019---11">
    <Authors>
      <Author>
        <Name>Fred</Name>
        <Email>fweasley@hogwarts.co.uk</Email>
      </Author>
      <Author>
        <Name>George</Name>
        <Email>gweasley@hogwarts.co.uk</Email>
      </Author>
    </Authors>
    <name>Book1</name>
  </book>
  <book year="2014" isbn="ISBN83763550019---11">
    <Authors>
      <Author>
        <Name>Fred</Name>
        <Email>fweasley@hogwarts.co.uk</Email>
      </Author>
      <Author>
        <Name>George</Name>
        <Email>gweasley@hogwarts.co.uk</Email>
      </Author>
    </Authors>
    <name>Book2</name>
  </book>
  <book year="2014" isbn="ISBN83763550019---11">
    <Authors>
      <Author>
        <Name>Fred</Name>
        <Email>fweasley@hogwarts.co.uk</Email>
      </Author>
      <Author>
        <Name>George</Name>
        <Email>gweasley@hogwarts.co.uk</Email>
      </Author>
    </Authors>
    <name>Book1</name>
  </book>
  <book year="2014" isbn="ISBN83763550019---11">
    <Authors>
      <Author>
        <Name>Fred</Name>
        <Email>fweasley@hogwarts.co.uk</Email>
      </Author>
      <Author>
        <Name>George</Name>
        <Email>gweasley@hogwarts.co.uk</Email>
      </Author>
    </Authors>
    <name>Book2</name>
  </book>
  <book year="2014" isbn="ISBN83763550019---11">
    <Authors>
      <Author>
        <Name>Fred</Name>
        <Email>fweasley@hogwarts.co.uk</Email>
      </Author>
      <Author>
        <Name>George</Name>
        <Email>gweasley@hogwarts.co.uk</Email>
      </Author>
    </Authors>
    <name>Book1</name>
  </book>
  <book year="2014" isbn="ISBN83763550019---11">
    <Authors>
      <Author>
        <Name>Fred</Name>
        <Email>fweasley@hogwarts.co.uk</Email>
      </Author>
      <Author>
        <Name>George</Name>
        <Email>gweasley@hogwarts.co.uk</Email>
      </Author>
    </Authors>
    <name>Book2</name>
  </book>
  <book year="2014" isbn="ISBN83763550019---11">
    <Authors>
      <Author>
        <Name>Fred</Name>
        <Email>fweasley@hogwarts.co.uk</Email>
      </Author>
      <Author>
        <Name>George</Name>
        <Email>gweasley@hogwarts.co.uk</Email>
      </Author>
    </Authors>
    <name>Book1</name>
  </book>
  <book year="2014" isbn="ISBN83763550019---11">
    <Authors>
      <Author>
        <Name>Fred</Name>
        <Email>fweasley@hogwarts.co.uk</Email>
      </Author>
      <Author>
        <Name>George</Name>
        <Email>gweasley@hogwarts.co.uk</Email>
      </Author>
    </Authors>
    <name>Book2</name>
  </book>
  <book year="2014" isbn="ISBN83763550019---11">
    <Authors>
      <Author>
        <Name>Fred</Name>
        <Email>fweasley@hogwarts.co.uk</Email>
      </Author>
      <Author>
        <Name>George</Name>
        <Email>gweasley@hogwarts.co.uk</Email>
      </Author>
    </Authors>
    <name>Book1</name>
  </book>
  <book year="2014" isbn="ISBN83763550019---11">
    <Authors>
      <Author>
        <Name>Fred</Name>
        <Email>fweasley@hogwarts.co.uk</Email>
      </Author>
      <Author>
        <Name>George</Name>
        <Email>gweasley@hogwarts.co.uk</Email>
      </Author>
    </Authors>
    <name>Book2</name>
  </book>
  <book year="2014" isbn="ISBN83763550019---11">
    <Authors>
      <Author>
        <Name>Fred</Name>
        <Email>fweasley@hogwarts.co.uk</Email>
      </Author>
      <Author>
        <Name>George</Name>
        <Email>gweasley@hogwarts.co.uk</Email>
      </Author>
    </Authors>
    <name>Book1</name>
  </book>
  <book year="2014" isbn="ISBN83763550019---11">
    <Authors>
      <Author>
        <Name>Fred</Name>
        <Email>fweasley@hogwarts.co.uk</Email>
      </Author>
      <Author>
        <Name>George</Name>
        <Email>gweasley@hogwarts.co.uk</Email>
      </Author>
    </Authors>
    <name>Book2</name>
  </book>
  <book year="2014" isbn="ISBN83763550019---11">
    <Authors>
      <Author>
        <Name>Fred</Name>
        <Email>fweasley@hogwarts.co.uk</Email>
      </Author>
      <Author>
        <Name>George</Name>
        <Email>gweasley@hogwarts.co.uk</Email>
      </Author>
    </Authors>
    <name>Book1</name>
  </book>
  <book year="2014" isbn="ISBN83763550019---11">
    <Authors>
      <Author>
        <Name>Fred</Name>
        <Email>fweasley@hogwarts.co.uk</Email>
      </Author>
      <Author>
        <Name>George</Name>
        <Email>gweasley@hogwarts.co.uk</Email>
      </Author>
    </Authors>
    <name>Book2</name>
  </book>
  <book year="2014" isbn="ISBN83763550019---11">
    <Authors>
      <Author>
        <Name>Fred</Name>
        <Email>fweasley@hogwarts.co.uk</Email>
      </Author>
      <Author>
        <Name>George</Name>
        <Email>gweasley@hogwarts.co.uk</Email>
      </Author>
    </Authors>
    <name>Book1</name>
  </book>
  <book year="2014" isbn="ISBN83763550019---11">
    <Authors>
      <Author>
        <Name>Fred</Name>
        <Email>fweasley@hogwarts.co.uk</Email>
      </Author>
      <Author>
        <Name>George</Name>
        <Email>gweasley@hogwarts.co.uk</Email>
      </Author>
    </Authors>
    <name>Book2</name>
  </book>
  <book year="2014" isbn="ISBN83763550019---11">
    <Authors>
      <Author>
        <Name>Fred</Name>
        <Email>fweasley@hogwarts.co.uk</Email>
      </Author>
      <Author>
        <Name>George</Name>
        <Email>gweasley@hogwarts.co.uk</Email>
      </Author>
    </Authors>
    <name>Book1</name>
  </book>
  <book year="2014" isbn="ISBN83763550019---11">
    <Authors>
      <Author>
        <Name>Fred</Name>
        <Email>fweasley@hogwarts.co.uk</Email>
      </Author>
      <Author>
        <Name>George</Name>
        <Email>gweasley@hogwarts.co.uk</Email>
      </Author>
    </Authors>
    <name>Book2</name>
  </book>
  <book year="2014" isbn="ISBN83763550019---11">
    <Authors>
      <Author>
        <Name>Fred</Name>
        <Email>fweasley@hogwarts.co.uk</Email>
      </Author>
      <Author>
        <Name>George</Name>
        <Email>gweasley@hogwarts.co.uk</Email>
      </Author>
    </Authors>
    <name>Book1</name>
  </book>
  <book year="2014" isbn="ISBN83763550019---11">
    <Authors>
      <Author>
        <Name>Fred</Name>
        <Email>fweasley@hogwarts.co.uk</Email>
      </Author>
      <Author>
        <Name>George</Name>
        <Email>gweasley@hogwarts.co.uk</Email>
      </Author>
    </Authors>
    <name>Book2</name>
  </book>
  <book year="2014" isbn="ISBN83763550019---11">
    <Authors>
      <Author>
        <Name>Fred</Name>
        <Email>fweasley@hogwarts.co.uk</Email>
      </Author>
      <Author>
        <Name>George</Name>
        <Email>gweasley@hogwarts.co.uk</Email>
      </Author>
    </Authors>
    <name>Book1</name>
  </book>
  <book year="2014" isbn="ISBN83763550019---11">
    <Authors>
      <Author>
        <Name>Fred</Name>
        <Email>fweasley@hogwarts.co.uk</Email>
      </Author>
      <Author>
        <Name>George</Name>
        <Email>gweasley@hogwarts.co.uk</Email>
      </Author>
    </Authors>
    <name>Book2</name>
  </book>
  <book year="2014" isbn="ISBN83763550019---11">
    <Authors>
      <Author>
        <Name>Fred</Name>
        <Email>fweasley@hogwarts.co.uk</Email>
      </Author>
      <Author>
        <Name>George</Name>
        <Email>gweasley@hogwarts.co.uk</Email>
      </Author>
    </Authors>
    <name>Book1</name>
  </book>
  <book year="2014" isbn="ISBN83763550019---11">
    <Authors>
      <Author>
        <Name>Fred</Name>
        <Email>fweasley@hogwarts.co.uk</Email>
      </Author>
      <Author>
        <Name>George</Name>
        <Email>gweasley@hogwarts.co.uk</Email>
      </Author>
    </Authors>
    <name>Book2</name>
  </book>
  <book year="2014" isbn="ISBN83763550019---11">
    <Authors>
      <Author>
        <Name>Fred</Name>
        <Email>fweasley@hogwarts.co.uk</Email>
      </Author>
      <Author>
        <Name>George</Name>
        <Email>gweasley@hogwarts.co.uk</Email>
      </Author>
    </Authors>
    <name>Book1</name>
  </book>
  <book year="2014" isbn="ISBN83763550019---11">
    <Authors>
      <Author>
        <Name>Fred</Name>
        <Email>fweasley@hogwarts.co.uk</Email>
      </Author>
      <Author>
        <Name>George</Name>
        <Email>gweasley@hogwarts.co.uk</Email>
      </Author>
    </Authors>
    <name>Book2</name>
  </book>
  <book year="2014" isbn="ISBN83763550019---11">
    <Authors>
      <Author>
        <Name>Fred</Name>
        <Email>fweasley@hogwarts.co.uk</Email>
      </Author>
      <Author>
        <Name>George</Name>
        <Email>gweasley@hogwarts.co.uk</Email>
      </Author>
    </Authors>
    <name>Book1</name>
  </book>
  <book year="2014" isbn="ISBN83763550019---11">
    <Authors>
      <Author>
        <Name>Fred</Name>
        <Email>fweasley@hogwarts.co.uk</Email>
      </Author>
      <Author>
        <Name>George</Name>
        <Email>gweasley@hogwarts.co.uk</Email>
      </Author>
    </Authors>
    <name>Book2</name>
  </book>
  <book year="2014" isbn="ISBN83763550019---11">
    <Authors>
      <Author>
        <Name>Fred</Name>
        <Email>fweasley@hogwarts.co.uk</Email>
      </Author>
      <Author>
        <Name>George</Name>
        <Email>gweasley@hogwarts.co.uk</Email>
      </Author>
    </Authors>
    <name>Book1</name>
  </book>
  <book year="2014" isbn="ISBN83763550019---11">
    <Authors>
      <Author>
        <Name>Fred</Name>
        <Email>fweasley@hogwarts.co.uk</Email>
      </Author>
      <Author>
        <Name>George</Name>
        <Email>gweasley@hogwarts.co.uk</Email>
      </Author>
    </Authors>
    <name>Book2</name>
  </book>
  <book year="2014" isbn="ISBN83763550019---11">
    <Authors>
      <Author>
        <Name>Fred</Name>
        <Email>fweasley@hogwarts.co.uk</Email>
      </Author>
      <Author>
        <Name>George</Name>
        <Email>gweasley@hogwarts.co.uk</Email>
      </Author>
    </Authors>
    <name>Book1</name>
  </book>
  <book year="2014" isbn="ISBN83763550019---11">
    <Authors>
      <Author>
        <Name>Fred</Name>
        <Email>fweasley@hogwarts.co.uk</Email>
      </Author>
      <Author>
        <Name>George</Name>
        <Email>gweasley@hogwarts.co.uk</Email>
      </Author>
    </Authors>
    <name>Book2</name>
  </book>
  <book year="2014" isbn="ISBN83763550019---11">
    <Authors>
      <Author>
        <Name>Fred</Name>
        <Email>fweasley@hogwarts.co.uk</Email>
      </Author>
      <Author>
        <Name>George</Name>
        <Email>gweasley@hogwarts.co.uk</Email>
      </Author>
    </Authors>
    <name>Book1</name>
  </book>
  <book year="2014" isbn="ISBN83763550019---11">
    <Authors>
      <Author>
        <Name>Fred</Name>
        <Email>fweasley@hogwarts.co.uk</Email>
      </Author>
      <Author>
        <Name>George</Name>
        <Email>gweasley@hogwarts.co.uk</Email>
      </Author>
    </Authors>
    <name>Book2</name>
  </book>
  <book year="2014" isbn="ISBN83763550019---11">
    <Authors>
      <Author>
        <Name>Fred</Name>
        <Email>fweasley@hogwarts.co.uk</Email>
      </Author>
      <Author>
        <Name>George</Name>
        <Email>gweasley@hogwarts.co.uk</Email>
      </Author>
    </Authors>
    <name>Book1</name>
  </book>
  <book year="2014" isbn="ISBN83763550019---11">
    <Authors>
      <Author>
        <Name>Fred</Name>
        <Email>fweasley@hogwarts.co.uk</Email>
      </Author>
      <Author>
        <Name>George</Name>
        <Email>gweasley@hogwarts.co.uk</Email>
      </Author>
    </Authors>
    <name>Book2</name>
  </book>
  <book year="2014" isbn="ISBN83763550019---11">
    <Authors>
      <Author>
        <Name>Fred</Name>
        <Email>fweasley@hogwarts.co.uk</Email>
      </Author>
      <Author>
        <Name>George</Name>
        <Email>gweasley@hogwarts.co.uk</Email>
      </Author>
    </Authors>
    <name>Book1</name>
  </book>
  <book year="2014" isbn="ISBN83763550019---11">
    <Authors>
      <Author>
        <Name>Fred</Name>
        <Email>fweasley@hogwarts.co.uk</Email>
      </Author>
      <Author>
        <Name>George</Name>
        <Email>gweasley@hogwarts.co.uk</Email>
      </Author>
    </Authors>
    <name>Book2</name>
  </book>
  <book year="2014" isbn="ISBN83763550019---11">
    <Authors>
      <Author>
        <Name>Fred</Name>
        <Email>fweasley@hogwarts.co.uk</Email>
      </Author>
      <Author>
        <Name>George</Name>
        <Email>gweasley@hogwarts.co.uk</Email>
      </Author>
    </Authors>
    <name>Book1</name>
  </book>
  <book year="2014" isbn="ISBN83763550019---11">
    <Authors>
      <Author>
        <Name>Fred</Name>
        <Email>fweasley@hogwarts.co.uk</Email>
      </Author>
      <Author>
        <Name>George</Name>
        <Email>gweasley@hogwarts.co.uk</Email>
      </Author>
    </Authors>
    <name>Book2</name>
  </book>
  <book year="2014" isbn="ISBN83763550019---11">
    <Authors>
      <Author>
        <Name>Fred</Name>
        <Email>fweasley@hogwarts.co.uk</Email>
      </Author>
      <Author>
        <Name>George</Name>
        <Email>gweasley@hogwarts.co.uk</Email>
      </Author>
    </Authors>
    <name>Book1</name>
  </book>
  <book year="2014" isbn="ISBN83763550019---11">
    <Authors>
      <Author>
        <Name>Fred</Name>
        <Email>fweasley@hogwarts.co.uk</Email>
      </Author>
      <Author>
        <Name>George</Name>
        <Email>gweasley@hogwarts.co.uk</Email>
      </Author>
    </Authors>
    <name>Book2</name>
  </book>
  <book year="2014" isbn="ISBN83763550019---11">
    <Authors>
      <Author>
        <Name>Fred</Name>
        <Email>fweasley@hogwarts.co.uk</Email>
      </Author>
      <Author>
        <Name>George</Name>
        <Email>gweasley@hogwarts.co.uk</Email>
      </Author>
    </Authors>
    <name>Book1</name>
  </book>
  <book year="2014" isbn="ISBN83763550019---11">
    <Authors>
      <Author>
        <Name>Fred</Name>
        <Email>fweasley@hogwarts.co.uk</Email>
      </Author>
      <Author>
        <Name>George</Name>
        <Email>gweasley@hogwarts.co.uk</Email>
      </Author>
    </Authors>
    <name>Book2</name>
  </book>
  <book year="2014" isbn="ISBN83763550019---11">
    <Authors>
      <Author>
        <Name>Fred</Name>
        <Email>fweasley@hogwarts.co.uk</Email>
      </Author>
      <Author>
        <Name>George</Name>
        <Email>gweasley@hogwarts.co.uk</Email>
      </Author>
    </Authors>
    <name>Book1</name>
  </book>
  <book year="2014" isbn="ISBN83763550019---11">
    <Authors>
      <Author>
        <Name>Fred</Name>
        <Email>fweasley@hogwarts.co.uk</Email>
      </Author>
      <Author>
        <Name>George</Name>
        <Email>gweasley@hogwarts.co.uk</Email>
      </Author>
    </Authors>
    <name>Book2</name>
  </book>
  <book year="2014" isbn="ISBN83763550019---11">
    <Authors>
      <Author>
        <Name>Fred</Name>
        <Email>fweasley@hogwarts.co.uk</Email>
      </Author>
      <Author>
        <Name>George</Name>
        <Email>gweasley@hogwarts.co.uk</Email>
      </Author>
    </Authors>
    <name>Book1</name>
  </book>
  <book year="2014" isbn="ISBN83763550019---11">
    <Authors>
      <Author>
        <Name>Fred</Name>
        <Email>fweasley@hogwarts.co.uk</Email>
      </Author>
      <Author>
        <Name>George</Name>
        <Email>gweasley@hogwarts.co.uk</Email>
      </Author>
    </Authors>
    <name>Book2</name>
  </book>
  <book year="2014" isbn="ISBN83763550019---11">
    <Authors>
      <Author>
        <Name>Fred</Name>
        <Email>fweasley@hogwarts.co.uk</Email>
      </Author>
      <Author>
        <Name>George</Name>
        <Email>gweasley@hogwarts.co.uk</Email>
      </Author>
    </Authors>
    <name>Book1</name>
  </book>
  <book year="2014" isbn="ISBN83763550019---11">
    <Authors>
      <Author>
        <Name>Fred</Name>
        <Email>fweasley@hogwarts.co.uk</Email>
      </Author>
      <Author>
        <Name>George</Name>
        <Email>gweasley@hogwarts.co.uk</Email>
      </Author>
    </Authors>
    <name>Book2</name>
  </book>
  <book year="2014" isbn="ISBN83763550019---11">
    <Authors>
      <Author>
        <Name>Fred</Name>
        <Email>fweasley@hogwarts.co.uk</Email>
      </Author>
      <Author>
        <Name>George</Name>
        <Email>gweasley@hogwarts.co.uk</Email>
      </Author>
    </Authors>
    <name>Book1</name>
  </book>
  <book year="2014" isbn="ISBN83763550019---11">
    <Authors>
      <Author>
        <Name>Fred</Name>
        <Email>fweasley@hogwarts.co.uk</Email>
      </Author>
      <Author>
        <Name>George</Name>
        <Email>gweasley@hogwarts.co.uk</Email>
      </Author>
    </Authors>
    <name>Book2</name>
  </book>
  <book year="2014" isbn="ISBN83763550019---11">
    <Authors>
      <Author>
        <Name>Fred</Name>
        <Email>fweasley@hogwarts.co.uk</Email>
      </Author>
      <Author>
        <Name>George</Name>
        <Email>gweasley@hogwarts.co.uk</Email>
      </Author>
    </Authors>
    <name>Book1</name>
  </book>
  <book year="2014" isbn="ISBN83763550019---11">
    <Authors>
      <Author>
        <Name>Fred</Name>
        <Email>fweasley@hogwarts.co.uk</Email>
      </Author>
      <Author>
        <Name>George</Name>
        <Email>gweasley@hogwarts.co.uk</Email>
      </Author>
    </Authors>
    <name>Book2</name>
  </book>
  <book year="2014" isbn="ISBN83763550019---11">
    <Authors>
      <Author>
        <Name>Fred</Name>
        <Email>fweasley@hogwarts.co.uk</Email>
      </Author>
      <Author>
        <Name>George</Name>
        <Email>gweasley@hogwarts.co.uk</Email>
      </Author>
    </Authors>
    <name>Book1</name>
  </book>
  <book year="2014" isbn="ISBN83763550019---11">
    <Authors>
      <Author>
        <Name>Fred</Name>
        <Email>fweasley@hogwarts.co.uk</Email>
      </Author>
      <Author>
        <Name>George</Name>
        <Email>gweasley@hogwarts.co.uk</Email>
      </Author>
    </Authors>
    <name>Book2</name>
  </book>
  <book year="2014" isbn="ISBN83763550019---11">
    <Authors>
      <Author>
        <Name>Fred</Name>
        <Email>fweasley@hogwarts.co.uk</Email>
      </Author>
      <Author>
        <Name>George</Name>
        <Email>gweasley@hogwarts.co.uk</Email>
      </Author>
    </Authors>
    <name>Book1</name>
  </book>
  <book year="2014" isbn="ISBN83763550019---11">
    <Authors>
      <Author>
        <Name>Fred</Name>
        <Email>fweasley@hogwarts.co.uk</Email>
      </Author>
      <Author>
        <Name>George</Name>
        <Email>gweasley@hogwarts.co.uk</Email>
      </Author>
    </Authors>
    <name>Book2</name>
  </book>
  <book year="2014" isbn="ISBN83763550019---11">
    <Authors>
      <Author>
        <Name>Fred</Name>
        <Email>fweasley@hogwarts.co.uk</Email>
      </Author>
      <Author>
        <Name>George</Name>
        <Email>gweasley@hogwarts.co.uk</Email>
      </Author>
    </Authors>
    <name>Book1</name>
  </book>
  <book year="2014" isbn="ISBN83763550019---11">
    <Authors>
      <Author>
        <Name>Fred</Name>
        <Email>fweasley@hogwarts.co.uk</Email>
      </Author>
      <Author>
        <Name>George</Name>
        <Email>gweasley@hogwarts.co.uk</Email>
      </Author>
    </Authors>
    <name>Book2</name>
  </book>
  <book year="2014" isbn="ISBN83763550019---11">
    <Authors>
      <Author>
        <Name>Fred</Name>
        <Email>fweasley@hogwarts.co.uk</Email>
      </Author>
      <Author>
        <Name>George</Name>
        <Email>gweasley@hogwarts.co.uk</Email>
      </Author>
    </Authors>
    <name>Book1</name>
  </book>
  <book year="2014" isbn="ISBN83763550019---11">
    <Authors>
      <Author>
        <Name>Fred</Name>
        <Email>fweasley@hogwarts.co.uk</Email>
      </Author>
      <Author>
        <Name>George</Name>
        <Email>gweasley@hogwarts.co.uk</Email>
      </Author>
    </Authors>
    <name>Book2</name>
  </book>
  <book year="2014" isbn="ISBN83763550019---11">
    <Authors>
      <Author>
        <Name>Fred</Name>
        <Email>fweasley@hogwarts.co.uk</Email>
      </Author>
      <Author>
        <Name>George</Name>
        <Email>gweasley@hogwarts.co.uk</Email>
      </Author>
    </Authors>
    <name>Book1</name>
  </book>
  <book year="2014" isbn="ISBN83763550019---11">
    <Authors>
      <Author>
        <Name>Fred</Name>
        <Email>fweasley@hogwarts.co.uk</Email>
      </Author>
      <Author>
        <Name>George</Name>
        <Email>gweasley@hogwarts.co.uk</Email>
      </Author>
    </Authors>
    <name>Book2</name>
  </book>
  <book year="2014" isbn="ISBN83763550019---11">
    <Authors>
      <Author>
        <Name>Fred</Name>
        <Email>fweasley@hogwarts.co.uk</Email>
      </Author>
      <Author>
        <Name>George</Name>
        <Email>gweasley@hogwarts.co.uk</Email>
      </Author>
    </Authors>
    <name>Book1</name>
  </book>
  <book year="2014" isbn="ISBN83763550019---11">
    <Authors>
      <Author>
        <Name>Fred</Name>
        <Email>fweasley@hogwarts.co.uk</Email>
      </Author>
      <Author>
        <Name>George</Name>
        <Email>gweasley@hogwarts.co.uk</Email>
      </Author>
    </Authors>
    <name>Book2</name>
  </book>
  <book year="2014" isbn="ISBN83763550019---11">
    <Authors>
      <Author>
        <Name>Fred</Name>
        <Email>fweasley@hogwarts.co.uk</Email>
      </Author>
      <Author>
        <Name>George</Name>
        <Email>gweasley@hogwarts.co.uk</Email>
      </Author>
    </Authors>
    <name>Book1</name>
  </book>
  <book year="2014" isbn="ISBN83763550019---11">
    <Authors>
      <Author>
        <Name>Fred</Name>
        <Email>fweasley@hogwarts.co.uk</Email>
      </Author>
      <Author>
        <Name>George</Name>
        <Email>gweasley@hogwarts.co.uk</Email>
      </Author>
    </Authors>
    <name>Book2</name>
  </book>
  <book year="2014" isbn="ISBN83763550019---11">
    <Authors>
      <Author>
        <Name>Fred</Name>
        <Email>fweasley@hogwarts.co.uk</Email>
      </Author>
      <Author>
        <Name>George</Name>
        <Email>gweasley@hogwarts.co.uk</Email>
      </Author>
    </Authors>
    <name>Book1</name>
  </book>
  <book year="2014" isbn="ISBN83763550019---11">
    <Authors>
      <Author>
        <Name>Fred</Name>
        <Email>fweasley@hogwarts.co.uk</Email>
      </Author>
      <Author>
        <Name>George</Name>
        <Email>gweasley@hogwarts.co.uk</Email>
      </Author>
    </Authors>
    <name>Book2</name>
  </book>
  <book year="2014" isbn="ISBN83763550019---11">
    <Authors>
      <Author>
        <Name>Fred</Name>
        <Email>fweasley@hogwarts.co.uk</Email>
      </Author>
      <Author>
        <Name>George</Name>
        <Email>gweasley@hogwarts.co.uk</Email>
      </Author>
    </Authors>
    <name>Book1</name>
  </book>
  <book year="2014" isbn="ISBN83763550019---11">
    <Authors>
      <Author>
        <Name>Fred</Name>
        <Email>fweasley@hogwarts.co.uk</Email>
      </Author>
      <Author>
        <Name>George</Name>
        <Email>gweasley@hogwarts.co.uk</Email>
      </Author>
    </Authors>
    <name>Book2</name>
  </book>
  <book year="2014" isbn="ISBN83763550019---11">
    <Authors>
      <Author>
        <Name>Fred</Name>
        <Email>fweasley@hogwarts.co.uk</Email>
      </Author>
      <Author>
        <Name>George</Name>
        <Email>gweasley@hogwarts.co.uk</Email>
      </Author>
    </Authors>
    <name>Book1</name>
  </book>
  <book year="2014" isbn="ISBN83763550019---11">
    <Authors>
      <Author>
        <Name>Fred</Name>
        <Email>fweasley@hogwarts.co.uk</Email>
      </Author>
      <Author>
        <Name>George</Name>
        <Email>gweasley@hogwarts.co.uk</Email>
      </Author>
    </Authors>
    <name>Book2</name>
  </book>
  <book year="2014" isbn="ISBN83763550019---11">
    <Authors>
      <Author>
        <Name>Fred</Name>
        <Email>fweasley@hogwarts.co.uk</Email>
      </Author>
      <Author>
        <Name>George</Name>
        <Email>gweasley@hogwarts.co.uk</Email>
      </Author>
    </Authors>
    <name>Book1</name>
  </book>
  <book year="2014" isbn="ISBN83763550019---11">
    <Authors>
      <Author>
        <Name>Fred</Name>
        <Email>fweasley@hogwarts.co.uk</Email>
      </Author>
      <Author>
        <Name>George</Name>
        <Email>gweasley@hogwarts.co.uk</Email>
      </Author>
    </Authors>
    <name>Book2</name>
  </book>
  <book year="2014" isbn="ISBN83763550019---11">
    <Authors>
      <Author>
        <Name>Fred</Name>
        <Email>fweasley@hogwarts.co.uk</Email>
      </Author>
      <Author>
        <Name>George</Name>
        <Email>gweasley@hogwarts.co.uk</Email>
      </Author>
    </Authors>
    <name>Book1</name>
  </book>
  <book year="2014" isbn="ISBN83763550019---11">
    <Authors>
      <Author>
        <Name>Fred</Name>
        <Email>fweasley@hogwarts.co.uk</Email>
      </Author>
      <Author>
        <Name>George</Name>
        <Email>gweasley@hogwarts.co.uk</Email>
      </Author>
    </Authors>
    <name>Book2</name>
  </book>
  <book year="2014" isbn="ISBN83763550019---11">
    <Authors>
      <Author>
        <Name>Fred</Name>
        <Email>fweasley@hogwarts.co.uk</Email>
      </Author>
      <Author>
        <Name>George</Name>
        <Email>gweasley@hogwarts.co.uk</Email>
      </Author>
    </Authors>
    <name>Book1</name>
  </book>
  <book year="2014" isbn="ISBN83763550019---11">
    <Authors>
      <Author>
        <Name>Fred</Name>
        <Email>fweasley@hogwarts.co.uk</Email>
      </Author>
      <Author>
        <Name>George</Name>
        <Email>gweasley@hogwarts.co.uk</Email>
      </Author>
    </Authors>
    <name>Book2</name>
  </book>
  <book year="2014" isbn="ISBN83763550019---11">
    <Authors>
      <Author>
        <Name>Fred</Name>
        <Email>fweasley@hogwarts.co.uk</Email>
      </Author>
      <Author>
        <Name>George</Name>
        <Email>gweasley@hogwarts.co.uk</Email>
      </Author>
    </Authors>
    <name>Book1</name>
  </book>
  <book year="2014" isbn="ISBN83763550019---11">
    <Authors>
      <Author>
        <Name>Fred</Name>
        <Email>fweasley@hogwarts.co.uk</Email>
      </Author>
      <Author>
        <Name>George</Name>
        <Email>gweasley@hogwarts.co.uk</Email>
      </Author>
    </Authors>
    <name>Book2</name>
  </book>
  <book year="2014" isbn="ISBN83763550019---11">
    <Authors>
      <Author>
        <Name>Fred</Name>
        <Email>fweasley@hogwarts.co.uk</Email>
      </Author>
      <Author>
        <Name>George</Name>
        <Email>gweasley@hogwarts.co.uk</Email>
      </Author>
    </Authors>
    <name>Book1</name>
  </book>
  <book year="2014" isbn="ISBN83763550019---11">
    <Authors>
      <Author>
        <Name>Fred</Name>
        <Email>fweasley@hogwarts.co.uk</Email>
      </Author>
      <Author>
        <Name>George</Name>
        <Email>gweasley@hogwarts.co.uk</Email>
      </Author>
    </Authors>
    <name>Book2</name>
  </book>
  <book year="2014" isbn="ISBN83763550019---11">
    <Authors>
      <Author>
        <Name>Fred</Name>
        <Email>fweasley@hogwarts.co.uk</Email>
      </Author>
      <Author>
        <Name>George</Name>
        <Email>gweasley@hogwarts.co.uk</Email>
      </Author>
    </Authors>
    <name>Book1</name>
  </book>
  <book year="2014" isbn="ISBN83763550019---11">
    <Authors>
      <Author>
        <Name>Fred</Name>
        <Email>fweasley@hogwarts.co.uk</Email>
      </Author>
      <Author>
        <Name>George</Name>
        <Email>gweasley@hogwarts.co.uk</Email>
      </Author>
    </Authors>
    <name>Book2</name>
  </book>
  <book year="2014" isbn="ISBN83763550019---11">
    <Authors>
      <Author>
        <Name>Fred</Name>
        <Email>fweasley@hogwarts.co.uk</Email>
      </Author>
      <Author>
        <Name>George</Name>
        <Email>gweasley@hogwarts.co.uk</Email>
      </Author>
    </Authors>
    <name>Book1</name>
  </book>
  <book year="2014" isbn="ISBN83763550019---11">
    <Authors>
      <Author>
        <Name>Fred</Name>
        <Email>fweasley@hogwarts.co.uk</Email>
      </Author>
      <Author>
        <Name>George</Name>
        <Email>gweasley@hogwarts.co.uk</Email>
      </Author>
    </Authors>
    <name>Book2</name>
  </book>
  <book year="2014" isbn="ISBN83763550019---11">
    <Authors>
      <Author>
        <Name>Fred</Name>
        <Email>fweasley@hogwarts.co.uk</Email>
      </Author>
      <Author>
        <Name>George</Name>
        <Email>gweasley@hogwarts.co.uk</Email>
      </Author>
    </Authors>
    <name>Book1</name>
  </book>
  <book year="2014" isbn="ISBN83763550019---11">
    <Authors>
      <Author>
        <Name>Fred</Name>
        <Email>fweasley@hogwarts.co.uk</Email>
      </Author>
      <Author>
        <Name>George</Name>
        <Email>gweasley@hogwarts.co.uk</Email>
      </Author>
    </Authors>
    <name>Book2</name>
  </book>
  <book year="2014" isbn="ISBN83763550019---11">
    <Authors>
      <Author>
        <Name>Fred</Name>
        <Email>fweasley@hogwarts.co.uk</Email>
      </Author>
      <Author>
        <Name>George</Name>
        <Email>gweasley@hogwarts.co.uk</Email>
      </Author>
    </Authors>
    <name>Book1</name>
  </book>
  <book year="2014" isbn="ISBN83763550019---11">
    <Authors>
      <Author>
        <Name>Fred</Name>
        <Email>fweasley@hogwarts.co.uk</Email>
      </Author>
      <Author>
        <Name>George</Name>
        <Email>gweasley@hogwarts.co.uk</Email>
      </Author>
    </Authors>
    <name>Book2</name>
  </book>
  <book year="2014" isbn="ISBN83763550019---11">
    <Authors>
      <Author>
        <Name>Fred</Name>
        <Email>fweasley@hogwarts.co.uk</Email>
      </Author>
      <Author>
        <Name>George</Name>
        <Email>gweasley@hogwarts.co.uk</Email>
      </Author>
    </Authors>
    <name>Book1</name>
  </book>
  <book year="2014" isbn="ISBN83763550019---11">
    <Authors>
      <Author>
        <Name>Fred</Name>
        <Email>fweasley@hogwarts.co.uk</Email>
      </Author>
      <Author>
        <Name>George</Name>
        <Email>gweasley@hogwarts.co.uk</Email>
      </Author>
    </Authors>
    <name>Book2</name>
  </book>
  <book year="2014" isbn="ISBN83763550019---11">
    <Authors>
      <Author>
        <Name>Fred</Name>
        <Email>fweasley@hogwarts.co.uk</Email>
      </Author>
      <Author>
        <Name>George</Name>
        <Email>gweasley@hogwarts.co.uk</Email>
      </Author>
    </Authors>
    <name>Book1</name>
  </book>
  <book year="2014" isbn="ISBN83763550019---11">
    <Authors>
      <Author>
        <Name>Fred</Name>
        <Email>fweasley@hogwarts.co.uk</Email>
      </Author>
      <Author>
        <Name>George</Name>
        <Email>gweasley@hogwarts.co.uk</Email>
      </Author>
    </Authors>
    <name>Book2</name>
  </book>
  <book year="2014" isbn="ISBN83763550019---11">
    <Authors>
      <Author>
        <Name>Fred</Name>
        <Email>fweasley@hogwarts.co.uk</Email>
      </Author>
      <Author>
        <Name>George</Name>
        <Email>gweasley@hogwarts.co.uk</Email>
      </Author>
    </Authors>
    <name>Book1</name>
  </book>
  <book year="2014" isbn="ISBN83763550019---11">
    <Authors>
      <Author>
        <Name>Fred</Name>
        <Email>fweasley@hogwarts.co.uk</Email>
      </Author>
      <Author>
        <Name>George</Name>
        <Email>gweasley@hogwarts.co.uk</Email>
      </Author>
    </Authors>
    <name>Book2</name>
  </book>
  <book year="2014" isbn="ISBN83763550019---11">
    <Authors>
      <Author>
        <Name>Fred</Name>
        <Email>fweasley@hogwarts.co.uk</Email>
      </Author>
      <Author>
        <Name>George</Name>
        <Email>gweasley@hogwarts.co.uk</Email>
      </Author>
    </Authors>
    <name>Book1</name>
  </book>
  <book year="2014" isbn="ISBN83763550019---11">
    <Authors>
      <Author>
        <Name>Fred</Name>
        <Email>fweasley@hogwarts.co.uk</Email>
      </Author>
      <Author>
        <Name>George</Name>
        <Email>gweasley@hogwarts.co.uk</Email>
      </Author>
    </Authors>
    <name>Book2</name>
  </book>
  <book year="2014" isbn="ISBN83763550019---11">
    <Authors>
      <Author>
        <Name>Fred</Name>
        <Email>fweasley@hogwarts.co.uk</Email>
      </Author>
      <Author>
        <Name>George</Name>
        <Email>gweasley@hogwarts.co.uk</Email>
      </Author>
    </Authors>
    <name>Book1</name>
  </book>
  <book year="2014" isbn="ISBN83763550019---11">
    <Authors>
      <Author>
        <Name>Fred</Name>
        <Email>fweasley@hogwarts.co.uk</Email>
      </Author>
      <Author>
        <Name>George</Name>
        <Email>gweasley@hogwarts.co.uk</Email>
      </Author>
    </Authors>
    <name>Book2</name>
  </book>
  <book year="2014" isbn="ISBN83763550019---11">
    <Authors>
      <Author>
        <Name>Fred</Name>
        <Email>fweasley@hogwarts.co.uk</Email>
      </Author>
      <Author>
        <Name>George</Name>
        <Email>gweasley@hogwarts.co.uk</Email>
      </Author>
    </Authors>
    <name>Book1</name>
  </book>
  <book year="2014" isbn="ISBN83763550019---11">
    <Authors>
      <Author>
        <Name>Fred</Name>
        <Email>fweasley@hogwarts.co.uk</Email>
      </Author>
      <Author>
        <Name>George</Name>
        <Email>gweasley@hogwarts.co.uk</Email>
      </Author>
    </Authors>
    <name>Book2</name>
  </book>
  <book year="2014" isbn="ISBN83763550019---11">
    <Authors>
      <Author>
        <Name>Fred</Name>
        <Email>fweasley@hogwarts.co.uk</Email>
      </Author>
      <Author>
        <Name>George</Name>
        <Email>gweasley@hogwarts.co.uk</Email>
      </Author>
    </Authors>
    <name>Book1</name>
  </book>
  <book year="2014" isbn="ISBN83763550019---11">
    <Authors>
      <Author>
        <Name>Fred</Name>
        <Email>fweasley@hogwarts.co.uk</Email>
      </Author>
      <Author>
        <Name>George</Name>
        <Email>gweasley@hogwarts.co.uk</Email>
      </Author>
    </Authors>
    <name>Book2</name>
  </book>
  <book year="2014" isbn="ISBN83763550019---11">
    <Authors>
      <Author>
        <Name>Fred</Name>
        <Email>fweasley@hogwarts.co.uk</Email>
      </Author>
      <Author>
        <Name>George</Name>
        <Email>gweasley@hogwarts.co.uk</Email>
      </Author>
    </Authors>
    <name>Book1</name>
  </book>
  <book year="2014" isbn="ISBN83763550019---11">
    <Authors>
      <Author>
        <Name>Fred</Name>
        <Email>fweasley@hogwarts.co.uk</Email>
      </Author>
      <Author>
        <Name>George</Name>
        <Email>gweasley@hogwarts.co.uk</Email>
      </Author>
    </Authors>
    <name>Book2</name>
  </book>
  <book year="2014" isbn="ISBN83763550019---11">
    <Authors>
      <Author>
        <Name>Fred</Name>
        <Email>fweasley@hogwarts.co.uk</Email>
      </Author>
      <Author>
        <Name>George</Name>
        <Email>gweasley@hogwarts.co.uk</Email>
      </Author>
    </Authors>
    <name>Book1</name>
  </book>
  <book year="2014" isbn="ISBN83763550019---11">
    <Authors>
      <Author>
        <Name>Fred</Name>
        <Email>fweasley@hogwarts.co.uk</Email>
      </Author>
      <Author>
        <Name>George</Name>
        <Email>gweasley@hogwarts.co.uk</Email>
      </Author>
    </Authors>
    <name>Book2</name>
  </book>
  <book year="2014" isbn="ISBN83763550019---11">
    <Authors>
      <Author>
        <Name>Fred</Name>
        <Email>fweasley@hogwarts.co.uk</Email>
      </Author>
      <Author>
        <Name>George</Name>
        <Email>gweasley@hogwarts.co.uk</Email>
      </Author>
    </Authors>
    <name>Book1</name>
  </book>
  <book year="2014" isbn="ISBN83763550019---11">
    <Authors>
      <Author>
        <Name>Fred</Name>
        <Email>fweasley@hogwarts.co.uk</Email>
      </Author>
      <Author>
        <Name>George</Name>
        <Email>gweasley@hogwarts.co.uk</Email>
      </Author>
    </Authors>
    <name>Book2</name>
  </book>
  <book year="2014" isbn="ISBN83763550019---11">
    <Authors>
      <Author>
        <Name>Fred</Name>
        <Email>fweasley@hogwarts.co.uk</Email>
      </Author>
      <Author>
        <Name>George</Name>
        <Email>gweasley@hogwarts.co.uk</Email>
      </Author>
    </Authors>
    <name>Book1</name>
  </book>
  <book year="2014" isbn="ISBN83763550019---11">
    <Authors>
      <Author>
        <Name>Fred</Name>
        <Email>fweasley@hogwarts.co.uk</Email>
      </Author>
      <Author>
        <Name>George</Name>
        <Email>gweasley@hogwarts.co.uk</Email>
      </Author>
    </Authors>
    <name>Book2</name>
  </book>
  <book year="2014" isbn="ISBN83763550019---11">
    <Authors>
      <Author>
        <Name>Fred</Name>
        <Email>fweasley@hogwarts.co.uk</Email>
      </Author>
      <Author>
        <Name>George</Name>
        <Email>gweasley@hogwarts.co.uk</Email>
      </Author>
    </Authors>
    <name>Book1</name>
  </book>
  <book year="2014" isbn="ISBN83763550019---11">
    <Authors>
      <Author>
        <Name>Fred</Name>
        <Email>fweasley@hogwarts.co.uk</Email>
      </Author>
      <Author>
        <Name>George</Name>
        <Email>gweasley@hogwarts.co.uk</Email>
      </Author>
    </Authors>
    <name>Book2</name>
  </book>
  <book year="2014" isbn="ISBN83763550019---11">
    <Authors>
      <Author>
        <Name>Fred</Name>
        <Email>fweasley@hogwarts.co.uk</Email>
      </Author>
      <Author>
        <Name>George</Name>
        <Email>gweasley@hogwarts.co.uk</Email>
      </Author>
    </Authors>
    <name>Book1</name>
  </book>
  <book year="2014" isbn="ISBN83763550019---11">
    <Authors>
      <Author>
        <Name>Fred</Name>
        <Email>fweasley@hogwarts.co.uk</Email>
      </Author>
      <Author>
        <Name>George</Name>
        <Email>gweasley@hogwarts.co.uk</Email>
      </Author>
    </Authors>
    <name>Book2</name>
  </book>
  <book year="2014" isbn="ISBN83763550019---11">
    <Authors>
      <Author>
        <Name>Fred</Name>
        <Email>fweasley@hogwarts.co.uk</Email>
      </Author>
      <Author>
        <Name>George</Name>
        <Email>gweasley@hogwarts.co.uk</Email>
      </Author>
    </Authors>
    <name>Book1</name>
  </book>
  <book year="2014" isbn="ISBN83763550019---11">
    <Authors>
      <Author>
        <Name>Fred</Name>
        <Email>fweasley@hogwarts.co.uk</Email>
      </Author>
      <Author>
        <Name>George</Name>
        <Email>gweasley@hogwarts.co.uk</Email>
      </Author>
    </Authors>
    <name>Book2</name>
  </book>
  <book year="2014" isbn="ISBN83763550019---11">
    <Authors>
      <Author>
        <Name>Fred</Name>
        <Email>fweasley@hogwarts.co.uk</Email>
      </Author>
      <Author>
        <Name>George</Name>
        <Email>gweasley@hogwarts.co.uk</Email>
      </Author>
    </Authors>
    <name>Book1</name>
  </book>
  <book year="2014" isbn="ISBN83763550019---11">
    <Authors>
      <Author>
        <Name>Fred</Name>
        <Email>fweasley@hogwarts.co.uk</Email>
      </Author>
      <Author>
        <Name>George</Name>
        <Email>gweasley@hogwarts.co.uk</Email>
      </Author>
    </Authors>
    <name>Book2</name>
  </book>
  <book year="2014" isbn="ISBN83763550019---11">
    <Authors>
      <Author>
        <Name>Fred</Name>
        <Email>fweasley@hogwarts.co.uk</Email>
      </Author>
      <Author>
        <Name>George</Name>
        <Email>gweasley@hogwarts.co.uk</Email>
      </Author>
    </Authors>
    <name>Book1</name>
  </book>
  <book year="2014" isbn="ISBN83763550019---11">
    <Authors>
      <Author>
        <Name>Fred</Name>
        <Email>fweasley@hogwarts.co.uk</Email>
      </Author>
      <Author>
        <Name>George</Name>
        <Email>gweasley@hogwarts.co.uk</Email>
      </Author>
    </Authors>
    <name>Book2</name>
  </book>
  <book year="2014" isbn="ISBN83763550019---11">
    <Authors>
      <Author>
        <Name>Fred</Name>
        <Email>fweasley@hogwarts.co.uk</Email>
      </Author>
      <Author>
        <Name>George</Name>
        <Email>gweasley@hogwarts.co.uk</Email>
      </Author>
    </Authors>
    <name>Book1</name>
  </book>
  <book year="2014" isbn="ISBN83763550019---11">
    <Authors>
      <Author>
        <Name>Fred</Name>
        <Email>fweasley@hogwarts.co.uk</Email>
      </Author>
      <Author>
        <Name>George</Name>
        <Email>gweasley@hogwarts.co.uk</Email>
      </Author>
    </Authors>
    <name>Book2</name>
  </book>
  <book year="2014" isbn="ISBN83763550019---11">
    <Authors>
      <Author>
        <Name>Fred</Name>
        <Email>fweasley@hogwarts.co.uk</Email>
      </Author>
      <Author>
        <Name>George</Name>
        <Email>gweasley@hogwarts.co.uk</Email>
      </Author>
    </Authors>
    <name>Book1</name>
  </book>
  <book year="2014" isbn="ISBN83763550019---11">
    <Authors>
      <Author>
        <Name>Fred</Name>
        <Email>fweasley@hogwarts.co.uk</Email>
      </Author>
      <Author>
        <Name>George</Name>
        <Email>gweasley@hogwarts.co.uk</Email>
      </Author>
    </Authors>
    <name>Book2</name>
  </book>
  <book year="2014" isbn="ISBN83763550019---11">
    <Authors>
      <Author>
        <Name>Fred</Name>
        <Email>fweasley@hogwarts.co.uk</Email>
      </Author>
      <Author>
        <Name>George</Name>
        <Email>gweasley@hogwarts.co.uk</Email>
      </Author>
    </Authors>
    <name>Book1</name>
  </book>
  <book year="2014" isbn="ISBN83763550019---11">
    <Authors>
      <Author>
        <Name>Fred</Name>
        <Email>fweasley@hogwarts.co.uk</Email>
      </Author>
      <Author>
        <Name>George</Name>
        <Email>gweasley@hogwarts.co.uk</Email>
      </Author>
    </Authors>
    <name>Book2</name>
  </book>
  <book year="2014" isbn="ISBN83763550019---11">
    <Authors>
      <Author>
        <Name>Fred</Name>
        <Email>fweasley@hogwarts.co.uk</Email>
      </Author>
      <Author>
        <Name>George</Name>
        <Email>gweasley@hogwarts.co.uk</Email>
      </Author>
    </Authors>
    <name>Book1</name>
  </book>
  <book year="2014" isbn="ISBN83763550019---11">
    <Authors>
      <Author>
        <Name>Fred</Name>
        <Email>fweasley@hogwarts.co.uk</Email>
      </Author>
      <Author>
        <Name>George</Name>
        <Email>gweasley@hogwarts.co.uk</Email>
      </Author>
    </Authors>
    <name>Book2</name>
  </book>
  <book year="2014" isbn="ISBN83763550019---11">
    <Authors>
      <Author>
        <Name>Fred</Name>
        <Email>fweasley@hogwarts.co.uk</Email>
      </Author>
      <Author>
        <Name>George</Name>
        <Email>gweasley@hogwarts.co.uk</Email>
      </Author>
    </Authors>
    <name>Book1</name>
  </book>
  <book year="2014" isbn="ISBN83763550019---11">
    <Authors>
      <Author>
        <Name>Fred</Name>
        <Email>fweasley@hogwarts.co.uk</Email>
      </Author>
      <Author>
        <Name>George</Name>
        <Email>gweasley@hogwarts.co.uk</Email>
      </Author>
    </Authors>
    <name>Book2</name>
  </book>
  <book year="2014" isbn="ISBN83763550019---11">
    <Authors>
      <Author>
        <Name>Fred</Name>
        <Email>fweasley@hogwarts.co.uk</Email>
      </Author>
      <Author>
        <Name>George</Name>
        <Email>gweasley@hogwarts.co.uk</Email>
      </Author>
    </Authors>
    <name>Book1</name>
  </book>
  <book year="2014" isbn="ISBN83763550019---11">
    <Authors>
      <Author>
        <Name>Fred</Name>
        <Email>fweasley@hogwarts.co.uk</Email>
      </Author>
      <Author>
        <Name>George</Name>
        <Email>gweasley@hogwarts.co.uk</Email>
      </Author>
    </Authors>
    <name>Book2</name>
  </book>
  <book year="2014" isbn="ISBN83763550019---11">
    <Authors>
      <Author>
        <Name>Fred</Name>
        <Email>fweasley@hogwarts.co.uk</Email>
      </Author>
      <Author>
        <Name>George</Name>
        <Email>gweasley@hogwarts.co.uk</Email>
      </Author>
    </Authors>
    <name>Book1</name>
  </book>
  <book year="2014" isbn="ISBN83763550019---11">
    <Authors>
      <Author>
        <Name>Fred</Name>
        <Email>fweasley@hogwarts.co.uk</Email>
      </Author>
      <Author>
        <Name>George</Name>
        <Email>gweasley@hogwarts.co.uk</Email>
      </Author>
    </Authors>
    <name>Book2</name>
  </book>
  <book year="2014" isbn="ISBN83763550019---11">
    <Authors>
      <Author>
        <Name>Fred</Name>
        <Email>fweasley@hogwarts.co.uk</Email>
      </Author>
      <Author>
        <Name>George</Name>
        <Email>gweasley@hogwarts.co.uk</Email>
      </Author>
    </Authors>
    <name>Book1</name>
  </book>
  <book year="2014" isbn="ISBN83763550019---11">
    <Authors>
      <Author>
        <Name>Fred</Name>
        <Email>fweasley@hogwarts.co.uk</Email>
      </Author>
      <Author>
        <Name>George</Name>
        <Email>gweasley@hogwarts.co.uk</Email>
      </Author>
    </Authors>
    <name>Book2</name>
  </book>
  <book year="2014" isbn="ISBN83763550019---11">
    <Authors>
      <Author>
        <Name>Fred</Name>
        <Email>fweasley@hogwarts.co.uk</Email>
      </Author>
      <Author>
        <Name>George</Name>
        <Email>gweasley@hogwarts.co.uk</Email>
      </Author>
    </Authors>
    <name>Book1</name>
  </book>
  <book year="2014" isbn="ISBN83763550019---11">
    <Authors>
      <Author>
        <Name>Fred</Name>
        <Email>fweasley@hogwarts.co.uk</Email>
      </Author>
      <Author>
        <Name>George</Name>
        <Email>gweasley@hogwarts.co.uk</Email>
      </Author>
    </Authors>
    <name>Book2</name>
  </book>
  <book year="2014" isbn="ISBN83763550019---11">
    <Authors>
      <Author>
        <Name>Fred</Name>
        <Email>fweasley@hogwarts.co.uk</Email>
      </Author>
      <Author>
        <Name>George</Name>
        <Email>gweasley@hogwarts.co.uk</Email>
      </Author>
    </Authors>
    <name>Book1</name>
  </book>
  <book year="2014" isbn="ISBN83763550019---11">
    <Authors>
      <Author>
        <Name>Fred</Name>
        <Email>fweasley@hogwarts.co.uk</Email>
      </Author>
      <Author>
        <Name>George</Name>
        <Email>gweasley@hogwarts.co.uk</Email>
      </Author>
    </Authors>
    <name>Book2</name>
  </book>
  <book year="2014" isbn="ISBN83763550019---11">
    <Authors>
      <Author>
        <Name>Fred</Name>
        <Email>fweasley@hogwarts.co.uk</Email>
      </Author>
      <Author>
        <Name>George</Name>
        <Email>gweasley@hogwarts.co.uk</Email>
      </Author>
    </Authors>
    <name>Book1</name>
  </book>
  <book year="2014" isbn="ISBN83763550019---11">
    <Authors>
      <Author>
        <Name>Fred</Name>
        <Email>fweasley@hogwarts.co.uk</Email>
      </Author>
      <Author>
        <Name>George</Name>
        <Email>gweasley@hogwarts.co.uk</Email>
      </Author>
    </Authors>
    <name>Book2</name>
  </book>
  <book year="2014" isbn="ISBN83763550019---11">
    <Authors>
      <Author>
        <Name>Fred</Name>
        <Email>fweasley@hogwarts.co.uk</Email>
      </Author>
      <Author>
        <Name>George</Name>
        <Email>gweasley@hogwarts.co.uk</Email>
      </Author>
    </Authors>
    <name>Book1</name>
  </book>
  <book year="2014" isbn="ISBN83763550019---11">
    <Authors>
      <Author>
        <Name>Fred</Name>
        <Email>fweasley@hogwarts.co.uk</Email>
      </Author>
      <Author>
        <Name>George</Name>
        <Email>gweasley@hogwarts.co.uk</Email>
      </Author>
    </Authors>
    <name>Book2</name>
  </book>
  <book year="2014" isbn="ISBN83763550019---11">
    <Authors>
      <Author>
        <Name>Fred</Name>
        <Email>fweasley@hogwarts.co.uk</Email>
      </Author>
      <Author>
        <Name>George</Name>
        <Email>gweasley@hogwarts.co.uk</Email>
      </Author>
    </Authors>
    <name>Book1</name>
  </book>
  <book year="2014" isbn="ISBN83763550019---11">
    <Authors>
      <Author>
        <Name>Fred</Name>
        <Email>fweasley@hogwarts.co.uk</Email>
      </Author>
      <Author>
        <Name>George</Name>
        <Email>gweasley@hogwarts.co.uk</Email>
      </Author>
    </Authors>
    <name>Book2</name>
  </book>
  <book year="2014" isbn="ISBN83763550019---11">
    <Authors>
      <Author>
        <Name>Fred</Name>
        <Email>fweasley@hogwarts.co.uk</Email>
      </Author>
      <Author>
        <Name>George</Name>
        <Email>gweasley@hogwarts.co.uk</Email>
      </Author>
    </Authors>
    <name>Book1</name>
  </book>
  <book year="2014" isbn="ISBN83763550019---11">
    <Authors>
      <Author>
        <Name>Fred</Name>
        <Email>fweasley@hogwarts.co.uk</Email>
      </Author>
      <Author>
        <Name>George</Name>
        <Email>gweasley@hogwarts.co.uk</Email>
      </Author>
    </Authors>
    <name>Book2</name>
  </book>
  <book year="2014" isbn="ISBN83763550019---11">
    <Authors>
      <Author>
        <Name>Fred</Name>
        <Email>fweasley@hogwarts.co.uk</Email>
      </Author>
      <Author>
        <Name>George</Name>
        <Email>gweasley@hogwarts.co.uk</Email>
      </Author>
    </Authors>
    <name>Book1</name>
  </book>
  <book year="2014" isbn="ISBN83763550019---11">
    <Authors>
      <Author>
        <Name>Fred</Name>
        <Email>fweasley@hogwarts.co.uk</Email>
      </Author>
      <Author>
        <Name>George</Name>
        <Email>gweasley@hogwarts.co.uk</Email>
      </Author>
    </Authors>
    <name>Book2</name>
  </book>
  <book year="2014" isbn="ISBN83763550019---11">
    <Authors>
      <Author>
        <Name>Fred</Name>
        <Email>fweasley@hogwarts.co.uk</Email>
      </Author>
      <Author>
        <Name>George</Name>
        <Email>gweasley@hogwarts.co.uk</Email>
      </Author>
    </Authors>
    <name>Book1</name>
  </book>
  <book year="2014" isbn="ISBN83763550019---11">
    <Authors>
      <Author>
        <Name>Fred</Name>
        <Email>fweasley@hogwarts.co.uk</Email>
      </Author>
      <Author>
        <Name>George</Name>
        <Email>gweasley@hogwarts.co.uk</Email>
      </Author>
    </Authors>
    <name>Book2</name>
  </book>
  <book year="2014" isbn="ISBN83763550019---11">
    <Authors>
      <Author>
        <Name>Fred</Name>
        <Email>fweasley@hogwarts.co.uk</Email>
      </Author>
      <Author>
        <Name>George</Name>
        <Email>gweasley@hogwarts.co.uk</Email>
      </Author>
    </Authors>
    <name>Book1</name>
  </book>
  <book year="2014" isbn="ISBN83763550019---11">
    <Authors>
      <Author>
        <Name>Fred</Name>
        <Email>fweasley@hogwarts.co.uk</Email>
      </Author>
      <Author>
        <Name>George</Name>
        <Email>gweasley@hogwarts.co.uk</Email>
      </Author>
    </Authors>
    <name>Book2</name>
  </book>
  <book year="2014" isbn="ISBN83763550019---11">
    <Authors>
      <Author>
        <Name>Fred</Name>
        <Email>fweasley@hogwarts.co.uk</Email>
      </Author>
      <Author>
        <Name>George</Name>
        <Email>gweasley@hogwarts.co.uk</Email>
      </Author>
    </Authors>
    <name>Book1</name>
  </book>
  <book year="2014" isbn="ISBN83763550019---11">
    <Authors>
      <Author>
        <Name>Fred</Name>
        <Email>fweasley@hogwarts.co.uk</Email>
      </Author>
      <Author>
        <Name>George</Name>
        <Email>gweasley@hogwarts.co.uk</Email>
      </Author>
    </Authors>
    <name>Book2</name>
  </book>
  <book year="2014" isbn="ISBN83763550019---11">
    <Authors>
      <Author>
        <Name>Fred</Name>
        <Email>fweasley@hogwarts.co.uk</Email>
      </Author>
      <Author>
        <Name>George</Name>
        <Email>gweasley@hogwarts.co.uk</Email>
      </Author>
    </Authors>
    <name>Book1</name>
  </book>
  <book year="2014" isbn="ISBN83763550019---11">
    <Authors>
      <Author>
        <Name>Fred</Name>
        <Email>fweasley@hogwarts.co.uk</Email>
      </Author>
      <Author>
        <Name>George</Name>
        <Email>gweasley@hogwarts.co.uk</Email>
      </Author>
    </Authors>
    <name>Book2</name>
  </book>
  <book year="2014" isbn="ISBN83763550019---11">
    <Authors>
      <Author>
        <Name>Fred</Name>
        <Email>fweasley@hogwarts.co.uk</Email>
      </Author>
      <Author>
        <Name>George</Name>
        <Email>gweasley@hogwarts.co.uk</Email>
      </Author>
    </Authors>
    <name>Book1</name>
  </book>
  <book year="2014" isbn="ISBN83763550019---11">
    <Authors>
      <Author>
        <Name>Fred</Name>
        <Email>fweasley@hogwarts.co.uk</Email>
      </Author>
      <Author>
        <Name>George</Name>
        <Email>gweasley@hogwarts.co.uk</Email>
      </Author>
    </Authors>
    <name>Book2</name>
  </book>
  <book year="2014" isbn="ISBN83763550019---11">
    <Authors>
      <Author>
        <Name>Fred</Name>
        <Email>fweasley@hogwarts.co.uk</Email>
      </Author>
      <Author>
        <Name>George</Name>
        <Email>gweasley@hogwarts.co.uk</Email>
      </Author>
    </Authors>
    <name>Book1</name>
  </book>
  <book year="2014" isbn="ISBN83763550019---11">
    <Authors>
      <Author>
        <Name>Fred</Name>
        <Email>fweasley@hogwarts.co.uk</Email>
      </Author>
      <Author>
        <Name>George</Name>
        <Email>gweasley@hogwarts.co.uk</Email>
      </Author>
    </Authors>
    <name>Book2</name>
  </book>
  <book year="2014" isbn="ISBN83763550019---11">
    <Authors>
      <Author>
        <Name>Fred</Name>
        <Email>fweasley@hogwarts.co.uk</Email>
      </Author>
      <Author>
        <Name>George</Name>
        <Email>gweasley@hogwarts.co.uk</Email>
      </Author>
    </Authors>
    <name>Book1</name>
  </book>
  <book year="2014" isbn="ISBN83763550019---11">
    <Authors>
      <Author>
        <Name>Fred</Name>
        <Email>fweasley@hogwarts.co.uk</Email>
      </Author>
      <Author>
        <Name>George</Name>
        <Email>gweasley@hogwarts.co.uk</Email>
      </Author>
    </Authors>
    <name>Book2</name>
  </book>
  <book year="2014" isbn="ISBN83763550019---11">
    <Authors>
      <Author>
        <Name>Fred</Name>
        <Email>fweasley@hogwarts.co.uk</Email>
      </Author>
      <Author>
        <Name>George</Name>
        <Email>gweasley@hogwarts.co.uk</Email>
      </Author>
    </Authors>
    <name>Book1</name>
  </book>
  <book year="2014" isbn="ISBN83763550019---11">
    <Authors>
      <Author>
        <Name>Fred</Name>
        <Email>fweasley@hogwarts.co.uk</Email>
      </Author>
      <Author>
        <Name>George</Name>
        <Email>gweasley@hogwarts.co.uk</Email>
      </Author>
    </Authors>
    <name>Book2</name>
  </book>
  <book year="2014" isbn="ISBN83763550019---11">
    <Authors>
      <Author>
        <Name>Fred</Name>
        <Email>fweasley@hogwarts.co.uk</Email>
      </Author>
      <Author>
        <Name>George</Name>
        <Email>gweasley@hogwarts.co.uk</Email>
      </Author>
    </Authors>
    <name>Book1</name>
  </book>
  <book year="2014" isbn="ISBN83763550019---11">
    <Authors>
      <Author>
        <Name>Fred</Name>
        <Email>fweasley@hogwarts.co.uk</Email>
      </Author>
      <Author>
        <Name>George</Name>
        <Email>gweasley@hogwarts.co.uk</Email>
      </Author>
    </Authors>
    <name>Book2</name>
  </book>
  <book year="2014" isbn="ISBN83763550019---11">
    <Authors>
      <Author>
        <Name>Fred</Name>
        <Email>fweasley@hogwarts.co.uk</Email>
      </Author>
      <Author>
        <Name>George</Name>
        <Email>gweasley@hogwarts.co.uk</Email>
      </Author>
    </Authors>
    <name>Book1</name>
  </book>
  <book year="2014" isbn="ISBN83763550019---11">
    <Authors>
      <Author>
        <Name>Fred</Name>
        <Email>fweasley@hogwarts.co.uk</Email>
      </Author>
      <Author>
        <Name>George</Name>
        <Email>gweasley@hogwarts.co.uk</Email>
      </Author>
    </Authors>
    <name>Book2</name>
  </book>
  <book year="2014" isbn="ISBN83763550019---11">
    <Authors>
      <Author>
        <Name>Fred</Name>
        <Email>fweasley@hogwarts.co.uk</Email>
      </Author>
      <Author>
        <Name>George</Name>
        <Email>gweasley@hogwarts.co.uk</Email>
      </Author>
    </Authors>
    <name>Book1</name>
  </book>
  <book year="2014" isbn="ISBN83763550019---11">
    <Authors>
      <Author>
        <Name>Fred</Name>
        <Email>fweasley@hogwarts.co.uk</Email>
      </Author>
      <Author>
        <Name>George</Name>
        <Email>gweasley@hogwarts.co.uk</Email>
      </Author>
    </Authors>
    <name>Book2</name>
  </book>
  <book year="2014" isbn="ISBN83763550019---11">
    <Authors>
      <Author>
        <Name>Fred</Name>
        <Email>fweasley@hogwarts.co.uk</Email>
      </Author>
      <Author>
        <Name>George</Name>
        <Email>gweasley@hogwarts.co.uk</Email>
      </Author>
    </Authors>
    <name>Book1</name>
  </book>
  <book year="2014" isbn="ISBN83763550019---11">
    <Authors>
      <Author>
        <Name>Fred</Name>
        <Email>fweasley@hogwarts.co.uk</Email>
      </Author>
      <Author>
        <Name>George</Name>
        <Email>gweasley@hogwarts.co.uk</Email>
      </Author>
    </Authors>
    <name>Book2</name>
  </book>
  <book year="2014" isbn="ISBN83763550019---11">
    <Authors>
      <Author>
        <Name>Fred</Name>
        <Email>fweasley@hogwarts.co.uk</Email>
      </Author>
      <Author>
        <Name>George</Name>
        <Email>gweasley@hogwarts.co.uk</Email>
      </Author>
    </Authors>
    <name>Book1</name>
  </book>
  <book year="2014" isbn="ISBN83763550019---11">
    <Authors>
      <Author>
        <Name>Fred</Name>
        <Email>fweasley@hogwarts.co.uk</Email>
      </Author>
      <Author>
        <Name>George</Name>
        <Email>gweasley@hogwarts.co.uk</Email>
      </Author>
    </Authors>
    <name>Book2</name>
  </book>
  <book year="2014" isbn="ISBN83763550019---11">
    <Authors>
      <Author>
        <Name>Fred</Name>
        <Email>fweasley@hogwarts.co.uk</Email>
      </Author>
      <Author>
        <Name>George</Name>
        <Email>gweasley@hogwarts.co.uk</Email>
      </Author>
    </Authors>
    <name>Book1</name>
  </book>
  <book year="2014" isbn="ISBN83763550019---11">
    <Authors>
      <Author>
        <Name>Fred</Name>
        <Email>fweasley@hogwarts.co.uk</Email>
      </Author>
      <Author>
        <Name>George</Name>
        <Email>gweasley@hogwarts.co.uk</Email>
      </Author>
    </Authors>
    <name>Book2</name>
  </book>
  <book year="2014" isbn="ISBN83763550019---11">
    <Authors>
      <Author>
        <Name>Fred</Name>
        <Email>fweasley@hogwarts.co.uk</Email>
      </Author>
      <Author>
        <Name>George</Name>
        <Email>gweasley@hogwarts.co.uk</Email>
      </Author>
    </Authors>
    <name>Book1</name>
  </book>
  <book year="2014" isbn="ISBN83763550019---11">
    <Authors>
      <Author>
        <Name>Fred</Name>
        <Email>fweasley@hogwarts.co.uk</Email>
      </Author>
      <Author>
        <Name>George</Name>
        <Email>gweasley@hogwarts.co.uk</Email>
      </Author>
    </Authors>
    <name>Book2</name>
  </book>
  <book year="2014" isbn="ISBN83763550019---11">
    <Authors>
      <Author>
        <Name>Fred</Name>
        <Email>fweasley@hogwarts.co.uk</Email>
      </Author>
      <Author>
        <Name>George</Name>
        <Email>gweasley@hogwarts.co.uk</Email>
      </Author>
    </Authors>
    <name>Book1</name>
  </book>
  <book year="2014" isbn="ISBN83763550019---11">
    <Authors>
      <Author>
        <Name>Fred</Name>
        <Email>fweasley@hogwarts.co.uk</Email>
      </Author>
      <Author>
        <Name>George</Name>
        <Email>gweasley@hogwarts.co.uk</Email>
      </Author>
    </Authors>
    <name>Book2</name>
  </book>
  <book year="2014" isbn="ISBN83763550019---11">
    <Authors>
      <Author>
        <Name>Fred</Name>
        <Email>fweasley@hogwarts.co.uk</Email>
      </Author>
      <Author>
        <Name>George</Name>
        <Email>gweasley@hogwarts.co.uk</Email>
      </Author>
    </Authors>
    <name>Book1</name>
  </book>
  <book year="2014" isbn="ISBN83763550019---11">
    <Authors>
      <Author>
        <Name>Fred</Name>
        <Email>fweasley@hogwarts.co.uk</Email>
      </Author>
      <Author>
        <Name>George</Name>
        <Email>gweasley@hogwarts.co.uk</Email>
      </Author>
    </Authors>
    <name>Book2</name>
  </book>
  <book year="2014" isbn="ISBN83763550019---11">
    <Authors>
      <Author>
        <Name>Fred</Name>
        <Email>fweasley@hogwarts.co.uk</Email>
      </Author>
      <Author>
        <Name>George</Name>
        <Email>gweasley@hogwarts.co.uk</Email>
      </Author>
    </Authors>
    <name>Book1</name>
  </book>
  <book year="2014" isbn="ISBN83763550019---11">
    <Authors>
      <Author>
        <Name>Fred</Name>
        <Email>fweasley@hogwarts.co.uk</Email>
      </Author>
      <Author>
        <Name>George</Name>
        <Email>gweasley@hogwarts.co.uk</Email>
      </Author>
    </Authors>
    <name>Book2</name>
  </book>
  <book year="2014" isbn="ISBN83763550019---11">
    <Authors>
      <Author>
        <Name>Fred</Name>
        <Email>fweasley@hogwarts.co.uk</Email>
      </Author>
      <Author>
        <Name>George</Name>
        <Email>gweasley@hogwarts.co.uk</Email>
      </Author>
    </Authors>
    <name>Book1</name>
  </book>
  <book year="2014" isbn="ISBN83763550019---11">
    <Authors>
      <Author>
        <Name>Fred</Name>
        <Email>fweasley@hogwarts.co.uk</Email>
      </Author>
      <Author>
        <Name>George</Name>
        <Email>gweasley@hogwarts.co.uk</Email>
      </Author>
    </Authors>
    <name>Book2</name>
  </book>
  <book year="2014" isbn="ISBN83763550019---11">
    <Authors>
      <Author>
        <Name>Fred</Name>
        <Email>fweasley@hogwarts.co.uk</Email>
      </Author>
      <Author>
        <Name>George</Name>
        <Email>gweasley@hogwarts.co.uk</Email>
      </Author>
    </Authors>
    <name>Book1</name>
  </book>
  <book year="2014" isbn="ISBN83763550019---11">
    <Authors>
      <Author>
        <Name>Fred</Name>
        <Email>fweasley@hogwarts.co.uk</Email>
      </Author>
      <Author>
        <Name>George</Name>
        <Email>gweasley@hogwarts.co.uk</Email>
      </Author>
    </Authors>
    <name>Book2</name>
  </book>
  <book year="2014" isbn="ISBN83763550019---11">
    <Authors>
      <Author>
        <Name>Fred</Name>
        <Email>fweasley@hogwarts.co.uk</Email>
      </Author>
      <Author>
        <Name>George</Name>
        <Email>gweasley@hogwarts.co.uk</Email>
      </Author>
    </Authors>
    <name>Book1</name>
  </book>
  <book year="2014" isbn="ISBN83763550019---11">
    <Authors>
      <Author>
        <Name>Fred</Name>
        <Email>fweasley@hogwarts.co.uk</Email>
      </Author>
      <Author>
        <Name>George</Name>
        <Email>gweasley@hogwarts.co.uk</Email>
      </Author>
    </Authors>
    <name>Book2</name>
  </book>
  <book year="2014" isbn="ISBN83763550019---11">
    <Authors>
      <Author>
        <Name>Fred</Name>
        <Email>fweasley@hogwarts.co.uk</Email>
      </Author>
      <Author>
        <Name>George</Name>
        <Email>gweasley@hogwarts.co.uk</Email>
      </Author>
    </Authors>
    <name>Book1</name>
  </book>
  <book year="2014" isbn="ISBN83763550019---11">
    <Authors>
      <Author>
        <Name>Fred</Name>
        <Email>fweasley@hogwarts.co.uk</Email>
      </Author>
      <Author>
        <Name>George</Name>
        <Email>gweasley@hogwarts.co.uk</Email>
      </Author>
    </Authors>
    <name>Book2</name>
  </book>
  <book year="2014" isbn="ISBN83763550019---11">
    <Authors>
      <Author>
        <Name>Fred</Name>
        <Email>fweasley@hogwarts.co.uk</Email>
      </Author>
      <Author>
        <Name>George</Name>
        <Email>gweasley@hogwarts.co.uk</Email>
      </Author>
    </Authors>
    <name>Book1</name>
  </book>
  <book year="2014" isbn="ISBN83763550019---11">
    <Authors>
      <Author>
        <Name>Fred</Name>
        <Email>fweasley@hogwarts.co.uk</Email>
      </Author>
      <Author>
        <Name>George</Name>
        <Email>gweasley@hogwarts.co.uk</Email>
      </Author>
    </Authors>
    <name>Book2</name>
  </book>
  <book year="2014" isbn="ISBN83763550019---11">
    <Authors>
      <Author>
        <Name>Fred</Name>
        <Email>fweasley@hogwarts.co.uk</Email>
      </Author>
      <Author>
        <Name>George</Name>
        <Email>gweasley@hogwarts.co.uk</Email>
      </Author>
    </Authors>
    <name>Book1</name>
  </book>
  <book year="2014" isbn="ISBN83763550019---11">
    <Authors>
      <Author>
        <Name>Fred</Name>
        <Email>fweasley@hogwarts.co.uk</Email>
      </Author>
      <Author>
        <Name>George</Name>
        <Email>gweasley@hogwarts.co.uk</Email>
      </Author>
    </Authors>
    <name>Book2</name>
  </book>
  <book year="2014" isbn="ISBN83763550019---11">
    <Authors>
      <Author>
        <Name>Fred</Name>
        <Email>fweasley@hogwarts.co.uk</Email>
      </Author>
      <Author>
        <Name>George</Name>
        <Email>gweasley@hogwarts.co.uk</Email>
      </Author>
    </Authors>
    <name>Book1</name>
  </book>
  <book year="2014" isbn="ISBN83763550019---11">
    <Authors>
      <Author>
        <Name>Fred</Name>
        <Email>fweasley@hogwarts.co.uk</Email>
      </Author>
      <Author>
        <Name>George</Name>
        <Email>gweasley@hogwarts.co.uk</Email>
      </Author>
    </Authors>
    <name>Book2</name>
  </book>
  <book year="2014" isbn="ISBN83763550019---11">
    <Authors>
      <Author>
        <Name>Fred</Name>
        <Email>fweasley@hogwarts.co.uk</Email>
      </Author>
      <Author>
        <Name>George</Name>
        <Email>gweasley@hogwarts.co.uk</Email>
      </Author>
    </Authors>
    <name>Book1</name>
  </book>
  <book year="2014" isbn="ISBN83763550019---11">
    <Authors>
      <Author>
        <Name>Fred</Name>
        <Email>fweasley@hogwarts.co.uk</Email>
      </Author>
      <Author>
        <Name>George</Name>
        <Email>gweasley@hogwarts.co.uk</Email>
      </Author>
    </Authors>
    <name>Book2</name>
  </book>
  <book year="2014" isbn="ISBN83763550019---11">
    <Authors>
      <Author>
        <Name>Fred</Name>
        <Email>fweasley@hogwarts.co.uk</Email>
      </Author>
      <Author>
        <Name>George</Name>
        <Email>gweasley@hogwarts.co.uk</Email>
      </Author>
    </Authors>
    <name>Book1</name>
  </book>
  <book year="2014" isbn="ISBN83763550019---11">
    <Authors>
      <Author>
        <Name>Fred</Name>
        <Email>fweasley@hogwarts.co.uk</Email>
      </Author>
      <Author>
        <Name>George</Name>
        <Email>gweasley@hogwarts.co.uk</Email>
      </Author>
    </Authors>
    <name>Book2</name>
  </book>
  <book year="2014" isbn="ISBN83763550019---11">
    <Authors>
      <Author>
        <Name>Fred</Name>
        <Email>fweasley@hogwarts.co.uk</Email>
      </Author>
      <Author>
        <Name>George</Name>
        <Email>gweasley@hogwarts.co.uk</Email>
      </Author>
    </Authors>
    <name>Book1</name>
  </book>
  <book year="2014" isbn="ISBN83763550019---11">
    <Authors>
      <Author>
        <Name>Fred</Name>
        <Email>fweasley@hogwarts.co.uk</Email>
      </Author>
      <Author>
        <Name>George</Name>
        <Email>gweasley@hogwarts.co.uk</Email>
      </Author>
    </Authors>
    <name>Book2</name>
  </book>
  <book year="2014" isbn="ISBN83763550019---11">
    <Authors>
      <Author>
        <Name>Fred</Name>
        <Email>fweasley@hogwarts.co.uk</Email>
      </Author>
      <Author>
        <Name>George</Name>
        <Email>gweasley@hogwarts.co.uk</Email>
      </Author>
    </Authors>
    <name>Book1</name>
  </book>
  <book year="2014" isbn="ISBN83763550019---11">
    <Authors>
      <Author>
        <Name>Fred</Name>
        <Email>fweasley@hogwarts.co.uk</Email>
      </Author>
      <Author>
        <Name>George</Name>
        <Email>gweasley@hogwarts.co.uk</Email>
      </Author>
    </Authors>
    <name>Book2</name>
  </book>
  <book year="2014" isbn="ISBN83763550019---11">
    <Authors>
      <Author>
        <Name>Fred</Name>
        <Email>fweasley@hogwarts.co.uk</Email>
      </Author>
      <Author>
        <Name>George</Name>
        <Email>gweasley@hogwarts.co.uk</Email>
      </Author>
    </Authors>
    <name>Book1</name>
  </book>
  <book year="2014" isbn="ISBN83763550019---11">
    <Authors>
      <Author>
        <Name>Fred</Name>
        <Email>fweasley@hogwarts.co.uk</Email>
      </Author>
      <Author>
        <Name>George</Name>
        <Email>gweasley@hogwarts.co.uk</Email>
      </Author>
    </Authors>
    <name>Book2</name>
  </book>
  <book year="2014" isbn="ISBN83763550019---11">
    <Authors>
      <Author>
        <Name>Fred</Name>
        <Email>fweasley@hogwarts.co.uk</Email>
      </Author>
      <Author>
        <Name>George</Name>
        <Email>gweasley@hogwarts.co.uk</Email>
      </Author>
    </Authors>
    <name>Book1</name>
  </book>
  <book year="2014" isbn="ISBN83763550019---11">
    <Authors>
      <Author>
        <Name>Fred</Name>
        <Email>fweasley@hogwarts.co.uk</Email>
      </Author>
      <Author>
        <Name>George</Name>
        <Email>gweasley@hogwarts.co.uk</Email>
      </Author>
    </Authors>
    <name>Book2</name>
  </book>
  <book year="2014" isbn="ISBN83763550019---11">
    <Authors>
      <Author>
        <Name>Fred</Name>
        <Email>fweasley@hogwarts.co.uk</Email>
      </Author>
      <Author>
        <Name>George</Name>
        <Email>gweasley@hogwarts.co.uk</Email>
      </Author>
    </Authors>
    <name>Book1</name>
  </book>
  <book year="2014" isbn="ISBN83763550019---11">
    <Authors>
      <Author>
        <Name>Fred</Name>
        <Email>fweasley@hogwarts.co.uk</Email>
      </Author>
      <Author>
        <Name>George</Name>
        <Email>gweasley@hogwarts.co.uk</Email>
      </Author>
    </Authors>
    <name>Book2</name>
  </book>
  <book year="2014" isbn="ISBN83763550019---11">
    <Authors>
      <Author>
        <Name>Fred</Name>
        <Email>fweasley@hogwarts.co.uk</Email>
      </Author>
      <Author>
        <Name>George</Name>
        <Email>gweasley@hogwarts.co.uk</Email>
      </Author>
    </Authors>
    <name>Book1</name>
  </book>
  <book year="2014" isbn="ISBN83763550019---11">
    <Authors>
      <Author>
        <Name>Fred</Name>
        <Email>fweasley@hogwarts.co.uk</Email>
      </Author>
      <Author>
        <Name>George</Name>
        <Email>gweasley@hogwarts.co.uk</Email>
      </Author>
    </Authors>
    <name>Book2</name>
  </book>
  <book year="2014" isbn="ISBN83763550019---11">
    <Authors>
      <Author>
        <Name>Fred</Name>
        <Email>fweasley@hogwarts.co.uk</Email>
      </Author>
      <Author>
        <Name>George</Name>
        <Email>gweasley@hogwarts.co.uk</Email>
      </Author>
    </Authors>
    <name>Book1</name>
  </book>
  <book year="2014" isbn="ISBN83763550019---11">
    <Authors>
      <Author>
        <Name>Fred</Name>
        <Email>fweasley@hogwarts.co.uk</Email>
      </Author>
      <Author>
        <Name>George</Name>
        <Email>gweasley@hogwarts.co.uk</Email>
      </Author>
    </Authors>
    <name>Book2</name>
  </book>
  <book year="2014" isbn="ISBN83763550019---11">
    <Authors>
      <Author>
        <Name>Fred</Name>
        <Email>fweasley@hogwarts.co.uk</Email>
      </Author>
      <Author>
        <Name>George</Name>
        <Email>gweasley@hogwarts.co.uk</Email>
      </Author>
    </Authors>
    <name>Book1</name>
  </book>
  <book year="2014" isbn="ISBN83763550019---11">
    <Authors>
      <Author>
        <Name>Fred</Name>
        <Email>fweasley@hogwarts.co.uk</Email>
      </Author>
      <Author>
        <Name>George</Name>
        <Email>gweasley@hogwarts.co.uk</Email>
      </Author>
    </Authors>
    <name>Book2</name>
  </book>
  <book year="2014" isbn="ISBN83763550019---11">
    <Authors>
      <Author>
        <Name>Fred</Name>
        <Email>fweasley@hogwarts.co.uk</Email>
      </Author>
      <Author>
        <Name>George</Name>
        <Email>gweasley@hogwarts.co.uk</Email>
      </Author>
    </Authors>
    <name>Book1</name>
  </book>
  <book year="2014" isbn="ISBN83763550019---11">
    <Authors>
      <Author>
        <Name>Fred</Name>
        <Email>fweasley@hogwarts.co.uk</Email>
      </Author>
      <Author>
        <Name>George</Name>
        <Email>gweasley@hogwarts.co.uk</Email>
      </Author>
    </Authors>
    <name>Book2</name>
  </book>
  <book year="2014" isbn="ISBN83763550019---11">
    <Authors>
      <Author>
        <Name>Fred</Name>
        <Email>fweasley@hogwarts.co.uk</Email>
      </Author>
      <Author>
        <Name>George</Name>
        <Email>gweasley@hogwarts.co.uk</Email>
      </Author>
    </Authors>
    <name>Book1</name>
  </book>
  <book year="2014" isbn="ISBN83763550019---11">
    <Authors>
      <Author>
        <Name>Fred</Name>
        <Email>fweasley@hogwarts.co.uk</Email>
      </Author>
      <Author>
        <Name>George</Name>
        <Email>gweasley@hogwarts.co.uk</Email>
      </Author>
    </Authors>
    <name>Book2</name>
  </book>
  <book year="2014" isbn="ISBN83763550019---11">
    <Authors>
      <Author>
        <Name>Fred</Name>
        <Email>fweasley@hogwarts.co.uk</Email>
      </Author>
      <Author>
        <Name>George</Name>
        <Email>gweasley@hogwarts.co.uk</Email>
      </Author>
    </Authors>
    <name>Book1</name>
  </book>
  <book year="2014" isbn="ISBN83763550019---11">
    <Authors>
      <Author>
        <Name>Fred</Name>
        <Email>fweasley@hogwarts.co.uk</Email>
      </Author>
      <Author>
        <Name>George</Name>
        <Email>gweasley@hogwarts.co.uk</Email>
      </Author>
    </Authors>
    <name>Book2</name>
  </book>
  <book year="2014" isbn="ISBN83763550019---11">
    <Authors>
      <Author>
        <Name>Fred</Name>
        <Email>fweasley@hogwarts.co.uk</Email>
      </Author>
      <Author>
        <Name>George</Name>
        <Email>gweasley@hogwarts.co.uk</Email>
      </Author>
    </Authors>
    <name>Book1</name>
  </book>
  <book year="2014" isbn="ISBN83763550019---11">
    <Authors>
      <Author>
        <Name>Fred</Name>
        <Email>fweasley@hogwarts.co.uk</Email>
      </Author>
      <Author>
        <Name>George</Name>
        <Email>gweasley@hogwarts.co.uk</Email>
      </Author>
    </Authors>
    <name>Book2</name>
  </book>
  <book year="2014" isbn="ISBN83763550019---11">
    <Authors>
      <Author>
        <Name>Fred</Name>
        <Email>fweasley@hogwarts.co.uk</Email>
      </Author>
      <Author>
        <Name>George</Name>
        <Email>gweasley@hogwarts.co.uk</Email>
      </Author>
    </Authors>
    <name>Book1</name>
  </book>
  <book year="2014" isbn="ISBN83763550019---11">
    <Authors>
      <Author>
        <Name>Fred</Name>
        <Email>fweasley@hogwarts.co.uk</Email>
      </Author>
      <Author>
        <Name>George</Name>
        <Email>gweasley@hogwarts.co.uk</Email>
      </Author>
    </Authors>
    <name>Book2</name>
  </book>
  <book year="2014" isbn="ISBN83763550019---11">
    <Authors>
      <Author>
        <Name>Fred</Name>
        <Email>fweasley@hogwarts.co.uk</Email>
      </Author>
      <Author>
        <Name>George</Name>
        <Email>gweasley@hogwarts.co.uk</Email>
      </Author>
    </Authors>
    <name>Book1</name>
  </book>
  <book year="2014" isbn="ISBN83763550019---11">
    <Authors>
      <Author>
        <Name>Fred</Name>
        <Email>fweasley@hogwarts.co.uk</Email>
      </Author>
      <Author>
        <Name>George</Name>
        <Email>gweasley@hogwarts.co.uk</Email>
      </Author>
    </Authors>
    <name>Book2</name>
  </book>
  <book year="2014" isbn="ISBN83763550019---11">
    <Authors>
      <Author>
        <Name>Fred</Name>
        <Email>fweasley@hogwarts.co.uk</Email>
      </Author>
      <Author>
        <Name>George</Name>
        <Email>gweasley@hogwarts.co.uk</Email>
      </Author>
    </Authors>
    <name>Book1</name>
  </book>
  <book year="2014" isbn="ISBN83763550019---11">
    <Authors>
      <Author>
        <Name>Fred</Name>
        <Email>fweasley@hogwarts.co.uk</Email>
      </Author>
      <Author>
        <Name>George</Name>
        <Email>gweasley@hogwarts.co.uk</Email>
      </Author>
    </Authors>
    <name>Book2</name>
  </book>
  <book year="2014" isbn="ISBN83763550019---11">
    <Authors>
      <Author>
        <Name>Fred</Name>
        <Email>fweasley@hogwarts.co.uk</Email>
      </Author>
      <Author>
        <Name>George</Name>
        <Email>gweasley@hogwarts.co.uk</Email>
      </Author>
    </Authors>
    <name>Book1</name>
  </book>
  <book year="2014" isbn="ISBN83763550019---11">
    <Authors>
      <Author>
        <Name>Fred</Name>
        <Email>fweasley@hogwarts.co.uk</Email>
      </Author>
      <Author>
        <Name>George</Name>
        <Email>gweasley@hogwarts.co.uk</Email>
      </Author>
    </Authors>
    <name>Book2</name>
  </book>
  <book year="2014" isbn="ISBN83763550019---11">
    <Authors>
      <Author>
        <Name>Fred</Name>
        <Email>fweasley@hogwarts.co.uk</Email>
      </Author>
      <Author>
        <Name>George</Name>
        <Email>gweasley@hogwarts.co.uk</Email>
      </Author>
    </Authors>
    <name>Book1</name>
  </book>
  <book year="2014" isbn="ISBN83763550019---11">
    <Authors>
      <Author>
        <Name>Fred</Name>
        <Email>fweasley@hogwarts.co.uk</Email>
      </Author>
      <Author>
        <Name>George</Name>
        <Email>gweasley@hogwarts.co.uk</Email>
      </Author>
    </Authors>
    <name>Book2</name>
  </book>
  <book year="2014" isbn="ISBN83763550019---11">
    <Authors>
      <Author>
        <Name>Fred</Name>
        <Email>fweasley@hogwarts.co.uk</Email>
      </Author>
      <Author>
        <Name>George</Name>
        <Email>gweasley@hogwarts.co.uk</Email>
      </Author>
    </Authors>
    <name>Book1</name>
  </book>
  <book year="2014" isbn="ISBN83763550019---11">
    <Authors>
      <Author>
        <Name>Fred</Name>
        <Email>fweasley@hogwarts.co.uk</Email>
      </Author>
      <Author>
        <Name>George</Name>
        <Email>gweasley@hogwarts.co.uk</Email>
      </Author>
    </Authors>
    <name>Book2</name>
  </book>
  <book year="2014" isbn="ISBN83763550019---11">
    <Authors>
      <Author>
        <Name>Fred</Name>
        <Email>fweasley@hogwarts.co.uk</Email>
      </Author>
      <Author>
        <Name>George</Name>
        <Email>gweasley@hogwarts.co.uk</Email>
      </Author>
    </Authors>
    <name>Book1</name>
  </book>
  <book year="2014" isbn="ISBN83763550019---11">
    <Authors>
      <Author>
        <Name>Fred</Name>
        <Email>fweasley@hogwarts.co.uk</Email>
      </Author>
      <Author>
        <Name>George</Name>
        <Email>gweasley@hogwarts.co.uk</Email>
      </Author>
    </Authors>
    <name>Book2</name>
  </book>
  <book year="2014" isbn="ISBN83763550019---11">
    <Authors>
      <Author>
        <Name>Fred</Name>
        <Email>fweasley@hogwarts.co.uk</Email>
      </Author>
      <Author>
        <Name>George</Name>
        <Email>gweasley@hogwarts.co.uk</Email>
      </Author>
    </Authors>
    <name>Book1</name>
  </book>
  <book year="2014" isbn="ISBN83763550019---11">
    <Authors>
      <Author>
        <Name>Fred</Name>
        <Email>fweasley@hogwarts.co.uk</Email>
      </Author>
      <Author>
        <Name>George</Name>
        <Email>gweasley@hogwarts.co.uk</Email>
      </Author>
    </Authors>
    <name>Book2</name>
  </book>
  <book year="2014" isbn="ISBN83763550019---11">
    <Authors>
      <Author>
        <Name>Fred</Name>
        <Email>fweasley@hogwarts.co.uk</Email>
      </Author>
      <Author>
        <Name>George</Name>
        <Email>gweasley@hogwarts.co.uk</Email>
      </Author>
    </Authors>
    <name>Book1</name>
  </book>
  <book year="2014" isbn="ISBN83763550019---11">
    <Authors>
      <Author>
        <Name>Fred</Name>
        <Email>fweasley@hogwarts.co.uk</Email>
      </Author>
      <Author>
        <Name>George</Name>
        <Email>gweasley@hogwarts.co.uk</Email>
      </Author>
    </Authors>
    <name>Book2</name>
  </book>
  <book year="2014" isbn="ISBN83763550019---11">
    <Authors>
      <Author>
        <Name>Fred</Name>
        <Email>fweasley@hogwarts.co.uk</Email>
      </Author>
      <Author>
        <Name>George</Name>
        <Email>gweasley@hogwarts.co.uk</Email>
      </Author>
    </Authors>
    <name>Book1</name>
  </book>
  <book year="2014" isbn="ISBN83763550019---11">
    <Authors>
      <Author>
        <Name>Fred</Name>
        <Email>fweasley@hogwarts.co.uk</Email>
      </Author>
      <Author>
        <Name>George</Name>
        <Email>gweasley@hogwarts.co.uk</Email>
      </Author>
    </Authors>
    <name>Book2</name>
  </book>
  <book year="2014" isbn="ISBN83763550019---11">
    <Authors>
      <Author>
        <Name>Fred</Name>
        <Email>fweasley@hogwarts.co.uk</Email>
      </Author>
      <Author>
        <Name>George</Name>
        <Email>gweasley@hogwarts.co.uk</Email>
      </Author>
    </Authors>
    <name>Book1</name>
  </book>
  <book year="2014" isbn="ISBN83763550019---11">
    <Authors>
      <Author>
        <Name>Fred</Name>
        <Email>fweasley@hogwarts.co.uk</Email>
      </Author>
      <Author>
        <Name>George</Name>
        <Email>gweasley@hogwarts.co.uk</Email>
      </Author>
    </Authors>
    <name>Book2</name>
  </book>
  <book year="2014" isbn="ISBN83763550019---11">
    <Authors>
      <Author>
        <Name>Fred</Name>
        <Email>fweasley@hogwarts.co.uk</Email>
      </Author>
      <Author>
        <Name>George</Name>
        <Email>gweasley@hogwarts.co.uk</Email>
      </Author>
    </Authors>
    <name>Book1</name>
  </book>
  <book year="2014" isbn="ISBN83763550019---11">
    <Authors>
      <Author>
        <Name>Fred</Name>
        <Email>fweasley@hogwarts.co.uk</Email>
      </Author>
      <Author>
        <Name>George</Name>
        <Email>gweasley@hogwarts.co.uk</Email>
      </Author>
    </Authors>
    <name>Book2</name>
  </book>
  <book year="2014" isbn="ISBN83763550019---11">
    <Authors>
      <Author>
        <Name>Fred</Name>
        <Email>fweasley@hogwarts.co.uk</Email>
      </Author>
      <Author>
        <Name>George</Name>
        <Email>gweasley@hogwarts.co.uk</Email>
      </Author>
    </Authors>
    <name>Book1</name>
  </book>
  <book year="2014" isbn="ISBN83763550019---11">
    <Authors>
      <Author>
        <Name>Fred</Name>
        <Email>fweasley@hogwarts.co.uk</Email>
      </Author>
      <Author>
        <Name>George</Name>
        <Email>gweasley@hogwarts.co.uk</Email>
      </Author>
    </Authors>
    <name>Book2</name>
  </book>
  <book year="2014" isbn="ISBN83763550019---11">
    <Authors>
      <Author>
        <Name>Fred</Name>
        <Email>fweasley@hogwarts.co.uk</Email>
      </Author>
      <Author>
        <Name>George</Name>
        <Email>gweasley@hogwarts.co.uk</Email>
      </Author>
    </Authors>
    <name>Book1</name>
  </book>
  <book year="2014" isbn="ISBN83763550019---11">
    <Authors>
      <Author>
        <Name>Fred</Name>
        <Email>fweasley@hogwarts.co.uk</Email>
      </Author>
      <Author>
        <Name>George</Name>
        <Email>gweasley@hogwarts.co.uk</Email>
      </Author>
    </Authors>
    <name>Book2</name>
  </book>
  <book year="2014" isbn="ISBN83763550019---11">
    <Authors>
      <Author>
        <Name>Fred</Name>
        <Email>fweasley@hogwarts.co.uk</Email>
      </Author>
      <Author>
        <Name>George</Name>
        <Email>gweasley@hogwarts.co.uk</Email>
      </Author>
    </Authors>
    <name>Book1</name>
  </book>
  <book year="2014" isbn="ISBN83763550019---11">
    <Authors>
      <Author>
        <Name>Fred</Name>
        <Email>fweasley@hogwarts.co.uk</Email>
      </Author>
      <Author>
        <Name>George</Name>
        <Email>gweasley@hogwarts.co.uk</Email>
      </Author>
    </Authors>
    <name>Book2</name>
  </book>
  <book year="2014" isbn="ISBN83763550019---11">
    <Authors>
      <Author>
        <Name>Fred</Name>
        <Email>fweasley@hogwarts.co.uk</Email>
      </Author>
      <Author>
        <Name>George</Name>
        <Email>gweasley@hogwarts.co.uk</Email>
      </Author>
    </Authors>
    <name>Book1</name>
  </book>
  <book year="2014" isbn="ISBN83763550019---11">
    <Authors>
      <Author>
        <Name>Fred</Name>
        <Email>fweasley@hogwarts.co.uk</Email>
      </Author>
      <Author>
        <Name>George</Name>
        <Email>gweasley@hogwarts.co.uk</Email>
      </Author>
    </Authors>
    <name>Book2</name>
  </book>
  <book year="2014" isbn="ISBN83763550019---11">
    <Authors>
      <Author>
        <Name>Fred</Name>
        <Email>fweasley@hogwarts.co.uk</Email>
      </Author>
      <Author>
        <Name>George</Name>
        <Email>gweasley@hogwarts.co.uk</Email>
      </Author>
    </Authors>
    <name>Book1</name>
  </book>
  <book year="2014" isbn="ISBN83763550019---11">
    <Authors>
      <Author>
        <Name>Fred</Name>
        <Email>fweasley@hogwarts.co.uk</Email>
      </Author>
      <Author>
        <Name>George</Name>
        <Email>gweasley@hogwarts.co.uk</Email>
      </Author>
    </Authors>
    <name>Book2</name>
  </book>
  <book year="2014" isbn="ISBN83763550019---11">
    <Authors>
      <Author>
        <Name>Fred</Name>
        <Email>fweasley@hogwarts.co.uk</Email>
      </Author>
      <Author>
        <Name>George</Name>
        <Email>gweasley@hogwarts.co.uk</Email>
      </Author>
    </Authors>
    <name>Book1</name>
  </book>
  <book year="2014" isbn="ISBN83763550019---11">
    <Authors>
      <Author>
        <Name>Fred</Name>
        <Email>fweasley@hogwarts.co.uk</Email>
      </Author>
      <Author>
        <Name>George</Name>
        <Email>gweasley@hogwarts.co.uk</Email>
      </Author>
    </Authors>
    <name>Book2</name>
  </book>
  <book year="2014" isbn="ISBN83763550019---11">
    <Authors>
      <Author>
        <Name>Fred</Name>
        <Email>fweasley@hogwarts.co.uk</Email>
      </Author>
      <Author>
        <Name>George</Name>
        <Email>gweasley@hogwarts.co.uk</Email>
      </Author>
    </Authors>
    <name>Book1</name>
  </book>
  <book year="2014" isbn="ISBN83763550019---11">
    <Authors>
      <Author>
        <Name>Fred</Name>
        <Email>fweasley@hogwarts.co.uk</Email>
      </Author>
      <Author>
        <Name>George</Name>
        <Email>gweasley@hogwarts.co.uk</Email>
      </Author>
    </Authors>
    <name>Book2</name>
  </book>
  <book year="2014" isbn="ISBN83763550019---11">
    <Authors>
      <Author>
        <Name>Fred</Name>
        <Email>fweasley@hogwarts.co.uk</Email>
      </Author>
      <Author>
        <Name>George</Name>
        <Email>gweasley@hogwarts.co.uk</Email>
      </Author>
    </Authors>
    <name>Book1</name>
  </book>
  <book year="2014" isbn="ISBN83763550019---11">
    <Authors>
      <Author>
        <Name>Fred</Name>
        <Email>fweasley@hogwarts.co.uk</Email>
      </Author>
      <Author>
        <Name>George</Name>
        <Email>gweasley@hogwarts.co.uk</Email>
      </Author>
    </Authors>
    <name>Book2</name>
  </book>
  <book year="2014" isbn="ISBN83763550019---11">
    <Authors>
      <Author>
        <Name>Fred</Name>
        <Email>fweasley@hogwarts.co.uk</Email>
      </Author>
      <Author>
        <Name>George</Name>
        <Email>gweasley@hogwarts.co.uk</Email>
      </Author>
    </Authors>
    <name>Book1</name>
  </book>
  <book year="2014" isbn="ISBN83763550019---11">
    <Authors>
      <Author>
        <Name>Fred</Name>
        <Email>fweasley@hogwarts.co.uk</Email>
      </Author>
      <Author>
        <Name>George</Name>
        <Email>gweasley@hogwarts.co.uk</Email>
      </Author>
    </Authors>
    <name>Book2</name>
  </book>
  <book year="2014" isbn="ISBN83763550019---11">
    <Authors>
      <Author>
        <Name>Fred</Name>
        <Email>fweasley@hogwarts.co.uk</Email>
      </Author>
      <Author>
        <Name>George</Name>
        <Email>gweasley@hogwarts.co.uk</Email>
      </Author>
    </Authors>
    <name>Book1</name>
  </book>
  <book year="2014" isbn="ISBN83763550019---11">
    <Authors>
      <Author>
        <Name>Fred</Name>
        <Email>fweasley@hogwarts.co.uk</Email>
      </Author>
      <Author>
        <Name>George</Name>
        <Email>gweasley@hogwarts.co.uk</Email>
      </Author>
    </Authors>
    <name>Book2</name>
  </book>
  <book year="2014" isbn="ISBN83763550019---11">
    <Authors>
      <Author>
        <Name>Fred</Name>
        <Email>fweasley@hogwarts.co.uk</Email>
      </Author>
      <Author>
        <Name>George</Name>
        <Email>gweasley@hogwarts.co.uk</Email>
      </Author>
    </Authors>
    <name>Book1</name>
  </book>
  <book year="2014" isbn="ISBN83763550019---11">
    <Authors>
      <Author>
        <Name>Fred</Name>
        <Email>fweasley@hogwarts.co.uk</Email>
      </Author>
      <Author>
        <Name>George</Name>
        <Email>gweasley@hogwarts.co.uk</Email>
      </Author>
    </Authors>
    <name>Book2</name>
  </book>
  <book year="2014" isbn="ISBN83763550019---11">
    <Authors>
      <Author>
        <Name>Fred</Name>
        <Email>fweasley@hogwarts.co.uk</Email>
      </Author>
      <Author>
        <Name>George</Name>
        <Email>gweasley@hogwarts.co.uk</Email>
      </Author>
    </Authors>
    <name>Book1</name>
  </book>
  <book year="2014" isbn="ISBN83763550019---11">
    <Authors>
      <Author>
        <Name>Fred</Name>
        <Email>fweasley@hogwarts.co.uk</Email>
      </Author>
      <Author>
        <Name>George</Name>
        <Email>gweasley@hogwarts.co.uk</Email>
      </Author>
    </Authors>
    <name>Book2</name>
  </book>
  <book year="2014" isbn="ISBN83763550019---11">
    <Authors>
      <Author>
        <Name>Fred</Name>
        <Email>fweasley@hogwarts.co.uk</Email>
      </Author>
      <Author>
        <Name>George</Name>
        <Email>gweasley@hogwarts.co.uk</Email>
      </Author>
    </Authors>
    <name>Book1</name>
  </book>
  <book year="2014" isbn="ISBN83763550019---11">
    <Authors>
      <Author>
        <Name>Fred</Name>
        <Email>fweasley@hogwarts.co.uk</Email>
      </Author>
      <Author>
        <Name>George</Name>
        <Email>gweasley@hogwarts.co.uk</Email>
      </Author>
    </Authors>
    <name>Book2</name>
  </book>
  <book year="2014" isbn="ISBN83763550019---11">
    <Authors>
      <Author>
        <Name>Fred</Name>
        <Email>fweasley@hogwarts.co.uk</Email>
      </Author>
      <Author>
        <Name>George</Name>
        <Email>gweasley@hogwarts.co.uk</Email>
      </Author>
    </Authors>
    <name>Book1</name>
  </book>
  <book year="2014" isbn="ISBN83763550019---11">
    <Authors>
      <Author>
        <Name>Fred</Name>
        <Email>fweasley@hogwarts.co.uk</Email>
      </Author>
      <Author>
        <Name>George</Name>
        <Email>gweasley@hogwarts.co.uk</Email>
      </Author>
    </Authors>
    <name>Book2</name>
  </book>
  <book year="2014" isbn="ISBN83763550019---11">
    <Authors>
      <Author>
        <Name>Fred</Name>
        <Email>fweasley@hogwarts.co.uk</Email>
      </Author>
      <Author>
        <Name>George</Name>
        <Email>gweasley@hogwarts.co.uk</Email>
      </Author>
    </Authors>
    <name>Book1</name>
  </book>
  <book year="2014" isbn="ISBN83763550019---11">
    <Authors>
      <Author>
        <Name>Fred</Name>
        <Email>fweasley@hogwarts.co.uk</Email>
      </Author>
      <Author>
        <Name>George</Name>
        <Email>gweasley@hogwarts.co.uk</Email>
      </Author>
    </Authors>
    <name>Book2</name>
  </book>
  <book year="2014" isbn="ISBN83763550019---11">
    <Authors>
      <Author>
        <Name>Fred</Name>
        <Email>fweasley@hogwarts.co.uk</Email>
      </Author>
      <Author>
        <Name>George</Name>
        <Email>gweasley@hogwarts.co.uk</Email>
      </Author>
    </Authors>
    <name>Book1</name>
  </book>
  <book year="2014" isbn="ISBN83763550019---11">
    <Authors>
      <Author>
        <Name>Fred</Name>
        <Email>fweasley@hogwarts.co.uk</Email>
      </Author>
      <Author>
        <Name>George</Name>
        <Email>gweasley@hogwarts.co.uk</Email>
      </Author>
    </Authors>
    <name>Book2</name>
  </book>
  <book year="2014" isbn="ISBN83763550019---11">
    <Authors>
      <Author>
        <Name>Fred</Name>
        <Email>fweasley@hogwarts.co.uk</Email>
      </Author>
      <Author>
        <Name>George</Name>
        <Email>gweasley@hogwarts.co.uk</Email>
      </Author>
    </Authors>
    <name>Book1</name>
  </book>
  <book year="2014" isbn="ISBN83763550019---11">
    <Authors>
      <Author>
        <Name>Fred</Name>
        <Email>fweasley@hogwarts.co.uk</Email>
      </Author>
      <Author>
        <Name>George</Name>
        <Email>gweasley@hogwarts.co.uk</Email>
      </Author>
    </Authors>
    <name>Book2</name>
  </book>
  <book year="2014" isbn="ISBN83763550019---11">
    <Authors>
      <Author>
        <Name>Fred</Name>
        <Email>fweasley@hogwarts.co.uk</Email>
      </Author>
      <Author>
        <Name>George</Name>
        <Email>gweasley@hogwarts.co.uk</Email>
      </Author>
    </Authors>
    <name>Book1</name>
  </book>
  <book year="2014" isbn="ISBN83763550019---11">
    <Authors>
      <Author>
        <Name>Fred</Name>
        <Email>fweasley@hogwarts.co.uk</Email>
      </Author>
      <Author>
        <Name>George</Name>
        <Email>gweasley@hogwarts.co.uk</Email>
      </Author>
    </Authors>
    <name>Book2</name>
  </book>
  <book year="2014" isbn="ISBN83763550019---11">
    <Authors>
      <Author>
        <Name>Fred</Name>
        <Email>fweasley@hogwarts.co.uk</Email>
      </Author>
      <Author>
        <Name>George</Name>
        <Email>gweasley@hogwarts.co.uk</Email>
      </Author>
    </Authors>
    <name>Book1</name>
  </book>
  <book year="2014" isbn="ISBN83763550019---11">
    <Authors>
      <Author>
        <Name>Fred</Name>
        <Email>fweasley@hogwarts.co.uk</Email>
      </Author>
      <Author>
        <Name>George</Name>
        <Email>gweasley@hogwarts.co.uk</Email>
      </Author>
    </Authors>
    <name>Book2</name>
  </book>
  <book year="2014" isbn="ISBN83763550019---11">
    <Authors>
      <Author>
        <Name>Fred</Name>
        <Email>fweasley@hogwarts.co.uk</Email>
      </Author>
      <Author>
        <Name>George</Name>
        <Email>gweasley@hogwarts.co.uk</Email>
      </Author>
    </Authors>
    <name>Book1</name>
  </book>
  <book year="2014" isbn="ISBN83763550019---11">
    <Authors>
      <Author>
        <Name>Fred</Name>
        <Email>fweasley@hogwarts.co.uk</Email>
      </Author>
      <Author>
        <Name>George</Name>
        <Email>gweasley@hogwarts.co.uk</Email>
      </Author>
    </Authors>
    <name>Book2</name>
  </book>
  <book year="2014" isbn="ISBN83763550019---11">
    <Authors>
      <Author>
        <Name>Fred</Name>
        <Email>fweasley@hogwarts.co.uk</Email>
      </Author>
      <Author>
        <Name>George</Name>
        <Email>gweasley@hogwarts.co.uk</Email>
      </Author>
    </Authors>
    <name>Book1</name>
  </book>
  <book year="2014" isbn="ISBN83763550019---11">
    <Authors>
      <Author>
        <Name>Fred</Name>
        <Email>fweasley@hogwarts.co.uk</Email>
      </Author>
      <Author>
        <Name>George</Name>
        <Email>gweasley@hogwarts.co.uk</Email>
      </Author>
    </Authors>
    <name>Book2</name>
  </book>
  <book year="2014" isbn="ISBN83763550019---11">
    <Authors>
      <Author>
        <Name>Fred</Name>
        <Email>fweasley@hogwarts.co.uk</Email>
      </Author>
      <Author>
        <Name>George</Name>
        <Email>gweasley@hogwarts.co.uk</Email>
      </Author>
    </Authors>
    <name>Book1</name>
  </book>
  <book year="2014" isbn="ISBN83763550019---11">
    <Authors>
      <Author>
        <Name>Fred</Name>
        <Email>fweasley@hogwarts.co.uk</Email>
      </Author>
      <Author>
        <Name>George</Name>
        <Email>gweasley@hogwarts.co.uk</Email>
      </Author>
    </Authors>
    <name>Book2</name>
  </book>
  <book year="2014" isbn="ISBN83763550019---11">
    <Authors>
      <Author>
        <Name>Fred</Name>
        <Email>fweasley@hogwarts.co.uk</Email>
      </Author>
      <Author>
        <Name>George</Name>
        <Email>gweasley@hogwarts.co.uk</Email>
      </Author>
    </Authors>
    <name>Book1</name>
  </book>
  <book year="2014" isbn="ISBN83763550019---11">
    <Authors>
      <Author>
        <Name>Fred</Name>
        <Email>fweasley@hogwarts.co.uk</Email>
      </Author>
      <Author>
        <Name>George</Name>
        <Email>gweasley@hogwarts.co.uk</Email>
      </Author>
    </Authors>
    <name>Book2</name>
  </book>
  <book year="2014" isbn="ISBN83763550019---11">
    <Authors>
      <Author>
        <Name>Fred</Name>
        <Email>fweasley@hogwarts.co.uk</Email>
      </Author>
      <Author>
        <Name>George</Name>
        <Email>gweasley@hogwarts.co.uk</Email>
      </Author>
    </Authors>
    <name>Book1</name>
  </book>
  <book year="2014" isbn="ISBN83763550019---11">
    <Authors>
      <Author>
        <Name>Fred</Name>
        <Email>fweasley@hogwarts.co.uk</Email>
      </Author>
      <Author>
        <Name>George</Name>
        <Email>gweasley@hogwarts.co.uk</Email>
      </Author>
    </Authors>
    <name>Book2</name>
  </book>
  <book year="2014" isbn="ISBN83763550019---11">
    <Authors>
      <Author>
        <Name>Fred</Name>
        <Email>fweasley@hogwarts.co.uk</Email>
      </Author>
      <Author>
        <Name>George</Name>
        <Email>gweasley@hogwarts.co.uk</Email>
      </Author>
    </Authors>
    <name>Book1</name>
  </book>
  <book year="2014" isbn="ISBN83763550019---11">
    <Authors>
      <Author>
        <Name>Fred</Name>
        <Email>fweasley@hogwarts.co.uk</Email>
      </Author>
      <Author>
        <Name>George</Name>
        <Email>gweasley@hogwarts.co.uk</Email>
      </Author>
    </Authors>
    <name>Book2</name>
  </book>
  <book year="2014" isbn="ISBN83763550019---11">
    <Authors>
      <Author>
        <Name>Fred</Name>
        <Email>fweasley@hogwarts.co.uk</Email>
      </Author>
      <Author>
        <Name>George</Name>
        <Email>gweasley@hogwarts.co.uk</Email>
      </Author>
    </Authors>
    <name>Book1</name>
  </book>
  <book year="2014" isbn="ISBN83763550019---11">
    <Authors>
      <Author>
        <Name>Fred</Name>
        <Email>fweasley@hogwarts.co.uk</Email>
      </Author>
      <Author>
        <Name>George</Name>
        <Email>gweasley@hogwarts.co.uk</Email>
      </Author>
    </Authors>
    <name>Book2</name>
  </book>
  <book year="2014" isbn="ISBN83763550019---11">
    <Authors>
      <Author>
        <Name>Fred</Name>
        <Email>fweasley@hogwarts.co.uk</Email>
      </Author>
      <Author>
        <Name>George</Name>
        <Email>gweasley@hogwarts.co.uk</Email>
      </Author>
    </Authors>
    <name>Book1</name>
  </book>
  <book year="2014" isbn="ISBN83763550019---11">
    <Authors>
      <Author>
        <Name>Fred</Name>
        <Email>fweasley@hogwarts.co.uk</Email>
      </Author>
      <Author>
        <Name>George</Name>
        <Email>gweasley@hogwarts.co.uk</Email>
      </Author>
    </Authors>
    <name>Book2</name>
  </book>
  <book year="2014" isbn="ISBN83763550019---11">
    <Authors>
      <Author>
        <Name>Fred</Name>
        <Email>fweasley@hogwarts.co.uk</Email>
      </Author>
      <Author>
        <Name>George</Name>
        <Email>gweasley@hogwarts.co.uk</Email>
      </Author>
    </Authors>
    <name>Book1</name>
  </book>
  <book year="2014" isbn="ISBN83763550019---11">
    <Authors>
      <Author>
        <Name>Fred</Name>
        <Email>fweasley@hogwarts.co.uk</Email>
      </Author>
      <Author>
        <Name>George</Name>
        <Email>gweasley@hogwarts.co.uk</Email>
      </Author>
    </Authors>
    <name>Book2</name>
  </book>
  <book year="2014" isbn="ISBN83763550019---11">
    <Authors>
      <Author>
        <Name>Fred</Name>
        <Email>fweasley@hogwarts.co.uk</Email>
      </Author>
      <Author>
        <Name>George</Name>
        <Email>gweasley@hogwarts.co.uk</Email>
      </Author>
    </Authors>
    <name>Book1</name>
  </book>
  <book year="2014" isbn="ISBN83763550019---11">
    <Authors>
      <Author>
        <Name>Fred</Name>
        <Email>fweasley@hogwarts.co.uk</Email>
      </Author>
      <Author>
        <Name>George</Name>
        <Email>gweasley@hogwarts.co.uk</Email>
      </Author>
    </Authors>
    <name>Book2</name>
  </book>
  <book year="2014" isbn="ISBN83763550019---11">
    <Authors>
      <Author>
        <Name>Fred</Name>
        <Email>fweasley@hogwarts.co.uk</Email>
      </Author>
      <Author>
        <Name>George</Name>
        <Email>gweasley@hogwarts.co.uk</Email>
      </Author>
    </Authors>
    <name>Book1</name>
  </book>
  <book year="2014" isbn="ISBN83763550019---11">
    <Authors>
      <Author>
        <Name>Fred</Name>
        <Email>fweasley@hogwarts.co.uk</Email>
      </Author>
      <Author>
        <Name>George</Name>
        <Email>gweasley@hogwarts.co.uk</Email>
      </Author>
    </Authors>
    <name>Book2</name>
  </book>
  <book year="2014" isbn="ISBN83763550019---11">
    <Authors>
      <Author>
        <Name>Fred</Name>
        <Email>fweasley@hogwarts.co.uk</Email>
      </Author>
      <Author>
        <Name>George</Name>
        <Email>gweasley@hogwarts.co.uk</Email>
      </Author>
    </Authors>
    <name>Book1</name>
  </book>
  <book year="2014" isbn="ISBN83763550019---11">
    <Authors>
      <Author>
        <Name>Fred</Name>
        <Email>fweasley@hogwarts.co.uk</Email>
      </Author>
      <Author>
        <Name>George</Name>
        <Email>gweasley@hogwarts.co.uk</Email>
      </Author>
    </Authors>
    <name>Book2</name>
  </book>
  <book year="2014" isbn="ISBN83763550019---11">
    <Authors>
      <Author>
        <Name>Fred</Name>
        <Email>fweasley@hogwarts.co.uk</Email>
      </Author>
      <Author>
        <Name>George</Name>
        <Email>gweasley@hogwarts.co.uk</Email>
      </Author>
    </Authors>
    <name>Book1</name>
  </book>
  <book year="2014" isbn="ISBN83763550019---11">
    <Authors>
      <Author>
        <Name>Fred</Name>
        <Email>fweasley@hogwarts.co.uk</Email>
      </Author>
      <Author>
        <Name>George</Name>
        <Email>gweasley@hogwarts.co.uk</Email>
      </Author>
    </Authors>
    <name>Book2</name>
  </book>
  <book year="2014" isbn="ISBN83763550019---11">
    <Authors>
      <Author>
        <Name>Fred</Name>
        <Email>fweasley@hogwarts.co.uk</Email>
      </Author>
      <Author>
        <Name>George</Name>
        <Email>gweasley@hogwarts.co.uk</Email>
      </Author>
    </Authors>
    <name>Book1</name>
  </book>
  <book year="2014" isbn="ISBN83763550019---11">
    <Authors>
      <Author>
        <Name>Fred</Name>
        <Email>fweasley@hogwarts.co.uk</Email>
      </Author>
      <Author>
        <Name>George</Name>
        <Email>gweasley@hogwarts.co.uk</Email>
      </Author>
    </Authors>
    <name>Book2</name>
  </book>
  <book year="2014" isbn="ISBN83763550019---11">
    <Authors>
      <Author>
        <Name>Fred</Name>
        <Email>fweasley@hogwarts.co.uk</Email>
      </Author>
      <Author>
        <Name>George</Name>
        <Email>gweasley@hogwarts.co.uk</Email>
      </Author>
    </Authors>
    <name>Book1</name>
  </book>
  <book year="2014" isbn="ISBN83763550019---11">
    <Authors>
      <Author>
        <Name>Fred</Name>
        <Email>fweasley@hogwarts.co.uk</Email>
      </Author>
      <Author>
        <Name>George</Name>
        <Email>gweasley@hogwarts.co.uk</Email>
      </Author>
    </Authors>
    <name>Book2</name>
  </book>
  <book year="2014" isbn="ISBN83763550019---11">
    <Authors>
      <Author>
        <Name>Fred</Name>
        <Email>fweasley@hogwarts.co.uk</Email>
      </Author>
      <Author>
        <Name>George</Name>
        <Email>gweasley@hogwarts.co.uk</Email>
      </Author>
    </Authors>
    <name>Book1</name>
  </book>
  <book year="2014" isbn="ISBN83763550019---11">
    <Authors>
      <Author>
        <Name>Fred</Name>
        <Email>fweasley@hogwarts.co.uk</Email>
      </Author>
      <Author>
        <Name>George</Name>
        <Email>gweasley@hogwarts.co.uk</Email>
      </Author>
    </Authors>
    <name>Book2</name>
  </book>
  <book year="2014" isbn="ISBN83763550019---11">
    <Authors>
      <Author>
        <Name>Fred</Name>
        <Email>fweasley@hogwarts.co.uk</Email>
      </Author>
      <Author>
        <Name>George</Name>
        <Email>gweasley@hogwarts.co.uk</Email>
      </Author>
    </Authors>
    <name>Book1</name>
  </book>
  <book year="2014" isbn="ISBN83763550019---11">
    <Authors>
      <Author>
        <Name>Fred</Name>
        <Email>fweasley@hogwarts.co.uk</Email>
      </Author>
      <Author>
        <Name>George</Name>
        <Email>gweasley@hogwarts.co.uk</Email>
      </Author>
    </Authors>
    <name>Book2</name>
  </book>
  <book year="2014" isbn="ISBN83763550019---11">
    <Authors>
      <Author>
        <Name>Fred</Name>
        <Email>fweasley@hogwarts.co.uk</Email>
      </Author>
      <Author>
        <Name>George</Name>
        <Email>gweasley@hogwarts.co.uk</Email>
      </Author>
    </Authors>
    <name>Book1</name>
  </book>
  <book year="2014" isbn="ISBN83763550019---11">
    <Authors>
      <Author>
        <Name>Fred</Name>
        <Email>fweasley@hogwarts.co.uk</Email>
      </Author>
      <Author>
        <Name>George</Name>
        <Email>gweasley@hogwarts.co.uk</Email>
      </Author>
    </Authors>
    <name>Book2</name>
  </book>
  <book year="2014" isbn="ISBN83763550019---11">
    <Authors>
      <Author>
        <Name>Fred</Name>
        <Email>fweasley@hogwarts.co.uk</Email>
      </Author>
      <Author>
        <Name>George</Name>
        <Email>gweasley@hogwarts.co.uk</Email>
      </Author>
    </Authors>
    <name>Book1</name>
  </book>
  <book year="2014" isbn="ISBN83763550019---11">
    <Authors>
      <Author>
        <Name>Fred</Name>
        <Email>fweasley@hogwarts.co.uk</Email>
      </Author>
      <Author>
        <Name>George</Name>
        <Email>gweasley@hogwarts.co.uk</Email>
      </Author>
    </Authors>
    <name>Book2</name>
  </book>
  <book year="2014" isbn="ISBN83763550019---11">
    <Authors>
      <Author>
        <Name>Fred</Name>
        <Email>fweasley@hogwarts.co.uk</Email>
      </Author>
      <Author>
        <Name>George</Name>
        <Email>gweasley@hogwarts.co.uk</Email>
      </Author>
    </Authors>
    <name>Book1</name>
  </book>
  <book year="2014" isbn="ISBN83763550019---11">
    <Authors>
      <Author>
        <Name>Fred</Name>
        <Email>fweasley@hogwarts.co.uk</Email>
      </Author>
      <Author>
        <Name>George</Name>
        <Email>gweasley@hogwarts.co.uk</Email>
      </Author>
    </Authors>
    <name>Book2</name>
  </book>
  <book year="2014" isbn="ISBN83763550019---11">
    <Authors>
      <Author>
        <Name>Fred</Name>
        <Email>fweasley@hogwarts.co.uk</Email>
      </Author>
      <Author>
        <Name>George</Name>
        <Email>gweasley@hogwarts.co.uk</Email>
      </Author>
    </Authors>
    <name>Book1</name>
  </book>
  <book year="2014" isbn="ISBN83763550019---11">
    <Authors>
      <Author>
        <Name>Fred</Name>
        <Email>fweasley@hogwarts.co.uk</Email>
      </Author>
      <Author>
        <Name>George</Name>
        <Email>gweasley@hogwarts.co.uk</Email>
      </Author>
    </Authors>
    <name>Book2</name>
  </book>
  <book year="2014" isbn="ISBN83763550019---11">
    <Authors>
      <Author>
        <Name>Fred</Name>
        <Email>fweasley@hogwarts.co.uk</Email>
      </Author>
      <Author>
        <Name>George</Name>
        <Email>gweasley@hogwarts.co.uk</Email>
      </Author>
    </Authors>
    <name>Book1</name>
  </book>
  <book year="2014" isbn="ISBN83763550019---11">
    <Authors>
      <Author>
        <Name>Fred</Name>
        <Email>fweasley@hogwarts.co.uk</Email>
      </Author>
      <Author>
        <Name>George</Name>
        <Email>gweasley@hogwarts.co.uk</Email>
      </Author>
    </Authors>
    <name>Book2</name>
  </book>
  <book year="2014" isbn="ISBN83763550019---11">
    <Authors>
      <Author>
        <Name>Fred</Name>
        <Email>fweasley@hogwarts.co.uk</Email>
      </Author>
      <Author>
        <Name>George</Name>
        <Email>gweasley@hogwarts.co.uk</Email>
      </Author>
    </Authors>
    <name>Book1</name>
  </book>
  <book year="2014" isbn="ISBN83763550019---11">
    <Authors>
      <Author>
        <Name>Fred</Name>
        <Email>fweasley@hogwarts.co.uk</Email>
      </Author>
      <Author>
        <Name>George</Name>
        <Email>gweasley@hogwarts.co.uk</Email>
      </Author>
    </Authors>
    <name>Book2</name>
  </book>
  <book year="2014" isbn="ISBN83763550019---11">
    <Authors>
      <Author>
        <Name>Fred</Name>
        <Email>fweasley@hogwarts.co.uk</Email>
      </Author>
      <Author>
        <Name>George</Name>
        <Email>gweasley@hogwarts.co.uk</Email>
      </Author>
    </Authors>
    <name>Book1</name>
  </book>
  <book year="2014" isbn="ISBN83763550019---11">
    <Authors>
      <Author>
        <Name>Fred</Name>
        <Email>fweasley@hogwarts.co.uk</Email>
      </Author>
      <Author>
        <Name>George</Name>
        <Email>gweasley@hogwarts.co.uk</Email>
      </Author>
    </Authors>
    <name>Book2</name>
  </book>
  <book year="2014" isbn="ISBN83763550019---11">
    <Authors>
      <Author>
        <Name>Fred</Name>
        <Email>fweasley@hogwarts.co.uk</Email>
      </Author>
      <Author>
        <Name>George</Name>
        <Email>gweasley@hogwarts.co.uk</Email>
      </Author>
    </Authors>
    <name>Book1</name>
  </book>
  <book year="2014" isbn="ISBN83763550019---11">
    <Authors>
      <Author>
        <Name>Fred</Name>
        <Email>fweasley@hogwarts.co.uk</Email>
      </Author>
      <Author>
        <Name>George</Name>
        <Email>gweasley@hogwarts.co.uk</Email>
      </Author>
    </Authors>
    <name>Book2</name>
  </book>
  <book year="2014" isbn="ISBN83763550019---11">
    <Authors>
      <Author>
        <Name>Fred</Name>
        <Email>fweasley@hogwarts.co.uk</Email>
      </Author>
      <Author>
        <Name>George</Name>
        <Email>gweasley@hogwarts.co.uk</Email>
      </Author>
    </Authors>
    <name>Book1</name>
  </book>
  <book year="2014" isbn="ISBN83763550019---11">
    <Authors>
      <Author>
        <Name>Fred</Name>
        <Email>fweasley@hogwarts.co.uk</Email>
      </Author>
      <Author>
        <Name>George</Name>
        <Email>gweasley@hogwarts.co.uk</Email>
      </Author>
    </Authors>
    <name>Book2</name>
  </book>
  <book year="2014" isbn="ISBN83763550019---11">
    <Authors>
      <Author>
        <Name>Fred</Name>
        <Email>fweasley@hogwarts.co.uk</Email>
      </Author>
      <Author>
        <Name>George</Name>
        <Email>gweasley@hogwarts.co.uk</Email>
      </Author>
    </Authors>
    <name>Book1</name>
  </book>
  <book year="2014" isbn="ISBN83763550019---11">
    <Authors>
      <Author>
        <Name>Fred</Name>
        <Email>fweasley@hogwarts.co.uk</Email>
      </Author>
      <Author>
        <Name>George</Name>
        <Email>gweasley@hogwarts.co.uk</Email>
      </Author>
    </Authors>
    <name>Book2</name>
  </book>
  <book year="2014" isbn="ISBN83763550019---11">
    <Authors>
      <Author>
        <Name>Fred</Name>
        <Email>fweasley@hogwarts.co.uk</Email>
      </Author>
      <Author>
        <Name>George</Name>
        <Email>gweasley@hogwarts.co.uk</Email>
      </Author>
    </Authors>
    <name>Book1</name>
  </book>
  <book year="2014" isbn="ISBN83763550019---11">
    <Authors>
      <Author>
        <Name>Fred</Name>
        <Email>fweasley@hogwarts.co.uk</Email>
      </Author>
      <Author>
        <Name>George</Name>
        <Email>gweasley@hogwarts.co.uk</Email>
      </Author>
    </Authors>
    <name>Book2</name>
  </book>
  <book year="2014" isbn="ISBN83763550019---11">
    <Authors>
      <Author>
        <Name>Fred</Name>
        <Email>fweasley@hogwarts.co.uk</Email>
      </Author>
      <Author>
        <Name>George</Name>
        <Email>gweasley@hogwarts.co.uk</Email>
      </Author>
    </Authors>
    <name>Book1</name>
  </book>
  <book year="2014" isbn="ISBN83763550019---11">
    <Authors>
      <Author>
        <Name>Fred</Name>
        <Email>fweasley@hogwarts.co.uk</Email>
      </Author>
      <Author>
        <Name>George</Name>
        <Email>gweasley@hogwarts.co.uk</Email>
      </Author>
    </Authors>
    <name>Book2</name>
  </book>
  <book year="2014" isbn="ISBN83763550019---11">
    <Authors>
      <Author>
        <Name>Fred</Name>
        <Email>fweasley@hogwarts.co.uk</Email>
      </Author>
      <Author>
        <Name>George</Name>
        <Email>gweasley@hogwarts.co.uk</Email>
      </Author>
    </Authors>
    <name>Book1</name>
  </book>
  <book year="2014" isbn="ISBN83763550019---11">
    <Authors>
      <Author>
        <Name>Fred</Name>
        <Email>fweasley@hogwarts.co.uk</Email>
      </Author>
      <Author>
        <Name>George</Name>
        <Email>gweasley@hogwarts.co.uk</Email>
      </Author>
    </Authors>
    <name>Book2</name>
  </book>
  <book year="2014" isbn="ISBN83763550019---11">
    <Authors>
      <Author>
        <Name>Fred</Name>
        <Email>fweasley@hogwarts.co.uk</Email>
      </Author>
      <Author>
        <Name>George</Name>
        <Email>gweasley@hogwarts.co.uk</Email>
      </Author>
    </Authors>
    <name>Book1</name>
  </book>
  <book year="2014" isbn="ISBN83763550019---11">
    <Authors>
      <Author>
        <Name>Fred</Name>
        <Email>fweasley@hogwarts.co.uk</Email>
      </Author>
      <Author>
        <Name>George</Name>
        <Email>gweasley@hogwarts.co.uk</Email>
      </Author>
    </Authors>
    <name>Book2</name>
  </book>
  <book year="2014" isbn="ISBN83763550019---11">
    <Authors>
      <Author>
        <Name>Fred</Name>
        <Email>fweasley@hogwarts.co.uk</Email>
      </Author>
      <Author>
        <Name>George</Name>
        <Email>gweasley@hogwarts.co.uk</Email>
      </Author>
    </Authors>
    <name>Book1</name>
  </book>
  <book year="2014" isbn="ISBN83763550019---11">
    <Authors>
      <Author>
        <Name>Fred</Name>
        <Email>fweasley@hogwarts.co.uk</Email>
      </Author>
      <Author>
        <Name>George</Name>
        <Email>gweasley@hogwarts.co.uk</Email>
      </Author>
    </Authors>
    <name>Book2</name>
  </book>
  <book year="2014" isbn="ISBN83763550019---11">
    <Authors>
      <Author>
        <Name>Fred</Name>
        <Email>fweasley@hogwarts.co.uk</Email>
      </Author>
      <Author>
        <Name>George</Name>
        <Email>gweasley@hogwarts.co.uk</Email>
      </Author>
    </Authors>
    <name>Book1</name>
  </book>
  <book year="2014" isbn="ISBN83763550019---11">
    <Authors>
      <Author>
        <Name>Fred</Name>
        <Email>fweasley@hogwarts.co.uk</Email>
      </Author>
      <Author>
        <Name>George</Name>
        <Email>gweasley@hogwarts.co.uk</Email>
      </Author>
    </Authors>
    <name>Book2</name>
  </book>
  <book year="2014" isbn="ISBN83763550019---11">
    <Authors>
      <Author>
        <Name>Fred</Name>
        <Email>fweasley@hogwarts.co.uk</Email>
      </Author>
      <Author>
        <Name>George</Name>
        <Email>gweasley@hogwarts.co.uk</Email>
      </Author>
    </Authors>
    <name>Book1</name>
  </book>
  <book year="2014" isbn="ISBN83763550019---11">
    <Authors>
      <Author>
        <Name>Fred</Name>
        <Email>fweasley@hogwarts.co.uk</Email>
      </Author>
      <Author>
        <Name>George</Name>
        <Email>gweasley@hogwarts.co.uk</Email>
      </Author>
    </Authors>
    <name>Book2</name>
  </book>
  <book year="2014" isbn="ISBN83763550019---11">
    <Authors>
      <Author>
        <Name>Fred</Name>
        <Email>fweasley@hogwarts.co.uk</Email>
      </Author>
      <Author>
        <Name>George</Name>
        <Email>gweasley@hogwarts.co.uk</Email>
      </Author>
    </Authors>
    <name>Book1</name>
  </book>
  <book year="2014" isbn="ISBN83763550019---11">
    <Authors>
      <Author>
        <Name>Fred</Name>
        <Email>fweasley@hogwarts.co.uk</Email>
      </Author>
      <Author>
        <Name>George</Name>
        <Email>gweasley@hogwarts.co.uk</Email>
      </Author>
    </Authors>
    <name>Book2</name>
  </book>
  <book year="2014" isbn="ISBN83763550019---11">
    <Authors>
      <Author>
        <Name>Fred</Name>
        <Email>fweasley@hogwarts.co.uk</Email>
      </Author>
      <Author>
        <Name>George</Name>
        <Email>gweasley@hogwarts.co.uk</Email>
      </Author>
    </Authors>
    <name>Book1</name>
  </book>
  <book year="2014" isbn="ISBN83763550019---11">
    <Authors>
      <Author>
        <Name>Fred</Name>
        <Email>fweasley@hogwarts.co.uk</Email>
      </Author>
      <Author>
        <Name>George</Name>
        <Email>gweasley@hogwarts.co.uk</Email>
      </Author>
    </Authors>
    <name>Book2</name>
  </book>
  <book year="2014" isbn="ISBN83763550019---11">
    <Authors>
      <Author>
        <Name>Fred</Name>
        <Email>fweasley@hogwarts.co.uk</Email>
      </Author>
      <Author>
        <Name>George</Name>
        <Email>gweasley@hogwarts.co.uk</Email>
      </Author>
    </Authors>
    <name>Book1</name>
  </book>
  <book year="2014" isbn="ISBN83763550019---11">
    <Authors>
      <Author>
        <Name>Fred</Name>
        <Email>fweasley@hogwarts.co.uk</Email>
      </Author>
      <Author>
        <Name>George</Name>
        <Email>gweasley@hogwarts.co.uk</Email>
      </Author>
    </Authors>
    <name>Book2</name>
  </book>
  <book year="2014" isbn="ISBN83763550019---11">
    <Authors>
      <Author>
        <Name>Fred</Name>
        <Email>fweasley@hogwarts.co.uk</Email>
      </Author>
      <Author>
        <Name>George</Name>
        <Email>gweasley@hogwarts.co.uk</Email>
      </Author>
    </Authors>
    <name>Book1</name>
  </book>
  <book year="2014" isbn="ISBN83763550019---11">
    <Authors>
      <Author>
        <Name>Fred</Name>
        <Email>fweasley@hogwarts.co.uk</Email>
      </Author>
      <Author>
        <Name>George</Name>
        <Email>gweasley@hogwarts.co.uk</Email>
      </Author>
    </Authors>
    <name>Book2</name>
  </book>
  <book year="2014" isbn="ISBN83763550019---11">
    <Authors>
      <Author>
        <Name>Fred</Name>
        <Email>fweasley@hogwarts.co.uk</Email>
      </Author>
      <Author>
        <Name>George</Name>
        <Email>gweasley@hogwarts.co.uk</Email>
      </Author>
    </Authors>
    <name>Book1</name>
  </book>
  <book year="2014" isbn="ISBN83763550019---11">
    <Authors>
      <Author>
        <Name>Fred</Name>
        <Email>fweasley@hogwarts.co.uk</Email>
      </Author>
      <Author>
        <Name>George</Name>
        <Email>gweasley@hogwarts.co.uk</Email>
      </Author>
    </Authors>
    <name>Book2</name>
  </book>
  <book year="2014" isbn="ISBN83763550019---11">
    <Authors>
      <Author>
        <Name>Fred</Name>
        <Email>fweasley@hogwarts.co.uk</Email>
      </Author>
      <Author>
        <Name>George</Name>
        <Email>gweasley@hogwarts.co.uk</Email>
      </Author>
    </Authors>
    <name>Book1</name>
  </book>
  <book year="2014" isbn="ISBN83763550019---11">
    <Authors>
      <Author>
        <Name>Fred</Name>
        <Email>fweasley@hogwarts.co.uk</Email>
      </Author>
      <Author>
        <Name>George</Name>
        <Email>gweasley@hogwarts.co.uk</Email>
      </Author>
    </Authors>
    <name>Book2</name>
  </book>
  <book year="2014" isbn="ISBN83763550019---11">
    <Authors>
      <Author>
        <Name>Fred</Name>
        <Email>fweasley@hogwarts.co.uk</Email>
      </Author>
      <Author>
        <Name>George</Name>
        <Email>gweasley@hogwarts.co.uk</Email>
      </Author>
    </Authors>
    <name>Book1</name>
  </book>
  <book year="2014" isbn="ISBN83763550019---11">
    <Authors>
      <Author>
        <Name>Fred</Name>
        <Email>fweasley@hogwarts.co.uk</Email>
      </Author>
      <Author>
        <Name>George</Name>
        <Email>gweasley@hogwarts.co.uk</Email>
      </Author>
    </Authors>
    <name>Book2</name>
  </book>
  <book year="2014" isbn="ISBN83763550019---11">
    <Authors>
      <Author>
        <Name>Fred</Name>
        <Email>fweasley@hogwarts.co.uk</Email>
      </Author>
      <Author>
        <Name>George</Name>
        <Email>gweasley@hogwarts.co.uk</Email>
      </Author>
    </Authors>
    <name>Book1</name>
  </book>
  <book year="2014" isbn="ISBN83763550019---11">
    <Authors>
      <Author>
        <Name>Fred</Name>
        <Email>fweasley@hogwarts.co.uk</Email>
      </Author>
      <Author>
        <Name>George</Name>
        <Email>gweasley@hogwarts.co.uk</Email>
      </Author>
    </Authors>
    <name>Book2</name>
  </book>
  <book year="2014" isbn="ISBN83763550019---11">
    <Authors>
      <Author>
        <Name>Fred</Name>
        <Email>fweasley@hogwarts.co.uk</Email>
      </Author>
      <Author>
        <Name>George</Name>
        <Email>gweasley@hogwarts.co.uk</Email>
      </Author>
    </Authors>
    <name>Book1</name>
  </book>
  <book year="2014" isbn="ISBN83763550019---11">
    <Authors>
      <Author>
        <Name>Fred</Name>
        <Email>fweasley@hogwarts.co.uk</Email>
      </Author>
      <Author>
        <Name>George</Name>
        <Email>gweasley@hogwarts.co.uk</Email>
      </Author>
    </Authors>
    <name>Book2</name>
  </book>
  <book year="2014" isbn="ISBN83763550019---11">
    <Authors>
      <Author>
        <Name>Fred</Name>
        <Email>fweasley@hogwarts.co.uk</Email>
      </Author>
      <Author>
        <Name>George</Name>
        <Email>gweasley@hogwarts.co.uk</Email>
      </Author>
    </Authors>
    <name>Book1</name>
  </book>
  <book year="2014" isbn="ISBN83763550019---11">
    <Authors>
      <Author>
        <Name>Fred</Name>
        <Email>fweasley@hogwarts.co.uk</Email>
      </Author>
      <Author>
        <Name>George</Name>
        <Email>gweasley@hogwarts.co.uk</Email>
      </Author>
    </Authors>
    <name>Book2</name>
  </book>
  <book year="2014" isbn="ISBN83763550019---11">
    <Authors>
      <Author>
        <Name>Fred</Name>
        <Email>fweasley@hogwarts.co.uk</Email>
      </Author>
      <Author>
        <Name>George</Name>
        <Email>gweasley@hogwarts.co.uk</Email>
      </Author>
    </Authors>
    <name>Book1</name>
  </book>
  <book year="2014" isbn="ISBN83763550019---11">
    <Authors>
      <Author>
        <Name>Fred</Name>
        <Email>fweasley@hogwarts.co.uk</Email>
      </Author>
      <Author>
        <Name>George</Name>
        <Email>gweasley@hogwarts.co.uk</Email>
      </Author>
    </Authors>
    <name>Book2</name>
  </book>
  <book year="2014" isbn="ISBN83763550019---11">
    <Authors>
      <Author>
        <Name>Fred</Name>
        <Email>fweasley@hogwarts.co.uk</Email>
      </Author>
      <Author>
        <Name>George</Name>
        <Email>gweasley@hogwarts.co.uk</Email>
      </Author>
    </Authors>
    <name>Book1</name>
  </book>
  <book year="2014" isbn="ISBN83763550019---11">
    <Authors>
      <Author>
        <Name>Fred</Name>
        <Email>fweasley@hogwarts.co.uk</Email>
      </Author>
      <Author>
        <Name>George</Name>
        <Email>gweasley@hogwarts.co.uk</Email>
      </Author>
    </Authors>
    <name>Book2</name>
  </book>
  <book year="2014" isbn="ISBN83763550019---11">
    <Authors>
      <Author>
        <Name>Fred</Name>
        <Email>fweasley@hogwarts.co.uk</Email>
      </Author>
      <Author>
        <Name>George</Name>
        <Email>gweasley@hogwarts.co.uk</Email>
      </Author>
    </Authors>
    <name>Book1</name>
  </book>
  <book year="2014" isbn="ISBN83763550019---11">
    <Authors>
      <Author>
        <Name>Fred</Name>
        <Email>fweasley@hogwarts.co.uk</Email>
      </Author>
      <Author>
        <Name>George</Name>
        <Email>gweasley@hogwarts.co.uk</Email>
      </Author>
    </Authors>
    <name>Book2</name>
  </book>
  <book year="2014" isbn="ISBN83763550019---11">
    <Authors>
      <Author>
        <Name>Fred</Name>
        <Email>fweasley@hogwarts.co.uk</Email>
      </Author>
      <Author>
        <Name>George</Name>
        <Email>gweasley@hogwarts.co.uk</Email>
      </Author>
    </Authors>
    <name>Book1</name>
  </book>
  <book year="2014" isbn="ISBN83763550019---11">
    <Authors>
      <Author>
        <Name>Fred</Name>
        <Email>fweasley@hogwarts.co.uk</Email>
      </Author>
      <Author>
        <Name>George</Name>
        <Email>gweasley@hogwarts.co.uk</Email>
      </Author>
    </Authors>
    <name>Book2</name>
  </book>
  <book year="2014" isbn="ISBN83763550019---11">
    <Authors>
      <Author>
        <Name>Fred</Name>
        <Email>fweasley@hogwarts.co.uk</Email>
      </Author>
      <Author>
        <Name>George</Name>
        <Email>gweasley@hogwarts.co.uk</Email>
      </Author>
    </Authors>
    <name>Book1</name>
  </book>
  <book year="2014" isbn="ISBN83763550019---11">
    <Authors>
      <Author>
        <Name>Fred</Name>
        <Email>fweasley@hogwarts.co.uk</Email>
      </Author>
      <Author>
        <Name>George</Name>
        <Email>gweasley@hogwarts.co.uk</Email>
      </Author>
    </Authors>
    <name>Book2</name>
  </book>
  <book year="2014" isbn="ISBN83763550019---11">
    <Authors>
      <Author>
        <Name>Fred</Name>
        <Email>fweasley@hogwarts.co.uk</Email>
      </Author>
      <Author>
        <Name>George</Name>
        <Email>gweasley@hogwarts.co.uk</Email>
      </Author>
    </Authors>
    <name>Book1</name>
  </book>
  <book year="2014" isbn="ISBN83763550019---11">
    <Authors>
      <Author>
        <Name>Fred</Name>
        <Email>fweasley@hogwarts.co.uk</Email>
      </Author>
      <Author>
        <Name>George</Name>
        <Email>gweasley@hogwarts.co.uk</Email>
      </Author>
    </Authors>
    <name>Book2</name>
  </book>
  <book year="2014" isbn="ISBN83763550019---11">
    <Authors>
      <Author>
        <Name>Fred</Name>
        <Email>fweasley@hogwarts.co.uk</Email>
      </Author>
      <Author>
        <Name>George</Name>
        <Email>gweasley@hogwarts.co.uk</Email>
      </Author>
    </Authors>
    <name>Book1</name>
  </book>
  <book year="2014" isbn="ISBN83763550019---11">
    <Authors>
      <Author>
        <Name>Fred</Name>
        <Email>fweasley@hogwarts.co.uk</Email>
      </Author>
      <Author>
        <Name>George</Name>
        <Email>gweasley@hogwarts.co.uk</Email>
      </Author>
    </Authors>
    <name>Book2</name>
  </book>
  <book year="2014" isbn="ISBN83763550019---11">
    <Authors>
      <Author>
        <Name>Fred</Name>
        <Email>fweasley@hogwarts.co.uk</Email>
      </Author>
      <Author>
        <Name>George</Name>
        <Email>gweasley@hogwarts.co.uk</Email>
      </Author>
    </Authors>
    <name>Book1</name>
  </book>
  <book year="2014" isbn="ISBN83763550019---11">
    <Authors>
      <Author>
        <Name>Fred</Name>
        <Email>fweasley@hogwarts.co.uk</Email>
      </Author>
      <Author>
        <Name>George</Name>
        <Email>gweasley@hogwarts.co.uk</Email>
      </Author>
    </Authors>
    <name>Book2</name>
  </book>
  <book year="2014" isbn="ISBN83763550019---11">
    <Authors>
      <Author>
        <Name>Fred</Name>
        <Email>fweasley@hogwarts.co.uk</Email>
      </Author>
      <Author>
        <Name>George</Name>
        <Email>gweasley@hogwarts.co.uk</Email>
      </Author>
    </Authors>
    <name>Book1</name>
  </book>
  <book year="2014" isbn="ISBN83763550019---11">
    <Authors>
      <Author>
        <Name>Fred</Name>
        <Email>fweasley@hogwarts.co.uk</Email>
      </Author>
      <Author>
        <Name>George</Name>
        <Email>gweasley@hogwarts.co.uk</Email>
      </Author>
    </Authors>
    <name>Book2</name>
  </book>
  <book year="2014" isbn="ISBN83763550019---11">
    <Authors>
      <Author>
        <Name>Fred</Name>
        <Email>fweasley@hogwarts.co.uk</Email>
      </Author>
      <Author>
        <Name>George</Name>
        <Email>gweasley@hogwarts.co.uk</Email>
      </Author>
    </Authors>
    <name>Book1</name>
  </book>
  <book year="2014" isbn="ISBN83763550019---11">
    <Authors>
      <Author>
        <Name>Fred</Name>
        <Email>fweasley@hogwarts.co.uk</Email>
      </Author>
      <Author>
        <Name>George</Name>
        <Email>gweasley@hogwarts.co.uk</Email>
      </Author>
    </Authors>
    <name>Book2</name>
  </book>
  <book year="2014" isbn="ISBN83763550019---11">
    <Authors>
      <Author>
        <Name>Fred</Name>
        <Email>fweasley@hogwarts.co.uk</Email>
      </Author>
      <Author>
        <Name>George</Name>
        <Email>gweasley@hogwarts.co.uk</Email>
      </Author>
    </Authors>
    <name>Book1</name>
  </book>
  <book year="2014" isbn="ISBN83763550019---11">
    <Authors>
      <Author>
        <Name>Fred</Name>
        <Email>fweasley@hogwarts.co.uk</Email>
      </Author>
      <Author>
        <Name>George</Name>
        <Email>gweasley@hogwarts.co.uk</Email>
      </Author>
    </Authors>
    <name>Book2</name>
  </book>
  <book year="2014" isbn="ISBN83763550019---11">
    <Authors>
      <Author>
        <Name>Fred</Name>
        <Email>fweasley@hogwarts.co.uk</Email>
      </Author>
      <Author>
        <Name>George</Name>
        <Email>gweasley@hogwarts.co.uk</Email>
      </Author>
    </Authors>
    <name>Book1</name>
  </book>
  <book year="2014" isbn="ISBN83763550019---11">
    <Authors>
      <Author>
        <Name>Fred</Name>
        <Email>fweasley@hogwarts.co.uk</Email>
      </Author>
      <Author>
        <Name>George</Name>
        <Email>gweasley@hogwarts.co.uk</Email>
      </Author>
    </Authors>
    <name>Book2</name>
  </book>
  <book year="2014" isbn="ISBN83763550019---11">
    <Authors>
      <Author>
        <Name>Fred</Name>
        <Email>fweasley@hogwarts.co.uk</Email>
      </Author>
      <Author>
        <Name>George</Name>
        <Email>gweasley@hogwarts.co.uk</Email>
      </Author>
    </Authors>
    <name>Book1</name>
  </book>
  <book year="2014" isbn="ISBN83763550019---11">
    <Authors>
      <Author>
        <Name>Fred</Name>
        <Email>fweasley@hogwarts.co.uk</Email>
      </Author>
      <Author>
        <Name>George</Name>
        <Email>gweasley@hogwarts.co.uk</Email>
      </Author>
    </Authors>
    <name>Book2</name>
  </book>
  <book year="2014" isbn="ISBN83763550019---11">
    <Authors>
      <Author>
        <Name>Fred</Name>
        <Email>fweasley@hogwarts.co.uk</Email>
      </Author>
      <Author>
        <Name>George</Name>
        <Email>gweasley@hogwarts.co.uk</Email>
      </Author>
    </Authors>
    <name>Book1</name>
  </book>
  <book year="2014" isbn="ISBN83763550019---11">
    <Authors>
      <Author>
        <Name>Fred</Name>
        <Email>fweasley@hogwarts.co.uk</Email>
      </Author>
      <Author>
        <Name>George</Name>
        <Email>gweasley@hogwarts.co.uk</Email>
      </Author>
    </Authors>
    <name>Book2</name>
  </book>
  <book year="2014" isbn="ISBN83763550019---11">
    <Authors>
      <Author>
        <Name>Fred</Name>
        <Email>fweasley@hogwarts.co.uk</Email>
      </Author>
      <Author>
        <Name>George</Name>
        <Email>gweasley@hogwarts.co.uk</Email>
      </Author>
    </Authors>
    <name>Book1</name>
  </book>
  <book year="2014" isbn="ISBN83763550019---11">
    <Authors>
      <Author>
        <Name>Fred</Name>
        <Email>fweasley@hogwarts.co.uk</Email>
      </Author>
      <Author>
        <Name>George</Name>
        <Email>gweasley@hogwarts.co.uk</Email>
      </Author>
    </Authors>
    <name>Book2</name>
  </book>
  <book year="2014" isbn="ISBN83763550019---11">
    <Authors>
      <Author>
        <Name>Fred</Name>
        <Email>fweasley@hogwarts.co.uk</Email>
      </Author>
      <Author>
        <Name>George</Name>
        <Email>gweasley@hogwarts.co.uk</Email>
      </Author>
    </Authors>
    <name>Book1</name>
  </book>
  <book year="2014" isbn="ISBN83763550019---11">
    <Authors>
      <Author>
        <Name>Fred</Name>
        <Email>fweasley@hogwarts.co.uk</Email>
      </Author>
      <Author>
        <Name>George</Name>
        <Email>gweasley@hogwarts.co.uk</Email>
      </Author>
    </Authors>
    <name>Book2</name>
  </book>
  <book year="2014" isbn="ISBN83763550019---11">
    <Authors>
      <Author>
        <Name>Fred</Name>
        <Email>fweasley@hogwarts.co.uk</Email>
      </Author>
      <Author>
        <Name>George</Name>
        <Email>gweasley@hogwarts.co.uk</Email>
      </Author>
    </Authors>
    <name>Book1</name>
  </book>
  <book year="2014" isbn="ISBN83763550019---11">
    <Authors>
      <Author>
        <Name>Fred</Name>
        <Email>fweasley@hogwarts.co.uk</Email>
      </Author>
      <Author>
        <Name>George</Name>
        <Email>gweasley@hogwarts.co.uk</Email>
      </Author>
    </Authors>
    <name>Book2</name>
  </book>
  <book year="2014" isbn="ISBN83763550019---11">
    <Authors>
      <Author>
        <Name>Fred</Name>
        <Email>fweasley@hogwarts.co.uk</Email>
      </Author>
      <Author>
        <Name>George</Name>
        <Email>gweasley@hogwarts.co.uk</Email>
      </Author>
    </Authors>
    <name>Book1</name>
  </book>
  <book year="2014" isbn="ISBN83763550019---11">
    <Authors>
      <Author>
        <Name>Fred</Name>
        <Email>fweasley@hogwarts.co.uk</Email>
      </Author>
      <Author>
        <Name>George</Name>
        <Email>gweasley@hogwarts.co.uk</Email>
      </Author>
    </Authors>
    <name>Book2</name>
  </book>
  <book year="2014" isbn="ISBN83763550019---11">
    <Authors>
      <Author>
        <Name>Fred</Name>
        <Email>fweasley@hogwarts.co.uk</Email>
      </Author>
      <Author>
        <Name>George</Name>
        <Email>gweasley@hogwarts.co.uk</Email>
      </Author>
    </Authors>
    <name>Book1</name>
  </book>
  <book year="2014" isbn="ISBN83763550019---11">
    <Authors>
      <Author>
        <Name>Fred</Name>
        <Email>fweasley@hogwarts.co.uk</Email>
      </Author>
      <Author>
        <Name>George</Name>
        <Email>gweasley@hogwarts.co.uk</Email>
      </Author>
    </Authors>
    <name>Book2</name>
  </book>
  <book year="2014" isbn="ISBN83763550019---11">
    <Authors>
      <Author>
        <Name>Fred</Name>
        <Email>fweasley@hogwarts.co.uk</Email>
      </Author>
      <Author>
        <Name>George</Name>
        <Email>gweasley@hogwarts.co.uk</Email>
      </Author>
    </Authors>
    <name>Book1</name>
  </book>
  <book year="2014" isbn="ISBN83763550019---11">
    <Authors>
      <Author>
        <Name>Fred</Name>
        <Email>fweasley@hogwarts.co.uk</Email>
      </Author>
      <Author>
        <Name>George</Name>
        <Email>gweasley@hogwarts.co.uk</Email>
      </Author>
    </Authors>
    <name>Book2</name>
  </book>
  <book year="2014" isbn="ISBN83763550019---11">
    <Authors>
      <Author>
        <Name>Fred</Name>
        <Email>fweasley@hogwarts.co.uk</Email>
      </Author>
      <Author>
        <Name>George</Name>
        <Email>gweasley@hogwarts.co.uk</Email>
      </Author>
    </Authors>
    <name>Book1</name>
  </book>
  <book year="2014" isbn="ISBN83763550019---11">
    <Authors>
      <Author>
        <Name>Fred</Name>
        <Email>fweasley@hogwarts.co.uk</Email>
      </Author>
      <Author>
        <Name>George</Name>
        <Email>gweasley@hogwarts.co.uk</Email>
      </Author>
    </Authors>
    <name>Book2</name>
  </book>
  <book year="2014" isbn="ISBN83763550019---11">
    <Authors>
      <Author>
        <Name>Fred</Name>
        <Email>fweasley@hogwarts.co.uk</Email>
      </Author>
      <Author>
        <Name>George</Name>
        <Email>gweasley@hogwarts.co.uk</Email>
      </Author>
    </Authors>
    <name>Book1</name>
  </book>
  <book year="2014" isbn="ISBN83763550019---11">
    <Authors>
      <Author>
        <Name>Fred</Name>
        <Email>fweasley@hogwarts.co.uk</Email>
      </Author>
      <Author>
        <Name>George</Name>
        <Email>gweasley@hogwarts.co.uk</Email>
      </Author>
    </Authors>
    <name>Book2</name>
  </book>
  <book year="2014" isbn="ISBN83763550019---11">
    <Authors>
      <Author>
        <Name>Fred</Name>
        <Email>fweasley@hogwarts.co.uk</Email>
      </Author>
      <Author>
        <Name>George</Name>
        <Email>gweasley@hogwarts.co.uk</Email>
      </Author>
    </Authors>
    <name>Book1</name>
  </book>
  <book year="2014" isbn="ISBN83763550019---11">
    <Authors>
      <Author>
        <Name>Fred</Name>
        <Email>fweasley@hogwarts.co.uk</Email>
      </Author>
      <Author>
        <Name>George</Name>
        <Email>gweasley@hogwarts.co.uk</Email>
      </Author>
    </Authors>
    <name>Book2</name>
  </book>
  <book year="2014" isbn="ISBN83763550019---11">
    <Authors>
      <Author>
        <Name>Fred</Name>
        <Email>fweasley@hogwarts.co.uk</Email>
      </Author>
      <Author>
        <Name>George</Name>
        <Email>gweasley@hogwarts.co.uk</Email>
      </Author>
    </Authors>
    <name>Book1</name>
  </book>
  <book year="2014" isbn="ISBN83763550019---11">
    <Authors>
      <Author>
        <Name>Fred</Name>
        <Email>fweasley@hogwarts.co.uk</Email>
      </Author>
      <Author>
        <Name>George</Name>
        <Email>gweasley@hogwarts.co.uk</Email>
      </Author>
    </Authors>
    <name>Book2</name>
  </book>
  <book year="2014" isbn="ISBN83763550019---11">
    <Authors>
      <Author>
        <Name>Fred</Name>
        <Email>fweasley@hogwarts.co.uk</Email>
      </Author>
      <Author>
        <Name>George</Name>
        <Email>gweasley@hogwarts.co.uk</Email>
      </Author>
    </Authors>
    <name>Book1</name>
  </book>
  <book year="2014" isbn="ISBN83763550019---11">
    <Authors>
      <Author>
        <Name>Fred</Name>
        <Email>fweasley@hogwarts.co.uk</Email>
      </Author>
      <Author>
        <Name>George</Name>
        <Email>gweasley@hogwarts.co.uk</Email>
      </Author>
    </Authors>
    <name>Book2</name>
  </book>
  <book year="2014" isbn="ISBN83763550019---11">
    <Authors>
      <Author>
        <Name>Fred</Name>
        <Email>fweasley@hogwarts.co.uk</Email>
      </Author>
      <Author>
        <Name>George</Name>
        <Email>gweasley@hogwarts.co.uk</Email>
      </Author>
    </Authors>
    <name>Book1</name>
  </book>
  <book year="2014" isbn="ISBN83763550019---11">
    <Authors>
      <Author>
        <Name>Fred</Name>
        <Email>fweasley@hogwarts.co.uk</Email>
      </Author>
      <Author>
        <Name>George</Name>
        <Email>gweasley@hogwarts.co.uk</Email>
      </Author>
    </Authors>
    <name>Book2</name>
  </book>
  <book year="2014" isbn="ISBN83763550019---11">
    <Authors>
      <Author>
        <Name>Fred</Name>
        <Email>fweasley@hogwarts.co.uk</Email>
      </Author>
      <Author>
        <Name>George</Name>
        <Email>gweasley@hogwarts.co.uk</Email>
      </Author>
    </Authors>
    <name>Book1</name>
  </book>
  <book year="2014" isbn="ISBN83763550019---11">
    <Authors>
      <Author>
        <Name>Fred</Name>
        <Email>fweasley@hogwarts.co.uk</Email>
      </Author>
      <Author>
        <Name>George</Name>
        <Email>gweasley@hogwarts.co.uk</Email>
      </Author>
    </Authors>
    <name>Book2</name>
  </book>
  <book year="2014" isbn="ISBN83763550019---11">
    <Authors>
      <Author>
        <Name>Fred</Name>
        <Email>fweasley@hogwarts.co.uk</Email>
      </Author>
      <Author>
        <Name>George</Name>
        <Email>gweasley@hogwarts.co.uk</Email>
      </Author>
    </Authors>
    <name>Book1</name>
  </book>
  <book year="2014" isbn="ISBN83763550019---11">
    <Authors>
      <Author>
        <Name>Fred</Name>
        <Email>fweasley@hogwarts.co.uk</Email>
      </Author>
      <Author>
        <Name>George</Name>
        <Email>gweasley@hogwarts.co.uk</Email>
      </Author>
    </Authors>
    <name>Book2</name>
  </book>
  <book year="2014" isbn="ISBN83763550019---11">
    <Authors>
      <Author>
        <Name>Fred</Name>
        <Email>fweasley@hogwarts.co.uk</Email>
      </Author>
      <Author>
        <Name>George</Name>
        <Email>gweasley@hogwarts.co.uk</Email>
      </Author>
    </Authors>
    <name>Book1</name>
  </book>
  <book year="2014" isbn="ISBN83763550019---11">
    <Authors>
      <Author>
        <Name>Fred</Name>
        <Email>fweasley@hogwarts.co.uk</Email>
      </Author>
      <Author>
        <Name>George</Name>
        <Email>gweasley@hogwarts.co.uk</Email>
      </Author>
    </Authors>
    <name>Book2</name>
  </book>
  <book year="2014" isbn="ISBN83763550019---11">
    <Authors>
      <Author>
        <Name>Fred</Name>
        <Email>fweasley@hogwarts.co.uk</Email>
      </Author>
      <Author>
        <Name>George</Name>
        <Email>gweasley@hogwarts.co.uk</Email>
      </Author>
    </Authors>
    <name>Book1</name>
  </book>
  <book year="2014" isbn="ISBN83763550019---11">
    <Authors>
      <Author>
        <Name>Fred</Name>
        <Email>fweasley@hogwarts.co.uk</Email>
      </Author>
      <Author>
        <Name>George</Name>
        <Email>gweasley@hogwarts.co.uk</Email>
      </Author>
    </Authors>
    <name>Book2</name>
  </book>
  <book year="2014" isbn="ISBN83763550019---11">
    <Authors>
      <Author>
        <Name>Fred</Name>
        <Email>fweasley@hogwarts.co.uk</Email>
      </Author>
      <Author>
        <Name>George</Name>
        <Email>gweasley@hogwarts.co.uk</Email>
      </Author>
    </Authors>
    <name>Book1</name>
  </book>
  <book year="2014" isbn="ISBN83763550019---11">
    <Authors>
      <Author>
        <Name>Fred</Name>
        <Email>fweasley@hogwarts.co.uk</Email>
      </Author>
      <Author>
        <Name>George</Name>
        <Email>gweasley@hogwarts.co.uk</Email>
      </Author>
    </Authors>
    <name>Book2</name>
  </book>
  <book year="2014" isbn="ISBN83763550019---11">
    <Authors>
      <Author>
        <Name>Fred</Name>
        <Email>fweasley@hogwarts.co.uk</Email>
      </Author>
      <Author>
        <Name>George</Name>
        <Email>gweasley@hogwarts.co.uk</Email>
      </Author>
    </Authors>
    <name>Book1</name>
  </book>
  <book year="2014" isbn="ISBN83763550019---11">
    <Authors>
      <Author>
        <Name>Fred</Name>
        <Email>fweasley@hogwarts.co.uk</Email>
      </Author>
      <Author>
        <Name>George</Name>
        <Email>gweasley@hogwarts.co.uk</Email>
      </Author>
    </Authors>
    <name>Book2</name>
  </book>
  <book year="2014" isbn="ISBN83763550019---11">
    <Authors>
      <Author>
        <Name>Fred</Name>
        <Email>fweasley@hogwarts.co.uk</Email>
      </Author>
      <Author>
        <Name>George</Name>
        <Email>gweasley@hogwarts.co.uk</Email>
      </Author>
    </Authors>
    <name>Book1</name>
  </book>
  <book year="2014" isbn="ISBN83763550019---11">
    <Authors>
      <Author>
        <Name>Fred</Name>
        <Email>fweasley@hogwarts.co.uk</Email>
      </Author>
      <Author>
        <Name>George</Name>
        <Email>gweasley@hogwarts.co.uk</Email>
      </Author>
    </Authors>
    <name>Book2</name>
  </book>
  <book year="2014" isbn="ISBN83763550019---11">
    <Authors>
      <Author>
        <Name>Fred</Name>
        <Email>fweasley@hogwarts.co.uk</Email>
      </Author>
      <Author>
        <Name>George</Name>
        <Email>gweasley@hogwarts.co.uk</Email>
      </Author>
    </Authors>
    <name>Book1</name>
  </book>
  <book year="2014" isbn="ISBN83763550019---11">
    <Authors>
      <Author>
        <Name>Fred</Name>
        <Email>fweasley@hogwarts.co.uk</Email>
      </Author>
      <Author>
        <Name>George</Name>
        <Email>gweasley@hogwarts.co.uk</Email>
      </Author>
    </Authors>
    <name>Book2</name>
  </book>
  <book year="2014" isbn="ISBN83763550019---11">
    <Authors>
      <Author>
        <Name>Fred</Name>
        <Email>fweasley@hogwarts.co.uk</Email>
      </Author>
      <Author>
        <Name>George</Name>
        <Email>gweasley@hogwarts.co.uk</Email>
      </Author>
    </Authors>
    <name>Book1</name>
  </book>
  <book year="2014" isbn="ISBN83763550019---11">
    <Authors>
      <Author>
        <Name>Fred</Name>
        <Email>fweasley@hogwarts.co.uk</Email>
      </Author>
      <Author>
        <Name>George</Name>
        <Email>gweasley@hogwarts.co.uk</Email>
      </Author>
    </Authors>
    <name>Book2</name>
  </book>
  <book year="2014" isbn="ISBN83763550019---11">
    <Authors>
      <Author>
        <Name>Fred</Name>
        <Email>fweasley@hogwarts.co.uk</Email>
      </Author>
      <Author>
        <Name>George</Name>
        <Email>gweasley@hogwarts.co.uk</Email>
      </Author>
    </Authors>
    <name>Book1</name>
  </book>
  <book year="2014" isbn="ISBN83763550019---11">
    <Authors>
      <Author>
        <Name>Fred</Name>
        <Email>fweasley@hogwarts.co.uk</Email>
      </Author>
      <Author>
        <Name>George</Name>
        <Email>gweasley@hogwarts.co.uk</Email>
      </Author>
    </Authors>
    <name>Book2</name>
  </book>
  <book year="2014" isbn="ISBN83763550019---11">
    <Authors>
      <Author>
        <Name>Fred</Name>
        <Email>fweasley@hogwarts.co.uk</Email>
      </Author>
      <Author>
        <Name>George</Name>
        <Email>gweasley@hogwarts.co.uk</Email>
      </Author>
    </Authors>
    <name>Book1</name>
  </book>
  <book year="2014" isbn="ISBN83763550019---11">
    <Authors>
      <Author>
        <Name>Fred</Name>
        <Email>fweasley@hogwarts.co.uk</Email>
      </Author>
      <Author>
        <Name>George</Name>
        <Email>gweasley@hogwarts.co.uk</Email>
      </Author>
    </Authors>
    <name>Book2</name>
  </book>
  <book year="2014" isbn="ISBN83763550019---11">
    <Authors>
      <Author>
        <Name>Fred</Name>
        <Email>fweasley@hogwarts.co.uk</Email>
      </Author>
      <Author>
        <Name>George</Name>
        <Email>gweasley@hogwarts.co.uk</Email>
      </Author>
    </Authors>
    <name>Book1</name>
  </book>
  <book year="2014" isbn="ISBN83763550019---11">
    <Authors>
      <Author>
        <Name>Fred</Name>
        <Email>fweasley@hogwarts.co.uk</Email>
      </Author>
      <Author>
        <Name>George</Name>
        <Email>gweasley@hogwarts.co.uk</Email>
      </Author>
    </Authors>
    <name>Book2</name>
  </book>
  <book year="2014" isbn="ISBN83763550019---11">
    <Authors>
      <Author>
        <Name>Fred</Name>
        <Email>fweasley@hogwarts.co.uk</Email>
      </Author>
      <Author>
        <Name>George</Name>
        <Email>gweasley@hogwarts.co.uk</Email>
      </Author>
    </Authors>
    <name>Book1</name>
  </book>
  <book year="2014" isbn="ISBN83763550019---11">
    <Authors>
      <Author>
        <Name>Fred</Name>
        <Email>fweasley@hogwarts.co.uk</Email>
      </Author>
      <Author>
        <Name>George</Name>
        <Email>gweasley@hogwarts.co.uk</Email>
      </Author>
    </Authors>
    <name>Book2</name>
  </book>
  <book year="2014" isbn="ISBN83763550019---11">
    <Authors>
      <Author>
        <Name>Fred</Name>
        <Email>fweasley@hogwarts.co.uk</Email>
      </Author>
      <Author>
        <Name>George</Name>
        <Email>gweasley@hogwarts.co.uk</Email>
      </Author>
    </Authors>
    <name>Book1</name>
  </book>
  <book year="2014" isbn="ISBN83763550019---11">
    <Authors>
      <Author>
        <Name>Fred</Name>
        <Email>fweasley@hogwarts.co.uk</Email>
      </Author>
      <Author>
        <Name>George</Name>
        <Email>gweasley@hogwarts.co.uk</Email>
      </Author>
    </Authors>
    <name>Book2</name>
  </book>
  <book year="2014" isbn="ISBN83763550019---11">
    <Authors>
      <Author>
        <Name>Fred</Name>
        <Email>fweasley@hogwarts.co.uk</Email>
      </Author>
      <Author>
        <Name>George</Name>
        <Email>gweasley@hogwarts.co.uk</Email>
      </Author>
    </Authors>
    <name>Book1</name>
  </book>
  <book year="2014" isbn="ISBN83763550019---11">
    <Authors>
      <Author>
        <Name>Fred</Name>
        <Email>fweasley@hogwarts.co.uk</Email>
      </Author>
      <Author>
        <Name>George</Name>
        <Email>gweasley@hogwarts.co.uk</Email>
      </Author>
    </Authors>
    <name>Book2</name>
  </book>
  <book year="2014" isbn="ISBN83763550019---11">
    <Authors>
      <Author>
        <Name>Fred</Name>
        <Email>fweasley@hogwarts.co.uk</Email>
      </Author>
      <Author>
        <Name>George</Name>
        <Email>gweasley@hogwarts.co.uk</Email>
      </Author>
    </Authors>
    <name>Book1</name>
  </book>
  <book year="2014" isbn="ISBN83763550019---11">
    <Authors>
      <Author>
        <Name>Fred</Name>
        <Email>fweasley@hogwarts.co.uk</Email>
      </Author>
      <Author>
        <Name>George</Name>
        <Email>gweasley@hogwarts.co.uk</Email>
      </Author>
    </Authors>
    <name>Book2</name>
  </book>
  <book year="2014" isbn="ISBN83763550019---11">
    <Authors>
      <Author>
        <Name>Fred</Name>
        <Email>fweasley@hogwarts.co.uk</Email>
      </Author>
      <Author>
        <Name>George</Name>
        <Email>gweasley@hogwarts.co.uk</Email>
      </Author>
    </Authors>
    <name>Book1</name>
  </book>
  <book year="2014" isbn="ISBN83763550019---11">
    <Authors>
      <Author>
        <Name>Fred</Name>
        <Email>fweasley@hogwarts.co.uk</Email>
      </Author>
      <Author>
        <Name>George</Name>
        <Email>gweasley@hogwarts.co.uk</Email>
      </Author>
    </Authors>
    <name>Book2</name>
  </book>
  <book year="2014" isbn="ISBN83763550019---11">
    <Authors>
      <Author>
        <Name>Fred</Name>
        <Email>fweasley@hogwarts.co.uk</Email>
      </Author>
      <Author>
        <Name>George</Name>
        <Email>gweasley@hogwarts.co.uk</Email>
      </Author>
    </Authors>
    <name>Book1</name>
  </book>
  <book year="2014" isbn="ISBN83763550019---11">
    <Authors>
      <Author>
        <Name>Fred</Name>
        <Email>fweasley@hogwarts.co.uk</Email>
      </Author>
      <Author>
        <Name>George</Name>
        <Email>gweasley@hogwarts.co.uk</Email>
      </Author>
    </Authors>
    <name>Book2</name>
  </book>
  <book year="2014" isbn="ISBN83763550019---11">
    <Authors>
      <Author>
        <Name>Fred</Name>
        <Email>fweasley@hogwarts.co.uk</Email>
      </Author>
      <Author>
        <Name>George</Name>
        <Email>gweasley@hogwarts.co.uk</Email>
      </Author>
    </Authors>
    <name>Book1</name>
  </book>
  <book year="2014" isbn="ISBN83763550019---11">
    <Authors>
      <Author>
        <Name>Fred</Name>
        <Email>fweasley@hogwarts.co.uk</Email>
      </Author>
      <Author>
        <Name>George</Name>
        <Email>gweasley@hogwarts.co.uk</Email>
      </Author>
    </Authors>
    <name>Book2</name>
  </book>
  <book year="2014" isbn="ISBN83763550019---11">
    <Authors>
      <Author>
        <Name>Fred</Name>
        <Email>fweasley@hogwarts.co.uk</Email>
      </Author>
      <Author>
        <Name>George</Name>
        <Email>gweasley@hogwarts.co.uk</Email>
      </Author>
    </Authors>
    <name>Book1</name>
  </book>
  <book year="2014" isbn="ISBN83763550019---11">
    <Authors>
      <Author>
        <Name>Fred</Name>
        <Email>fweasley@hogwarts.co.uk</Email>
      </Author>
      <Author>
        <Name>George</Name>
        <Email>gweasley@hogwarts.co.uk</Email>
      </Author>
    </Authors>
    <name>Book2</name>
  </book>
  <book year="2014" isbn="ISBN83763550019---11">
    <Authors>
      <Author>
        <Name>Fred</Name>
        <Email>fweasley@hogwarts.co.uk</Email>
      </Author>
      <Author>
        <Name>George</Name>
        <Email>gweasley@hogwarts.co.uk</Email>
      </Author>
    </Authors>
    <name>Book1</name>
  </book>
  <book year="2014" isbn="ISBN83763550019---11">
    <Authors>
      <Author>
        <Name>Fred</Name>
        <Email>fweasley@hogwarts.co.uk</Email>
      </Author>
      <Author>
        <Name>George</Name>
        <Email>gweasley@hogwarts.co.uk</Email>
      </Author>
    </Authors>
    <name>Book2</name>
  </book>
  <book year="2014" isbn="ISBN83763550019---11">
    <Authors>
      <Author>
        <Name>Fred</Name>
        <Email>fweasley@hogwarts.co.uk</Email>
      </Author>
      <Author>
        <Name>George</Name>
        <Email>gweasley@hogwarts.co.uk</Email>
      </Author>
    </Authors>
    <name>Book1</name>
  </book>
  <book year="2014" isbn="ISBN83763550019---11">
    <Authors>
      <Author>
        <Name>Fred</Name>
        <Email>fweasley@hogwarts.co.uk</Email>
      </Author>
      <Author>
        <Name>George</Name>
        <Email>gweasley@hogwarts.co.uk</Email>
      </Author>
    </Authors>
    <name>Book2</name>
  </book>
  <book year="2014" isbn="ISBN83763550019---11">
    <Authors>
      <Author>
        <Name>Fred</Name>
        <Email>fweasley@hogwarts.co.uk</Email>
      </Author>
      <Author>
        <Name>George</Name>
        <Email>gweasley@hogwarts.co.uk</Email>
      </Author>
    </Authors>
    <name>Book1</name>
  </book>
  <book year="2014" isbn="ISBN83763550019---11">
    <Authors>
      <Author>
        <Name>Fred</Name>
        <Email>fweasley@hogwarts.co.uk</Email>
      </Author>
      <Author>
        <Name>George</Name>
        <Email>gweasley@hogwarts.co.uk</Email>
      </Author>
    </Authors>
    <name>Book2</name>
  </book>
  <book year="2014" isbn="ISBN83763550019---11">
    <Authors>
      <Author>
        <Name>Fred</Name>
        <Email>fweasley@hogwarts.co.uk</Email>
      </Author>
      <Author>
        <Name>George</Name>
        <Email>gweasley@hogwarts.co.uk</Email>
      </Author>
    </Authors>
    <name>Book1</name>
  </book>
  <book year="2014" isbn="ISBN83763550019---11">
    <Authors>
      <Author>
        <Name>Fred</Name>
        <Email>fweasley@hogwarts.co.uk</Email>
      </Author>
      <Author>
        <Name>George</Name>
        <Email>gweasley@hogwarts.co.uk</Email>
      </Author>
    </Authors>
    <name>Book2</name>
  </book>
  <book year="2014" isbn="ISBN83763550019---11">
    <Authors>
      <Author>
        <Name>Fred</Name>
        <Email>fweasley@hogwarts.co.uk</Email>
      </Author>
      <Author>
        <Name>George</Name>
        <Email>gweasley@hogwarts.co.uk</Email>
      </Author>
    </Authors>
    <name>Book1</name>
  </book>
  <book year="2014" isbn="ISBN83763550019---11">
    <Authors>
      <Author>
        <Name>Fred</Name>
        <Email>fweasley@hogwarts.co.uk</Email>
      </Author>
      <Author>
        <Name>George</Name>
        <Email>gweasley@hogwarts.co.uk</Email>
      </Author>
    </Authors>
    <name>Book2</name>
  </book>
  <book year="2014" isbn="ISBN83763550019---11">
    <Authors>
      <Author>
        <Name>Fred</Name>
        <Email>fweasley@hogwarts.co.uk</Email>
      </Author>
      <Author>
        <Name>George</Name>
        <Email>gweasley@hogwarts.co.uk</Email>
      </Author>
    </Authors>
    <name>Book1</name>
  </book>
  <book year="2014" isbn="ISBN83763550019---11">
    <Authors>
      <Author>
        <Name>Fred</Name>
        <Email>fweasley@hogwarts.co.uk</Email>
      </Author>
      <Author>
        <Name>George</Name>
        <Email>gweasley@hogwarts.co.uk</Email>
      </Author>
    </Authors>
    <name>Book2</name>
  </book>
  <book year="2014" isbn="ISBN83763550019---11">
    <Authors>
      <Author>
        <Name>Fred</Name>
        <Email>fweasley@hogwarts.co.uk</Email>
      </Author>
      <Author>
        <Name>George</Name>
        <Email>gweasley@hogwarts.co.uk</Email>
      </Author>
    </Authors>
    <name>Book1</name>
  </book>
  <book year="2014" isbn="ISBN83763550019---11">
    <Authors>
      <Author>
        <Name>Fred</Name>
        <Email>fweasley@hogwarts.co.uk</Email>
      </Author>
      <Author>
        <Name>George</Name>
        <Email>gweasley@hogwarts.co.uk</Email>
      </Author>
    </Authors>
    <name>Book2</name>
  </book>
  <book year="2014" isbn="ISBN83763550019---11">
    <Authors>
      <Author>
        <Name>Fred</Name>
        <Email>fweasley@hogwarts.co.uk</Email>
      </Author>
      <Author>
        <Name>George</Name>
        <Email>gweasley@hogwarts.co.uk</Email>
      </Author>
    </Authors>
    <name>Book1</name>
  </book>
  <book year="2014" isbn="ISBN83763550019---11">
    <Authors>
      <Author>
        <Name>Fred</Name>
        <Email>fweasley@hogwarts.co.uk</Email>
      </Author>
      <Author>
        <Name>George</Name>
        <Email>gweasley@hogwarts.co.uk</Email>
      </Author>
    </Authors>
    <name>Book2</name>
  </book>
  <book year="2014" isbn="ISBN83763550019---11">
    <Authors>
      <Author>
        <Name>Fred</Name>
        <Email>fweasley@hogwarts.co.uk</Email>
      </Author>
      <Author>
        <Name>George</Name>
        <Email>gweasley@hogwarts.co.uk</Email>
      </Author>
    </Authors>
    <name>Book1</name>
  </book>
  <book year="2014" isbn="ISBN83763550019---11">
    <Authors>
      <Author>
        <Name>Fred</Name>
        <Email>fweasley@hogwarts.co.uk</Email>
      </Author>
      <Author>
        <Name>George</Name>
        <Email>gweasley@hogwarts.co.uk</Email>
      </Author>
    </Authors>
    <name>Book2</name>
  </book>
  <book year="2014" isbn="ISBN83763550019---11">
    <Authors>
      <Author>
        <Name>Fred</Name>
        <Email>fweasley@hogwarts.co.uk</Email>
      </Author>
      <Author>
        <Name>George</Name>
        <Email>gweasley@hogwarts.co.uk</Email>
      </Author>
    </Authors>
    <name>Book1</name>
  </book>
  <book year="2014" isbn="ISBN83763550019---11">
    <Authors>
      <Author>
        <Name>Fred</Name>
        <Email>fweasley@hogwarts.co.uk</Email>
      </Author>
      <Author>
        <Name>George</Name>
        <Email>gweasley@hogwarts.co.uk</Email>
      </Author>
    </Authors>
    <name>Book2</name>
  </book>
  <book year="2014" isbn="ISBN83763550019---11">
    <Authors>
      <Author>
        <Name>Fred</Name>
        <Email>fweasley@hogwarts.co.uk</Email>
      </Author>
      <Author>
        <Name>George</Name>
        <Email>gweasley@hogwarts.co.uk</Email>
      </Author>
    </Authors>
    <name>Book1</name>
  </book>
  <book year="2014" isbn="ISBN83763550019---11">
    <Authors>
      <Author>
        <Name>Fred</Name>
        <Email>fweasley@hogwarts.co.uk</Email>
      </Author>
      <Author>
        <Name>George</Name>
        <Email>gweasley@hogwarts.co.uk</Email>
      </Author>
    </Authors>
    <name>Book2</name>
  </book>
  <book year="2014" isbn="ISBN83763550019---11">
    <Authors>
      <Author>
        <Name>Fred</Name>
        <Email>fweasley@hogwarts.co.uk</Email>
      </Author>
      <Author>
        <Name>George</Name>
        <Email>gweasley@hogwarts.co.uk</Email>
      </Author>
    </Authors>
    <name>Book1</name>
  </book>
  <book year="2014" isbn="ISBN83763550019---11">
    <Authors>
      <Author>
        <Name>Fred</Name>
        <Email>fweasley@hogwarts.co.uk</Email>
      </Author>
      <Author>
        <Name>George</Name>
        <Email>gweasley@hogwarts.co.uk</Email>
      </Author>
    </Authors>
    <name>Book2</name>
  </book>
  <book year="2014" isbn="ISBN83763550019---11">
    <Authors>
      <Author>
        <Name>Fred</Name>
        <Email>fweasley@hogwarts.co.uk</Email>
      </Author>
      <Author>
        <Name>George</Name>
        <Email>gweasley@hogwarts.co.uk</Email>
      </Author>
    </Authors>
    <name>Book1</name>
  </book>
  <book year="2014" isbn="ISBN83763550019---11">
    <Authors>
      <Author>
        <Name>Fred</Name>
        <Email>fweasley@hogwarts.co.uk</Email>
      </Author>
      <Author>
        <Name>George</Name>
        <Email>gweasley@hogwarts.co.uk</Email>
      </Author>
    </Authors>
    <name>Book2</name>
  </book>
  <book year="2014" isbn="ISBN83763550019---11">
    <Authors>
      <Author>
        <Name>Fred</Name>
        <Email>fweasley@hogwarts.co.uk</Email>
      </Author>
      <Author>
        <Name>George</Name>
        <Email>gweasley@hogwarts.co.uk</Email>
      </Author>
    </Authors>
    <name>Book1</name>
  </book>
  <book year="2014" isbn="ISBN83763550019---11">
    <Authors>
      <Author>
        <Name>Fred</Name>
        <Email>fweasley@hogwarts.co.uk</Email>
      </Author>
      <Author>
        <Name>George</Name>
        <Email>gweasley@hogwarts.co.uk</Email>
      </Author>
    </Authors>
    <name>Book2</name>
  </book>
  <book year="2014" isbn="ISBN83763550019---11">
    <Authors>
      <Author>
        <Name>Fred</Name>
        <Email>fweasley@hogwarts.co.uk</Email>
      </Author>
      <Author>
        <Name>George</Name>
        <Email>gweasley@hogwarts.co.uk</Email>
      </Author>
    </Authors>
    <name>Book1</name>
  </book>
  <book year="2014" isbn="ISBN83763550019---11">
    <Authors>
      <Author>
        <Name>Fred</Name>
        <Email>fweasley@hogwarts.co.uk</Email>
      </Author>
      <Author>
        <Name>George</Name>
        <Email>gweasley@hogwarts.co.uk</Email>
      </Author>
    </Authors>
    <name>Book2</name>
  </book>
  <book year="2014" isbn="ISBN83763550019---11">
    <Authors>
      <Author>
        <Name>Fred</Name>
        <Email>fweasley@hogwarts.co.uk</Email>
      </Author>
      <Author>
        <Name>George</Name>
        <Email>gweasley@hogwarts.co.uk</Email>
      </Author>
    </Authors>
    <name>Book1</name>
  </book>
  <book year="2014" isbn="ISBN83763550019---11">
    <Authors>
      <Author>
        <Name>Fred</Name>
        <Email>fweasley@hogwarts.co.uk</Email>
      </Author>
      <Author>
        <Name>George</Name>
        <Email>gweasley@hogwarts.co.uk</Email>
      </Author>
    </Authors>
    <name>Book2</name>
  </book>
  <book year="2014" isbn="ISBN83763550019---11">
    <Authors>
      <Author>
        <Name>Fred</Name>
        <Email>fweasley@hogwarts.co.uk</Email>
      </Author>
      <Author>
        <Name>George</Name>
        <Email>gweasley@hogwarts.co.uk</Email>
      </Author>
    </Authors>
    <name>Book1</name>
  </book>
  <book year="2014" isbn="ISBN83763550019---11">
    <Authors>
      <Author>
        <Name>Fred</Name>
        <Email>fweasley@hogwarts.co.uk</Email>
      </Author>
      <Author>
        <Name>George</Name>
        <Email>gweasley@hogwarts.co.uk</Email>
      </Author>
    </Authors>
    <name>Book2</name>
  </book>
  <book year="2014" isbn="ISBN83763550019---11">
    <Authors>
      <Author>
        <Name>Fred</Name>
        <Email>fweasley@hogwarts.co.uk</Email>
      </Author>
      <Author>
        <Name>George</Name>
        <Email>gweasley@hogwarts.co.uk</Email>
      </Author>
    </Authors>
    <name>Book1</name>
  </book>
  <book year="2014" isbn="ISBN83763550019---11">
    <Authors>
      <Author>
        <Name>Fred</Name>
        <Email>fweasley@hogwarts.co.uk</Email>
      </Author>
      <Author>
        <Name>George</Name>
        <Email>gweasley@hogwarts.co.uk</Email>
      </Author>
    </Authors>
    <name>Book2</name>
  </book>
  <book year="2014" isbn="ISBN83763550019---11">
    <Authors>
      <Author>
        <Name>Fred</Name>
        <Email>fweasley@hogwarts.co.uk</Email>
      </Author>
      <Author>
        <Name>George</Name>
        <Email>gweasley@hogwarts.co.uk</Email>
      </Author>
    </Authors>
    <name>Book1</name>
  </book>
  <book year="2014" isbn="ISBN83763550019---11">
    <Authors>
      <Author>
        <Name>Fred</Name>
        <Email>fweasley@hogwarts.co.uk</Email>
      </Author>
      <Author>
        <Name>George</Name>
        <Email>gweasley@hogwarts.co.uk</Email>
      </Author>
    </Authors>
    <name>Book2</name>
  </book>
  <book year="2014" isbn="ISBN83763550019---11">
    <Authors>
      <Author>
        <Name>Fred</Name>
        <Email>fweasley@hogwarts.co.uk</Email>
      </Author>
      <Author>
        <Name>George</Name>
        <Email>gweasley@hogwarts.co.uk</Email>
      </Author>
    </Authors>
    <name>Book1</name>
  </book>
  <book year="2014" isbn="ISBN83763550019---11">
    <Authors>
      <Author>
        <Name>Fred</Name>
        <Email>fweasley@hogwarts.co.uk</Email>
      </Author>
      <Author>
        <Name>George</Name>
        <Email>gweasley@hogwarts.co.uk</Email>
      </Author>
    </Authors>
    <name>Book2</name>
  </book>
  <book year="2014" isbn="ISBN83763550019---11">
    <Authors>
      <Author>
        <Name>Fred</Name>
        <Email>fweasley@hogwarts.co.uk</Email>
      </Author>
      <Author>
        <Name>George</Name>
        <Email>gweasley@hogwarts.co.uk</Email>
      </Author>
    </Authors>
    <name>Book1</name>
  </book>
  <book year="2014" isbn="ISBN83763550019---11">
    <Authors>
      <Author>
        <Name>Fred</Name>
        <Email>fweasley@hogwarts.co.uk</Email>
      </Author>
      <Author>
        <Name>George</Name>
        <Email>gweasley@hogwarts.co.uk</Email>
      </Author>
    </Authors>
    <name>Book2</name>
  </book>
  <book year="2014" isbn="ISBN83763550019---11">
    <Authors>
      <Author>
        <Name>Fred</Name>
        <Email>fweasley@hogwarts.co.uk</Email>
      </Author>
      <Author>
        <Name>George</Name>
        <Email>gweasley@hogwarts.co.uk</Email>
      </Author>
    </Authors>
    <name>Book1</name>
  </book>
  <book year="2014" isbn="ISBN83763550019---11">
    <Authors>
      <Author>
        <Name>Fred</Name>
        <Email>fweasley@hogwarts.co.uk</Email>
      </Author>
      <Author>
        <Name>George</Name>
        <Email>gweasley@hogwarts.co.uk</Email>
      </Author>
    </Authors>
    <name>Book2</name>
  </book>
  <book year="2014" isbn="ISBN83763550019---11">
    <Authors>
      <Author>
        <Name>Fred</Name>
        <Email>fweasley@hogwarts.co.uk</Email>
      </Author>
      <Author>
        <Name>George</Name>
        <Email>gweasley@hogwarts.co.uk</Email>
      </Author>
    </Authors>
    <name>Book1</name>
  </book>
  <book year="2014" isbn="ISBN83763550019---11">
    <Authors>
      <Author>
        <Name>Fred</Name>
        <Email>fweasley@hogwarts.co.uk</Email>
      </Author>
      <Author>
        <Name>George</Name>
        <Email>gweasley@hogwarts.co.uk</Email>
      </Author>
    </Authors>
    <name>Book2</name>
  </book>
  <book year="2014" isbn="ISBN83763550019---11">
    <Authors>
      <Author>
        <Name>Fred</Name>
        <Email>fweasley@hogwarts.co.uk</Email>
      </Author>
      <Author>
        <Name>George</Name>
        <Email>gweasley@hogwarts.co.uk</Email>
      </Author>
    </Authors>
    <name>Book1</name>
  </book>
  <book year="2014" isbn="ISBN83763550019---11">
    <Authors>
      <Author>
        <Name>Fred</Name>
        <Email>fweasley@hogwarts.co.uk</Email>
      </Author>
      <Author>
        <Name>George</Name>
        <Email>gweasley@hogwarts.co.uk</Email>
      </Author>
    </Authors>
    <name>Book2</name>
  </book>
  <book year="2014" isbn="ISBN83763550019---11">
    <Authors>
      <Author>
        <Name>Fred</Name>
        <Email>fweasley@hogwarts.co.uk</Email>
      </Author>
      <Author>
        <Name>George</Name>
        <Email>gweasley@hogwarts.co.uk</Email>
      </Author>
    </Authors>
    <name>Book1</name>
  </book>
  <book year="2014" isbn="ISBN83763550019---11">
    <Authors>
      <Author>
        <Name>Fred</Name>
        <Email>fweasley@hogwarts.co.uk</Email>
      </Author>
      <Author>
        <Name>George</Name>
        <Email>gweasley@hogwarts.co.uk</Email>
      </Author>
    </Authors>
    <name>Book2</name>
  </book>
  <book year="2014" isbn="ISBN83763550019---11">
    <Authors>
      <Author>
        <Name>Fred</Name>
        <Email>fweasley@hogwarts.co.uk</Email>
      </Author>
      <Author>
        <Name>George</Name>
        <Email>gweasley@hogwarts.co.uk</Email>
      </Author>
    </Authors>
    <name>Book1</name>
  </book>
  <book year="2014" isbn="ISBN83763550019---11">
    <Authors>
      <Author>
        <Name>Fred</Name>
        <Email>fweasley@hogwarts.co.uk</Email>
      </Author>
      <Author>
        <Name>George</Name>
        <Email>gweasley@hogwarts.co.uk</Email>
      </Author>
    </Authors>
    <name>Book2</name>
  </book>
  <book year="2014" isbn="ISBN83763550019---11">
    <Authors>
      <Author>
        <Name>Fred</Name>
        <Email>fweasley@hogwarts.co.uk</Email>
      </Author>
      <Author>
        <Name>George</Name>
        <Email>gweasley@hogwarts.co.uk</Email>
      </Author>
    </Authors>
    <name>Book1</name>
  </book>
  <book year="2014" isbn="ISBN83763550019---11">
    <Authors>
      <Author>
        <Name>Fred</Name>
        <Email>fweasley@hogwarts.co.uk</Email>
      </Author>
      <Author>
        <Name>George</Name>
        <Email>gweasley@hogwarts.co.uk</Email>
      </Author>
    </Authors>
    <name>Book2</name>
  </book>
  <book year="2014" isbn="ISBN83763550019---11">
    <Authors>
      <Author>
        <Name>Fred</Name>
        <Email>fweasley@hogwarts.co.uk</Email>
      </Author>
      <Author>
        <Name>George</Name>
        <Email>gweasley@hogwarts.co.uk</Email>
      </Author>
    </Authors>
    <name>Book1</name>
  </book>
  <book year="2014" isbn="ISBN83763550019---11">
    <Authors>
      <Author>
        <Name>Fred</Name>
        <Email>fweasley@hogwarts.co.uk</Email>
      </Author>
      <Author>
        <Name>George</Name>
        <Email>gweasley@hogwarts.co.uk</Email>
      </Author>
    </Authors>
    <name>Book2</name>
  </book>
  <book year="2014" isbn="ISBN83763550019---11">
    <Authors>
      <Author>
        <Name>Fred</Name>
        <Email>fweasley@hogwarts.co.uk</Email>
      </Author>
      <Author>
        <Name>George</Name>
        <Email>gweasley@hogwarts.co.uk</Email>
      </Author>
    </Authors>
    <name>Book1</name>
  </book>
  <book year="2014" isbn="ISBN83763550019---11">
    <Authors>
      <Author>
        <Name>Fred</Name>
        <Email>fweasley@hogwarts.co.uk</Email>
      </Author>
      <Author>
        <Name>George</Name>
        <Email>gweasley@hogwarts.co.uk</Email>
      </Author>
    </Authors>
    <name>Book2</name>
  </book>
  <book year="2014" isbn="ISBN83763550019---11">
    <Authors>
      <Author>
        <Name>Fred</Name>
        <Email>fweasley@hogwarts.co.uk</Email>
      </Author>
      <Author>
        <Name>George</Name>
        <Email>gweasley@hogwarts.co.uk</Email>
      </Author>
    </Authors>
    <name>Book1</name>
  </book>
  <book year="2014" isbn="ISBN83763550019---11">
    <Authors>
      <Author>
        <Name>Fred</Name>
        <Email>fweasley@hogwarts.co.uk</Email>
      </Author>
      <Author>
        <Name>George</Name>
        <Email>gweasley@hogwarts.co.uk</Email>
      </Author>
    </Authors>
    <name>Book2</name>
  </book>
  <book year="2014" isbn="ISBN83763550019---11">
    <Authors>
      <Author>
        <Name>Fred</Name>
        <Email>fweasley@hogwarts.co.uk</Email>
      </Author>
      <Author>
        <Name>George</Name>
        <Email>gweasley@hogwarts.co.uk</Email>
      </Author>
    </Authors>
    <name>Book1</name>
  </book>
  <book year="2014" isbn="ISBN83763550019---11">
    <Authors>
      <Author>
        <Name>Fred</Name>
        <Email>fweasley@hogwarts.co.uk</Email>
      </Author>
      <Author>
        <Name>George</Name>
        <Email>gweasley@hogwarts.co.uk</Email>
      </Author>
    </Authors>
    <name>Book2</name>
  </book>
  <book year="2014" isbn="ISBN83763550019---11">
    <Authors>
      <Author>
        <Name>Fred</Name>
        <Email>fweasley@hogwarts.co.uk</Email>
      </Author>
      <Author>
        <Name>George</Name>
        <Email>gweasley@hogwarts.co.uk</Email>
      </Author>
    </Authors>
    <name>Book1</name>
  </book>
  <book year="2014" isbn="ISBN83763550019---11">
    <Authors>
      <Author>
        <Name>Fred</Name>
        <Email>fweasley@hogwarts.co.uk</Email>
      </Author>
      <Author>
        <Name>George</Name>
        <Email>gweasley@hogwarts.co.uk</Email>
      </Author>
    </Authors>
    <name>Book2</name>
  </book>
  <book year="2014" isbn="ISBN83763550019---11">
    <Authors>
      <Author>
        <Name>Fred</Name>
        <Email>fweasley@hogwarts.co.uk</Email>
      </Author>
      <Author>
        <Name>George</Name>
        <Email>gweasley@hogwarts.co.uk</Email>
      </Author>
    </Authors>
    <name>Book1</name>
  </book>
  <book year="2014" isbn="ISBN83763550019---11">
    <Authors>
      <Author>
        <Name>Fred</Name>
        <Email>fweasley@hogwarts.co.uk</Email>
      </Author>
      <Author>
        <Name>George</Name>
        <Email>gweasley@hogwarts.co.uk</Email>
      </Author>
    </Authors>
    <name>Book2</name>
  </book>
  <book year="2014" isbn="ISBN83763550019---11">
    <Authors>
      <Author>
        <Name>Fred</Name>
        <Email>fweasley@hogwarts.co.uk</Email>
      </Author>
      <Author>
        <Name>George</Name>
        <Email>gweasley@hogwarts.co.uk</Email>
      </Author>
    </Authors>
    <name>Book1</name>
  </book>
  <book year="2014" isbn="ISBN83763550019---11">
    <Authors>
      <Author>
        <Name>Fred</Name>
        <Email>fweasley@hogwarts.co.uk</Email>
      </Author>
      <Author>
        <Name>George</Name>
        <Email>gweasley@hogwarts.co.uk</Email>
      </Author>
    </Authors>
    <name>Book2</name>
  </book>
  <book year="2014" isbn="ISBN83763550019---11">
    <Authors>
      <Author>
        <Name>Fred</Name>
        <Email>fweasley@hogwarts.co.uk</Email>
      </Author>
      <Author>
        <Name>George</Name>
        <Email>gweasley@hogwarts.co.uk</Email>
      </Author>
    </Authors>
    <name>Book1</name>
  </book>
  <book year="2014" isbn="ISBN83763550019---11">
    <Authors>
      <Author>
        <Name>Fred</Name>
        <Email>fweasley@hogwarts.co.uk</Email>
      </Author>
      <Author>
        <Name>George</Name>
        <Email>gweasley@hogwarts.co.uk</Email>
      </Author>
    </Authors>
    <name>Book2</name>
  </book>
  <book year="2014" isbn="ISBN83763550019---11">
    <Authors>
      <Author>
        <Name>Fred</Name>
        <Email>fweasley@hogwarts.co.uk</Email>
      </Author>
      <Author>
        <Name>George</Name>
        <Email>gweasley@hogwarts.co.uk</Email>
      </Author>
    </Authors>
    <name>Book1</name>
  </book>
  <book year="2014" isbn="ISBN83763550019---11">
    <Authors>
      <Author>
        <Name>Fred</Name>
        <Email>fweasley@hogwarts.co.uk</Email>
      </Author>
      <Author>
        <Name>George</Name>
        <Email>gweasley@hogwarts.co.uk</Email>
      </Author>
    </Authors>
    <name>Book2</name>
  </book>
  <book year="2014" isbn="ISBN83763550019---11">
    <Authors>
      <Author>
        <Name>Fred</Name>
        <Email>fweasley@hogwarts.co.uk</Email>
      </Author>
      <Author>
        <Name>George</Name>
        <Email>gweasley@hogwarts.co.uk</Email>
      </Author>
    </Authors>
    <name>Book1</name>
  </book>
  <book year="2014" isbn="ISBN83763550019---11">
    <Authors>
      <Author>
        <Name>Fred</Name>
        <Email>fweasley@hogwarts.co.uk</Email>
      </Author>
      <Author>
        <Name>George</Name>
        <Email>gweasley@hogwarts.co.uk</Email>
      </Author>
    </Authors>
    <name>Book2</name>
  </book>
  <book year="2014" isbn="ISBN83763550019---11">
    <Authors>
      <Author>
        <Name>Fred</Name>
        <Email>fweasley@hogwarts.co.uk</Email>
      </Author>
      <Author>
        <Name>George</Name>
        <Email>gweasley@hogwarts.co.uk</Email>
      </Author>
    </Authors>
    <name>Book1</name>
  </book>
  <book year="2014" isbn="ISBN83763550019---11">
    <Authors>
      <Author>
        <Name>Fred</Name>
        <Email>fweasley@hogwarts.co.uk</Email>
      </Author>
      <Author>
        <Name>George</Name>
        <Email>gweasley@hogwarts.co.uk</Email>
      </Author>
    </Authors>
    <name>Book2</name>
  </book>
  <book year="2014" isbn="ISBN83763550019---11">
    <Authors>
      <Author>
        <Name>Fred</Name>
        <Email>fweasley@hogwarts.co.uk</Email>
      </Author>
      <Author>
        <Name>George</Name>
        <Email>gweasley@hogwarts.co.uk</Email>
      </Author>
    </Authors>
    <name>Book1</name>
  </book>
  <book year="2014" isbn="ISBN83763550019---11">
    <Authors>
      <Author>
        <Name>Fred</Name>
        <Email>fweasley@hogwarts.co.uk</Email>
      </Author>
      <Author>
        <Name>George</Name>
        <Email>gweasley@hogwarts.co.uk</Email>
      </Author>
    </Authors>
    <name>Book2</name>
  </book>
  <book year="2014" isbn="ISBN83763550019---11">
    <Authors>
      <Author>
        <Name>Fred</Name>
        <Email>fweasley@hogwarts.co.uk</Email>
      </Author>
      <Author>
        <Name>George</Name>
        <Email>gweasley@hogwarts.co.uk</Email>
      </Author>
    </Authors>
    <name>Book1</name>
  </book>
  <book year="2014" isbn="ISBN83763550019---11">
    <Authors>
      <Author>
        <Name>Fred</Name>
        <Email>fweasley@hogwarts.co.uk</Email>
      </Author>
      <Author>
        <Name>George</Name>
        <Email>gweasley@hogwarts.co.uk</Email>
      </Author>
    </Authors>
    <name>Book2</name>
  </book>
  <book year="2014" isbn="ISBN83763550019---11">
    <Authors>
      <Author>
        <Name>Fred</Name>
        <Email>fweasley@hogwarts.co.uk</Email>
      </Author>
      <Author>
        <Name>George</Name>
        <Email>gweasley@hogwarts.co.uk</Email>
      </Author>
    </Authors>
    <name>Book1</name>
  </book>
  <book year="2014" isbn="ISBN83763550019---11">
    <Authors>
      <Author>
        <Name>Fred</Name>
        <Email>fweasley@hogwarts.co.uk</Email>
      </Author>
      <Author>
        <Name>George</Name>
        <Email>gweasley@hogwarts.co.uk</Email>
      </Author>
    </Authors>
    <name>Book2</name>
  </book>
  <book year="2014" isbn="ISBN83763550019---11">
    <Authors>
      <Author>
        <Name>Fred</Name>
        <Email>fweasley@hogwarts.co.uk</Email>
      </Author>
      <Author>
        <Name>George</Name>
        <Email>gweasley@hogwarts.co.uk</Email>
      </Author>
    </Authors>
    <name>Book1</name>
  </book>
  <book year="2014" isbn="ISBN83763550019---11">
    <Authors>
      <Author>
        <Name>Fred</Name>
        <Email>fweasley@hogwarts.co.uk</Email>
      </Author>
      <Author>
        <Name>George</Name>
        <Email>gweasley@hogwarts.co.uk</Email>
      </Author>
    </Authors>
    <name>Book2</name>
  </book>
  <book year="2014" isbn="ISBN83763550019---11">
    <Authors>
      <Author>
        <Name>Fred</Name>
        <Email>fweasley@hogwarts.co.uk</Email>
      </Author>
      <Author>
        <Name>George</Name>
        <Email>gweasley@hogwarts.co.uk</Email>
      </Author>
    </Authors>
    <name>Book1</name>
  </book>
  <book year="2014" isbn="ISBN83763550019---11">
    <Authors>
      <Author>
        <Name>Fred</Name>
        <Email>fweasley@hogwarts.co.uk</Email>
      </Author>
      <Author>
        <Name>George</Name>
        <Email>gweasley@hogwarts.co.uk</Email>
      </Author>
    </Authors>
    <name>Book2</name>
  </book>
  <book year="2014" isbn="ISBN83763550019---11">
    <Authors>
      <Author>
        <Name>Fred</Name>
        <Email>fweasley@hogwarts.co.uk</Email>
      </Author>
      <Author>
        <Name>George</Name>
        <Email>gweasley@hogwarts.co.uk</Email>
      </Author>
    </Authors>
    <name>Book1</name>
  </book>
  <book year="2014" isbn="ISBN83763550019---11">
    <Authors>
      <Author>
        <Name>Fred</Name>
        <Email>fweasley@hogwarts.co.uk</Email>
      </Author>
      <Author>
        <Name>George</Name>
        <Email>gweasley@hogwarts.co.uk</Email>
      </Author>
    </Authors>
    <name>Book2</name>
  </book>
  <book year="2014" isbn="ISBN83763550019---11">
    <Authors>
      <Author>
        <Name>Fred</Name>
        <Email>fweasley@hogwarts.co.uk</Email>
      </Author>
      <Author>
        <Name>George</Name>
        <Email>gweasley@hogwarts.co.uk</Email>
      </Author>
    </Authors>
    <name>Book1</name>
  </book>
  <book year="2014" isbn="ISBN83763550019---11">
    <Authors>
      <Author>
        <Name>Fred</Name>
        <Email>fweasley@hogwarts.co.uk</Email>
      </Author>
      <Author>
        <Name>George</Name>
        <Email>gweasley@hogwarts.co.uk</Email>
      </Author>
    </Authors>
    <name>Book2</name>
  </book>
  <book year="2014" isbn="ISBN83763550019---11">
    <Authors>
      <Author>
        <Name>Fred</Name>
        <Email>fweasley@hogwarts.co.uk</Email>
      </Author>
      <Author>
        <Name>George</Name>
        <Email>gweasley@hogwarts.co.uk</Email>
      </Author>
    </Authors>
    <name>Book1</name>
  </book>
  <book year="2014" isbn="ISBN83763550019---11">
    <Authors>
      <Author>
        <Name>Fred</Name>
        <Email>fweasley@hogwarts.co.uk</Email>
      </Author>
      <Author>
        <Name>George</Name>
        <Email>gweasley@hogwarts.co.uk</Email>
      </Author>
    </Authors>
    <name>Book2</name>
  </book>
  <book year="2014" isbn="ISBN83763550019---11">
    <Authors>
      <Author>
        <Name>Fred</Name>
        <Email>fweasley@hogwarts.co.uk</Email>
      </Author>
      <Author>
        <Name>George</Name>
        <Email>gweasley@hogwarts.co.uk</Email>
      </Author>
    </Authors>
    <name>Book1</name>
  </book>
  <book year="2014" isbn="ISBN83763550019---11">
    <Authors>
      <Author>
        <Name>Fred</Name>
        <Email>fweasley@hogwarts.co.uk</Email>
      </Author>
      <Author>
        <Name>George</Name>
        <Email>gweasley@hogwarts.co.uk</Email>
      </Author>
    </Authors>
    <name>Book2</name>
  </book>
  <book year="2014" isbn="ISBN83763550019---11">
    <Authors>
      <Author>
        <Name>Fred</Name>
        <Email>fweasley@hogwarts.co.uk</Email>
      </Author>
      <Author>
        <Name>George</Name>
        <Email>gweasley@hogwarts.co.uk</Email>
      </Author>
    </Authors>
    <name>Book1</name>
  </book>
  <book year="2014" isbn="ISBN83763550019---11">
    <Authors>
      <Author>
        <Name>Fred</Name>
        <Email>fweasley@hogwarts.co.uk</Email>
      </Author>
      <Author>
        <Name>George</Name>
        <Email>gweasley@hogwarts.co.uk</Email>
      </Author>
    </Authors>
    <name>Book2</name>
  </book>
  <book year="2014" isbn="ISBN83763550019---11">
    <Authors>
      <Author>
        <Name>Fred</Name>
        <Email>fweasley@hogwarts.co.uk</Email>
      </Author>
      <Author>
        <Name>George</Name>
        <Email>gweasley@hogwarts.co.uk</Email>
      </Author>
    </Authors>
    <name>Book1</name>
  </book>
  <book year="2014" isbn="ISBN83763550019---11">
    <Authors>
      <Author>
        <Name>Fred</Name>
        <Email>fweasley@hogwarts.co.uk</Email>
      </Author>
      <Author>
        <Name>George</Name>
        <Email>gweasley@hogwarts.co.uk</Email>
      </Author>
    </Authors>
    <name>Book2</name>
  </book>
  <book>
    <Authors>
      <Author>
        <Name>Fred</Name>
        <Email>fweasley@hogwarts.co.uk</Email>
      </Author>
      <Author>
        <Name>George</Name>
        <Email>gweasley@hogwarts.co.uk</Email>
      </Author>
    </Authors>
    <name>Book1</name>
  </book>
  <book>
    <Authors>
      <Author>
        <Name>Fred</Name>
        <Email>fweasley@hogwarts.co.uk</Email>
      </Author>
      <Author>
        <Name>George</Name>
        <Email>gweasley@hogwarts.co.uk</Email>
      </Author>
    </Authors>
    <name>Book1</name>
  </book>
  <book>
    <Authors>
      <Author>
        <Name>Fred</Name>
        <Email>fweasley@hogwarts.co.uk</Email>
      </Author>
      <Author>
        <Name>George</Name>
        <Email>gweasley@hogwarts.co.uk</Email>
      </Author>
    </Authors>
    <name>Book1</name>
  </book>
  <book>
    <Authors>
      <Author>
        <Name>Fred</Name>
        <Email>fweasley@hogwarts.co.uk</Email>
      </Author>
      <Author>
        <Name>George</Name>
        <Email>gweasley@hogwarts.co.uk</Email>
      </Author>
    </Authors>
    <name>Book1</name>
  </book>
  <book>
    <Authors>
      <Author>
        <Name>Fred</Name>
        <Email>fweasley@hogwarts.co.uk</Email>
      </Author>
      <Author>
        <Name>George</Name>
        <Email>gweasley@hogwarts.co.uk</Email>
      </Author>
    </Authors>
    <name>Book1</name>
  </book>
  <book>
    <Authors>
      <Author>
        <Name>Fred</Name>
        <Email>fweasley@hogwarts.co.uk</Email>
      </Author>
      <Author>
        <Name>George</Name>
        <Email>gweasley@hogwarts.co.uk</Email>
      </Author>
    </Authors>
    <name>Book1</name>
  </book>
  <book>
    <Authors>
      <Author>
        <Name>Fred</Name>
        <Email>fweasley@hogwarts.co.uk</Email>
      </Author>
      <Author>
        <Name>George</Name>
        <Email>gweasley@hogwarts.co.uk</Email>
      </Author>
    </Authors>
    <name>Book1</name>
  </book>
  <book>
    <Authors>
      <Author>
        <Name>Fred</Name>
        <Email>fweasley@hogwarts.co.uk</Email>
      </Author>
      <Author>
        <Name>George</Name>
        <Email>gweasley@hogwarts.co.uk</Email>
      </Author>
    </Authors>
    <name>Book1</name>
  </book>
  <book>
    <Authors>
      <Author>
        <Name>Fred</Name>
        <Email>fweasley@hogwarts.co.uk</Email>
      </Author>
      <Author>
        <Name>George</Name>
        <Email>gweasley@hogwarts.co.uk</Email>
      </Author>
    </Authors>
    <name>Book1</name>
  </book>
  <book>
    <Authors>
      <Author>
        <Name>Fred</Name>
        <Email>fweasley@hogwarts.co.uk</Email>
      </Author>
      <Author>
        <Name>George</Name>
        <Email>gweasley@hogwarts.co.uk</Email>
      </Author>
    </Authors>
    <name>Book1</name>
  </book>
  <book>
    <Authors>
      <Author>
        <Name>Fred</Name>
        <Email>fweasley@hogwarts.co.uk</Email>
      </Author>
      <Author>
        <Name>George</Name>
        <Email>gweasley@hogwarts.co.uk</Email>
      </Author>
    </Authors>
    <name>Book1</name>
  </book>
  <book>
    <Authors>
      <Author>
        <Name>Fred</Name>
        <Email>fweasley@hogwarts.co.uk</Email>
      </Author>
      <Author>
        <Name>George</Name>
        <Email>gweasley@hogwarts.co.uk</Email>
      </Author>
    </Authors>
    <name>Book1</name>
  </book>
  <book>
    <Authors>
      <Author>
        <Name>Fred</Name>
        <Email>fweasley@hogwarts.co.uk</Email>
      </Author>
      <Author>
        <Name>George</Name>
        <Email>gweasley@hogwarts.co.uk</Email>
      </Author>
    </Authors>
    <name>Book1</name>
  </book>
  <book>
    <Authors>
      <Author>
        <Name>Fred</Name>
        <Email>fweasley@hogwarts.co.uk</Email>
      </Author>
      <Author>
        <Name>George</Name>
        <Email>gweasley@hogwarts.co.uk</Email>
      </Author>
    </Authors>
    <name>Book1</name>
  </book>
  <book>
    <Authors>
      <Author>
        <Name>Fred</Name>
        <Email>fweasley@hogwarts.co.uk</Email>
      </Author>
      <Author>
        <Name>George</Name>
        <Email>gweasley@hogwarts.co.uk</Email>
      </Author>
    </Authors>
    <name>Book1</name>
  </book>
  <book>
    <Authors>
      <Author>
        <Name>Fred</Name>
        <Email>fweasley@hogwarts.co.uk</Email>
      </Author>
      <Author>
        <Name>George</Name>
        <Email>gweasley@hogwarts.co.uk</Email>
      </Author>
    </Authors>
    <name>Book1</name>
  </book>
  <book>
    <Authors>
      <Author>
        <Name>Fred</Name>
        <Email>fweasley@hogwarts.co.uk</Email>
      </Author>
      <Author>
        <Name>George</Name>
        <Email>gweasley@hogwarts.co.uk</Email>
      </Author>
    </Authors>
    <name>Book1</name>
  </book>
  <book>
    <Authors>
      <Author>
        <Name>Fred</Name>
        <Email>fweasley@hogwarts.co.uk</Email>
      </Author>
      <Author>
        <Name>George</Name>
        <Email>gweasley@hogwarts.co.uk</Email>
      </Author>
    </Authors>
    <name>Book1</name>
  </book>
  <book>
    <Authors>
      <Author>
        <Name>Fred</Name>
        <Email>fweasley@hogwarts.co.uk</Email>
      </Author>
      <Author>
        <Name>George</Name>
        <Email>gweasley@hogwarts.co.uk</Email>
      </Author>
    </Authors>
    <name>Book1</name>
  </book>
  <book>
    <Authors>
      <Author>
        <Name>Fred</Name>
        <Email>fweasley@hogwarts.co.uk</Email>
      </Author>
      <Author>
        <Name>George</Name>
        <Email>gweasley@hogwarts.co.uk</Email>
      </Author>
    </Authors>
    <name>Book1</name>
  </book>
  <book>
    <Authors>
      <Author>
        <Name>Fred</Name>
        <Email>fweasley@hogwarts.co.uk</Email>
      </Author>
      <Author>
        <Name>George</Name>
        <Email>gweasley@hogwarts.co.uk</Email>
      </Author>
    </Authors>
    <name>Book1</name>
  </book>
  <book>
    <Authors>
      <Author>
        <Name>Fred</Name>
        <Email>fweasley@hogwarts.co.uk</Email>
      </Author>
      <Author>
        <Name>George</Name>
        <Email>gweasley@hogwarts.co.uk</Email>
      </Author>
    </Authors>
    <name>Book1</name>
  </book>
  <book>
    <Authors>
      <Author>
        <Name>Fred</Name>
        <Email>fweasley@hogwarts.co.uk</Email>
      </Author>
      <Author>
        <Name>George</Name>
        <Email>gweasley@hogwarts.co.uk</Email>
      </Author>
    </Authors>
    <name>Book1</name>
  </book>
  <book>
    <Authors>
      <Author>
        <Name>Fred</Name>
        <Email>fweasley@hogwarts.co.uk</Email>
      </Author>
      <Author>
        <Name>George</Name>
        <Email>gweasley@hogwarts.co.uk</Email>
      </Author>
    </Authors>
    <name>Book1</name>
  </book>
  <book>
    <Authors>
      <Author>
        <Name>Fred</Name>
        <Email>fweasley@hogwarts.co.uk</Email>
      </Author>
      <Author>
        <Name>George</Name>
        <Email>gweasley@hogwarts.co.uk</Email>
      </Author>
    </Authors>
    <name>Book1</name>
  </book>
  <book>
    <Authors>
      <Author>
        <Name>Fred</Name>
        <Email>fweasley@hogwarts.co.uk</Email>
      </Author>
      <Author>
        <Name>George</Name>
        <Email>gweasley@hogwarts.co.uk</Email>
      </Author>
    </Authors>
    <name>Book1</name>
  </book>
  <book>
    <Authors>
      <Author>
        <Name>Fred</Name>
        <Email>fweasley@hogwarts.co.uk</Email>
      </Author>
      <Author>
        <Name>George</Name>
        <Email>gweasley@hogwarts.co.uk</Email>
      </Author>
    </Authors>
    <name>Book1</name>
  </book>
  <book>
    <Authors>
      <Author>
        <Name>Fred</Name>
        <Email>fweasley@hogwarts.co.uk</Email>
      </Author>
      <Author>
        <Name>George</Name>
        <Email>gweasley@hogwarts.co.uk</Email>
      </Author>
    </Authors>
    <name>Book1</name>
  </book>
  <book>
    <Authors>
      <Author>
        <Name>Fred</Name>
        <Email>fweasley@hogwarts.co.uk</Email>
      </Author>
      <Author>
        <Name>George</Name>
        <Email>gweasley@hogwarts.co.uk</Email>
      </Author>
    </Authors>
    <name>Book1</name>
  </book>
  <book>
    <Authors>
      <Author>
        <Name>Fred</Name>
        <Email>fweasley@hogwarts.co.uk</Email>
      </Author>
      <Author>
        <Name>George</Name>
        <Email>gweasley@hogwarts.co.uk</Email>
      </Author>
    </Authors>
    <name>Book1</name>
  </book>
  <book>
    <Authors>
      <Author>
        <Name>Fred</Name>
        <Email>fweasley@hogwarts.co.uk</Email>
      </Author>
      <Author>
        <Name>George</Name>
        <Email>gweasley@hogwarts.co.uk</Email>
      </Author>
    </Authors>
    <name>Book1</name>
  </book>
  <book>
    <Authors>
      <Author>
        <Name>Fred</Name>
        <Email>fweasley@hogwarts.co.uk</Email>
      </Author>
      <Author>
        <Name>George</Name>
        <Email>gweasley@hogwarts.co.uk</Email>
      </Author>
    </Authors>
    <name>Book1</name>
  </book>
  <book>
    <Authors>
      <Author>
        <Name>Fred</Name>
        <Email>fweasley@hogwarts.co.uk</Email>
      </Author>
      <Author>
        <Name>George</Name>
        <Email>gweasley@hogwarts.co.uk</Email>
      </Author>
    </Authors>
    <name>Book1</name>
  </book>
  <book>
    <Authors>
      <Author>
        <Name>Fred</Name>
        <Email>fweasley@hogwarts.co.uk</Email>
      </Author>
      <Author>
        <Name>George</Name>
        <Email>gweasley@hogwarts.co.uk</Email>
      </Author>
    </Authors>
    <name>Book1</name>
  </book>
  <book>
    <Authors>
      <Author>
        <Name>Fred</Name>
        <Email>fweasley@hogwarts.co.uk</Email>
      </Author>
      <Author>
        <Name>George</Name>
        <Email>gweasley@hogwarts.co.uk</Email>
      </Author>
    </Authors>
    <name>Book1</name>
  </book>
  <book>
    <Authors>
      <Author>
        <Name>Fred</Name>
        <Email>fweasley@hogwarts.co.uk</Email>
      </Author>
      <Author>
        <Name>George</Name>
        <Email>gweasley@hogwarts.co.uk</Email>
      </Author>
    </Authors>
    <name>Book1</name>
  </book>
  <book>
    <Authors>
      <Author>
        <Name>Fred</Name>
        <Email>fweasley@hogwarts.co.uk</Email>
      </Author>
      <Author>
        <Name>George</Name>
        <Email>gweasley@hogwarts.co.uk</Email>
      </Author>
    </Authors>
    <name>Book1</name>
  </book>
  <book>
    <Authors>
      <Author>
        <Name>Fred</Name>
        <Email>fweasley@hogwarts.co.uk</Email>
      </Author>
      <Author>
        <Name>George</Name>
        <Email>gweasley@hogwarts.co.uk</Email>
      </Author>
    </Authors>
    <name>Book1</name>
  </book>
  <book>
    <Authors>
      <Author>
        <Name>Fred</Name>
        <Email>fweasley@hogwarts.co.uk</Email>
      </Author>
      <Author>
        <Name>George</Name>
        <Email>gweasley@hogwarts.co.uk</Email>
      </Author>
    </Authors>
    <name>Book1</name>
  </book>
  <book>
    <Authors>
      <Author>
        <Name>Fred</Name>
        <Email>fweasley@hogwarts.co.uk</Email>
      </Author>
      <Author>
        <Name>George</Name>
        <Email>gweasley@hogwarts.co.uk</Email>
      </Author>
    </Authors>
    <name>Book1</name>
  </book>
  <book>
    <Authors>
      <Author>
        <Name>Fred</Name>
        <Email>fweasley@hogwarts.co.uk</Email>
      </Author>
      <Author>
        <Name>George</Name>
        <Email>gweasley@hogwarts.co.uk</Email>
      </Author>
    </Authors>
    <name>Book1</name>
  </book>
  <book>
    <Authors>
      <Author>
        <Name>Fred</Name>
        <Email>fweasley@hogwarts.co.uk</Email>
      </Author>
      <Author>
        <Name>George</Name>
        <Email>gweasley@hogwarts.co.uk</Email>
      </Author>
    </Authors>
    <name>Book1</name>
  </book>
  <book>
    <Authors>
      <Author>
        <Name>Fred</Name>
        <Email>fweasley@hogwarts.co.uk</Email>
      </Author>
      <Author>
        <Name>George</Name>
        <Email>gweasley@hogwarts.co.uk</Email>
      </Author>
    </Authors>
    <name>Book1</name>
  </book>
  <book>
    <Authors>
      <Author>
        <Name>Fred</Name>
        <Email>fweasley@hogwarts.co.uk</Email>
      </Author>
      <Author>
        <Name>George</Name>
        <Email>gweasley@hogwarts.co.uk</Email>
      </Author>
    </Authors>
    <name>Book1</name>
  </book>
  <book>
    <Authors>
      <Author>
        <Name>Fred</Name>
        <Email>fweasley@hogwarts.co.uk</Email>
      </Author>
      <Author>
        <Name>George</Name>
        <Email>gweasley@hogwarts.co.uk</Email>
      </Author>
    </Authors>
    <name>Book1</name>
  </book>
  <book>
    <Authors>
      <Author>
        <Name>Fred</Name>
        <Email>fweasley@hogwarts.co.uk</Email>
      </Author>
      <Author>
        <Name>George</Name>
        <Email>gweasley@hogwarts.co.uk</Email>
      </Author>
    </Authors>
    <name>Book1</name>
  </book>
  <book>
    <Authors>
      <Author>
        <Name>Fred</Name>
        <Email>fweasley@hogwarts.co.uk</Email>
      </Author>
      <Author>
        <Name>George</Name>
        <Email>gweasley@hogwarts.co.uk</Email>
      </Author>
    </Authors>
    <name>Book1</name>
  </book>
  <book>
    <Authors>
      <Author>
        <Name>Fred</Name>
        <Email>fweasley@hogwarts.co.uk</Email>
      </Author>
      <Author>
        <Name>George</Name>
        <Email>gweasley@hogwarts.co.uk</Email>
      </Author>
    </Authors>
    <name>Book1</name>
  </book>
  <book>
    <Authors>
      <Author>
        <Name>Fred</Name>
        <Email>fweasley@hogwarts.co.uk</Email>
      </Author>
      <Author>
        <Name>George</Name>
        <Email>gweasley@hogwarts.co.uk</Email>
      </Author>
    </Authors>
    <name>Book1</name>
  </book>
  <book>
    <Authors>
      <Author>
        <Name>Fred</Name>
        <Email>fweasley@hogwarts.co.uk</Email>
      </Author>
      <Author>
        <Name>George</Name>
        <Email>gweasley@hogwarts.co.uk</Email>
      </Author>
    </Authors>
    <name>Book1</name>
  </book>
  <book>
    <Authors>
      <Author>
        <Name>Fred</Name>
        <Email>fweasley@hogwarts.co.uk</Email>
      </Author>
      <Author>
        <Name>George</Name>
        <Email>gweasley@hogwarts.co.uk</Email>
      </Author>
    </Authors>
    <name>Book1</name>
  </book>
  <book>
    <Authors>
      <Author>
        <Name>Fred</Name>
        <Email>fweasley@hogwarts.co.uk</Email>
      </Author>
      <Author>
        <Name>George</Name>
        <Email>gweasley@hogwarts.co.uk</Email>
      </Author>
    </Authors>
    <name>Book1</name>
  </book>
  <book>
    <Authors>
      <Author>
        <Name>Fred</Name>
        <Email>fweasley@hogwarts.co.uk</Email>
      </Author>
      <Author>
        <Name>George</Name>
        <Email>gweasley@hogwarts.co.uk</Email>
      </Author>
    </Authors>
    <name>Book1</name>
  </book>
  <book>
    <Authors>
      <Author>
        <Name>Fred</Name>
        <Email>fweasley@hogwarts.co.uk</Email>
      </Author>
      <Author>
        <Name>George</Name>
        <Email>gweasley@hogwarts.co.uk</Email>
      </Author>
    </Authors>
    <name>Book1</name>
  </book>
  <book>
    <Authors>
      <Author>
        <Name>Fred</Name>
        <Email>fweasley@hogwarts.co.uk</Email>
      </Author>
      <Author>
        <Name>George</Name>
        <Email>gweasley@hogwarts.co.uk</Email>
      </Author>
    </Authors>
    <name>Book1</name>
  </book>
  <book>
    <Authors>
      <Author>
        <Name>Fred</Name>
        <Email>fweasley@hogwarts.co.uk</Email>
      </Author>
      <Author>
        <Name>George</Name>
        <Email>gweasley@hogwarts.co.uk</Email>
      </Author>
    </Authors>
    <name>Book1</name>
  </book>
  <book>
    <Authors>
      <Author>
        <Name>Fred</Name>
        <Email>fweasley@hogwarts.co.uk</Email>
      </Author>
      <Author>
        <Name>George</Name>
        <Email>gweasley@hogwarts.co.uk</Email>
      </Author>
    </Authors>
    <name>Book1</name>
  </book>
  <book>
    <Authors>
      <Author>
        <Name>Fred</Name>
        <Email>fweasley@hogwarts.co.uk</Email>
      </Author>
      <Author>
        <Name>George</Name>
        <Email>gweasley@hogwarts.co.uk</Email>
      </Author>
    </Authors>
    <name>Book1</name>
  </book>
  <book>
    <Authors>
      <Author>
        <Name>Fred</Name>
        <Email>fweasley@hogwarts.co.uk</Email>
      </Author>
      <Author>
        <Name>George</Name>
        <Email>gweasley@hogwarts.co.uk</Email>
      </Author>
    </Authors>
    <name>Book1</name>
  </book>
  <book>
    <Authors>
      <Author>
        <Name>Fred</Name>
        <Email>fweasley@hogwarts.co.uk</Email>
      </Author>
      <Author>
        <Name>George</Name>
        <Email>gweasley@hogwarts.co.uk</Email>
      </Author>
    </Authors>
    <name>Book1</name>
  </book>
  <book>
    <Authors>
      <Author>
        <Name>Fred</Name>
        <Email>fweasley@hogwarts.co.uk</Email>
      </Author>
      <Author>
        <Name>George</Name>
        <Email>gweasley@hogwarts.co.uk</Email>
      </Author>
    </Authors>
    <name>Book1</name>
  </book>
  <book>
    <Authors>
      <Author>
        <Name>Fred</Name>
        <Email>fweasley@hogwarts.co.uk</Email>
      </Author>
      <Author>
        <Name>George</Name>
        <Email>gweasley@hogwarts.co.uk</Email>
      </Author>
    </Authors>
    <name>Book1</name>
  </book>
  <book>
    <Authors>
      <Author>
        <Name>Fred</Name>
        <Email>fweasley@hogwarts.co.uk</Email>
      </Author>
      <Author>
        <Name>George</Name>
        <Email>gweasley@hogwarts.co.uk</Email>
      </Author>
    </Authors>
    <name>Book1</name>
  </book>
  <book>
    <Authors>
      <Author>
        <Name>Fred</Name>
        <Email>fweasley@hogwarts.co.uk</Email>
      </Author>
      <Author>
        <Name>George</Name>
        <Email>gweasley@hogwarts.co.uk</Email>
      </Author>
    </Authors>
    <name>Book1</name>
  </book>
  <book>
    <Authors>
      <Author>
        <Name>Fred</Name>
        <Email>fweasley@hogwarts.co.uk</Email>
      </Author>
      <Author>
        <Name>George</Name>
        <Email>gweasley@hogwarts.co.uk</Email>
      </Author>
    </Authors>
    <name>Book1</name>
  </book>
  <book>
    <Authors>
      <Author>
        <Name>Fred</Name>
        <Email>fweasley@hogwarts.co.uk</Email>
      </Author>
      <Author>
        <Name>George</Name>
        <Email>gweasley@hogwarts.co.uk</Email>
      </Author>
    </Authors>
    <name>Book1</name>
  </book>
  <book>
    <Authors>
      <Author>
        <Name>Fred</Name>
        <Email>fweasley@hogwarts.co.uk</Email>
      </Author>
      <Author>
        <Name>George</Name>
        <Email>gweasley@hogwarts.co.uk</Email>
      </Author>
    </Authors>
    <name>Book1</name>
  </book>
  <book>
    <Authors>
      <Author>
        <Name>Fred</Name>
        <Email>fweasley@hogwarts.co.uk</Email>
      </Author>
      <Author>
        <Name>George</Name>
        <Email>gweasley@hogwarts.co.uk</Email>
      </Author>
    </Authors>
    <name>Book1</name>
  </book>
  <book>
    <Authors>
      <Author>
        <Name>Fred</Name>
        <Email>fweasley@hogwarts.co.uk</Email>
      </Author>
      <Author>
        <Name>George</Name>
        <Email>gweasley@hogwarts.co.uk</Email>
      </Author>
    </Authors>
    <name>Book1</name>
  </book>
  <book>
    <Authors>
      <Author>
        <Name>Fred</Name>
        <Email>fweasley@hogwarts.co.uk</Email>
      </Author>
      <Author>
        <Name>George</Name>
        <Email>gweasley@hogwarts.co.uk</Email>
      </Author>
    </Authors>
    <name>Book1</name>
  </book>
  <book>
    <Authors>
      <Author>
        <Name>Fred</Name>
        <Email>fweasley@hogwarts.co.uk</Email>
      </Author>
      <Author>
        <Name>George</Name>
        <Email>gweasley@hogwarts.co.uk</Email>
      </Author>
    </Authors>
    <name>Book1</name>
  </book>
  <book>
    <Authors>
      <Author>
        <Name>Fred</Name>
        <Email>fweasley@hogwarts.co.uk</Email>
      </Author>
      <Author>
        <Name>George</Name>
        <Email>gweasley@hogwarts.co.uk</Email>
      </Author>
    </Authors>
    <name>Book1</name>
  </book>
  <book>
    <Authors>
      <Author>
        <Name>Fred</Name>
        <Email>fweasley@hogwarts.co.uk</Email>
      </Author>
      <Author>
        <Name>George</Name>
        <Email>gweasley@hogwarts.co.uk</Email>
      </Author>
    </Authors>
    <name>Book1</name>
  </book>
  <book>
    <Authors>
      <Author>
        <Name>Fred</Name>
        <Email>fweasley@hogwarts.co.uk</Email>
      </Author>
      <Author>
        <Name>George</Name>
        <Email>gweasley@hogwarts.co.uk</Email>
      </Author>
    </Authors>
    <name>Book1</name>
  </book>
  <book>
    <Authors>
      <Author>
        <Name>Fred</Name>
        <Email>fweasley@hogwarts.co.uk</Email>
      </Author>
      <Author>
        <Name>George</Name>
        <Email>gweasley@hogwarts.co.uk</Email>
      </Author>
    </Authors>
    <name>Book1</name>
  </book>
  <book>
    <Authors>
      <Author>
        <Name>Fred</Name>
        <Email>fweasley@hogwarts.co.uk</Email>
      </Author>
      <Author>
        <Name>George</Name>
        <Email>gweasley@hogwarts.co.uk</Email>
      </Author>
    </Authors>
    <name>Book1</name>
  </book>
  <book>
    <Authors>
      <Author>
        <Name>Fred</Name>
        <Email>fweasley@hogwarts.co.uk</Email>
      </Author>
      <Author>
        <Name>George</Name>
        <Email>gweasley@hogwarts.co.uk</Email>
      </Author>
    </Authors>
    <name>Book1</name>
  </book>
  <book>
    <Authors>
      <Author>
        <Name>Fred</Name>
        <Email>fweasley@hogwarts.co.uk</Email>
      </Author>
      <Author>
        <Name>George</Name>
        <Email>gweasley@hogwarts.co.uk</Email>
      </Author>
    </Authors>
    <name>Book1</name>
  </book>
  <book>
    <Authors>
      <Author>
        <Name>Fred</Name>
        <Email>fweasley@hogwarts.co.uk</Email>
      </Author>
      <Author>
        <Name>George</Name>
        <Email>gweasley@hogwarts.co.uk</Email>
      </Author>
    </Authors>
    <name>Book1</name>
  </book>
  <book>
    <Authors>
      <Author>
        <Name>Fred</Name>
        <Email>fweasley@hogwarts.co.uk</Email>
      </Author>
      <Author>
        <Name>George</Name>
        <Email>gweasley@hogwarts.co.uk</Email>
      </Author>
    </Authors>
    <name>Book1</name>
  </book>
  <book>
    <Authors>
      <Author>
        <Name>Fred</Name>
        <Email>fweasley@hogwarts.co.uk</Email>
      </Author>
      <Author>
        <Name>George</Name>
        <Email>gweasley@hogwarts.co.uk</Email>
      </Author>
    </Authors>
    <name>Book1</name>
  </book>
  <book>
    <Authors>
      <Author>
        <Name>Fred</Name>
        <Email>fweasley@hogwarts.co.uk</Email>
      </Author>
      <Author>
        <Name>George</Name>
        <Email>gweasley@hogwarts.co.uk</Email>
      </Author>
    </Authors>
    <name>Book1</name>
  </book>
  <book>
    <Authors>
      <Author>
        <Name>Fred</Name>
        <Email>fweasley@hogwarts.co.uk</Email>
      </Author>
      <Author>
        <Name>George</Name>
        <Email>gweasley@hogwarts.co.uk</Email>
      </Author>
    </Authors>
    <name>Book1</name>
  </book>
  <book>
    <Authors>
      <Author>
        <Name>Fred</Name>
        <Email>fweasley@hogwarts.co.uk</Email>
      </Author>
      <Author>
        <Name>George</Name>
        <Email>gweasley@hogwarts.co.uk</Email>
      </Author>
    </Authors>
    <name>Book1</name>
  </book>
  <book>
    <Authors>
      <Author>
        <Name>Fred</Name>
        <Email>fweasley@hogwarts.co.uk</Email>
      </Author>
      <Author>
        <Name>George</Name>
        <Email>gweasley@hogwarts.co.uk</Email>
      </Author>
    </Authors>
    <name>Book1</name>
  </book>
  <book>
    <Authors>
      <Author>
        <Name>Fred</Name>
        <Email>fweasley@hogwarts.co.uk</Email>
      </Author>
      <Author>
        <Name>George</Name>
        <Email>gweasley@hogwarts.co.uk</Email>
      </Author>
    </Authors>
    <name>Book1</name>
  </book>
  <book>
    <Authors>
      <Author>
        <Name>Fred</Name>
        <Email>fweasley@hogwarts.co.uk</Email>
      </Author>
      <Author>
        <Name>George</Name>
        <Email>gweasley@hogwarts.co.uk</Email>
      </Author>
    </Authors>
    <name>Book1</name>
  </book>
  <book>
    <Authors>
      <Author>
        <Name>Fred</Name>
        <Email>fweasley@hogwarts.co.uk</Email>
      </Author>
      <Author>
        <Name>George</Name>
        <Email>gweasley@hogwarts.co.uk</Email>
      </Author>
    </Authors>
    <name>Book1</name>
  </book>
  <book>
    <Authors>
      <Author>
        <Name>Fred</Name>
        <Email>fweasley@hogwarts.co.uk</Email>
      </Author>
      <Author>
        <Name>George</Name>
        <Email>gweasley@hogwarts.co.uk</Email>
      </Author>
    </Authors>
    <name>Book1</name>
  </book>
  <book>
    <Authors>
      <Author>
        <Name>Fred</Name>
        <Email>fweasley@hogwarts.co.uk</Email>
      </Author>
      <Author>
        <Name>George</Name>
        <Email>gweasley@hogwarts.co.uk</Email>
      </Author>
    </Authors>
    <name>Book1</name>
  </book>
  <book>
    <Authors>
      <Author>
        <Name>Fred</Name>
        <Email>fweasley@hogwarts.co.uk</Email>
      </Author>
      <Author>
        <Name>George</Name>
        <Email>gweasley@hogwarts.co.uk</Email>
      </Author>
    </Authors>
    <name>Book1</name>
  </book>
  <book>
    <Authors>
      <Author>
        <Name>Fred</Name>
        <Email>fweasley@hogwarts.co.uk</Email>
      </Author>
      <Author>
        <Name>George</Name>
        <Email>gweasley@hogwarts.co.uk</Email>
      </Author>
    </Authors>
    <name>Book1</name>
  </book>
  <book>
    <Authors>
      <Author>
        <Name>Fred</Name>
        <Email>fweasley@hogwarts.co.uk</Email>
      </Author>
      <Author>
        <Name>George</Name>
        <Email>gweasley@hogwarts.co.uk</Email>
      </Author>
    </Authors>
    <name>Book1</name>
  </book>
  <book>
    <Authors>
      <Author>
        <Name>Fred</Name>
        <Email>fweasley@hogwarts.co.uk</Email>
      </Author>
      <Author>
        <Name>George</Name>
        <Email>gweasley@hogwarts.co.uk</Email>
      </Author>
    </Authors>
    <name>Book1</name>
  </book>
  <book>
    <Authors>
      <Author>
        <Name>Fred</Name>
        <Email>fweasley@hogwarts.co.uk</Email>
      </Author>
      <Author>
        <Name>George</Name>
        <Email>gweasley@hogwarts.co.uk</Email>
      </Author>
    </Authors>
    <name>Book1</name>
  </book>
  <book>
    <Authors>
      <Author>
        <Name>Fred</Name>
        <Email>fweasley@hogwarts.co.uk</Email>
      </Author>
      <Author>
        <Name>George</Name>
        <Email>gweasley@hogwarts.co.uk</Email>
      </Author>
    </Authors>
    <name>Book1</name>
  </book>
  <book>
    <Authors>
      <Author>
        <Name>Fred</Name>
        <Email>fweasley@hogwarts.co.uk</Email>
      </Author>
      <Author>
        <Name>George</Name>
        <Email>gweasley@hogwarts.co.uk</Email>
      </Author>
    </Authors>
    <name>Book1</name>
  </book>
  <book>
    <Authors>
      <Author>
        <Name>Fred</Name>
        <Email>fweasley@hogwarts.co.uk</Email>
      </Author>
      <Author>
        <Name>George</Name>
        <Email>gweasley@hogwarts.co.uk</Email>
      </Author>
    </Authors>
    <name>Book1</name>
  </book>
  <book>
    <Authors>
      <Author>
        <Name>Fred</Name>
        <Email>fweasley@hogwarts.co.uk</Email>
      </Author>
      <Author>
        <Name>George</Name>
        <Email>gweasley@hogwarts.co.uk</Email>
      </Author>
    </Authors>
    <name>Book1</name>
  </book>
  <book>
    <Authors>
      <Author>
        <Name>Fred</Name>
        <Email>fweasley@hogwarts.co.uk</Email>
      </Author>
      <Author>
        <Name>George</Name>
        <Email>gweasley@hogwarts.co.uk</Email>
      </Author>
    </Authors>
    <name>Book1</name>
  </book>
  <book>
    <Authors>
      <Author>
        <Name>Fred</Name>
        <Email>fweasley@hogwarts.co.uk</Email>
      </Author>
      <Author>
        <Name>George</Name>
        <Email>gweasley@hogwarts.co.uk</Email>
      </Author>
    </Authors>
    <name>Book1</name>
  </book>
  <book>
    <Authors>
      <Author>
        <Name>Fred</Name>
        <Email>fweasley@hogwarts.co.uk</Email>
      </Author>
      <Author>
        <Name>George</Name>
        <Email>gweasley@hogwarts.co.uk</Email>
      </Author>
    </Authors>
    <name>Book1</name>
  </book>
  <book>
    <Authors>
      <Author>
        <Name>Fred</Name>
        <Email>fweasley@hogwarts.co.uk</Email>
      </Author>
      <Author>
        <Name>George</Name>
        <Email>gweasley@hogwarts.co.uk</Email>
      </Author>
    </Authors>
    <name>Book1</name>
  </book>
  <book>
    <Authors>
      <Author>
        <Name>Fred</Name>
        <Email>fweasley@hogwarts.co.uk</Email>
      </Author>
      <Author>
        <Name>George</Name>
        <Email>gweasley@hogwarts.co.uk</Email>
      </Author>
    </Authors>
    <name>Book1</name>
  </book>
  <book>
    <Authors>
      <Author>
        <Name>Fred</Name>
        <Email>fweasley@hogwarts.co.uk</Email>
      </Author>
      <Author>
        <Name>George</Name>
        <Email>gweasley@hogwarts.co.uk</Email>
      </Author>
    </Authors>
    <name>Book1</name>
  </book>
  <book>
    <Authors>
      <Author>
        <Name>Fred</Name>
        <Email>fweasley@hogwarts.co.uk</Email>
      </Author>
      <Author>
        <Name>George</Name>
        <Email>gweasley@hogwarts.co.uk</Email>
      </Author>
    </Authors>
    <name>Book1</name>
  </book>
  <book>
    <Authors>
      <Author>
        <Name>Fred</Name>
        <Email>fweasley@hogwarts.co.uk</Email>
      </Author>
      <Author>
        <Name>George</Name>
        <Email>gweasley@hogwarts.co.uk</Email>
      </Author>
    </Authors>
    <name>Book1</name>
  </book>
  <book>
    <Authors>
      <Author>
        <Name>Fred</Name>
        <Email>fweasley@hogwarts.co.uk</Email>
      </Author>
      <Author>
        <Name>George</Name>
        <Email>gweasley@hogwarts.co.uk</Email>
      </Author>
    </Authors>
    <name>Book1</name>
  </book>
  <book>
    <Authors>
      <Author>
        <Name>Fred</Name>
        <Email>fweasley@hogwarts.co.uk</Email>
      </Author>
      <Author>
        <Name>George</Name>
        <Email>gweasley@hogwarts.co.uk</Email>
      </Author>
    </Authors>
    <name>Book1</name>
  </book>
  <book>
    <Authors>
      <Author>
        <Name>Fred</Name>
        <Email>fweasley@hogwarts.co.uk</Email>
      </Author>
      <Author>
        <Name>George</Name>
        <Email>gweasley@hogwarts.co.uk</Email>
      </Author>
    </Authors>
    <name>Book1</name>
  </book>
  <book>
    <Authors>
      <Author>
        <Name>Fred</Name>
        <Email>fweasley@hogwarts.co.uk</Email>
      </Author>
      <Author>
        <Name>George</Name>
        <Email>gweasley@hogwarts.co.uk</Email>
      </Author>
    </Authors>
    <name>Book1</name>
  </book>
  <book>
    <Authors>
      <Author>
        <Name>Fred</Name>
        <Email>fweasley@hogwarts.co.uk</Email>
      </Author>
      <Author>
        <Name>George</Name>
        <Email>gweasley@hogwarts.co.uk</Email>
      </Author>
    </Authors>
    <name>Book1</name>
  </book>
  <book>
    <Authors>
      <Author>
        <Name>Fred</Name>
        <Email>fweasley@hogwarts.co.uk</Email>
      </Author>
      <Author>
        <Name>George</Name>
        <Email>gweasley@hogwarts.co.uk</Email>
      </Author>
    </Authors>
    <name>Book1</name>
  </book>
  <book>
    <Authors>
      <Author>
        <Name>Fred</Name>
        <Email>fweasley@hogwarts.co.uk</Email>
      </Author>
      <Author>
        <Name>George</Name>
        <Email>gweasley@hogwarts.co.uk</Email>
      </Author>
    </Authors>
    <name>Book1</name>
  </book>
  <book>
    <Authors>
      <Author>
        <Name>Fred</Name>
        <Email>fweasley@hogwarts.co.uk</Email>
      </Author>
      <Author>
        <Name>George</Name>
        <Email>gweasley@hogwarts.co.uk</Email>
      </Author>
    </Authors>
    <name>Book1</name>
  </book>
  <book>
    <Authors>
      <Author>
        <Name>Fred</Name>
        <Email>fweasley@hogwarts.co.uk</Email>
      </Author>
      <Author>
        <Name>George</Name>
        <Email>gweasley@hogwarts.co.uk</Email>
      </Author>
    </Authors>
    <name>Book1</name>
  </book>
  <book>
    <Authors>
      <Author>
        <Name>Fred</Name>
        <Email>fweasley@hogwarts.co.uk</Email>
      </Author>
      <Author>
        <Name>George</Name>
        <Email>gweasley@hogwarts.co.uk</Email>
      </Author>
    </Authors>
    <name>Book1</name>
  </book>
  <book>
    <Authors>
      <Author>
        <Name>Fred</Name>
        <Email>fweasley@hogwarts.co.uk</Email>
      </Author>
      <Author>
        <Name>George</Name>
        <Email>gweasley@hogwarts.co.uk</Email>
      </Author>
    </Authors>
    <name>Book1</name>
  </book>
  <book>
    <Authors>
      <Author>
        <Name>Fred</Name>
        <Email>fweasley@hogwarts.co.uk</Email>
      </Author>
      <Author>
        <Name>George</Name>
        <Email>gweasley@hogwarts.co.uk</Email>
      </Author>
    </Authors>
    <name>Book1</name>
  </book>
  <book>
    <Authors>
      <Author>
        <Name>Fred</Name>
        <Email>fweasley@hogwarts.co.uk</Email>
      </Author>
      <Author>
        <Name>George</Name>
        <Email>gweasley@hogwarts.co.uk</Email>
      </Author>
    </Authors>
    <name>Book1</name>
  </book>
  <book>
    <Authors>
      <Author>
        <Name>Fred</Name>
        <Email>fweasley@hogwarts.co.uk</Email>
      </Author>
      <Author>
        <Name>George</Name>
        <Email>gweasley@hogwarts.co.uk</Email>
      </Author>
    </Authors>
    <name>Book1</name>
  </book>
  <book>
    <Authors>
      <Author>
        <Name>Fred</Name>
        <Email>fweasley@hogwarts.co.uk</Email>
      </Author>
      <Author>
        <Name>George</Name>
        <Email>gweasley@hogwarts.co.uk</Email>
      </Author>
    </Authors>
    <name>Book1</name>
  </book>
  <book>
    <Authors>
      <Author>
        <Name>Fred</Name>
        <Email>fweasley@hogwarts.co.uk</Email>
      </Author>
      <Author>
        <Name>George</Name>
        <Email>gweasley@hogwarts.co.uk</Email>
      </Author>
    </Authors>
    <name>Book1</name>
  </book>
  <book>
    <Authors>
      <Author>
        <Name>Fred</Name>
        <Email>fweasley@hogwarts.co.uk</Email>
      </Author>
      <Author>
        <Name>George</Name>
        <Email>gweasley@hogwarts.co.uk</Email>
      </Author>
    </Authors>
    <name>Book1</name>
  </book>
  <book>
    <Authors>
      <Author>
        <Name>Fred</Name>
        <Email>fweasley@hogwarts.co.uk</Email>
      </Author>
      <Author>
        <Name>George</Name>
        <Email>gweasley@hogwarts.co.uk</Email>
      </Author>
    </Authors>
    <name>Book1</name>
  </book>
  <book>
    <Authors>
      <Author>
        <Name>Fred</Name>
        <Email>fweasley@hogwarts.co.uk</Email>
      </Author>
      <Author>
        <Name>George</Name>
        <Email>gweasley@hogwarts.co.uk</Email>
      </Author>
    </Authors>
    <name>Book1</name>
  </book>
  <book>
    <Authors>
      <Author>
        <Name>Fred</Name>
        <Email>fweasley@hogwarts.co.uk</Email>
      </Author>
      <Author>
        <Name>George</Name>
        <Email>gweasley@hogwarts.co.uk</Email>
      </Author>
    </Authors>
    <name>Book1</name>
  </book>
  <book>
    <Authors>
      <Author>
        <Name>Fred</Name>
        <Email>fweasley@hogwarts.co.uk</Email>
      </Author>
      <Author>
        <Name>George</Name>
        <Email>gweasley@hogwarts.co.uk</Email>
      </Author>
    </Authors>
    <name>Book1</name>
  </book>
  <book>
    <Authors>
      <Author>
        <Name>Fred</Name>
        <Email>fweasley@hogwarts.co.uk</Email>
      </Author>
      <Author>
        <Name>George</Name>
        <Email>gweasley@hogwarts.co.uk</Email>
      </Author>
    </Authors>
    <name>Book1</name>
  </book>
  <book>
    <Authors>
      <Author>
        <Name>Fred</Name>
        <Email>fweasley@hogwarts.co.uk</Email>
      </Author>
      <Author>
        <Name>George</Name>
        <Email>gweasley@hogwarts.co.uk</Email>
      </Author>
    </Authors>
    <name>Book1</name>
  </book>
  <book>
    <Authors>
      <Author>
        <Name>Fred</Name>
        <Email>fweasley@hogwarts.co.uk</Email>
      </Author>
      <Author>
        <Name>George</Name>
        <Email>gweasley@hogwarts.co.uk</Email>
      </Author>
    </Authors>
    <name>Book1</name>
  </book>
  <book>
    <Authors>
      <Author>
        <Name>Fred</Name>
        <Email>fweasley@hogwarts.co.uk</Email>
      </Author>
      <Author>
        <Name>George</Name>
        <Email>gweasley@hogwarts.co.uk</Email>
      </Author>
    </Authors>
    <name>Book1</name>
  </book>
  <book>
    <Authors>
      <Author>
        <Name>Fred</Name>
        <Email>fweasley@hogwarts.co.uk</Email>
      </Author>
      <Author>
        <Name>George</Name>
        <Email>gweasley@hogwarts.co.uk</Email>
      </Author>
    </Authors>
    <name>Book1</name>
  </book>
  <book>
    <Authors>
      <Author>
        <Name>Fred</Name>
        <Email>fweasley@hogwarts.co.uk</Email>
      </Author>
      <Author>
        <Name>George</Name>
        <Email>gweasley@hogwarts.co.uk</Email>
      </Author>
    </Authors>
    <name>Book1</name>
  </book>
  <book>
    <Authors>
      <Author>
        <Name>Fred</Name>
        <Email>fweasley@hogwarts.co.uk</Email>
      </Author>
      <Author>
        <Name>George</Name>
        <Email>gweasley@hogwarts.co.uk</Email>
      </Author>
    </Authors>
    <name>Book1</name>
  </book>
  <book>
    <Authors>
      <Author>
        <Name>Fred</Name>
        <Email>fweasley@hogwarts.co.uk</Email>
      </Author>
      <Author>
        <Name>George</Name>
        <Email>gweasley@hogwarts.co.uk</Email>
      </Author>
    </Authors>
    <name>Book1</name>
  </book>
  <book>
    <Authors>
      <Author>
        <Name>Fred</Name>
        <Email>fweasley@hogwarts.co.uk</Email>
      </Author>
      <Author>
        <Name>George</Name>
        <Email>gweasley@hogwarts.co.uk</Email>
      </Author>
    </Authors>
    <name>Book1</name>
  </book>
  <book>
    <Authors>
      <Author>
        <Name>Fred</Name>
        <Email>fweasley@hogwarts.co.uk</Email>
      </Author>
      <Author>
        <Name>George</Name>
        <Email>gweasley@hogwarts.co.uk</Email>
      </Author>
    </Authors>
    <name>Book1</name>
  </book>
  <book>
    <Authors>
      <Author>
        <Name>Fred</Name>
        <Email>fweasley@hogwarts.co.uk</Email>
      </Author>
      <Author>
        <Name>George</Name>
        <Email>gweasley@hogwarts.co.uk</Email>
      </Author>
    </Authors>
    <name>Book1</name>
  </book>
  <book>
    <Authors>
      <Author>
        <Name>Fred</Name>
        <Email>fweasley@hogwarts.co.uk</Email>
      </Author>
      <Author>
        <Name>George</Name>
        <Email>gweasley@hogwarts.co.uk</Email>
      </Author>
    </Authors>
    <name>Book1</name>
  </book>
  <book>
    <Authors>
      <Author>
        <Name>Fred</Name>
        <Email>fweasley@hogwarts.co.uk</Email>
      </Author>
      <Author>
        <Name>George</Name>
        <Email>gweasley@hogwarts.co.uk</Email>
      </Author>
    </Authors>
    <name>Book1</name>
  </book>
  <book>
    <Authors>
      <Author>
        <Name>Fred</Name>
        <Email>fweasley@hogwarts.co.uk</Email>
      </Author>
      <Author>
        <Name>George</Name>
        <Email>gweasley@hogwarts.co.uk</Email>
      </Author>
    </Authors>
    <name>Book1</name>
  </book>
  <book>
    <Authors>
      <Author>
        <Name>Fred</Name>
        <Email>fweasley@hogwarts.co.uk</Email>
      </Author>
      <Author>
        <Name>George</Name>
        <Email>gweasley@hogwarts.co.uk</Email>
      </Author>
    </Authors>
    <name>Book1</name>
  </book>
  <book>
    <Authors>
      <Author>
        <Name>Fred</Name>
        <Email>fweasley@hogwarts.co.uk</Email>
      </Author>
      <Author>
        <Name>George</Name>
        <Email>gweasley@hogwarts.co.uk</Email>
      </Author>
    </Authors>
    <name>Book1</name>
  </book>
  <book>
    <Authors>
      <Author>
        <Name>Fred</Name>
        <Email>fweasley@hogwarts.co.uk</Email>
      </Author>
      <Author>
        <Name>George</Name>
        <Email>gweasley@hogwarts.co.uk</Email>
      </Author>
    </Authors>
    <name>Book1</name>
  </book>
  <book>
    <Authors>
      <Author>
        <Name>Fred</Name>
        <Email>fweasley@hogwarts.co.uk</Email>
      </Author>
      <Author>
        <Name>George</Name>
        <Email>gweasley@hogwarts.co.uk</Email>
      </Author>
    </Authors>
    <name>Book1</name>
  </book>
  <book>
    <Authors>
      <Author>
        <Name>Fred</Name>
        <Email>fweasley@hogwarts.co.uk</Email>
      </Author>
      <Author>
        <Name>George</Name>
        <Email>gweasley@hogwarts.co.uk</Email>
      </Author>
    </Authors>
    <name>Book1</name>
  </book>
  <book>
    <Authors>
      <Author>
        <Name>Fred</Name>
        <Email>fweasley@hogwarts.co.uk</Email>
      </Author>
      <Author>
        <Name>George</Name>
        <Email>gweasley@hogwarts.co.uk</Email>
      </Author>
    </Authors>
    <name>Book1</name>
  </book>
  <book>
    <Authors>
      <Author>
        <Name>Fred</Name>
        <Email>fweasley@hogwarts.co.uk</Email>
      </Author>
      <Author>
        <Name>George</Name>
        <Email>gweasley@hogwarts.co.uk</Email>
      </Author>
    </Authors>
    <name>Book1</name>
  </book>
  <book>
    <Authors>
      <Author>
        <Name>Fred</Name>
        <Email>fweasley@hogwarts.co.uk</Email>
      </Author>
      <Author>
        <Name>George</Name>
        <Email>gweasley@hogwarts.co.uk</Email>
      </Author>
    </Authors>
    <name>Book1</name>
  </book>
  <book>
    <Authors>
      <Author>
        <Name>Fred</Name>
        <Email>fweasley@hogwarts.co.uk</Email>
      </Author>
      <Author>
        <Name>George</Name>
        <Email>gweasley@hogwarts.co.uk</Email>
      </Author>
    </Authors>
    <name>Book1</name>
  </book>
  <book>
    <Authors>
      <Author>
        <Name>Fred</Name>
        <Email>fweasley@hogwarts.co.uk</Email>
      </Author>
      <Author>
        <Name>George</Name>
        <Email>gweasley@hogwarts.co.uk</Email>
      </Author>
    </Authors>
    <name>Book1</name>
  </book>
  <book year="2014" isbn="ISBN83763550019---11">
    <Authors>
      <Author>
        <Name>Fred</Name>
        <Email>fweasley@hogwarts.co.uk</Email>
      </Author>
      <Author>
        <Name>George</Name>
        <Email>gweasley@hogwarts.co.uk</Email>
      </Author>
    </Authors>
    <name>Book1</name>
  </book>
  <book year="2014" isbn="ISBN83763550019---11">
    <Authors>
      <Author>
        <Name>Fred</Name>
        <Email>fweasley@hogwarts.co.uk</Email>
      </Author>
      <Author>
        <Name>George</Name>
        <Email>gweasley@hogwarts.co.uk</Email>
      </Author>
    </Authors>
    <name>Book2</name>
  </book>
  <book year="2014" isbn="ISBN83763550019---11">
    <Authors>
      <Author>
        <Name>Fred</Name>
        <Email>fweasley@hogwarts.co.uk</Email>
      </Author>
      <Author>
        <Name>George</Name>
        <Email>gweasley@hogwarts.co.uk</Email>
      </Author>
    </Authors>
    <name>Book1</name>
  </book>
  <book year="2014" isbn="ISBN83763550019---11">
    <Authors>
      <Author>
        <Name>Fred</Name>
        <Email>fweasley@hogwarts.co.uk</Email>
      </Author>
      <Author>
        <Name>George</Name>
        <Email>gweasley@hogwarts.co.uk</Email>
      </Author>
    </Authors>
    <name>Book2</name>
  </book>
  <book year="2014" isbn="ISBN83763550019---11">
    <Authors>
      <Author>
        <Name>Fred</Name>
        <Email>fweasley@hogwarts.co.uk</Email>
      </Author>
      <Author>
        <Name>George</Name>
        <Email>gweasley@hogwarts.co.uk</Email>
      </Author>
    </Authors>
    <name>Book1</name>
  </book>
  <book year="2014" isbn="ISBN83763550019---11">
    <Authors>
      <Author>
        <Name>Fred</Name>
        <Email>fweasley@hogwarts.co.uk</Email>
      </Author>
      <Author>
        <Name>George</Name>
        <Email>gweasley@hogwarts.co.uk</Email>
      </Author>
    </Authors>
    <name>Book2</name>
  </book>
  <book year="2014" isbn="ISBN83763550019---11">
    <Authors>
      <Author>
        <Name>Fred</Name>
        <Email>fweasley@hogwarts.co.uk</Email>
      </Author>
      <Author>
        <Name>George</Name>
        <Email>gweasley@hogwarts.co.uk</Email>
      </Author>
    </Authors>
    <name>Book1</name>
  </book>
  <book year="2014" isbn="ISBN83763550019---11">
    <Authors>
      <Author>
        <Name>Fred</Name>
        <Email>fweasley@hogwarts.co.uk</Email>
      </Author>
      <Author>
        <Name>George</Name>
        <Email>gweasley@hogwarts.co.uk</Email>
      </Author>
    </Authors>
    <name>Book2</name>
  </book>
  <book year="2014" isbn="ISBN83763550019---11">
    <Authors>
      <Author>
        <Name>Fred</Name>
        <Email>fweasley@hogwarts.co.uk</Email>
      </Author>
      <Author>
        <Name>George</Name>
        <Email>gweasley@hogwarts.co.uk</Email>
      </Author>
    </Authors>
    <name>Book1</name>
  </book>
  <book year="2014" isbn="ISBN83763550019---11">
    <Authors>
      <Author>
        <Name>Fred</Name>
        <Email>fweasley@hogwarts.co.uk</Email>
      </Author>
      <Author>
        <Name>George</Name>
        <Email>gweasley@hogwarts.co.uk</Email>
      </Author>
    </Authors>
    <name>Book2</name>
  </book>
  <book year="2014" isbn="ISBN83763550019---11">
    <Authors>
      <Author>
        <Name>Fred</Name>
        <Email>fweasley@hogwarts.co.uk</Email>
      </Author>
      <Author>
        <Name>George</Name>
        <Email>gweasley@hogwarts.co.uk</Email>
      </Author>
    </Authors>
    <name>Book1</name>
  </book>
  <book year="2014" isbn="ISBN83763550019---11">
    <Authors>
      <Author>
        <Name>Fred</Name>
        <Email>fweasley@hogwarts.co.uk</Email>
      </Author>
      <Author>
        <Name>George</Name>
        <Email>gweasley@hogwarts.co.uk</Email>
      </Author>
    </Authors>
    <name>Book2</name>
  </book>
  <book year="2014" isbn="ISBN83763550019---11">
    <Authors>
      <Author>
        <Name>Fred</Name>
        <Email>fweasley@hogwarts.co.uk</Email>
      </Author>
      <Author>
        <Name>George</Name>
        <Email>gweasley@hogwarts.co.uk</Email>
      </Author>
    </Authors>
    <name>Book1</name>
  </book>
  <book year="2014" isbn="ISBN83763550019---11">
    <Authors>
      <Author>
        <Name>Fred</Name>
        <Email>fweasley@hogwarts.co.uk</Email>
      </Author>
      <Author>
        <Name>George</Name>
        <Email>gweasley@hogwarts.co.uk</Email>
      </Author>
    </Authors>
    <name>Book2</name>
  </book>
  <book year="2014" isbn="ISBN83763550019---11">
    <Authors>
      <Author>
        <Name>Fred</Name>
        <Email>fweasley@hogwarts.co.uk</Email>
      </Author>
      <Author>
        <Name>George</Name>
        <Email>gweasley@hogwarts.co.uk</Email>
      </Author>
    </Authors>
    <name>Book1</name>
  </book>
  <book year="2014" isbn="ISBN83763550019---11">
    <Authors>
      <Author>
        <Name>Fred</Name>
        <Email>fweasley@hogwarts.co.uk</Email>
      </Author>
      <Author>
        <Name>George</Name>
        <Email>gweasley@hogwarts.co.uk</Email>
      </Author>
    </Authors>
    <name>Book2</name>
  </book>
  <book year="2014" isbn="ISBN83763550019---11">
    <Authors>
      <Author>
        <Name>Fred</Name>
        <Email>fweasley@hogwarts.co.uk</Email>
      </Author>
      <Author>
        <Name>George</Name>
        <Email>gweasley@hogwarts.co.uk</Email>
      </Author>
    </Authors>
    <name>Book1</name>
  </book>
  <book year="2014" isbn="ISBN83763550019---11">
    <Authors>
      <Author>
        <Name>Fred</Name>
        <Email>fweasley@hogwarts.co.uk</Email>
      </Author>
      <Author>
        <Name>George</Name>
        <Email>gweasley@hogwarts.co.uk</Email>
      </Author>
    </Authors>
    <name>Book2</name>
  </book>
  <book year="2014" isbn="ISBN83763550019---11">
    <Authors>
      <Author>
        <Name>Fred</Name>
        <Email>fweasley@hogwarts.co.uk</Email>
      </Author>
      <Author>
        <Name>George</Name>
        <Email>gweasley@hogwarts.co.uk</Email>
      </Author>
    </Authors>
    <name>Book1</name>
  </book>
  <book year="2014" isbn="ISBN83763550019---11">
    <Authors>
      <Author>
        <Name>Fred</Name>
        <Email>fweasley@hogwarts.co.uk</Email>
      </Author>
      <Author>
        <Name>George</Name>
        <Email>gweasley@hogwarts.co.uk</Email>
      </Author>
    </Authors>
    <name>Book2</name>
  </book>
  <book year="2014" isbn="ISBN83763550019---11">
    <Authors>
      <Author>
        <Name>Fred</Name>
        <Email>fweasley@hogwarts.co.uk</Email>
      </Author>
      <Author>
        <Name>George</Name>
        <Email>gweasley@hogwarts.co.uk</Email>
      </Author>
    </Authors>
    <name>Book1</name>
  </book>
  <book year="2014" isbn="ISBN83763550019---11">
    <Authors>
      <Author>
        <Name>Fred</Name>
        <Email>fweasley@hogwarts.co.uk</Email>
      </Author>
      <Author>
        <Name>George</Name>
        <Email>gweasley@hogwarts.co.uk</Email>
      </Author>
    </Authors>
    <name>Book2</name>
  </book>
  <book year="2014" isbn="ISBN83763550019---11">
    <Authors>
      <Author>
        <Name>Fred</Name>
        <Email>fweasley@hogwarts.co.uk</Email>
      </Author>
      <Author>
        <Name>George</Name>
        <Email>gweasley@hogwarts.co.uk</Email>
      </Author>
    </Authors>
    <name>Book1</name>
  </book>
  <book year="2014" isbn="ISBN83763550019---11">
    <Authors>
      <Author>
        <Name>Fred</Name>
        <Email>fweasley@hogwarts.co.uk</Email>
      </Author>
      <Author>
        <Name>George</Name>
        <Email>gweasley@hogwarts.co.uk</Email>
      </Author>
    </Authors>
    <name>Book2</name>
  </book>
  <book year="2014" isbn="ISBN83763550019---11">
    <Authors>
      <Author>
        <Name>Fred</Name>
        <Email>fweasley@hogwarts.co.uk</Email>
      </Author>
      <Author>
        <Name>George</Name>
        <Email>gweasley@hogwarts.co.uk</Email>
      </Author>
    </Authors>
    <name>Book1</name>
  </book>
  <book year="2014" isbn="ISBN83763550019---11">
    <Authors>
      <Author>
        <Name>Fred</Name>
        <Email>fweasley@hogwarts.co.uk</Email>
      </Author>
      <Author>
        <Name>George</Name>
        <Email>gweasley@hogwarts.co.uk</Email>
      </Author>
    </Authors>
    <name>Book2</name>
  </book>
  <book year="2014" isbn="ISBN83763550019---11">
    <Authors>
      <Author>
        <Name>Fred</Name>
        <Email>fweasley@hogwarts.co.uk</Email>
      </Author>
      <Author>
        <Name>George</Name>
        <Email>gweasley@hogwarts.co.uk</Email>
      </Author>
    </Authors>
    <name>Book1</name>
  </book>
  <book year="2014" isbn="ISBN83763550019---11">
    <Authors>
      <Author>
        <Name>Fred</Name>
        <Email>fweasley@hogwarts.co.uk</Email>
      </Author>
      <Author>
        <Name>George</Name>
        <Email>gweasley@hogwarts.co.uk</Email>
      </Author>
    </Authors>
    <name>Book2</name>
  </book>
  <book year="2014" isbn="ISBN83763550019---11">
    <Authors>
      <Author>
        <Name>Fred</Name>
        <Email>fweasley@hogwarts.co.uk</Email>
      </Author>
      <Author>
        <Name>George</Name>
        <Email>gweasley@hogwarts.co.uk</Email>
      </Author>
    </Authors>
    <name>Book1</name>
  </book>
  <book year="2014" isbn="ISBN83763550019---11">
    <Authors>
      <Author>
        <Name>Fred</Name>
        <Email>fweasley@hogwarts.co.uk</Email>
      </Author>
      <Author>
        <Name>George</Name>
        <Email>gweasley@hogwarts.co.uk</Email>
      </Author>
    </Authors>
    <name>Book2</name>
  </book>
  <book year="2014" isbn="ISBN83763550019---11">
    <Authors>
      <Author>
        <Name>Fred</Name>
        <Email>fweasley@hogwarts.co.uk</Email>
      </Author>
      <Author>
        <Name>George</Name>
        <Email>gweasley@hogwarts.co.uk</Email>
      </Author>
    </Authors>
    <name>Book1</name>
  </book>
  <book year="2014" isbn="ISBN83763550019---11">
    <Authors>
      <Author>
        <Name>Fred</Name>
        <Email>fweasley@hogwarts.co.uk</Email>
      </Author>
      <Author>
        <Name>George</Name>
        <Email>gweasley@hogwarts.co.uk</Email>
      </Author>
    </Authors>
    <name>Book2</name>
  </book>
  <book year="2014" isbn="ISBN83763550019---11">
    <Authors>
      <Author>
        <Name>Fred</Name>
        <Email>fweasley@hogwarts.co.uk</Email>
      </Author>
      <Author>
        <Name>George</Name>
        <Email>gweasley@hogwarts.co.uk</Email>
      </Author>
    </Authors>
    <name>Book1</name>
  </book>
  <book year="2014" isbn="ISBN83763550019---11">
    <Authors>
      <Author>
        <Name>Fred</Name>
        <Email>fweasley@hogwarts.co.uk</Email>
      </Author>
      <Author>
        <Name>George</Name>
        <Email>gweasley@hogwarts.co.uk</Email>
      </Author>
    </Authors>
    <name>Book2</name>
  </book>
  <book year="2014" isbn="ISBN83763550019---11">
    <Authors>
      <Author>
        <Name>Fred</Name>
        <Email>fweasley@hogwarts.co.uk</Email>
      </Author>
      <Author>
        <Name>George</Name>
        <Email>gweasley@hogwarts.co.uk</Email>
      </Author>
    </Authors>
    <name>Book1</name>
  </book>
  <book year="2014" isbn="ISBN83763550019---11">
    <Authors>
      <Author>
        <Name>Fred</Name>
        <Email>fweasley@hogwarts.co.uk</Email>
      </Author>
      <Author>
        <Name>George</Name>
        <Email>gweasley@hogwarts.co.uk</Email>
      </Author>
    </Authors>
    <name>Book2</name>
  </book>
  <book year="2014" isbn="ISBN83763550019---11">
    <Authors>
      <Author>
        <Name>Fred</Name>
        <Email>fweasley@hogwarts.co.uk</Email>
      </Author>
      <Author>
        <Name>George</Name>
        <Email>gweasley@hogwarts.co.uk</Email>
      </Author>
    </Authors>
    <name>Book1</name>
  </book>
  <book year="2014" isbn="ISBN83763550019---11">
    <Authors>
      <Author>
        <Name>Fred</Name>
        <Email>fweasley@hogwarts.co.uk</Email>
      </Author>
      <Author>
        <Name>George</Name>
        <Email>gweasley@hogwarts.co.uk</Email>
      </Author>
    </Authors>
    <name>Book2</name>
  </book>
  <book year="2014" isbn="ISBN83763550019---11">
    <Authors>
      <Author>
        <Name>Fred</Name>
        <Email>fweasley@hogwarts.co.uk</Email>
      </Author>
      <Author>
        <Name>George</Name>
        <Email>gweasley@hogwarts.co.uk</Email>
      </Author>
    </Authors>
    <name>Book1</name>
  </book>
  <book year="2014" isbn="ISBN83763550019---11">
    <Authors>
      <Author>
        <Name>Fred</Name>
        <Email>fweasley@hogwarts.co.uk</Email>
      </Author>
      <Author>
        <Name>George</Name>
        <Email>gweasley@hogwarts.co.uk</Email>
      </Author>
    </Authors>
    <name>Book2</name>
  </book>
  <book year="2014" isbn="ISBN83763550019---11">
    <Authors>
      <Author>
        <Name>Fred</Name>
        <Email>fweasley@hogwarts.co.uk</Email>
      </Author>
      <Author>
        <Name>George</Name>
        <Email>gweasley@hogwarts.co.uk</Email>
      </Author>
    </Authors>
    <name>Book1</name>
  </book>
  <book year="2014" isbn="ISBN83763550019---11">
    <Authors>
      <Author>
        <Name>Fred</Name>
        <Email>fweasley@hogwarts.co.uk</Email>
      </Author>
      <Author>
        <Name>George</Name>
        <Email>gweasley@hogwarts.co.uk</Email>
      </Author>
    </Authors>
    <name>Book2</name>
  </book>
  <book year="2014" isbn="ISBN83763550019---11">
    <Authors>
      <Author>
        <Name>Fred</Name>
        <Email>fweasley@hogwarts.co.uk</Email>
      </Author>
      <Author>
        <Name>George</Name>
        <Email>gweasley@hogwarts.co.uk</Email>
      </Author>
    </Authors>
    <name>Book1</name>
  </book>
  <book year="2014" isbn="ISBN83763550019---11">
    <Authors>
      <Author>
        <Name>Fred</Name>
        <Email>fweasley@hogwarts.co.uk</Email>
      </Author>
      <Author>
        <Name>George</Name>
        <Email>gweasley@hogwarts.co.uk</Email>
      </Author>
    </Authors>
    <name>Book2</name>
  </book>
  <book year="2014" isbn="ISBN83763550019---11">
    <Authors>
      <Author>
        <Name>Fred</Name>
        <Email>fweasley@hogwarts.co.uk</Email>
      </Author>
      <Author>
        <Name>George</Name>
        <Email>gweasley@hogwarts.co.uk</Email>
      </Author>
    </Authors>
    <name>Book1</name>
  </book>
  <book year="2014" isbn="ISBN83763550019---11">
    <Authors>
      <Author>
        <Name>Fred</Name>
        <Email>fweasley@hogwarts.co.uk</Email>
      </Author>
      <Author>
        <Name>George</Name>
        <Email>gweasley@hogwarts.co.uk</Email>
      </Author>
    </Authors>
    <name>Book2</name>
  </book>
  <book year="2014" isbn="ISBN83763550019---11">
    <Authors>
      <Author>
        <Name>Fred</Name>
        <Email>fweasley@hogwarts.co.uk</Email>
      </Author>
      <Author>
        <Name>George</Name>
        <Email>gweasley@hogwarts.co.uk</Email>
      </Author>
    </Authors>
    <name>Book1</name>
  </book>
  <book year="2014" isbn="ISBN83763550019---11">
    <Authors>
      <Author>
        <Name>Fred</Name>
        <Email>fweasley@hogwarts.co.uk</Email>
      </Author>
      <Author>
        <Name>George</Name>
        <Email>gweasley@hogwarts.co.uk</Email>
      </Author>
    </Authors>
    <name>Book2</name>
  </book>
  <book year="2014" isbn="ISBN83763550019---11">
    <Authors>
      <Author>
        <Name>Fred</Name>
        <Email>fweasley@hogwarts.co.uk</Email>
      </Author>
      <Author>
        <Name>George</Name>
        <Email>gweasley@hogwarts.co.uk</Email>
      </Author>
    </Authors>
    <name>Book1</name>
  </book>
  <book year="2014" isbn="ISBN83763550019---11">
    <Authors>
      <Author>
        <Name>Fred</Name>
        <Email>fweasley@hogwarts.co.uk</Email>
      </Author>
      <Author>
        <Name>George</Name>
        <Email>gweasley@hogwarts.co.uk</Email>
      </Author>
    </Authors>
    <name>Book2</name>
  </book>
  <book year="2014" isbn="ISBN83763550019---11">
    <Authors>
      <Author>
        <Name>Fred</Name>
        <Email>fweasley@hogwarts.co.uk</Email>
      </Author>
      <Author>
        <Name>George</Name>
        <Email>gweasley@hogwarts.co.uk</Email>
      </Author>
    </Authors>
    <name>Book1</name>
  </book>
  <book year="2014" isbn="ISBN83763550019---11">
    <Authors>
      <Author>
        <Name>Fred</Name>
        <Email>fweasley@hogwarts.co.uk</Email>
      </Author>
      <Author>
        <Name>George</Name>
        <Email>gweasley@hogwarts.co.uk</Email>
      </Author>
    </Authors>
    <name>Book2</name>
  </book>
  <book year="2014" isbn="ISBN83763550019---11">
    <Authors>
      <Author>
        <Name>Fred</Name>
        <Email>fweasley@hogwarts.co.uk</Email>
      </Author>
      <Author>
        <Name>George</Name>
        <Email>gweasley@hogwarts.co.uk</Email>
      </Author>
    </Authors>
    <name>Book1</name>
  </book>
  <book year="2014" isbn="ISBN83763550019---11">
    <Authors>
      <Author>
        <Name>Fred</Name>
        <Email>fweasley@hogwarts.co.uk</Email>
      </Author>
      <Author>
        <Name>George</Name>
        <Email>gweasley@hogwarts.co.uk</Email>
      </Author>
    </Authors>
    <name>Book2</name>
  </book>
  <book year="2014" isbn="ISBN83763550019---11">
    <Authors>
      <Author>
        <Name>Fred</Name>
        <Email>fweasley@hogwarts.co.uk</Email>
      </Author>
      <Author>
        <Name>George</Name>
        <Email>gweasley@hogwarts.co.uk</Email>
      </Author>
    </Authors>
    <name>Book1</name>
  </book>
  <book year="2014" isbn="ISBN83763550019---11">
    <Authors>
      <Author>
        <Name>Fred</Name>
        <Email>fweasley@hogwarts.co.uk</Email>
      </Author>
      <Author>
        <Name>George</Name>
        <Email>gweasley@hogwarts.co.uk</Email>
      </Author>
    </Authors>
    <name>Book2</name>
  </book>
  <book year="2014" isbn="ISBN83763550019---11">
    <Authors>
      <Author>
        <Name>Fred</Name>
        <Email>fweasley@hogwarts.co.uk</Email>
      </Author>
      <Author>
        <Name>George</Name>
        <Email>gweasley@hogwarts.co.uk</Email>
      </Author>
    </Authors>
    <name>Book1</name>
  </book>
  <book year="2014" isbn="ISBN83763550019---11">
    <Authors>
      <Author>
        <Name>Fred</Name>
        <Email>fweasley@hogwarts.co.uk</Email>
      </Author>
      <Author>
        <Name>George</Name>
        <Email>gweasley@hogwarts.co.uk</Email>
      </Author>
    </Authors>
    <name>Book2</name>
  </book>
  <book year="2014" isbn="ISBN83763550019---11">
    <Authors>
      <Author>
        <Name>Fred</Name>
        <Email>fweasley@hogwarts.co.uk</Email>
      </Author>
      <Author>
        <Name>George</Name>
        <Email>gweasley@hogwarts.co.uk</Email>
      </Author>
    </Authors>
    <name>Book1</name>
  </book>
  <book year="2014" isbn="ISBN83763550019---11">
    <Authors>
      <Author>
        <Name>Fred</Name>
        <Email>fweasley@hogwarts.co.uk</Email>
      </Author>
      <Author>
        <Name>George</Name>
        <Email>gweasley@hogwarts.co.uk</Email>
      </Author>
    </Authors>
    <name>Book2</name>
  </book>
  <book year="2014" isbn="ISBN83763550019---11">
    <Authors>
      <Author>
        <Name>Fred</Name>
        <Email>fweasley@hogwarts.co.uk</Email>
      </Author>
      <Author>
        <Name>George</Name>
        <Email>gweasley@hogwarts.co.uk</Email>
      </Author>
    </Authors>
    <name>Book1</name>
  </book>
  <book year="2014" isbn="ISBN83763550019---11">
    <Authors>
      <Author>
        <Name>Fred</Name>
        <Email>fweasley@hogwarts.co.uk</Email>
      </Author>
      <Author>
        <Name>George</Name>
        <Email>gweasley@hogwarts.co.uk</Email>
      </Author>
    </Authors>
    <name>Book2</name>
  </book>
  <book year="2014" isbn="ISBN83763550019---11">
    <Authors>
      <Author>
        <Name>Fred</Name>
        <Email>fweasley@hogwarts.co.uk</Email>
      </Author>
      <Author>
        <Name>George</Name>
        <Email>gweasley@hogwarts.co.uk</Email>
      </Author>
    </Authors>
    <name>Book1</name>
  </book>
  <book year="2014" isbn="ISBN83763550019---11">
    <Authors>
      <Author>
        <Name>Fred</Name>
        <Email>fweasley@hogwarts.co.uk</Email>
      </Author>
      <Author>
        <Name>George</Name>
        <Email>gweasley@hogwarts.co.uk</Email>
      </Author>
    </Authors>
    <name>Book2</name>
  </book>
  <book year="2014" isbn="ISBN83763550019---11">
    <Authors>
      <Author>
        <Name>Fred</Name>
        <Email>fweasley@hogwarts.co.uk</Email>
      </Author>
      <Author>
        <Name>George</Name>
        <Email>gweasley@hogwarts.co.uk</Email>
      </Author>
    </Authors>
    <name>Book1</name>
  </book>
  <book year="2014" isbn="ISBN83763550019---11">
    <Authors>
      <Author>
        <Name>Fred</Name>
        <Email>fweasley@hogwarts.co.uk</Email>
      </Author>
      <Author>
        <Name>George</Name>
        <Email>gweasley@hogwarts.co.uk</Email>
      </Author>
    </Authors>
    <name>Book2</name>
  </book>
  <book year="2014" isbn="ISBN83763550019---11">
    <Authors>
      <Author>
        <Name>Fred</Name>
        <Email>fweasley@hogwarts.co.uk</Email>
      </Author>
      <Author>
        <Name>George</Name>
        <Email>gweasley@hogwarts.co.uk</Email>
      </Author>
    </Authors>
    <name>Book1</name>
  </book>
  <book year="2014" isbn="ISBN83763550019---11">
    <Authors>
      <Author>
        <Name>Fred</Name>
        <Email>fweasley@hogwarts.co.uk</Email>
      </Author>
      <Author>
        <Name>George</Name>
        <Email>gweasley@hogwarts.co.uk</Email>
      </Author>
    </Authors>
    <name>Book2</name>
  </book>
  <book year="2014" isbn="ISBN83763550019---11">
    <Authors>
      <Author>
        <Name>Fred</Name>
        <Email>fweasley@hogwarts.co.uk</Email>
      </Author>
      <Author>
        <Name>George</Name>
        <Email>gweasley@hogwarts.co.uk</Email>
      </Author>
    </Authors>
    <name>Book1</name>
  </book>
  <book year="2014" isbn="ISBN83763550019---11">
    <Authors>
      <Author>
        <Name>Fred</Name>
        <Email>fweasley@hogwarts.co.uk</Email>
      </Author>
      <Author>
        <Name>George</Name>
        <Email>gweasley@hogwarts.co.uk</Email>
      </Author>
    </Authors>
    <name>Book2</name>
  </book>
  <book year="2014" isbn="ISBN83763550019---11">
    <Authors>
      <Author>
        <Name>Fred</Name>
        <Email>fweasley@hogwarts.co.uk</Email>
      </Author>
      <Author>
        <Name>George</Name>
        <Email>gweasley@hogwarts.co.uk</Email>
      </Author>
    </Authors>
    <name>Book1</name>
  </book>
  <book year="2014" isbn="ISBN83763550019---11">
    <Authors>
      <Author>
        <Name>Fred</Name>
        <Email>fweasley@hogwarts.co.uk</Email>
      </Author>
      <Author>
        <Name>George</Name>
        <Email>gweasley@hogwarts.co.uk</Email>
      </Author>
    </Authors>
    <name>Book2</name>
  </book>
  <book year="2014" isbn="ISBN83763550019---11">
    <Authors>
      <Author>
        <Name>Fred</Name>
        <Email>fweasley@hogwarts.co.uk</Email>
      </Author>
      <Author>
        <Name>George</Name>
        <Email>gweasley@hogwarts.co.uk</Email>
      </Author>
    </Authors>
    <name>Book1</name>
  </book>
  <book year="2014" isbn="ISBN83763550019---11">
    <Authors>
      <Author>
        <Name>Fred</Name>
        <Email>fweasley@hogwarts.co.uk</Email>
      </Author>
      <Author>
        <Name>George</Name>
        <Email>gweasley@hogwarts.co.uk</Email>
      </Author>
    </Authors>
    <name>Book2</name>
  </book>
  <book year="2014" isbn="ISBN83763550019---11">
    <Authors>
      <Author>
        <Name>Fred</Name>
        <Email>fweasley@hogwarts.co.uk</Email>
      </Author>
      <Author>
        <Name>George</Name>
        <Email>gweasley@hogwarts.co.uk</Email>
      </Author>
    </Authors>
    <name>Book1</name>
  </book>
  <book year="2014" isbn="ISBN83763550019---11">
    <Authors>
      <Author>
        <Name>Fred</Name>
        <Email>fweasley@hogwarts.co.uk</Email>
      </Author>
      <Author>
        <Name>George</Name>
        <Email>gweasley@hogwarts.co.uk</Email>
      </Author>
    </Authors>
    <name>Book2</name>
  </book>
  <book year="2014" isbn="ISBN83763550019---11">
    <Authors>
      <Author>
        <Name>Fred</Name>
        <Email>fweasley@hogwarts.co.uk</Email>
      </Author>
      <Author>
        <Name>George</Name>
        <Email>gweasley@hogwarts.co.uk</Email>
      </Author>
    </Authors>
    <name>Book1</name>
  </book>
  <book year="2014" isbn="ISBN83763550019---11">
    <Authors>
      <Author>
        <Name>Fred</Name>
        <Email>fweasley@hogwarts.co.uk</Email>
      </Author>
      <Author>
        <Name>George</Name>
        <Email>gweasley@hogwarts.co.uk</Email>
      </Author>
    </Authors>
    <name>Book2</name>
  </book>
  <book year="2014" isbn="ISBN83763550019---11">
    <Authors>
      <Author>
        <Name>Fred</Name>
        <Email>fweasley@hogwarts.co.uk</Email>
      </Author>
      <Author>
        <Name>George</Name>
        <Email>gweasley@hogwarts.co.uk</Email>
      </Author>
    </Authors>
    <name>Book1</name>
  </book>
  <book year="2014" isbn="ISBN83763550019---11">
    <Authors>
      <Author>
        <Name>Fred</Name>
        <Email>fweasley@hogwarts.co.uk</Email>
      </Author>
      <Author>
        <Name>George</Name>
        <Email>gweasley@hogwarts.co.uk</Email>
      </Author>
    </Authors>
    <name>Book2</name>
  </book>
  <book year="2014" isbn="ISBN83763550019---11">
    <Authors>
      <Author>
        <Name>Fred</Name>
        <Email>fweasley@hogwarts.co.uk</Email>
      </Author>
      <Author>
        <Name>George</Name>
        <Email>gweasley@hogwarts.co.uk</Email>
      </Author>
    </Authors>
    <name>Book1</name>
  </book>
  <book year="2014" isbn="ISBN83763550019---11">
    <Authors>
      <Author>
        <Name>Fred</Name>
        <Email>fweasley@hogwarts.co.uk</Email>
      </Author>
      <Author>
        <Name>George</Name>
        <Email>gweasley@hogwarts.co.uk</Email>
      </Author>
    </Authors>
    <name>Book2</name>
  </book>
  <book year="2014" isbn="ISBN83763550019---11">
    <Authors>
      <Author>
        <Name>Fred</Name>
        <Email>fweasley@hogwarts.co.uk</Email>
      </Author>
      <Author>
        <Name>George</Name>
        <Email>gweasley@hogwarts.co.uk</Email>
      </Author>
    </Authors>
    <name>Book1</name>
  </book>
  <book year="2014" isbn="ISBN83763550019---11">
    <Authors>
      <Author>
        <Name>Fred</Name>
        <Email>fweasley@hogwarts.co.uk</Email>
      </Author>
      <Author>
        <Name>George</Name>
        <Email>gweasley@hogwarts.co.uk</Email>
      </Author>
    </Authors>
    <name>Book2</name>
  </book>
  <book year="2014" isbn="ISBN83763550019---11">
    <Authors>
      <Author>
        <Name>Fred</Name>
        <Email>fweasley@hogwarts.co.uk</Email>
      </Author>
      <Author>
        <Name>George</Name>
        <Email>gweasley@hogwarts.co.uk</Email>
      </Author>
    </Authors>
    <name>Book1</name>
  </book>
  <book year="2014" isbn="ISBN83763550019---11">
    <Authors>
      <Author>
        <Name>Fred</Name>
        <Email>fweasley@hogwarts.co.uk</Email>
      </Author>
      <Author>
        <Name>George</Name>
        <Email>gweasley@hogwarts.co.uk</Email>
      </Author>
    </Authors>
    <name>Book2</name>
  </book>
  <book year="2014" isbn="ISBN83763550019---11">
    <Authors>
      <Author>
        <Name>Fred</Name>
        <Email>fweasley@hogwarts.co.uk</Email>
      </Author>
      <Author>
        <Name>George</Name>
        <Email>gweasley@hogwarts.co.uk</Email>
      </Author>
    </Authors>
    <name>Book1</name>
  </book>
  <book year="2014" isbn="ISBN83763550019---11">
    <Authors>
      <Author>
        <Name>Fred</Name>
        <Email>fweasley@hogwarts.co.uk</Email>
      </Author>
      <Author>
        <Name>George</Name>
        <Email>gweasley@hogwarts.co.uk</Email>
      </Author>
    </Authors>
    <name>Book2</name>
  </book>
  <book year="2014" isbn="ISBN83763550019---11">
    <Authors>
      <Author>
        <Name>Fred</Name>
        <Email>fweasley@hogwarts.co.uk</Email>
      </Author>
      <Author>
        <Name>George</Name>
        <Email>gweasley@hogwarts.co.uk</Email>
      </Author>
    </Authors>
    <name>Book1</name>
  </book>
  <book year="2014" isbn="ISBN83763550019---11">
    <Authors>
      <Author>
        <Name>Fred</Name>
        <Email>fweasley@hogwarts.co.uk</Email>
      </Author>
      <Author>
        <Name>George</Name>
        <Email>gweasley@hogwarts.co.uk</Email>
      </Author>
    </Authors>
    <name>Book2</name>
  </book>
  <book year="2014" isbn="ISBN83763550019---11">
    <Authors>
      <Author>
        <Name>Fred</Name>
        <Email>fweasley@hogwarts.co.uk</Email>
      </Author>
      <Author>
        <Name>George</Name>
        <Email>gweasley@hogwarts.co.uk</Email>
      </Author>
    </Authors>
    <name>Book1</name>
  </book>
  <book year="2014" isbn="ISBN83763550019---11">
    <Authors>
      <Author>
        <Name>Fred</Name>
        <Email>fweasley@hogwarts.co.uk</Email>
      </Author>
      <Author>
        <Name>George</Name>
        <Email>gweasley@hogwarts.co.uk</Email>
      </Author>
    </Authors>
    <name>Book2</name>
  </book>
  <book year="2014" isbn="ISBN83763550019---11">
    <Authors>
      <Author>
        <Name>Fred</Name>
        <Email>fweasley@hogwarts.co.uk</Email>
      </Author>
      <Author>
        <Name>George</Name>
        <Email>gweasley@hogwarts.co.uk</Email>
      </Author>
    </Authors>
    <name>Book1</name>
  </book>
  <book year="2014" isbn="ISBN83763550019---11">
    <Authors>
      <Author>
        <Name>Fred</Name>
        <Email>fweasley@hogwarts.co.uk</Email>
      </Author>
      <Author>
        <Name>George</Name>
        <Email>gweasley@hogwarts.co.uk</Email>
      </Author>
    </Authors>
    <name>Book2</name>
  </book>
  <book year="2014" isbn="ISBN83763550019---11">
    <Authors>
      <Author>
        <Name>Fred</Name>
        <Email>fweasley@hogwarts.co.uk</Email>
      </Author>
      <Author>
        <Name>George</Name>
        <Email>gweasley@hogwarts.co.uk</Email>
      </Author>
    </Authors>
    <name>Book1</name>
  </book>
  <book year="2014" isbn="ISBN83763550019---11">
    <Authors>
      <Author>
        <Name>Fred</Name>
        <Email>fweasley@hogwarts.co.uk</Email>
      </Author>
      <Author>
        <Name>George</Name>
        <Email>gweasley@hogwarts.co.uk</Email>
      </Author>
    </Authors>
    <name>Book2</name>
  </book>
  <book year="2014" isbn="ISBN83763550019---11">
    <Authors>
      <Author>
        <Name>Fred</Name>
        <Email>fweasley@hogwarts.co.uk</Email>
      </Author>
      <Author>
        <Name>George</Name>
        <Email>gweasley@hogwarts.co.uk</Email>
      </Author>
    </Authors>
    <name>Book1</name>
  </book>
  <book year="2014" isbn="ISBN83763550019---11">
    <Authors>
      <Author>
        <Name>Fred</Name>
        <Email>fweasley@hogwarts.co.uk</Email>
      </Author>
      <Author>
        <Name>George</Name>
        <Email>gweasley@hogwarts.co.uk</Email>
      </Author>
    </Authors>
    <name>Book2</name>
  </book>
  <book year="2014" isbn="ISBN83763550019---11">
    <Authors>
      <Author>
        <Name>Fred</Name>
        <Email>fweasley@hogwarts.co.uk</Email>
      </Author>
      <Author>
        <Name>George</Name>
        <Email>gweasley@hogwarts.co.uk</Email>
      </Author>
    </Authors>
    <name>Book1</name>
  </book>
  <book year="2014" isbn="ISBN83763550019---11">
    <Authors>
      <Author>
        <Name>Fred</Name>
        <Email>fweasley@hogwarts.co.uk</Email>
      </Author>
      <Author>
        <Name>George</Name>
        <Email>gweasley@hogwarts.co.uk</Email>
      </Author>
    </Authors>
    <name>Book2</name>
  </book>
  <book year="2014" isbn="ISBN83763550019---11">
    <Authors>
      <Author>
        <Name>Fred</Name>
        <Email>fweasley@hogwarts.co.uk</Email>
      </Author>
      <Author>
        <Name>George</Name>
        <Email>gweasley@hogwarts.co.uk</Email>
      </Author>
    </Authors>
    <name>Book1</name>
  </book>
  <book year="2014" isbn="ISBN83763550019---11">
    <Authors>
      <Author>
        <Name>Fred</Name>
        <Email>fweasley@hogwarts.co.uk</Email>
      </Author>
      <Author>
        <Name>George</Name>
        <Email>gweasley@hogwarts.co.uk</Email>
      </Author>
    </Authors>
    <name>Book2</name>
  </book>
  <book year="2014" isbn="ISBN83763550019---11">
    <Authors>
      <Author>
        <Name>Fred</Name>
        <Email>fweasley@hogwarts.co.uk</Email>
      </Author>
      <Author>
        <Name>George</Name>
        <Email>gweasley@hogwarts.co.uk</Email>
      </Author>
    </Authors>
    <name>Book1</name>
  </book>
  <book year="2014" isbn="ISBN83763550019---11">
    <Authors>
      <Author>
        <Name>Fred</Name>
        <Email>fweasley@hogwarts.co.uk</Email>
      </Author>
      <Author>
        <Name>George</Name>
        <Email>gweasley@hogwarts.co.uk</Email>
      </Author>
    </Authors>
    <name>Book2</name>
  </book>
  <book year="2014" isbn="ISBN83763550019---11">
    <Authors>
      <Author>
        <Name>Fred</Name>
        <Email>fweasley@hogwarts.co.uk</Email>
      </Author>
      <Author>
        <Name>George</Name>
        <Email>gweasley@hogwarts.co.uk</Email>
      </Author>
    </Authors>
    <name>Book1</name>
  </book>
  <book year="2014" isbn="ISBN83763550019---11">
    <Authors>
      <Author>
        <Name>Fred</Name>
        <Email>fweasley@hogwarts.co.uk</Email>
      </Author>
      <Author>
        <Name>George</Name>
        <Email>gweasley@hogwarts.co.uk</Email>
      </Author>
    </Authors>
    <name>Book2</name>
  </book>
  <book year="2014" isbn="ISBN83763550019---11">
    <Authors>
      <Author>
        <Name>Fred</Name>
        <Email>fweasley@hogwarts.co.uk</Email>
      </Author>
      <Author>
        <Name>George</Name>
        <Email>gweasley@hogwarts.co.uk</Email>
      </Author>
    </Authors>
    <name>Book1</name>
  </book>
  <book year="2014" isbn="ISBN83763550019---11">
    <Authors>
      <Author>
        <Name>Fred</Name>
        <Email>fweasley@hogwarts.co.uk</Email>
      </Author>
      <Author>
        <Name>George</Name>
        <Email>gweasley@hogwarts.co.uk</Email>
      </Author>
    </Authors>
    <name>Book2</name>
  </book>
  <book year="2014" isbn="ISBN83763550019---11">
    <Authors>
      <Author>
        <Name>Fred</Name>
        <Email>fweasley@hogwarts.co.uk</Email>
      </Author>
      <Author>
        <Name>George</Name>
        <Email>gweasley@hogwarts.co.uk</Email>
      </Author>
    </Authors>
    <name>Book1</name>
  </book>
  <book year="2014" isbn="ISBN83763550019---11">
    <Authors>
      <Author>
        <Name>Fred</Name>
        <Email>fweasley@hogwarts.co.uk</Email>
      </Author>
      <Author>
        <Name>George</Name>
        <Email>gweasley@hogwarts.co.uk</Email>
      </Author>
    </Authors>
    <name>Book2</name>
  </book>
  <book year="2014" isbn="ISBN83763550019---11">
    <Authors>
      <Author>
        <Name>Fred</Name>
        <Email>fweasley@hogwarts.co.uk</Email>
      </Author>
      <Author>
        <Name>George</Name>
        <Email>gweasley@hogwarts.co.uk</Email>
      </Author>
    </Authors>
    <name>Book1</name>
  </book>
  <book year="2014" isbn="ISBN83763550019---11">
    <Authors>
      <Author>
        <Name>Fred</Name>
        <Email>fweasley@hogwarts.co.uk</Email>
      </Author>
      <Author>
        <Name>George</Name>
        <Email>gweasley@hogwarts.co.uk</Email>
      </Author>
    </Authors>
    <name>Book2</name>
  </book>
  <book year="2014" isbn="ISBN83763550019---11">
    <Authors>
      <Author>
        <Name>Fred</Name>
        <Email>fweasley@hogwarts.co.uk</Email>
      </Author>
      <Author>
        <Name>George</Name>
        <Email>gweasley@hogwarts.co.uk</Email>
      </Author>
    </Authors>
    <name>Book1</name>
  </book>
  <book year="2014" isbn="ISBN83763550019---11">
    <Authors>
      <Author>
        <Name>Fred</Name>
        <Email>fweasley@hogwarts.co.uk</Email>
      </Author>
      <Author>
        <Name>George</Name>
        <Email>gweasley@hogwarts.co.uk</Email>
      </Author>
    </Authors>
    <name>Book2</name>
  </book>
  <book year="2014" isbn="ISBN83763550019---11">
    <Authors>
      <Author>
        <Name>Fred</Name>
        <Email>fweasley@hogwarts.co.uk</Email>
      </Author>
      <Author>
        <Name>George</Name>
        <Email>gweasley@hogwarts.co.uk</Email>
      </Author>
    </Authors>
    <name>Book1</name>
  </book>
  <book year="2014" isbn="ISBN83763550019---11">
    <Authors>
      <Author>
        <Name>Fred</Name>
        <Email>fweasley@hogwarts.co.uk</Email>
      </Author>
      <Author>
        <Name>George</Name>
        <Email>gweasley@hogwarts.co.uk</Email>
      </Author>
    </Authors>
    <name>Book2</name>
  </book>
  <book year="2014" isbn="ISBN83763550019---11">
    <Authors>
      <Author>
        <Name>Fred</Name>
        <Email>fweasley@hogwarts.co.uk</Email>
      </Author>
      <Author>
        <Name>George</Name>
        <Email>gweasley@hogwarts.co.uk</Email>
      </Author>
    </Authors>
    <name>Book1</name>
  </book>
  <book year="2014" isbn="ISBN83763550019---11">
    <Authors>
      <Author>
        <Name>Fred</Name>
        <Email>fweasley@hogwarts.co.uk</Email>
      </Author>
      <Author>
        <Name>George</Name>
        <Email>gweasley@hogwarts.co.uk</Email>
      </Author>
    </Authors>
    <name>Book2</name>
  </book>
  <book year="2014" isbn="ISBN83763550019---11">
    <Authors>
      <Author>
        <Name>Fred</Name>
        <Email>fweasley@hogwarts.co.uk</Email>
      </Author>
      <Author>
        <Name>George</Name>
        <Email>gweasley@hogwarts.co.uk</Email>
      </Author>
    </Authors>
    <name>Book1</name>
  </book>
  <book year="2014" isbn="ISBN83763550019---11">
    <Authors>
      <Author>
        <Name>Fred</Name>
        <Email>fweasley@hogwarts.co.uk</Email>
      </Author>
      <Author>
        <Name>George</Name>
        <Email>gweasley@hogwarts.co.uk</Email>
      </Author>
    </Authors>
    <name>Book2</name>
  </book>
  <book year="2014" isbn="ISBN83763550019---11">
    <Authors>
      <Author>
        <Name>Fred</Name>
        <Email>fweasley@hogwarts.co.uk</Email>
      </Author>
      <Author>
        <Name>George</Name>
        <Email>gweasley@hogwarts.co.uk</Email>
      </Author>
    </Authors>
    <name>Book1</name>
  </book>
  <book year="2014" isbn="ISBN83763550019---11">
    <Authors>
      <Author>
        <Name>Fred</Name>
        <Email>fweasley@hogwarts.co.uk</Email>
      </Author>
      <Author>
        <Name>George</Name>
        <Email>gweasley@hogwarts.co.uk</Email>
      </Author>
    </Authors>
    <name>Book2</name>
  </book>
  <book year="2014" isbn="ISBN83763550019---11">
    <Authors>
      <Author>
        <Name>Fred</Name>
        <Email>fweasley@hogwarts.co.uk</Email>
      </Author>
      <Author>
        <Name>George</Name>
        <Email>gweasley@hogwarts.co.uk</Email>
      </Author>
    </Authors>
    <name>Book1</name>
  </book>
  <book year="2014" isbn="ISBN83763550019---11">
    <Authors>
      <Author>
        <Name>Fred</Name>
        <Email>fweasley@hogwarts.co.uk</Email>
      </Author>
      <Author>
        <Name>George</Name>
        <Email>gweasley@hogwarts.co.uk</Email>
      </Author>
    </Authors>
    <name>Book2</name>
  </book>
  <book year="2014" isbn="ISBN83763550019---11">
    <Authors>
      <Author>
        <Name>Fred</Name>
        <Email>fweasley@hogwarts.co.uk</Email>
      </Author>
      <Author>
        <Name>George</Name>
        <Email>gweasley@hogwarts.co.uk</Email>
      </Author>
    </Authors>
    <name>Book1</name>
  </book>
  <book year="2014" isbn="ISBN83763550019---11">
    <Authors>
      <Author>
        <Name>Fred</Name>
        <Email>fweasley@hogwarts.co.uk</Email>
      </Author>
      <Author>
        <Name>George</Name>
        <Email>gweasley@hogwarts.co.uk</Email>
      </Author>
    </Authors>
    <name>Book2</name>
  </book>
  <book year="2014" isbn="ISBN83763550019---11">
    <Authors>
      <Author>
        <Name>Fred</Name>
        <Email>fweasley@hogwarts.co.uk</Email>
      </Author>
      <Author>
        <Name>George</Name>
        <Email>gweasley@hogwarts.co.uk</Email>
      </Author>
    </Authors>
    <name>Book1</name>
  </book>
  <book year="2014" isbn="ISBN83763550019---11">
    <Authors>
      <Author>
        <Name>Fred</Name>
        <Email>fweasley@hogwarts.co.uk</Email>
      </Author>
      <Author>
        <Name>George</Name>
        <Email>gweasley@hogwarts.co.uk</Email>
      </Author>
    </Authors>
    <name>Book2</name>
  </book>
  <book year="2014" isbn="ISBN83763550019---11">
    <Authors>
      <Author>
        <Name>Fred</Name>
        <Email>fweasley@hogwarts.co.uk</Email>
      </Author>
      <Author>
        <Name>George</Name>
        <Email>gweasley@hogwarts.co.uk</Email>
      </Author>
    </Authors>
    <name>Book1</name>
  </book>
  <book year="2014" isbn="ISBN83763550019---11">
    <Authors>
      <Author>
        <Name>Fred</Name>
        <Email>fweasley@hogwarts.co.uk</Email>
      </Author>
      <Author>
        <Name>George</Name>
        <Email>gweasley@hogwarts.co.uk</Email>
      </Author>
    </Authors>
    <name>Book2</name>
  </book>
  <book year="2014" isbn="ISBN83763550019---11">
    <Authors>
      <Author>
        <Name>Fred</Name>
        <Email>fweasley@hogwarts.co.uk</Email>
      </Author>
      <Author>
        <Name>George</Name>
        <Email>gweasley@hogwarts.co.uk</Email>
      </Author>
    </Authors>
    <name>Book1</name>
  </book>
  <book year="2014" isbn="ISBN83763550019---11">
    <Authors>
      <Author>
        <Name>Fred</Name>
        <Email>fweasley@hogwarts.co.uk</Email>
      </Author>
      <Author>
        <Name>George</Name>
        <Email>gweasley@hogwarts.co.uk</Email>
      </Author>
    </Authors>
    <name>Book2</name>
  </book>
  <book year="2014" isbn="ISBN83763550019---11">
    <Authors>
      <Author>
        <Name>Fred</Name>
        <Email>fweasley@hogwarts.co.uk</Email>
      </Author>
      <Author>
        <Name>George</Name>
        <Email>gweasley@hogwarts.co.uk</Email>
      </Author>
    </Authors>
    <name>Book1</name>
  </book>
  <book year="2014" isbn="ISBN83763550019---11">
    <Authors>
      <Author>
        <Name>Fred</Name>
        <Email>fweasley@hogwarts.co.uk</Email>
      </Author>
      <Author>
        <Name>George</Name>
        <Email>gweasley@hogwarts.co.uk</Email>
      </Author>
    </Authors>
    <name>Book2</name>
  </book>
  <book year="2014" isbn="ISBN83763550019---11">
    <Authors>
      <Author>
        <Name>Fred</Name>
        <Email>fweasley@hogwarts.co.uk</Email>
      </Author>
      <Author>
        <Name>George</Name>
        <Email>gweasley@hogwarts.co.uk</Email>
      </Author>
    </Authors>
    <name>Book1</name>
  </book>
  <book year="2014" isbn="ISBN83763550019---11">
    <Authors>
      <Author>
        <Name>Fred</Name>
        <Email>fweasley@hogwarts.co.uk</Email>
      </Author>
      <Author>
        <Name>George</Name>
        <Email>gweasley@hogwarts.co.uk</Email>
      </Author>
    </Authors>
    <name>Book2</name>
  </book>
  <book year="2014" isbn="ISBN83763550019---11">
    <Authors>
      <Author>
        <Name>Fred</Name>
        <Email>fweasley@hogwarts.co.uk</Email>
      </Author>
      <Author>
        <Name>George</Name>
        <Email>gweasley@hogwarts.co.uk</Email>
      </Author>
    </Authors>
    <name>Book1</name>
  </book>
  <book year="2014" isbn="ISBN83763550019---11">
    <Authors>
      <Author>
        <Name>Fred</Name>
        <Email>fweasley@hogwarts.co.uk</Email>
      </Author>
      <Author>
        <Name>George</Name>
        <Email>gweasley@hogwarts.co.uk</Email>
      </Author>
    </Authors>
    <name>Book2</name>
  </book>
  <book year="2014" isbn="ISBN83763550019---11">
    <Authors>
      <Author>
        <Name>Fred</Name>
        <Email>fweasley@hogwarts.co.uk</Email>
      </Author>
      <Author>
        <Name>George</Name>
        <Email>gweasley@hogwarts.co.uk</Email>
      </Author>
    </Authors>
    <name>Book1</name>
  </book>
  <book year="2014" isbn="ISBN83763550019---11">
    <Authors>
      <Author>
        <Name>Fred</Name>
        <Email>fweasley@hogwarts.co.uk</Email>
      </Author>
      <Author>
        <Name>George</Name>
        <Email>gweasley@hogwarts.co.uk</Email>
      </Author>
    </Authors>
    <name>Book2</name>
  </book>
  <book year="2014" isbn="ISBN83763550019---11">
    <Authors>
      <Author>
        <Name>Fred</Name>
        <Email>fweasley@hogwarts.co.uk</Email>
      </Author>
      <Author>
        <Name>George</Name>
        <Email>gweasley@hogwarts.co.uk</Email>
      </Author>
    </Authors>
    <name>Book1</name>
  </book>
  <book year="2014" isbn="ISBN83763550019---11">
    <Authors>
      <Author>
        <Name>Fred</Name>
        <Email>fweasley@hogwarts.co.uk</Email>
      </Author>
      <Author>
        <Name>George</Name>
        <Email>gweasley@hogwarts.co.uk</Email>
      </Author>
    </Authors>
    <name>Book2</name>
  </book>
  <book year="2014" isbn="ISBN83763550019---11">
    <Authors>
      <Author>
        <Name>Fred</Name>
        <Email>fweasley@hogwarts.co.uk</Email>
      </Author>
      <Author>
        <Name>George</Name>
        <Email>gweasley@hogwarts.co.uk</Email>
      </Author>
    </Authors>
    <name>Book1</name>
  </book>
  <book year="2014" isbn="ISBN83763550019---11">
    <Authors>
      <Author>
        <Name>Fred</Name>
        <Email>fweasley@hogwarts.co.uk</Email>
      </Author>
      <Author>
        <Name>George</Name>
        <Email>gweasley@hogwarts.co.uk</Email>
      </Author>
    </Authors>
    <name>Book2</name>
  </book>
  <book year="2014" isbn="ISBN83763550019---11">
    <Authors>
      <Author>
        <Name>Fred</Name>
        <Email>fweasley@hogwarts.co.uk</Email>
      </Author>
      <Author>
        <Name>George</Name>
        <Email>gweasley@hogwarts.co.uk</Email>
      </Author>
    </Authors>
    <name>Book1</name>
  </book>
  <book year="2014" isbn="ISBN83763550019---11">
    <Authors>
      <Author>
        <Name>Fred</Name>
        <Email>fweasley@hogwarts.co.uk</Email>
      </Author>
      <Author>
        <Name>George</Name>
        <Email>gweasley@hogwarts.co.uk</Email>
      </Author>
    </Authors>
    <name>Book2</name>
  </book>
  <book year="2014" isbn="ISBN83763550019---11">
    <Authors>
      <Author>
        <Name>Fred</Name>
        <Email>fweasley@hogwarts.co.uk</Email>
      </Author>
      <Author>
        <Name>George</Name>
        <Email>gweasley@hogwarts.co.uk</Email>
      </Author>
    </Authors>
    <name>Book1</name>
  </book>
  <book year="2014" isbn="ISBN83763550019---11">
    <Authors>
      <Author>
        <Name>Fred</Name>
        <Email>fweasley@hogwarts.co.uk</Email>
      </Author>
      <Author>
        <Name>George</Name>
        <Email>gweasley@hogwarts.co.uk</Email>
      </Author>
    </Authors>
    <name>Book2</name>
  </book>
  <book year="2014" isbn="ISBN83763550019---11">
    <Authors>
      <Author>
        <Name>Fred</Name>
        <Email>fweasley@hogwarts.co.uk</Email>
      </Author>
      <Author>
        <Name>George</Name>
        <Email>gweasley@hogwarts.co.uk</Email>
      </Author>
    </Authors>
    <name>Book1</name>
  </book>
  <book year="2014" isbn="ISBN83763550019---11">
    <Authors>
      <Author>
        <Name>Fred</Name>
        <Email>fweasley@hogwarts.co.uk</Email>
      </Author>
      <Author>
        <Name>George</Name>
        <Email>gweasley@hogwarts.co.uk</Email>
      </Author>
    </Authors>
    <name>Book2</name>
  </book>
  <book year="2014" isbn="ISBN83763550019---11">
    <Authors>
      <Author>
        <Name>Fred</Name>
        <Email>fweasley@hogwarts.co.uk</Email>
      </Author>
      <Author>
        <Name>George</Name>
        <Email>gweasley@hogwarts.co.uk</Email>
      </Author>
    </Authors>
    <name>Book1</name>
  </book>
  <book year="2014" isbn="ISBN83763550019---11">
    <Authors>
      <Author>
        <Name>Fred</Name>
        <Email>fweasley@hogwarts.co.uk</Email>
      </Author>
      <Author>
        <Name>George</Name>
        <Email>gweasley@hogwarts.co.uk</Email>
      </Author>
    </Authors>
    <name>Book2</name>
  </book>
  <book year="2014" isbn="ISBN83763550019---11">
    <Authors>
      <Author>
        <Name>Fred</Name>
        <Email>fweasley@hogwarts.co.uk</Email>
      </Author>
      <Author>
        <Name>George</Name>
        <Email>gweasley@hogwarts.co.uk</Email>
      </Author>
    </Authors>
    <name>Book1</name>
  </book>
  <book year="2014" isbn="ISBN83763550019---11">
    <Authors>
      <Author>
        <Name>Fred</Name>
        <Email>fweasley@hogwarts.co.uk</Email>
      </Author>
      <Author>
        <Name>George</Name>
        <Email>gweasley@hogwarts.co.uk</Email>
      </Author>
    </Authors>
    <name>Book2</name>
  </book>
  <book year="2014" isbn="ISBN83763550019---11">
    <Authors>
      <Author>
        <Name>Fred</Name>
        <Email>fweasley@hogwarts.co.uk</Email>
      </Author>
      <Author>
        <Name>George</Name>
        <Email>gweasley@hogwarts.co.uk</Email>
      </Author>
    </Authors>
    <name>Book1</name>
  </book>
  <book year="2014" isbn="ISBN83763550019---11">
    <Authors>
      <Author>
        <Name>Fred</Name>
        <Email>fweasley@hogwarts.co.uk</Email>
      </Author>
      <Author>
        <Name>George</Name>
        <Email>gweasley@hogwarts.co.uk</Email>
      </Author>
    </Authors>
    <name>Book2</name>
  </book>
  <book year="2014" isbn="ISBN83763550019---11">
    <Authors>
      <Author>
        <Name>Fred</Name>
        <Email>fweasley@hogwarts.co.uk</Email>
      </Author>
      <Author>
        <Name>George</Name>
        <Email>gweasley@hogwarts.co.uk</Email>
      </Author>
    </Authors>
    <name>Book1</name>
  </book>
  <book year="2014" isbn="ISBN83763550019---11">
    <Authors>
      <Author>
        <Name>Fred</Name>
        <Email>fweasley@hogwarts.co.uk</Email>
      </Author>
      <Author>
        <Name>George</Name>
        <Email>gweasley@hogwarts.co.uk</Email>
      </Author>
    </Authors>
    <name>Book2</name>
  </book>
  <book year="2014" isbn="ISBN83763550019---11">
    <Authors>
      <Author>
        <Name>Fred</Name>
        <Email>fweasley@hogwarts.co.uk</Email>
      </Author>
      <Author>
        <Name>George</Name>
        <Email>gweasley@hogwarts.co.uk</Email>
      </Author>
    </Authors>
    <name>Book1</name>
  </book>
  <book year="2014" isbn="ISBN83763550019---11">
    <Authors>
      <Author>
        <Name>Fred</Name>
        <Email>fweasley@hogwarts.co.uk</Email>
      </Author>
      <Author>
        <Name>George</Name>
        <Email>gweasley@hogwarts.co.uk</Email>
      </Author>
    </Authors>
    <name>Book2</name>
  </book>
  <book year="2014" isbn="ISBN83763550019---11">
    <Authors>
      <Author>
        <Name>Fred</Name>
        <Email>fweasley@hogwarts.co.uk</Email>
      </Author>
      <Author>
        <Name>George</Name>
        <Email>gweasley@hogwarts.co.uk</Email>
      </Author>
    </Authors>
    <name>Book1</name>
  </book>
  <book year="2014" isbn="ISBN83763550019---11">
    <Authors>
      <Author>
        <Name>Fred</Name>
        <Email>fweasley@hogwarts.co.uk</Email>
      </Author>
      <Author>
        <Name>George</Name>
        <Email>gweasley@hogwarts.co.uk</Email>
      </Author>
    </Authors>
    <name>Book2</name>
  </book>
  <book year="2014" isbn="ISBN83763550019---11">
    <Authors>
      <Author>
        <Name>Fred</Name>
        <Email>fweasley@hogwarts.co.uk</Email>
      </Author>
      <Author>
        <Name>George</Name>
        <Email>gweasley@hogwarts.co.uk</Email>
      </Author>
    </Authors>
    <name>Book1</name>
  </book>
  <book year="2014" isbn="ISBN83763550019---11">
    <Authors>
      <Author>
        <Name>Fred</Name>
        <Email>fweasley@hogwarts.co.uk</Email>
      </Author>
      <Author>
        <Name>George</Name>
        <Email>gweasley@hogwarts.co.uk</Email>
      </Author>
    </Authors>
    <name>Book2</name>
  </book>
  <book year="2014" isbn="ISBN83763550019---11">
    <Authors>
      <Author>
        <Name>Fred</Name>
        <Email>fweasley@hogwarts.co.uk</Email>
      </Author>
      <Author>
        <Name>George</Name>
        <Email>gweasley@hogwarts.co.uk</Email>
      </Author>
    </Authors>
    <name>Book1</name>
  </book>
  <book year="2014" isbn="ISBN83763550019---11">
    <Authors>
      <Author>
        <Name>Fred</Name>
        <Email>fweasley@hogwarts.co.uk</Email>
      </Author>
      <Author>
        <Name>George</Name>
        <Email>gweasley@hogwarts.co.uk</Email>
      </Author>
    </Authors>
    <name>Book2</name>
  </book>
  <book year="2014" isbn="ISBN83763550019---11">
    <Authors>
      <Author>
        <Name>Fred</Name>
        <Email>fweasley@hogwarts.co.uk</Email>
      </Author>
      <Author>
        <Name>George</Name>
        <Email>gweasley@hogwarts.co.uk</Email>
      </Author>
    </Authors>
    <name>Book1</name>
  </book>
  <book year="2014" isbn="ISBN83763550019---11">
    <Authors>
      <Author>
        <Name>Fred</Name>
        <Email>fweasley@hogwarts.co.uk</Email>
      </Author>
      <Author>
        <Name>George</Name>
        <Email>gweasley@hogwarts.co.uk</Email>
      </Author>
    </Authors>
    <name>Book2</name>
  </book>
  <book year="2014" isbn="ISBN83763550019---11">
    <Authors>
      <Author>
        <Name>Fred</Name>
        <Email>fweasley@hogwarts.co.uk</Email>
      </Author>
      <Author>
        <Name>George</Name>
        <Email>gweasley@hogwarts.co.uk</Email>
      </Author>
    </Authors>
    <name>Book1</name>
  </book>
  <book year="2014" isbn="ISBN83763550019---11">
    <Authors>
      <Author>
        <Name>Fred</Name>
        <Email>fweasley@hogwarts.co.uk</Email>
      </Author>
      <Author>
        <Name>George</Name>
        <Email>gweasley@hogwarts.co.uk</Email>
      </Author>
    </Authors>
    <name>Book2</name>
  </book>
  <book year="2014" isbn="ISBN83763550019---11">
    <Authors>
      <Author>
        <Name>Fred</Name>
        <Email>fweasley@hogwarts.co.uk</Email>
      </Author>
      <Author>
        <Name>George</Name>
        <Email>gweasley@hogwarts.co.uk</Email>
      </Author>
    </Authors>
    <name>Book1</name>
  </book>
  <book year="2014" isbn="ISBN83763550019---11">
    <Authors>
      <Author>
        <Name>Fred</Name>
        <Email>fweasley@hogwarts.co.uk</Email>
      </Author>
      <Author>
        <Name>George</Name>
        <Email>gweasley@hogwarts.co.uk</Email>
      </Author>
    </Authors>
    <name>Book2</name>
  </book>
  <book year="2014" isbn="ISBN83763550019---11">
    <Authors>
      <Author>
        <Name>Fred</Name>
        <Email>fweasley@hogwarts.co.uk</Email>
      </Author>
      <Author>
        <Name>George</Name>
        <Email>gweasley@hogwarts.co.uk</Email>
      </Author>
    </Authors>
    <name>Book1</name>
  </book>
  <book year="2014" isbn="ISBN83763550019---11">
    <Authors>
      <Author>
        <Name>Fred</Name>
        <Email>fweasley@hogwarts.co.uk</Email>
      </Author>
      <Author>
        <Name>George</Name>
        <Email>gweasley@hogwarts.co.uk</Email>
      </Author>
    </Authors>
    <name>Book2</name>
  </book>
  <book year="2014" isbn="ISBN83763550019---11">
    <Authors>
      <Author>
        <Name>Fred</Name>
        <Email>fweasley@hogwarts.co.uk</Email>
      </Author>
      <Author>
        <Name>George</Name>
        <Email>gweasley@hogwarts.co.uk</Email>
      </Author>
    </Authors>
    <name>Book1</name>
  </book>
  <book year="2014" isbn="ISBN83763550019---11">
    <Authors>
      <Author>
        <Name>Fred</Name>
        <Email>fweasley@hogwarts.co.uk</Email>
      </Author>
      <Author>
        <Name>George</Name>
        <Email>gweasley@hogwarts.co.uk</Email>
      </Author>
    </Authors>
    <name>Book2</name>
  </book>
  <book year="2014" isbn="ISBN83763550019---11">
    <Authors>
      <Author>
        <Name>Fred</Name>
        <Email>fweasley@hogwarts.co.uk</Email>
      </Author>
      <Author>
        <Name>George</Name>
        <Email>gweasley@hogwarts.co.uk</Email>
      </Author>
    </Authors>
    <name>Book1</name>
  </book>
  <book year="2014" isbn="ISBN83763550019---11">
    <Authors>
      <Author>
        <Name>Fred</Name>
        <Email>fweasley@hogwarts.co.uk</Email>
      </Author>
      <Author>
        <Name>George</Name>
        <Email>gweasley@hogwarts.co.uk</Email>
      </Author>
    </Authors>
    <name>Book2</name>
  </book>
  <book year="2014" isbn="ISBN83763550019---11">
    <Authors>
      <Author>
        <Name>Fred</Name>
        <Email>fweasley@hogwarts.co.uk</Email>
      </Author>
      <Author>
        <Name>George</Name>
        <Email>gweasley@hogwarts.co.uk</Email>
      </Author>
    </Authors>
    <name>Book1</name>
  </book>
  <book year="2014" isbn="ISBN83763550019---11">
    <Authors>
      <Author>
        <Name>Fred</Name>
        <Email>fweasley@hogwarts.co.uk</Email>
      </Author>
      <Author>
        <Name>George</Name>
        <Email>gweasley@hogwarts.co.uk</Email>
      </Author>
    </Authors>
    <name>Book2</name>
  </book>
  <book year="2014" isbn="ISBN83763550019---11">
    <Authors>
      <Author>
        <Name>Fred</Name>
        <Email>fweasley@hogwarts.co.uk</Email>
      </Author>
      <Author>
        <Name>George</Name>
        <Email>gweasley@hogwarts.co.uk</Email>
      </Author>
    </Authors>
    <name>Book1</name>
  </book>
  <book year="2014" isbn="ISBN83763550019---11">
    <Authors>
      <Author>
        <Name>Fred</Name>
        <Email>fweasley@hogwarts.co.uk</Email>
      </Author>
      <Author>
        <Name>George</Name>
        <Email>gweasley@hogwarts.co.uk</Email>
      </Author>
    </Authors>
    <name>Book2</name>
  </book>
  <book year="2014" isbn="ISBN83763550019---11">
    <Authors>
      <Author>
        <Name>Fred</Name>
        <Email>fweasley@hogwarts.co.uk</Email>
      </Author>
      <Author>
        <Name>George</Name>
        <Email>gweasley@hogwarts.co.uk</Email>
      </Author>
    </Authors>
    <name>Book1</name>
  </book>
  <book year="2014" isbn="ISBN83763550019---11">
    <Authors>
      <Author>
        <Name>Fred</Name>
        <Email>fweasley@hogwarts.co.uk</Email>
      </Author>
      <Author>
        <Name>George</Name>
        <Email>gweasley@hogwarts.co.uk</Email>
      </Author>
    </Authors>
    <name>Book2</name>
  </book>
  <book year="2014" isbn="ISBN83763550019---11">
    <Authors>
      <Author>
        <Name>Fred</Name>
        <Email>fweasley@hogwarts.co.uk</Email>
      </Author>
      <Author>
        <Name>George</Name>
        <Email>gweasley@hogwarts.co.uk</Email>
      </Author>
    </Authors>
    <name>Book1</name>
  </book>
  <book year="2014" isbn="ISBN83763550019---11">
    <Authors>
      <Author>
        <Name>Fred</Name>
        <Email>fweasley@hogwarts.co.uk</Email>
      </Author>
      <Author>
        <Name>George</Name>
        <Email>gweasley@hogwarts.co.uk</Email>
      </Author>
    </Authors>
    <name>Book2</name>
  </book>
  <book year="2014" isbn="ISBN83763550019---11">
    <Authors>
      <Author>
        <Name>Fred</Name>
        <Email>fweasley@hogwarts.co.uk</Email>
      </Author>
      <Author>
        <Name>George</Name>
        <Email>gweasley@hogwarts.co.uk</Email>
      </Author>
    </Authors>
    <name>Book1</name>
  </book>
  <book year="2014" isbn="ISBN83763550019---11">
    <Authors>
      <Author>
        <Name>Fred</Name>
        <Email>fweasley@hogwarts.co.uk</Email>
      </Author>
      <Author>
        <Name>George</Name>
        <Email>gweasley@hogwarts.co.uk</Email>
      </Author>
    </Authors>
    <name>Book2</name>
  </book>
  <book year="2014" isbn="ISBN83763550019---11">
    <Authors>
      <Author>
        <Name>Fred</Name>
        <Email>fweasley@hogwarts.co.uk</Email>
      </Author>
      <Author>
        <Name>George</Name>
        <Email>gweasley@hogwarts.co.uk</Email>
      </Author>
    </Authors>
    <name>Book1</name>
  </book>
  <book year="2014" isbn="ISBN83763550019---11">
    <Authors>
      <Author>
        <Name>Fred</Name>
        <Email>fweasley@hogwarts.co.uk</Email>
      </Author>
      <Author>
        <Name>George</Name>
        <Email>gweasley@hogwarts.co.uk</Email>
      </Author>
    </Authors>
    <name>Book2</name>
  </book>
  <book year="2014" isbn="ISBN83763550019---11">
    <Authors>
      <Author>
        <Name>Fred</Name>
        <Email>fweasley@hogwarts.co.uk</Email>
      </Author>
      <Author>
        <Name>George</Name>
        <Email>gweasley@hogwarts.co.uk</Email>
      </Author>
    </Authors>
    <name>Book1</name>
  </book>
  <book year="2014" isbn="ISBN83763550019---11">
    <Authors>
      <Author>
        <Name>Fred</Name>
        <Email>fweasley@hogwarts.co.uk</Email>
      </Author>
      <Author>
        <Name>George</Name>
        <Email>gweasley@hogwarts.co.uk</Email>
      </Author>
    </Authors>
    <name>Book2</name>
  </book>
  <book year="2014" isbn="ISBN83763550019---11">
    <Authors>
      <Author>
        <Name>Fred</Name>
        <Email>fweasley@hogwarts.co.uk</Email>
      </Author>
      <Author>
        <Name>George</Name>
        <Email>gweasley@hogwarts.co.uk</Email>
      </Author>
    </Authors>
    <name>Book1</name>
  </book>
  <book year="2014" isbn="ISBN83763550019---11">
    <Authors>
      <Author>
        <Name>Fred</Name>
        <Email>fweasley@hogwarts.co.uk</Email>
      </Author>
      <Author>
        <Name>George</Name>
        <Email>gweasley@hogwarts.co.uk</Email>
      </Author>
    </Authors>
    <name>Book2</name>
  </book>
  <book year="2014" isbn="ISBN83763550019---11">
    <Authors>
      <Author>
        <Name>Fred</Name>
        <Email>fweasley@hogwarts.co.uk</Email>
      </Author>
      <Author>
        <Name>George</Name>
        <Email>gweasley@hogwarts.co.uk</Email>
      </Author>
    </Authors>
    <name>Book1</name>
  </book>
  <book year="2014" isbn="ISBN83763550019---11">
    <Authors>
      <Author>
        <Name>Fred</Name>
        <Email>fweasley@hogwarts.co.uk</Email>
      </Author>
      <Author>
        <Name>George</Name>
        <Email>gweasley@hogwarts.co.uk</Email>
      </Author>
    </Authors>
    <name>Book2</name>
  </book>
  <book year="2014" isbn="ISBN83763550019---11">
    <Authors>
      <Author>
        <Name>Fred</Name>
        <Email>fweasley@hogwarts.co.uk</Email>
      </Author>
      <Author>
        <Name>George</Name>
        <Email>gweasley@hogwarts.co.uk</Email>
      </Author>
    </Authors>
    <name>Book1</name>
  </book>
  <book year="2014" isbn="ISBN83763550019---11">
    <Authors>
      <Author>
        <Name>Fred</Name>
        <Email>fweasley@hogwarts.co.uk</Email>
      </Author>
      <Author>
        <Name>George</Name>
        <Email>gweasley@hogwarts.co.uk</Email>
      </Author>
    </Authors>
    <name>Book2</name>
  </book>
  <book year="2014" isbn="ISBN83763550019---11">
    <Authors>
      <Author>
        <Name>Fred</Name>
        <Email>fweasley@hogwarts.co.uk</Email>
      </Author>
      <Author>
        <Name>George</Name>
        <Email>gweasley@hogwarts.co.uk</Email>
      </Author>
    </Authors>
    <name>Book1</name>
  </book>
  <book year="2014" isbn="ISBN83763550019---11">
    <Authors>
      <Author>
        <Name>Fred</Name>
        <Email>fweasley@hogwarts.co.uk</Email>
      </Author>
      <Author>
        <Name>George</Name>
        <Email>gweasley@hogwarts.co.uk</Email>
      </Author>
    </Authors>
    <name>Book2</name>
  </book>
  <book year="2014" isbn="ISBN83763550019---11">
    <Authors>
      <Author>
        <Name>Fred</Name>
        <Email>fweasley@hogwarts.co.uk</Email>
      </Author>
      <Author>
        <Name>George</Name>
        <Email>gweasley@hogwarts.co.uk</Email>
      </Author>
    </Authors>
    <name>Book1</name>
  </book>
  <book year="2014" isbn="ISBN83763550019---11">
    <Authors>
      <Author>
        <Name>Fred</Name>
        <Email>fweasley@hogwarts.co.uk</Email>
      </Author>
      <Author>
        <Name>George</Name>
        <Email>gweasley@hogwarts.co.uk</Email>
      </Author>
    </Authors>
    <name>Book2</name>
  </book>
  <book year="2014" isbn="ISBN83763550019---11">
    <Authors>
      <Author>
        <Name>Fred</Name>
        <Email>fweasley@hogwarts.co.uk</Email>
      </Author>
      <Author>
        <Name>George</Name>
        <Email>gweasley@hogwarts.co.uk</Email>
      </Author>
    </Authors>
    <name>Book1</name>
  </book>
  <book year="2014" isbn="ISBN83763550019---11">
    <Authors>
      <Author>
        <Name>Fred</Name>
        <Email>fweasley@hogwarts.co.uk</Email>
      </Author>
      <Author>
        <Name>George</Name>
        <Email>gweasley@hogwarts.co.uk</Email>
      </Author>
    </Authors>
    <name>Book2</name>
  </book>
  <book year="2014" isbn="ISBN83763550019---11">
    <Authors>
      <Author>
        <Name>Fred</Name>
        <Email>fweasley@hogwarts.co.uk</Email>
      </Author>
      <Author>
        <Name>George</Name>
        <Email>gweasley@hogwarts.co.uk</Email>
      </Author>
    </Authors>
    <name>Book1</name>
  </book>
  <book year="2014" isbn="ISBN83763550019---11">
    <Authors>
      <Author>
        <Name>Fred</Name>
        <Email>fweasley@hogwarts.co.uk</Email>
      </Author>
      <Author>
        <Name>George</Name>
        <Email>gweasley@hogwarts.co.uk</Email>
      </Author>
    </Authors>
    <name>Book2</name>
  </book>
  <book year="2014" isbn="ISBN83763550019---11">
    <Authors>
      <Author>
        <Name>Fred</Name>
        <Email>fweasley@hogwarts.co.uk</Email>
      </Author>
      <Author>
        <Name>George</Name>
        <Email>gweasley@hogwarts.co.uk</Email>
      </Author>
    </Authors>
    <name>Book1</name>
  </book>
  <book year="2014" isbn="ISBN83763550019---11">
    <Authors>
      <Author>
        <Name>Fred</Name>
        <Email>fweasley@hogwarts.co.uk</Email>
      </Author>
      <Author>
        <Name>George</Name>
        <Email>gweasley@hogwarts.co.uk</Email>
      </Author>
    </Authors>
    <name>Book2</name>
  </book>
  <book year="2014" isbn="ISBN83763550019---11">
    <Authors>
      <Author>
        <Name>Fred</Name>
        <Email>fweasley@hogwarts.co.uk</Email>
      </Author>
      <Author>
        <Name>George</Name>
        <Email>gweasley@hogwarts.co.uk</Email>
      </Author>
    </Authors>
    <name>Book1</name>
  </book>
  <book year="2014" isbn="ISBN83763550019---11">
    <Authors>
      <Author>
        <Name>Fred</Name>
        <Email>fweasley@hogwarts.co.uk</Email>
      </Author>
      <Author>
        <Name>George</Name>
        <Email>gweasley@hogwarts.co.uk</Email>
      </Author>
    </Authors>
    <name>Book2</name>
  </book>
  <book year="2014" isbn="ISBN83763550019---11">
    <Authors>
      <Author>
        <Name>Fred</Name>
        <Email>fweasley@hogwarts.co.uk</Email>
      </Author>
      <Author>
        <Name>George</Name>
        <Email>gweasley@hogwarts.co.uk</Email>
      </Author>
    </Authors>
    <name>Book1</name>
  </book>
  <book year="2014" isbn="ISBN83763550019---11">
    <Authors>
      <Author>
        <Name>Fred</Name>
        <Email>fweasley@hogwarts.co.uk</Email>
      </Author>
      <Author>
        <Name>George</Name>
        <Email>gweasley@hogwarts.co.uk</Email>
      </Author>
    </Authors>
    <name>Book2</name>
  </book>
  <book year="2014" isbn="ISBN83763550019---11">
    <Authors>
      <Author>
        <Name>Fred</Name>
        <Email>fweasley@hogwarts.co.uk</Email>
      </Author>
      <Author>
        <Name>George</Name>
        <Email>gweasley@hogwarts.co.uk</Email>
      </Author>
    </Authors>
    <name>Book1</name>
  </book>
  <book year="2014" isbn="ISBN83763550019---11">
    <Authors>
      <Author>
        <Name>Fred</Name>
        <Email>fweasley@hogwarts.co.uk</Email>
      </Author>
      <Author>
        <Name>George</Name>
        <Email>gweasley@hogwarts.co.uk</Email>
      </Author>
    </Authors>
    <name>Book2</name>
  </book>
  <book year="2014" isbn="ISBN83763550019---11">
    <Authors>
      <Author>
        <Name>Fred</Name>
        <Email>fweasley@hogwarts.co.uk</Email>
      </Author>
      <Author>
        <Name>George</Name>
        <Email>gweasley@hogwarts.co.uk</Email>
      </Author>
    </Authors>
    <name>Book1</name>
  </book>
  <book year="2014" isbn="ISBN83763550019---11">
    <Authors>
      <Author>
        <Name>Fred</Name>
        <Email>fweasley@hogwarts.co.uk</Email>
      </Author>
      <Author>
        <Name>George</Name>
        <Email>gweasley@hogwarts.co.uk</Email>
      </Author>
    </Authors>
    <name>Book2</name>
  </book>
  <book year="2014" isbn="ISBN83763550019---11">
    <Authors>
      <Author>
        <Name>Fred</Name>
        <Email>fweasley@hogwarts.co.uk</Email>
      </Author>
      <Author>
        <Name>George</Name>
        <Email>gweasley@hogwarts.co.uk</Email>
      </Author>
    </Authors>
    <name>Book1</name>
  </book>
  <book year="2014" isbn="ISBN83763550019---11">
    <Authors>
      <Author>
        <Name>Fred</Name>
        <Email>fweasley@hogwarts.co.uk</Email>
      </Author>
      <Author>
        <Name>George</Name>
        <Email>gweasley@hogwarts.co.uk</Email>
      </Author>
    </Authors>
    <name>Book2</name>
  </book>
  <book year="2014" isbn="ISBN83763550019---11">
    <Authors>
      <Author>
        <Name>Fred</Name>
        <Email>fweasley@hogwarts.co.uk</Email>
      </Author>
      <Author>
        <Name>George</Name>
        <Email>gweasley@hogwarts.co.uk</Email>
      </Author>
    </Authors>
    <name>Book1</name>
  </book>
  <book year="2014" isbn="ISBN83763550019---11">
    <Authors>
      <Author>
        <Name>Fred</Name>
        <Email>fweasley@hogwarts.co.uk</Email>
      </Author>
      <Author>
        <Name>George</Name>
        <Email>gweasley@hogwarts.co.uk</Email>
      </Author>
    </Authors>
    <name>Book2</name>
  </book>
  <book year="2014" isbn="ISBN83763550019---11">
    <Authors>
      <Author>
        <Name>Fred</Name>
        <Email>fweasley@hogwarts.co.uk</Email>
      </Author>
      <Author>
        <Name>George</Name>
        <Email>gweasley@hogwarts.co.uk</Email>
      </Author>
    </Authors>
    <name>Book1</name>
  </book>
  <book year="2014" isbn="ISBN83763550019---11">
    <Authors>
      <Author>
        <Name>Fred</Name>
        <Email>fweasley@hogwarts.co.uk</Email>
      </Author>
      <Author>
        <Name>George</Name>
        <Email>gweasley@hogwarts.co.uk</Email>
      </Author>
    </Authors>
    <name>Book2</name>
  </book>
  <book year="2014" isbn="ISBN83763550019---11">
    <Authors>
      <Author>
        <Name>Fred</Name>
        <Email>fweasley@hogwarts.co.uk</Email>
      </Author>
      <Author>
        <Name>George</Name>
        <Email>gweasley@hogwarts.co.uk</Email>
      </Author>
    </Authors>
    <name>Book1</name>
  </book>
  <book year="2014" isbn="ISBN83763550019---11">
    <Authors>
      <Author>
        <Name>Fred</Name>
        <Email>fweasley@hogwarts.co.uk</Email>
      </Author>
      <Author>
        <Name>George</Name>
        <Email>gweasley@hogwarts.co.uk</Email>
      </Author>
    </Authors>
    <name>Book2</name>
  </book>
  <book year="2014" isbn="ISBN83763550019---11">
    <Authors>
      <Author>
        <Name>Fred</Name>
        <Email>fweasley@hogwarts.co.uk</Email>
      </Author>
      <Author>
        <Name>George</Name>
        <Email>gweasley@hogwarts.co.uk</Email>
      </Author>
    </Authors>
    <name>Book1</name>
  </book>
  <book year="2014" isbn="ISBN83763550019---11">
    <Authors>
      <Author>
        <Name>Fred</Name>
        <Email>fweasley@hogwarts.co.uk</Email>
      </Author>
      <Author>
        <Name>George</Name>
        <Email>gweasley@hogwarts.co.uk</Email>
      </Author>
    </Authors>
    <name>Book2</name>
  </book>
  <book year="2014" isbn="ISBN83763550019---11">
    <Authors>
      <Author>
        <Name>Fred</Name>
        <Email>fweasley@hogwarts.co.uk</Email>
      </Author>
      <Author>
        <Name>George</Name>
        <Email>gweasley@hogwarts.co.uk</Email>
      </Author>
    </Authors>
    <name>Book1</name>
  </book>
  <book year="2014" isbn="ISBN83763550019---11">
    <Authors>
      <Author>
        <Name>Fred</Name>
        <Email>fweasley@hogwarts.co.uk</Email>
      </Author>
      <Author>
        <Name>George</Name>
        <Email>gweasley@hogwarts.co.uk</Email>
      </Author>
    </Authors>
    <name>Book2</name>
  </book>
  <book year="2014" isbn="ISBN83763550019---11">
    <Authors>
      <Author>
        <Name>Fred</Name>
        <Email>fweasley@hogwarts.co.uk</Email>
      </Author>
      <Author>
        <Name>George</Name>
        <Email>gweasley@hogwarts.co.uk</Email>
      </Author>
    </Authors>
    <name>Book1</name>
  </book>
  <book year="2014" isbn="ISBN83763550019---11">
    <Authors>
      <Author>
        <Name>Fred</Name>
        <Email>fweasley@hogwarts.co.uk</Email>
      </Author>
      <Author>
        <Name>George</Name>
        <Email>gweasley@hogwarts.co.uk</Email>
      </Author>
    </Authors>
    <name>Book2</name>
  </book>
  <book year="2014" isbn="ISBN83763550019---11">
    <Authors>
      <Author>
        <Name>Fred</Name>
        <Email>fweasley@hogwarts.co.uk</Email>
      </Author>
      <Author>
        <Name>George</Name>
        <Email>gweasley@hogwarts.co.uk</Email>
      </Author>
    </Authors>
    <name>Book1</name>
  </book>
  <book year="2014" isbn="ISBN83763550019---11">
    <Authors>
      <Author>
        <Name>Fred</Name>
        <Email>fweasley@hogwarts.co.uk</Email>
      </Author>
      <Author>
        <Name>George</Name>
        <Email>gweasley@hogwarts.co.uk</Email>
      </Author>
    </Authors>
    <name>Book2</name>
  </book>
  <book year="2014" isbn="ISBN83763550019---11">
    <Authors>
      <Author>
        <Name>Fred</Name>
        <Email>fweasley@hogwarts.co.uk</Email>
      </Author>
      <Author>
        <Name>George</Name>
        <Email>gweasley@hogwarts.co.uk</Email>
      </Author>
    </Authors>
    <name>Book1</name>
  </book>
  <book year="2014" isbn="ISBN83763550019---11">
    <Authors>
      <Author>
        <Name>Fred</Name>
        <Email>fweasley@hogwarts.co.uk</Email>
      </Author>
      <Author>
        <Name>George</Name>
        <Email>gweasley@hogwarts.co.uk</Email>
      </Author>
    </Authors>
    <name>Book2</name>
  </book>
  <book year="2014" isbn="ISBN83763550019---11">
    <Authors>
      <Author>
        <Name>Fred</Name>
        <Email>fweasley@hogwarts.co.uk</Email>
      </Author>
      <Author>
        <Name>George</Name>
        <Email>gweasley@hogwarts.co.uk</Email>
      </Author>
    </Authors>
    <name>Book1</name>
  </book>
  <book year="2014" isbn="ISBN83763550019---11">
    <Authors>
      <Author>
        <Name>Fred</Name>
        <Email>fweasley@hogwarts.co.uk</Email>
      </Author>
      <Author>
        <Name>George</Name>
        <Email>gweasley@hogwarts.co.uk</Email>
      </Author>
    </Authors>
    <name>Book2</name>
  </book>
  <book year="2014" isbn="ISBN83763550019---11">
    <Authors>
      <Author>
        <Name>Fred</Name>
        <Email>fweasley@hogwarts.co.uk</Email>
      </Author>
      <Author>
        <Name>George</Name>
        <Email>gweasley@hogwarts.co.uk</Email>
      </Author>
    </Authors>
    <name>Book1</name>
  </book>
  <book year="2014" isbn="ISBN83763550019---11">
    <Authors>
      <Author>
        <Name>Fred</Name>
        <Email>fweasley@hogwarts.co.uk</Email>
      </Author>
      <Author>
        <Name>George</Name>
        <Email>gweasley@hogwarts.co.uk</Email>
      </Author>
    </Authors>
    <name>Book2</name>
  </book>
  <book year="2014" isbn="ISBN83763550019---11">
    <Authors>
      <Author>
        <Name>Fred</Name>
        <Email>fweasley@hogwarts.co.uk</Email>
      </Author>
      <Author>
        <Name>George</Name>
        <Email>gweasley@hogwarts.co.uk</Email>
      </Author>
    </Authors>
    <name>Book1</name>
  </book>
  <book year="2014" isbn="ISBN83763550019---11">
    <Authors>
      <Author>
        <Name>Fred</Name>
        <Email>fweasley@hogwarts.co.uk</Email>
      </Author>
      <Author>
        <Name>George</Name>
        <Email>gweasley@hogwarts.co.uk</Email>
      </Author>
    </Authors>
    <name>Book2</name>
  </book>
  <book year="2014" isbn="ISBN83763550019---11">
    <Authors>
      <Author>
        <Name>Fred</Name>
        <Email>fweasley@hogwarts.co.uk</Email>
      </Author>
      <Author>
        <Name>George</Name>
        <Email>gweasley@hogwarts.co.uk</Email>
      </Author>
    </Authors>
    <name>Book1</name>
  </book>
  <book year="2014" isbn="ISBN83763550019---11">
    <Authors>
      <Author>
        <Name>Fred</Name>
        <Email>fweasley@hogwarts.co.uk</Email>
      </Author>
      <Author>
        <Name>George</Name>
        <Email>gweasley@hogwarts.co.uk</Email>
      </Author>
    </Authors>
    <name>Book2</name>
  </book>
  <book year="2014" isbn="ISBN83763550019---11">
    <Authors>
      <Author>
        <Name>Fred</Name>
        <Email>fweasley@hogwarts.co.uk</Email>
      </Author>
      <Author>
        <Name>George</Name>
        <Email>gweasley@hogwarts.co.uk</Email>
      </Author>
    </Authors>
    <name>Book1</name>
  </book>
  <book year="2014" isbn="ISBN83763550019---11">
    <Authors>
      <Author>
        <Name>Fred</Name>
        <Email>fweasley@hogwarts.co.uk</Email>
      </Author>
      <Author>
        <Name>George</Name>
        <Email>gweasley@hogwarts.co.uk</Email>
      </Author>
    </Authors>
    <name>Book2</name>
  </book>
  <book year="2014" isbn="ISBN83763550019---11">
    <Authors>
      <Author>
        <Name>Fred</Name>
        <Email>fweasley@hogwarts.co.uk</Email>
      </Author>
      <Author>
        <Name>George</Name>
        <Email>gweasley@hogwarts.co.uk</Email>
      </Author>
    </Authors>
    <name>Book1</name>
  </book>
  <book year="2014" isbn="ISBN83763550019---11">
    <Authors>
      <Author>
        <Name>Fred</Name>
        <Email>fweasley@hogwarts.co.uk</Email>
      </Author>
      <Author>
        <Name>George</Name>
        <Email>gweasley@hogwarts.co.uk</Email>
      </Author>
    </Authors>
    <name>Book2</name>
  </book>
  <book year="2014" isbn="ISBN83763550019---11">
    <Authors>
      <Author>
        <Name>Fred</Name>
        <Email>fweasley@hogwarts.co.uk</Email>
      </Author>
      <Author>
        <Name>George</Name>
        <Email>gweasley@hogwarts.co.uk</Email>
      </Author>
    </Authors>
    <name>Book1</name>
  </book>
  <book year="2014" isbn="ISBN83763550019---11">
    <Authors>
      <Author>
        <Name>Fred</Name>
        <Email>fweasley@hogwarts.co.uk</Email>
      </Author>
      <Author>
        <Name>George</Name>
        <Email>gweasley@hogwarts.co.uk</Email>
      </Author>
    </Authors>
    <name>Book2</name>
  </book>
  <book year="2014" isbn="ISBN83763550019---11">
    <Authors>
      <Author>
        <Name>Fred</Name>
        <Email>fweasley@hogwarts.co.uk</Email>
      </Author>
      <Author>
        <Name>George</Name>
        <Email>gweasley@hogwarts.co.uk</Email>
      </Author>
    </Authors>
    <name>Book1</name>
  </book>
  <book year="2014" isbn="ISBN83763550019---11">
    <Authors>
      <Author>
        <Name>Fred</Name>
        <Email>fweasley@hogwarts.co.uk</Email>
      </Author>
      <Author>
        <Name>George</Name>
        <Email>gweasley@hogwarts.co.uk</Email>
      </Author>
    </Authors>
    <name>Book2</name>
  </book>
  <book year="2014" isbn="ISBN83763550019---11">
    <Authors>
      <Author>
        <Name>Fred</Name>
        <Email>fweasley@hogwarts.co.uk</Email>
      </Author>
      <Author>
        <Name>George</Name>
        <Email>gweasley@hogwarts.co.uk</Email>
      </Author>
    </Authors>
    <name>Book1</name>
  </book>
  <book year="2014" isbn="ISBN83763550019---11">
    <Authors>
      <Author>
        <Name>Fred</Name>
        <Email>fweasley@hogwarts.co.uk</Email>
      </Author>
      <Author>
        <Name>George</Name>
        <Email>gweasley@hogwarts.co.uk</Email>
      </Author>
    </Authors>
    <name>Book2</name>
  </book>
  <book year="2014" isbn="ISBN83763550019---11">
    <Authors>
      <Author>
        <Name>Fred</Name>
        <Email>fweasley@hogwarts.co.uk</Email>
      </Author>
      <Author>
        <Name>George</Name>
        <Email>gweasley@hogwarts.co.uk</Email>
      </Author>
    </Authors>
    <name>Book1</name>
  </book>
  <book year="2014" isbn="ISBN83763550019---11">
    <Authors>
      <Author>
        <Name>Fred</Name>
        <Email>fweasley@hogwarts.co.uk</Email>
      </Author>
      <Author>
        <Name>George</Name>
        <Email>gweasley@hogwarts.co.uk</Email>
      </Author>
    </Authors>
    <name>Book2</name>
  </book>
  <book year="2014" isbn="ISBN83763550019---11">
    <Authors>
      <Author>
        <Name>Fred</Name>
        <Email>fweasley@hogwarts.co.uk</Email>
      </Author>
      <Author>
        <Name>George</Name>
        <Email>gweasley@hogwarts.co.uk</Email>
      </Author>
    </Authors>
    <name>Book1</name>
  </book>
  <book year="2014" isbn="ISBN83763550019---11">
    <Authors>
      <Author>
        <Name>Fred</Name>
        <Email>fweasley@hogwarts.co.uk</Email>
      </Author>
      <Author>
        <Name>George</Name>
        <Email>gweasley@hogwarts.co.uk</Email>
      </Author>
    </Authors>
    <name>Book2</name>
  </book>
  <book year="2014" isbn="ISBN83763550019---11">
    <Authors>
      <Author>
        <Name>Fred</Name>
        <Email>fweasley@hogwarts.co.uk</Email>
      </Author>
      <Author>
        <Name>George</Name>
        <Email>gweasley@hogwarts.co.uk</Email>
      </Author>
    </Authors>
    <name>Book1</name>
  </book>
  <book year="2014" isbn="ISBN83763550019---11">
    <Authors>
      <Author>
        <Name>Fred</Name>
        <Email>fweasley@hogwarts.co.uk</Email>
      </Author>
      <Author>
        <Name>George</Name>
        <Email>gweasley@hogwarts.co.uk</Email>
      </Author>
    </Authors>
    <name>Book2</name>
  </book>
  <book year="2014" isbn="ISBN83763550019---11">
    <Authors>
      <Author>
        <Name>Fred</Name>
        <Email>fweasley@hogwarts.co.uk</Email>
      </Author>
      <Author>
        <Name>George</Name>
        <Email>gweasley@hogwarts.co.uk</Email>
      </Author>
    </Authors>
    <name>Book1</name>
  </book>
  <book year="2014" isbn="ISBN83763550019---11">
    <Authors>
      <Author>
        <Name>Fred</Name>
        <Email>fweasley@hogwarts.co.uk</Email>
      </Author>
      <Author>
        <Name>George</Name>
        <Email>gweasley@hogwarts.co.uk</Email>
      </Author>
    </Authors>
    <name>Book2</name>
  </book>
  <book year="2014" isbn="ISBN83763550019---11">
    <Authors>
      <Author>
        <Name>Fred</Name>
        <Email>fweasley@hogwarts.co.uk</Email>
      </Author>
      <Author>
        <Name>George</Name>
        <Email>gweasley@hogwarts.co.uk</Email>
      </Author>
    </Authors>
    <name>Book1</name>
  </book>
  <book year="2014" isbn="ISBN83763550019---11">
    <Authors>
      <Author>
        <Name>Fred</Name>
        <Email>fweasley@hogwarts.co.uk</Email>
      </Author>
      <Author>
        <Name>George</Name>
        <Email>gweasley@hogwarts.co.uk</Email>
      </Author>
    </Authors>
    <name>Book2</name>
  </book>
  <book year="2014" isbn="ISBN83763550019---11">
    <Authors>
      <Author>
        <Name>Fred</Name>
        <Email>fweasley@hogwarts.co.uk</Email>
      </Author>
      <Author>
        <Name>George</Name>
        <Email>gweasley@hogwarts.co.uk</Email>
      </Author>
    </Authors>
    <name>Book1</name>
  </book>
  <book year="2014" isbn="ISBN83763550019---11">
    <Authors>
      <Author>
        <Name>Fred</Name>
        <Email>fweasley@hogwarts.co.uk</Email>
      </Author>
      <Author>
        <Name>George</Name>
        <Email>gweasley@hogwarts.co.uk</Email>
      </Author>
    </Authors>
    <name>Book2</name>
  </book>
  <book year="2014" isbn="ISBN83763550019---11">
    <Authors>
      <Author>
        <Name>Fred</Name>
        <Email>fweasley@hogwarts.co.uk</Email>
      </Author>
      <Author>
        <Name>George</Name>
        <Email>gweasley@hogwarts.co.uk</Email>
      </Author>
    </Authors>
    <name>Book1</name>
  </book>
  <book year="2014" isbn="ISBN83763550019---11">
    <Authors>
      <Author>
        <Name>Fred</Name>
        <Email>fweasley@hogwarts.co.uk</Email>
      </Author>
      <Author>
        <Name>George</Name>
        <Email>gweasley@hogwarts.co.uk</Email>
      </Author>
    </Authors>
    <name>Book2</name>
  </book>
  <book year="2014" isbn="ISBN83763550019---11">
    <Authors>
      <Author>
        <Name>Fred</Name>
        <Email>fweasley@hogwarts.co.uk</Email>
      </Author>
      <Author>
        <Name>George</Name>
        <Email>gweasley@hogwarts.co.uk</Email>
      </Author>
    </Authors>
    <name>Book1</name>
  </book>
  <book year="2014" isbn="ISBN83763550019---11">
    <Authors>
      <Author>
        <Name>Fred</Name>
        <Email>fweasley@hogwarts.co.uk</Email>
      </Author>
      <Author>
        <Name>George</Name>
        <Email>gweasley@hogwarts.co.uk</Email>
      </Author>
    </Authors>
    <name>Book2</name>
  </book>
  <book year="2014" isbn="ISBN83763550019---11">
    <Authors>
      <Author>
        <Name>Fred</Name>
        <Email>fweasley@hogwarts.co.uk</Email>
      </Author>
      <Author>
        <Name>George</Name>
        <Email>gweasley@hogwarts.co.uk</Email>
      </Author>
    </Authors>
    <name>Book1</name>
  </book>
  <book year="2014" isbn="ISBN83763550019---11">
    <Authors>
      <Author>
        <Name>Fred</Name>
        <Email>fweasley@hogwarts.co.uk</Email>
      </Author>
      <Author>
        <Name>George</Name>
        <Email>gweasley@hogwarts.co.uk</Email>
      </Author>
    </Authors>
    <name>Book2</name>
  </book>
  <book year="2014" isbn="ISBN83763550019---11">
    <Authors>
      <Author>
        <Name>Fred</Name>
        <Email>fweasley@hogwarts.co.uk</Email>
      </Author>
      <Author>
        <Name>George</Name>
        <Email>gweasley@hogwarts.co.uk</Email>
      </Author>
    </Authors>
    <name>Book1</name>
  </book>
  <book year="2014" isbn="ISBN83763550019---11">
    <Authors>
      <Author>
        <Name>Fred</Name>
        <Email>fweasley@hogwarts.co.uk</Email>
      </Author>
      <Author>
        <Name>George</Name>
        <Email>gweasley@hogwarts.co.uk</Email>
      </Author>
    </Authors>
    <name>Book2</name>
  </book>
  <book year="2014" isbn="ISBN83763550019---11">
    <Authors>
      <Author>
        <Name>Fred</Name>
        <Email>fweasley@hogwarts.co.uk</Email>
      </Author>
      <Author>
        <Name>George</Name>
        <Email>gweasley@hogwarts.co.uk</Email>
      </Author>
    </Authors>
    <name>Book1</name>
  </book>
  <book year="2014" isbn="ISBN83763550019---11">
    <Authors>
      <Author>
        <Name>Fred</Name>
        <Email>fweasley@hogwarts.co.uk</Email>
      </Author>
      <Author>
        <Name>George</Name>
        <Email>gweasley@hogwarts.co.uk</Email>
      </Author>
    </Authors>
    <name>Book2</name>
  </book>
  <book year="2014" isbn="ISBN83763550019---11">
    <Authors>
      <Author>
        <Name>Fred</Name>
        <Email>fweasley@hogwarts.co.uk</Email>
      </Author>
      <Author>
        <Name>George</Name>
        <Email>gweasley@hogwarts.co.uk</Email>
      </Author>
    </Authors>
    <name>Book1</name>
  </book>
  <book year="2014" isbn="ISBN83763550019---11">
    <Authors>
      <Author>
        <Name>Fred</Name>
        <Email>fweasley@hogwarts.co.uk</Email>
      </Author>
      <Author>
        <Name>George</Name>
        <Email>gweasley@hogwarts.co.uk</Email>
      </Author>
    </Authors>
    <name>Book2</name>
  </book>
  <book year="2014" isbn="ISBN83763550019---11">
    <Authors>
      <Author>
        <Name>Fred</Name>
        <Email>fweasley@hogwarts.co.uk</Email>
      </Author>
      <Author>
        <Name>George</Name>
        <Email>gweasley@hogwarts.co.uk</Email>
      </Author>
    </Authors>
    <name>Book1</name>
  </book>
  <book year="2014" isbn="ISBN83763550019---11">
    <Authors>
      <Author>
        <Name>Fred</Name>
        <Email>fweasley@hogwarts.co.uk</Email>
      </Author>
      <Author>
        <Name>George</Name>
        <Email>gweasley@hogwarts.co.uk</Email>
      </Author>
    </Authors>
    <name>Book2</name>
  </book>
  <book year="2014" isbn="ISBN83763550019---11">
    <Authors>
      <Author>
        <Name>Fred</Name>
        <Email>fweasley@hogwarts.co.uk</Email>
      </Author>
      <Author>
        <Name>George</Name>
        <Email>gweasley@hogwarts.co.uk</Email>
      </Author>
    </Authors>
    <name>Book1</name>
  </book>
  <book year="2014" isbn="ISBN83763550019---11">
    <Authors>
      <Author>
        <Name>Fred</Name>
        <Email>fweasley@hogwarts.co.uk</Email>
      </Author>
      <Author>
        <Name>George</Name>
        <Email>gweasley@hogwarts.co.uk</Email>
      </Author>
    </Authors>
    <name>Book2</name>
  </book>
  <book year="2014" isbn="ISBN83763550019---11">
    <Authors>
      <Author>
        <Name>Fred</Name>
        <Email>fweasley@hogwarts.co.uk</Email>
      </Author>
      <Author>
        <Name>George</Name>
        <Email>gweasley@hogwarts.co.uk</Email>
      </Author>
    </Authors>
    <name>Book1</name>
  </book>
  <book year="2014" isbn="ISBN83763550019---11">
    <Authors>
      <Author>
        <Name>Fred</Name>
        <Email>fweasley@hogwarts.co.uk</Email>
      </Author>
      <Author>
        <Name>George</Name>
        <Email>gweasley@hogwarts.co.uk</Email>
      </Author>
    </Authors>
    <name>Book2</name>
  </book>
  <book year="2014" isbn="ISBN83763550019---11">
    <Authors>
      <Author>
        <Name>Fred</Name>
        <Email>fweasley@hogwarts.co.uk</Email>
      </Author>
      <Author>
        <Name>George</Name>
        <Email>gweasley@hogwarts.co.uk</Email>
      </Author>
    </Authors>
    <name>Book1</name>
  </book>
  <book year="2014" isbn="ISBN83763550019---11">
    <Authors>
      <Author>
        <Name>Fred</Name>
        <Email>fweasley@hogwarts.co.uk</Email>
      </Author>
      <Author>
        <Name>George</Name>
        <Email>gweasley@hogwarts.co.uk</Email>
      </Author>
    </Authors>
    <name>Book2</name>
  </book>
  <book year="2014" isbn="ISBN83763550019---11">
    <Authors>
      <Author>
        <Name>Fred</Name>
        <Email>fweasley@hogwarts.co.uk</Email>
      </Author>
      <Author>
        <Name>George</Name>
        <Email>gweasley@hogwarts.co.uk</Email>
      </Author>
    </Authors>
    <name>Book1</name>
  </book>
  <book year="2014" isbn="ISBN83763550019---11">
    <Authors>
      <Author>
        <Name>Fred</Name>
        <Email>fweasley@hogwarts.co.uk</Email>
      </Author>
      <Author>
        <Name>George</Name>
        <Email>gweasley@hogwarts.co.uk</Email>
      </Author>
    </Authors>
    <name>Book2</name>
  </book>
  <book year="2014" isbn="ISBN83763550019---11">
    <Authors>
      <Author>
        <Name>Fred</Name>
        <Email>fweasley@hogwarts.co.uk</Email>
      </Author>
      <Author>
        <Name>George</Name>
        <Email>gweasley@hogwarts.co.uk</Email>
      </Author>
    </Authors>
    <name>Book1</name>
  </book>
  <book year="2014" isbn="ISBN83763550019---11">
    <Authors>
      <Author>
        <Name>Fred</Name>
        <Email>fweasley@hogwarts.co.uk</Email>
      </Author>
      <Author>
        <Name>George</Name>
        <Email>gweasley@hogwarts.co.uk</Email>
      </Author>
    </Authors>
    <name>Book2</name>
  </book>
  <book year="2014" isbn="ISBN83763550019---11">
    <Authors>
      <Author>
        <Name>Fred</Name>
        <Email>fweasley@hogwarts.co.uk</Email>
      </Author>
      <Author>
        <Name>George</Name>
        <Email>gweasley@hogwarts.co.uk</Email>
      </Author>
    </Authors>
    <name>Book1</name>
  </book>
  <book year="2014" isbn="ISBN83763550019---11">
    <Authors>
      <Author>
        <Name>Fred</Name>
        <Email>fweasley@hogwarts.co.uk</Email>
      </Author>
      <Author>
        <Name>George</Name>
        <Email>gweasley@hogwarts.co.uk</Email>
      </Author>
    </Authors>
    <name>Book2</name>
  </book>
  <book year="2014" isbn="ISBN83763550019---11">
    <Authors>
      <Author>
        <Name>Fred</Name>
        <Email>fweasley@hogwarts.co.uk</Email>
      </Author>
      <Author>
        <Name>George</Name>
        <Email>gweasley@hogwarts.co.uk</Email>
      </Author>
    </Authors>
    <name>Book1</name>
  </book>
  <book year="2014" isbn="ISBN83763550019---11">
    <Authors>
      <Author>
        <Name>Fred</Name>
        <Email>fweasley@hogwarts.co.uk</Email>
      </Author>
      <Author>
        <Name>George</Name>
        <Email>gweasley@hogwarts.co.uk</Email>
      </Author>
    </Authors>
    <name>Book2</name>
  </book>
  <book year="2014" isbn="ISBN83763550019---11">
    <Authors>
      <Author>
        <Name>Fred</Name>
        <Email>fweasley@hogwarts.co.uk</Email>
      </Author>
      <Author>
        <Name>George</Name>
        <Email>gweasley@hogwarts.co.uk</Email>
      </Author>
    </Authors>
    <name>Book1</name>
  </book>
  <book year="2014" isbn="ISBN83763550019---11">
    <Authors>
      <Author>
        <Name>Fred</Name>
        <Email>fweasley@hogwarts.co.uk</Email>
      </Author>
      <Author>
        <Name>George</Name>
        <Email>gweasley@hogwarts.co.uk</Email>
      </Author>
    </Authors>
    <name>Book2</name>
  </book>
  <book year="2014" isbn="ISBN83763550019---11">
    <Authors>
      <Author>
        <Name>Fred</Name>
        <Email>fweasley@hogwarts.co.uk</Email>
      </Author>
      <Author>
        <Name>George</Name>
        <Email>gweasley@hogwarts.co.uk</Email>
      </Author>
    </Authors>
    <name>Book1</name>
  </book>
  <book year="2014" isbn="ISBN83763550019---11">
    <Authors>
      <Author>
        <Name>Fred</Name>
        <Email>fweasley@hogwarts.co.uk</Email>
      </Author>
      <Author>
        <Name>George</Name>
        <Email>gweasley@hogwarts.co.uk</Email>
      </Author>
    </Authors>
    <name>Book2</name>
  </book>
  <book year="2014" isbn="ISBN83763550019---11">
    <Authors>
      <Author>
        <Name>Fred</Name>
        <Email>fweasley@hogwarts.co.uk</Email>
      </Author>
      <Author>
        <Name>George</Name>
        <Email>gweasley@hogwarts.co.uk</Email>
      </Author>
    </Authors>
    <name>Book1</name>
  </book>
  <book year="2014" isbn="ISBN83763550019---11">
    <Authors>
      <Author>
        <Name>Fred</Name>
        <Email>fweasley@hogwarts.co.uk</Email>
      </Author>
      <Author>
        <Name>George</Name>
        <Email>gweasley@hogwarts.co.uk</Email>
      </Author>
    </Authors>
    <name>Book2</name>
  </book>
  <book year="2014" isbn="ISBN83763550019---11">
    <Authors>
      <Author>
        <Name>Fred</Name>
        <Email>fweasley@hogwarts.co.uk</Email>
      </Author>
      <Author>
        <Name>George</Name>
        <Email>gweasley@hogwarts.co.uk</Email>
      </Author>
    </Authors>
    <name>Book1</name>
  </book>
  <book year="2014" isbn="ISBN83763550019---11">
    <Authors>
      <Author>
        <Name>Fred</Name>
        <Email>fweasley@hogwarts.co.uk</Email>
      </Author>
      <Author>
        <Name>George</Name>
        <Email>gweasley@hogwarts.co.uk</Email>
      </Author>
    </Authors>
    <name>Book2</name>
  </book>
  <book year="2014" isbn="ISBN83763550019---11">
    <Authors>
      <Author>
        <Name>Fred</Name>
        <Email>fweasley@hogwarts.co.uk</Email>
      </Author>
      <Author>
        <Name>George</Name>
        <Email>gweasley@hogwarts.co.uk</Email>
      </Author>
    </Authors>
    <name>Book1</name>
  </book>
  <book year="2014" isbn="ISBN83763550019---11">
    <Authors>
      <Author>
        <Name>Fred</Name>
        <Email>fweasley@hogwarts.co.uk</Email>
      </Author>
      <Author>
        <Name>George</Name>
        <Email>gweasley@hogwarts.co.uk</Email>
      </Author>
    </Authors>
    <name>Book2</name>
  </book>
  <book year="2014" isbn="ISBN83763550019---11">
    <Authors>
      <Author>
        <Name>Fred</Name>
        <Email>fweasley@hogwarts.co.uk</Email>
      </Author>
      <Author>
        <Name>George</Name>
        <Email>gweasley@hogwarts.co.uk</Email>
      </Author>
    </Authors>
    <name>Book1</name>
  </book>
  <book year="2014" isbn="ISBN83763550019---11">
    <Authors>
      <Author>
        <Name>Fred</Name>
        <Email>fweasley@hogwarts.co.uk</Email>
      </Author>
      <Author>
        <Name>George</Name>
        <Email>gweasley@hogwarts.co.uk</Email>
      </Author>
    </Authors>
    <name>Book2</name>
  </book>
  <book year="2014" isbn="ISBN83763550019---11">
    <Authors>
      <Author>
        <Name>Fred</Name>
        <Email>fweasley@hogwarts.co.uk</Email>
      </Author>
      <Author>
        <Name>George</Name>
        <Email>gweasley@hogwarts.co.uk</Email>
      </Author>
    </Authors>
    <name>Book1</name>
  </book>
  <book year="2014" isbn="ISBN83763550019---11">
    <Authors>
      <Author>
        <Name>Fred</Name>
        <Email>fweasley@hogwarts.co.uk</Email>
      </Author>
      <Author>
        <Name>George</Name>
        <Email>gweasley@hogwarts.co.uk</Email>
      </Author>
    </Authors>
    <name>Book2</name>
  </book>
  <book year="2014" isbn="ISBN83763550019---11">
    <Authors>
      <Author>
        <Name>Fred</Name>
        <Email>fweasley@hogwarts.co.uk</Email>
      </Author>
      <Author>
        <Name>George</Name>
        <Email>gweasley@hogwarts.co.uk</Email>
      </Author>
    </Authors>
    <name>Book1</name>
  </book>
  <book year="2014" isbn="ISBN83763550019---11">
    <Authors>
      <Author>
        <Name>Fred</Name>
        <Email>fweasley@hogwarts.co.uk</Email>
      </Author>
      <Author>
        <Name>George</Name>
        <Email>gweasley@hogwarts.co.uk</Email>
      </Author>
    </Authors>
    <name>Book2</name>
  </book>
  <book year="2014" isbn="ISBN83763550019---11">
    <Authors>
      <Author>
        <Name>Fred</Name>
        <Email>fweasley@hogwarts.co.uk</Email>
      </Author>
      <Author>
        <Name>George</Name>
        <Email>gweasley@hogwarts.co.uk</Email>
      </Author>
    </Authors>
    <name>Book1</name>
  </book>
  <book year="2014" isbn="ISBN83763550019---11">
    <Authors>
      <Author>
        <Name>Fred</Name>
        <Email>fweasley@hogwarts.co.uk</Email>
      </Author>
      <Author>
        <Name>George</Name>
        <Email>gweasley@hogwarts.co.uk</Email>
      </Author>
    </Authors>
    <name>Book2</name>
  </book>
  <book year="2014" isbn="ISBN83763550019---11">
    <Authors>
      <Author>
        <Name>Fred</Name>
        <Email>fweasley@hogwarts.co.uk</Email>
      </Author>
      <Author>
        <Name>George</Name>
        <Email>gweasley@hogwarts.co.uk</Email>
      </Author>
    </Authors>
    <name>Book1</name>
  </book>
  <book year="2014" isbn="ISBN83763550019---11">
    <Authors>
      <Author>
        <Name>Fred</Name>
        <Email>fweasley@hogwarts.co.uk</Email>
      </Author>
      <Author>
        <Name>George</Name>
        <Email>gweasley@hogwarts.co.uk</Email>
      </Author>
    </Authors>
    <name>Book2</name>
  </book>
  <book year="2014" isbn="ISBN83763550019---11">
    <Authors>
      <Author>
        <Name>Fred</Name>
        <Email>fweasley@hogwarts.co.uk</Email>
      </Author>
      <Author>
        <Name>George</Name>
        <Email>gweasley@hogwarts.co.uk</Email>
      </Author>
    </Authors>
    <name>Book1</name>
  </book>
  <book year="2014" isbn="ISBN83763550019---11">
    <Authors>
      <Author>
        <Name>Fred</Name>
        <Email>fweasley@hogwarts.co.uk</Email>
      </Author>
      <Author>
        <Name>George</Name>
        <Email>gweasley@hogwarts.co.uk</Email>
      </Author>
    </Authors>
    <name>Book2</name>
  </book>
  <book year="2014" isbn="ISBN83763550019---11">
    <Authors>
      <Author>
        <Name>Fred</Name>
        <Email>fweasley@hogwarts.co.uk</Email>
      </Author>
      <Author>
        <Name>George</Name>
        <Email>gweasley@hogwarts.co.uk</Email>
      </Author>
    </Authors>
    <name>Book1</name>
  </book>
  <book year="2014" isbn="ISBN83763550019---11">
    <Authors>
      <Author>
        <Name>Fred</Name>
        <Email>fweasley@hogwarts.co.uk</Email>
      </Author>
      <Author>
        <Name>George</Name>
        <Email>gweasley@hogwarts.co.uk</Email>
      </Author>
    </Authors>
    <name>Book2</name>
  </book>
  <book year="2014" isbn="ISBN83763550019---11">
    <Authors>
      <Author>
        <Name>Fred</Name>
        <Email>fweasley@hogwarts.co.uk</Email>
      </Author>
      <Author>
        <Name>George</Name>
        <Email>gweasley@hogwarts.co.uk</Email>
      </Author>
    </Authors>
    <name>Book1</name>
  </book>
  <book year="2014" isbn="ISBN83763550019---11">
    <Authors>
      <Author>
        <Name>Fred</Name>
        <Email>fweasley@hogwarts.co.uk</Email>
      </Author>
      <Author>
        <Name>George</Name>
        <Email>gweasley@hogwarts.co.uk</Email>
      </Author>
    </Authors>
    <name>Book2</name>
  </book>
  <book year="2014" isbn="ISBN83763550019---11">
    <Authors>
      <Author>
        <Name>Fred</Name>
        <Email>fweasley@hogwarts.co.uk</Email>
      </Author>
      <Author>
        <Name>George</Name>
        <Email>gweasley@hogwarts.co.uk</Email>
      </Author>
    </Authors>
    <name>Book1</name>
  </book>
  <book year="2014" isbn="ISBN83763550019---11">
    <Authors>
      <Author>
        <Name>Fred</Name>
        <Email>fweasley@hogwarts.co.uk</Email>
      </Author>
      <Author>
        <Name>George</Name>
        <Email>gweasley@hogwarts.co.uk</Email>
      </Author>
    </Authors>
    <name>Book2</name>
  </book>
  <book year="2014" isbn="ISBN83763550019---11">
    <Authors>
      <Author>
        <Name>Fred</Name>
        <Email>fweasley@hogwarts.co.uk</Email>
      </Author>
      <Author>
        <Name>George</Name>
        <Email>gweasley@hogwarts.co.uk</Email>
      </Author>
    </Authors>
    <name>Book1</name>
  </book>
  <book year="2014" isbn="ISBN83763550019---11">
    <Authors>
      <Author>
        <Name>Fred</Name>
        <Email>fweasley@hogwarts.co.uk</Email>
      </Author>
      <Author>
        <Name>George</Name>
        <Email>gweasley@hogwarts.co.uk</Email>
      </Author>
    </Authors>
    <name>Book2</name>
  </book>
  <book year="2014" isbn="ISBN83763550019---11">
    <Authors>
      <Author>
        <Name>Fred</Name>
        <Email>fweasley@hogwarts.co.uk</Email>
      </Author>
      <Author>
        <Name>George</Name>
        <Email>gweasley@hogwarts.co.uk</Email>
      </Author>
    </Authors>
    <name>Book1</name>
  </book>
  <book year="2014" isbn="ISBN83763550019---11">
    <Authors>
      <Author>
        <Name>Fred</Name>
        <Email>fweasley@hogwarts.co.uk</Email>
      </Author>
      <Author>
        <Name>George</Name>
        <Email>gweasley@hogwarts.co.uk</Email>
      </Author>
    </Authors>
    <name>Book2</name>
  </book>
  <book year="2014" isbn="ISBN83763550019---11">
    <Authors>
      <Author>
        <Name>Fred</Name>
        <Email>fweasley@hogwarts.co.uk</Email>
      </Author>
      <Author>
        <Name>George</Name>
        <Email>gweasley@hogwarts.co.uk</Email>
      </Author>
    </Authors>
    <name>Book1</name>
  </book>
  <book year="2014" isbn="ISBN83763550019---11">
    <Authors>
      <Author>
        <Name>Fred</Name>
        <Email>fweasley@hogwarts.co.uk</Email>
      </Author>
      <Author>
        <Name>George</Name>
        <Email>gweasley@hogwarts.co.uk</Email>
      </Author>
    </Authors>
    <name>Book2</name>
  </book>
  <book year="2014" isbn="ISBN83763550019---11">
    <Authors>
      <Author>
        <Name>Fred</Name>
        <Email>fweasley@hogwarts.co.uk</Email>
      </Author>
      <Author>
        <Name>George</Name>
        <Email>gweasley@hogwarts.co.uk</Email>
      </Author>
    </Authors>
    <name>Book1</name>
  </book>
  <book year="2014" isbn="ISBN83763550019---11">
    <Authors>
      <Author>
        <Name>Fred</Name>
        <Email>fweasley@hogwarts.co.uk</Email>
      </Author>
      <Author>
        <Name>George</Name>
        <Email>gweasley@hogwarts.co.uk</Email>
      </Author>
    </Authors>
    <name>Book2</name>
  </book>
  <book year="2014" isbn="ISBN83763550019---11">
    <Authors>
      <Author>
        <Name>Fred</Name>
        <Email>fweasley@hogwarts.co.uk</Email>
      </Author>
      <Author>
        <Name>George</Name>
        <Email>gweasley@hogwarts.co.uk</Email>
      </Author>
    </Authors>
    <name>Book1</name>
  </book>
  <book year="2014" isbn="ISBN83763550019---11">
    <Authors>
      <Author>
        <Name>Fred</Name>
        <Email>fweasley@hogwarts.co.uk</Email>
      </Author>
      <Author>
        <Name>George</Name>
        <Email>gweasley@hogwarts.co.uk</Email>
      </Author>
    </Authors>
    <name>Book2</name>
  </book>
  <book year="2014" isbn="ISBN83763550019---11">
    <Authors>
      <Author>
        <Name>Fred</Name>
        <Email>fweasley@hogwarts.co.uk</Email>
      </Author>
      <Author>
        <Name>George</Name>
        <Email>gweasley@hogwarts.co.uk</Email>
      </Author>
    </Authors>
    <name>Book1</name>
  </book>
  <book year="2014" isbn="ISBN83763550019---11">
    <Authors>
      <Author>
        <Name>Fred</Name>
        <Email>fweasley@hogwarts.co.uk</Email>
      </Author>
      <Author>
        <Name>George</Name>
        <Email>gweasley@hogwarts.co.uk</Email>
      </Author>
    </Authors>
    <name>Book2</name>
  </book>
  <book year="2014" isbn="ISBN83763550019---11">
    <Authors>
      <Author>
        <Name>Fred</Name>
        <Email>fweasley@hogwarts.co.uk</Email>
      </Author>
      <Author>
        <Name>George</Name>
        <Email>gweasley@hogwarts.co.uk</Email>
      </Author>
    </Authors>
    <name>Book1</name>
  </book>
  <book year="2014" isbn="ISBN83763550019---11">
    <Authors>
      <Author>
        <Name>Fred</Name>
        <Email>fweasley@hogwarts.co.uk</Email>
      </Author>
      <Author>
        <Name>George</Name>
        <Email>gweasley@hogwarts.co.uk</Email>
      </Author>
    </Authors>
    <name>Book2</name>
  </book>
  <book year="2014" isbn="ISBN83763550019---11">
    <Authors>
      <Author>
        <Name>Fred</Name>
        <Email>fweasley@hogwarts.co.uk</Email>
      </Author>
      <Author>
        <Name>George</Name>
        <Email>gweasley@hogwarts.co.uk</Email>
      </Author>
    </Authors>
    <name>Book1</name>
  </book>
  <book year="2014" isbn="ISBN83763550019---11">
    <Authors>
      <Author>
        <Name>Fred</Name>
        <Email>fweasley@hogwarts.co.uk</Email>
      </Author>
      <Author>
        <Name>George</Name>
        <Email>gweasley@hogwarts.co.uk</Email>
      </Author>
    </Authors>
    <name>Book2</name>
  </book>
  <book year="2014" isbn="ISBN83763550019---11">
    <Authors>
      <Author>
        <Name>Fred</Name>
        <Email>fweasley@hogwarts.co.uk</Email>
      </Author>
      <Author>
        <Name>George</Name>
        <Email>gweasley@hogwarts.co.uk</Email>
      </Author>
    </Authors>
    <name>Book1</name>
  </book>
  <book year="2014" isbn="ISBN83763550019---11">
    <Authors>
      <Author>
        <Name>Fred</Name>
        <Email>fweasley@hogwarts.co.uk</Email>
      </Author>
      <Author>
        <Name>George</Name>
        <Email>gweasley@hogwarts.co.uk</Email>
      </Author>
    </Authors>
    <name>Book2</name>
  </book>
  <book year="2014" isbn="ISBN83763550019---11">
    <Authors>
      <Author>
        <Name>Fred</Name>
        <Email>fweasley@hogwarts.co.uk</Email>
      </Author>
      <Author>
        <Name>George</Name>
        <Email>gweasley@hogwarts.co.uk</Email>
      </Author>
    </Authors>
    <name>Book1</name>
  </book>
  <book year="2014" isbn="ISBN83763550019---11">
    <Authors>
      <Author>
        <Name>Fred</Name>
        <Email>fweasley@hogwarts.co.uk</Email>
      </Author>
      <Author>
        <Name>George</Name>
        <Email>gweasley@hogwarts.co.uk</Email>
      </Author>
    </Authors>
    <name>Book2</name>
  </book>
  <book year="2014" isbn="ISBN83763550019---11">
    <Authors>
      <Author>
        <Name>Fred</Name>
        <Email>fweasley@hogwarts.co.uk</Email>
      </Author>
      <Author>
        <Name>George</Name>
        <Email>gweasley@hogwarts.co.uk</Email>
      </Author>
    </Authors>
    <name>Book1</name>
  </book>
  <book year="2014" isbn="ISBN83763550019---11">
    <Authors>
      <Author>
        <Name>Fred</Name>
        <Email>fweasley@hogwarts.co.uk</Email>
      </Author>
      <Author>
        <Name>George</Name>
        <Email>gweasley@hogwarts.co.uk</Email>
      </Author>
    </Authors>
    <name>Book2</name>
  </book>
  <book year="2014" isbn="ISBN83763550019---11">
    <Authors>
      <Author>
        <Name>Fred</Name>
        <Email>fweasley@hogwarts.co.uk</Email>
      </Author>
      <Author>
        <Name>George</Name>
        <Email>gweasley@hogwarts.co.uk</Email>
      </Author>
    </Authors>
    <name>Book1</name>
  </book>
  <book year="2014" isbn="ISBN83763550019---11">
    <Authors>
      <Author>
        <Name>Fred</Name>
        <Email>fweasley@hogwarts.co.uk</Email>
      </Author>
      <Author>
        <Name>George</Name>
        <Email>gweasley@hogwarts.co.uk</Email>
      </Author>
    </Authors>
    <name>Book2</name>
  </book>
  <book year="2014" isbn="ISBN83763550019---11">
    <Authors>
      <Author>
        <Name>Fred</Name>
        <Email>fweasley@hogwarts.co.uk</Email>
      </Author>
      <Author>
        <Name>George</Name>
        <Email>gweasley@hogwarts.co.uk</Email>
      </Author>
    </Authors>
    <name>Book1</name>
  </book>
  <book year="2014" isbn="ISBN83763550019---11">
    <Authors>
      <Author>
        <Name>Fred</Name>
        <Email>fweasley@hogwarts.co.uk</Email>
      </Author>
      <Author>
        <Name>George</Name>
        <Email>gweasley@hogwarts.co.uk</Email>
      </Author>
    </Authors>
    <name>Book2</name>
  </book>
  <book year="2014" isbn="ISBN83763550019---11">
    <Authors>
      <Author>
        <Name>Fred</Name>
        <Email>fweasley@hogwarts.co.uk</Email>
      </Author>
      <Author>
        <Name>George</Name>
        <Email>gweasley@hogwarts.co.uk</Email>
      </Author>
    </Authors>
    <name>Book1</name>
  </book>
  <book year="2014" isbn="ISBN83763550019---11">
    <Authors>
      <Author>
        <Name>Fred</Name>
        <Email>fweasley@hogwarts.co.uk</Email>
      </Author>
      <Author>
        <Name>George</Name>
        <Email>gweasley@hogwarts.co.uk</Email>
      </Author>
    </Authors>
    <name>Book2</name>
  </book>
  <book year="2014" isbn="ISBN83763550019---11">
    <Authors>
      <Author>
        <Name>Fred</Name>
        <Email>fweasley@hogwarts.co.uk</Email>
      </Author>
      <Author>
        <Name>George</Name>
        <Email>gweasley@hogwarts.co.uk</Email>
      </Author>
    </Authors>
    <name>Book1</name>
  </book>
  <book year="2014" isbn="ISBN83763550019---11">
    <Authors>
      <Author>
        <Name>Fred</Name>
        <Email>fweasley@hogwarts.co.uk</Email>
      </Author>
      <Author>
        <Name>George</Name>
        <Email>gweasley@hogwarts.co.uk</Email>
      </Author>
    </Authors>
    <name>Book2</name>
  </book>
  <book year="2014" isbn="ISBN83763550019---11">
    <Authors>
      <Author>
        <Name>Fred</Name>
        <Email>fweasley@hogwarts.co.uk</Email>
      </Author>
      <Author>
        <Name>George</Name>
        <Email>gweasley@hogwarts.co.uk</Email>
      </Author>
    </Authors>
    <name>Book1</name>
  </book>
  <book year="2014" isbn="ISBN83763550019---11">
    <Authors>
      <Author>
        <Name>Fred</Name>
        <Email>fweasley@hogwarts.co.uk</Email>
      </Author>
      <Author>
        <Name>George</Name>
        <Email>gweasley@hogwarts.co.uk</Email>
      </Author>
    </Authors>
    <name>Book2</name>
  </book>
  <book year="2014" isbn="ISBN83763550019---11">
    <Authors>
      <Author>
        <Name>Fred</Name>
        <Email>fweasley@hogwarts.co.uk</Email>
      </Author>
      <Author>
        <Name>George</Name>
        <Email>gweasley@hogwarts.co.uk</Email>
      </Author>
    </Authors>
    <name>Book1</name>
  </book>
  <book year="2014" isbn="ISBN83763550019---11">
    <Authors>
      <Author>
        <Name>Fred</Name>
        <Email>fweasley@hogwarts.co.uk</Email>
      </Author>
      <Author>
        <Name>George</Name>
        <Email>gweasley@hogwarts.co.uk</Email>
      </Author>
    </Authors>
    <name>Book2</name>
  </book>
  <book year="2014" isbn="ISBN83763550019---11">
    <Authors>
      <Author>
        <Name>Fred</Name>
        <Email>fweasley@hogwarts.co.uk</Email>
      </Author>
      <Author>
        <Name>George</Name>
        <Email>gweasley@hogwarts.co.uk</Email>
      </Author>
    </Authors>
    <name>Book1</name>
  </book>
  <book year="2014" isbn="ISBN83763550019---11">
    <Authors>
      <Author>
        <Name>Fred</Name>
        <Email>fweasley@hogwarts.co.uk</Email>
      </Author>
      <Author>
        <Name>George</Name>
        <Email>gweasley@hogwarts.co.uk</Email>
      </Author>
    </Authors>
    <name>Book2</name>
  </book>
  <book year="2014" isbn="ISBN83763550019---11">
    <Authors>
      <Author>
        <Name>Fred</Name>
        <Email>fweasley@hogwarts.co.uk</Email>
      </Author>
      <Author>
        <Name>George</Name>
        <Email>gweasley@hogwarts.co.uk</Email>
      </Author>
    </Authors>
    <name>Book1</name>
  </book>
  <book year="2014" isbn="ISBN83763550019---11">
    <Authors>
      <Author>
        <Name>Fred</Name>
        <Email>fweasley@hogwarts.co.uk</Email>
      </Author>
      <Author>
        <Name>George</Name>
        <Email>gweasley@hogwarts.co.uk</Email>
      </Author>
    </Authors>
    <name>Book2</name>
  </book>
  <book year="2014" isbn="ISBN83763550019---11">
    <Authors>
      <Author>
        <Name>Fred</Name>
        <Email>fweasley@hogwarts.co.uk</Email>
      </Author>
      <Author>
        <Name>George</Name>
        <Email>gweasley@hogwarts.co.uk</Email>
      </Author>
    </Authors>
    <name>Book1</name>
  </book>
  <book year="2014" isbn="ISBN83763550019---11">
    <Authors>
      <Author>
        <Name>Fred</Name>
        <Email>fweasley@hogwarts.co.uk</Email>
      </Author>
      <Author>
        <Name>George</Name>
        <Email>gweasley@hogwarts.co.uk</Email>
      </Author>
    </Authors>
    <name>Book2</name>
  </book>
  <book year="2014" isbn="ISBN83763550019---11">
    <Authors>
      <Author>
        <Name>Fred</Name>
        <Email>fweasley@hogwarts.co.uk</Email>
      </Author>
      <Author>
        <Name>George</Name>
        <Email>gweasley@hogwarts.co.uk</Email>
      </Author>
    </Authors>
    <name>Book1</name>
  </book>
  <book year="2014" isbn="ISBN83763550019---11">
    <Authors>
      <Author>
        <Name>Fred</Name>
        <Email>fweasley@hogwarts.co.uk</Email>
      </Author>
      <Author>
        <Name>George</Name>
        <Email>gweasley@hogwarts.co.uk</Email>
      </Author>
    </Authors>
    <name>Book2</name>
  </book>
  <book year="2014" isbn="ISBN83763550019---11">
    <Authors>
      <Author>
        <Name>Fred</Name>
        <Email>fweasley@hogwarts.co.uk</Email>
      </Author>
      <Author>
        <Name>George</Name>
        <Email>gweasley@hogwarts.co.uk</Email>
      </Author>
    </Authors>
    <name>Book1</name>
  </book>
  <book year="2014" isbn="ISBN83763550019---11">
    <Authors>
      <Author>
        <Name>Fred</Name>
        <Email>fweasley@hogwarts.co.uk</Email>
      </Author>
      <Author>
        <Name>George</Name>
        <Email>gweasley@hogwarts.co.uk</Email>
      </Author>
    </Authors>
    <name>Book2</name>
  </book>
  <book year="2014" isbn="ISBN83763550019---11">
    <Authors>
      <Author>
        <Name>Fred</Name>
        <Email>fweasley@hogwarts.co.uk</Email>
      </Author>
      <Author>
        <Name>George</Name>
        <Email>gweasley@hogwarts.co.uk</Email>
      </Author>
    </Authors>
    <name>Book1</name>
  </book>
  <book year="2014" isbn="ISBN83763550019---11">
    <Authors>
      <Author>
        <Name>Fred</Name>
        <Email>fweasley@hogwarts.co.uk</Email>
      </Author>
      <Author>
        <Name>George</Name>
        <Email>gweasley@hogwarts.co.uk</Email>
      </Author>
    </Authors>
    <name>Book2</name>
  </book>
  <book year="2014" isbn="ISBN83763550019---11">
    <Authors>
      <Author>
        <Name>Fred</Name>
        <Email>fweasley@hogwarts.co.uk</Email>
      </Author>
      <Author>
        <Name>George</Name>
        <Email>gweasley@hogwarts.co.uk</Email>
      </Author>
    </Authors>
    <name>Book1</name>
  </book>
  <book year="2014" isbn="ISBN83763550019---11">
    <Authors>
      <Author>
        <Name>Fred</Name>
        <Email>fweasley@hogwarts.co.uk</Email>
      </Author>
      <Author>
        <Name>George</Name>
        <Email>gweasley@hogwarts.co.uk</Email>
      </Author>
    </Authors>
    <name>Book2</name>
  </book>
  <book year="2014" isbn="ISBN83763550019---11">
    <Authors>
      <Author>
        <Name>Fred</Name>
        <Email>fweasley@hogwarts.co.uk</Email>
      </Author>
      <Author>
        <Name>George</Name>
        <Email>gweasley@hogwarts.co.uk</Email>
      </Author>
    </Authors>
    <name>Book1</name>
  </book>
  <book year="2014" isbn="ISBN83763550019---11">
    <Authors>
      <Author>
        <Name>Fred</Name>
        <Email>fweasley@hogwarts.co.uk</Email>
      </Author>
      <Author>
        <Name>George</Name>
        <Email>gweasley@hogwarts.co.uk</Email>
      </Author>
    </Authors>
    <name>Book2</name>
  </book>
  <book year="2014" isbn="ISBN83763550019---11">
    <Authors>
      <Author>
        <Name>Fred</Name>
        <Email>fweasley@hogwarts.co.uk</Email>
      </Author>
      <Author>
        <Name>George</Name>
        <Email>gweasley@hogwarts.co.uk</Email>
      </Author>
    </Authors>
    <name>Book1</name>
  </book>
  <book year="2014" isbn="ISBN83763550019---11">
    <Authors>
      <Author>
        <Name>Fred</Name>
        <Email>fweasley@hogwarts.co.uk</Email>
      </Author>
      <Author>
        <Name>George</Name>
        <Email>gweasley@hogwarts.co.uk</Email>
      </Author>
    </Authors>
    <name>Book2</name>
  </book>
  <book year="2014" isbn="ISBN83763550019---11">
    <Authors>
      <Author>
        <Name>Fred</Name>
        <Email>fweasley@hogwarts.co.uk</Email>
      </Author>
      <Author>
        <Name>George</Name>
        <Email>gweasley@hogwarts.co.uk</Email>
      </Author>
    </Authors>
    <name>Book1</name>
  </book>
  <book year="2014" isbn="ISBN83763550019---11">
    <Authors>
      <Author>
        <Name>Fred</Name>
        <Email>fweasley@hogwarts.co.uk</Email>
      </Author>
      <Author>
        <Name>George</Name>
        <Email>gweasley@hogwarts.co.uk</Email>
      </Author>
    </Authors>
    <name>Book2</name>
  </book>
  <book year="2014" isbn="ISBN83763550019---11">
    <Authors>
      <Author>
        <Name>Fred</Name>
        <Email>fweasley@hogwarts.co.uk</Email>
      </Author>
      <Author>
        <Name>George</Name>
        <Email>gweasley@hogwarts.co.uk</Email>
      </Author>
    </Authors>
    <name>Book1</name>
  </book>
  <book year="2014" isbn="ISBN83763550019---11">
    <Authors>
      <Author>
        <Name>Fred</Name>
        <Email>fweasley@hogwarts.co.uk</Email>
      </Author>
      <Author>
        <Name>George</Name>
        <Email>gweasley@hogwarts.co.uk</Email>
      </Author>
    </Authors>
    <name>Book2</name>
  </book>
  <book year="2014" isbn="ISBN83763550019---11">
    <Authors>
      <Author>
        <Name>Fred</Name>
        <Email>fweasley@hogwarts.co.uk</Email>
      </Author>
      <Author>
        <Name>George</Name>
        <Email>gweasley@hogwarts.co.uk</Email>
      </Author>
    </Authors>
    <name>Book1</name>
  </book>
  <book year="2014" isbn="ISBN83763550019---11">
    <Authors>
      <Author>
        <Name>Fred</Name>
        <Email>fweasley@hogwarts.co.uk</Email>
      </Author>
      <Author>
        <Name>George</Name>
        <Email>gweasley@hogwarts.co.uk</Email>
      </Author>
    </Authors>
    <name>Book2</name>
  </book>
  <book year="2014" isbn="ISBN83763550019---11">
    <Authors>
      <Author>
        <Name>Fred</Name>
        <Email>fweasley@hogwarts.co.uk</Email>
      </Author>
      <Author>
        <Name>George</Name>
        <Email>gweasley@hogwarts.co.uk</Email>
      </Author>
    </Authors>
    <name>Book1</name>
  </book>
  <book year="2014" isbn="ISBN83763550019---11">
    <Authors>
      <Author>
        <Name>Fred</Name>
        <Email>fweasley@hogwarts.co.uk</Email>
      </Author>
      <Author>
        <Name>George</Name>
        <Email>gweasley@hogwarts.co.uk</Email>
      </Author>
    </Authors>
    <name>Book2</name>
  </book>
  <book year="2014" isbn="ISBN83763550019---11">
    <Authors>
      <Author>
        <Name>Fred</Name>
        <Email>fweasley@hogwarts.co.uk</Email>
      </Author>
      <Author>
        <Name>George</Name>
        <Email>gweasley@hogwarts.co.uk</Email>
      </Author>
    </Authors>
    <name>Book1</name>
  </book>
  <book year="2014" isbn="ISBN83763550019---11">
    <Authors>
      <Author>
        <Name>Fred</Name>
        <Email>fweasley@hogwarts.co.uk</Email>
      </Author>
      <Author>
        <Name>George</Name>
        <Email>gweasley@hogwarts.co.uk</Email>
      </Author>
    </Authors>
    <name>Book2</name>
  </book>
  <book year="2014" isbn="ISBN83763550019---11">
    <Authors>
      <Author>
        <Name>Fred</Name>
        <Email>fweasley@hogwarts.co.uk</Email>
      </Author>
      <Author>
        <Name>George</Name>
        <Email>gweasley@hogwarts.co.uk</Email>
      </Author>
    </Authors>
    <name>Book1</name>
  </book>
  <book year="2014" isbn="ISBN83763550019---11">
    <Authors>
      <Author>
        <Name>Fred</Name>
        <Email>fweasley@hogwarts.co.uk</Email>
      </Author>
      <Author>
        <Name>George</Name>
        <Email>gweasley@hogwarts.co.uk</Email>
      </Author>
    </Authors>
    <name>Book2</name>
  </book>
  <book year="2014" isbn="ISBN83763550019---11">
    <Authors>
      <Author>
        <Name>Fred</Name>
        <Email>fweasley@hogwarts.co.uk</Email>
      </Author>
      <Author>
        <Name>George</Name>
        <Email>gweasley@hogwarts.co.uk</Email>
      </Author>
    </Authors>
    <name>Book1</name>
  </book>
  <book year="2014" isbn="ISBN83763550019---11">
    <Authors>
      <Author>
        <Name>Fred</Name>
        <Email>fweasley@hogwarts.co.uk</Email>
      </Author>
      <Author>
        <Name>George</Name>
        <Email>gweasley@hogwarts.co.uk</Email>
      </Author>
    </Authors>
    <name>Book2</name>
  </book>
  <book year="2014" isbn="ISBN83763550019---11">
    <Authors>
      <Author>
        <Name>Fred</Name>
        <Email>fweasley@hogwarts.co.uk</Email>
      </Author>
      <Author>
        <Name>George</Name>
        <Email>gweasley@hogwarts.co.uk</Email>
      </Author>
    </Authors>
    <name>Book1</name>
  </book>
  <book year="2014" isbn="ISBN83763550019---11">
    <Authors>
      <Author>
        <Name>Fred</Name>
        <Email>fweasley@hogwarts.co.uk</Email>
      </Author>
      <Author>
        <Name>George</Name>
        <Email>gweasley@hogwarts.co.uk</Email>
      </Author>
    </Authors>
    <name>Book2</name>
  </book>
  <book year="2014" isbn="ISBN83763550019---11">
    <Authors>
      <Author>
        <Name>Fred</Name>
        <Email>fweasley@hogwarts.co.uk</Email>
      </Author>
      <Author>
        <Name>George</Name>
        <Email>gweasley@hogwarts.co.uk</Email>
      </Author>
    </Authors>
    <name>Book1</name>
  </book>
  <book year="2014" isbn="ISBN83763550019---11">
    <Authors>
      <Author>
        <Name>Fred</Name>
        <Email>fweasley@hogwarts.co.uk</Email>
      </Author>
      <Author>
        <Name>George</Name>
        <Email>gweasley@hogwarts.co.uk</Email>
      </Author>
    </Authors>
    <name>Book2</name>
  </book>
  <book year="2014" isbn="ISBN83763550019---11">
    <Authors>
      <Author>
        <Name>Fred</Name>
        <Email>fweasley@hogwarts.co.uk</Email>
      </Author>
      <Author>
        <Name>George</Name>
        <Email>gweasley@hogwarts.co.uk</Email>
      </Author>
    </Authors>
    <name>Book1</name>
  </book>
  <book year="2014" isbn="ISBN83763550019---11">
    <Authors>
      <Author>
        <Name>Fred</Name>
        <Email>fweasley@hogwarts.co.uk</Email>
      </Author>
      <Author>
        <Name>George</Name>
        <Email>gweasley@hogwarts.co.uk</Email>
      </Author>
    </Authors>
    <name>Book2</name>
  </book>
  <book year="2014" isbn="ISBN83763550019---11">
    <Authors>
      <Author>
        <Name>Fred</Name>
        <Email>fweasley@hogwarts.co.uk</Email>
      </Author>
      <Author>
        <Name>George</Name>
        <Email>gweasley@hogwarts.co.uk</Email>
      </Author>
    </Authors>
    <name>Book1</name>
  </book>
  <book year="2014" isbn="ISBN83763550019---11">
    <Authors>
      <Author>
        <Name>Fred</Name>
        <Email>fweasley@hogwarts.co.uk</Email>
      </Author>
      <Author>
        <Name>George</Name>
        <Email>gweasley@hogwarts.co.uk</Email>
      </Author>
    </Authors>
    <name>Book2</name>
  </book>
  <book year="2014" isbn="ISBN83763550019---11">
    <Authors>
      <Author>
        <Name>Fred</Name>
        <Email>fweasley@hogwarts.co.uk</Email>
      </Author>
      <Author>
        <Name>George</Name>
        <Email>gweasley@hogwarts.co.uk</Email>
      </Author>
    </Authors>
    <name>Book1</name>
  </book>
  <book year="2014" isbn="ISBN83763550019---11">
    <Authors>
      <Author>
        <Name>Fred</Name>
        <Email>fweasley@hogwarts.co.uk</Email>
      </Author>
      <Author>
        <Name>George</Name>
        <Email>gweasley@hogwarts.co.uk</Email>
      </Author>
    </Authors>
    <name>Book2</name>
  </book>
  <book year="2014" isbn="ISBN83763550019---11">
    <Authors>
      <Author>
        <Name>Fred</Name>
        <Email>fweasley@hogwarts.co.uk</Email>
      </Author>
      <Author>
        <Name>George</Name>
        <Email>gweasley@hogwarts.co.uk</Email>
      </Author>
    </Authors>
    <name>Book1</name>
  </book>
  <book year="2014" isbn="ISBN83763550019---11">
    <Authors>
      <Author>
        <Name>Fred</Name>
        <Email>fweasley@hogwarts.co.uk</Email>
      </Author>
      <Author>
        <Name>George</Name>
        <Email>gweasley@hogwarts.co.uk</Email>
      </Author>
    </Authors>
    <name>Book2</name>
  </book>
  <book year="2014" isbn="ISBN83763550019---11">
    <Authors>
      <Author>
        <Name>Fred</Name>
        <Email>fweasley@hogwarts.co.uk</Email>
      </Author>
      <Author>
        <Name>George</Name>
        <Email>gweasley@hogwarts.co.uk</Email>
      </Author>
    </Authors>
    <name>Book1</name>
  </book>
  <book year="2014" isbn="ISBN83763550019---11">
    <Authors>
      <Author>
        <Name>Fred</Name>
        <Email>fweasley@hogwarts.co.uk</Email>
      </Author>
      <Author>
        <Name>George</Name>
        <Email>gweasley@hogwarts.co.uk</Email>
      </Author>
    </Authors>
    <name>Book2</name>
  </book>
  <book year="2014" isbn="ISBN83763550019---11">
    <Authors>
      <Author>
        <Name>Fred</Name>
        <Email>fweasley@hogwarts.co.uk</Email>
      </Author>
      <Author>
        <Name>George</Name>
        <Email>gweasley@hogwarts.co.uk</Email>
      </Author>
    </Authors>
    <name>Book1</name>
  </book>
  <book year="2014" isbn="ISBN83763550019---11">
    <Authors>
      <Author>
        <Name>Fred</Name>
        <Email>fweasley@hogwarts.co.uk</Email>
      </Author>
      <Author>
        <Name>George</Name>
        <Email>gweasley@hogwarts.co.uk</Email>
      </Author>
    </Authors>
    <name>Book2</name>
  </book>
  <book year="2014" isbn="ISBN83763550019---11">
    <Authors>
      <Author>
        <Name>Fred</Name>
        <Email>fweasley@hogwarts.co.uk</Email>
      </Author>
      <Author>
        <Name>George</Name>
        <Email>gweasley@hogwarts.co.uk</Email>
      </Author>
    </Authors>
    <name>Book1</name>
  </book>
  <book year="2014" isbn="ISBN83763550019---11">
    <Authors>
      <Author>
        <Name>Fred</Name>
        <Email>fweasley@hogwarts.co.uk</Email>
      </Author>
      <Author>
        <Name>George</Name>
        <Email>gweasley@hogwarts.co.uk</Email>
      </Author>
    </Authors>
    <name>Book2</name>
  </book>
  <book year="2014" isbn="ISBN83763550019---11">
    <Authors>
      <Author>
        <Name>Fred</Name>
        <Email>fweasley@hogwarts.co.uk</Email>
      </Author>
      <Author>
        <Name>George</Name>
        <Email>gweasley@hogwarts.co.uk</Email>
      </Author>
    </Authors>
    <name>Book1</name>
  </book>
  <book year="2014" isbn="ISBN83763550019---11">
    <Authors>
      <Author>
        <Name>Fred</Name>
        <Email>fweasley@hogwarts.co.uk</Email>
      </Author>
      <Author>
        <Name>George</Name>
        <Email>gweasley@hogwarts.co.uk</Email>
      </Author>
    </Authors>
    <name>Book2</name>
  </book>
  <book year="2014" isbn="ISBN83763550019---11">
    <Authors>
      <Author>
        <Name>Fred</Name>
        <Email>fweasley@hogwarts.co.uk</Email>
      </Author>
      <Author>
        <Name>George</Name>
        <Email>gweasley@hogwarts.co.uk</Email>
      </Author>
    </Authors>
    <name>Book1</name>
  </book>
  <book year="2014" isbn="ISBN83763550019---11">
    <Authors>
      <Author>
        <Name>Fred</Name>
        <Email>fweasley@hogwarts.co.uk</Email>
      </Author>
      <Author>
        <Name>George</Name>
        <Email>gweasley@hogwarts.co.uk</Email>
      </Author>
    </Authors>
    <name>Book2</name>
  </book>
  <book year="2014" isbn="ISBN83763550019---11">
    <Authors>
      <Author>
        <Name>Fred</Name>
        <Email>fweasley@hogwarts.co.uk</Email>
      </Author>
      <Author>
        <Name>George</Name>
        <Email>gweasley@hogwarts.co.uk</Email>
      </Author>
    </Authors>
    <name>Book1</name>
  </book>
  <book year="2014" isbn="ISBN83763550019---11">
    <Authors>
      <Author>
        <Name>Fred</Name>
        <Email>fweasley@hogwarts.co.uk</Email>
      </Author>
      <Author>
        <Name>George</Name>
        <Email>gweasley@hogwarts.co.uk</Email>
      </Author>
    </Authors>
    <name>Book2</name>
  </book>
  <book year="2014" isbn="ISBN83763550019---11">
    <Authors>
      <Author>
        <Name>Fred</Name>
        <Email>fweasley@hogwarts.co.uk</Email>
      </Author>
      <Author>
        <Name>George</Name>
        <Email>gweasley@hogwarts.co.uk</Email>
      </Author>
    </Authors>
    <name>Book1</name>
  </book>
  <book year="2014" isbn="ISBN83763550019---11">
    <Authors>
      <Author>
        <Name>Fred</Name>
        <Email>fweasley@hogwarts.co.uk</Email>
      </Author>
      <Author>
        <Name>George</Name>
        <Email>gweasley@hogwarts.co.uk</Email>
      </Author>
    </Authors>
    <name>Book2</name>
  </book>
  <book year="2014" isbn="ISBN83763550019---11">
    <Authors>
      <Author>
        <Name>Fred</Name>
        <Email>fweasley@hogwarts.co.uk</Email>
      </Author>
      <Author>
        <Name>George</Name>
        <Email>gweasley@hogwarts.co.uk</Email>
      </Author>
    </Authors>
    <name>Book1</name>
  </book>
  <book year="2014" isbn="ISBN83763550019---11">
    <Authors>
      <Author>
        <Name>Fred</Name>
        <Email>fweasley@hogwarts.co.uk</Email>
      </Author>
      <Author>
        <Name>George</Name>
        <Email>gweasley@hogwarts.co.uk</Email>
      </Author>
    </Authors>
    <name>Book2</name>
  </book>
  <book year="2014" isbn="ISBN83763550019---11">
    <Authors>
      <Author>
        <Name>Fred</Name>
        <Email>fweasley@hogwarts.co.uk</Email>
      </Author>
      <Author>
        <Name>George</Name>
        <Email>gweasley@hogwarts.co.uk</Email>
      </Author>
    </Authors>
    <name>Book1</name>
  </book>
  <book year="2014" isbn="ISBN83763550019---11">
    <Authors>
      <Author>
        <Name>Fred</Name>
        <Email>fweasley@hogwarts.co.uk</Email>
      </Author>
      <Author>
        <Name>George</Name>
        <Email>gweasley@hogwarts.co.uk</Email>
      </Author>
    </Authors>
    <name>Book2</name>
  </book>
  <book year="2014" isbn="ISBN83763550019---11">
    <Authors>
      <Author>
        <Name>Fred</Name>
        <Email>fweasley@hogwarts.co.uk</Email>
      </Author>
      <Author>
        <Name>George</Name>
        <Email>gweasley@hogwarts.co.uk</Email>
      </Author>
    </Authors>
    <name>Book1</name>
  </book>
  <book year="2014" isbn="ISBN83763550019---11">
    <Authors>
      <Author>
        <Name>Fred</Name>
        <Email>fweasley@hogwarts.co.uk</Email>
      </Author>
      <Author>
        <Name>George</Name>
        <Email>gweasley@hogwarts.co.uk</Email>
      </Author>
    </Authors>
    <name>Book2</name>
  </book>
  <book year="2014" isbn="ISBN83763550019---11">
    <Authors>
      <Author>
        <Name>Fred</Name>
        <Email>fweasley@hogwarts.co.uk</Email>
      </Author>
      <Author>
        <Name>George</Name>
        <Email>gweasley@hogwarts.co.uk</Email>
      </Author>
    </Authors>
    <name>Book1</name>
  </book>
  <book year="2014" isbn="ISBN83763550019---11">
    <Authors>
      <Author>
        <Name>Fred</Name>
        <Email>fweasley@hogwarts.co.uk</Email>
      </Author>
      <Author>
        <Name>George</Name>
        <Email>gweasley@hogwarts.co.uk</Email>
      </Author>
    </Authors>
    <name>Book2</name>
  </book>
  <book year="2014" isbn="ISBN83763550019---11">
    <Authors>
      <Author>
        <Name>Fred</Name>
        <Email>fweasley@hogwarts.co.uk</Email>
      </Author>
      <Author>
        <Name>George</Name>
        <Email>gweasley@hogwarts.co.uk</Email>
      </Author>
    </Authors>
    <name>Book1</name>
  </book>
  <book year="2014" isbn="ISBN83763550019---11">
    <Authors>
      <Author>
        <Name>Fred</Name>
        <Email>fweasley@hogwarts.co.uk</Email>
      </Author>
      <Author>
        <Name>George</Name>
        <Email>gweasley@hogwarts.co.uk</Email>
      </Author>
    </Authors>
    <name>Book2</name>
  </book>
  <book year="2014" isbn="ISBN83763550019---11">
    <Authors>
      <Author>
        <Name>Fred</Name>
        <Email>fweasley@hogwarts.co.uk</Email>
      </Author>
      <Author>
        <Name>George</Name>
        <Email>gweasley@hogwarts.co.uk</Email>
      </Author>
    </Authors>
    <name>Book1</name>
  </book>
  <book year="2014" isbn="ISBN83763550019---11">
    <Authors>
      <Author>
        <Name>Fred</Name>
        <Email>fweasley@hogwarts.co.uk</Email>
      </Author>
      <Author>
        <Name>George</Name>
        <Email>gweasley@hogwarts.co.uk</Email>
      </Author>
    </Authors>
    <name>Book2</name>
  </book>
  <book year="2014" isbn="ISBN83763550019---11">
    <Authors>
      <Author>
        <Name>Fred</Name>
        <Email>fweasley@hogwarts.co.uk</Email>
      </Author>
      <Author>
        <Name>George</Name>
        <Email>gweasley@hogwarts.co.uk</Email>
      </Author>
    </Authors>
    <name>Book1</name>
  </book>
  <book year="2014" isbn="ISBN83763550019---11">
    <Authors>
      <Author>
        <Name>Fred</Name>
        <Email>fweasley@hogwarts.co.uk</Email>
      </Author>
      <Author>
        <Name>George</Name>
        <Email>gweasley@hogwarts.co.uk</Email>
      </Author>
    </Authors>
    <name>Book2</name>
  </book>
  <book year="2014" isbn="ISBN83763550019---11">
    <Authors>
      <Author>
        <Name>Fred</Name>
        <Email>fweasley@hogwarts.co.uk</Email>
      </Author>
      <Author>
        <Name>George</Name>
        <Email>gweasley@hogwarts.co.uk</Email>
      </Author>
    </Authors>
    <name>Book1</name>
  </book>
  <book year="2014" isbn="ISBN83763550019---11">
    <Authors>
      <Author>
        <Name>Fred</Name>
        <Email>fweasley@hogwarts.co.uk</Email>
      </Author>
      <Author>
        <Name>George</Name>
        <Email>gweasley@hogwarts.co.uk</Email>
      </Author>
    </Authors>
    <name>Book2</name>
  </book>
  <book year="2014" isbn="ISBN83763550019---11">
    <Authors>
      <Author>
        <Name>Fred</Name>
        <Email>fweasley@hogwarts.co.uk</Email>
      </Author>
      <Author>
        <Name>George</Name>
        <Email>gweasley@hogwarts.co.uk</Email>
      </Author>
    </Authors>
    <name>Book1</name>
  </book>
  <book year="2014" isbn="ISBN83763550019---11">
    <Authors>
      <Author>
        <Name>Fred</Name>
        <Email>fweasley@hogwarts.co.uk</Email>
      </Author>
      <Author>
        <Name>George</Name>
        <Email>gweasley@hogwarts.co.uk</Email>
      </Author>
    </Authors>
    <name>Book2</name>
  </book>
  <book year="2014" isbn="ISBN83763550019---11">
    <Authors>
      <Author>
        <Name>Fred</Name>
        <Email>fweasley@hogwarts.co.uk</Email>
      </Author>
      <Author>
        <Name>George</Name>
        <Email>gweasley@hogwarts.co.uk</Email>
      </Author>
    </Authors>
    <name>Book1</name>
  </book>
  <book year="2014" isbn="ISBN83763550019---11">
    <Authors>
      <Author>
        <Name>Fred</Name>
        <Email>fweasley@hogwarts.co.uk</Email>
      </Author>
      <Author>
        <Name>George</Name>
        <Email>gweasley@hogwarts.co.uk</Email>
      </Author>
    </Authors>
    <name>Book2</name>
  </book>
  <book year="2014" isbn="ISBN83763550019---11">
    <Authors>
      <Author>
        <Name>Fred</Name>
        <Email>fweasley@hogwarts.co.uk</Email>
      </Author>
      <Author>
        <Name>George</Name>
        <Email>gweasley@hogwarts.co.uk</Email>
      </Author>
    </Authors>
    <name>Book1</name>
  </book>
  <book year="2014" isbn="ISBN83763550019---11">
    <Authors>
      <Author>
        <Name>Fred</Name>
        <Email>fweasley@hogwarts.co.uk</Email>
      </Author>
      <Author>
        <Name>George</Name>
        <Email>gweasley@hogwarts.co.uk</Email>
      </Author>
    </Authors>
    <name>Book2</name>
  </book>
  <book year="2014" isbn="ISBN83763550019---11">
    <Authors>
      <Author>
        <Name>Fred</Name>
        <Email>fweasley@hogwarts.co.uk</Email>
      </Author>
      <Author>
        <Name>George</Name>
        <Email>gweasley@hogwarts.co.uk</Email>
      </Author>
    </Authors>
    <name>Book1</name>
  </book>
  <book year="2014" isbn="ISBN83763550019---11">
    <Authors>
      <Author>
        <Name>Fred</Name>
        <Email>fweasley@hogwarts.co.uk</Email>
      </Author>
      <Author>
        <Name>George</Name>
        <Email>gweasley@hogwarts.co.uk</Email>
      </Author>
    </Authors>
    <name>Book2</name>
  </book>
  <book year="2014" isbn="ISBN83763550019---11">
    <Authors>
      <Author>
        <Name>Fred</Name>
        <Email>fweasley@hogwarts.co.uk</Email>
      </Author>
      <Author>
        <Name>George</Name>
        <Email>gweasley@hogwarts.co.uk</Email>
      </Author>
    </Authors>
    <name>Book1</name>
  </book>
  <book year="2014" isbn="ISBN83763550019---11">
    <Authors>
      <Author>
        <Name>Fred</Name>
        <Email>fweasley@hogwarts.co.uk</Email>
      </Author>
      <Author>
        <Name>George</Name>
        <Email>gweasley@hogwarts.co.uk</Email>
      </Author>
    </Authors>
    <name>Book2</name>
  </book>
  <book year="2014" isbn="ISBN83763550019---11">
    <Authors>
      <Author>
        <Name>Fred</Name>
        <Email>fweasley@hogwarts.co.uk</Email>
      </Author>
      <Author>
        <Name>George</Name>
        <Email>gweasley@hogwarts.co.uk</Email>
      </Author>
    </Authors>
    <name>Book1</name>
  </book>
  <book year="2014" isbn="ISBN83763550019---11">
    <Authors>
      <Author>
        <Name>Fred</Name>
        <Email>fweasley@hogwarts.co.uk</Email>
      </Author>
      <Author>
        <Name>George</Name>
        <Email>gweasley@hogwarts.co.uk</Email>
      </Author>
    </Authors>
    <name>Book2</name>
  </book>
  <book year="2014" isbn="ISBN83763550019---11">
    <Authors>
      <Author>
        <Name>Fred</Name>
        <Email>fweasley@hogwarts.co.uk</Email>
      </Author>
      <Author>
        <Name>George</Name>
        <Email>gweasley@hogwarts.co.uk</Email>
      </Author>
    </Authors>
    <name>Book1</name>
  </book>
  <book year="2014" isbn="ISBN83763550019---11">
    <Authors>
      <Author>
        <Name>Fred</Name>
        <Email>fweasley@hogwarts.co.uk</Email>
      </Author>
      <Author>
        <Name>George</Name>
        <Email>gweasley@hogwarts.co.uk</Email>
      </Author>
    </Authors>
    <name>Book2</name>
  </book>
  <book year="2014" isbn="ISBN83763550019---11">
    <Authors>
      <Author>
        <Name>Fred</Name>
        <Email>fweasley@hogwarts.co.uk</Email>
      </Author>
      <Author>
        <Name>George</Name>
        <Email>gweasley@hogwarts.co.uk</Email>
      </Author>
    </Authors>
    <name>Book1</name>
  </book>
  <book year="2014" isbn="ISBN83763550019---11">
    <Authors>
      <Author>
        <Name>Fred</Name>
        <Email>fweasley@hogwarts.co.uk</Email>
      </Author>
      <Author>
        <Name>George</Name>
        <Email>gweasley@hogwarts.co.uk</Email>
      </Author>
    </Authors>
    <name>Book2</name>
  </book>
  <book year="2014" isbn="ISBN83763550019---11">
    <Authors>
      <Author>
        <Name>Fred</Name>
        <Email>fweasley@hogwarts.co.uk</Email>
      </Author>
      <Author>
        <Name>George</Name>
        <Email>gweasley@hogwarts.co.uk</Email>
      </Author>
    </Authors>
    <name>Book1</name>
  </book>
  <book year="2014" isbn="ISBN83763550019---11">
    <Authors>
      <Author>
        <Name>Fred</Name>
        <Email>fweasley@hogwarts.co.uk</Email>
      </Author>
      <Author>
        <Name>George</Name>
        <Email>gweasley@hogwarts.co.uk</Email>
      </Author>
    </Authors>
    <name>Book2</name>
  </book>
  <book year="2014" isbn="ISBN83763550019---11">
    <Authors>
      <Author>
        <Name>Fred</Name>
        <Email>fweasley@hogwarts.co.uk</Email>
      </Author>
      <Author>
        <Name>George</Name>
        <Email>gweasley@hogwarts.co.uk</Email>
      </Author>
    </Authors>
    <name>Book1</name>
  </book>
  <book year="2014" isbn="ISBN83763550019---11">
    <Authors>
      <Author>
        <Name>Fred</Name>
        <Email>fweasley@hogwarts.co.uk</Email>
      </Author>
      <Author>
        <Name>George</Name>
        <Email>gweasley@hogwarts.co.uk</Email>
      </Author>
    </Authors>
    <name>Book2</name>
  </book>
  <book year="2014" isbn="ISBN83763550019---11">
    <Authors>
      <Author>
        <Name>Fred</Name>
        <Email>fweasley@hogwarts.co.uk</Email>
      </Author>
      <Author>
        <Name>George</Name>
        <Email>gweasley@hogwarts.co.uk</Email>
      </Author>
    </Authors>
    <name>Book1</name>
  </book>
  <book year="2014" isbn="ISBN83763550019---11">
    <Authors>
      <Author>
        <Name>Fred</Name>
        <Email>fweasley@hogwarts.co.uk</Email>
      </Author>
      <Author>
        <Name>George</Name>
        <Email>gweasley@hogwarts.co.uk</Email>
      </Author>
    </Authors>
    <name>Book2</name>
  </book>
  <book year="2014" isbn="ISBN83763550019---11">
    <Authors>
      <Author>
        <Name>Fred</Name>
        <Email>fweasley@hogwarts.co.uk</Email>
      </Author>
      <Author>
        <Name>George</Name>
        <Email>gweasley@hogwarts.co.uk</Email>
      </Author>
    </Authors>
    <name>Book1</name>
  </book>
  <book year="2014" isbn="ISBN83763550019---11">
    <Authors>
      <Author>
        <Name>Fred</Name>
        <Email>fweasley@hogwarts.co.uk</Email>
      </Author>
      <Author>
        <Name>George</Name>
        <Email>gweasley@hogwarts.co.uk</Email>
      </Author>
    </Authors>
    <name>Book2</name>
  </book>
  <book year="2014" isbn="ISBN83763550019---11">
    <Authors>
      <Author>
        <Name>Fred</Name>
        <Email>fweasley@hogwarts.co.uk</Email>
      </Author>
      <Author>
        <Name>George</Name>
        <Email>gweasley@hogwarts.co.uk</Email>
      </Author>
    </Authors>
    <name>Book1</name>
  </book>
  <book year="2014" isbn="ISBN83763550019---11">
    <Authors>
      <Author>
        <Name>Fred</Name>
        <Email>fweasley@hogwarts.co.uk</Email>
      </Author>
      <Author>
        <Name>George</Name>
        <Email>gweasley@hogwarts.co.uk</Email>
      </Author>
    </Authors>
    <name>Book2</name>
  </book>
  <book year="2014" isbn="ISBN83763550019---11">
    <Authors>
      <Author>
        <Name>Fred</Name>
        <Email>fweasley@hogwarts.co.uk</Email>
      </Author>
      <Author>
        <Name>George</Name>
        <Email>gweasley@hogwarts.co.uk</Email>
      </Author>
    </Authors>
    <name>Book1</name>
  </book>
  <book year="2014" isbn="ISBN83763550019---11">
    <Authors>
      <Author>
        <Name>Fred</Name>
        <Email>fweasley@hogwarts.co.uk</Email>
      </Author>
      <Author>
        <Name>George</Name>
        <Email>gweasley@hogwarts.co.uk</Email>
      </Author>
    </Authors>
    <name>Book2</name>
  </book>
  <book year="2014" isbn="ISBN83763550019---11">
    <Authors>
      <Author>
        <Name>Fred</Name>
        <Email>fweasley@hogwarts.co.uk</Email>
      </Author>
      <Author>
        <Name>George</Name>
        <Email>gweasley@hogwarts.co.uk</Email>
      </Author>
    </Authors>
    <name>Book1</name>
  </book>
  <book year="2014" isbn="ISBN83763550019---11">
    <Authors>
      <Author>
        <Name>Fred</Name>
        <Email>fweasley@hogwarts.co.uk</Email>
      </Author>
      <Author>
        <Name>George</Name>
        <Email>gweasley@hogwarts.co.uk</Email>
      </Author>
    </Authors>
    <name>Book2</name>
  </book>
  <book year="2014" isbn="ISBN83763550019---11">
    <Authors>
      <Author>
        <Name>Fred</Name>
        <Email>fweasley@hogwarts.co.uk</Email>
      </Author>
      <Author>
        <Name>George</Name>
        <Email>gweasley@hogwarts.co.uk</Email>
      </Author>
    </Authors>
    <name>Book1</name>
  </book>
  <book year="2014" isbn="ISBN83763550019---11">
    <Authors>
      <Author>
        <Name>Fred</Name>
        <Email>fweasley@hogwarts.co.uk</Email>
      </Author>
      <Author>
        <Name>George</Name>
        <Email>gweasley@hogwarts.co.uk</Email>
      </Author>
    </Authors>
    <name>Book2</name>
  </book>
  <book year="2014" isbn="ISBN83763550019---11">
    <Authors>
      <Author>
        <Name>Fred</Name>
        <Email>fweasley@hogwarts.co.uk</Email>
      </Author>
      <Author>
        <Name>George</Name>
        <Email>gweasley@hogwarts.co.uk</Email>
      </Author>
    </Authors>
    <name>Book1</name>
  </book>
  <book year="2014" isbn="ISBN83763550019---11">
    <Authors>
      <Author>
        <Name>Fred</Name>
        <Email>fweasley@hogwarts.co.uk</Email>
      </Author>
      <Author>
        <Name>George</Name>
        <Email>gweasley@hogwarts.co.uk</Email>
      </Author>
    </Authors>
    <name>Book2</name>
  </book>
  <book year="2014" isbn="ISBN83763550019---11">
    <Authors>
      <Author>
        <Name>Fred</Name>
        <Email>fweasley@hogwarts.co.uk</Email>
      </Author>
      <Author>
        <Name>George</Name>
        <Email>gweasley@hogwarts.co.uk</Email>
      </Author>
    </Authors>
    <name>Book1</name>
  </book>
  <book year="2014" isbn="ISBN83763550019---11">
    <Authors>
      <Author>
        <Name>Fred</Name>
        <Email>fweasley@hogwarts.co.uk</Email>
      </Author>
      <Author>
        <Name>George</Name>
        <Email>gweasley@hogwarts.co.uk</Email>
      </Author>
    </Authors>
    <name>Book2</name>
  </book>
  <book year="2014" isbn="ISBN83763550019---11">
    <Authors>
      <Author>
        <Name>Fred</Name>
        <Email>fweasley@hogwarts.co.uk</Email>
      </Author>
      <Author>
        <Name>George</Name>
        <Email>gweasley@hogwarts.co.uk</Email>
      </Author>
    </Authors>
    <name>Book1</name>
  </book>
  <book year="2014" isbn="ISBN83763550019---11">
    <Authors>
      <Author>
        <Name>Fred</Name>
        <Email>fweasley@hogwarts.co.uk</Email>
      </Author>
      <Author>
        <Name>George</Name>
        <Email>gweasley@hogwarts.co.uk</Email>
      </Author>
    </Authors>
    <name>Book2</name>
  </book>
  <book year="2014" isbn="ISBN83763550019---11">
    <Authors>
      <Author>
        <Name>Fred</Name>
        <Email>fweasley@hogwarts.co.uk</Email>
      </Author>
      <Author>
        <Name>George</Name>
        <Email>gweasley@hogwarts.co.uk</Email>
      </Author>
    </Authors>
    <name>Book1</name>
  </book>
  <book year="2014" isbn="ISBN83763550019---11">
    <Authors>
      <Author>
        <Name>Fred</Name>
        <Email>fweasley@hogwarts.co.uk</Email>
      </Author>
      <Author>
        <Name>George</Name>
        <Email>gweasley@hogwarts.co.uk</Email>
      </Author>
    </Authors>
    <name>Book2</name>
  </book>
  <book year="2014" isbn="ISBN83763550019---11">
    <Authors>
      <Author>
        <Name>Fred</Name>
        <Email>fweasley@hogwarts.co.uk</Email>
      </Author>
      <Author>
        <Name>George</Name>
        <Email>gweasley@hogwarts.co.uk</Email>
      </Author>
    </Authors>
    <name>Book1</name>
  </book>
  <book year="2014" isbn="ISBN83763550019---11">
    <Authors>
      <Author>
        <Name>Fred</Name>
        <Email>fweasley@hogwarts.co.uk</Email>
      </Author>
      <Author>
        <Name>George</Name>
        <Email>gweasley@hogwarts.co.uk</Email>
      </Author>
    </Authors>
    <name>Book2</name>
  </book>
  <book year="2014" isbn="ISBN83763550019---11">
    <Authors>
      <Author>
        <Name>Fred</Name>
        <Email>fweasley@hogwarts.co.uk</Email>
      </Author>
      <Author>
        <Name>George</Name>
        <Email>gweasley@hogwarts.co.uk</Email>
      </Author>
    </Authors>
    <name>Book1</name>
  </book>
  <book year="2014" isbn="ISBN83763550019---11">
    <Authors>
      <Author>
        <Name>Fred</Name>
        <Email>fweasley@hogwarts.co.uk</Email>
      </Author>
      <Author>
        <Name>George</Name>
        <Email>gweasley@hogwarts.co.uk</Email>
      </Author>
    </Authors>
    <name>Book2</name>
  </book>
  <book year="2014" isbn="ISBN83763550019---11">
    <Authors>
      <Author>
        <Name>Fred</Name>
        <Email>fweasley@hogwarts.co.uk</Email>
      </Author>
      <Author>
        <Name>George</Name>
        <Email>gweasley@hogwarts.co.uk</Email>
      </Author>
    </Authors>
    <name>Book1</name>
  </book>
  <book year="2014" isbn="ISBN83763550019---11">
    <Authors>
      <Author>
        <Name>Fred</Name>
        <Email>fweasley@hogwarts.co.uk</Email>
      </Author>
      <Author>
        <Name>George</Name>
        <Email>gweasley@hogwarts.co.uk</Email>
      </Author>
    </Authors>
    <name>Book2</name>
  </book>
  <book year="2014" isbn="ISBN83763550019---11">
    <Authors>
      <Author>
        <Name>Fred</Name>
        <Email>fweasley@hogwarts.co.uk</Email>
      </Author>
      <Author>
        <Name>George</Name>
        <Email>gweasley@hogwarts.co.uk</Email>
      </Author>
    </Authors>
    <name>Book1</name>
  </book>
  <book year="2014" isbn="ISBN83763550019---11">
    <Authors>
      <Author>
        <Name>Fred</Name>
        <Email>fweasley@hogwarts.co.uk</Email>
      </Author>
      <Author>
        <Name>George</Name>
        <Email>gweasley@hogwarts.co.uk</Email>
      </Author>
    </Authors>
    <name>Book2</name>
  </book>
  <book year="2014" isbn="ISBN83763550019---11">
    <Authors>
      <Author>
        <Name>Fred</Name>
        <Email>fweasley@hogwarts.co.uk</Email>
      </Author>
      <Author>
        <Name>George</Name>
        <Email>gweasley@hogwarts.co.uk</Email>
      </Author>
    </Authors>
    <name>Book1</name>
  </book>
  <book year="2014" isbn="ISBN83763550019---11">
    <Authors>
      <Author>
        <Name>Fred</Name>
        <Email>fweasley@hogwarts.co.uk</Email>
      </Author>
      <Author>
        <Name>George</Name>
        <Email>gweasley@hogwarts.co.uk</Email>
      </Author>
    </Authors>
    <name>Book2</name>
  </book>
  <book year="2014" isbn="ISBN83763550019---11">
    <Authors>
      <Author>
        <Name>Fred</Name>
        <Email>fweasley@hogwarts.co.uk</Email>
      </Author>
      <Author>
        <Name>George</Name>
        <Email>gweasley@hogwarts.co.uk</Email>
      </Author>
    </Authors>
    <name>Book1</name>
  </book>
  <book year="2014" isbn="ISBN83763550019---11">
    <Authors>
      <Author>
        <Name>Fred</Name>
        <Email>fweasley@hogwarts.co.uk</Email>
      </Author>
      <Author>
        <Name>George</Name>
        <Email>gweasley@hogwarts.co.uk</Email>
      </Author>
    </Authors>
    <name>Book2</name>
  </book>
  <book year="2014" isbn="ISBN83763550019---11">
    <Authors>
      <Author>
        <Name>Fred</Name>
        <Email>fweasley@hogwarts.co.uk</Email>
      </Author>
      <Author>
        <Name>George</Name>
        <Email>gweasley@hogwarts.co.uk</Email>
      </Author>
    </Authors>
    <name>Book1</name>
  </book>
  <book year="2014" isbn="ISBN83763550019---11">
    <Authors>
      <Author>
        <Name>Fred</Name>
        <Email>fweasley@hogwarts.co.uk</Email>
      </Author>
      <Author>
        <Name>George</Name>
        <Email>gweasley@hogwarts.co.uk</Email>
      </Author>
    </Authors>
    <name>Book2</name>
  </book>
  <book year="2014" isbn="ISBN83763550019---11">
    <Authors>
      <Author>
        <Name>Fred</Name>
        <Email>fweasley@hogwarts.co.uk</Email>
      </Author>
      <Author>
        <Name>George</Name>
        <Email>gweasley@hogwarts.co.uk</Email>
      </Author>
    </Authors>
    <name>Book1</name>
  </book>
  <book year="2014" isbn="ISBN83763550019---11">
    <Authors>
      <Author>
        <Name>Fred</Name>
        <Email>fweasley@hogwarts.co.uk</Email>
      </Author>
      <Author>
        <Name>George</Name>
        <Email>gweasley@hogwarts.co.uk</Email>
      </Author>
    </Authors>
    <name>Book2</name>
  </book>
  <book year="2014" isbn="ISBN83763550019---11">
    <Authors>
      <Author>
        <Name>Fred</Name>
        <Email>fweasley@hogwarts.co.uk</Email>
      </Author>
      <Author>
        <Name>George</Name>
        <Email>gweasley@hogwarts.co.uk</Email>
      </Author>
    </Authors>
    <name>Book1</name>
  </book>
  <book year="2014" isbn="ISBN83763550019---11">
    <Authors>
      <Author>
        <Name>Fred</Name>
        <Email>fweasley@hogwarts.co.uk</Email>
      </Author>
      <Author>
        <Name>George</Name>
        <Email>gweasley@hogwarts.co.uk</Email>
      </Author>
    </Authors>
    <name>Book2</name>
  </book>
  <book year="2014" isbn="ISBN83763550019---11">
    <Authors>
      <Author>
        <Name>Fred</Name>
        <Email>fweasley@hogwarts.co.uk</Email>
      </Author>
      <Author>
        <Name>George</Name>
        <Email>gweasley@hogwarts.co.uk</Email>
      </Author>
    </Authors>
    <name>Book1</name>
  </book>
  <book year="2014" isbn="ISBN83763550019---11">
    <Authors>
      <Author>
        <Name>Fred</Name>
        <Email>fweasley@hogwarts.co.uk</Email>
      </Author>
      <Author>
        <Name>George</Name>
        <Email>gweasley@hogwarts.co.uk</Email>
      </Author>
    </Authors>
    <name>Book2</name>
  </book>
  <book year="2014" isbn="ISBN83763550019---11">
    <Authors>
      <Author>
        <Name>Fred</Name>
        <Email>fweasley@hogwarts.co.uk</Email>
      </Author>
      <Author>
        <Name>George</Name>
        <Email>gweasley@hogwarts.co.uk</Email>
      </Author>
    </Authors>
    <name>Book1</name>
  </book>
  <book year="2014" isbn="ISBN83763550019---11">
    <Authors>
      <Author>
        <Name>Fred</Name>
        <Email>fweasley@hogwarts.co.uk</Email>
      </Author>
      <Author>
        <Name>George</Name>
        <Email>gweasley@hogwarts.co.uk</Email>
      </Author>
    </Authors>
    <name>Book2</name>
  </book>
  <book year="2014" isbn="ISBN83763550019---11">
    <Authors>
      <Author>
        <Name>Fred</Name>
        <Email>fweasley@hogwarts.co.uk</Email>
      </Author>
      <Author>
        <Name>George</Name>
        <Email>gweasley@hogwarts.co.uk</Email>
      </Author>
    </Authors>
    <name>Book1</name>
  </book>
  <book year="2014" isbn="ISBN83763550019---11">
    <Authors>
      <Author>
        <Name>Fred</Name>
        <Email>fweasley@hogwarts.co.uk</Email>
      </Author>
      <Author>
        <Name>George</Name>
        <Email>gweasley@hogwarts.co.uk</Email>
      </Author>
    </Authors>
    <name>Book2</name>
  </book>
  <book year="2014" isbn="ISBN83763550019---11">
    <Authors>
      <Author>
        <Name>Fred</Name>
        <Email>fweasley@hogwarts.co.uk</Email>
      </Author>
      <Author>
        <Name>George</Name>
        <Email>gweasley@hogwarts.co.uk</Email>
      </Author>
    </Authors>
    <name>Book1</name>
  </book>
  <book year="2014" isbn="ISBN83763550019---11">
    <Authors>
      <Author>
        <Name>Fred</Name>
        <Email>fweasley@hogwarts.co.uk</Email>
      </Author>
      <Author>
        <Name>George</Name>
        <Email>gweasley@hogwarts.co.uk</Email>
      </Author>
    </Authors>
    <name>Book2</name>
  </book>
  <book year="2014" isbn="ISBN83763550019---11">
    <Authors>
      <Author>
        <Name>Fred</Name>
        <Email>fweasley@hogwarts.co.uk</Email>
      </Author>
      <Author>
        <Name>George</Name>
        <Email>gweasley@hogwarts.co.uk</Email>
      </Author>
    </Authors>
    <name>Book1</name>
  </book>
  <book year="2014" isbn="ISBN83763550019---11">
    <Authors>
      <Author>
        <Name>Fred</Name>
        <Email>fweasley@hogwarts.co.uk</Email>
      </Author>
      <Author>
        <Name>George</Name>
        <Email>gweasley@hogwarts.co.uk</Email>
      </Author>
    </Authors>
    <name>Book2</name>
  </book>
  <book year="2014" isbn="ISBN83763550019---11">
    <Authors>
      <Author>
        <Name>Fred</Name>
        <Email>fweasley@hogwarts.co.uk</Email>
      </Author>
      <Author>
        <Name>George</Name>
        <Email>gweasley@hogwarts.co.uk</Email>
      </Author>
    </Authors>
    <name>Book1</name>
  </book>
  <book year="2014" isbn="ISBN83763550019---11">
    <Authors>
      <Author>
        <Name>Fred</Name>
        <Email>fweasley@hogwarts.co.uk</Email>
      </Author>
      <Author>
        <Name>George</Name>
        <Email>gweasley@hogwarts.co.uk</Email>
      </Author>
    </Authors>
    <name>Book2</name>
  </book>
  <book year="2014" isbn="ISBN83763550019---11">
    <Authors>
      <Author>
        <Name>Fred</Name>
        <Email>fweasley@hogwarts.co.uk</Email>
      </Author>
      <Author>
        <Name>George</Name>
        <Email>gweasley@hogwarts.co.uk</Email>
      </Author>
    </Authors>
    <name>Book1</name>
  </book>
  <book year="2014" isbn="ISBN83763550019---11">
    <Authors>
      <Author>
        <Name>Fred</Name>
        <Email>fweasley@hogwarts.co.uk</Email>
      </Author>
      <Author>
        <Name>George</Name>
        <Email>gweasley@hogwarts.co.uk</Email>
      </Author>
    </Authors>
    <name>Book2</name>
  </book>
  <book year="2014" isbn="ISBN83763550019---11">
    <Authors>
      <Author>
        <Name>Fred</Name>
        <Email>fweasley@hogwarts.co.uk</Email>
      </Author>
      <Author>
        <Name>George</Name>
        <Email>gweasley@hogwarts.co.uk</Email>
      </Author>
    </Authors>
    <name>Book1</name>
  </book>
  <book year="2014" isbn="ISBN83763550019---11">
    <Authors>
      <Author>
        <Name>Fred</Name>
        <Email>fweasley@hogwarts.co.uk</Email>
      </Author>
      <Author>
        <Name>George</Name>
        <Email>gweasley@hogwarts.co.uk</Email>
      </Author>
    </Authors>
    <name>Book2</name>
  </book>
  <book year="2014" isbn="ISBN83763550019---11">
    <Authors>
      <Author>
        <Name>Fred</Name>
        <Email>fweasley@hogwarts.co.uk</Email>
      </Author>
      <Author>
        <Name>George</Name>
        <Email>gweasley@hogwarts.co.uk</Email>
      </Author>
    </Authors>
    <name>Book1</name>
  </book>
  <book year="2014" isbn="ISBN83763550019---11">
    <Authors>
      <Author>
        <Name>Fred</Name>
        <Email>fweasley@hogwarts.co.uk</Email>
      </Author>
      <Author>
        <Name>George</Name>
        <Email>gweasley@hogwarts.co.uk</Email>
      </Author>
    </Authors>
    <name>Book2</name>
  </book>
  <book year="2014" isbn="ISBN83763550019---11">
    <Authors>
      <Author>
        <Name>Fred</Name>
        <Email>fweasley@hogwarts.co.uk</Email>
      </Author>
      <Author>
        <Name>George</Name>
        <Email>gweasley@hogwarts.co.uk</Email>
      </Author>
    </Authors>
    <name>Book1</name>
  </book>
  <book year="2014" isbn="ISBN83763550019---11">
    <Authors>
      <Author>
        <Name>Fred</Name>
        <Email>fweasley@hogwarts.co.uk</Email>
      </Author>
      <Author>
        <Name>George</Name>
        <Email>gweasley@hogwarts.co.uk</Email>
      </Author>
    </Authors>
    <name>Book2</name>
  </book>
  <book year="2014" isbn="ISBN83763550019---11">
    <Authors>
      <Author>
        <Name>Fred</Name>
        <Email>fweasley@hogwarts.co.uk</Email>
      </Author>
      <Author>
        <Name>George</Name>
        <Email>gweasley@hogwarts.co.uk</Email>
      </Author>
    </Authors>
    <name>Book1</name>
  </book>
  <book year="2014" isbn="ISBN83763550019---11">
    <Authors>
      <Author>
        <Name>Fred</Name>
        <Email>fweasley@hogwarts.co.uk</Email>
      </Author>
      <Author>
        <Name>George</Name>
        <Email>gweasley@hogwarts.co.uk</Email>
      </Author>
    </Authors>
    <name>Book2</name>
  </book>
  <book year="2014" isbn="ISBN83763550019---11">
    <Authors>
      <Author>
        <Name>Fred</Name>
        <Email>fweasley@hogwarts.co.uk</Email>
      </Author>
      <Author>
        <Name>George</Name>
        <Email>gweasley@hogwarts.co.uk</Email>
      </Author>
    </Authors>
    <name>Book1</name>
  </book>
  <book year="2014" isbn="ISBN83763550019---11">
    <Authors>
      <Author>
        <Name>Fred</Name>
        <Email>fweasley@hogwarts.co.uk</Email>
      </Author>
      <Author>
        <Name>George</Name>
        <Email>gweasley@hogwarts.co.uk</Email>
      </Author>
    </Authors>
    <name>Book2</name>
  </book>
  <book year="2014" isbn="ISBN83763550019---11">
    <Authors>
      <Author>
        <Name>Fred</Name>
        <Email>fweasley@hogwarts.co.uk</Email>
      </Author>
      <Author>
        <Name>George</Name>
        <Email>gweasley@hogwarts.co.uk</Email>
      </Author>
    </Authors>
    <name>Book1</name>
  </book>
  <book year="2014" isbn="ISBN83763550019---11">
    <Authors>
      <Author>
        <Name>Fred</Name>
        <Email>fweasley@hogwarts.co.uk</Email>
      </Author>
      <Author>
        <Name>George</Name>
        <Email>gweasley@hogwarts.co.uk</Email>
      </Author>
    </Authors>
    <name>Book2</name>
  </book>
  <book year="2014" isbn="ISBN83763550019---11">
    <Authors>
      <Author>
        <Name>Fred</Name>
        <Email>fweasley@hogwarts.co.uk</Email>
      </Author>
      <Author>
        <Name>George</Name>
        <Email>gweasley@hogwarts.co.uk</Email>
      </Author>
    </Authors>
    <name>Book1</name>
  </book>
  <book year="2014" isbn="ISBN83763550019---11">
    <Authors>
      <Author>
        <Name>Fred</Name>
        <Email>fweasley@hogwarts.co.uk</Email>
      </Author>
      <Author>
        <Name>George</Name>
        <Email>gweasley@hogwarts.co.uk</Email>
      </Author>
    </Authors>
    <name>Book2</name>
  </book>
  <book year="2014" isbn="ISBN83763550019---11">
    <Authors>
      <Author>
        <Name>Fred</Name>
        <Email>fweasley@hogwarts.co.uk</Email>
      </Author>
      <Author>
        <Name>George</Name>
        <Email>gweasley@hogwarts.co.uk</Email>
      </Author>
    </Authors>
    <name>Book1</name>
  </book>
  <book year="2014" isbn="ISBN83763550019---11">
    <Authors>
      <Author>
        <Name>Fred</Name>
        <Email>fweasley@hogwarts.co.uk</Email>
      </Author>
      <Author>
        <Name>George</Name>
        <Email>gweasley@hogwarts.co.uk</Email>
      </Author>
    </Authors>
    <name>Book2</name>
  </book>
  <book year="2014" isbn="ISBN83763550019---11">
    <Authors>
      <Author>
        <Name>Fred</Name>
        <Email>fweasley@hogwarts.co.uk</Email>
      </Author>
      <Author>
        <Name>George</Name>
        <Email>gweasley@hogwarts.co.uk</Email>
      </Author>
    </Authors>
    <name>Book1</name>
  </book>
  <book year="2014" isbn="ISBN83763550019---11">
    <Authors>
      <Author>
        <Name>Fred</Name>
        <Email>fweasley@hogwarts.co.uk</Email>
      </Author>
      <Author>
        <Name>George</Name>
        <Email>gweasley@hogwarts.co.uk</Email>
      </Author>
    </Authors>
    <name>Book2</name>
  </book>
  <book year="2014" isbn="ISBN83763550019---11">
    <Authors>
      <Author>
        <Name>Fred</Name>
        <Email>fweasley@hogwarts.co.uk</Email>
      </Author>
      <Author>
        <Name>George</Name>
        <Email>gweasley@hogwarts.co.uk</Email>
      </Author>
    </Authors>
    <name>Book1</name>
  </book>
  <book year="2014" isbn="ISBN83763550019---11">
    <Authors>
      <Author>
        <Name>Fred</Name>
        <Email>fweasley@hogwarts.co.uk</Email>
      </Author>
      <Author>
        <Name>George</Name>
        <Email>gweasley@hogwarts.co.uk</Email>
      </Author>
    </Authors>
    <name>Book2</name>
  </book>
  <book year="2014" isbn="ISBN83763550019---11">
    <Authors>
      <Author>
        <Name>Fred</Name>
        <Email>fweasley@hogwarts.co.uk</Email>
      </Author>
      <Author>
        <Name>George</Name>
        <Email>gweasley@hogwarts.co.uk</Email>
      </Author>
    </Authors>
    <name>Book1</name>
  </book>
  <book year="2014" isbn="ISBN83763550019---11">
    <Authors>
      <Author>
        <Name>Fred</Name>
        <Email>fweasley@hogwarts.co.uk</Email>
      </Author>
      <Author>
        <Name>George</Name>
        <Email>gweasley@hogwarts.co.uk</Email>
      </Author>
    </Authors>
    <name>Book2</name>
  </book>
  <book year="2014" isbn="ISBN83763550019---11">
    <Authors>
      <Author>
        <Name>Fred</Name>
        <Email>fweasley@hogwarts.co.uk</Email>
      </Author>
      <Author>
        <Name>George</Name>
        <Email>gweasley@hogwarts.co.uk</Email>
      </Author>
    </Authors>
    <name>Book1</name>
  </book>
  <book year="2014" isbn="ISBN83763550019---11">
    <Authors>
      <Author>
        <Name>Fred</Name>
        <Email>fweasley@hogwarts.co.uk</Email>
      </Author>
      <Author>
        <Name>George</Name>
        <Email>gweasley@hogwarts.co.uk</Email>
      </Author>
    </Authors>
    <name>Book2</name>
  </book>
  <book year="2014" isbn="ISBN83763550019---11">
    <Authors>
      <Author>
        <Name>Fred</Name>
        <Email>fweasley@hogwarts.co.uk</Email>
      </Author>
      <Author>
        <Name>George</Name>
        <Email>gweasley@hogwarts.co.uk</Email>
      </Author>
    </Authors>
    <name>Book1</name>
  </book>
  <book year="2014" isbn="ISBN83763550019---11">
    <Authors>
      <Author>
        <Name>Fred</Name>
        <Email>fweasley@hogwarts.co.uk</Email>
      </Author>
      <Author>
        <Name>George</Name>
        <Email>gweasley@hogwarts.co.uk</Email>
      </Author>
    </Authors>
    <name>Book2</name>
  </book>
  <book year="2014" isbn="ISBN83763550019---11">
    <Authors>
      <Author>
        <Name>Fred</Name>
        <Email>fweasley@hogwarts.co.uk</Email>
      </Author>
      <Author>
        <Name>George</Name>
        <Email>gweasley@hogwarts.co.uk</Email>
      </Author>
    </Authors>
    <name>Book1</name>
  </book>
  <book year="2014" isbn="ISBN83763550019---11">
    <Authors>
      <Author>
        <Name>Fred</Name>
        <Email>fweasley@hogwarts.co.uk</Email>
      </Author>
      <Author>
        <Name>George</Name>
        <Email>gweasley@hogwarts.co.uk</Email>
      </Author>
    </Authors>
    <name>Book2</name>
  </book>
  <book year="2014" isbn="ISBN83763550019---11">
    <Authors>
      <Author>
        <Name>Fred</Name>
        <Email>fweasley@hogwarts.co.uk</Email>
      </Author>
      <Author>
        <Name>George</Name>
        <Email>gweasley@hogwarts.co.uk</Email>
      </Author>
    </Authors>
    <name>Book1</name>
  </book>
  <book year="2014" isbn="ISBN83763550019---11">
    <Authors>
      <Author>
        <Name>Fred</Name>
        <Email>fweasley@hogwarts.co.uk</Email>
      </Author>
      <Author>
        <Name>George</Name>
        <Email>gweasley@hogwarts.co.uk</Email>
      </Author>
    </Authors>
    <name>Book2</name>
  </book>
  <book year="2014" isbn="ISBN83763550019---11">
    <Authors>
      <Author>
        <Name>Fred</Name>
        <Email>fweasley@hogwarts.co.uk</Email>
      </Author>
      <Author>
        <Name>George</Name>
        <Email>gweasley@hogwarts.co.uk</Email>
      </Author>
    </Authors>
    <name>Book1</name>
  </book>
  <book year="2014" isbn="ISBN83763550019---11">
    <Authors>
      <Author>
        <Name>Fred</Name>
        <Email>fweasley@hogwarts.co.uk</Email>
      </Author>
      <Author>
        <Name>George</Name>
        <Email>gweasley@hogwarts.co.uk</Email>
      </Author>
    </Authors>
    <name>Book2</name>
  </book>
  <book year="2014" isbn="ISBN83763550019---11">
    <Authors>
      <Author>
        <Name>Fred</Name>
        <Email>fweasley@hogwarts.co.uk</Email>
      </Author>
      <Author>
        <Name>George</Name>
        <Email>gweasley@hogwarts.co.uk</Email>
      </Author>
    </Authors>
    <name>Book1</name>
  </book>
  <book year="2014" isbn="ISBN83763550019---11">
    <Authors>
      <Author>
        <Name>Fred</Name>
        <Email>fweasley@hogwarts.co.uk</Email>
      </Author>
      <Author>
        <Name>George</Name>
        <Email>gweasley@hogwarts.co.uk</Email>
      </Author>
    </Authors>
    <name>Book2</name>
  </book>
  <book year="2014" isbn="ISBN83763550019---11">
    <Authors>
      <Author>
        <Name>Fred</Name>
        <Email>fweasley@hogwarts.co.uk</Email>
      </Author>
      <Author>
        <Name>George</Name>
        <Email>gweasley@hogwarts.co.uk</Email>
      </Author>
    </Authors>
    <name>Book1</name>
  </book>
  <book year="2014" isbn="ISBN83763550019---11">
    <Authors>
      <Author>
        <Name>Fred</Name>
        <Email>fweasley@hogwarts.co.uk</Email>
      </Author>
      <Author>
        <Name>George</Name>
        <Email>gweasley@hogwarts.co.uk</Email>
      </Author>
    </Authors>
    <name>Book2</name>
  </book>
  <book year="2014" isbn="ISBN83763550019---11">
    <Authors>
      <Author>
        <Name>Fred</Name>
        <Email>fweasley@hogwarts.co.uk</Email>
      </Author>
      <Author>
        <Name>George</Name>
        <Email>gweasley@hogwarts.co.uk</Email>
      </Author>
    </Authors>
    <name>Book1</name>
  </book>
  <book year="2014" isbn="ISBN83763550019---11">
    <Authors>
      <Author>
        <Name>Fred</Name>
        <Email>fweasley@hogwarts.co.uk</Email>
      </Author>
      <Author>
        <Name>George</Name>
        <Email>gweasley@hogwarts.co.uk</Email>
      </Author>
    </Authors>
    <name>Book2</name>
  </book>
  <book year="2014" isbn="ISBN83763550019---11">
    <Authors>
      <Author>
        <Name>Fred</Name>
        <Email>fweasley@hogwarts.co.uk</Email>
      </Author>
      <Author>
        <Name>George</Name>
        <Email>gweasley@hogwarts.co.uk</Email>
      </Author>
    </Authors>
    <name>Book1</name>
  </book>
  <book year="2014" isbn="ISBN83763550019---11">
    <Authors>
      <Author>
        <Name>Fred</Name>
        <Email>fweasley@hogwarts.co.uk</Email>
      </Author>
      <Author>
        <Name>George</Name>
        <Email>gweasley@hogwarts.co.uk</Email>
      </Author>
    </Authors>
    <name>Book2</name>
  </book>
  <book year="2014" isbn="ISBN83763550019---11">
    <Authors>
      <Author>
        <Name>Fred</Name>
        <Email>fweasley@hogwarts.co.uk</Email>
      </Author>
      <Author>
        <Name>George</Name>
        <Email>gweasley@hogwarts.co.uk</Email>
      </Author>
    </Authors>
    <name>Book1</name>
  </book>
  <book year="2014" isbn="ISBN83763550019---11">
    <Authors>
      <Author>
        <Name>Fred</Name>
        <Email>fweasley@hogwarts.co.uk</Email>
      </Author>
      <Author>
        <Name>George</Name>
        <Email>gweasley@hogwarts.co.uk</Email>
      </Author>
    </Authors>
    <name>Book2</name>
  </book>
  <book year="2014" isbn="ISBN83763550019---11">
    <Authors>
      <Author>
        <Name>Fred</Name>
        <Email>fweasley@hogwarts.co.uk</Email>
      </Author>
      <Author>
        <Name>George</Name>
        <Email>gweasley@hogwarts.co.uk</Email>
      </Author>
    </Authors>
    <name>Book1</name>
  </book>
  <book year="2014" isbn="ISBN83763550019---11">
    <Authors>
      <Author>
        <Name>Fred</Name>
        <Email>fweasley@hogwarts.co.uk</Email>
      </Author>
      <Author>
        <Name>George</Name>
        <Email>gweasley@hogwarts.co.uk</Email>
      </Author>
    </Authors>
    <name>Book2</name>
  </book>
  <book year="2014" isbn="ISBN83763550019---11">
    <Authors>
      <Author>
        <Name>Fred</Name>
        <Email>fweasley@hogwarts.co.uk</Email>
      </Author>
      <Author>
        <Name>George</Name>
        <Email>gweasley@hogwarts.co.uk</Email>
      </Author>
    </Authors>
    <name>Book1</name>
  </book>
  <book year="2014" isbn="ISBN83763550019---11">
    <Authors>
      <Author>
        <Name>Fred</Name>
        <Email>fweasley@hogwarts.co.uk</Email>
      </Author>
      <Author>
        <Name>George</Name>
        <Email>gweasley@hogwarts.co.uk</Email>
      </Author>
    </Authors>
    <name>Book2</name>
  </book>
  <book year="2014" isbn="ISBN83763550019---11">
    <Authors>
      <Author>
        <Name>Fred</Name>
        <Email>fweasley@hogwarts.co.uk</Email>
      </Author>
      <Author>
        <Name>George</Name>
        <Email>gweasley@hogwarts.co.uk</Email>
      </Author>
    </Authors>
    <name>Book1</name>
  </book>
  <book year="2014" isbn="ISBN83763550019---11">
    <Authors>
      <Author>
        <Name>Fred</Name>
        <Email>fweasley@hogwarts.co.uk</Email>
      </Author>
      <Author>
        <Name>George</Name>
        <Email>gweasley@hogwarts.co.uk</Email>
      </Author>
    </Authors>
    <name>Book2</name>
  </book>
  <book year="2014" isbn="ISBN83763550019---11">
    <Authors>
      <Author>
        <Name>Fred</Name>
        <Email>fweasley@hogwarts.co.uk</Email>
      </Author>
      <Author>
        <Name>George</Name>
        <Email>gweasley@hogwarts.co.uk</Email>
      </Author>
    </Authors>
    <name>Book1</name>
  </book>
  <book year="2014" isbn="ISBN83763550019---11">
    <Authors>
      <Author>
        <Name>Fred</Name>
        <Email>fweasley@hogwarts.co.uk</Email>
      </Author>
      <Author>
        <Name>George</Name>
        <Email>gweasley@hogwarts.co.uk</Email>
      </Author>
    </Authors>
    <name>Book2</name>
  </book>
  <book year="2014" isbn="ISBN83763550019---11">
    <Authors>
      <Author>
        <Name>Fred</Name>
        <Email>fweasley@hogwarts.co.uk</Email>
      </Author>
      <Author>
        <Name>George</Name>
        <Email>gweasley@hogwarts.co.uk</Email>
      </Author>
    </Authors>
    <name>Book1</name>
  </book>
  <book year="2014" isbn="ISBN83763550019---11">
    <Authors>
      <Author>
        <Name>Fred</Name>
        <Email>fweasley@hogwarts.co.uk</Email>
      </Author>
      <Author>
        <Name>George</Name>
        <Email>gweasley@hogwarts.co.uk</Email>
      </Author>
    </Authors>
    <name>Book2</name>
  </book>
  <book year="2014" isbn="ISBN83763550019---11">
    <Authors>
      <Author>
        <Name>Fred</Name>
        <Email>fweasley@hogwarts.co.uk</Email>
      </Author>
      <Author>
        <Name>George</Name>
        <Email>gweasley@hogwarts.co.uk</Email>
      </Author>
    </Authors>
    <name>Book1</name>
  </book>
  <book year="2014" isbn="ISBN83763550019---11">
    <Authors>
      <Author>
        <Name>Fred</Name>
        <Email>fweasley@hogwarts.co.uk</Email>
      </Author>
      <Author>
        <Name>George</Name>
        <Email>gweasley@hogwarts.co.uk</Email>
      </Author>
    </Authors>
    <name>Book2</name>
  </book>
  <book year="2014" isbn="ISBN83763550019---11">
    <Authors>
      <Author>
        <Name>Fred</Name>
        <Email>fweasley@hogwarts.co.uk</Email>
      </Author>
      <Author>
        <Name>George</Name>
        <Email>gweasley@hogwarts.co.uk</Email>
      </Author>
    </Authors>
    <name>Book1</name>
  </book>
  <book year="2014" isbn="ISBN83763550019---11">
    <Authors>
      <Author>
        <Name>Fred</Name>
        <Email>fweasley@hogwarts.co.uk</Email>
      </Author>
      <Author>
        <Name>George</Name>
        <Email>gweasley@hogwarts.co.uk</Email>
      </Author>
    </Authors>
    <name>Book2</name>
  </book>
  <book year="2014" isbn="ISBN83763550019---11">
    <Authors>
      <Author>
        <Name>Fred</Name>
        <Email>fweasley@hogwarts.co.uk</Email>
      </Author>
      <Author>
        <Name>George</Name>
        <Email>gweasley@hogwarts.co.uk</Email>
      </Author>
    </Authors>
    <name>Book1</name>
  </book>
  <book year="2014" isbn="ISBN83763550019---11">
    <Authors>
      <Author>
        <Name>Fred</Name>
        <Email>fweasley@hogwarts.co.uk</Email>
      </Author>
      <Author>
        <Name>George</Name>
        <Email>gweasley@hogwarts.co.uk</Email>
      </Author>
    </Authors>
    <name>Book2</name>
  </book>
  <book year="2014" isbn="ISBN83763550019---11">
    <Authors>
      <Author>
        <Name>Fred</Name>
        <Email>fweasley@hogwarts.co.uk</Email>
      </Author>
      <Author>
        <Name>George</Name>
        <Email>gweasley@hogwarts.co.uk</Email>
      </Author>
    </Authors>
    <name>Book1</name>
  </book>
  <book year="2014" isbn="ISBN83763550019---11">
    <Authors>
      <Author>
        <Name>Fred</Name>
        <Email>fweasley@hogwarts.co.uk</Email>
      </Author>
      <Author>
        <Name>George</Name>
        <Email>gweasley@hogwarts.co.uk</Email>
      </Author>
    </Authors>
    <name>Book2</name>
  </book>
  <book year="2014" isbn="ISBN83763550019---11">
    <Authors>
      <Author>
        <Name>Fred</Name>
        <Email>fweasley@hogwarts.co.uk</Email>
      </Author>
      <Author>
        <Name>George</Name>
        <Email>gweasley@hogwarts.co.uk</Email>
      </Author>
    </Authors>
    <name>Book1</name>
  </book>
  <book year="2014" isbn="ISBN83763550019---11">
    <Authors>
      <Author>
        <Name>Fred</Name>
        <Email>fweasley@hogwarts.co.uk</Email>
      </Author>
      <Author>
        <Name>George</Name>
        <Email>gweasley@hogwarts.co.uk</Email>
      </Author>
    </Authors>
    <name>Book2</name>
  </book>
  <book year="2014" isbn="ISBN83763550019---11">
    <Authors>
      <Author>
        <Name>Fred</Name>
        <Email>fweasley@hogwarts.co.uk</Email>
      </Author>
      <Author>
        <Name>George</Name>
        <Email>gweasley@hogwarts.co.uk</Email>
      </Author>
    </Authors>
    <name>Book1</name>
  </book>
  <book year="2014" isbn="ISBN83763550019---11">
    <Authors>
      <Author>
        <Name>Fred</Name>
        <Email>fweasley@hogwarts.co.uk</Email>
      </Author>
      <Author>
        <Name>George</Name>
        <Email>gweasley@hogwarts.co.uk</Email>
      </Author>
    </Authors>
    <name>Book2</name>
  </book>
  <book year="2014" isbn="ISBN83763550019---11">
    <Authors>
      <Author>
        <Name>Fred</Name>
        <Email>fweasley@hogwarts.co.uk</Email>
      </Author>
      <Author>
        <Name>George</Name>
        <Email>gweasley@hogwarts.co.uk</Email>
      </Author>
    </Authors>
    <name>Book1</name>
  </book>
  <book year="2014" isbn="ISBN83763550019---11">
    <Authors>
      <Author>
        <Name>Fred</Name>
        <Email>fweasley@hogwarts.co.uk</Email>
      </Author>
      <Author>
        <Name>George</Name>
        <Email>gweasley@hogwarts.co.uk</Email>
      </Author>
    </Authors>
    <name>Book2</name>
  </book>
  <book year="2014" isbn="ISBN83763550019---11">
    <Authors>
      <Author>
        <Name>Fred</Name>
        <Email>fweasley@hogwarts.co.uk</Email>
      </Author>
      <Author>
        <Name>George</Name>
        <Email>gweasley@hogwarts.co.uk</Email>
      </Author>
    </Authors>
    <name>Book1</name>
  </book>
  <book year="2014" isbn="ISBN83763550019---11">
    <Authors>
      <Author>
        <Name>Fred</Name>
        <Email>fweasley@hogwarts.co.uk</Email>
      </Author>
      <Author>
        <Name>George</Name>
        <Email>gweasley@hogwarts.co.uk</Email>
      </Author>
    </Authors>
    <name>Book2</name>
  </book>
  <book year="2014" isbn="ISBN83763550019---11">
    <Authors>
      <Author>
        <Name>Fred</Name>
        <Email>fweasley@hogwarts.co.uk</Email>
      </Author>
      <Author>
        <Name>George</Name>
        <Email>gweasley@hogwarts.co.uk</Email>
      </Author>
    </Authors>
    <name>Book1</name>
  </book>
  <book year="2014" isbn="ISBN83763550019---11">
    <Authors>
      <Author>
        <Name>Fred</Name>
        <Email>fweasley@hogwarts.co.uk</Email>
      </Author>
      <Author>
        <Name>George</Name>
        <Email>gweasley@hogwarts.co.uk</Email>
      </Author>
    </Authors>
    <name>Book2</name>
  </book>
  <book year="2014" isbn="ISBN83763550019---11">
    <Authors>
      <Author>
        <Name>Fred</Name>
        <Email>fweasley@hogwarts.co.uk</Email>
      </Author>
      <Author>
        <Name>George</Name>
        <Email>gweasley@hogwarts.co.uk</Email>
      </Author>
    </Authors>
    <name>Book1</name>
  </book>
  <book year="2014" isbn="ISBN83763550019---11">
    <Authors>
      <Author>
        <Name>Fred</Name>
        <Email>fweasley@hogwarts.co.uk</Email>
      </Author>
      <Author>
        <Name>George</Name>
        <Email>gweasley@hogwarts.co.uk</Email>
      </Author>
    </Authors>
    <name>Book2</name>
  </book>
  <book year="2014" isbn="ISBN83763550019---11">
    <Authors>
      <Author>
        <Name>Fred</Name>
        <Email>fweasley@hogwarts.co.uk</Email>
      </Author>
      <Author>
        <Name>George</Name>
        <Email>gweasley@hogwarts.co.uk</Email>
      </Author>
    </Authors>
    <name>Book1</name>
  </book>
  <book year="2014" isbn="ISBN83763550019---11">
    <Authors>
      <Author>
        <Name>Fred</Name>
        <Email>fweasley@hogwarts.co.uk</Email>
      </Author>
      <Author>
        <Name>George</Name>
        <Email>gweasley@hogwarts.co.uk</Email>
      </Author>
    </Authors>
    <name>Book2</name>
  </book>
  <book year="2014" isbn="ISBN83763550019---11">
    <Authors>
      <Author>
        <Name>Fred</Name>
        <Email>fweasley@hogwarts.co.uk</Email>
      </Author>
      <Author>
        <Name>George</Name>
        <Email>gweasley@hogwarts.co.uk</Email>
      </Author>
    </Authors>
    <name>Book1</name>
  </book>
  <book year="2014" isbn="ISBN83763550019---11">
    <Authors>
      <Author>
        <Name>Fred</Name>
        <Email>fweasley@hogwarts.co.uk</Email>
      </Author>
      <Author>
        <Name>George</Name>
        <Email>gweasley@hogwarts.co.uk</Email>
      </Author>
    </Authors>
    <name>Book2</name>
  </book>
  <book year="2014" isbn="ISBN83763550019---11">
    <Authors>
      <Author>
        <Name>Fred</Name>
        <Email>fweasley@hogwarts.co.uk</Email>
      </Author>
      <Author>
        <Name>George</Name>
        <Email>gweasley@hogwarts.co.uk</Email>
      </Author>
    </Authors>
    <name>Book1</name>
  </book>
  <book year="2014" isbn="ISBN83763550019---11">
    <Authors>
      <Author>
        <Name>Fred</Name>
        <Email>fweasley@hogwarts.co.uk</Email>
      </Author>
      <Author>
        <Name>George</Name>
        <Email>gweasley@hogwarts.co.uk</Email>
      </Author>
    </Authors>
    <name>Book2</name>
  </book>
  <book year="2014" isbn="ISBN83763550019---11">
    <Authors>
      <Author>
        <Name>Fred</Name>
        <Email>fweasley@hogwarts.co.uk</Email>
      </Author>
      <Author>
        <Name>George</Name>
        <Email>gweasley@hogwarts.co.uk</Email>
      </Author>
    </Authors>
    <name>Book1</name>
  </book>
  <book year="2014" isbn="ISBN83763550019---11">
    <Authors>
      <Author>
        <Name>Fred</Name>
        <Email>fweasley@hogwarts.co.uk</Email>
      </Author>
      <Author>
        <Name>George</Name>
        <Email>gweasley@hogwarts.co.uk</Email>
      </Author>
    </Authors>
    <name>Book2</name>
  </book>
  <book year="2014" isbn="ISBN83763550019---11">
    <Authors>
      <Author>
        <Name>Fred</Name>
        <Email>fweasley@hogwarts.co.uk</Email>
      </Author>
      <Author>
        <Name>George</Name>
        <Email>gweasley@hogwarts.co.uk</Email>
      </Author>
    </Authors>
    <name>Book1</name>
  </book>
  <book year="2014" isbn="ISBN83763550019---11">
    <Authors>
      <Author>
        <Name>Fred</Name>
        <Email>fweasley@hogwarts.co.uk</Email>
      </Author>
      <Author>
        <Name>George</Name>
        <Email>gweasley@hogwarts.co.uk</Email>
      </Author>
    </Authors>
    <name>Book2</name>
  </book>
  <book year="2014" isbn="ISBN83763550019---11">
    <Authors>
      <Author>
        <Name>Fred</Name>
        <Email>fweasley@hogwarts.co.uk</Email>
      </Author>
      <Author>
        <Name>George</Name>
        <Email>gweasley@hogwarts.co.uk</Email>
      </Author>
    </Authors>
    <name>Book1</name>
  </book>
  <book year="2014" isbn="ISBN83763550019---11">
    <Authors>
      <Author>
        <Name>Fred</Name>
        <Email>fweasley@hogwarts.co.uk</Email>
      </Author>
      <Author>
        <Name>George</Name>
        <Email>gweasley@hogwarts.co.uk</Email>
      </Author>
    </Authors>
    <name>Book2</name>
  </book>
  <book year="2014" isbn="ISBN83763550019---11">
    <Authors>
      <Author>
        <Name>Fred</Name>
        <Email>fweasley@hogwarts.co.uk</Email>
      </Author>
      <Author>
        <Name>George</Name>
        <Email>gweasley@hogwarts.co.uk</Email>
      </Author>
    </Authors>
    <name>Book1</name>
  </book>
  <book year="2014" isbn="ISBN83763550019---11">
    <Authors>
      <Author>
        <Name>Fred</Name>
        <Email>fweasley@hogwarts.co.uk</Email>
      </Author>
      <Author>
        <Name>George</Name>
        <Email>gweasley@hogwarts.co.uk</Email>
      </Author>
    </Authors>
    <name>Book2</name>
  </book>
  <book year="2014" isbn="ISBN83763550019---11">
    <Authors>
      <Author>
        <Name>Fred</Name>
        <Email>fweasley@hogwarts.co.uk</Email>
      </Author>
      <Author>
        <Name>George</Name>
        <Email>gweasley@hogwarts.co.uk</Email>
      </Author>
    </Authors>
    <name>Book1</name>
  </book>
  <book year="2014" isbn="ISBN83763550019---11">
    <Authors>
      <Author>
        <Name>Fred</Name>
        <Email>fweasley@hogwarts.co.uk</Email>
      </Author>
      <Author>
        <Name>George</Name>
        <Email>gweasley@hogwarts.co.uk</Email>
      </Author>
    </Authors>
    <name>Book2</name>
  </book>
  <book year="2014" isbn="ISBN83763550019---11">
    <Authors>
      <Author>
        <Name>Fred</Name>
        <Email>fweasley@hogwarts.co.uk</Email>
      </Author>
      <Author>
        <Name>George</Name>
        <Email>gweasley@hogwarts.co.uk</Email>
      </Author>
    </Authors>
    <name>Book1</name>
  </book>
  <book year="2014" isbn="ISBN83763550019---11">
    <Authors>
      <Author>
        <Name>Fred</Name>
        <Email>fweasley@hogwarts.co.uk</Email>
      </Author>
      <Author>
        <Name>George</Name>
        <Email>gweasley@hogwarts.co.uk</Email>
      </Author>
    </Authors>
    <name>Book2</name>
  </book>
  <book year="2014" isbn="ISBN83763550019---11">
    <Authors>
      <Author>
        <Name>Fred</Name>
        <Email>fweasley@hogwarts.co.uk</Email>
      </Author>
      <Author>
        <Name>George</Name>
        <Email>gweasley@hogwarts.co.uk</Email>
      </Author>
    </Authors>
    <name>Book1</name>
  </book>
  <book year="2014" isbn="ISBN83763550019---11">
    <Authors>
      <Author>
        <Name>Fred</Name>
        <Email>fweasley@hogwarts.co.uk</Email>
      </Author>
      <Author>
        <Name>George</Name>
        <Email>gweasley@hogwarts.co.uk</Email>
      </Author>
    </Authors>
    <name>Book2</name>
  </book>
  <book year="2014" isbn="ISBN83763550019---11">
    <Authors>
      <Author>
        <Name>Fred</Name>
        <Email>fweasley@hogwarts.co.uk</Email>
      </Author>
      <Author>
        <Name>George</Name>
        <Email>gweasley@hogwarts.co.uk</Email>
      </Author>
    </Authors>
    <name>Book1</name>
  </book>
  <book year="2014" isbn="ISBN83763550019---11">
    <Authors>
      <Author>
        <Name>Fred</Name>
        <Email>fweasley@hogwarts.co.uk</Email>
      </Author>
      <Author>
        <Name>George</Name>
        <Email>gweasley@hogwarts.co.uk</Email>
      </Author>
    </Authors>
    <name>Book2</name>
  </book>
  <book year="2014" isbn="ISBN83763550019---11">
    <Authors>
      <Author>
        <Name>Fred</Name>
        <Email>fweasley@hogwarts.co.uk</Email>
      </Author>
      <Author>
        <Name>George</Name>
        <Email>gweasley@hogwarts.co.uk</Email>
      </Author>
    </Authors>
    <name>Book1</name>
  </book>
  <book year="2014" isbn="ISBN83763550019---11">
    <Authors>
      <Author>
        <Name>Fred</Name>
        <Email>fweasley@hogwarts.co.uk</Email>
      </Author>
      <Author>
        <Name>George</Name>
        <Email>gweasley@hogwarts.co.uk</Email>
      </Author>
    </Authors>
    <name>Book2</name>
  </book>
  <book year="2014" isbn="ISBN83763550019---11">
    <Authors>
      <Author>
        <Name>Fred</Name>
        <Email>fweasley@hogwarts.co.uk</Email>
      </Author>
      <Author>
        <Name>George</Name>
        <Email>gweasley@hogwarts.co.uk</Email>
      </Author>
    </Authors>
    <name>Book1</name>
  </book>
  <book year="2014" isbn="ISBN83763550019---11">
    <Authors>
      <Author>
        <Name>Fred</Name>
        <Email>fweasley@hogwarts.co.uk</Email>
      </Author>
      <Author>
        <Name>George</Name>
        <Email>gweasley@hogwarts.co.uk</Email>
      </Author>
    </Authors>
    <name>Book2</name>
  </book>
  <book year="2014" isbn="ISBN83763550019---11">
    <Authors>
      <Author>
        <Name>Fred</Name>
        <Email>fweasley@hogwarts.co.uk</Email>
      </Author>
      <Author>
        <Name>George</Name>
        <Email>gweasley@hogwarts.co.uk</Email>
      </Author>
    </Authors>
    <name>Book1</name>
  </book>
  <book year="2014" isbn="ISBN83763550019---11">
    <Authors>
      <Author>
        <Name>Fred</Name>
        <Email>fweasley@hogwarts.co.uk</Email>
      </Author>
      <Author>
        <Name>George</Name>
        <Email>gweasley@hogwarts.co.uk</Email>
      </Author>
    </Authors>
    <name>Book2</name>
  </book>
  <book year="2014" isbn="ISBN83763550019---11">
    <Authors>
      <Author>
        <Name>Fred</Name>
        <Email>fweasley@hogwarts.co.uk</Email>
      </Author>
      <Author>
        <Name>George</Name>
        <Email>gweasley@hogwarts.co.uk</Email>
      </Author>
    </Authors>
    <name>Book1</name>
  </book>
  <book year="2014" isbn="ISBN83763550019---11">
    <Authors>
      <Author>
        <Name>Fred</Name>
        <Email>fweasley@hogwarts.co.uk</Email>
      </Author>
      <Author>
        <Name>George</Name>
        <Email>gweasley@hogwarts.co.uk</Email>
      </Author>
    </Authors>
    <name>Book2</name>
  </book>
  <book year="2014" isbn="ISBN83763550019---11">
    <Authors>
      <Author>
        <Name>Fred</Name>
        <Email>fweasley@hogwarts.co.uk</Email>
      </Author>
      <Author>
        <Name>George</Name>
        <Email>gweasley@hogwarts.co.uk</Email>
      </Author>
    </Authors>
    <name>Book1</name>
  </book>
  <book year="2014" isbn="ISBN83763550019---11">
    <Authors>
      <Author>
        <Name>Fred</Name>
        <Email>fweasley@hogwarts.co.uk</Email>
      </Author>
      <Author>
        <Name>George</Name>
        <Email>gweasley@hogwarts.co.uk</Email>
      </Author>
    </Authors>
    <name>Book2</name>
  </book>
  <book year="2014" isbn="ISBN83763550019---11">
    <Authors>
      <Author>
        <Name>Fred</Name>
        <Email>fweasley@hogwarts.co.uk</Email>
      </Author>
      <Author>
        <Name>George</Name>
        <Email>gweasley@hogwarts.co.uk</Email>
      </Author>
    </Authors>
    <name>Book1</name>
  </book>
  <book year="2014" isbn="ISBN83763550019---11">
    <Authors>
      <Author>
        <Name>Fred</Name>
        <Email>fweasley@hogwarts.co.uk</Email>
      </Author>
      <Author>
        <Name>George</Name>
        <Email>gweasley@hogwarts.co.uk</Email>
      </Author>
    </Authors>
    <name>Book2</name>
  </book>
  <book year="2014" isbn="ISBN83763550019---11">
    <Authors>
      <Author>
        <Name>Fred</Name>
        <Email>fweasley@hogwarts.co.uk</Email>
      </Author>
      <Author>
        <Name>George</Name>
        <Email>gweasley@hogwarts.co.uk</Email>
      </Author>
    </Authors>
    <name>Book1</name>
  </book>
  <book year="2014" isbn="ISBN83763550019---11">
    <Authors>
      <Author>
        <Name>Fred</Name>
        <Email>fweasley@hogwarts.co.uk</Email>
      </Author>
      <Author>
        <Name>George</Name>
        <Email>gweasley@hogwarts.co.uk</Email>
      </Author>
    </Authors>
    <name>Book2</name>
  </book>
  <book year="2014" isbn="ISBN83763550019---11">
    <Authors>
      <Author>
        <Name>Fred</Name>
        <Email>fweasley@hogwarts.co.uk</Email>
      </Author>
      <Author>
        <Name>George</Name>
        <Email>gweasley@hogwarts.co.uk</Email>
      </Author>
    </Authors>
    <name>Book1</name>
  </book>
  <book year="2014" isbn="ISBN83763550019---11">
    <Authors>
      <Author>
        <Name>Fred</Name>
        <Email>fweasley@hogwarts.co.uk</Email>
      </Author>
      <Author>
        <Name>George</Name>
        <Email>gweasley@hogwarts.co.uk</Email>
      </Author>
    </Authors>
    <name>Book2</name>
  </book>
  <book year="2014" isbn="ISBN83763550019---11">
    <Authors>
      <Author>
        <Name>Fred</Name>
        <Email>fweasley@hogwarts.co.uk</Email>
      </Author>
      <Author>
        <Name>George</Name>
        <Email>gweasley@hogwarts.co.uk</Email>
      </Author>
    </Authors>
    <name>Book1</name>
  </book>
  <book year="2014" isbn="ISBN83763550019---11">
    <Authors>
      <Author>
        <Name>Fred</Name>
        <Email>fweasley@hogwarts.co.uk</Email>
      </Author>
      <Author>
        <Name>George</Name>
        <Email>gweasley@hogwarts.co.uk</Email>
      </Author>
    </Authors>
    <name>Book2</name>
  </book>
  <book year="2014" isbn="ISBN83763550019---11">
    <Authors>
      <Author>
        <Name>Fred</Name>
        <Email>fweasley@hogwarts.co.uk</Email>
      </Author>
      <Author>
        <Name>George</Name>
        <Email>gweasley@hogwarts.co.uk</Email>
      </Author>
    </Authors>
    <name>Book1</name>
  </book>
  <book year="2014" isbn="ISBN83763550019---11">
    <Authors>
      <Author>
        <Name>Fred</Name>
        <Email>fweasley@hogwarts.co.uk</Email>
      </Author>
      <Author>
        <Name>George</Name>
        <Email>gweasley@hogwarts.co.uk</Email>
      </Author>
    </Authors>
    <name>Book2</name>
  </book>
  <book year="2014" isbn="ISBN83763550019---11">
    <Authors>
      <Author>
        <Name>Fred</Name>
        <Email>fweasley@hogwarts.co.uk</Email>
      </Author>
      <Author>
        <Name>George</Name>
        <Email>gweasley@hogwarts.co.uk</Email>
      </Author>
    </Authors>
    <name>Book1</name>
  </book>
  <book year="2014" isbn="ISBN83763550019---11">
    <Authors>
      <Author>
        <Name>Fred</Name>
        <Email>fweasley@hogwarts.co.uk</Email>
      </Author>
      <Author>
        <Name>George</Name>
        <Email>gweasley@hogwarts.co.uk</Email>
      </Author>
    </Authors>
    <name>Book2</name>
  </book>
  <book year="2014" isbn="ISBN83763550019---11">
    <Authors>
      <Author>
        <Name>Fred</Name>
        <Email>fweasley@hogwarts.co.uk</Email>
      </Author>
      <Author>
        <Name>George</Name>
        <Email>gweasley@hogwarts.co.uk</Email>
      </Author>
    </Authors>
    <name>Book1</name>
  </book>
  <book year="2014" isbn="ISBN83763550019---11">
    <Authors>
      <Author>
        <Name>Fred</Name>
        <Email>fweasley@hogwarts.co.uk</Email>
      </Author>
      <Author>
        <Name>George</Name>
        <Email>gweasley@hogwarts.co.uk</Email>
      </Author>
    </Authors>
    <name>Book2</name>
  </book>
  <book year="2014" isbn="ISBN83763550019---11">
    <Authors>
      <Author>
        <Name>Fred</Name>
        <Email>fweasley@hogwarts.co.uk</Email>
      </Author>
      <Author>
        <Name>George</Name>
        <Email>gweasley@hogwarts.co.uk</Email>
      </Author>
    </Authors>
    <name>Book1</name>
  </book>
  <book year="2014" isbn="ISBN83763550019---11">
    <Authors>
      <Author>
        <Name>Fred</Name>
        <Email>fweasley@hogwarts.co.uk</Email>
      </Author>
      <Author>
        <Name>George</Name>
        <Email>gweasley@hogwarts.co.uk</Email>
      </Author>
    </Authors>
    <name>Book2</name>
  </book>
  <book year="2014" isbn="ISBN83763550019---11">
    <Authors>
      <Author>
        <Name>Fred</Name>
        <Email>fweasley@hogwarts.co.uk</Email>
      </Author>
      <Author>
        <Name>George</Name>
        <Email>gweasley@hogwarts.co.uk</Email>
      </Author>
    </Authors>
    <name>Book1</name>
  </book>
  <book year="2014" isbn="ISBN83763550019---11">
    <Authors>
      <Author>
        <Name>Fred</Name>
        <Email>fweasley@hogwarts.co.uk</Email>
      </Author>
      <Author>
        <Name>George</Name>
        <Email>gweasley@hogwarts.co.uk</Email>
      </Author>
    </Authors>
    <name>Book2</name>
  </book>
  <book year="2014" isbn="ISBN83763550019---11">
    <Authors>
      <Author>
        <Name>Fred</Name>
        <Email>fweasley@hogwarts.co.uk</Email>
      </Author>
      <Author>
        <Name>George</Name>
        <Email>gweasley@hogwarts.co.uk</Email>
      </Author>
    </Authors>
    <name>Book1</name>
  </book>
  <book year="2014" isbn="ISBN83763550019---11">
    <Authors>
      <Author>
        <Name>Fred</Name>
        <Email>fweasley@hogwarts.co.uk</Email>
      </Author>
      <Author>
        <Name>George</Name>
        <Email>gweasley@hogwarts.co.uk</Email>
      </Author>
    </Authors>
    <name>Book2</name>
  </book>
  <book year="2014" isbn="ISBN83763550019---11">
    <Authors>
      <Author>
        <Name>Fred</Name>
        <Email>fweasley@hogwarts.co.uk</Email>
      </Author>
      <Author>
        <Name>George</Name>
        <Email>gweasley@hogwarts.co.uk</Email>
      </Author>
    </Authors>
    <name>Book1</name>
  </book>
  <book year="2014" isbn="ISBN83763550019---11">
    <Authors>
      <Author>
        <Name>Fred</Name>
        <Email>fweasley@hogwarts.co.uk</Email>
      </Author>
      <Author>
        <Name>George</Name>
        <Email>gweasley@hogwarts.co.uk</Email>
      </Author>
    </Authors>
    <name>Book2</name>
  </book>
  <book year="2014" isbn="ISBN83763550019---11">
    <Authors>
      <Author>
        <Name>Fred</Name>
        <Email>fweasley@hogwarts.co.uk</Email>
      </Author>
      <Author>
        <Name>George</Name>
        <Email>gweasley@hogwarts.co.uk</Email>
      </Author>
    </Authors>
    <name>Book1</name>
  </book>
  <book year="2014" isbn="ISBN83763550019---11">
    <Authors>
      <Author>
        <Name>Fred</Name>
        <Email>fweasley@hogwarts.co.uk</Email>
      </Author>
      <Author>
        <Name>George</Name>
        <Email>gweasley@hogwarts.co.uk</Email>
      </Author>
    </Authors>
    <name>Book2</name>
  </book>
  <book year="2014" isbn="ISBN83763550019---11">
    <Authors>
      <Author>
        <Name>Fred</Name>
        <Email>fweasley@hogwarts.co.uk</Email>
      </Author>
      <Author>
        <Name>George</Name>
        <Email>gweasley@hogwarts.co.uk</Email>
      </Author>
    </Authors>
    <name>Book1</name>
  </book>
  <book year="2014" isbn="ISBN83763550019---11">
    <Authors>
      <Author>
        <Name>Fred</Name>
        <Email>fweasley@hogwarts.co.uk</Email>
      </Author>
      <Author>
        <Name>George</Name>
        <Email>gweasley@hogwarts.co.uk</Email>
      </Author>
    </Authors>
    <name>Book2</name>
  </book>
  <book year="2014" isbn="ISBN83763550019---11">
    <Authors>
      <Author>
        <Name>Fred</Name>
        <Email>fweasley@hogwarts.co.uk</Email>
      </Author>
      <Author>
        <Name>George</Name>
        <Email>gweasley@hogwarts.co.uk</Email>
      </Author>
    </Authors>
    <name>Book1</name>
  </book>
  <book year="2014" isbn="ISBN83763550019---11">
    <Authors>
      <Author>
        <Name>Fred</Name>
        <Email>fweasley@hogwarts.co.uk</Email>
      </Author>
      <Author>
        <Name>George</Name>
        <Email>gweasley@hogwarts.co.uk</Email>
      </Author>
    </Authors>
    <name>Book2</name>
  </book>
  <book year="2014" isbn="ISBN83763550019---11">
    <Authors>
      <Author>
        <Name>Fred</Name>
        <Email>fweasley@hogwarts.co.uk</Email>
      </Author>
      <Author>
        <Name>George</Name>
        <Email>gweasley@hogwarts.co.uk</Email>
      </Author>
    </Authors>
    <name>Book1</name>
  </book>
  <book year="2014" isbn="ISBN83763550019---11">
    <Authors>
      <Author>
        <Name>Fred</Name>
        <Email>fweasley@hogwarts.co.uk</Email>
      </Author>
      <Author>
        <Name>George</Name>
        <Email>gweasley@hogwarts.co.uk</Email>
      </Author>
    </Authors>
    <name>Book2</name>
  </book>
  <book year="2014" isbn="ISBN83763550019---11">
    <Authors>
      <Author>
        <Name>Fred</Name>
        <Email>fweasley@hogwarts.co.uk</Email>
      </Author>
      <Author>
        <Name>George</Name>
        <Email>gweasley@hogwarts.co.uk</Email>
      </Author>
    </Authors>
    <name>Book1</name>
  </book>
  <book year="2014" isbn="ISBN83763550019---11">
    <Authors>
      <Author>
        <Name>Fred</Name>
        <Email>fweasley@hogwarts.co.uk</Email>
      </Author>
      <Author>
        <Name>George</Name>
        <Email>gweasley@hogwarts.co.uk</Email>
      </Author>
    </Authors>
    <name>Book2</name>
  </book>
  <book year="2014" isbn="ISBN83763550019---11">
    <Authors>
      <Author>
        <Name>Fred</Name>
        <Email>fweasley@hogwarts.co.uk</Email>
      </Author>
      <Author>
        <Name>George</Name>
        <Email>gweasley@hogwarts.co.uk</Email>
      </Author>
    </Authors>
    <name>Book1</name>
  </book>
  <book year="2014" isbn="ISBN83763550019---11">
    <Authors>
      <Author>
        <Name>Fred</Name>
        <Email>fweasley@hogwarts.co.uk</Email>
      </Author>
      <Author>
        <Name>George</Name>
        <Email>gweasley@hogwarts.co.uk</Email>
      </Author>
    </Authors>
    <name>Book2</name>
  </book>
  <book year="2014" isbn="ISBN83763550019---11">
    <Authors>
      <Author>
        <Name>Fred</Name>
        <Email>fweasley@hogwarts.co.uk</Email>
      </Author>
      <Author>
        <Name>George</Name>
        <Email>gweasley@hogwarts.co.uk</Email>
      </Author>
    </Authors>
    <name>Book1</name>
  </book>
  <book year="2014" isbn="ISBN83763550019---11">
    <Authors>
      <Author>
        <Name>Fred</Name>
        <Email>fweasley@hogwarts.co.uk</Email>
      </Author>
      <Author>
        <Name>George</Name>
        <Email>gweasley@hogwarts.co.uk</Email>
      </Author>
    </Authors>
    <name>Book2</name>
  </book>
  <book year="2014" isbn="ISBN83763550019---11">
    <Authors>
      <Author>
        <Name>Fred</Name>
        <Email>fweasley@hogwarts.co.uk</Email>
      </Author>
      <Author>
        <Name>George</Name>
        <Email>gweasley@hogwarts.co.uk</Email>
      </Author>
    </Authors>
    <name>Book1</name>
  </book>
  <book year="2014" isbn="ISBN83763550019---11">
    <Authors>
      <Author>
        <Name>Fred</Name>
        <Email>fweasley@hogwarts.co.uk</Email>
      </Author>
      <Author>
        <Name>George</Name>
        <Email>gweasley@hogwarts.co.uk</Email>
      </Author>
    </Authors>
    <name>Book2</name>
  </book>
  <book year="2014" isbn="ISBN83763550019---11">
    <Authors>
      <Author>
        <Name>Fred</Name>
        <Email>fweasley@hogwarts.co.uk</Email>
      </Author>
      <Author>
        <Name>George</Name>
        <Email>gweasley@hogwarts.co.uk</Email>
      </Author>
    </Authors>
    <name>Book1</name>
  </book>
  <book year="2014" isbn="ISBN83763550019---11">
    <Authors>
      <Author>
        <Name>Fred</Name>
        <Email>fweasley@hogwarts.co.uk</Email>
      </Author>
      <Author>
        <Name>George</Name>
        <Email>gweasley@hogwarts.co.uk</Email>
      </Author>
    </Authors>
    <name>Book2</name>
  </book>
  <book year="2014" isbn="ISBN83763550019---11">
    <Authors>
      <Author>
        <Name>Fred</Name>
        <Email>fweasley@hogwarts.co.uk</Email>
      </Author>
      <Author>
        <Name>George</Name>
        <Email>gweasley@hogwarts.co.uk</Email>
      </Author>
    </Authors>
    <name>Book1</name>
  </book>
  <book year="2014" isbn="ISBN83763550019---11">
    <Authors>
      <Author>
        <Name>Fred</Name>
        <Email>fweasley@hogwarts.co.uk</Email>
      </Author>
      <Author>
        <Name>George</Name>
        <Email>gweasley@hogwarts.co.uk</Email>
      </Author>
    </Authors>
    <name>Book2</name>
  </book>
  <book year="2014" isbn="ISBN83763550019---11">
    <Authors>
      <Author>
        <Name>Fred</Name>
        <Email>fweasley@hogwarts.co.uk</Email>
      </Author>
      <Author>
        <Name>George</Name>
        <Email>gweasley@hogwarts.co.uk</Email>
      </Author>
    </Authors>
    <name>Book1</name>
  </book>
  <book year="2014" isbn="ISBN83763550019---11">
    <Authors>
      <Author>
        <Name>Fred</Name>
        <Email>fweasley@hogwarts.co.uk</Email>
      </Author>
      <Author>
        <Name>George</Name>
        <Email>gweasley@hogwarts.co.uk</Email>
      </Author>
    </Authors>
    <name>Book2</name>
  </book>
  <book year="2014" isbn="ISBN83763550019---11">
    <Authors>
      <Author>
        <Name>Fred</Name>
        <Email>fweasley@hogwarts.co.uk</Email>
      </Author>
      <Author>
        <Name>George</Name>
        <Email>gweasley@hogwarts.co.uk</Email>
      </Author>
    </Authors>
    <name>Book1</name>
  </book>
  <book year="2014" isbn="ISBN83763550019---11">
    <Authors>
      <Author>
        <Name>Fred</Name>
        <Email>fweasley@hogwarts.co.uk</Email>
      </Author>
      <Author>
        <Name>George</Name>
        <Email>gweasley@hogwarts.co.uk</Email>
      </Author>
    </Authors>
    <name>Book2</name>
  </book>
  <book year="2014" isbn="ISBN83763550019---11">
    <Authors>
      <Author>
        <Name>Fred</Name>
        <Email>fweasley@hogwarts.co.uk</Email>
      </Author>
      <Author>
        <Name>George</Name>
        <Email>gweasley@hogwarts.co.uk</Email>
      </Author>
    </Authors>
    <name>Book1</name>
  </book>
  <book year="2014" isbn="ISBN83763550019---11">
    <Authors>
      <Author>
        <Name>Fred</Name>
        <Email>fweasley@hogwarts.co.uk</Email>
      </Author>
      <Author>
        <Name>George</Name>
        <Email>gweasley@hogwarts.co.uk</Email>
      </Author>
    </Authors>
    <name>Book2</name>
  </book>
  <book year="2014" isbn="ISBN83763550019---11">
    <Authors>
      <Author>
        <Name>Fred</Name>
        <Email>fweasley@hogwarts.co.uk</Email>
      </Author>
      <Author>
        <Name>George</Name>
        <Email>gweasley@hogwarts.co.uk</Email>
      </Author>
    </Authors>
    <name>Book1</name>
  </book>
  <book year="2014" isbn="ISBN83763550019---11">
    <Authors>
      <Author>
        <Name>Fred</Name>
        <Email>fweasley@hogwarts.co.uk</Email>
      </Author>
      <Author>
        <Name>George</Name>
        <Email>gweasley@hogwarts.co.uk</Email>
      </Author>
    </Authors>
    <name>Book2</name>
  </book>
  <book year="2014" isbn="ISBN83763550019---11">
    <Authors>
      <Author>
        <Name>Fred</Name>
        <Email>fweasley@hogwarts.co.uk</Email>
      </Author>
      <Author>
        <Name>George</Name>
        <Email>gweasley@hogwarts.co.uk</Email>
      </Author>
    </Authors>
    <name>Book1</name>
  </book>
  <book year="2014" isbn="ISBN83763550019---11">
    <Authors>
      <Author>
        <Name>Fred</Name>
        <Email>fweasley@hogwarts.co.uk</Email>
      </Author>
      <Author>
        <Name>George</Name>
        <Email>gweasley@hogwarts.co.uk</Email>
      </Author>
    </Authors>
    <name>Book2</name>
  </book>
  <book year="2014" isbn="ISBN83763550019---11">
    <Authors>
      <Author>
        <Name>Fred</Name>
        <Email>fweasley@hogwarts.co.uk</Email>
      </Author>
      <Author>
        <Name>George</Name>
        <Email>gweasley@hogwarts.co.uk</Email>
      </Author>
    </Authors>
    <name>Book1</name>
  </book>
  <book year="2014" isbn="ISBN83763550019---11">
    <Authors>
      <Author>
        <Name>Fred</Name>
        <Email>fweasley@hogwarts.co.uk</Email>
      </Author>
      <Author>
        <Name>George</Name>
        <Email>gweasley@hogwarts.co.uk</Email>
      </Author>
    </Authors>
    <name>Book2</name>
  </book>
  <book year="2014" isbn="ISBN83763550019---11">
    <Authors>
      <Author>
        <Name>Fred</Name>
        <Email>fweasley@hogwarts.co.uk</Email>
      </Author>
      <Author>
        <Name>George</Name>
        <Email>gweasley@hogwarts.co.uk</Email>
      </Author>
    </Authors>
    <name>Book1</name>
  </book>
  <book year="2014" isbn="ISBN83763550019---11">
    <Authors>
      <Author>
        <Name>Fred</Name>
        <Email>fweasley@hogwarts.co.uk</Email>
      </Author>
      <Author>
        <Name>George</Name>
        <Email>gweasley@hogwarts.co.uk</Email>
      </Author>
    </Authors>
    <name>Book2</name>
  </book>
  <book year="2014" isbn="ISBN83763550019---11">
    <Authors>
      <Author>
        <Name>Fred</Name>
        <Email>fweasley@hogwarts.co.uk</Email>
      </Author>
      <Author>
        <Name>George</Name>
        <Email>gweasley@hogwarts.co.uk</Email>
      </Author>
    </Authors>
    <name>Book1</name>
  </book>
  <book year="2014" isbn="ISBN83763550019---11">
    <Authors>
      <Author>
        <Name>Fred</Name>
        <Email>fweasley@hogwarts.co.uk</Email>
      </Author>
      <Author>
        <Name>George</Name>
        <Email>gweasley@hogwarts.co.uk</Email>
      </Author>
    </Authors>
    <name>Book2</name>
  </book>
  <book year="2014" isbn="ISBN83763550019---11">
    <Authors>
      <Author>
        <Name>Fred</Name>
        <Email>fweasley@hogwarts.co.uk</Email>
      </Author>
      <Author>
        <Name>George</Name>
        <Email>gweasley@hogwarts.co.uk</Email>
      </Author>
    </Authors>
    <name>Book1</name>
  </book>
  <book year="2014" isbn="ISBN83763550019---11">
    <Authors>
      <Author>
        <Name>Fred</Name>
        <Email>fweasley@hogwarts.co.uk</Email>
      </Author>
      <Author>
        <Name>George</Name>
        <Email>gweasley@hogwarts.co.uk</Email>
      </Author>
    </Authors>
    <name>Book2</name>
  </book>
  <book year="2014" isbn="ISBN83763550019---11">
    <Authors>
      <Author>
        <Name>Fred</Name>
        <Email>fweasley@hogwarts.co.uk</Email>
      </Author>
      <Author>
        <Name>George</Name>
        <Email>gweasley@hogwarts.co.uk</Email>
      </Author>
    </Authors>
    <name>Book1</name>
  </book>
  <book year="2014" isbn="ISBN83763550019---11">
    <Authors>
      <Author>
        <Name>Fred</Name>
        <Email>fweasley@hogwarts.co.uk</Email>
      </Author>
      <Author>
        <Name>George</Name>
        <Email>gweasley@hogwarts.co.uk</Email>
      </Author>
    </Authors>
    <name>Book2</name>
  </book>
  <book year="2014" isbn="ISBN83763550019---11">
    <Authors>
      <Author>
        <Name>Fred</Name>
        <Email>fweasley@hogwarts.co.uk</Email>
      </Author>
      <Author>
        <Name>George</Name>
        <Email>gweasley@hogwarts.co.uk</Email>
      </Author>
    </Authors>
    <name>Book1</name>
  </book>
  <book year="2014" isbn="ISBN83763550019---11">
    <Authors>
      <Author>
        <Name>Fred</Name>
        <Email>fweasley@hogwarts.co.uk</Email>
      </Author>
      <Author>
        <Name>George</Name>
        <Email>gweasley@hogwarts.co.uk</Email>
      </Author>
    </Authors>
    <name>Book2</name>
  </book>
  <book year="2014" isbn="ISBN83763550019---11">
    <Authors>
      <Author>
        <Name>Fred</Name>
        <Email>fweasley@hogwarts.co.uk</Email>
      </Author>
      <Author>
        <Name>George</Name>
        <Email>gweasley@hogwarts.co.uk</Email>
      </Author>
    </Authors>
    <name>Book1</name>
  </book>
  <book year="2014" isbn="ISBN83763550019---11">
    <Authors>
      <Author>
        <Name>Fred</Name>
        <Email>fweasley@hogwarts.co.uk</Email>
      </Author>
      <Author>
        <Name>George</Name>
        <Email>gweasley@hogwarts.co.uk</Email>
      </Author>
    </Authors>
    <name>Book2</name>
  </book>
  <book year="2014" isbn="ISBN83763550019---11">
    <Authors>
      <Author>
        <Name>Fred</Name>
        <Email>fweasley@hogwarts.co.uk</Email>
      </Author>
      <Author>
        <Name>George</Name>
        <Email>gweasley@hogwarts.co.uk</Email>
      </Author>
    </Authors>
    <name>Book1</name>
  </book>
  <book year="2014" isbn="ISBN83763550019---11">
    <Authors>
      <Author>
        <Name>Fred</Name>
        <Email>fweasley@hogwarts.co.uk</Email>
      </Author>
      <Author>
        <Name>George</Name>
        <Email>gweasley@hogwarts.co.uk</Email>
      </Author>
    </Authors>
    <name>Book2</name>
  </book>
  <book year="2014" isbn="ISBN83763550019---11">
    <Authors>
      <Author>
        <Name>Fred</Name>
        <Email>fweasley@hogwarts.co.uk</Email>
      </Author>
      <Author>
        <Name>George</Name>
        <Email>gweasley@hogwarts.co.uk</Email>
      </Author>
    </Authors>
    <name>Book1</name>
  </book>
  <book year="2014" isbn="ISBN83763550019---11">
    <Authors>
      <Author>
        <Name>Fred</Name>
        <Email>fweasley@hogwarts.co.uk</Email>
      </Author>
      <Author>
        <Name>George</Name>
        <Email>gweasley@hogwarts.co.uk</Email>
      </Author>
    </Authors>
    <name>Book2</name>
  </book>
  <book year="2014" isbn="ISBN83763550019---11">
    <Authors>
      <Author>
        <Name>Fred</Name>
        <Email>fweasley@hogwarts.co.uk</Email>
      </Author>
      <Author>
        <Name>George</Name>
        <Email>gweasley@hogwarts.co.uk</Email>
      </Author>
    </Authors>
    <name>Book1</name>
  </book>
  <book year="2014" isbn="ISBN83763550019---11">
    <Authors>
      <Author>
        <Name>Fred</Name>
        <Email>fweasley@hogwarts.co.uk</Email>
      </Author>
      <Author>
        <Name>George</Name>
        <Email>gweasley@hogwarts.co.uk</Email>
      </Author>
    </Authors>
    <name>Book2</name>
  </book>
  <book year="2014" isbn="ISBN83763550019---11">
    <Authors>
      <Author>
        <Name>Fred</Name>
        <Email>fweasley@hogwarts.co.uk</Email>
      </Author>
      <Author>
        <Name>George</Name>
        <Email>gweasley@hogwarts.co.uk</Email>
      </Author>
    </Authors>
    <name>Book1</name>
  </book>
  <book year="2014" isbn="ISBN83763550019---11">
    <Authors>
      <Author>
        <Name>Fred</Name>
        <Email>fweasley@hogwarts.co.uk</Email>
      </Author>
      <Author>
        <Name>George</Name>
        <Email>gweasley@hogwarts.co.uk</Email>
      </Author>
    </Authors>
    <name>Book2</name>
  </book>
  <book year="2014" isbn="ISBN83763550019---11">
    <Authors>
      <Author>
        <Name>Fred</Name>
        <Email>fweasley@hogwarts.co.uk</Email>
      </Author>
      <Author>
        <Name>George</Name>
        <Email>gweasley@hogwarts.co.uk</Email>
      </Author>
    </Authors>
    <name>Book1</name>
  </book>
  <book year="2014" isbn="ISBN83763550019---11">
    <Authors>
      <Author>
        <Name>Fred</Name>
        <Email>fweasley@hogwarts.co.uk</Email>
      </Author>
      <Author>
        <Name>George</Name>
        <Email>gweasley@hogwarts.co.uk</Email>
      </Author>
    </Authors>
    <name>Book2</name>
  </book>
  <book year="2014" isbn="ISBN83763550019---11">
    <Authors>
      <Author>
        <Name>Fred</Name>
        <Email>fweasley@hogwarts.co.uk</Email>
      </Author>
      <Author>
        <Name>George</Name>
        <Email>gweasley@hogwarts.co.uk</Email>
      </Author>
    </Authors>
    <name>Book1</name>
  </book>
  <book year="2014" isbn="ISBN83763550019---11">
    <Authors>
      <Author>
        <Name>Fred</Name>
        <Email>fweasley@hogwarts.co.uk</Email>
      </Author>
      <Author>
        <Name>George</Name>
        <Email>gweasley@hogwarts.co.uk</Email>
      </Author>
    </Authors>
    <name>Book2</name>
  </book>
  <book year="2014" isbn="ISBN83763550019---11">
    <Authors>
      <Author>
        <Name>Fred</Name>
        <Email>fweasley@hogwarts.co.uk</Email>
      </Author>
      <Author>
        <Name>George</Name>
        <Email>gweasley@hogwarts.co.uk</Email>
      </Author>
    </Authors>
    <name>Book1</name>
  </book>
  <book year="2014" isbn="ISBN83763550019---11">
    <Authors>
      <Author>
        <Name>Fred</Name>
        <Email>fweasley@hogwarts.co.uk</Email>
      </Author>
      <Author>
        <Name>George</Name>
        <Email>gweasley@hogwarts.co.uk</Email>
      </Author>
    </Authors>
    <name>Book2</name>
  </book>
  <book year="2014" isbn="ISBN83763550019---11">
    <Authors>
      <Author>
        <Name>Fred</Name>
        <Email>fweasley@hogwarts.co.uk</Email>
      </Author>
      <Author>
        <Name>George</Name>
        <Email>gweasley@hogwarts.co.uk</Email>
      </Author>
    </Authors>
    <name>Book1</name>
  </book>
  <book year="2014" isbn="ISBN83763550019---11">
    <Authors>
      <Author>
        <Name>Fred</Name>
        <Email>fweasley@hogwarts.co.uk</Email>
      </Author>
      <Author>
        <Name>George</Name>
        <Email>gweasley@hogwarts.co.uk</Email>
      </Author>
    </Authors>
    <name>Book2</name>
  </book>
  <book year="2014" isbn="ISBN83763550019---11">
    <Authors>
      <Author>
        <Name>Fred</Name>
        <Email>fweasley@hogwarts.co.uk</Email>
      </Author>
      <Author>
        <Name>George</Name>
        <Email>gweasley@hogwarts.co.uk</Email>
      </Author>
    </Authors>
    <name>Book1</name>
  </book>
  <book year="2014" isbn="ISBN83763550019---11">
    <Authors>
      <Author>
        <Name>Fred</Name>
        <Email>fweasley@hogwarts.co.uk</Email>
      </Author>
      <Author>
        <Name>George</Name>
        <Email>gweasley@hogwarts.co.uk</Email>
      </Author>
    </Authors>
    <name>Book2</name>
  </book>
  <book>
    <Authors>
      <Author>
        <Name>Fred</Name>
        <Email>fweasley@hogwarts.co.uk</Email>
      </Author>
      <Author>
        <Name>George</Name>
        <Email>gweasley@hogwarts.co.uk</Email>
      </Author>
    </Authors>
    <name>Book1</name>
  </book>
  <book>
    <Authors>
      <Author>
        <Name>Fred</Name>
        <Email>fweasley@hogwarts.co.uk</Email>
      </Author>
      <Author>
        <Name>George</Name>
        <Email>gweasley@hogwarts.co.uk</Email>
      </Author>
    </Authors>
    <name>Book1</name>
  </book>
  <book>
    <Authors>
      <Author>
        <Name>Fred</Name>
        <Email>fweasley@hogwarts.co.uk</Email>
      </Author>
      <Author>
        <Name>George</Name>
        <Email>gweasley@hogwarts.co.uk</Email>
      </Author>
    </Authors>
    <name>Book1</name>
  </book>
  <book>
    <Authors>
      <Author>
        <Name>Fred</Name>
        <Email>fweasley@hogwarts.co.uk</Email>
      </Author>
      <Author>
        <Name>George</Name>
        <Email>gweasley@hogwarts.co.uk</Email>
      </Author>
    </Authors>
    <name>Book1</name>
  </book>
  <book>
    <Authors>
      <Author>
        <Name>Fred</Name>
        <Email>fweasley@hogwarts.co.uk</Email>
      </Author>
      <Author>
        <Name>George</Name>
        <Email>gweasley@hogwarts.co.uk</Email>
      </Author>
    </Authors>
    <name>Book1</name>
  </book>
  <book>
    <Authors>
      <Author>
        <Name>Fred</Name>
        <Email>fweasley@hogwarts.co.uk</Email>
      </Author>
      <Author>
        <Name>George</Name>
        <Email>gweasley@hogwarts.co.uk</Email>
      </Author>
    </Authors>
    <name>Book1</name>
  </book>
  <book>
    <Authors>
      <Author>
        <Name>Fred</Name>
        <Email>fweasley@hogwarts.co.uk</Email>
      </Author>
      <Author>
        <Name>George</Name>
        <Email>gweasley@hogwarts.co.uk</Email>
      </Author>
    </Authors>
    <name>Book1</name>
  </book>
  <book>
    <Authors>
      <Author>
        <Name>Fred</Name>
        <Email>fweasley@hogwarts.co.uk</Email>
      </Author>
      <Author>
        <Name>George</Name>
        <Email>gweasley@hogwarts.co.uk</Email>
      </Author>
    </Authors>
    <name>Book1</name>
  </book>
  <book>
    <Authors>
      <Author>
        <Name>Fred</Name>
        <Email>fweasley@hogwarts.co.uk</Email>
      </Author>
      <Author>
        <Name>George</Name>
        <Email>gweasley@hogwarts.co.uk</Email>
      </Author>
    </Authors>
    <name>Book1</name>
  </book>
  <book>
    <Authors>
      <Author>
        <Name>Fred</Name>
        <Email>fweasley@hogwarts.co.uk</Email>
      </Author>
      <Author>
        <Name>George</Name>
        <Email>gweasley@hogwarts.co.uk</Email>
      </Author>
    </Authors>
    <name>Book1</name>
  </book>
  <book>
    <Authors>
      <Author>
        <Name>Fred</Name>
        <Email>fweasley@hogwarts.co.uk</Email>
      </Author>
      <Author>
        <Name>George</Name>
        <Email>gweasley@hogwarts.co.uk</Email>
      </Author>
    </Authors>
    <name>Book1</name>
  </book>
  <book>
    <Authors>
      <Author>
        <Name>Fred</Name>
        <Email>fweasley@hogwarts.co.uk</Email>
      </Author>
      <Author>
        <Name>George</Name>
        <Email>gweasley@hogwarts.co.uk</Email>
      </Author>
    </Authors>
    <name>Book1</name>
  </book>
  <book>
    <Authors>
      <Author>
        <Name>Fred</Name>
        <Email>fweasley@hogwarts.co.uk</Email>
      </Author>
      <Author>
        <Name>George</Name>
        <Email>gweasley@hogwarts.co.uk</Email>
      </Author>
    </Authors>
    <name>Book1</name>
  </book>
  <book>
    <Authors>
      <Author>
        <Name>Fred</Name>
        <Email>fweasley@hogwarts.co.uk</Email>
      </Author>
      <Author>
        <Name>George</Name>
        <Email>gweasley@hogwarts.co.uk</Email>
      </Author>
    </Authors>
    <name>Book1</name>
  </book>
  <book>
    <Authors>
      <Author>
        <Name>Fred</Name>
        <Email>fweasley@hogwarts.co.uk</Email>
      </Author>
      <Author>
        <Name>George</Name>
        <Email>gweasley@hogwarts.co.uk</Email>
      </Author>
    </Authors>
    <name>Book1</name>
  </book>
  <book>
    <Authors>
      <Author>
        <Name>Fred</Name>
        <Email>fweasley@hogwarts.co.uk</Email>
      </Author>
      <Author>
        <Name>George</Name>
        <Email>gweasley@hogwarts.co.uk</Email>
      </Author>
    </Authors>
    <name>Book1</name>
  </book>
  <book>
    <Authors>
      <Author>
        <Name>Fred</Name>
        <Email>fweasley@hogwarts.co.uk</Email>
      </Author>
      <Author>
        <Name>George</Name>
        <Email>gweasley@hogwarts.co.uk</Email>
      </Author>
    </Authors>
    <name>Book1</name>
  </book>
  <book>
    <Authors>
      <Author>
        <Name>Fred</Name>
        <Email>fweasley@hogwarts.co.uk</Email>
      </Author>
      <Author>
        <Name>George</Name>
        <Email>gweasley@hogwarts.co.uk</Email>
      </Author>
    </Authors>
    <name>Book1</name>
  </book>
  <book>
    <Authors>
      <Author>
        <Name>Fred</Name>
        <Email>fweasley@hogwarts.co.uk</Email>
      </Author>
      <Author>
        <Name>George</Name>
        <Email>gweasley@hogwarts.co.uk</Email>
      </Author>
    </Authors>
    <name>Book1</name>
  </book>
  <book>
    <Authors>
      <Author>
        <Name>Fred</Name>
        <Email>fweasley@hogwarts.co.uk</Email>
      </Author>
      <Author>
        <Name>George</Name>
        <Email>gweasley@hogwarts.co.uk</Email>
      </Author>
    </Authors>
    <name>Book1</name>
  </book>
  <book>
    <Authors>
      <Author>
        <Name>Fred</Name>
        <Email>fweasley@hogwarts.co.uk</Email>
      </Author>
      <Author>
        <Name>George</Name>
        <Email>gweasley@hogwarts.co.uk</Email>
      </Author>
    </Authors>
    <name>Book1</name>
  </book>
  <book>
    <Authors>
      <Author>
        <Name>Fred</Name>
        <Email>fweasley@hogwarts.co.uk</Email>
      </Author>
      <Author>
        <Name>George</Name>
        <Email>gweasley@hogwarts.co.uk</Email>
      </Author>
    </Authors>
    <name>Book1</name>
  </book>
  <book>
    <Authors>
      <Author>
        <Name>Fred</Name>
        <Email>fweasley@hogwarts.co.uk</Email>
      </Author>
      <Author>
        <Name>George</Name>
        <Email>gweasley@hogwarts.co.uk</Email>
      </Author>
    </Authors>
    <name>Book1</name>
  </book>
  <book>
    <Authors>
      <Author>
        <Name>Fred</Name>
        <Email>fweasley@hogwarts.co.uk</Email>
      </Author>
      <Author>
        <Name>George</Name>
        <Email>gweasley@hogwarts.co.uk</Email>
      </Author>
    </Authors>
    <name>Book1</name>
  </book>
  <book>
    <Authors>
      <Author>
        <Name>Fred</Name>
        <Email>fweasley@hogwarts.co.uk</Email>
      </Author>
      <Author>
        <Name>George</Name>
        <Email>gweasley@hogwarts.co.uk</Email>
      </Author>
    </Authors>
    <name>Book1</name>
  </book>
  <book>
    <Authors>
      <Author>
        <Name>Fred</Name>
        <Email>fweasley@hogwarts.co.uk</Email>
      </Author>
      <Author>
        <Name>George</Name>
        <Email>gweasley@hogwarts.co.uk</Email>
      </Author>
    </Authors>
    <name>Book1</name>
  </book>
  <book>
    <Authors>
      <Author>
        <Name>Fred</Name>
        <Email>fweasley@hogwarts.co.uk</Email>
      </Author>
      <Author>
        <Name>George</Name>
        <Email>gweasley@hogwarts.co.uk</Email>
      </Author>
    </Authors>
    <name>Book1</name>
  </book>
  <book>
    <Authors>
      <Author>
        <Name>Fred</Name>
        <Email>fweasley@hogwarts.co.uk</Email>
      </Author>
      <Author>
        <Name>George</Name>
        <Email>gweasley@hogwarts.co.uk</Email>
      </Author>
    </Authors>
    <name>Book1</name>
  </book>
  <book>
    <Authors>
      <Author>
        <Name>Fred</Name>
        <Email>fweasley@hogwarts.co.uk</Email>
      </Author>
      <Author>
        <Name>George</Name>
        <Email>gweasley@hogwarts.co.uk</Email>
      </Author>
    </Authors>
    <name>Book1</name>
  </book>
  <book>
    <Authors>
      <Author>
        <Name>Fred</Name>
        <Email>fweasley@hogwarts.co.uk</Email>
      </Author>
      <Author>
        <Name>George</Name>
        <Email>gweasley@hogwarts.co.uk</Email>
      </Author>
    </Authors>
    <name>Book1</name>
  </book>
  <book>
    <Authors>
      <Author>
        <Name>Fred</Name>
        <Email>fweasley@hogwarts.co.uk</Email>
      </Author>
      <Author>
        <Name>George</Name>
        <Email>gweasley@hogwarts.co.uk</Email>
      </Author>
    </Authors>
    <name>Book1</name>
  </book>
  <book>
    <Authors>
      <Author>
        <Name>Fred</Name>
        <Email>fweasley@hogwarts.co.uk</Email>
      </Author>
      <Author>
        <Name>George</Name>
        <Email>gweasley@hogwarts.co.uk</Email>
      </Author>
    </Authors>
    <name>Book1</name>
  </book>
  <book>
    <Authors>
      <Author>
        <Name>Fred</Name>
        <Email>fweasley@hogwarts.co.uk</Email>
      </Author>
      <Author>
        <Name>George</Name>
        <Email>gweasley@hogwarts.co.uk</Email>
      </Author>
    </Authors>
    <name>Book1</name>
  </book>
  <book>
    <Authors>
      <Author>
        <Name>Fred</Name>
        <Email>fweasley@hogwarts.co.uk</Email>
      </Author>
      <Author>
        <Name>George</Name>
        <Email>gweasley@hogwarts.co.uk</Email>
      </Author>
    </Authors>
    <name>Book1</name>
  </book>
  <book>
    <Authors>
      <Author>
        <Name>Fred</Name>
        <Email>fweasley@hogwarts.co.uk</Email>
      </Author>
      <Author>
        <Name>George</Name>
        <Email>gweasley@hogwarts.co.uk</Email>
      </Author>
    </Authors>
    <name>Book1</name>
  </book>
  <book>
    <Authors>
      <Author>
        <Name>Fred</Name>
        <Email>fweasley@hogwarts.co.uk</Email>
      </Author>
      <Author>
        <Name>George</Name>
        <Email>gweasley@hogwarts.co.uk</Email>
      </Author>
    </Authors>
    <name>Book1</name>
  </book>
  <book>
    <Authors>
      <Author>
        <Name>Fred</Name>
        <Email>fweasley@hogwarts.co.uk</Email>
      </Author>
      <Author>
        <Name>George</Name>
        <Email>gweasley@hogwarts.co.uk</Email>
      </Author>
    </Authors>
    <name>Book1</name>
  </book>
  <book>
    <Authors>
      <Author>
        <Name>Fred</Name>
        <Email>fweasley@hogwarts.co.uk</Email>
      </Author>
      <Author>
        <Name>George</Name>
        <Email>gweasley@hogwarts.co.uk</Email>
      </Author>
    </Authors>
    <name>Book1</name>
  </book>
  <book>
    <Authors>
      <Author>
        <Name>Fred</Name>
        <Email>fweasley@hogwarts.co.uk</Email>
      </Author>
      <Author>
        <Name>George</Name>
        <Email>gweasley@hogwarts.co.uk</Email>
      </Author>
    </Authors>
    <name>Book1</name>
  </book>
  <book>
    <Authors>
      <Author>
        <Name>Fred</Name>
        <Email>fweasley@hogwarts.co.uk</Email>
      </Author>
      <Author>
        <Name>George</Name>
        <Email>gweasley@hogwarts.co.uk</Email>
      </Author>
    </Authors>
    <name>Book1</name>
  </book>
  <book>
    <Authors>
      <Author>
        <Name>Fred</Name>
        <Email>fweasley@hogwarts.co.uk</Email>
      </Author>
      <Author>
        <Name>George</Name>
        <Email>gweasley@hogwarts.co.uk</Email>
      </Author>
    </Authors>
    <name>Book1</name>
  </book>
  <book>
    <Authors>
      <Author>
        <Name>Fred</Name>
        <Email>fweasley@hogwarts.co.uk</Email>
      </Author>
      <Author>
        <Name>George</Name>
        <Email>gweasley@hogwarts.co.uk</Email>
      </Author>
    </Authors>
    <name>Book1</name>
  </book>
  <book>
    <Authors>
      <Author>
        <Name>Fred</Name>
        <Email>fweasley@hogwarts.co.uk</Email>
      </Author>
      <Author>
        <Name>George</Name>
        <Email>gweasley@hogwarts.co.uk</Email>
      </Author>
    </Authors>
    <name>Book1</name>
  </book>
  <book>
    <Authors>
      <Author>
        <Name>Fred</Name>
        <Email>fweasley@hogwarts.co.uk</Email>
      </Author>
      <Author>
        <Name>George</Name>
        <Email>gweasley@hogwarts.co.uk</Email>
      </Author>
    </Authors>
    <name>Book1</name>
  </book>
  <book>
    <Authors>
      <Author>
        <Name>Fred</Name>
        <Email>fweasley@hogwarts.co.uk</Email>
      </Author>
      <Author>
        <Name>George</Name>
        <Email>gweasley@hogwarts.co.uk</Email>
      </Author>
    </Authors>
    <name>Book1</name>
  </book>
  <book>
    <Authors>
      <Author>
        <Name>Fred</Name>
        <Email>fweasley@hogwarts.co.uk</Email>
      </Author>
      <Author>
        <Name>George</Name>
        <Email>gweasley@hogwarts.co.uk</Email>
      </Author>
    </Authors>
    <name>Book1</name>
  </book>
  <book>
    <Authors>
      <Author>
        <Name>Fred</Name>
        <Email>fweasley@hogwarts.co.uk</Email>
      </Author>
      <Author>
        <Name>George</Name>
        <Email>gweasley@hogwarts.co.uk</Email>
      </Author>
    </Authors>
    <name>Book1</name>
  </book>
  <book>
    <Authors>
      <Author>
        <Name>Fred</Name>
        <Email>fweasley@hogwarts.co.uk</Email>
      </Author>
      <Author>
        <Name>George</Name>
        <Email>gweasley@hogwarts.co.uk</Email>
      </Author>
    </Authors>
    <name>Book1</name>
  </book>
  <book>
    <Authors>
      <Author>
        <Name>Fred</Name>
        <Email>fweasley@hogwarts.co.uk</Email>
      </Author>
      <Author>
        <Name>George</Name>
        <Email>gweasley@hogwarts.co.uk</Email>
      </Author>
    </Authors>
    <name>Book1</name>
  </book>
  <book>
    <Authors>
      <Author>
        <Name>Fred</Name>
        <Email>fweasley@hogwarts.co.uk</Email>
      </Author>
      <Author>
        <Name>George</Name>
        <Email>gweasley@hogwarts.co.uk</Email>
      </Author>
    </Authors>
    <name>Book1</name>
  </book>
  <book>
    <Authors>
      <Author>
        <Name>Fred</Name>
        <Email>fweasley@hogwarts.co.uk</Email>
      </Author>
      <Author>
        <Name>George</Name>
        <Email>gweasley@hogwarts.co.uk</Email>
      </Author>
    </Authors>
    <name>Book1</name>
  </book>
  <book>
    <Authors>
      <Author>
        <Name>Fred</Name>
        <Email>fweasley@hogwarts.co.uk</Email>
      </Author>
      <Author>
        <Name>George</Name>
        <Email>gweasley@hogwarts.co.uk</Email>
      </Author>
    </Authors>
    <name>Book1</name>
  </book>
  <book>
    <Authors>
      <Author>
        <Name>Fred</Name>
        <Email>fweasley@hogwarts.co.uk</Email>
      </Author>
      <Author>
        <Name>George</Name>
        <Email>gweasley@hogwarts.co.uk</Email>
      </Author>
    </Authors>
    <name>Book1</name>
  </book>
  <book>
    <Authors>
      <Author>
        <Name>Fred</Name>
        <Email>fweasley@hogwarts.co.uk</Email>
      </Author>
      <Author>
        <Name>George</Name>
        <Email>gweasley@hogwarts.co.uk</Email>
      </Author>
    </Authors>
    <name>Book1</name>
  </book>
  <book>
    <Authors>
      <Author>
        <Name>Fred</Name>
        <Email>fweasley@hogwarts.co.uk</Email>
      </Author>
      <Author>
        <Name>George</Name>
        <Email>gweasley@hogwarts.co.uk</Email>
      </Author>
    </Authors>
    <name>Book1</name>
  </book>
  <book>
    <Authors>
      <Author>
        <Name>Fred</Name>
        <Email>fweasley@hogwarts.co.uk</Email>
      </Author>
      <Author>
        <Name>George</Name>
        <Email>gweasley@hogwarts.co.uk</Email>
      </Author>
    </Authors>
    <name>Book1</name>
  </book>
  <book>
    <Authors>
      <Author>
        <Name>Fred</Name>
        <Email>fweasley@hogwarts.co.uk</Email>
      </Author>
      <Author>
        <Name>George</Name>
        <Email>gweasley@hogwarts.co.uk</Email>
      </Author>
    </Authors>
    <name>Book1</name>
  </book>
  <book>
    <Authors>
      <Author>
        <Name>Fred</Name>
        <Email>fweasley@hogwarts.co.uk</Email>
      </Author>
      <Author>
        <Name>George</Name>
        <Email>gweasley@hogwarts.co.uk</Email>
      </Author>
    </Authors>
    <name>Book1</name>
  </book>
  <book>
    <Authors>
      <Author>
        <Name>Fred</Name>
        <Email>fweasley@hogwarts.co.uk</Email>
      </Author>
      <Author>
        <Name>George</Name>
        <Email>gweasley@hogwarts.co.uk</Email>
      </Author>
    </Authors>
    <name>Book1</name>
  </book>
  <book>
    <Authors>
      <Author>
        <Name>Fred</Name>
        <Email>fweasley@hogwarts.co.uk</Email>
      </Author>
      <Author>
        <Name>George</Name>
        <Email>gweasley@hogwarts.co.uk</Email>
      </Author>
    </Authors>
    <name>Book1</name>
  </book>
  <book>
    <Authors>
      <Author>
        <Name>Fred</Name>
        <Email>fweasley@hogwarts.co.uk</Email>
      </Author>
      <Author>
        <Name>George</Name>
        <Email>gweasley@hogwarts.co.uk</Email>
      </Author>
    </Authors>
    <name>Book1</name>
  </book>
  <book>
    <Authors>
      <Author>
        <Name>Fred</Name>
        <Email>fweasley@hogwarts.co.uk</Email>
      </Author>
      <Author>
        <Name>George</Name>
        <Email>gweasley@hogwarts.co.uk</Email>
      </Author>
    </Authors>
    <name>Book1</name>
  </book>
  <book>
    <Authors>
      <Author>
        <Name>Fred</Name>
        <Email>fweasley@hogwarts.co.uk</Email>
      </Author>
      <Author>
        <Name>George</Name>
        <Email>gweasley@hogwarts.co.uk</Email>
      </Author>
    </Authors>
    <name>Book1</name>
  </book>
  <book>
    <Authors>
      <Author>
        <Name>Fred</Name>
        <Email>fweasley@hogwarts.co.uk</Email>
      </Author>
      <Author>
        <Name>George</Name>
        <Email>gweasley@hogwarts.co.uk</Email>
      </Author>
    </Authors>
    <name>Book1</name>
  </book>
  <book>
    <Authors>
      <Author>
        <Name>Fred</Name>
        <Email>fweasley@hogwarts.co.uk</Email>
      </Author>
      <Author>
        <Name>George</Name>
        <Email>gweasley@hogwarts.co.uk</Email>
      </Author>
    </Authors>
    <name>Book1</name>
  </book>
  <book>
    <Authors>
      <Author>
        <Name>Fred</Name>
        <Email>fweasley@hogwarts.co.uk</Email>
      </Author>
      <Author>
        <Name>George</Name>
        <Email>gweasley@hogwarts.co.uk</Email>
      </Author>
    </Authors>
    <name>Book1</name>
  </book>
  <book>
    <Authors>
      <Author>
        <Name>Fred</Name>
        <Email>fweasley@hogwarts.co.uk</Email>
      </Author>
      <Author>
        <Name>George</Name>
        <Email>gweasley@hogwarts.co.uk</Email>
      </Author>
    </Authors>
    <name>Book1</name>
  </book>
  <book>
    <Authors>
      <Author>
        <Name>Fred</Name>
        <Email>fweasley@hogwarts.co.uk</Email>
      </Author>
      <Author>
        <Name>George</Name>
        <Email>gweasley@hogwarts.co.uk</Email>
      </Author>
    </Authors>
    <name>Book1</name>
  </book>
  <book>
    <Authors>
      <Author>
        <Name>Fred</Name>
        <Email>fweasley@hogwarts.co.uk</Email>
      </Author>
      <Author>
        <Name>George</Name>
        <Email>gweasley@hogwarts.co.uk</Email>
      </Author>
    </Authors>
    <name>Book1</name>
  </book>
  <book>
    <Authors>
      <Author>
        <Name>Fred</Name>
        <Email>fweasley@hogwarts.co.uk</Email>
      </Author>
      <Author>
        <Name>George</Name>
        <Email>gweasley@hogwarts.co.uk</Email>
      </Author>
    </Authors>
    <name>Book1</name>
  </book>
  <book>
    <Authors>
      <Author>
        <Name>Fred</Name>
        <Email>fweasley@hogwarts.co.uk</Email>
      </Author>
      <Author>
        <Name>George</Name>
        <Email>gweasley@hogwarts.co.uk</Email>
      </Author>
    </Authors>
    <name>Book1</name>
  </book>
  <book>
    <Authors>
      <Author>
        <Name>Fred</Name>
        <Email>fweasley@hogwarts.co.uk</Email>
      </Author>
      <Author>
        <Name>George</Name>
        <Email>gweasley@hogwarts.co.uk</Email>
      </Author>
    </Authors>
    <name>Book1</name>
  </book>
  <book>
    <Authors>
      <Author>
        <Name>Fred</Name>
        <Email>fweasley@hogwarts.co.uk</Email>
      </Author>
      <Author>
        <Name>George</Name>
        <Email>gweasley@hogwarts.co.uk</Email>
      </Author>
    </Authors>
    <name>Book1</name>
  </book>
  <book>
    <Authors>
      <Author>
        <Name>Fred</Name>
        <Email>fweasley@hogwarts.co.uk</Email>
      </Author>
      <Author>
        <Name>George</Name>
        <Email>gweasley@hogwarts.co.uk</Email>
      </Author>
    </Authors>
    <name>Book1</name>
  </book>
  <book>
    <Authors>
      <Author>
        <Name>Fred</Name>
        <Email>fweasley@hogwarts.co.uk</Email>
      </Author>
      <Author>
        <Name>George</Name>
        <Email>gweasley@hogwarts.co.uk</Email>
      </Author>
    </Authors>
    <name>Book1</name>
  </book>
  <book>
    <Authors>
      <Author>
        <Name>Fred</Name>
        <Email>fweasley@hogwarts.co.uk</Email>
      </Author>
      <Author>
        <Name>George</Name>
        <Email>gweasley@hogwarts.co.uk</Email>
      </Author>
    </Authors>
    <name>Book1</name>
  </book>
  <book>
    <Authors>
      <Author>
        <Name>Fred</Name>
        <Email>fweasley@hogwarts.co.uk</Email>
      </Author>
      <Author>
        <Name>George</Name>
        <Email>gweasley@hogwarts.co.uk</Email>
      </Author>
    </Authors>
    <name>Book1</name>
  </book>
  <book>
    <Authors>
      <Author>
        <Name>Fred</Name>
        <Email>fweasley@hogwarts.co.uk</Email>
      </Author>
      <Author>
        <Name>George</Name>
        <Email>gweasley@hogwarts.co.uk</Email>
      </Author>
    </Authors>
    <name>Book1</name>
  </book>
  <book>
    <Authors>
      <Author>
        <Name>Fred</Name>
        <Email>fweasley@hogwarts.co.uk</Email>
      </Author>
      <Author>
        <Name>George</Name>
        <Email>gweasley@hogwarts.co.uk</Email>
      </Author>
    </Authors>
    <name>Book1</name>
  </book>
  <book>
    <Authors>
      <Author>
        <Name>Fred</Name>
        <Email>fweasley@hogwarts.co.uk</Email>
      </Author>
      <Author>
        <Name>George</Name>
        <Email>gweasley@hogwarts.co.uk</Email>
      </Author>
    </Authors>
    <name>Book1</name>
  </book>
  <book>
    <Authors>
      <Author>
        <Name>Fred</Name>
        <Email>fweasley@hogwarts.co.uk</Email>
      </Author>
      <Author>
        <Name>George</Name>
        <Email>gweasley@hogwarts.co.uk</Email>
      </Author>
    </Authors>
    <name>Book1</name>
  </book>
  <book>
    <Authors>
      <Author>
        <Name>Fred</Name>
        <Email>fweasley@hogwarts.co.uk</Email>
      </Author>
      <Author>
        <Name>George</Name>
        <Email>gweasley@hogwarts.co.uk</Email>
      </Author>
    </Authors>
    <name>Book1</name>
  </book>
  <book>
    <Authors>
      <Author>
        <Name>Fred</Name>
        <Email>fweasley@hogwarts.co.uk</Email>
      </Author>
      <Author>
        <Name>George</Name>
        <Email>gweasley@hogwarts.co.uk</Email>
      </Author>
    </Authors>
    <name>Book1</name>
  </book>
  <book>
    <Authors>
      <Author>
        <Name>Fred</Name>
        <Email>fweasley@hogwarts.co.uk</Email>
      </Author>
      <Author>
        <Name>George</Name>
        <Email>gweasley@hogwarts.co.uk</Email>
      </Author>
    </Authors>
    <name>Book1</name>
  </book>
  <book>
    <Authors>
      <Author>
        <Name>Fred</Name>
        <Email>fweasley@hogwarts.co.uk</Email>
      </Author>
      <Author>
        <Name>George</Name>
        <Email>gweasley@hogwarts.co.uk</Email>
      </Author>
    </Authors>
    <name>Book1</name>
  </book>
  <book>
    <Authors>
      <Author>
        <Name>Fred</Name>
        <Email>fweasley@hogwarts.co.uk</Email>
      </Author>
      <Author>
        <Name>George</Name>
        <Email>gweasley@hogwarts.co.uk</Email>
      </Author>
    </Authors>
    <name>Book1</name>
  </book>
  <book>
    <Authors>
      <Author>
        <Name>Fred</Name>
        <Email>fweasley@hogwarts.co.uk</Email>
      </Author>
      <Author>
        <Name>George</Name>
        <Email>gweasley@hogwarts.co.uk</Email>
      </Author>
    </Authors>
    <name>Book1</name>
  </book>
  <book>
    <Authors>
      <Author>
        <Name>Fred</Name>
        <Email>fweasley@hogwarts.co.uk</Email>
      </Author>
      <Author>
        <Name>George</Name>
        <Email>gweasley@hogwarts.co.uk</Email>
      </Author>
    </Authors>
    <name>Book1</name>
  </book>
  <book>
    <Authors>
      <Author>
        <Name>Fred</Name>
        <Email>fweasley@hogwarts.co.uk</Email>
      </Author>
      <Author>
        <Name>George</Name>
        <Email>gweasley@hogwarts.co.uk</Email>
      </Author>
    </Authors>
    <name>Book1</name>
  </book>
  <book>
    <Authors>
      <Author>
        <Name>Fred</Name>
        <Email>fweasley@hogwarts.co.uk</Email>
      </Author>
      <Author>
        <Name>George</Name>
        <Email>gweasley@hogwarts.co.uk</Email>
      </Author>
    </Authors>
    <name>Book1</name>
  </book>
  <book>
    <Authors>
      <Author>
        <Name>Fred</Name>
        <Email>fweasley@hogwarts.co.uk</Email>
      </Author>
      <Author>
        <Name>George</Name>
        <Email>gweasley@hogwarts.co.uk</Email>
      </Author>
    </Authors>
    <name>Book1</name>
  </book>
  <book>
    <Authors>
      <Author>
        <Name>Fred</Name>
        <Email>fweasley@hogwarts.co.uk</Email>
      </Author>
      <Author>
        <Name>George</Name>
        <Email>gweasley@hogwarts.co.uk</Email>
      </Author>
    </Authors>
    <name>Book1</name>
  </book>
  <book>
    <Authors>
      <Author>
        <Name>Fred</Name>
        <Email>fweasley@hogwarts.co.uk</Email>
      </Author>
      <Author>
        <Name>George</Name>
        <Email>gweasley@hogwarts.co.uk</Email>
      </Author>
    </Authors>
    <name>Book1</name>
  </book>
  <book>
    <Authors>
      <Author>
        <Name>Fred</Name>
        <Email>fweasley@hogwarts.co.uk</Email>
      </Author>
      <Author>
        <Name>George</Name>
        <Email>gweasley@hogwarts.co.uk</Email>
      </Author>
    </Authors>
    <name>Book1</name>
  </book>
  <book>
    <Authors>
      <Author>
        <Name>Fred</Name>
        <Email>fweasley@hogwarts.co.uk</Email>
      </Author>
      <Author>
        <Name>George</Name>
        <Email>gweasley@hogwarts.co.uk</Email>
      </Author>
    </Authors>
    <name>Book1</name>
  </book>
  <book>
    <Authors>
      <Author>
        <Name>Fred</Name>
        <Email>fweasley@hogwarts.co.uk</Email>
      </Author>
      <Author>
        <Name>George</Name>
        <Email>gweasley@hogwarts.co.uk</Email>
      </Author>
    </Authors>
    <name>Book1</name>
  </book>
  <book>
    <Authors>
      <Author>
        <Name>Fred</Name>
        <Email>fweasley@hogwarts.co.uk</Email>
      </Author>
      <Author>
        <Name>George</Name>
        <Email>gweasley@hogwarts.co.uk</Email>
      </Author>
    </Authors>
    <name>Book1</name>
  </book>
  <book>
    <Authors>
      <Author>
        <Name>Fred</Name>
        <Email>fweasley@hogwarts.co.uk</Email>
      </Author>
      <Author>
        <Name>George</Name>
        <Email>gweasley@hogwarts.co.uk</Email>
      </Author>
    </Authors>
    <name>Book1</name>
  </book>
  <book>
    <Authors>
      <Author>
        <Name>Fred</Name>
        <Email>fweasley@hogwarts.co.uk</Email>
      </Author>
      <Author>
        <Name>George</Name>
        <Email>gweasley@hogwarts.co.uk</Email>
      </Author>
    </Authors>
    <name>Book1</name>
  </book>
  <book>
    <Authors>
      <Author>
        <Name>Fred</Name>
        <Email>fweasley@hogwarts.co.uk</Email>
      </Author>
      <Author>
        <Name>George</Name>
        <Email>gweasley@hogwarts.co.uk</Email>
      </Author>
    </Authors>
    <name>Book1</name>
  </book>
  <book>
    <Authors>
      <Author>
        <Name>Fred</Name>
        <Email>fweasley@hogwarts.co.uk</Email>
      </Author>
      <Author>
        <Name>George</Name>
        <Email>gweasley@hogwarts.co.uk</Email>
      </Author>
    </Authors>
    <name>Book1</name>
  </book>
  <book>
    <Authors>
      <Author>
        <Name>Fred</Name>
        <Email>fweasley@hogwarts.co.uk</Email>
      </Author>
      <Author>
        <Name>George</Name>
        <Email>gweasley@hogwarts.co.uk</Email>
      </Author>
    </Authors>
    <name>Book1</name>
  </book>
  <book>
    <Authors>
      <Author>
        <Name>Fred</Name>
        <Email>fweasley@hogwarts.co.uk</Email>
      </Author>
      <Author>
        <Name>George</Name>
        <Email>gweasley@hogwarts.co.uk</Email>
      </Author>
    </Authors>
    <name>Book1</name>
  </book>
  <book>
    <Authors>
      <Author>
        <Name>Fred</Name>
        <Email>fweasley@hogwarts.co.uk</Email>
      </Author>
      <Author>
        <Name>George</Name>
        <Email>gweasley@hogwarts.co.uk</Email>
      </Author>
    </Authors>
    <name>Book1</name>
  </book>
  <book>
    <Authors>
      <Author>
        <Name>Fred</Name>
        <Email>fweasley@hogwarts.co.uk</Email>
      </Author>
      <Author>
        <Name>George</Name>
        <Email>gweasley@hogwarts.co.uk</Email>
      </Author>
    </Authors>
    <name>Book1</name>
  </book>
  <book>
    <Authors>
      <Author>
        <Name>Fred</Name>
        <Email>fweasley@hogwarts.co.uk</Email>
      </Author>
      <Author>
        <Name>George</Name>
        <Email>gweasley@hogwarts.co.uk</Email>
      </Author>
    </Authors>
    <name>Book1</name>
  </book>
  <book>
    <Authors>
      <Author>
        <Name>Fred</Name>
        <Email>fweasley@hogwarts.co.uk</Email>
      </Author>
      <Author>
        <Name>George</Name>
        <Email>gweasley@hogwarts.co.uk</Email>
      </Author>
    </Authors>
    <name>Book1</name>
  </book>
  <book>
    <Authors>
      <Author>
        <Name>Fred</Name>
        <Email>fweasley@hogwarts.co.uk</Email>
      </Author>
      <Author>
        <Name>George</Name>
        <Email>gweasley@hogwarts.co.uk</Email>
      </Author>
    </Authors>
    <name>Book1</name>
  </book>
  <book>
    <Authors>
      <Author>
        <Name>Fred</Name>
        <Email>fweasley@hogwarts.co.uk</Email>
      </Author>
      <Author>
        <Name>George</Name>
        <Email>gweasley@hogwarts.co.uk</Email>
      </Author>
    </Authors>
    <name>Book1</name>
  </book>
  <book>
    <Authors>
      <Author>
        <Name>Fred</Name>
        <Email>fweasley@hogwarts.co.uk</Email>
      </Author>
      <Author>
        <Name>George</Name>
        <Email>gweasley@hogwarts.co.uk</Email>
      </Author>
    </Authors>
    <name>Book1</name>
  </book>
  <book>
    <Authors>
      <Author>
        <Name>Fred</Name>
        <Email>fweasley@hogwarts.co.uk</Email>
      </Author>
      <Author>
        <Name>George</Name>
        <Email>gweasley@hogwarts.co.uk</Email>
      </Author>
    </Authors>
    <name>Book1</name>
  </book>
  <book>
    <Authors>
      <Author>
        <Name>Fred</Name>
        <Email>fweasley@hogwarts.co.uk</Email>
      </Author>
      <Author>
        <Name>George</Name>
        <Email>gweasley@hogwarts.co.uk</Email>
      </Author>
    </Authors>
    <name>Book1</name>
  </book>
  <book>
    <Authors>
      <Author>
        <Name>Fred</Name>
        <Email>fweasley@hogwarts.co.uk</Email>
      </Author>
      <Author>
        <Name>George</Name>
        <Email>gweasley@hogwarts.co.uk</Email>
      </Author>
    </Authors>
    <name>Book1</name>
  </book>
  <book>
    <Authors>
      <Author>
        <Name>Fred</Name>
        <Email>fweasley@hogwarts.co.uk</Email>
      </Author>
      <Author>
        <Name>George</Name>
        <Email>gweasley@hogwarts.co.uk</Email>
      </Author>
    </Authors>
    <name>Book1</name>
  </book>
  <book>
    <Authors>
      <Author>
        <Name>Fred</Name>
        <Email>fweasley@hogwarts.co.uk</Email>
      </Author>
      <Author>
        <Name>George</Name>
        <Email>gweasley@hogwarts.co.uk</Email>
      </Author>
    </Authors>
    <name>Book1</name>
  </book>
  <book>
    <Authors>
      <Author>
        <Name>Fred</Name>
        <Email>fweasley@hogwarts.co.uk</Email>
      </Author>
      <Author>
        <Name>George</Name>
        <Email>gweasley@hogwarts.co.uk</Email>
      </Author>
    </Authors>
    <name>Book1</name>
  </book>
  <book>
    <Authors>
      <Author>
        <Name>Fred</Name>
        <Email>fweasley@hogwarts.co.uk</Email>
      </Author>
      <Author>
        <Name>George</Name>
        <Email>gweasley@hogwarts.co.uk</Email>
      </Author>
    </Authors>
    <name>Book1</name>
  </book>
  <book>
    <Authors>
      <Author>
        <Name>Fred</Name>
        <Email>fweasley@hogwarts.co.uk</Email>
      </Author>
      <Author>
        <Name>George</Name>
        <Email>gweasley@hogwarts.co.uk</Email>
      </Author>
    </Authors>
    <name>Book1</name>
  </book>
  <book>
    <Authors>
      <Author>
        <Name>Fred</Name>
        <Email>fweasley@hogwarts.co.uk</Email>
      </Author>
      <Author>
        <Name>George</Name>
        <Email>gweasley@hogwarts.co.uk</Email>
      </Author>
    </Authors>
    <name>Book1</name>
  </book>
  <book>
    <Authors>
      <Author>
        <Name>Fred</Name>
        <Email>fweasley@hogwarts.co.uk</Email>
      </Author>
      <Author>
        <Name>George</Name>
        <Email>gweasley@hogwarts.co.uk</Email>
      </Author>
    </Authors>
    <name>Book1</name>
  </book>
  <book>
    <Authors>
      <Author>
        <Name>Fred</Name>
        <Email>fweasley@hogwarts.co.uk</Email>
      </Author>
      <Author>
        <Name>George</Name>
        <Email>gweasley@hogwarts.co.uk</Email>
      </Author>
    </Authors>
    <name>Book1</name>
  </book>
  <book>
    <Authors>
      <Author>
        <Name>Fred</Name>
        <Email>fweasley@hogwarts.co.uk</Email>
      </Author>
      <Author>
        <Name>George</Name>
        <Email>gweasley@hogwarts.co.uk</Email>
      </Author>
    </Authors>
    <name>Book1</name>
  </book>
  <book>
    <Authors>
      <Author>
        <Name>Fred</Name>
        <Email>fweasley@hogwarts.co.uk</Email>
      </Author>
      <Author>
        <Name>George</Name>
        <Email>gweasley@hogwarts.co.uk</Email>
      </Author>
    </Authors>
    <name>Book1</name>
  </book>
  <book>
    <Authors>
      <Author>
        <Name>Fred</Name>
        <Email>fweasley@hogwarts.co.uk</Email>
      </Author>
      <Author>
        <Name>George</Name>
        <Email>gweasley@hogwarts.co.uk</Email>
      </Author>
    </Authors>
    <name>Book1</name>
  </book>
  <book>
    <Authors>
      <Author>
        <Name>Fred</Name>
        <Email>fweasley@hogwarts.co.uk</Email>
      </Author>
      <Author>
        <Name>George</Name>
        <Email>gweasley@hogwarts.co.uk</Email>
      </Author>
    </Authors>
    <name>Book1</name>
  </book>
  <book>
    <Authors>
      <Author>
        <Name>Fred</Name>
        <Email>fweasley@hogwarts.co.uk</Email>
      </Author>
      <Author>
        <Name>George</Name>
        <Email>gweasley@hogwarts.co.uk</Email>
      </Author>
    </Authors>
    <name>Book1</name>
  </book>
  <book>
    <Authors>
      <Author>
        <Name>Fred</Name>
        <Email>fweasley@hogwarts.co.uk</Email>
      </Author>
      <Author>
        <Name>George</Name>
        <Email>gweasley@hogwarts.co.uk</Email>
      </Author>
    </Authors>
    <name>Book1</name>
  </book>
  <book>
    <Authors>
      <Author>
        <Name>Fred</Name>
        <Email>fweasley@hogwarts.co.uk</Email>
      </Author>
      <Author>
        <Name>George</Name>
        <Email>gweasley@hogwarts.co.uk</Email>
      </Author>
    </Authors>
    <name>Book1</name>
  </book>
  <book>
    <Authors>
      <Author>
        <Name>Fred</Name>
        <Email>fweasley@hogwarts.co.uk</Email>
      </Author>
      <Author>
        <Name>George</Name>
        <Email>gweasley@hogwarts.co.uk</Email>
      </Author>
    </Authors>
    <name>Book1</name>
  </book>
  <book>
    <Authors>
      <Author>
        <Name>Fred</Name>
        <Email>fweasley@hogwarts.co.uk</Email>
      </Author>
      <Author>
        <Name>George</Name>
        <Email>gweasley@hogwarts.co.uk</Email>
      </Author>
    </Authors>
    <name>Book1</name>
  </book>
  <book>
    <Authors>
      <Author>
        <Name>Fred</Name>
        <Email>fweasley@hogwarts.co.uk</Email>
      </Author>
      <Author>
        <Name>George</Name>
        <Email>gweasley@hogwarts.co.uk</Email>
      </Author>
    </Authors>
    <name>Book1</name>
  </book>
  <book>
    <Authors>
      <Author>
        <Name>Fred</Name>
        <Email>fweasley@hogwarts.co.uk</Email>
      </Author>
      <Author>
        <Name>George</Name>
        <Email>gweasley@hogwarts.co.uk</Email>
      </Author>
    </Authors>
    <name>Book1</name>
  </book>
  <book>
    <Authors>
      <Author>
        <Name>Fred</Name>
        <Email>fweasley@hogwarts.co.uk</Email>
      </Author>
      <Author>
        <Name>George</Name>
        <Email>gweasley@hogwarts.co.uk</Email>
      </Author>
    </Authors>
    <name>Book1</name>
  </book>
  <book>
    <Authors>
      <Author>
        <Name>Fred</Name>
        <Email>fweasley@hogwarts.co.uk</Email>
      </Author>
      <Author>
        <Name>George</Name>
        <Email>gweasley@hogwarts.co.uk</Email>
      </Author>
    </Authors>
    <name>Book1</name>
  </book>
  <book>
    <Authors>
      <Author>
        <Name>Fred</Name>
        <Email>fweasley@hogwarts.co.uk</Email>
      </Author>
      <Author>
        <Name>George</Name>
        <Email>gweasley@hogwarts.co.uk</Email>
      </Author>
    </Authors>
    <name>Book1</name>
  </book>
  <book>
    <Authors>
      <Author>
        <Name>Fred</Name>
        <Email>fweasley@hogwarts.co.uk</Email>
      </Author>
      <Author>
        <Name>George</Name>
        <Email>gweasley@hogwarts.co.uk</Email>
      </Author>
    </Authors>
    <name>Book1</name>
  </book>
  <book>
    <Authors>
      <Author>
        <Name>Fred</Name>
        <Email>fweasley@hogwarts.co.uk</Email>
      </Author>
      <Author>
        <Name>George</Name>
        <Email>gweasley@hogwarts.co.uk</Email>
      </Author>
    </Authors>
    <name>Book1</name>
  </book>
  <book>
    <Authors>
      <Author>
        <Name>Fred</Name>
        <Email>fweasley@hogwarts.co.uk</Email>
      </Author>
      <Author>
        <Name>George</Name>
        <Email>gweasley@hogwarts.co.uk</Email>
      </Author>
    </Authors>
    <name>Book1</name>
  </book>
  <book>
    <Authors>
      <Author>
        <Name>Fred</Name>
        <Email>fweasley@hogwarts.co.uk</Email>
      </Author>
      <Author>
        <Name>George</Name>
        <Email>gweasley@hogwarts.co.uk</Email>
      </Author>
    </Authors>
    <name>Book1</name>
  </book>
  <book>
    <Authors>
      <Author>
        <Name>Fred</Name>
        <Email>fweasley@hogwarts.co.uk</Email>
      </Author>
      <Author>
        <Name>George</Name>
        <Email>gweasley@hogwarts.co.uk</Email>
      </Author>
    </Authors>
    <name>Book1</name>
  </book>
  <book>
    <Authors>
      <Author>
        <Name>Fred</Name>
        <Email>fweasley@hogwarts.co.uk</Email>
      </Author>
      <Author>
        <Name>George</Name>
        <Email>gweasley@hogwarts.co.uk</Email>
      </Author>
    </Authors>
    <name>Book1</name>
  </book>
  <book>
    <Authors>
      <Author>
        <Name>Fred</Name>
        <Email>fweasley@hogwarts.co.uk</Email>
      </Author>
      <Author>
        <Name>George</Name>
        <Email>gweasley@hogwarts.co.uk</Email>
      </Author>
    </Authors>
    <name>Book1</name>
  </book>
  <book>
    <Authors>
      <Author>
        <Name>Fred</Name>
        <Email>fweasley@hogwarts.co.uk</Email>
      </Author>
      <Author>
        <Name>George</Name>
        <Email>gweasley@hogwarts.co.uk</Email>
      </Author>
    </Authors>
    <name>Book1</name>
  </book>
  <book>
    <Authors>
      <Author>
        <Name>Fred</Name>
        <Email>fweasley@hogwarts.co.uk</Email>
      </Author>
      <Author>
        <Name>George</Name>
        <Email>gweasley@hogwarts.co.uk</Email>
      </Author>
    </Authors>
    <name>Book1</name>
  </book>
  <book>
    <Authors>
      <Author>
        <Name>Fred</Name>
        <Email>fweasley@hogwarts.co.uk</Email>
      </Author>
      <Author>
        <Name>George</Name>
        <Email>gweasley@hogwarts.co.uk</Email>
      </Author>
    </Authors>
    <name>Book1</name>
  </book>
  <book>
    <Authors>
      <Author>
        <Name>Fred</Name>
        <Email>fweasley@hogwarts.co.uk</Email>
      </Author>
      <Author>
        <Name>George</Name>
        <Email>gweasley@hogwarts.co.uk</Email>
      </Author>
    </Authors>
    <name>Book1</name>
  </book>
  <book>
    <Authors>
      <Author>
        <Name>Fred</Name>
        <Email>fweasley@hogwarts.co.uk</Email>
      </Author>
      <Author>
        <Name>George</Name>
        <Email>gweasley@hogwarts.co.uk</Email>
      </Author>
    </Authors>
    <name>Book1</name>
  </book>
  <book>
    <Authors>
      <Author>
        <Name>Fred</Name>
        <Email>fweasley@hogwarts.co.uk</Email>
      </Author>
      <Author>
        <Name>George</Name>
        <Email>gweasley@hogwarts.co.uk</Email>
      </Author>
    </Authors>
    <name>Book1</name>
  </book>
  <book>
    <Authors>
      <Author>
        <Name>Fred</Name>
        <Email>fweasley@hogwarts.co.uk</Email>
      </Author>
      <Author>
        <Name>George</Name>
        <Email>gweasley@hogwarts.co.uk</Email>
      </Author>
    </Authors>
    <name>Book1</name>
  </book>
  <book>
    <Authors>
      <Author>
        <Name>Fred</Name>
        <Email>fweasley@hogwarts.co.uk</Email>
      </Author>
      <Author>
        <Name>George</Name>
        <Email>gweasley@hogwarts.co.uk</Email>
      </Author>
    </Authors>
    <name>Book1</name>
  </book>
  <book>
    <Authors>
      <Author>
        <Name>Fred</Name>
        <Email>fweasley@hogwarts.co.uk</Email>
      </Author>
      <Author>
        <Name>George</Name>
        <Email>gweasley@hogwarts.co.uk</Email>
      </Author>
    </Authors>
    <name>Book1</name>
  </book>
  <book>
    <Authors>
      <Author>
        <Name>Fred</Name>
        <Email>fweasley@hogwarts.co.uk</Email>
      </Author>
      <Author>
        <Name>George</Name>
        <Email>gweasley@hogwarts.co.uk</Email>
      </Author>
    </Authors>
    <name>Book1</name>
  </book>
  <book year="2014" isbn="ISBN83763550019---11">
    <Authors>
      <Author>
        <Name>Fred</Name>
        <Email>fweasley@hogwarts.co.uk</Email>
      </Author>
      <Author>
        <Name>George</Name>
        <Email>gweasley@hogwarts.co.uk</Email>
      </Author>
    </Authors>
    <name>Book1</name>
  </book>
  <book year="2014" isbn="ISBN83763550019---11">
    <Authors>
      <Author>
        <Name>Fred</Name>
        <Email>fweasley@hogwarts.co.uk</Email>
      </Author>
      <Author>
        <Name>George</Name>
        <Email>gweasley@hogwarts.co.uk</Email>
      </Author>
    </Authors>
    <name>Book2</name>
  </book>
  <book year="2014" isbn="ISBN83763550019---11">
    <Authors>
      <Author>
        <Name>Fred</Name>
        <Email>fweasley@hogwarts.co.uk</Email>
      </Author>
      <Author>
        <Name>George</Name>
        <Email>gweasley@hogwarts.co.uk</Email>
      </Author>
    </Authors>
    <name>Book1</name>
  </book>
  <book year="2014" isbn="ISBN83763550019---11">
    <Authors>
      <Author>
        <Name>Fred</Name>
        <Email>fweasley@hogwarts.co.uk</Email>
      </Author>
      <Author>
        <Name>George</Name>
        <Email>gweasley@hogwarts.co.uk</Email>
      </Author>
    </Authors>
    <name>Book2</name>
  </book>
  <book year="2014" isbn="ISBN83763550019---11">
    <Authors>
      <Author>
        <Name>Fred</Name>
        <Email>fweasley@hogwarts.co.uk</Email>
      </Author>
      <Author>
        <Name>George</Name>
        <Email>gweasley@hogwarts.co.uk</Email>
      </Author>
    </Authors>
    <name>Book1</name>
  </book>
  <book year="2014" isbn="ISBN83763550019---11">
    <Authors>
      <Author>
        <Name>Fred</Name>
        <Email>fweasley@hogwarts.co.uk</Email>
      </Author>
      <Author>
        <Name>George</Name>
        <Email>gweasley@hogwarts.co.uk</Email>
      </Author>
    </Authors>
    <name>Book2</name>
  </book>
  <book year="2014" isbn="ISBN83763550019---11">
    <Authors>
      <Author>
        <Name>Fred</Name>
        <Email>fweasley@hogwarts.co.uk</Email>
      </Author>
      <Author>
        <Name>George</Name>
        <Email>gweasley@hogwarts.co.uk</Email>
      </Author>
    </Authors>
    <name>Book1</name>
  </book>
  <book year="2014" isbn="ISBN83763550019---11">
    <Authors>
      <Author>
        <Name>Fred</Name>
        <Email>fweasley@hogwarts.co.uk</Email>
      </Author>
      <Author>
        <Name>George</Name>
        <Email>gweasley@hogwarts.co.uk</Email>
      </Author>
    </Authors>
    <name>Book2</name>
  </book>
  <book year="2014" isbn="ISBN83763550019---11">
    <Authors>
      <Author>
        <Name>Fred</Name>
        <Email>fweasley@hogwarts.co.uk</Email>
      </Author>
      <Author>
        <Name>George</Name>
        <Email>gweasley@hogwarts.co.uk</Email>
      </Author>
    </Authors>
    <name>Book1</name>
  </book>
  <book year="2014" isbn="ISBN83763550019---11">
    <Authors>
      <Author>
        <Name>Fred</Name>
        <Email>fweasley@hogwarts.co.uk</Email>
      </Author>
      <Author>
        <Name>George</Name>
        <Email>gweasley@hogwarts.co.uk</Email>
      </Author>
    </Authors>
    <name>Book2</name>
  </book>
  <book year="2014" isbn="ISBN83763550019---11">
    <Authors>
      <Author>
        <Name>Fred</Name>
        <Email>fweasley@hogwarts.co.uk</Email>
      </Author>
      <Author>
        <Name>George</Name>
        <Email>gweasley@hogwarts.co.uk</Email>
      </Author>
    </Authors>
    <name>Book1</name>
  </book>
  <book year="2014" isbn="ISBN83763550019---11">
    <Authors>
      <Author>
        <Name>Fred</Name>
        <Email>fweasley@hogwarts.co.uk</Email>
      </Author>
      <Author>
        <Name>George</Name>
        <Email>gweasley@hogwarts.co.uk</Email>
      </Author>
    </Authors>
    <name>Book2</name>
  </book>
  <book year="2014" isbn="ISBN83763550019---11">
    <Authors>
      <Author>
        <Name>Fred</Name>
        <Email>fweasley@hogwarts.co.uk</Email>
      </Author>
      <Author>
        <Name>George</Name>
        <Email>gweasley@hogwarts.co.uk</Email>
      </Author>
    </Authors>
    <name>Book1</name>
  </book>
  <book year="2014" isbn="ISBN83763550019---11">
    <Authors>
      <Author>
        <Name>Fred</Name>
        <Email>fweasley@hogwarts.co.uk</Email>
      </Author>
      <Author>
        <Name>George</Name>
        <Email>gweasley@hogwarts.co.uk</Email>
      </Author>
    </Authors>
    <name>Book2</name>
  </book>
  <book year="2014" isbn="ISBN83763550019---11">
    <Authors>
      <Author>
        <Name>Fred</Name>
        <Email>fweasley@hogwarts.co.uk</Email>
      </Author>
      <Author>
        <Name>George</Name>
        <Email>gweasley@hogwarts.co.uk</Email>
      </Author>
    </Authors>
    <name>Book1</name>
  </book>
  <book year="2014" isbn="ISBN83763550019---11">
    <Authors>
      <Author>
        <Name>Fred</Name>
        <Email>fweasley@hogwarts.co.uk</Email>
      </Author>
      <Author>
        <Name>George</Name>
        <Email>gweasley@hogwarts.co.uk</Email>
      </Author>
    </Authors>
    <name>Book2</name>
  </book>
  <book year="2014" isbn="ISBN83763550019---11">
    <Authors>
      <Author>
        <Name>Fred</Name>
        <Email>fweasley@hogwarts.co.uk</Email>
      </Author>
      <Author>
        <Name>George</Name>
        <Email>gweasley@hogwarts.co.uk</Email>
      </Author>
    </Authors>
    <name>Book1</name>
  </book>
  <book year="2014" isbn="ISBN83763550019---11">
    <Authors>
      <Author>
        <Name>Fred</Name>
        <Email>fweasley@hogwarts.co.uk</Email>
      </Author>
      <Author>
        <Name>George</Name>
        <Email>gweasley@hogwarts.co.uk</Email>
      </Author>
    </Authors>
    <name>Book2</name>
  </book>
  <book year="2014" isbn="ISBN83763550019---11">
    <Authors>
      <Author>
        <Name>Fred</Name>
        <Email>fweasley@hogwarts.co.uk</Email>
      </Author>
      <Author>
        <Name>George</Name>
        <Email>gweasley@hogwarts.co.uk</Email>
      </Author>
    </Authors>
    <name>Book1</name>
  </book>
  <book year="2014" isbn="ISBN83763550019---11">
    <Authors>
      <Author>
        <Name>Fred</Name>
        <Email>fweasley@hogwarts.co.uk</Email>
      </Author>
      <Author>
        <Name>George</Name>
        <Email>gweasley@hogwarts.co.uk</Email>
      </Author>
    </Authors>
    <name>Book2</name>
  </book>
  <book year="2014" isbn="ISBN83763550019---11">
    <Authors>
      <Author>
        <Name>Fred</Name>
        <Email>fweasley@hogwarts.co.uk</Email>
      </Author>
      <Author>
        <Name>George</Name>
        <Email>gweasley@hogwarts.co.uk</Email>
      </Author>
    </Authors>
    <name>Book1</name>
  </book>
  <book year="2014" isbn="ISBN83763550019---11">
    <Authors>
      <Author>
        <Name>Fred</Name>
        <Email>fweasley@hogwarts.co.uk</Email>
      </Author>
      <Author>
        <Name>George</Name>
        <Email>gweasley@hogwarts.co.uk</Email>
      </Author>
    </Authors>
    <name>Book2</name>
  </book>
  <book year="2014" isbn="ISBN83763550019---11">
    <Authors>
      <Author>
        <Name>Fred</Name>
        <Email>fweasley@hogwarts.co.uk</Email>
      </Author>
      <Author>
        <Name>George</Name>
        <Email>gweasley@hogwarts.co.uk</Email>
      </Author>
    </Authors>
    <name>Book1</name>
  </book>
  <book year="2014" isbn="ISBN83763550019---11">
    <Authors>
      <Author>
        <Name>Fred</Name>
        <Email>fweasley@hogwarts.co.uk</Email>
      </Author>
      <Author>
        <Name>George</Name>
        <Email>gweasley@hogwarts.co.uk</Email>
      </Author>
    </Authors>
    <name>Book2</name>
  </book>
  <book year="2014" isbn="ISBN83763550019---11">
    <Authors>
      <Author>
        <Name>Fred</Name>
        <Email>fweasley@hogwarts.co.uk</Email>
      </Author>
      <Author>
        <Name>George</Name>
        <Email>gweasley@hogwarts.co.uk</Email>
      </Author>
    </Authors>
    <name>Book1</name>
  </book>
  <book year="2014" isbn="ISBN83763550019---11">
    <Authors>
      <Author>
        <Name>Fred</Name>
        <Email>fweasley@hogwarts.co.uk</Email>
      </Author>
      <Author>
        <Name>George</Name>
        <Email>gweasley@hogwarts.co.uk</Email>
      </Author>
    </Authors>
    <name>Book2</name>
  </book>
  <book year="2014" isbn="ISBN83763550019---11">
    <Authors>
      <Author>
        <Name>Fred</Name>
        <Email>fweasley@hogwarts.co.uk</Email>
      </Author>
      <Author>
        <Name>George</Name>
        <Email>gweasley@hogwarts.co.uk</Email>
      </Author>
    </Authors>
    <name>Book1</name>
  </book>
  <book year="2014" isbn="ISBN83763550019---11">
    <Authors>
      <Author>
        <Name>Fred</Name>
        <Email>fweasley@hogwarts.co.uk</Email>
      </Author>
      <Author>
        <Name>George</Name>
        <Email>gweasley@hogwarts.co.uk</Email>
      </Author>
    </Authors>
    <name>Book2</name>
  </book>
  <book year="2014" isbn="ISBN83763550019---11">
    <Authors>
      <Author>
        <Name>Fred</Name>
        <Email>fweasley@hogwarts.co.uk</Email>
      </Author>
      <Author>
        <Name>George</Name>
        <Email>gweasley@hogwarts.co.uk</Email>
      </Author>
    </Authors>
    <name>Book1</name>
  </book>
  <book year="2014" isbn="ISBN83763550019---11">
    <Authors>
      <Author>
        <Name>Fred</Name>
        <Email>fweasley@hogwarts.co.uk</Email>
      </Author>
      <Author>
        <Name>George</Name>
        <Email>gweasley@hogwarts.co.uk</Email>
      </Author>
    </Authors>
    <name>Book2</name>
  </book>
  <book year="2014" isbn="ISBN83763550019---11">
    <Authors>
      <Author>
        <Name>Fred</Name>
        <Email>fweasley@hogwarts.co.uk</Email>
      </Author>
      <Author>
        <Name>George</Name>
        <Email>gweasley@hogwarts.co.uk</Email>
      </Author>
    </Authors>
    <name>Book1</name>
  </book>
  <book year="2014" isbn="ISBN83763550019---11">
    <Authors>
      <Author>
        <Name>Fred</Name>
        <Email>fweasley@hogwarts.co.uk</Email>
      </Author>
      <Author>
        <Name>George</Name>
        <Email>gweasley@hogwarts.co.uk</Email>
      </Author>
    </Authors>
    <name>Book2</name>
  </book>
  <book year="2014" isbn="ISBN83763550019---11">
    <Authors>
      <Author>
        <Name>Fred</Name>
        <Email>fweasley@hogwarts.co.uk</Email>
      </Author>
      <Author>
        <Name>George</Name>
        <Email>gweasley@hogwarts.co.uk</Email>
      </Author>
    </Authors>
    <name>Book1</name>
  </book>
  <book year="2014" isbn="ISBN83763550019---11">
    <Authors>
      <Author>
        <Name>Fred</Name>
        <Email>fweasley@hogwarts.co.uk</Email>
      </Author>
      <Author>
        <Name>George</Name>
        <Email>gweasley@hogwarts.co.uk</Email>
      </Author>
    </Authors>
    <name>Book2</name>
  </book>
  <book year="2014" isbn="ISBN83763550019---11">
    <Authors>
      <Author>
        <Name>Fred</Name>
        <Email>fweasley@hogwarts.co.uk</Email>
      </Author>
      <Author>
        <Name>George</Name>
        <Email>gweasley@hogwarts.co.uk</Email>
      </Author>
    </Authors>
    <name>Book1</name>
  </book>
  <book year="2014" isbn="ISBN83763550019---11">
    <Authors>
      <Author>
        <Name>Fred</Name>
        <Email>fweasley@hogwarts.co.uk</Email>
      </Author>
      <Author>
        <Name>George</Name>
        <Email>gweasley@hogwarts.co.uk</Email>
      </Author>
    </Authors>
    <name>Book2</name>
  </book>
  <book year="2014" isbn="ISBN83763550019---11">
    <Authors>
      <Author>
        <Name>Fred</Name>
        <Email>fweasley@hogwarts.co.uk</Email>
      </Author>
      <Author>
        <Name>George</Name>
        <Email>gweasley@hogwarts.co.uk</Email>
      </Author>
    </Authors>
    <name>Book1</name>
  </book>
  <book year="2014" isbn="ISBN83763550019---11">
    <Authors>
      <Author>
        <Name>Fred</Name>
        <Email>fweasley@hogwarts.co.uk</Email>
      </Author>
      <Author>
        <Name>George</Name>
        <Email>gweasley@hogwarts.co.uk</Email>
      </Author>
    </Authors>
    <name>Book2</name>
  </book>
  <book year="2014" isbn="ISBN83763550019---11">
    <Authors>
      <Author>
        <Name>Fred</Name>
        <Email>fweasley@hogwarts.co.uk</Email>
      </Author>
      <Author>
        <Name>George</Name>
        <Email>gweasley@hogwarts.co.uk</Email>
      </Author>
    </Authors>
    <name>Book1</name>
  </book>
  <book year="2014" isbn="ISBN83763550019---11">
    <Authors>
      <Author>
        <Name>Fred</Name>
        <Email>fweasley@hogwarts.co.uk</Email>
      </Author>
      <Author>
        <Name>George</Name>
        <Email>gweasley@hogwarts.co.uk</Email>
      </Author>
    </Authors>
    <name>Book2</name>
  </book>
  <book year="2014" isbn="ISBN83763550019---11">
    <Authors>
      <Author>
        <Name>Fred</Name>
        <Email>fweasley@hogwarts.co.uk</Email>
      </Author>
      <Author>
        <Name>George</Name>
        <Email>gweasley@hogwarts.co.uk</Email>
      </Author>
    </Authors>
    <name>Book1</name>
  </book>
  <book year="2014" isbn="ISBN83763550019---11">
    <Authors>
      <Author>
        <Name>Fred</Name>
        <Email>fweasley@hogwarts.co.uk</Email>
      </Author>
      <Author>
        <Name>George</Name>
        <Email>gweasley@hogwarts.co.uk</Email>
      </Author>
    </Authors>
    <name>Book2</name>
  </book>
  <book year="2014" isbn="ISBN83763550019---11">
    <Authors>
      <Author>
        <Name>Fred</Name>
        <Email>fweasley@hogwarts.co.uk</Email>
      </Author>
      <Author>
        <Name>George</Name>
        <Email>gweasley@hogwarts.co.uk</Email>
      </Author>
    </Authors>
    <name>Book1</name>
  </book>
  <book year="2014" isbn="ISBN83763550019---11">
    <Authors>
      <Author>
        <Name>Fred</Name>
        <Email>fweasley@hogwarts.co.uk</Email>
      </Author>
      <Author>
        <Name>George</Name>
        <Email>gweasley@hogwarts.co.uk</Email>
      </Author>
    </Authors>
    <name>Book2</name>
  </book>
  <book year="2014" isbn="ISBN83763550019---11">
    <Authors>
      <Author>
        <Name>Fred</Name>
        <Email>fweasley@hogwarts.co.uk</Email>
      </Author>
      <Author>
        <Name>George</Name>
        <Email>gweasley@hogwarts.co.uk</Email>
      </Author>
    </Authors>
    <name>Book1</name>
  </book>
  <book year="2014" isbn="ISBN83763550019---11">
    <Authors>
      <Author>
        <Name>Fred</Name>
        <Email>fweasley@hogwarts.co.uk</Email>
      </Author>
      <Author>
        <Name>George</Name>
        <Email>gweasley@hogwarts.co.uk</Email>
      </Author>
    </Authors>
    <name>Book2</name>
  </book>
  <book year="2014" isbn="ISBN83763550019---11">
    <Authors>
      <Author>
        <Name>Fred</Name>
        <Email>fweasley@hogwarts.co.uk</Email>
      </Author>
      <Author>
        <Name>George</Name>
        <Email>gweasley@hogwarts.co.uk</Email>
      </Author>
    </Authors>
    <name>Book1</name>
  </book>
  <book year="2014" isbn="ISBN83763550019---11">
    <Authors>
      <Author>
        <Name>Fred</Name>
        <Email>fweasley@hogwarts.co.uk</Email>
      </Author>
      <Author>
        <Name>George</Name>
        <Email>gweasley@hogwarts.co.uk</Email>
      </Author>
    </Authors>
    <name>Book2</name>
  </book>
  <book year="2014" isbn="ISBN83763550019---11">
    <Authors>
      <Author>
        <Name>Fred</Name>
        <Email>fweasley@hogwarts.co.uk</Email>
      </Author>
      <Author>
        <Name>George</Name>
        <Email>gweasley@hogwarts.co.uk</Email>
      </Author>
    </Authors>
    <name>Book1</name>
  </book>
  <book year="2014" isbn="ISBN83763550019---11">
    <Authors>
      <Author>
        <Name>Fred</Name>
        <Email>fweasley@hogwarts.co.uk</Email>
      </Author>
      <Author>
        <Name>George</Name>
        <Email>gweasley@hogwarts.co.uk</Email>
      </Author>
    </Authors>
    <name>Book2</name>
  </book>
  <book year="2014" isbn="ISBN83763550019---11">
    <Authors>
      <Author>
        <Name>Fred</Name>
        <Email>fweasley@hogwarts.co.uk</Email>
      </Author>
      <Author>
        <Name>George</Name>
        <Email>gweasley@hogwarts.co.uk</Email>
      </Author>
    </Authors>
    <name>Book1</name>
  </book>
  <book year="2014" isbn="ISBN83763550019---11">
    <Authors>
      <Author>
        <Name>Fred</Name>
        <Email>fweasley@hogwarts.co.uk</Email>
      </Author>
      <Author>
        <Name>George</Name>
        <Email>gweasley@hogwarts.co.uk</Email>
      </Author>
    </Authors>
    <name>Book2</name>
  </book>
  <book year="2014" isbn="ISBN83763550019---11">
    <Authors>
      <Author>
        <Name>Fred</Name>
        <Email>fweasley@hogwarts.co.uk</Email>
      </Author>
      <Author>
        <Name>George</Name>
        <Email>gweasley@hogwarts.co.uk</Email>
      </Author>
    </Authors>
    <name>Book1</name>
  </book>
  <book year="2014" isbn="ISBN83763550019---11">
    <Authors>
      <Author>
        <Name>Fred</Name>
        <Email>fweasley@hogwarts.co.uk</Email>
      </Author>
      <Author>
        <Name>George</Name>
        <Email>gweasley@hogwarts.co.uk</Email>
      </Author>
    </Authors>
    <name>Book2</name>
  </book>
  <book year="2014" isbn="ISBN83763550019---11">
    <Authors>
      <Author>
        <Name>Fred</Name>
        <Email>fweasley@hogwarts.co.uk</Email>
      </Author>
      <Author>
        <Name>George</Name>
        <Email>gweasley@hogwarts.co.uk</Email>
      </Author>
    </Authors>
    <name>Book1</name>
  </book>
  <book year="2014" isbn="ISBN83763550019---11">
    <Authors>
      <Author>
        <Name>Fred</Name>
        <Email>fweasley@hogwarts.co.uk</Email>
      </Author>
      <Author>
        <Name>George</Name>
        <Email>gweasley@hogwarts.co.uk</Email>
      </Author>
    </Authors>
    <name>Book2</name>
  </book>
  <book year="2014" isbn="ISBN83763550019---11">
    <Authors>
      <Author>
        <Name>Fred</Name>
        <Email>fweasley@hogwarts.co.uk</Email>
      </Author>
      <Author>
        <Name>George</Name>
        <Email>gweasley@hogwarts.co.uk</Email>
      </Author>
    </Authors>
    <name>Book1</name>
  </book>
  <book year="2014" isbn="ISBN83763550019---11">
    <Authors>
      <Author>
        <Name>Fred</Name>
        <Email>fweasley@hogwarts.co.uk</Email>
      </Author>
      <Author>
        <Name>George</Name>
        <Email>gweasley@hogwarts.co.uk</Email>
      </Author>
    </Authors>
    <name>Book2</name>
  </book>
  <book year="2014" isbn="ISBN83763550019---11">
    <Authors>
      <Author>
        <Name>Fred</Name>
        <Email>fweasley@hogwarts.co.uk</Email>
      </Author>
      <Author>
        <Name>George</Name>
        <Email>gweasley@hogwarts.co.uk</Email>
      </Author>
    </Authors>
    <name>Book1</name>
  </book>
  <book year="2014" isbn="ISBN83763550019---11">
    <Authors>
      <Author>
        <Name>Fred</Name>
        <Email>fweasley@hogwarts.co.uk</Email>
      </Author>
      <Author>
        <Name>George</Name>
        <Email>gweasley@hogwarts.co.uk</Email>
      </Author>
    </Authors>
    <name>Book2</name>
  </book>
  <book year="2014" isbn="ISBN83763550019---11">
    <Authors>
      <Author>
        <Name>Fred</Name>
        <Email>fweasley@hogwarts.co.uk</Email>
      </Author>
      <Author>
        <Name>George</Name>
        <Email>gweasley@hogwarts.co.uk</Email>
      </Author>
    </Authors>
    <name>Book1</name>
  </book>
  <book year="2014" isbn="ISBN83763550019---11">
    <Authors>
      <Author>
        <Name>Fred</Name>
        <Email>fweasley@hogwarts.co.uk</Email>
      </Author>
      <Author>
        <Name>George</Name>
        <Email>gweasley@hogwarts.co.uk</Email>
      </Author>
    </Authors>
    <name>Book2</name>
  </book>
  <book year="2014" isbn="ISBN83763550019---11">
    <Authors>
      <Author>
        <Name>Fred</Name>
        <Email>fweasley@hogwarts.co.uk</Email>
      </Author>
      <Author>
        <Name>George</Name>
        <Email>gweasley@hogwarts.co.uk</Email>
      </Author>
    </Authors>
    <name>Book1</name>
  </book>
  <book year="2014" isbn="ISBN83763550019---11">
    <Authors>
      <Author>
        <Name>Fred</Name>
        <Email>fweasley@hogwarts.co.uk</Email>
      </Author>
      <Author>
        <Name>George</Name>
        <Email>gweasley@hogwarts.co.uk</Email>
      </Author>
    </Authors>
    <name>Book2</name>
  </book>
  <book year="2014" isbn="ISBN83763550019---11">
    <Authors>
      <Author>
        <Name>Fred</Name>
        <Email>fweasley@hogwarts.co.uk</Email>
      </Author>
      <Author>
        <Name>George</Name>
        <Email>gweasley@hogwarts.co.uk</Email>
      </Author>
    </Authors>
    <name>Book1</name>
  </book>
  <book year="2014" isbn="ISBN83763550019---11">
    <Authors>
      <Author>
        <Name>Fred</Name>
        <Email>fweasley@hogwarts.co.uk</Email>
      </Author>
      <Author>
        <Name>George</Name>
        <Email>gweasley@hogwarts.co.uk</Email>
      </Author>
    </Authors>
    <name>Book2</name>
  </book>
  <book year="2014" isbn="ISBN83763550019---11">
    <Authors>
      <Author>
        <Name>Fred</Name>
        <Email>fweasley@hogwarts.co.uk</Email>
      </Author>
      <Author>
        <Name>George</Name>
        <Email>gweasley@hogwarts.co.uk</Email>
      </Author>
    </Authors>
    <name>Book1</name>
  </book>
  <book year="2014" isbn="ISBN83763550019---11">
    <Authors>
      <Author>
        <Name>Fred</Name>
        <Email>fweasley@hogwarts.co.uk</Email>
      </Author>
      <Author>
        <Name>George</Name>
        <Email>gweasley@hogwarts.co.uk</Email>
      </Author>
    </Authors>
    <name>Book2</name>
  </book>
  <book year="2014" isbn="ISBN83763550019---11">
    <Authors>
      <Author>
        <Name>Fred</Name>
        <Email>fweasley@hogwarts.co.uk</Email>
      </Author>
      <Author>
        <Name>George</Name>
        <Email>gweasley@hogwarts.co.uk</Email>
      </Author>
    </Authors>
    <name>Book1</name>
  </book>
  <book year="2014" isbn="ISBN83763550019---11">
    <Authors>
      <Author>
        <Name>Fred</Name>
        <Email>fweasley@hogwarts.co.uk</Email>
      </Author>
      <Author>
        <Name>George</Name>
        <Email>gweasley@hogwarts.co.uk</Email>
      </Author>
    </Authors>
    <name>Book2</name>
  </book>
  <book year="2014" isbn="ISBN83763550019---11">
    <Authors>
      <Author>
        <Name>Fred</Name>
        <Email>fweasley@hogwarts.co.uk</Email>
      </Author>
      <Author>
        <Name>George</Name>
        <Email>gweasley@hogwarts.co.uk</Email>
      </Author>
    </Authors>
    <name>Book1</name>
  </book>
  <book year="2014" isbn="ISBN83763550019---11">
    <Authors>
      <Author>
        <Name>Fred</Name>
        <Email>fweasley@hogwarts.co.uk</Email>
      </Author>
      <Author>
        <Name>George</Name>
        <Email>gweasley@hogwarts.co.uk</Email>
      </Author>
    </Authors>
    <name>Book2</name>
  </book>
  <book year="2014" isbn="ISBN83763550019---11">
    <Authors>
      <Author>
        <Name>Fred</Name>
        <Email>fweasley@hogwarts.co.uk</Email>
      </Author>
      <Author>
        <Name>George</Name>
        <Email>gweasley@hogwarts.co.uk</Email>
      </Author>
    </Authors>
    <name>Book1</name>
  </book>
  <book year="2014" isbn="ISBN83763550019---11">
    <Authors>
      <Author>
        <Name>Fred</Name>
        <Email>fweasley@hogwarts.co.uk</Email>
      </Author>
      <Author>
        <Name>George</Name>
        <Email>gweasley@hogwarts.co.uk</Email>
      </Author>
    </Authors>
    <name>Book2</name>
  </book>
  <book year="2014" isbn="ISBN83763550019---11">
    <Authors>
      <Author>
        <Name>Fred</Name>
        <Email>fweasley@hogwarts.co.uk</Email>
      </Author>
      <Author>
        <Name>George</Name>
        <Email>gweasley@hogwarts.co.uk</Email>
      </Author>
    </Authors>
    <name>Book1</name>
  </book>
  <book year="2014" isbn="ISBN83763550019---11">
    <Authors>
      <Author>
        <Name>Fred</Name>
        <Email>fweasley@hogwarts.co.uk</Email>
      </Author>
      <Author>
        <Name>George</Name>
        <Email>gweasley@hogwarts.co.uk</Email>
      </Author>
    </Authors>
    <name>Book2</name>
  </book>
  <book year="2014" isbn="ISBN83763550019---11">
    <Authors>
      <Author>
        <Name>Fred</Name>
        <Email>fweasley@hogwarts.co.uk</Email>
      </Author>
      <Author>
        <Name>George</Name>
        <Email>gweasley@hogwarts.co.uk</Email>
      </Author>
    </Authors>
    <name>Book1</name>
  </book>
  <book year="2014" isbn="ISBN83763550019---11">
    <Authors>
      <Author>
        <Name>Fred</Name>
        <Email>fweasley@hogwarts.co.uk</Email>
      </Author>
      <Author>
        <Name>George</Name>
        <Email>gweasley@hogwarts.co.uk</Email>
      </Author>
    </Authors>
    <name>Book2</name>
  </book>
  <book year="2014" isbn="ISBN83763550019---11">
    <Authors>
      <Author>
        <Name>Fred</Name>
        <Email>fweasley@hogwarts.co.uk</Email>
      </Author>
      <Author>
        <Name>George</Name>
        <Email>gweasley@hogwarts.co.uk</Email>
      </Author>
    </Authors>
    <name>Book1</name>
  </book>
  <book year="2014" isbn="ISBN83763550019---11">
    <Authors>
      <Author>
        <Name>Fred</Name>
        <Email>fweasley@hogwarts.co.uk</Email>
      </Author>
      <Author>
        <Name>George</Name>
        <Email>gweasley@hogwarts.co.uk</Email>
      </Author>
    </Authors>
    <name>Book2</name>
  </book>
  <book year="2014" isbn="ISBN83763550019---11">
    <Authors>
      <Author>
        <Name>Fred</Name>
        <Email>fweasley@hogwarts.co.uk</Email>
      </Author>
      <Author>
        <Name>George</Name>
        <Email>gweasley@hogwarts.co.uk</Email>
      </Author>
    </Authors>
    <name>Book1</name>
  </book>
  <book year="2014" isbn="ISBN83763550019---11">
    <Authors>
      <Author>
        <Name>Fred</Name>
        <Email>fweasley@hogwarts.co.uk</Email>
      </Author>
      <Author>
        <Name>George</Name>
        <Email>gweasley@hogwarts.co.uk</Email>
      </Author>
    </Authors>
    <name>Book2</name>
  </book>
  <book year="2014" isbn="ISBN83763550019---11">
    <Authors>
      <Author>
        <Name>Fred</Name>
        <Email>fweasley@hogwarts.co.uk</Email>
      </Author>
      <Author>
        <Name>George</Name>
        <Email>gweasley@hogwarts.co.uk</Email>
      </Author>
    </Authors>
    <name>Book1</name>
  </book>
  <book year="2014" isbn="ISBN83763550019---11">
    <Authors>
      <Author>
        <Name>Fred</Name>
        <Email>fweasley@hogwarts.co.uk</Email>
      </Author>
      <Author>
        <Name>George</Name>
        <Email>gweasley@hogwarts.co.uk</Email>
      </Author>
    </Authors>
    <name>Book2</name>
  </book>
  <book year="2014" isbn="ISBN83763550019---11">
    <Authors>
      <Author>
        <Name>Fred</Name>
        <Email>fweasley@hogwarts.co.uk</Email>
      </Author>
      <Author>
        <Name>George</Name>
        <Email>gweasley@hogwarts.co.uk</Email>
      </Author>
    </Authors>
    <name>Book1</name>
  </book>
  <book year="2014" isbn="ISBN83763550019---11">
    <Authors>
      <Author>
        <Name>Fred</Name>
        <Email>fweasley@hogwarts.co.uk</Email>
      </Author>
      <Author>
        <Name>George</Name>
        <Email>gweasley@hogwarts.co.uk</Email>
      </Author>
    </Authors>
    <name>Book2</name>
  </book>
  <book year="2014" isbn="ISBN83763550019---11">
    <Authors>
      <Author>
        <Name>Fred</Name>
        <Email>fweasley@hogwarts.co.uk</Email>
      </Author>
      <Author>
        <Name>George</Name>
        <Email>gweasley@hogwarts.co.uk</Email>
      </Author>
    </Authors>
    <name>Book1</name>
  </book>
  <book year="2014" isbn="ISBN83763550019---11">
    <Authors>
      <Author>
        <Name>Fred</Name>
        <Email>fweasley@hogwarts.co.uk</Email>
      </Author>
      <Author>
        <Name>George</Name>
        <Email>gweasley@hogwarts.co.uk</Email>
      </Author>
    </Authors>
    <name>Book2</name>
  </book>
  <book year="2014" isbn="ISBN83763550019---11">
    <Authors>
      <Author>
        <Name>Fred</Name>
        <Email>fweasley@hogwarts.co.uk</Email>
      </Author>
      <Author>
        <Name>George</Name>
        <Email>gweasley@hogwarts.co.uk</Email>
      </Author>
    </Authors>
    <name>Book1</name>
  </book>
  <book year="2014" isbn="ISBN83763550019---11">
    <Authors>
      <Author>
        <Name>Fred</Name>
        <Email>fweasley@hogwarts.co.uk</Email>
      </Author>
      <Author>
        <Name>George</Name>
        <Email>gweasley@hogwarts.co.uk</Email>
      </Author>
    </Authors>
    <name>Book2</name>
  </book>
  <book year="2014" isbn="ISBN83763550019---11">
    <Authors>
      <Author>
        <Name>Fred</Name>
        <Email>fweasley@hogwarts.co.uk</Email>
      </Author>
      <Author>
        <Name>George</Name>
        <Email>gweasley@hogwarts.co.uk</Email>
      </Author>
    </Authors>
    <name>Book1</name>
  </book>
  <book year="2014" isbn="ISBN83763550019---11">
    <Authors>
      <Author>
        <Name>Fred</Name>
        <Email>fweasley@hogwarts.co.uk</Email>
      </Author>
      <Author>
        <Name>George</Name>
        <Email>gweasley@hogwarts.co.uk</Email>
      </Author>
    </Authors>
    <name>Book2</name>
  </book>
  <book year="2014" isbn="ISBN83763550019---11">
    <Authors>
      <Author>
        <Name>Fred</Name>
        <Email>fweasley@hogwarts.co.uk</Email>
      </Author>
      <Author>
        <Name>George</Name>
        <Email>gweasley@hogwarts.co.uk</Email>
      </Author>
    </Authors>
    <name>Book1</name>
  </book>
  <book year="2014" isbn="ISBN83763550019---11">
    <Authors>
      <Author>
        <Name>Fred</Name>
        <Email>fweasley@hogwarts.co.uk</Email>
      </Author>
      <Author>
        <Name>George</Name>
        <Email>gweasley@hogwarts.co.uk</Email>
      </Author>
    </Authors>
    <name>Book2</name>
  </book>
  <book year="2014" isbn="ISBN83763550019---11">
    <Authors>
      <Author>
        <Name>Fred</Name>
        <Email>fweasley@hogwarts.co.uk</Email>
      </Author>
      <Author>
        <Name>George</Name>
        <Email>gweasley@hogwarts.co.uk</Email>
      </Author>
    </Authors>
    <name>Book1</name>
  </book>
  <book year="2014" isbn="ISBN83763550019---11">
    <Authors>
      <Author>
        <Name>Fred</Name>
        <Email>fweasley@hogwarts.co.uk</Email>
      </Author>
      <Author>
        <Name>George</Name>
        <Email>gweasley@hogwarts.co.uk</Email>
      </Author>
    </Authors>
    <name>Book2</name>
  </book>
  <book year="2014" isbn="ISBN83763550019---11">
    <Authors>
      <Author>
        <Name>Fred</Name>
        <Email>fweasley@hogwarts.co.uk</Email>
      </Author>
      <Author>
        <Name>George</Name>
        <Email>gweasley@hogwarts.co.uk</Email>
      </Author>
    </Authors>
    <name>Book1</name>
  </book>
  <book year="2014" isbn="ISBN83763550019---11">
    <Authors>
      <Author>
        <Name>Fred</Name>
        <Email>fweasley@hogwarts.co.uk</Email>
      </Author>
      <Author>
        <Name>George</Name>
        <Email>gweasley@hogwarts.co.uk</Email>
      </Author>
    </Authors>
    <name>Book2</name>
  </book>
  <book year="2014" isbn="ISBN83763550019---11">
    <Authors>
      <Author>
        <Name>Fred</Name>
        <Email>fweasley@hogwarts.co.uk</Email>
      </Author>
      <Author>
        <Name>George</Name>
        <Email>gweasley@hogwarts.co.uk</Email>
      </Author>
    </Authors>
    <name>Book1</name>
  </book>
  <book year="2014" isbn="ISBN83763550019---11">
    <Authors>
      <Author>
        <Name>Fred</Name>
        <Email>fweasley@hogwarts.co.uk</Email>
      </Author>
      <Author>
        <Name>George</Name>
        <Email>gweasley@hogwarts.co.uk</Email>
      </Author>
    </Authors>
    <name>Book2</name>
  </book>
  <book year="2014" isbn="ISBN83763550019---11">
    <Authors>
      <Author>
        <Name>Fred</Name>
        <Email>fweasley@hogwarts.co.uk</Email>
      </Author>
      <Author>
        <Name>George</Name>
        <Email>gweasley@hogwarts.co.uk</Email>
      </Author>
    </Authors>
    <name>Book1</name>
  </book>
  <book year="2014" isbn="ISBN83763550019---11">
    <Authors>
      <Author>
        <Name>Fred</Name>
        <Email>fweasley@hogwarts.co.uk</Email>
      </Author>
      <Author>
        <Name>George</Name>
        <Email>gweasley@hogwarts.co.uk</Email>
      </Author>
    </Authors>
    <name>Book2</name>
  </book>
  <book year="2014" isbn="ISBN83763550019---11">
    <Authors>
      <Author>
        <Name>Fred</Name>
        <Email>fweasley@hogwarts.co.uk</Email>
      </Author>
      <Author>
        <Name>George</Name>
        <Email>gweasley@hogwarts.co.uk</Email>
      </Author>
    </Authors>
    <name>Book1</name>
  </book>
  <book year="2014" isbn="ISBN83763550019---11">
    <Authors>
      <Author>
        <Name>Fred</Name>
        <Email>fweasley@hogwarts.co.uk</Email>
      </Author>
      <Author>
        <Name>George</Name>
        <Email>gweasley@hogwarts.co.uk</Email>
      </Author>
    </Authors>
    <name>Book2</name>
  </book>
  <book year="2014" isbn="ISBN83763550019---11">
    <Authors>
      <Author>
        <Name>Fred</Name>
        <Email>fweasley@hogwarts.co.uk</Email>
      </Author>
      <Author>
        <Name>George</Name>
        <Email>gweasley@hogwarts.co.uk</Email>
      </Author>
    </Authors>
    <name>Book1</name>
  </book>
  <book year="2014" isbn="ISBN83763550019---11">
    <Authors>
      <Author>
        <Name>Fred</Name>
        <Email>fweasley@hogwarts.co.uk</Email>
      </Author>
      <Author>
        <Name>George</Name>
        <Email>gweasley@hogwarts.co.uk</Email>
      </Author>
    </Authors>
    <name>Book2</name>
  </book>
  <book year="2014" isbn="ISBN83763550019---11">
    <Authors>
      <Author>
        <Name>Fred</Name>
        <Email>fweasley@hogwarts.co.uk</Email>
      </Author>
      <Author>
        <Name>George</Name>
        <Email>gweasley@hogwarts.co.uk</Email>
      </Author>
    </Authors>
    <name>Book1</name>
  </book>
  <book year="2014" isbn="ISBN83763550019---11">
    <Authors>
      <Author>
        <Name>Fred</Name>
        <Email>fweasley@hogwarts.co.uk</Email>
      </Author>
      <Author>
        <Name>George</Name>
        <Email>gweasley@hogwarts.co.uk</Email>
      </Author>
    </Authors>
    <name>Book2</name>
  </book>
  <book year="2014" isbn="ISBN83763550019---11">
    <Authors>
      <Author>
        <Name>Fred</Name>
        <Email>fweasley@hogwarts.co.uk</Email>
      </Author>
      <Author>
        <Name>George</Name>
        <Email>gweasley@hogwarts.co.uk</Email>
      </Author>
    </Authors>
    <name>Book1</name>
  </book>
  <book year="2014" isbn="ISBN83763550019---11">
    <Authors>
      <Author>
        <Name>Fred</Name>
        <Email>fweasley@hogwarts.co.uk</Email>
      </Author>
      <Author>
        <Name>George</Name>
        <Email>gweasley@hogwarts.co.uk</Email>
      </Author>
    </Authors>
    <name>Book2</name>
  </book>
  <book year="2014" isbn="ISBN83763550019---11">
    <Authors>
      <Author>
        <Name>Fred</Name>
        <Email>fweasley@hogwarts.co.uk</Email>
      </Author>
      <Author>
        <Name>George</Name>
        <Email>gweasley@hogwarts.co.uk</Email>
      </Author>
    </Authors>
    <name>Book1</name>
  </book>
  <book year="2014" isbn="ISBN83763550019---11">
    <Authors>
      <Author>
        <Name>Fred</Name>
        <Email>fweasley@hogwarts.co.uk</Email>
      </Author>
      <Author>
        <Name>George</Name>
        <Email>gweasley@hogwarts.co.uk</Email>
      </Author>
    </Authors>
    <name>Book2</name>
  </book>
  <book year="2014" isbn="ISBN83763550019---11">
    <Authors>
      <Author>
        <Name>Fred</Name>
        <Email>fweasley@hogwarts.co.uk</Email>
      </Author>
      <Author>
        <Name>George</Name>
        <Email>gweasley@hogwarts.co.uk</Email>
      </Author>
    </Authors>
    <name>Book1</name>
  </book>
  <book year="2014" isbn="ISBN83763550019---11">
    <Authors>
      <Author>
        <Name>Fred</Name>
        <Email>fweasley@hogwarts.co.uk</Email>
      </Author>
      <Author>
        <Name>George</Name>
        <Email>gweasley@hogwarts.co.uk</Email>
      </Author>
    </Authors>
    <name>Book2</name>
  </book>
  <book year="2014" isbn="ISBN83763550019---11">
    <Authors>
      <Author>
        <Name>Fred</Name>
        <Email>fweasley@hogwarts.co.uk</Email>
      </Author>
      <Author>
        <Name>George</Name>
        <Email>gweasley@hogwarts.co.uk</Email>
      </Author>
    </Authors>
    <name>Book1</name>
  </book>
  <book year="2014" isbn="ISBN83763550019---11">
    <Authors>
      <Author>
        <Name>Fred</Name>
        <Email>fweasley@hogwarts.co.uk</Email>
      </Author>
      <Author>
        <Name>George</Name>
        <Email>gweasley@hogwarts.co.uk</Email>
      </Author>
    </Authors>
    <name>Book2</name>
  </book>
  <book year="2014" isbn="ISBN83763550019---11">
    <Authors>
      <Author>
        <Name>Fred</Name>
        <Email>fweasley@hogwarts.co.uk</Email>
      </Author>
      <Author>
        <Name>George</Name>
        <Email>gweasley@hogwarts.co.uk</Email>
      </Author>
    </Authors>
    <name>Book1</name>
  </book>
  <book year="2014" isbn="ISBN83763550019---11">
    <Authors>
      <Author>
        <Name>Fred</Name>
        <Email>fweasley@hogwarts.co.uk</Email>
      </Author>
      <Author>
        <Name>George</Name>
        <Email>gweasley@hogwarts.co.uk</Email>
      </Author>
    </Authors>
    <name>Book2</name>
  </book>
  <book year="2014" isbn="ISBN83763550019---11">
    <Authors>
      <Author>
        <Name>Fred</Name>
        <Email>fweasley@hogwarts.co.uk</Email>
      </Author>
      <Author>
        <Name>George</Name>
        <Email>gweasley@hogwarts.co.uk</Email>
      </Author>
    </Authors>
    <name>Book1</name>
  </book>
  <book year="2014" isbn="ISBN83763550019---11">
    <Authors>
      <Author>
        <Name>Fred</Name>
        <Email>fweasley@hogwarts.co.uk</Email>
      </Author>
      <Author>
        <Name>George</Name>
        <Email>gweasley@hogwarts.co.uk</Email>
      </Author>
    </Authors>
    <name>Book2</name>
  </book>
  <book year="2014" isbn="ISBN83763550019---11">
    <Authors>
      <Author>
        <Name>Fred</Name>
        <Email>fweasley@hogwarts.co.uk</Email>
      </Author>
      <Author>
        <Name>George</Name>
        <Email>gweasley@hogwarts.co.uk</Email>
      </Author>
    </Authors>
    <name>Book1</name>
  </book>
  <book year="2014" isbn="ISBN83763550019---11">
    <Authors>
      <Author>
        <Name>Fred</Name>
        <Email>fweasley@hogwarts.co.uk</Email>
      </Author>
      <Author>
        <Name>George</Name>
        <Email>gweasley@hogwarts.co.uk</Email>
      </Author>
    </Authors>
    <name>Book2</name>
  </book>
  <book year="2014" isbn="ISBN83763550019---11">
    <Authors>
      <Author>
        <Name>Fred</Name>
        <Email>fweasley@hogwarts.co.uk</Email>
      </Author>
      <Author>
        <Name>George</Name>
        <Email>gweasley@hogwarts.co.uk</Email>
      </Author>
    </Authors>
    <name>Book1</name>
  </book>
  <book year="2014" isbn="ISBN83763550019---11">
    <Authors>
      <Author>
        <Name>Fred</Name>
        <Email>fweasley@hogwarts.co.uk</Email>
      </Author>
      <Author>
        <Name>George</Name>
        <Email>gweasley@hogwarts.co.uk</Email>
      </Author>
    </Authors>
    <name>Book2</name>
  </book>
  <book year="2014" isbn="ISBN83763550019---11">
    <Authors>
      <Author>
        <Name>Fred</Name>
        <Email>fweasley@hogwarts.co.uk</Email>
      </Author>
      <Author>
        <Name>George</Name>
        <Email>gweasley@hogwarts.co.uk</Email>
      </Author>
    </Authors>
    <name>Book1</name>
  </book>
  <book year="2014" isbn="ISBN83763550019---11">
    <Authors>
      <Author>
        <Name>Fred</Name>
        <Email>fweasley@hogwarts.co.uk</Email>
      </Author>
      <Author>
        <Name>George</Name>
        <Email>gweasley@hogwarts.co.uk</Email>
      </Author>
    </Authors>
    <name>Book2</name>
  </book>
  <book year="2014" isbn="ISBN83763550019---11">
    <Authors>
      <Author>
        <Name>Fred</Name>
        <Email>fweasley@hogwarts.co.uk</Email>
      </Author>
      <Author>
        <Name>George</Name>
        <Email>gweasley@hogwarts.co.uk</Email>
      </Author>
    </Authors>
    <name>Book1</name>
  </book>
  <book year="2014" isbn="ISBN83763550019---11">
    <Authors>
      <Author>
        <Name>Fred</Name>
        <Email>fweasley@hogwarts.co.uk</Email>
      </Author>
      <Author>
        <Name>George</Name>
        <Email>gweasley@hogwarts.co.uk</Email>
      </Author>
    </Authors>
    <name>Book2</name>
  </book>
  <book year="2014" isbn="ISBN83763550019---11">
    <Authors>
      <Author>
        <Name>Fred</Name>
        <Email>fweasley@hogwarts.co.uk</Email>
      </Author>
      <Author>
        <Name>George</Name>
        <Email>gweasley@hogwarts.co.uk</Email>
      </Author>
    </Authors>
    <name>Book1</name>
  </book>
  <book year="2014" isbn="ISBN83763550019---11">
    <Authors>
      <Author>
        <Name>Fred</Name>
        <Email>fweasley@hogwarts.co.uk</Email>
      </Author>
      <Author>
        <Name>George</Name>
        <Email>gweasley@hogwarts.co.uk</Email>
      </Author>
    </Authors>
    <name>Book2</name>
  </book>
  <book year="2014" isbn="ISBN83763550019---11">
    <Authors>
      <Author>
        <Name>Fred</Name>
        <Email>fweasley@hogwarts.co.uk</Email>
      </Author>
      <Author>
        <Name>George</Name>
        <Email>gweasley@hogwarts.co.uk</Email>
      </Author>
    </Authors>
    <name>Book1</name>
  </book>
  <book year="2014" isbn="ISBN83763550019---11">
    <Authors>
      <Author>
        <Name>Fred</Name>
        <Email>fweasley@hogwarts.co.uk</Email>
      </Author>
      <Author>
        <Name>George</Name>
        <Email>gweasley@hogwarts.co.uk</Email>
      </Author>
    </Authors>
    <name>Book2</name>
  </book>
  <book year="2014" isbn="ISBN83763550019---11">
    <Authors>
      <Author>
        <Name>Fred</Name>
        <Email>fweasley@hogwarts.co.uk</Email>
      </Author>
      <Author>
        <Name>George</Name>
        <Email>gweasley@hogwarts.co.uk</Email>
      </Author>
    </Authors>
    <name>Book1</name>
  </book>
  <book year="2014" isbn="ISBN83763550019---11">
    <Authors>
      <Author>
        <Name>Fred</Name>
        <Email>fweasley@hogwarts.co.uk</Email>
      </Author>
      <Author>
        <Name>George</Name>
        <Email>gweasley@hogwarts.co.uk</Email>
      </Author>
    </Authors>
    <name>Book2</name>
  </book>
  <book year="2014" isbn="ISBN83763550019---11">
    <Authors>
      <Author>
        <Name>Fred</Name>
        <Email>fweasley@hogwarts.co.uk</Email>
      </Author>
      <Author>
        <Name>George</Name>
        <Email>gweasley@hogwarts.co.uk</Email>
      </Author>
    </Authors>
    <name>Book1</name>
  </book>
  <book year="2014" isbn="ISBN83763550019---11">
    <Authors>
      <Author>
        <Name>Fred</Name>
        <Email>fweasley@hogwarts.co.uk</Email>
      </Author>
      <Author>
        <Name>George</Name>
        <Email>gweasley@hogwarts.co.uk</Email>
      </Author>
    </Authors>
    <name>Book2</name>
  </book>
  <book year="2014" isbn="ISBN83763550019---11">
    <Authors>
      <Author>
        <Name>Fred</Name>
        <Email>fweasley@hogwarts.co.uk</Email>
      </Author>
      <Author>
        <Name>George</Name>
        <Email>gweasley@hogwarts.co.uk</Email>
      </Author>
    </Authors>
    <name>Book1</name>
  </book>
  <book year="2014" isbn="ISBN83763550019---11">
    <Authors>
      <Author>
        <Name>Fred</Name>
        <Email>fweasley@hogwarts.co.uk</Email>
      </Author>
      <Author>
        <Name>George</Name>
        <Email>gweasley@hogwarts.co.uk</Email>
      </Author>
    </Authors>
    <name>Book2</name>
  </book>
  <book year="2014" isbn="ISBN83763550019---11">
    <Authors>
      <Author>
        <Name>Fred</Name>
        <Email>fweasley@hogwarts.co.uk</Email>
      </Author>
      <Author>
        <Name>George</Name>
        <Email>gweasley@hogwarts.co.uk</Email>
      </Author>
    </Authors>
    <name>Book1</name>
  </book>
  <book year="2014" isbn="ISBN83763550019---11">
    <Authors>
      <Author>
        <Name>Fred</Name>
        <Email>fweasley@hogwarts.co.uk</Email>
      </Author>
      <Author>
        <Name>George</Name>
        <Email>gweasley@hogwarts.co.uk</Email>
      </Author>
    </Authors>
    <name>Book2</name>
  </book>
  <book year="2014" isbn="ISBN83763550019---11">
    <Authors>
      <Author>
        <Name>Fred</Name>
        <Email>fweasley@hogwarts.co.uk</Email>
      </Author>
      <Author>
        <Name>George</Name>
        <Email>gweasley@hogwarts.co.uk</Email>
      </Author>
    </Authors>
    <name>Book1</name>
  </book>
  <book year="2014" isbn="ISBN83763550019---11">
    <Authors>
      <Author>
        <Name>Fred</Name>
        <Email>fweasley@hogwarts.co.uk</Email>
      </Author>
      <Author>
        <Name>George</Name>
        <Email>gweasley@hogwarts.co.uk</Email>
      </Author>
    </Authors>
    <name>Book2</name>
  </book>
  <book year="2014" isbn="ISBN83763550019---11">
    <Authors>
      <Author>
        <Name>Fred</Name>
        <Email>fweasley@hogwarts.co.uk</Email>
      </Author>
      <Author>
        <Name>George</Name>
        <Email>gweasley@hogwarts.co.uk</Email>
      </Author>
    </Authors>
    <name>Book1</name>
  </book>
  <book year="2014" isbn="ISBN83763550019---11">
    <Authors>
      <Author>
        <Name>Fred</Name>
        <Email>fweasley@hogwarts.co.uk</Email>
      </Author>
      <Author>
        <Name>George</Name>
        <Email>gweasley@hogwarts.co.uk</Email>
      </Author>
    </Authors>
    <name>Book2</name>
  </book>
  <book year="2014" isbn="ISBN83763550019---11">
    <Authors>
      <Author>
        <Name>Fred</Name>
        <Email>fweasley@hogwarts.co.uk</Email>
      </Author>
      <Author>
        <Name>George</Name>
        <Email>gweasley@hogwarts.co.uk</Email>
      </Author>
    </Authors>
    <name>Book1</name>
  </book>
  <book year="2014" isbn="ISBN83763550019---11">
    <Authors>
      <Author>
        <Name>Fred</Name>
        <Email>fweasley@hogwarts.co.uk</Email>
      </Author>
      <Author>
        <Name>George</Name>
        <Email>gweasley@hogwarts.co.uk</Email>
      </Author>
    </Authors>
    <name>Book2</name>
  </book>
  <book year="2014" isbn="ISBN83763550019---11">
    <Authors>
      <Author>
        <Name>Fred</Name>
        <Email>fweasley@hogwarts.co.uk</Email>
      </Author>
      <Author>
        <Name>George</Name>
        <Email>gweasley@hogwarts.co.uk</Email>
      </Author>
    </Authors>
    <name>Book1</name>
  </book>
  <book year="2014" isbn="ISBN83763550019---11">
    <Authors>
      <Author>
        <Name>Fred</Name>
        <Email>fweasley@hogwarts.co.uk</Email>
      </Author>
      <Author>
        <Name>George</Name>
        <Email>gweasley@hogwarts.co.uk</Email>
      </Author>
    </Authors>
    <name>Book2</name>
  </book>
  <book year="2014" isbn="ISBN83763550019---11">
    <Authors>
      <Author>
        <Name>Fred</Name>
        <Email>fweasley@hogwarts.co.uk</Email>
      </Author>
      <Author>
        <Name>George</Name>
        <Email>gweasley@hogwarts.co.uk</Email>
      </Author>
    </Authors>
    <name>Book1</name>
  </book>
  <book year="2014" isbn="ISBN83763550019---11">
    <Authors>
      <Author>
        <Name>Fred</Name>
        <Email>fweasley@hogwarts.co.uk</Email>
      </Author>
      <Author>
        <Name>George</Name>
        <Email>gweasley@hogwarts.co.uk</Email>
      </Author>
    </Authors>
    <name>Book2</name>
  </book>
  <book year="2014" isbn="ISBN83763550019---11">
    <Authors>
      <Author>
        <Name>Fred</Name>
        <Email>fweasley@hogwarts.co.uk</Email>
      </Author>
      <Author>
        <Name>George</Name>
        <Email>gweasley@hogwarts.co.uk</Email>
      </Author>
    </Authors>
    <name>Book1</name>
  </book>
  <book year="2014" isbn="ISBN83763550019---11">
    <Authors>
      <Author>
        <Name>Fred</Name>
        <Email>fweasley@hogwarts.co.uk</Email>
      </Author>
      <Author>
        <Name>George</Name>
        <Email>gweasley@hogwarts.co.uk</Email>
      </Author>
    </Authors>
    <name>Book2</name>
  </book>
  <book year="2014" isbn="ISBN83763550019---11">
    <Authors>
      <Author>
        <Name>Fred</Name>
        <Email>fweasley@hogwarts.co.uk</Email>
      </Author>
      <Author>
        <Name>George</Name>
        <Email>gweasley@hogwarts.co.uk</Email>
      </Author>
    </Authors>
    <name>Book1</name>
  </book>
  <book year="2014" isbn="ISBN83763550019---11">
    <Authors>
      <Author>
        <Name>Fred</Name>
        <Email>fweasley@hogwarts.co.uk</Email>
      </Author>
      <Author>
        <Name>George</Name>
        <Email>gweasley@hogwarts.co.uk</Email>
      </Author>
    </Authors>
    <name>Book2</name>
  </book>
  <book year="2014" isbn="ISBN83763550019---11">
    <Authors>
      <Author>
        <Name>Fred</Name>
        <Email>fweasley@hogwarts.co.uk</Email>
      </Author>
      <Author>
        <Name>George</Name>
        <Email>gweasley@hogwarts.co.uk</Email>
      </Author>
    </Authors>
    <name>Book1</name>
  </book>
  <book year="2014" isbn="ISBN83763550019---11">
    <Authors>
      <Author>
        <Name>Fred</Name>
        <Email>fweasley@hogwarts.co.uk</Email>
      </Author>
      <Author>
        <Name>George</Name>
        <Email>gweasley@hogwarts.co.uk</Email>
      </Author>
    </Authors>
    <name>Book2</name>
  </book>
  <book year="2014" isbn="ISBN83763550019---11">
    <Authors>
      <Author>
        <Name>Fred</Name>
        <Email>fweasley@hogwarts.co.uk</Email>
      </Author>
      <Author>
        <Name>George</Name>
        <Email>gweasley@hogwarts.co.uk</Email>
      </Author>
    </Authors>
    <name>Book1</name>
  </book>
  <book year="2014" isbn="ISBN83763550019---11">
    <Authors>
      <Author>
        <Name>Fred</Name>
        <Email>fweasley@hogwarts.co.uk</Email>
      </Author>
      <Author>
        <Name>George</Name>
        <Email>gweasley@hogwarts.co.uk</Email>
      </Author>
    </Authors>
    <name>Book2</name>
  </book>
  <book year="2014" isbn="ISBN83763550019---11">
    <Authors>
      <Author>
        <Name>Fred</Name>
        <Email>fweasley@hogwarts.co.uk</Email>
      </Author>
      <Author>
        <Name>George</Name>
        <Email>gweasley@hogwarts.co.uk</Email>
      </Author>
    </Authors>
    <name>Book1</name>
  </book>
  <book year="2014" isbn="ISBN83763550019---11">
    <Authors>
      <Author>
        <Name>Fred</Name>
        <Email>fweasley@hogwarts.co.uk</Email>
      </Author>
      <Author>
        <Name>George</Name>
        <Email>gweasley@hogwarts.co.uk</Email>
      </Author>
    </Authors>
    <name>Book2</name>
  </book>
  <book year="2014" isbn="ISBN83763550019---11">
    <Authors>
      <Author>
        <Name>Fred</Name>
        <Email>fweasley@hogwarts.co.uk</Email>
      </Author>
      <Author>
        <Name>George</Name>
        <Email>gweasley@hogwarts.co.uk</Email>
      </Author>
    </Authors>
    <name>Book1</name>
  </book>
  <book year="2014" isbn="ISBN83763550019---11">
    <Authors>
      <Author>
        <Name>Fred</Name>
        <Email>fweasley@hogwarts.co.uk</Email>
      </Author>
      <Author>
        <Name>George</Name>
        <Email>gweasley@hogwarts.co.uk</Email>
      </Author>
    </Authors>
    <name>Book2</name>
  </book>
  <book year="2014" isbn="ISBN83763550019---11">
    <Authors>
      <Author>
        <Name>Fred</Name>
        <Email>fweasley@hogwarts.co.uk</Email>
      </Author>
      <Author>
        <Name>George</Name>
        <Email>gweasley@hogwarts.co.uk</Email>
      </Author>
    </Authors>
    <name>Book1</name>
  </book>
  <book year="2014" isbn="ISBN83763550019---11">
    <Authors>
      <Author>
        <Name>Fred</Name>
        <Email>fweasley@hogwarts.co.uk</Email>
      </Author>
      <Author>
        <Name>George</Name>
        <Email>gweasley@hogwarts.co.uk</Email>
      </Author>
    </Authors>
    <name>Book2</name>
  </book>
  <book year="2014" isbn="ISBN83763550019---11">
    <Authors>
      <Author>
        <Name>Fred</Name>
        <Email>fweasley@hogwarts.co.uk</Email>
      </Author>
      <Author>
        <Name>George</Name>
        <Email>gweasley@hogwarts.co.uk</Email>
      </Author>
    </Authors>
    <name>Book1</name>
  </book>
  <book year="2014" isbn="ISBN83763550019---11">
    <Authors>
      <Author>
        <Name>Fred</Name>
        <Email>fweasley@hogwarts.co.uk</Email>
      </Author>
      <Author>
        <Name>George</Name>
        <Email>gweasley@hogwarts.co.uk</Email>
      </Author>
    </Authors>
    <name>Book2</name>
  </book>
  <book year="2014" isbn="ISBN83763550019---11">
    <Authors>
      <Author>
        <Name>Fred</Name>
        <Email>fweasley@hogwarts.co.uk</Email>
      </Author>
      <Author>
        <Name>George</Name>
        <Email>gweasley@hogwarts.co.uk</Email>
      </Author>
    </Authors>
    <name>Book1</name>
  </book>
  <book year="2014" isbn="ISBN83763550019---11">
    <Authors>
      <Author>
        <Name>Fred</Name>
        <Email>fweasley@hogwarts.co.uk</Email>
      </Author>
      <Author>
        <Name>George</Name>
        <Email>gweasley@hogwarts.co.uk</Email>
      </Author>
    </Authors>
    <name>Book2</name>
  </book>
  <book year="2014" isbn="ISBN83763550019---11">
    <Authors>
      <Author>
        <Name>Fred</Name>
        <Email>fweasley@hogwarts.co.uk</Email>
      </Author>
      <Author>
        <Name>George</Name>
        <Email>gweasley@hogwarts.co.uk</Email>
      </Author>
    </Authors>
    <name>Book1</name>
  </book>
  <book year="2014" isbn="ISBN83763550019---11">
    <Authors>
      <Author>
        <Name>Fred</Name>
        <Email>fweasley@hogwarts.co.uk</Email>
      </Author>
      <Author>
        <Name>George</Name>
        <Email>gweasley@hogwarts.co.uk</Email>
      </Author>
    </Authors>
    <name>Book2</name>
  </book>
  <book year="2014" isbn="ISBN83763550019---11">
    <Authors>
      <Author>
        <Name>Fred</Name>
        <Email>fweasley@hogwarts.co.uk</Email>
      </Author>
      <Author>
        <Name>George</Name>
        <Email>gweasley@hogwarts.co.uk</Email>
      </Author>
    </Authors>
    <name>Book1</name>
  </book>
  <book year="2014" isbn="ISBN83763550019---11">
    <Authors>
      <Author>
        <Name>Fred</Name>
        <Email>fweasley@hogwarts.co.uk</Email>
      </Author>
      <Author>
        <Name>George</Name>
        <Email>gweasley@hogwarts.co.uk</Email>
      </Author>
    </Authors>
    <name>Book2</name>
  </book>
  <book year="2014" isbn="ISBN83763550019---11">
    <Authors>
      <Author>
        <Name>Fred</Name>
        <Email>fweasley@hogwarts.co.uk</Email>
      </Author>
      <Author>
        <Name>George</Name>
        <Email>gweasley@hogwarts.co.uk</Email>
      </Author>
    </Authors>
    <name>Book1</name>
  </book>
  <book year="2014" isbn="ISBN83763550019---11">
    <Authors>
      <Author>
        <Name>Fred</Name>
        <Email>fweasley@hogwarts.co.uk</Email>
      </Author>
      <Author>
        <Name>George</Name>
        <Email>gweasley@hogwarts.co.uk</Email>
      </Author>
    </Authors>
    <name>Book2</name>
  </book>
  <book year="2014" isbn="ISBN83763550019---11">
    <Authors>
      <Author>
        <Name>Fred</Name>
        <Email>fweasley@hogwarts.co.uk</Email>
      </Author>
      <Author>
        <Name>George</Name>
        <Email>gweasley@hogwarts.co.uk</Email>
      </Author>
    </Authors>
    <name>Book1</name>
  </book>
  <book year="2014" isbn="ISBN83763550019---11">
    <Authors>
      <Author>
        <Name>Fred</Name>
        <Email>fweasley@hogwarts.co.uk</Email>
      </Author>
      <Author>
        <Name>George</Name>
        <Email>gweasley@hogwarts.co.uk</Email>
      </Author>
    </Authors>
    <name>Book2</name>
  </book>
  <book year="2014" isbn="ISBN83763550019---11">
    <Authors>
      <Author>
        <Name>Fred</Name>
        <Email>fweasley@hogwarts.co.uk</Email>
      </Author>
      <Author>
        <Name>George</Name>
        <Email>gweasley@hogwarts.co.uk</Email>
      </Author>
    </Authors>
    <name>Book1</name>
  </book>
  <book year="2014" isbn="ISBN83763550019---11">
    <Authors>
      <Author>
        <Name>Fred</Name>
        <Email>fweasley@hogwarts.co.uk</Email>
      </Author>
      <Author>
        <Name>George</Name>
        <Email>gweasley@hogwarts.co.uk</Email>
      </Author>
    </Authors>
    <name>Book2</name>
  </book>
  <book year="2014" isbn="ISBN83763550019---11">
    <Authors>
      <Author>
        <Name>Fred</Name>
        <Email>fweasley@hogwarts.co.uk</Email>
      </Author>
      <Author>
        <Name>George</Name>
        <Email>gweasley@hogwarts.co.uk</Email>
      </Author>
    </Authors>
    <name>Book1</name>
  </book>
  <book year="2014" isbn="ISBN83763550019---11">
    <Authors>
      <Author>
        <Name>Fred</Name>
        <Email>fweasley@hogwarts.co.uk</Email>
      </Author>
      <Author>
        <Name>George</Name>
        <Email>gweasley@hogwarts.co.uk</Email>
      </Author>
    </Authors>
    <name>Book2</name>
  </book>
  <book year="2014" isbn="ISBN83763550019---11">
    <Authors>
      <Author>
        <Name>Fred</Name>
        <Email>fweasley@hogwarts.co.uk</Email>
      </Author>
      <Author>
        <Name>George</Name>
        <Email>gweasley@hogwarts.co.uk</Email>
      </Author>
    </Authors>
    <name>Book1</name>
  </book>
  <book year="2014" isbn="ISBN83763550019---11">
    <Authors>
      <Author>
        <Name>Fred</Name>
        <Email>fweasley@hogwarts.co.uk</Email>
      </Author>
      <Author>
        <Name>George</Name>
        <Email>gweasley@hogwarts.co.uk</Email>
      </Author>
    </Authors>
    <name>Book2</name>
  </book>
  <book year="2014" isbn="ISBN83763550019---11">
    <Authors>
      <Author>
        <Name>Fred</Name>
        <Email>fweasley@hogwarts.co.uk</Email>
      </Author>
      <Author>
        <Name>George</Name>
        <Email>gweasley@hogwarts.co.uk</Email>
      </Author>
    </Authors>
    <name>Book1</name>
  </book>
  <book year="2014" isbn="ISBN83763550019---11">
    <Authors>
      <Author>
        <Name>Fred</Name>
        <Email>fweasley@hogwarts.co.uk</Email>
      </Author>
      <Author>
        <Name>George</Name>
        <Email>gweasley@hogwarts.co.uk</Email>
      </Author>
    </Authors>
    <name>Book2</name>
  </book>
  <book year="2014" isbn="ISBN83763550019---11">
    <Authors>
      <Author>
        <Name>Fred</Name>
        <Email>fweasley@hogwarts.co.uk</Email>
      </Author>
      <Author>
        <Name>George</Name>
        <Email>gweasley@hogwarts.co.uk</Email>
      </Author>
    </Authors>
    <name>Book1</name>
  </book>
  <book year="2014" isbn="ISBN83763550019---11">
    <Authors>
      <Author>
        <Name>Fred</Name>
        <Email>fweasley@hogwarts.co.uk</Email>
      </Author>
      <Author>
        <Name>George</Name>
        <Email>gweasley@hogwarts.co.uk</Email>
      </Author>
    </Authors>
    <name>Book2</name>
  </book>
  <book year="2014" isbn="ISBN83763550019---11">
    <Authors>
      <Author>
        <Name>Fred</Name>
        <Email>fweasley@hogwarts.co.uk</Email>
      </Author>
      <Author>
        <Name>George</Name>
        <Email>gweasley@hogwarts.co.uk</Email>
      </Author>
    </Authors>
    <name>Book1</name>
  </book>
  <book year="2014" isbn="ISBN83763550019---11">
    <Authors>
      <Author>
        <Name>Fred</Name>
        <Email>fweasley@hogwarts.co.uk</Email>
      </Author>
      <Author>
        <Name>George</Name>
        <Email>gweasley@hogwarts.co.uk</Email>
      </Author>
    </Authors>
    <name>Book2</name>
  </book>
  <book year="2014" isbn="ISBN83763550019---11">
    <Authors>
      <Author>
        <Name>Fred</Name>
        <Email>fweasley@hogwarts.co.uk</Email>
      </Author>
      <Author>
        <Name>George</Name>
        <Email>gweasley@hogwarts.co.uk</Email>
      </Author>
    </Authors>
    <name>Book1</name>
  </book>
  <book year="2014" isbn="ISBN83763550019---11">
    <Authors>
      <Author>
        <Name>Fred</Name>
        <Email>fweasley@hogwarts.co.uk</Email>
      </Author>
      <Author>
        <Name>George</Name>
        <Email>gweasley@hogwarts.co.uk</Email>
      </Author>
    </Authors>
    <name>Book2</name>
  </book>
  <book year="2014" isbn="ISBN83763550019---11">
    <Authors>
      <Author>
        <Name>Fred</Name>
        <Email>fweasley@hogwarts.co.uk</Email>
      </Author>
      <Author>
        <Name>George</Name>
        <Email>gweasley@hogwarts.co.uk</Email>
      </Author>
    </Authors>
    <name>Book1</name>
  </book>
  <book year="2014" isbn="ISBN83763550019---11">
    <Authors>
      <Author>
        <Name>Fred</Name>
        <Email>fweasley@hogwarts.co.uk</Email>
      </Author>
      <Author>
        <Name>George</Name>
        <Email>gweasley@hogwarts.co.uk</Email>
      </Author>
    </Authors>
    <name>Book2</name>
  </book>
  <book year="2014" isbn="ISBN83763550019---11">
    <Authors>
      <Author>
        <Name>Fred</Name>
        <Email>fweasley@hogwarts.co.uk</Email>
      </Author>
      <Author>
        <Name>George</Name>
        <Email>gweasley@hogwarts.co.uk</Email>
      </Author>
    </Authors>
    <name>Book1</name>
  </book>
  <book year="2014" isbn="ISBN83763550019---11">
    <Authors>
      <Author>
        <Name>Fred</Name>
        <Email>fweasley@hogwarts.co.uk</Email>
      </Author>
      <Author>
        <Name>George</Name>
        <Email>gweasley@hogwarts.co.uk</Email>
      </Author>
    </Authors>
    <name>Book2</name>
  </book>
  <book year="2014" isbn="ISBN83763550019---11">
    <Authors>
      <Author>
        <Name>Fred</Name>
        <Email>fweasley@hogwarts.co.uk</Email>
      </Author>
      <Author>
        <Name>George</Name>
        <Email>gweasley@hogwarts.co.uk</Email>
      </Author>
    </Authors>
    <name>Book1</name>
  </book>
  <book year="2014" isbn="ISBN83763550019---11">
    <Authors>
      <Author>
        <Name>Fred</Name>
        <Email>fweasley@hogwarts.co.uk</Email>
      </Author>
      <Author>
        <Name>George</Name>
        <Email>gweasley@hogwarts.co.uk</Email>
      </Author>
    </Authors>
    <name>Book2</name>
  </book>
  <book year="2014" isbn="ISBN83763550019---11">
    <Authors>
      <Author>
        <Name>Fred</Name>
        <Email>fweasley@hogwarts.co.uk</Email>
      </Author>
      <Author>
        <Name>George</Name>
        <Email>gweasley@hogwarts.co.uk</Email>
      </Author>
    </Authors>
    <name>Book1</name>
  </book>
  <book year="2014" isbn="ISBN83763550019---11">
    <Authors>
      <Author>
        <Name>Fred</Name>
        <Email>fweasley@hogwarts.co.uk</Email>
      </Author>
      <Author>
        <Name>George</Name>
        <Email>gweasley@hogwarts.co.uk</Email>
      </Author>
    </Authors>
    <name>Book2</name>
  </book>
  <book year="2014" isbn="ISBN83763550019---11">
    <Authors>
      <Author>
        <Name>Fred</Name>
        <Email>fweasley@hogwarts.co.uk</Email>
      </Author>
      <Author>
        <Name>George</Name>
        <Email>gweasley@hogwarts.co.uk</Email>
      </Author>
    </Authors>
    <name>Book1</name>
  </book>
  <book year="2014" isbn="ISBN83763550019---11">
    <Authors>
      <Author>
        <Name>Fred</Name>
        <Email>fweasley@hogwarts.co.uk</Email>
      </Author>
      <Author>
        <Name>George</Name>
        <Email>gweasley@hogwarts.co.uk</Email>
      </Author>
    </Authors>
    <name>Book2</name>
  </book>
  <book year="2014" isbn="ISBN83763550019---11">
    <Authors>
      <Author>
        <Name>Fred</Name>
        <Email>fweasley@hogwarts.co.uk</Email>
      </Author>
      <Author>
        <Name>George</Name>
        <Email>gweasley@hogwarts.co.uk</Email>
      </Author>
    </Authors>
    <name>Book1</name>
  </book>
  <book year="2014" isbn="ISBN83763550019---11">
    <Authors>
      <Author>
        <Name>Fred</Name>
        <Email>fweasley@hogwarts.co.uk</Email>
      </Author>
      <Author>
        <Name>George</Name>
        <Email>gweasley@hogwarts.co.uk</Email>
      </Author>
    </Authors>
    <name>Book2</name>
  </book>
  <book year="2014" isbn="ISBN83763550019---11">
    <Authors>
      <Author>
        <Name>Fred</Name>
        <Email>fweasley@hogwarts.co.uk</Email>
      </Author>
      <Author>
        <Name>George</Name>
        <Email>gweasley@hogwarts.co.uk</Email>
      </Author>
    </Authors>
    <name>Book1</name>
  </book>
  <book year="2014" isbn="ISBN83763550019---11">
    <Authors>
      <Author>
        <Name>Fred</Name>
        <Email>fweasley@hogwarts.co.uk</Email>
      </Author>
      <Author>
        <Name>George</Name>
        <Email>gweasley@hogwarts.co.uk</Email>
      </Author>
    </Authors>
    <name>Book2</name>
  </book>
  <book year="2014" isbn="ISBN83763550019---11">
    <Authors>
      <Author>
        <Name>Fred</Name>
        <Email>fweasley@hogwarts.co.uk</Email>
      </Author>
      <Author>
        <Name>George</Name>
        <Email>gweasley@hogwarts.co.uk</Email>
      </Author>
    </Authors>
    <name>Book1</name>
  </book>
  <book year="2014" isbn="ISBN83763550019---11">
    <Authors>
      <Author>
        <Name>Fred</Name>
        <Email>fweasley@hogwarts.co.uk</Email>
      </Author>
      <Author>
        <Name>George</Name>
        <Email>gweasley@hogwarts.co.uk</Email>
      </Author>
    </Authors>
    <name>Book2</name>
  </book>
  <book year="2014" isbn="ISBN83763550019---11">
    <Authors>
      <Author>
        <Name>Fred</Name>
        <Email>fweasley@hogwarts.co.uk</Email>
      </Author>
      <Author>
        <Name>George</Name>
        <Email>gweasley@hogwarts.co.uk</Email>
      </Author>
    </Authors>
    <name>Book1</name>
  </book>
  <book year="2014" isbn="ISBN83763550019---11">
    <Authors>
      <Author>
        <Name>Fred</Name>
        <Email>fweasley@hogwarts.co.uk</Email>
      </Author>
      <Author>
        <Name>George</Name>
        <Email>gweasley@hogwarts.co.uk</Email>
      </Author>
    </Authors>
    <name>Book2</name>
  </book>
  <book year="2014" isbn="ISBN83763550019---11">
    <Authors>
      <Author>
        <Name>Fred</Name>
        <Email>fweasley@hogwarts.co.uk</Email>
      </Author>
      <Author>
        <Name>George</Name>
        <Email>gweasley@hogwarts.co.uk</Email>
      </Author>
    </Authors>
    <name>Book1</name>
  </book>
  <book year="2014" isbn="ISBN83763550019---11">
    <Authors>
      <Author>
        <Name>Fred</Name>
        <Email>fweasley@hogwarts.co.uk</Email>
      </Author>
      <Author>
        <Name>George</Name>
        <Email>gweasley@hogwarts.co.uk</Email>
      </Author>
    </Authors>
    <name>Book2</name>
  </book>
  <book year="2014" isbn="ISBN83763550019---11">
    <Authors>
      <Author>
        <Name>Fred</Name>
        <Email>fweasley@hogwarts.co.uk</Email>
      </Author>
      <Author>
        <Name>George</Name>
        <Email>gweasley@hogwarts.co.uk</Email>
      </Author>
    </Authors>
    <name>Book1</name>
  </book>
  <book year="2014" isbn="ISBN83763550019---11">
    <Authors>
      <Author>
        <Name>Fred</Name>
        <Email>fweasley@hogwarts.co.uk</Email>
      </Author>
      <Author>
        <Name>George</Name>
        <Email>gweasley@hogwarts.co.uk</Email>
      </Author>
    </Authors>
    <name>Book2</name>
  </book>
  <book year="2014" isbn="ISBN83763550019---11">
    <Authors>
      <Author>
        <Name>Fred</Name>
        <Email>fweasley@hogwarts.co.uk</Email>
      </Author>
      <Author>
        <Name>George</Name>
        <Email>gweasley@hogwarts.co.uk</Email>
      </Author>
    </Authors>
    <name>Book1</name>
  </book>
  <book year="2014" isbn="ISBN83763550019---11">
    <Authors>
      <Author>
        <Name>Fred</Name>
        <Email>fweasley@hogwarts.co.uk</Email>
      </Author>
      <Author>
        <Name>George</Name>
        <Email>gweasley@hogwarts.co.uk</Email>
      </Author>
    </Authors>
    <name>Book2</name>
  </book>
  <book year="2014" isbn="ISBN83763550019---11">
    <Authors>
      <Author>
        <Name>Fred</Name>
        <Email>fweasley@hogwarts.co.uk</Email>
      </Author>
      <Author>
        <Name>George</Name>
        <Email>gweasley@hogwarts.co.uk</Email>
      </Author>
    </Authors>
    <name>Book1</name>
  </book>
  <book year="2014" isbn="ISBN83763550019---11">
    <Authors>
      <Author>
        <Name>Fred</Name>
        <Email>fweasley@hogwarts.co.uk</Email>
      </Author>
      <Author>
        <Name>George</Name>
        <Email>gweasley@hogwarts.co.uk</Email>
      </Author>
    </Authors>
    <name>Book2</name>
  </book>
  <book year="2014" isbn="ISBN83763550019---11">
    <Authors>
      <Author>
        <Name>Fred</Name>
        <Email>fweasley@hogwarts.co.uk</Email>
      </Author>
      <Author>
        <Name>George</Name>
        <Email>gweasley@hogwarts.co.uk</Email>
      </Author>
    </Authors>
    <name>Book1</name>
  </book>
  <book year="2014" isbn="ISBN83763550019---11">
    <Authors>
      <Author>
        <Name>Fred</Name>
        <Email>fweasley@hogwarts.co.uk</Email>
      </Author>
      <Author>
        <Name>George</Name>
        <Email>gweasley@hogwarts.co.uk</Email>
      </Author>
    </Authors>
    <name>Book2</name>
  </book>
  <book year="2014" isbn="ISBN83763550019---11">
    <Authors>
      <Author>
        <Name>Fred</Name>
        <Email>fweasley@hogwarts.co.uk</Email>
      </Author>
      <Author>
        <Name>George</Name>
        <Email>gweasley@hogwarts.co.uk</Email>
      </Author>
    </Authors>
    <name>Book1</name>
  </book>
  <book year="2014" isbn="ISBN83763550019---11">
    <Authors>
      <Author>
        <Name>Fred</Name>
        <Email>fweasley@hogwarts.co.uk</Email>
      </Author>
      <Author>
        <Name>George</Name>
        <Email>gweasley@hogwarts.co.uk</Email>
      </Author>
    </Authors>
    <name>Book2</name>
  </book>
  <book year="2014" isbn="ISBN83763550019---11">
    <Authors>
      <Author>
        <Name>Fred</Name>
        <Email>fweasley@hogwarts.co.uk</Email>
      </Author>
      <Author>
        <Name>George</Name>
        <Email>gweasley@hogwarts.co.uk</Email>
      </Author>
    </Authors>
    <name>Book1</name>
  </book>
  <book year="2014" isbn="ISBN83763550019---11">
    <Authors>
      <Author>
        <Name>Fred</Name>
        <Email>fweasley@hogwarts.co.uk</Email>
      </Author>
      <Author>
        <Name>George</Name>
        <Email>gweasley@hogwarts.co.uk</Email>
      </Author>
    </Authors>
    <name>Book2</name>
  </book>
  <book year="2014" isbn="ISBN83763550019---11">
    <Authors>
      <Author>
        <Name>Fred</Name>
        <Email>fweasley@hogwarts.co.uk</Email>
      </Author>
      <Author>
        <Name>George</Name>
        <Email>gweasley@hogwarts.co.uk</Email>
      </Author>
    </Authors>
    <name>Book1</name>
  </book>
  <book year="2014" isbn="ISBN83763550019---11">
    <Authors>
      <Author>
        <Name>Fred</Name>
        <Email>fweasley@hogwarts.co.uk</Email>
      </Author>
      <Author>
        <Name>George</Name>
        <Email>gweasley@hogwarts.co.uk</Email>
      </Author>
    </Authors>
    <name>Book2</name>
  </book>
  <book year="2014" isbn="ISBN83763550019---11">
    <Authors>
      <Author>
        <Name>Fred</Name>
        <Email>fweasley@hogwarts.co.uk</Email>
      </Author>
      <Author>
        <Name>George</Name>
        <Email>gweasley@hogwarts.co.uk</Email>
      </Author>
    </Authors>
    <name>Book1</name>
  </book>
  <book year="2014" isbn="ISBN83763550019---11">
    <Authors>
      <Author>
        <Name>Fred</Name>
        <Email>fweasley@hogwarts.co.uk</Email>
      </Author>
      <Author>
        <Name>George</Name>
        <Email>gweasley@hogwarts.co.uk</Email>
      </Author>
    </Authors>
    <name>Book2</name>
  </book>
  <book year="2014" isbn="ISBN83763550019---11">
    <Authors>
      <Author>
        <Name>Fred</Name>
        <Email>fweasley@hogwarts.co.uk</Email>
      </Author>
      <Author>
        <Name>George</Name>
        <Email>gweasley@hogwarts.co.uk</Email>
      </Author>
    </Authors>
    <name>Book1</name>
  </book>
  <book year="2014" isbn="ISBN83763550019---11">
    <Authors>
      <Author>
        <Name>Fred</Name>
        <Email>fweasley@hogwarts.co.uk</Email>
      </Author>
      <Author>
        <Name>George</Name>
        <Email>gweasley@hogwarts.co.uk</Email>
      </Author>
    </Authors>
    <name>Book2</name>
  </book>
  <book year="2014" isbn="ISBN83763550019---11">
    <Authors>
      <Author>
        <Name>Fred</Name>
        <Email>fweasley@hogwarts.co.uk</Email>
      </Author>
      <Author>
        <Name>George</Name>
        <Email>gweasley@hogwarts.co.uk</Email>
      </Author>
    </Authors>
    <name>Book1</name>
  </book>
  <book year="2014" isbn="ISBN83763550019---11">
    <Authors>
      <Author>
        <Name>Fred</Name>
        <Email>fweasley@hogwarts.co.uk</Email>
      </Author>
      <Author>
        <Name>George</Name>
        <Email>gweasley@hogwarts.co.uk</Email>
      </Author>
    </Authors>
    <name>Book2</name>
  </book>
  <book year="2014" isbn="ISBN83763550019---11">
    <Authors>
      <Author>
        <Name>Fred</Name>
        <Email>fweasley@hogwarts.co.uk</Email>
      </Author>
      <Author>
        <Name>George</Name>
        <Email>gweasley@hogwarts.co.uk</Email>
      </Author>
    </Authors>
    <name>Book1</name>
  </book>
  <book year="2014" isbn="ISBN83763550019---11">
    <Authors>
      <Author>
        <Name>Fred</Name>
        <Email>fweasley@hogwarts.co.uk</Email>
      </Author>
      <Author>
        <Name>George</Name>
        <Email>gweasley@hogwarts.co.uk</Email>
      </Author>
    </Authors>
    <name>Book2</name>
  </book>
  <book year="2014" isbn="ISBN83763550019---11">
    <Authors>
      <Author>
        <Name>Fred</Name>
        <Email>fweasley@hogwarts.co.uk</Email>
      </Author>
      <Author>
        <Name>George</Name>
        <Email>gweasley@hogwarts.co.uk</Email>
      </Author>
    </Authors>
    <name>Book1</name>
  </book>
  <book year="2014" isbn="ISBN83763550019---11">
    <Authors>
      <Author>
        <Name>Fred</Name>
        <Email>fweasley@hogwarts.co.uk</Email>
      </Author>
      <Author>
        <Name>George</Name>
        <Email>gweasley@hogwarts.co.uk</Email>
      </Author>
    </Authors>
    <name>Book2</name>
  </book>
  <book year="2014" isbn="ISBN83763550019---11">
    <Authors>
      <Author>
        <Name>Fred</Name>
        <Email>fweasley@hogwarts.co.uk</Email>
      </Author>
      <Author>
        <Name>George</Name>
        <Email>gweasley@hogwarts.co.uk</Email>
      </Author>
    </Authors>
    <name>Book1</name>
  </book>
  <book year="2014" isbn="ISBN83763550019---11">
    <Authors>
      <Author>
        <Name>Fred</Name>
        <Email>fweasley@hogwarts.co.uk</Email>
      </Author>
      <Author>
        <Name>George</Name>
        <Email>gweasley@hogwarts.co.uk</Email>
      </Author>
    </Authors>
    <name>Book2</name>
  </book>
  <book year="2014" isbn="ISBN83763550019---11">
    <Authors>
      <Author>
        <Name>Fred</Name>
        <Email>fweasley@hogwarts.co.uk</Email>
      </Author>
      <Author>
        <Name>George</Name>
        <Email>gweasley@hogwarts.co.uk</Email>
      </Author>
    </Authors>
    <name>Book1</name>
  </book>
  <book year="2014" isbn="ISBN83763550019---11">
    <Authors>
      <Author>
        <Name>Fred</Name>
        <Email>fweasley@hogwarts.co.uk</Email>
      </Author>
      <Author>
        <Name>George</Name>
        <Email>gweasley@hogwarts.co.uk</Email>
      </Author>
    </Authors>
    <name>Book2</name>
  </book>
  <book year="2014" isbn="ISBN83763550019---11">
    <Authors>
      <Author>
        <Name>Fred</Name>
        <Email>fweasley@hogwarts.co.uk</Email>
      </Author>
      <Author>
        <Name>George</Name>
        <Email>gweasley@hogwarts.co.uk</Email>
      </Author>
    </Authors>
    <name>Book1</name>
  </book>
  <book year="2014" isbn="ISBN83763550019---11">
    <Authors>
      <Author>
        <Name>Fred</Name>
        <Email>fweasley@hogwarts.co.uk</Email>
      </Author>
      <Author>
        <Name>George</Name>
        <Email>gweasley@hogwarts.co.uk</Email>
      </Author>
    </Authors>
    <name>Book2</name>
  </book>
  <book year="2014" isbn="ISBN83763550019---11">
    <Authors>
      <Author>
        <Name>Fred</Name>
        <Email>fweasley@hogwarts.co.uk</Email>
      </Author>
      <Author>
        <Name>George</Name>
        <Email>gweasley@hogwarts.co.uk</Email>
      </Author>
    </Authors>
    <name>Book1</name>
  </book>
  <book year="2014" isbn="ISBN83763550019---11">
    <Authors>
      <Author>
        <Name>Fred</Name>
        <Email>fweasley@hogwarts.co.uk</Email>
      </Author>
      <Author>
        <Name>George</Name>
        <Email>gweasley@hogwarts.co.uk</Email>
      </Author>
    </Authors>
    <name>Book2</name>
  </book>
  <book year="2014" isbn="ISBN83763550019---11">
    <Authors>
      <Author>
        <Name>Fred</Name>
        <Email>fweasley@hogwarts.co.uk</Email>
      </Author>
      <Author>
        <Name>George</Name>
        <Email>gweasley@hogwarts.co.uk</Email>
      </Author>
    </Authors>
    <name>Book1</name>
  </book>
  <book year="2014" isbn="ISBN83763550019---11">
    <Authors>
      <Author>
        <Name>Fred</Name>
        <Email>fweasley@hogwarts.co.uk</Email>
      </Author>
      <Author>
        <Name>George</Name>
        <Email>gweasley@hogwarts.co.uk</Email>
      </Author>
    </Authors>
    <name>Book2</name>
  </book>
  <book year="2014" isbn="ISBN83763550019---11">
    <Authors>
      <Author>
        <Name>Fred</Name>
        <Email>fweasley@hogwarts.co.uk</Email>
      </Author>
      <Author>
        <Name>George</Name>
        <Email>gweasley@hogwarts.co.uk</Email>
      </Author>
    </Authors>
    <name>Book1</name>
  </book>
  <book year="2014" isbn="ISBN83763550019---11">
    <Authors>
      <Author>
        <Name>Fred</Name>
        <Email>fweasley@hogwarts.co.uk</Email>
      </Author>
      <Author>
        <Name>George</Name>
        <Email>gweasley@hogwarts.co.uk</Email>
      </Author>
    </Authors>
    <name>Book2</name>
  </book>
  <book year="2014" isbn="ISBN83763550019---11">
    <Authors>
      <Author>
        <Name>Fred</Name>
        <Email>fweasley@hogwarts.co.uk</Email>
      </Author>
      <Author>
        <Name>George</Name>
        <Email>gweasley@hogwarts.co.uk</Email>
      </Author>
    </Authors>
    <name>Book1</name>
  </book>
  <book year="2014" isbn="ISBN83763550019---11">
    <Authors>
      <Author>
        <Name>Fred</Name>
        <Email>fweasley@hogwarts.co.uk</Email>
      </Author>
      <Author>
        <Name>George</Name>
        <Email>gweasley@hogwarts.co.uk</Email>
      </Author>
    </Authors>
    <name>Book2</name>
  </book>
  <book year="2014" isbn="ISBN83763550019---11">
    <Authors>
      <Author>
        <Name>Fred</Name>
        <Email>fweasley@hogwarts.co.uk</Email>
      </Author>
      <Author>
        <Name>George</Name>
        <Email>gweasley@hogwarts.co.uk</Email>
      </Author>
    </Authors>
    <name>Book1</name>
  </book>
  <book year="2014" isbn="ISBN83763550019---11">
    <Authors>
      <Author>
        <Name>Fred</Name>
        <Email>fweasley@hogwarts.co.uk</Email>
      </Author>
      <Author>
        <Name>George</Name>
        <Email>gweasley@hogwarts.co.uk</Email>
      </Author>
    </Authors>
    <name>Book2</name>
  </book>
  <book year="2014" isbn="ISBN83763550019---11">
    <Authors>
      <Author>
        <Name>Fred</Name>
        <Email>fweasley@hogwarts.co.uk</Email>
      </Author>
      <Author>
        <Name>George</Name>
        <Email>gweasley@hogwarts.co.uk</Email>
      </Author>
    </Authors>
    <name>Book1</name>
  </book>
  <book year="2014" isbn="ISBN83763550019---11">
    <Authors>
      <Author>
        <Name>Fred</Name>
        <Email>fweasley@hogwarts.co.uk</Email>
      </Author>
      <Author>
        <Name>George</Name>
        <Email>gweasley@hogwarts.co.uk</Email>
      </Author>
    </Authors>
    <name>Book2</name>
  </book>
  <book year="2014" isbn="ISBN83763550019---11">
    <Authors>
      <Author>
        <Name>Fred</Name>
        <Email>fweasley@hogwarts.co.uk</Email>
      </Author>
      <Author>
        <Name>George</Name>
        <Email>gweasley@hogwarts.co.uk</Email>
      </Author>
    </Authors>
    <name>Book1</name>
  </book>
  <book year="2014" isbn="ISBN83763550019---11">
    <Authors>
      <Author>
        <Name>Fred</Name>
        <Email>fweasley@hogwarts.co.uk</Email>
      </Author>
      <Author>
        <Name>George</Name>
        <Email>gweasley@hogwarts.co.uk</Email>
      </Author>
    </Authors>
    <name>Book2</name>
  </book>
  <book year="2014" isbn="ISBN83763550019---11">
    <Authors>
      <Author>
        <Name>Fred</Name>
        <Email>fweasley@hogwarts.co.uk</Email>
      </Author>
      <Author>
        <Name>George</Name>
        <Email>gweasley@hogwarts.co.uk</Email>
      </Author>
    </Authors>
    <name>Book1</name>
  </book>
  <book year="2014" isbn="ISBN83763550019---11">
    <Authors>
      <Author>
        <Name>Fred</Name>
        <Email>fweasley@hogwarts.co.uk</Email>
      </Author>
      <Author>
        <Name>George</Name>
        <Email>gweasley@hogwarts.co.uk</Email>
      </Author>
    </Authors>
    <name>Book2</name>
  </book>
  <book year="2014" isbn="ISBN83763550019---11">
    <Authors>
      <Author>
        <Name>Fred</Name>
        <Email>fweasley@hogwarts.co.uk</Email>
      </Author>
      <Author>
        <Name>George</Name>
        <Email>gweasley@hogwarts.co.uk</Email>
      </Author>
    </Authors>
    <name>Book1</name>
  </book>
  <book year="2014" isbn="ISBN83763550019---11">
    <Authors>
      <Author>
        <Name>Fred</Name>
        <Email>fweasley@hogwarts.co.uk</Email>
      </Author>
      <Author>
        <Name>George</Name>
        <Email>gweasley@hogwarts.co.uk</Email>
      </Author>
    </Authors>
    <name>Book2</name>
  </book>
  <book year="2014" isbn="ISBN83763550019---11">
    <Authors>
      <Author>
        <Name>Fred</Name>
        <Email>fweasley@hogwarts.co.uk</Email>
      </Author>
      <Author>
        <Name>George</Name>
        <Email>gweasley@hogwarts.co.uk</Email>
      </Author>
    </Authors>
    <name>Book1</name>
  </book>
  <book year="2014" isbn="ISBN83763550019---11">
    <Authors>
      <Author>
        <Name>Fred</Name>
        <Email>fweasley@hogwarts.co.uk</Email>
      </Author>
      <Author>
        <Name>George</Name>
        <Email>gweasley@hogwarts.co.uk</Email>
      </Author>
    </Authors>
    <name>Book2</name>
  </book>
  <book year="2014" isbn="ISBN83763550019---11">
    <Authors>
      <Author>
        <Name>Fred</Name>
        <Email>fweasley@hogwarts.co.uk</Email>
      </Author>
      <Author>
        <Name>George</Name>
        <Email>gweasley@hogwarts.co.uk</Email>
      </Author>
    </Authors>
    <name>Book1</name>
  </book>
  <book year="2014" isbn="ISBN83763550019---11">
    <Authors>
      <Author>
        <Name>Fred</Name>
        <Email>fweasley@hogwarts.co.uk</Email>
      </Author>
      <Author>
        <Name>George</Name>
        <Email>gweasley@hogwarts.co.uk</Email>
      </Author>
    </Authors>
    <name>Book2</name>
  </book>
  <book year="2014" isbn="ISBN83763550019---11">
    <Authors>
      <Author>
        <Name>Fred</Name>
        <Email>fweasley@hogwarts.co.uk</Email>
      </Author>
      <Author>
        <Name>George</Name>
        <Email>gweasley@hogwarts.co.uk</Email>
      </Author>
    </Authors>
    <name>Book1</name>
  </book>
  <book year="2014" isbn="ISBN83763550019---11">
    <Authors>
      <Author>
        <Name>Fred</Name>
        <Email>fweasley@hogwarts.co.uk</Email>
      </Author>
      <Author>
        <Name>George</Name>
        <Email>gweasley@hogwarts.co.uk</Email>
      </Author>
    </Authors>
    <name>Book2</name>
  </book>
  <book year="2014" isbn="ISBN83763550019---11">
    <Authors>
      <Author>
        <Name>Fred</Name>
        <Email>fweasley@hogwarts.co.uk</Email>
      </Author>
      <Author>
        <Name>George</Name>
        <Email>gweasley@hogwarts.co.uk</Email>
      </Author>
    </Authors>
    <name>Book1</name>
  </book>
  <book year="2014" isbn="ISBN83763550019---11">
    <Authors>
      <Author>
        <Name>Fred</Name>
        <Email>fweasley@hogwarts.co.uk</Email>
      </Author>
      <Author>
        <Name>George</Name>
        <Email>gweasley@hogwarts.co.uk</Email>
      </Author>
    </Authors>
    <name>Book2</name>
  </book>
  <book year="2014" isbn="ISBN83763550019---11">
    <Authors>
      <Author>
        <Name>Fred</Name>
        <Email>fweasley@hogwarts.co.uk</Email>
      </Author>
      <Author>
        <Name>George</Name>
        <Email>gweasley@hogwarts.co.uk</Email>
      </Author>
    </Authors>
    <name>Book1</name>
  </book>
  <book year="2014" isbn="ISBN83763550019---11">
    <Authors>
      <Author>
        <Name>Fred</Name>
        <Email>fweasley@hogwarts.co.uk</Email>
      </Author>
      <Author>
        <Name>George</Name>
        <Email>gweasley@hogwarts.co.uk</Email>
      </Author>
    </Authors>
    <name>Book2</name>
  </book>
  <book year="2014" isbn="ISBN83763550019---11">
    <Authors>
      <Author>
        <Name>Fred</Name>
        <Email>fweasley@hogwarts.co.uk</Email>
      </Author>
      <Author>
        <Name>George</Name>
        <Email>gweasley@hogwarts.co.uk</Email>
      </Author>
    </Authors>
    <name>Book1</name>
  </book>
  <book year="2014" isbn="ISBN83763550019---11">
    <Authors>
      <Author>
        <Name>Fred</Name>
        <Email>fweasley@hogwarts.co.uk</Email>
      </Author>
      <Author>
        <Name>George</Name>
        <Email>gweasley@hogwarts.co.uk</Email>
      </Author>
    </Authors>
    <name>Book2</name>
  </book>
  <book year="2014" isbn="ISBN83763550019---11">
    <Authors>
      <Author>
        <Name>Fred</Name>
        <Email>fweasley@hogwarts.co.uk</Email>
      </Author>
      <Author>
        <Name>George</Name>
        <Email>gweasley@hogwarts.co.uk</Email>
      </Author>
    </Authors>
    <name>Book1</name>
  </book>
  <book year="2014" isbn="ISBN83763550019---11">
    <Authors>
      <Author>
        <Name>Fred</Name>
        <Email>fweasley@hogwarts.co.uk</Email>
      </Author>
      <Author>
        <Name>George</Name>
        <Email>gweasley@hogwarts.co.uk</Email>
      </Author>
    </Authors>
    <name>Book2</name>
  </book>
  <book year="2014" isbn="ISBN83763550019---11">
    <Authors>
      <Author>
        <Name>Fred</Name>
        <Email>fweasley@hogwarts.co.uk</Email>
      </Author>
      <Author>
        <Name>George</Name>
        <Email>gweasley@hogwarts.co.uk</Email>
      </Author>
    </Authors>
    <name>Book1</name>
  </book>
  <book year="2014" isbn="ISBN83763550019---11">
    <Authors>
      <Author>
        <Name>Fred</Name>
        <Email>fweasley@hogwarts.co.uk</Email>
      </Author>
      <Author>
        <Name>George</Name>
        <Email>gweasley@hogwarts.co.uk</Email>
      </Author>
    </Authors>
    <name>Book2</name>
  </book>
  <book year="2014" isbn="ISBN83763550019---11">
    <Authors>
      <Author>
        <Name>Fred</Name>
        <Email>fweasley@hogwarts.co.uk</Email>
      </Author>
      <Author>
        <Name>George</Name>
        <Email>gweasley@hogwarts.co.uk</Email>
      </Author>
    </Authors>
    <name>Book1</name>
  </book>
  <book year="2014" isbn="ISBN83763550019---11">
    <Authors>
      <Author>
        <Name>Fred</Name>
        <Email>fweasley@hogwarts.co.uk</Email>
      </Author>
      <Author>
        <Name>George</Name>
        <Email>gweasley@hogwarts.co.uk</Email>
      </Author>
    </Authors>
    <name>Book2</name>
  </book>
  <book year="2014" isbn="ISBN83763550019---11">
    <Authors>
      <Author>
        <Name>Fred</Name>
        <Email>fweasley@hogwarts.co.uk</Email>
      </Author>
      <Author>
        <Name>George</Name>
        <Email>gweasley@hogwarts.co.uk</Email>
      </Author>
    </Authors>
    <name>Book1</name>
  </book>
  <book year="2014" isbn="ISBN83763550019---11">
    <Authors>
      <Author>
        <Name>Fred</Name>
        <Email>fweasley@hogwarts.co.uk</Email>
      </Author>
      <Author>
        <Name>George</Name>
        <Email>gweasley@hogwarts.co.uk</Email>
      </Author>
    </Authors>
    <name>Book2</name>
  </book>
  <book year="2014" isbn="ISBN83763550019---11">
    <Authors>
      <Author>
        <Name>Fred</Name>
        <Email>fweasley@hogwarts.co.uk</Email>
      </Author>
      <Author>
        <Name>George</Name>
        <Email>gweasley@hogwarts.co.uk</Email>
      </Author>
    </Authors>
    <name>Book1</name>
  </book>
  <book year="2014" isbn="ISBN83763550019---11">
    <Authors>
      <Author>
        <Name>Fred</Name>
        <Email>fweasley@hogwarts.co.uk</Email>
      </Author>
      <Author>
        <Name>George</Name>
        <Email>gweasley@hogwarts.co.uk</Email>
      </Author>
    </Authors>
    <name>Book2</name>
  </book>
  <book year="2014" isbn="ISBN83763550019---11">
    <Authors>
      <Author>
        <Name>Fred</Name>
        <Email>fweasley@hogwarts.co.uk</Email>
      </Author>
      <Author>
        <Name>George</Name>
        <Email>gweasley@hogwarts.co.uk</Email>
      </Author>
    </Authors>
    <name>Book1</name>
  </book>
  <book year="2014" isbn="ISBN83763550019---11">
    <Authors>
      <Author>
        <Name>Fred</Name>
        <Email>fweasley@hogwarts.co.uk</Email>
      </Author>
      <Author>
        <Name>George</Name>
        <Email>gweasley@hogwarts.co.uk</Email>
      </Author>
    </Authors>
    <name>Book2</name>
  </book>
  <book year="2014" isbn="ISBN83763550019---11">
    <Authors>
      <Author>
        <Name>Fred</Name>
        <Email>fweasley@hogwarts.co.uk</Email>
      </Author>
      <Author>
        <Name>George</Name>
        <Email>gweasley@hogwarts.co.uk</Email>
      </Author>
    </Authors>
    <name>Book1</name>
  </book>
  <book year="2014" isbn="ISBN83763550019---11">
    <Authors>
      <Author>
        <Name>Fred</Name>
        <Email>fweasley@hogwarts.co.uk</Email>
      </Author>
      <Author>
        <Name>George</Name>
        <Email>gweasley@hogwarts.co.uk</Email>
      </Author>
    </Authors>
    <name>Book2</name>
  </book>
  <book year="2014" isbn="ISBN83763550019---11">
    <Authors>
      <Author>
        <Name>Fred</Name>
        <Email>fweasley@hogwarts.co.uk</Email>
      </Author>
      <Author>
        <Name>George</Name>
        <Email>gweasley@hogwarts.co.uk</Email>
      </Author>
    </Authors>
    <name>Book1</name>
  </book>
  <book year="2014" isbn="ISBN83763550019---11">
    <Authors>
      <Author>
        <Name>Fred</Name>
        <Email>fweasley@hogwarts.co.uk</Email>
      </Author>
      <Author>
        <Name>George</Name>
        <Email>gweasley@hogwarts.co.uk</Email>
      </Author>
    </Authors>
    <name>Book2</name>
  </book>
  <book year="2014" isbn="ISBN83763550019---11">
    <Authors>
      <Author>
        <Name>Fred</Name>
        <Email>fweasley@hogwarts.co.uk</Email>
      </Author>
      <Author>
        <Name>George</Name>
        <Email>gweasley@hogwarts.co.uk</Email>
      </Author>
    </Authors>
    <name>Book1</name>
  </book>
  <book year="2014" isbn="ISBN83763550019---11">
    <Authors>
      <Author>
        <Name>Fred</Name>
        <Email>fweasley@hogwarts.co.uk</Email>
      </Author>
      <Author>
        <Name>George</Name>
        <Email>gweasley@hogwarts.co.uk</Email>
      </Author>
    </Authors>
    <name>Book2</name>
  </book>
  <book year="2014" isbn="ISBN83763550019---11">
    <Authors>
      <Author>
        <Name>Fred</Name>
        <Email>fweasley@hogwarts.co.uk</Email>
      </Author>
      <Author>
        <Name>George</Name>
        <Email>gweasley@hogwarts.co.uk</Email>
      </Author>
    </Authors>
    <name>Book1</name>
  </book>
  <book year="2014" isbn="ISBN83763550019---11">
    <Authors>
      <Author>
        <Name>Fred</Name>
        <Email>fweasley@hogwarts.co.uk</Email>
      </Author>
      <Author>
        <Name>George</Name>
        <Email>gweasley@hogwarts.co.uk</Email>
      </Author>
    </Authors>
    <name>Book2</name>
  </book>
  <book year="2014" isbn="ISBN83763550019---11">
    <Authors>
      <Author>
        <Name>Fred</Name>
        <Email>fweasley@hogwarts.co.uk</Email>
      </Author>
      <Author>
        <Name>George</Name>
        <Email>gweasley@hogwarts.co.uk</Email>
      </Author>
    </Authors>
    <name>Book1</name>
  </book>
  <book year="2014" isbn="ISBN83763550019---11">
    <Authors>
      <Author>
        <Name>Fred</Name>
        <Email>fweasley@hogwarts.co.uk</Email>
      </Author>
      <Author>
        <Name>George</Name>
        <Email>gweasley@hogwarts.co.uk</Email>
      </Author>
    </Authors>
    <name>Book2</name>
  </book>
  <book year="2014" isbn="ISBN83763550019---11">
    <Authors>
      <Author>
        <Name>Fred</Name>
        <Email>fweasley@hogwarts.co.uk</Email>
      </Author>
      <Author>
        <Name>George</Name>
        <Email>gweasley@hogwarts.co.uk</Email>
      </Author>
    </Authors>
    <name>Book1</name>
  </book>
  <book year="2014" isbn="ISBN83763550019---11">
    <Authors>
      <Author>
        <Name>Fred</Name>
        <Email>fweasley@hogwarts.co.uk</Email>
      </Author>
      <Author>
        <Name>George</Name>
        <Email>gweasley@hogwarts.co.uk</Email>
      </Author>
    </Authors>
    <name>Book2</name>
  </book>
  <book year="2014" isbn="ISBN83763550019---11">
    <Authors>
      <Author>
        <Name>Fred</Name>
        <Email>fweasley@hogwarts.co.uk</Email>
      </Author>
      <Author>
        <Name>George</Name>
        <Email>gweasley@hogwarts.co.uk</Email>
      </Author>
    </Authors>
    <name>Book1</name>
  </book>
  <book year="2014" isbn="ISBN83763550019---11">
    <Authors>
      <Author>
        <Name>Fred</Name>
        <Email>fweasley@hogwarts.co.uk</Email>
      </Author>
      <Author>
        <Name>George</Name>
        <Email>gweasley@hogwarts.co.uk</Email>
      </Author>
    </Authors>
    <name>Book2</name>
  </book>
  <book year="2014" isbn="ISBN83763550019---11">
    <Authors>
      <Author>
        <Name>Fred</Name>
        <Email>fweasley@hogwarts.co.uk</Email>
      </Author>
      <Author>
        <Name>George</Name>
        <Email>gweasley@hogwarts.co.uk</Email>
      </Author>
    </Authors>
    <name>Book1</name>
  </book>
  <book year="2014" isbn="ISBN83763550019---11">
    <Authors>
      <Author>
        <Name>Fred</Name>
        <Email>fweasley@hogwarts.co.uk</Email>
      </Author>
      <Author>
        <Name>George</Name>
        <Email>gweasley@hogwarts.co.uk</Email>
      </Author>
    </Authors>
    <name>Book2</name>
  </book>
  <book year="2014" isbn="ISBN83763550019---11">
    <Authors>
      <Author>
        <Name>Fred</Name>
        <Email>fweasley@hogwarts.co.uk</Email>
      </Author>
      <Author>
        <Name>George</Name>
        <Email>gweasley@hogwarts.co.uk</Email>
      </Author>
    </Authors>
    <name>Book1</name>
  </book>
  <book year="2014" isbn="ISBN83763550019---11">
    <Authors>
      <Author>
        <Name>Fred</Name>
        <Email>fweasley@hogwarts.co.uk</Email>
      </Author>
      <Author>
        <Name>George</Name>
        <Email>gweasley@hogwarts.co.uk</Email>
      </Author>
    </Authors>
    <name>Book2</name>
  </book>
  <book year="2014" isbn="ISBN83763550019---11">
    <Authors>
      <Author>
        <Name>Fred</Name>
        <Email>fweasley@hogwarts.co.uk</Email>
      </Author>
      <Author>
        <Name>George</Name>
        <Email>gweasley@hogwarts.co.uk</Email>
      </Author>
    </Authors>
    <name>Book1</name>
  </book>
  <book year="2014" isbn="ISBN83763550019---11">
    <Authors>
      <Author>
        <Name>Fred</Name>
        <Email>fweasley@hogwarts.co.uk</Email>
      </Author>
      <Author>
        <Name>George</Name>
        <Email>gweasley@hogwarts.co.uk</Email>
      </Author>
    </Authors>
    <name>Book2</name>
  </book>
  <book year="2014" isbn="ISBN83763550019---11">
    <Authors>
      <Author>
        <Name>Fred</Name>
        <Email>fweasley@hogwarts.co.uk</Email>
      </Author>
      <Author>
        <Name>George</Name>
        <Email>gweasley@hogwarts.co.uk</Email>
      </Author>
    </Authors>
    <name>Book1</name>
  </book>
  <book year="2014" isbn="ISBN83763550019---11">
    <Authors>
      <Author>
        <Name>Fred</Name>
        <Email>fweasley@hogwarts.co.uk</Email>
      </Author>
      <Author>
        <Name>George</Name>
        <Email>gweasley@hogwarts.co.uk</Email>
      </Author>
    </Authors>
    <name>Book2</name>
  </book>
  <book year="2014" isbn="ISBN83763550019---11">
    <Authors>
      <Author>
        <Name>Fred</Name>
        <Email>fweasley@hogwarts.co.uk</Email>
      </Author>
      <Author>
        <Name>George</Name>
        <Email>gweasley@hogwarts.co.uk</Email>
      </Author>
    </Authors>
    <name>Book1</name>
  </book>
  <book year="2014" isbn="ISBN83763550019---11">
    <Authors>
      <Author>
        <Name>Fred</Name>
        <Email>fweasley@hogwarts.co.uk</Email>
      </Author>
      <Author>
        <Name>George</Name>
        <Email>gweasley@hogwarts.co.uk</Email>
      </Author>
    </Authors>
    <name>Book2</name>
  </book>
  <book year="2014" isbn="ISBN83763550019---11">
    <Authors>
      <Author>
        <Name>Fred</Name>
        <Email>fweasley@hogwarts.co.uk</Email>
      </Author>
      <Author>
        <Name>George</Name>
        <Email>gweasley@hogwarts.co.uk</Email>
      </Author>
    </Authors>
    <name>Book1</name>
  </book>
  <book year="2014" isbn="ISBN83763550019---11">
    <Authors>
      <Author>
        <Name>Fred</Name>
        <Email>fweasley@hogwarts.co.uk</Email>
      </Author>
      <Author>
        <Name>George</Name>
        <Email>gweasley@hogwarts.co.uk</Email>
      </Author>
    </Authors>
    <name>Book2</name>
  </book>
  <book year="2014" isbn="ISBN83763550019---11">
    <Authors>
      <Author>
        <Name>Fred</Name>
        <Email>fweasley@hogwarts.co.uk</Email>
      </Author>
      <Author>
        <Name>George</Name>
        <Email>gweasley@hogwarts.co.uk</Email>
      </Author>
    </Authors>
    <name>Book1</name>
  </book>
  <book year="2014" isbn="ISBN83763550019---11">
    <Authors>
      <Author>
        <Name>Fred</Name>
        <Email>fweasley@hogwarts.co.uk</Email>
      </Author>
      <Author>
        <Name>George</Name>
        <Email>gweasley@hogwarts.co.uk</Email>
      </Author>
    </Authors>
    <name>Book2</name>
  </book>
  <book year="2014" isbn="ISBN83763550019---11">
    <Authors>
      <Author>
        <Name>Fred</Name>
        <Email>fweasley@hogwarts.co.uk</Email>
      </Author>
      <Author>
        <Name>George</Name>
        <Email>gweasley@hogwarts.co.uk</Email>
      </Author>
    </Authors>
    <name>Book1</name>
  </book>
  <book year="2014" isbn="ISBN83763550019---11">
    <Authors>
      <Author>
        <Name>Fred</Name>
        <Email>fweasley@hogwarts.co.uk</Email>
      </Author>
      <Author>
        <Name>George</Name>
        <Email>gweasley@hogwarts.co.uk</Email>
      </Author>
    </Authors>
    <name>Book2</name>
  </book>
  <book year="2014" isbn="ISBN83763550019---11">
    <Authors>
      <Author>
        <Name>Fred</Name>
        <Email>fweasley@hogwarts.co.uk</Email>
      </Author>
      <Author>
        <Name>George</Name>
        <Email>gweasley@hogwarts.co.uk</Email>
      </Author>
    </Authors>
    <name>Book1</name>
  </book>
  <book year="2014" isbn="ISBN83763550019---11">
    <Authors>
      <Author>
        <Name>Fred</Name>
        <Email>fweasley@hogwarts.co.uk</Email>
      </Author>
      <Author>
        <Name>George</Name>
        <Email>gweasley@hogwarts.co.uk</Email>
      </Author>
    </Authors>
    <name>Book2</name>
  </book>
  <book year="2014" isbn="ISBN83763550019---11">
    <Authors>
      <Author>
        <Name>Fred</Name>
        <Email>fweasley@hogwarts.co.uk</Email>
      </Author>
      <Author>
        <Name>George</Name>
        <Email>gweasley@hogwarts.co.uk</Email>
      </Author>
    </Authors>
    <name>Book1</name>
  </book>
  <book year="2014" isbn="ISBN83763550019---11">
    <Authors>
      <Author>
        <Name>Fred</Name>
        <Email>fweasley@hogwarts.co.uk</Email>
      </Author>
      <Author>
        <Name>George</Name>
        <Email>gweasley@hogwarts.co.uk</Email>
      </Author>
    </Authors>
    <name>Book2</name>
  </book>
  <book year="2014" isbn="ISBN83763550019---11">
    <Authors>
      <Author>
        <Name>Fred</Name>
        <Email>fweasley@hogwarts.co.uk</Email>
      </Author>
      <Author>
        <Name>George</Name>
        <Email>gweasley@hogwarts.co.uk</Email>
      </Author>
    </Authors>
    <name>Book1</name>
  </book>
  <book year="2014" isbn="ISBN83763550019---11">
    <Authors>
      <Author>
        <Name>Fred</Name>
        <Email>fweasley@hogwarts.co.uk</Email>
      </Author>
      <Author>
        <Name>George</Name>
        <Email>gweasley@hogwarts.co.uk</Email>
      </Author>
    </Authors>
    <name>Book2</name>
  </book>
  <book year="2014" isbn="ISBN83763550019---11">
    <Authors>
      <Author>
        <Name>Fred</Name>
        <Email>fweasley@hogwarts.co.uk</Email>
      </Author>
      <Author>
        <Name>George</Name>
        <Email>gweasley@hogwarts.co.uk</Email>
      </Author>
    </Authors>
    <name>Book1</name>
  </book>
  <book year="2014" isbn="ISBN83763550019---11">
    <Authors>
      <Author>
        <Name>Fred</Name>
        <Email>fweasley@hogwarts.co.uk</Email>
      </Author>
      <Author>
        <Name>George</Name>
        <Email>gweasley@hogwarts.co.uk</Email>
      </Author>
    </Authors>
    <name>Book2</name>
  </book>
  <book year="2014" isbn="ISBN83763550019---11">
    <Authors>
      <Author>
        <Name>Fred</Name>
        <Email>fweasley@hogwarts.co.uk</Email>
      </Author>
      <Author>
        <Name>George</Name>
        <Email>gweasley@hogwarts.co.uk</Email>
      </Author>
    </Authors>
    <name>Book1</name>
  </book>
  <book year="2014" isbn="ISBN83763550019---11">
    <Authors>
      <Author>
        <Name>Fred</Name>
        <Email>fweasley@hogwarts.co.uk</Email>
      </Author>
      <Author>
        <Name>George</Name>
        <Email>gweasley@hogwarts.co.uk</Email>
      </Author>
    </Authors>
    <name>Book2</name>
  </book>
  <book year="2014" isbn="ISBN83763550019---11">
    <Authors>
      <Author>
        <Name>Fred</Name>
        <Email>fweasley@hogwarts.co.uk</Email>
      </Author>
      <Author>
        <Name>George</Name>
        <Email>gweasley@hogwarts.co.uk</Email>
      </Author>
    </Authors>
    <name>Book1</name>
  </book>
  <book year="2014" isbn="ISBN83763550019---11">
    <Authors>
      <Author>
        <Name>Fred</Name>
        <Email>fweasley@hogwarts.co.uk</Email>
      </Author>
      <Author>
        <Name>George</Name>
        <Email>gweasley@hogwarts.co.uk</Email>
      </Author>
    </Authors>
    <name>Book2</name>
  </book>
  <book year="2014" isbn="ISBN83763550019---11">
    <Authors>
      <Author>
        <Name>Fred</Name>
        <Email>fweasley@hogwarts.co.uk</Email>
      </Author>
      <Author>
        <Name>George</Name>
        <Email>gweasley@hogwarts.co.uk</Email>
      </Author>
    </Authors>
    <name>Book1</name>
  </book>
  <book year="2014" isbn="ISBN83763550019---11">
    <Authors>
      <Author>
        <Name>Fred</Name>
        <Email>fweasley@hogwarts.co.uk</Email>
      </Author>
      <Author>
        <Name>George</Name>
        <Email>gweasley@hogwarts.co.uk</Email>
      </Author>
    </Authors>
    <name>Book2</name>
  </book>
  <book year="2014" isbn="ISBN83763550019---11">
    <Authors>
      <Author>
        <Name>Fred</Name>
        <Email>fweasley@hogwarts.co.uk</Email>
      </Author>
      <Author>
        <Name>George</Name>
        <Email>gweasley@hogwarts.co.uk</Email>
      </Author>
    </Authors>
    <name>Book1</name>
  </book>
  <book year="2014" isbn="ISBN83763550019---11">
    <Authors>
      <Author>
        <Name>Fred</Name>
        <Email>fweasley@hogwarts.co.uk</Email>
      </Author>
      <Author>
        <Name>George</Name>
        <Email>gweasley@hogwarts.co.uk</Email>
      </Author>
    </Authors>
    <name>Book2</name>
  </book>
  <book year="2014" isbn="ISBN83763550019---11">
    <Authors>
      <Author>
        <Name>Fred</Name>
        <Email>fweasley@hogwarts.co.uk</Email>
      </Author>
      <Author>
        <Name>George</Name>
        <Email>gweasley@hogwarts.co.uk</Email>
      </Author>
    </Authors>
    <name>Book1</name>
  </book>
  <book year="2014" isbn="ISBN83763550019---11">
    <Authors>
      <Author>
        <Name>Fred</Name>
        <Email>fweasley@hogwarts.co.uk</Email>
      </Author>
      <Author>
        <Name>George</Name>
        <Email>gweasley@hogwarts.co.uk</Email>
      </Author>
    </Authors>
    <name>Book2</name>
  </book>
  <book year="2014" isbn="ISBN83763550019---11">
    <Authors>
      <Author>
        <Name>Fred</Name>
        <Email>fweasley@hogwarts.co.uk</Email>
      </Author>
      <Author>
        <Name>George</Name>
        <Email>gweasley@hogwarts.co.uk</Email>
      </Author>
    </Authors>
    <name>Book1</name>
  </book>
  <book year="2014" isbn="ISBN83763550019---11">
    <Authors>
      <Author>
        <Name>Fred</Name>
        <Email>fweasley@hogwarts.co.uk</Email>
      </Author>
      <Author>
        <Name>George</Name>
        <Email>gweasley@hogwarts.co.uk</Email>
      </Author>
    </Authors>
    <name>Book2</name>
  </book>
  <book year="2014" isbn="ISBN83763550019---11">
    <Authors>
      <Author>
        <Name>Fred</Name>
        <Email>fweasley@hogwarts.co.uk</Email>
      </Author>
      <Author>
        <Name>George</Name>
        <Email>gweasley@hogwarts.co.uk</Email>
      </Author>
    </Authors>
    <name>Book1</name>
  </book>
  <book year="2014" isbn="ISBN83763550019---11">
    <Authors>
      <Author>
        <Name>Fred</Name>
        <Email>fweasley@hogwarts.co.uk</Email>
      </Author>
      <Author>
        <Name>George</Name>
        <Email>gweasley@hogwarts.co.uk</Email>
      </Author>
    </Authors>
    <name>Book2</name>
  </book>
  <book year="2014" isbn="ISBN83763550019---11">
    <Authors>
      <Author>
        <Name>Fred</Name>
        <Email>fweasley@hogwarts.co.uk</Email>
      </Author>
      <Author>
        <Name>George</Name>
        <Email>gweasley@hogwarts.co.uk</Email>
      </Author>
    </Authors>
    <name>Book1</name>
  </book>
  <book year="2014" isbn="ISBN83763550019---11">
    <Authors>
      <Author>
        <Name>Fred</Name>
        <Email>fweasley@hogwarts.co.uk</Email>
      </Author>
      <Author>
        <Name>George</Name>
        <Email>gweasley@hogwarts.co.uk</Email>
      </Author>
    </Authors>
    <name>Book2</name>
  </book>
  <book year="2014" isbn="ISBN83763550019---11">
    <Authors>
      <Author>
        <Name>Fred</Name>
        <Email>fweasley@hogwarts.co.uk</Email>
      </Author>
      <Author>
        <Name>George</Name>
        <Email>gweasley@hogwarts.co.uk</Email>
      </Author>
    </Authors>
    <name>Book1</name>
  </book>
  <book year="2014" isbn="ISBN83763550019---11">
    <Authors>
      <Author>
        <Name>Fred</Name>
        <Email>fweasley@hogwarts.co.uk</Email>
      </Author>
      <Author>
        <Name>George</Name>
        <Email>gweasley@hogwarts.co.uk</Email>
      </Author>
    </Authors>
    <name>Book2</name>
  </book>
  <book year="2014" isbn="ISBN83763550019---11">
    <Authors>
      <Author>
        <Name>Fred</Name>
        <Email>fweasley@hogwarts.co.uk</Email>
      </Author>
      <Author>
        <Name>George</Name>
        <Email>gweasley@hogwarts.co.uk</Email>
      </Author>
    </Authors>
    <name>Book1</name>
  </book>
  <book year="2014" isbn="ISBN83763550019---11">
    <Authors>
      <Author>
        <Name>Fred</Name>
        <Email>fweasley@hogwarts.co.uk</Email>
      </Author>
      <Author>
        <Name>George</Name>
        <Email>gweasley@hogwarts.co.uk</Email>
      </Author>
    </Authors>
    <name>Book2</name>
  </book>
  <book year="2014" isbn="ISBN83763550019---11">
    <Authors>
      <Author>
        <Name>Fred</Name>
        <Email>fweasley@hogwarts.co.uk</Email>
      </Author>
      <Author>
        <Name>George</Name>
        <Email>gweasley@hogwarts.co.uk</Email>
      </Author>
    </Authors>
    <name>Book1</name>
  </book>
  <book year="2014" isbn="ISBN83763550019---11">
    <Authors>
      <Author>
        <Name>Fred</Name>
        <Email>fweasley@hogwarts.co.uk</Email>
      </Author>
      <Author>
        <Name>George</Name>
        <Email>gweasley@hogwarts.co.uk</Email>
      </Author>
    </Authors>
    <name>Book2</name>
  </book>
  <book year="2014" isbn="ISBN83763550019---11">
    <Authors>
      <Author>
        <Name>Fred</Name>
        <Email>fweasley@hogwarts.co.uk</Email>
      </Author>
      <Author>
        <Name>George</Name>
        <Email>gweasley@hogwarts.co.uk</Email>
      </Author>
    </Authors>
    <name>Book1</name>
  </book>
  <book year="2014" isbn="ISBN83763550019---11">
    <Authors>
      <Author>
        <Name>Fred</Name>
        <Email>fweasley@hogwarts.co.uk</Email>
      </Author>
      <Author>
        <Name>George</Name>
        <Email>gweasley@hogwarts.co.uk</Email>
      </Author>
    </Authors>
    <name>Book2</name>
  </book>
  <book year="2014" isbn="ISBN83763550019---11">
    <Authors>
      <Author>
        <Name>Fred</Name>
        <Email>fweasley@hogwarts.co.uk</Email>
      </Author>
      <Author>
        <Name>George</Name>
        <Email>gweasley@hogwarts.co.uk</Email>
      </Author>
    </Authors>
    <name>Book1</name>
  </book>
  <book year="2014" isbn="ISBN83763550019---11">
    <Authors>
      <Author>
        <Name>Fred</Name>
        <Email>fweasley@hogwarts.co.uk</Email>
      </Author>
      <Author>
        <Name>George</Name>
        <Email>gweasley@hogwarts.co.uk</Email>
      </Author>
    </Authors>
    <name>Book2</name>
  </book>
  <book year="2014" isbn="ISBN83763550019---11">
    <Authors>
      <Author>
        <Name>Fred</Name>
        <Email>fweasley@hogwarts.co.uk</Email>
      </Author>
      <Author>
        <Name>George</Name>
        <Email>gweasley@hogwarts.co.uk</Email>
      </Author>
    </Authors>
    <name>Book1</name>
  </book>
  <book year="2014" isbn="ISBN83763550019---11">
    <Authors>
      <Author>
        <Name>Fred</Name>
        <Email>fweasley@hogwarts.co.uk</Email>
      </Author>
      <Author>
        <Name>George</Name>
        <Email>gweasley@hogwarts.co.uk</Email>
      </Author>
    </Authors>
    <name>Book2</name>
  </book>
  <book year="2014" isbn="ISBN83763550019---11">
    <Authors>
      <Author>
        <Name>Fred</Name>
        <Email>fweasley@hogwarts.co.uk</Email>
      </Author>
      <Author>
        <Name>George</Name>
        <Email>gweasley@hogwarts.co.uk</Email>
      </Author>
    </Authors>
    <name>Book1</name>
  </book>
  <book year="2014" isbn="ISBN83763550019---11">
    <Authors>
      <Author>
        <Name>Fred</Name>
        <Email>fweasley@hogwarts.co.uk</Email>
      </Author>
      <Author>
        <Name>George</Name>
        <Email>gweasley@hogwarts.co.uk</Email>
      </Author>
    </Authors>
    <name>Book2</name>
  </book>
  <book year="2014" isbn="ISBN83763550019---11">
    <Authors>
      <Author>
        <Name>Fred</Name>
        <Email>fweasley@hogwarts.co.uk</Email>
      </Author>
      <Author>
        <Name>George</Name>
        <Email>gweasley@hogwarts.co.uk</Email>
      </Author>
    </Authors>
    <name>Book1</name>
  </book>
  <book year="2014" isbn="ISBN83763550019---11">
    <Authors>
      <Author>
        <Name>Fred</Name>
        <Email>fweasley@hogwarts.co.uk</Email>
      </Author>
      <Author>
        <Name>George</Name>
        <Email>gweasley@hogwarts.co.uk</Email>
      </Author>
    </Authors>
    <name>Book2</name>
  </book>
  <book year="2014" isbn="ISBN83763550019---11">
    <Authors>
      <Author>
        <Name>Fred</Name>
        <Email>fweasley@hogwarts.co.uk</Email>
      </Author>
      <Author>
        <Name>George</Name>
        <Email>gweasley@hogwarts.co.uk</Email>
      </Author>
    </Authors>
    <name>Book1</name>
  </book>
  <book year="2014" isbn="ISBN83763550019---11">
    <Authors>
      <Author>
        <Name>Fred</Name>
        <Email>fweasley@hogwarts.co.uk</Email>
      </Author>
      <Author>
        <Name>George</Name>
        <Email>gweasley@hogwarts.co.uk</Email>
      </Author>
    </Authors>
    <name>Book2</name>
  </book>
  <book year="2014" isbn="ISBN83763550019---11">
    <Authors>
      <Author>
        <Name>Fred</Name>
        <Email>fweasley@hogwarts.co.uk</Email>
      </Author>
      <Author>
        <Name>George</Name>
        <Email>gweasley@hogwarts.co.uk</Email>
      </Author>
    </Authors>
    <name>Book1</name>
  </book>
  <book year="2014" isbn="ISBN83763550019---11">
    <Authors>
      <Author>
        <Name>Fred</Name>
        <Email>fweasley@hogwarts.co.uk</Email>
      </Author>
      <Author>
        <Name>George</Name>
        <Email>gweasley@hogwarts.co.uk</Email>
      </Author>
    </Authors>
    <name>Book2</name>
  </book>
  <book year="2014" isbn="ISBN83763550019---11">
    <Authors>
      <Author>
        <Name>Fred</Name>
        <Email>fweasley@hogwarts.co.uk</Email>
      </Author>
      <Author>
        <Name>George</Name>
        <Email>gweasley@hogwarts.co.uk</Email>
      </Author>
    </Authors>
    <name>Book1</name>
  </book>
  <book year="2014" isbn="ISBN83763550019---11">
    <Authors>
      <Author>
        <Name>Fred</Name>
        <Email>fweasley@hogwarts.co.uk</Email>
      </Author>
      <Author>
        <Name>George</Name>
        <Email>gweasley@hogwarts.co.uk</Email>
      </Author>
    </Authors>
    <name>Book2</name>
  </book>
  <book year="2014" isbn="ISBN83763550019---11">
    <Authors>
      <Author>
        <Name>Fred</Name>
        <Email>fweasley@hogwarts.co.uk</Email>
      </Author>
      <Author>
        <Name>George</Name>
        <Email>gweasley@hogwarts.co.uk</Email>
      </Author>
    </Authors>
    <name>Book1</name>
  </book>
  <book year="2014" isbn="ISBN83763550019---11">
    <Authors>
      <Author>
        <Name>Fred</Name>
        <Email>fweasley@hogwarts.co.uk</Email>
      </Author>
      <Author>
        <Name>George</Name>
        <Email>gweasley@hogwarts.co.uk</Email>
      </Author>
    </Authors>
    <name>Book2</name>
  </book>
  <book year="2014" isbn="ISBN83763550019---11">
    <Authors>
      <Author>
        <Name>Fred</Name>
        <Email>fweasley@hogwarts.co.uk</Email>
      </Author>
      <Author>
        <Name>George</Name>
        <Email>gweasley@hogwarts.co.uk</Email>
      </Author>
    </Authors>
    <name>Book1</name>
  </book>
  <book year="2014" isbn="ISBN83763550019---11">
    <Authors>
      <Author>
        <Name>Fred</Name>
        <Email>fweasley@hogwarts.co.uk</Email>
      </Author>
      <Author>
        <Name>George</Name>
        <Email>gweasley@hogwarts.co.uk</Email>
      </Author>
    </Authors>
    <name>Book2</name>
  </book>
  <book year="2014" isbn="ISBN83763550019---11">
    <Authors>
      <Author>
        <Name>Fred</Name>
        <Email>fweasley@hogwarts.co.uk</Email>
      </Author>
      <Author>
        <Name>George</Name>
        <Email>gweasley@hogwarts.co.uk</Email>
      </Author>
    </Authors>
    <name>Book1</name>
  </book>
  <book year="2014" isbn="ISBN83763550019---11">
    <Authors>
      <Author>
        <Name>Fred</Name>
        <Email>fweasley@hogwarts.co.uk</Email>
      </Author>
      <Author>
        <Name>George</Name>
        <Email>gweasley@hogwarts.co.uk</Email>
      </Author>
    </Authors>
    <name>Book2</name>
  </book>
  <book year="2014" isbn="ISBN83763550019---11">
    <Authors>
      <Author>
        <Name>Fred</Name>
        <Email>fweasley@hogwarts.co.uk</Email>
      </Author>
      <Author>
        <Name>George</Name>
        <Email>gweasley@hogwarts.co.uk</Email>
      </Author>
    </Authors>
    <name>Book1</name>
  </book>
  <book year="2014" isbn="ISBN83763550019---11">
    <Authors>
      <Author>
        <Name>Fred</Name>
        <Email>fweasley@hogwarts.co.uk</Email>
      </Author>
      <Author>
        <Name>George</Name>
        <Email>gweasley@hogwarts.co.uk</Email>
      </Author>
    </Authors>
    <name>Book2</name>
  </book>
  <book year="2014" isbn="ISBN83763550019---11">
    <Authors>
      <Author>
        <Name>Fred</Name>
        <Email>fweasley@hogwarts.co.uk</Email>
      </Author>
      <Author>
        <Name>George</Name>
        <Email>gweasley@hogwarts.co.uk</Email>
      </Author>
    </Authors>
    <name>Book1</name>
  </book>
  <book year="2014" isbn="ISBN83763550019---11">
    <Authors>
      <Author>
        <Name>Fred</Name>
        <Email>fweasley@hogwarts.co.uk</Email>
      </Author>
      <Author>
        <Name>George</Name>
        <Email>gweasley@hogwarts.co.uk</Email>
      </Author>
    </Authors>
    <name>Book2</name>
  </book>
  <book year="2014" isbn="ISBN83763550019---11">
    <Authors>
      <Author>
        <Name>Fred</Name>
        <Email>fweasley@hogwarts.co.uk</Email>
      </Author>
      <Author>
        <Name>George</Name>
        <Email>gweasley@hogwarts.co.uk</Email>
      </Author>
    </Authors>
    <name>Book1</name>
  </book>
  <book year="2014" isbn="ISBN83763550019---11">
    <Authors>
      <Author>
        <Name>Fred</Name>
        <Email>fweasley@hogwarts.co.uk</Email>
      </Author>
      <Author>
        <Name>George</Name>
        <Email>gweasley@hogwarts.co.uk</Email>
      </Author>
    </Authors>
    <name>Book2</name>
  </book>
  <book year="2014" isbn="ISBN83763550019---11">
    <Authors>
      <Author>
        <Name>Fred</Name>
        <Email>fweasley@hogwarts.co.uk</Email>
      </Author>
      <Author>
        <Name>George</Name>
        <Email>gweasley@hogwarts.co.uk</Email>
      </Author>
    </Authors>
    <name>Book1</name>
  </book>
  <book year="2014" isbn="ISBN83763550019---11">
    <Authors>
      <Author>
        <Name>Fred</Name>
        <Email>fweasley@hogwarts.co.uk</Email>
      </Author>
      <Author>
        <Name>George</Name>
        <Email>gweasley@hogwarts.co.uk</Email>
      </Author>
    </Authors>
    <name>Book2</name>
  </book>
  <book year="2014" isbn="ISBN83763550019---11">
    <Authors>
      <Author>
        <Name>Fred</Name>
        <Email>fweasley@hogwarts.co.uk</Email>
      </Author>
      <Author>
        <Name>George</Name>
        <Email>gweasley@hogwarts.co.uk</Email>
      </Author>
    </Authors>
    <name>Book1</name>
  </book>
  <book year="2014" isbn="ISBN83763550019---11">
    <Authors>
      <Author>
        <Name>Fred</Name>
        <Email>fweasley@hogwarts.co.uk</Email>
      </Author>
      <Author>
        <Name>George</Name>
        <Email>gweasley@hogwarts.co.uk</Email>
      </Author>
    </Authors>
    <name>Book2</name>
  </book>
  <book year="2014" isbn="ISBN83763550019---11">
    <Authors>
      <Author>
        <Name>Fred</Name>
        <Email>fweasley@hogwarts.co.uk</Email>
      </Author>
      <Author>
        <Name>George</Name>
        <Email>gweasley@hogwarts.co.uk</Email>
      </Author>
    </Authors>
    <name>Book1</name>
  </book>
  <book year="2014" isbn="ISBN83763550019---11">
    <Authors>
      <Author>
        <Name>Fred</Name>
        <Email>fweasley@hogwarts.co.uk</Email>
      </Author>
      <Author>
        <Name>George</Name>
        <Email>gweasley@hogwarts.co.uk</Email>
      </Author>
    </Authors>
    <name>Book2</name>
  </book>
  <book year="2014" isbn="ISBN83763550019---11">
    <Authors>
      <Author>
        <Name>Fred</Name>
        <Email>fweasley@hogwarts.co.uk</Email>
      </Author>
      <Author>
        <Name>George</Name>
        <Email>gweasley@hogwarts.co.uk</Email>
      </Author>
    </Authors>
    <name>Book1</name>
  </book>
  <book year="2014" isbn="ISBN83763550019---11">
    <Authors>
      <Author>
        <Name>Fred</Name>
        <Email>fweasley@hogwarts.co.uk</Email>
      </Author>
      <Author>
        <Name>George</Name>
        <Email>gweasley@hogwarts.co.uk</Email>
      </Author>
    </Authors>
    <name>Book2</name>
  </book>
  <book year="2014" isbn="ISBN83763550019---11">
    <Authors>
      <Author>
        <Name>Fred</Name>
        <Email>fweasley@hogwarts.co.uk</Email>
      </Author>
      <Author>
        <Name>George</Name>
        <Email>gweasley@hogwarts.co.uk</Email>
      </Author>
    </Authors>
    <name>Book1</name>
  </book>
  <book year="2014" isbn="ISBN83763550019---11">
    <Authors>
      <Author>
        <Name>Fred</Name>
        <Email>fweasley@hogwarts.co.uk</Email>
      </Author>
      <Author>
        <Name>George</Name>
        <Email>gweasley@hogwarts.co.uk</Email>
      </Author>
    </Authors>
    <name>Book2</name>
  </book>
  <book year="2014" isbn="ISBN83763550019---11">
    <Authors>
      <Author>
        <Name>Fred</Name>
        <Email>fweasley@hogwarts.co.uk</Email>
      </Author>
      <Author>
        <Name>George</Name>
        <Email>gweasley@hogwarts.co.uk</Email>
      </Author>
    </Authors>
    <name>Book1</name>
  </book>
  <book year="2014" isbn="ISBN83763550019---11">
    <Authors>
      <Author>
        <Name>Fred</Name>
        <Email>fweasley@hogwarts.co.uk</Email>
      </Author>
      <Author>
        <Name>George</Name>
        <Email>gweasley@hogwarts.co.uk</Email>
      </Author>
    </Authors>
    <name>Book2</name>
  </book>
  <book year="2014" isbn="ISBN83763550019---11">
    <Authors>
      <Author>
        <Name>Fred</Name>
        <Email>fweasley@hogwarts.co.uk</Email>
      </Author>
      <Author>
        <Name>George</Name>
        <Email>gweasley@hogwarts.co.uk</Email>
      </Author>
    </Authors>
    <name>Book1</name>
  </book>
  <book year="2014" isbn="ISBN83763550019---11">
    <Authors>
      <Author>
        <Name>Fred</Name>
        <Email>fweasley@hogwarts.co.uk</Email>
      </Author>
      <Author>
        <Name>George</Name>
        <Email>gweasley@hogwarts.co.uk</Email>
      </Author>
    </Authors>
    <name>Book2</name>
  </book>
  <book year="2014" isbn="ISBN83763550019---11">
    <Authors>
      <Author>
        <Name>Fred</Name>
        <Email>fweasley@hogwarts.co.uk</Email>
      </Author>
      <Author>
        <Name>George</Name>
        <Email>gweasley@hogwarts.co.uk</Email>
      </Author>
    </Authors>
    <name>Book1</name>
  </book>
  <book year="2014" isbn="ISBN83763550019---11">
    <Authors>
      <Author>
        <Name>Fred</Name>
        <Email>fweasley@hogwarts.co.uk</Email>
      </Author>
      <Author>
        <Name>George</Name>
        <Email>gweasley@hogwarts.co.uk</Email>
      </Author>
    </Authors>
    <name>Book2</name>
  </book>
  <book year="2014" isbn="ISBN83763550019---11">
    <Authors>
      <Author>
        <Name>Fred</Name>
        <Email>fweasley@hogwarts.co.uk</Email>
      </Author>
      <Author>
        <Name>George</Name>
        <Email>gweasley@hogwarts.co.uk</Email>
      </Author>
    </Authors>
    <name>Book1</name>
  </book>
  <book year="2014" isbn="ISBN83763550019---11">
    <Authors>
      <Author>
        <Name>Fred</Name>
        <Email>fweasley@hogwarts.co.uk</Email>
      </Author>
      <Author>
        <Name>George</Name>
        <Email>gweasley@hogwarts.co.uk</Email>
      </Author>
    </Authors>
    <name>Book2</name>
  </book>
  <book year="2014" isbn="ISBN83763550019---11">
    <Authors>
      <Author>
        <Name>Fred</Name>
        <Email>fweasley@hogwarts.co.uk</Email>
      </Author>
      <Author>
        <Name>George</Name>
        <Email>gweasley@hogwarts.co.uk</Email>
      </Author>
    </Authors>
    <name>Book1</name>
  </book>
  <book year="2014" isbn="ISBN83763550019---11">
    <Authors>
      <Author>
        <Name>Fred</Name>
        <Email>fweasley@hogwarts.co.uk</Email>
      </Author>
      <Author>
        <Name>George</Name>
        <Email>gweasley@hogwarts.co.uk</Email>
      </Author>
    </Authors>
    <name>Book2</name>
  </book>
  <book year="2014" isbn="ISBN83763550019---11">
    <Authors>
      <Author>
        <Name>Fred</Name>
        <Email>fweasley@hogwarts.co.uk</Email>
      </Author>
      <Author>
        <Name>George</Name>
        <Email>gweasley@hogwarts.co.uk</Email>
      </Author>
    </Authors>
    <name>Book1</name>
  </book>
  <book year="2014" isbn="ISBN83763550019---11">
    <Authors>
      <Author>
        <Name>Fred</Name>
        <Email>fweasley@hogwarts.co.uk</Email>
      </Author>
      <Author>
        <Name>George</Name>
        <Email>gweasley@hogwarts.co.uk</Email>
      </Author>
    </Authors>
    <name>Book2</name>
  </book>
  <book year="2014" isbn="ISBN83763550019---11">
    <Authors>
      <Author>
        <Name>Fred</Name>
        <Email>fweasley@hogwarts.co.uk</Email>
      </Author>
      <Author>
        <Name>George</Name>
        <Email>gweasley@hogwarts.co.uk</Email>
      </Author>
    </Authors>
    <name>Book1</name>
  </book>
  <book year="2014" isbn="ISBN83763550019---11">
    <Authors>
      <Author>
        <Name>Fred</Name>
        <Email>fweasley@hogwarts.co.uk</Email>
      </Author>
      <Author>
        <Name>George</Name>
        <Email>gweasley@hogwarts.co.uk</Email>
      </Author>
    </Authors>
    <name>Book2</name>
  </book>
  <book year="2014" isbn="ISBN83763550019---11">
    <Authors>
      <Author>
        <Name>Fred</Name>
        <Email>fweasley@hogwarts.co.uk</Email>
      </Author>
      <Author>
        <Name>George</Name>
        <Email>gweasley@hogwarts.co.uk</Email>
      </Author>
    </Authors>
    <name>Book1</name>
  </book>
  <book year="2014" isbn="ISBN83763550019---11">
    <Authors>
      <Author>
        <Name>Fred</Name>
        <Email>fweasley@hogwarts.co.uk</Email>
      </Author>
      <Author>
        <Name>George</Name>
        <Email>gweasley@hogwarts.co.uk</Email>
      </Author>
    </Authors>
    <name>Book2</name>
  </book>
  <book year="2014" isbn="ISBN83763550019---11">
    <Authors>
      <Author>
        <Name>Fred</Name>
        <Email>fweasley@hogwarts.co.uk</Email>
      </Author>
      <Author>
        <Name>George</Name>
        <Email>gweasley@hogwarts.co.uk</Email>
      </Author>
    </Authors>
    <name>Book1</name>
  </book>
  <book year="2014" isbn="ISBN83763550019---11">
    <Authors>
      <Author>
        <Name>Fred</Name>
        <Email>fweasley@hogwarts.co.uk</Email>
      </Author>
      <Author>
        <Name>George</Name>
        <Email>gweasley@hogwarts.co.uk</Email>
      </Author>
    </Authors>
    <name>Book2</name>
  </book>
  <book year="2014" isbn="ISBN83763550019---11">
    <Authors>
      <Author>
        <Name>Fred</Name>
        <Email>fweasley@hogwarts.co.uk</Email>
      </Author>
      <Author>
        <Name>George</Name>
        <Email>gweasley@hogwarts.co.uk</Email>
      </Author>
    </Authors>
    <name>Book1</name>
  </book>
  <book year="2014" isbn="ISBN83763550019---11">
    <Authors>
      <Author>
        <Name>Fred</Name>
        <Email>fweasley@hogwarts.co.uk</Email>
      </Author>
      <Author>
        <Name>George</Name>
        <Email>gweasley@hogwarts.co.uk</Email>
      </Author>
    </Authors>
    <name>Book2</name>
  </book>
  <book year="2014" isbn="ISBN83763550019---11">
    <Authors>
      <Author>
        <Name>Fred</Name>
        <Email>fweasley@hogwarts.co.uk</Email>
      </Author>
      <Author>
        <Name>George</Name>
        <Email>gweasley@hogwarts.co.uk</Email>
      </Author>
    </Authors>
    <name>Book1</name>
  </book>
  <book year="2014" isbn="ISBN83763550019---11">
    <Authors>
      <Author>
        <Name>Fred</Name>
        <Email>fweasley@hogwarts.co.uk</Email>
      </Author>
      <Author>
        <Name>George</Name>
        <Email>gweasley@hogwarts.co.uk</Email>
      </Author>
    </Authors>
    <name>Book2</name>
  </book>
  <book year="2014" isbn="ISBN83763550019---11">
    <Authors>
      <Author>
        <Name>Fred</Name>
        <Email>fweasley@hogwarts.co.uk</Email>
      </Author>
      <Author>
        <Name>George</Name>
        <Email>gweasley@hogwarts.co.uk</Email>
      </Author>
    </Authors>
    <name>Book1</name>
  </book>
  <book year="2014" isbn="ISBN83763550019---11">
    <Authors>
      <Author>
        <Name>Fred</Name>
        <Email>fweasley@hogwarts.co.uk</Email>
      </Author>
      <Author>
        <Name>George</Name>
        <Email>gweasley@hogwarts.co.uk</Email>
      </Author>
    </Authors>
    <name>Book2</name>
  </book>
  <book year="2014" isbn="ISBN83763550019---11">
    <Authors>
      <Author>
        <Name>Fred</Name>
        <Email>fweasley@hogwarts.co.uk</Email>
      </Author>
      <Author>
        <Name>George</Name>
        <Email>gweasley@hogwarts.co.uk</Email>
      </Author>
    </Authors>
    <name>Book1</name>
  </book>
  <book year="2014" isbn="ISBN83763550019---11">
    <Authors>
      <Author>
        <Name>Fred</Name>
        <Email>fweasley@hogwarts.co.uk</Email>
      </Author>
      <Author>
        <Name>George</Name>
        <Email>gweasley@hogwarts.co.uk</Email>
      </Author>
    </Authors>
    <name>Book2</name>
  </book>
  <book year="2014" isbn="ISBN83763550019---11">
    <Authors>
      <Author>
        <Name>Fred</Name>
        <Email>fweasley@hogwarts.co.uk</Email>
      </Author>
      <Author>
        <Name>George</Name>
        <Email>gweasley@hogwarts.co.uk</Email>
      </Author>
    </Authors>
    <name>Book1</name>
  </book>
  <book year="2014" isbn="ISBN83763550019---11">
    <Authors>
      <Author>
        <Name>Fred</Name>
        <Email>fweasley@hogwarts.co.uk</Email>
      </Author>
      <Author>
        <Name>George</Name>
        <Email>gweasley@hogwarts.co.uk</Email>
      </Author>
    </Authors>
    <name>Book2</name>
  </book>
  <book year="2014" isbn="ISBN83763550019---11">
    <Authors>
      <Author>
        <Name>Fred</Name>
        <Email>fweasley@hogwarts.co.uk</Email>
      </Author>
      <Author>
        <Name>George</Name>
        <Email>gweasley@hogwarts.co.uk</Email>
      </Author>
    </Authors>
    <name>Book1</name>
  </book>
  <book year="2014" isbn="ISBN83763550019---11">
    <Authors>
      <Author>
        <Name>Fred</Name>
        <Email>fweasley@hogwarts.co.uk</Email>
      </Author>
      <Author>
        <Name>George</Name>
        <Email>gweasley@hogwarts.co.uk</Email>
      </Author>
    </Authors>
    <name>Book2</name>
  </book>
  <book year="2014" isbn="ISBN83763550019---11">
    <Authors>
      <Author>
        <Name>Fred</Name>
        <Email>fweasley@hogwarts.co.uk</Email>
      </Author>
      <Author>
        <Name>George</Name>
        <Email>gweasley@hogwarts.co.uk</Email>
      </Author>
    </Authors>
    <name>Book1</name>
  </book>
  <book year="2014" isbn="ISBN83763550019---11">
    <Authors>
      <Author>
        <Name>Fred</Name>
        <Email>fweasley@hogwarts.co.uk</Email>
      </Author>
      <Author>
        <Name>George</Name>
        <Email>gweasley@hogwarts.co.uk</Email>
      </Author>
    </Authors>
    <name>Book2</name>
  </book>
  <book year="2014" isbn="ISBN83763550019---11">
    <Authors>
      <Author>
        <Name>Fred</Name>
        <Email>fweasley@hogwarts.co.uk</Email>
      </Author>
      <Author>
        <Name>George</Name>
        <Email>gweasley@hogwarts.co.uk</Email>
      </Author>
    </Authors>
    <name>Book1</name>
  </book>
  <book year="2014" isbn="ISBN83763550019---11">
    <Authors>
      <Author>
        <Name>Fred</Name>
        <Email>fweasley@hogwarts.co.uk</Email>
      </Author>
      <Author>
        <Name>George</Name>
        <Email>gweasley@hogwarts.co.uk</Email>
      </Author>
    </Authors>
    <name>Book2</name>
  </book>
  <book year="2014" isbn="ISBN83763550019---11">
    <Authors>
      <Author>
        <Name>Fred</Name>
        <Email>fweasley@hogwarts.co.uk</Email>
      </Author>
      <Author>
        <Name>George</Name>
        <Email>gweasley@hogwarts.co.uk</Email>
      </Author>
    </Authors>
    <name>Book1</name>
  </book>
  <book year="2014" isbn="ISBN83763550019---11">
    <Authors>
      <Author>
        <Name>Fred</Name>
        <Email>fweasley@hogwarts.co.uk</Email>
      </Author>
      <Author>
        <Name>George</Name>
        <Email>gweasley@hogwarts.co.uk</Email>
      </Author>
    </Authors>
    <name>Book2</name>
  </book>
  <book year="2014" isbn="ISBN83763550019---11">
    <Authors>
      <Author>
        <Name>Fred</Name>
        <Email>fweasley@hogwarts.co.uk</Email>
      </Author>
      <Author>
        <Name>George</Name>
        <Email>gweasley@hogwarts.co.uk</Email>
      </Author>
    </Authors>
    <name>Book1</name>
  </book>
  <book year="2014" isbn="ISBN83763550019---11">
    <Authors>
      <Author>
        <Name>Fred</Name>
        <Email>fweasley@hogwarts.co.uk</Email>
      </Author>
      <Author>
        <Name>George</Name>
        <Email>gweasley@hogwarts.co.uk</Email>
      </Author>
    </Authors>
    <name>Book2</name>
  </book>
  <book year="2014" isbn="ISBN83763550019---11">
    <Authors>
      <Author>
        <Name>Fred</Name>
        <Email>fweasley@hogwarts.co.uk</Email>
      </Author>
      <Author>
        <Name>George</Name>
        <Email>gweasley@hogwarts.co.uk</Email>
      </Author>
    </Authors>
    <name>Book1</name>
  </book>
  <book year="2014" isbn="ISBN83763550019---11">
    <Authors>
      <Author>
        <Name>Fred</Name>
        <Email>fweasley@hogwarts.co.uk</Email>
      </Author>
      <Author>
        <Name>George</Name>
        <Email>gweasley@hogwarts.co.uk</Email>
      </Author>
    </Authors>
    <name>Book2</name>
  </book>
  <book year="2014" isbn="ISBN83763550019---11">
    <Authors>
      <Author>
        <Name>Fred</Name>
        <Email>fweasley@hogwarts.co.uk</Email>
      </Author>
      <Author>
        <Name>George</Name>
        <Email>gweasley@hogwarts.co.uk</Email>
      </Author>
    </Authors>
    <name>Book1</name>
  </book>
  <book year="2014" isbn="ISBN83763550019---11">
    <Authors>
      <Author>
        <Name>Fred</Name>
        <Email>fweasley@hogwarts.co.uk</Email>
      </Author>
      <Author>
        <Name>George</Name>
        <Email>gweasley@hogwarts.co.uk</Email>
      </Author>
    </Authors>
    <name>Book2</name>
  </book>
  <book year="2014" isbn="ISBN83763550019---11">
    <Authors>
      <Author>
        <Name>Fred</Name>
        <Email>fweasley@hogwarts.co.uk</Email>
      </Author>
      <Author>
        <Name>George</Name>
        <Email>gweasley@hogwarts.co.uk</Email>
      </Author>
    </Authors>
    <name>Book1</name>
  </book>
  <book year="2014" isbn="ISBN83763550019---11">
    <Authors>
      <Author>
        <Name>Fred</Name>
        <Email>fweasley@hogwarts.co.uk</Email>
      </Author>
      <Author>
        <Name>George</Name>
        <Email>gweasley@hogwarts.co.uk</Email>
      </Author>
    </Authors>
    <name>Book2</name>
  </book>
  <book year="2014" isbn="ISBN83763550019---11">
    <Authors>
      <Author>
        <Name>Fred</Name>
        <Email>fweasley@hogwarts.co.uk</Email>
      </Author>
      <Author>
        <Name>George</Name>
        <Email>gweasley@hogwarts.co.uk</Email>
      </Author>
    </Authors>
    <name>Book1</name>
  </book>
  <book year="2014" isbn="ISBN83763550019---11">
    <Authors>
      <Author>
        <Name>Fred</Name>
        <Email>fweasley@hogwarts.co.uk</Email>
      </Author>
      <Author>
        <Name>George</Name>
        <Email>gweasley@hogwarts.co.uk</Email>
      </Author>
    </Authors>
    <name>Book2</name>
  </book>
  <book year="2014" isbn="ISBN83763550019---11">
    <Authors>
      <Author>
        <Name>Fred</Name>
        <Email>fweasley@hogwarts.co.uk</Email>
      </Author>
      <Author>
        <Name>George</Name>
        <Email>gweasley@hogwarts.co.uk</Email>
      </Author>
    </Authors>
    <name>Book1</name>
  </book>
  <book year="2014" isbn="ISBN83763550019---11">
    <Authors>
      <Author>
        <Name>Fred</Name>
        <Email>fweasley@hogwarts.co.uk</Email>
      </Author>
      <Author>
        <Name>George</Name>
        <Email>gweasley@hogwarts.co.uk</Email>
      </Author>
    </Authors>
    <name>Book2</name>
  </book>
  <book year="2014" isbn="ISBN83763550019---11">
    <Authors>
      <Author>
        <Name>Fred</Name>
        <Email>fweasley@hogwarts.co.uk</Email>
      </Author>
      <Author>
        <Name>George</Name>
        <Email>gweasley@hogwarts.co.uk</Email>
      </Author>
    </Authors>
    <name>Book1</name>
  </book>
  <book year="2014" isbn="ISBN83763550019---11">
    <Authors>
      <Author>
        <Name>Fred</Name>
        <Email>fweasley@hogwarts.co.uk</Email>
      </Author>
      <Author>
        <Name>George</Name>
        <Email>gweasley@hogwarts.co.uk</Email>
      </Author>
    </Authors>
    <name>Book2</name>
  </book>
  <book year="2014" isbn="ISBN83763550019---11">
    <Authors>
      <Author>
        <Name>Fred</Name>
        <Email>fweasley@hogwarts.co.uk</Email>
      </Author>
      <Author>
        <Name>George</Name>
        <Email>gweasley@hogwarts.co.uk</Email>
      </Author>
    </Authors>
    <name>Book1</name>
  </book>
  <book year="2014" isbn="ISBN83763550019---11">
    <Authors>
      <Author>
        <Name>Fred</Name>
        <Email>fweasley@hogwarts.co.uk</Email>
      </Author>
      <Author>
        <Name>George</Name>
        <Email>gweasley@hogwarts.co.uk</Email>
      </Author>
    </Authors>
    <name>Book2</name>
  </book>
  <book year="2014" isbn="ISBN83763550019---11">
    <Authors>
      <Author>
        <Name>Fred</Name>
        <Email>fweasley@hogwarts.co.uk</Email>
      </Author>
      <Author>
        <Name>George</Name>
        <Email>gweasley@hogwarts.co.uk</Email>
      </Author>
    </Authors>
    <name>Book1</name>
  </book>
  <book year="2014" isbn="ISBN83763550019---11">
    <Authors>
      <Author>
        <Name>Fred</Name>
        <Email>fweasley@hogwarts.co.uk</Email>
      </Author>
      <Author>
        <Name>George</Name>
        <Email>gweasley@hogwarts.co.uk</Email>
      </Author>
    </Authors>
    <name>Book2</name>
  </book>
  <book year="2014" isbn="ISBN83763550019---11">
    <Authors>
      <Author>
        <Name>Fred</Name>
        <Email>fweasley@hogwarts.co.uk</Email>
      </Author>
      <Author>
        <Name>George</Name>
        <Email>gweasley@hogwarts.co.uk</Email>
      </Author>
    </Authors>
    <name>Book1</name>
  </book>
  <book year="2014" isbn="ISBN83763550019---11">
    <Authors>
      <Author>
        <Name>Fred</Name>
        <Email>fweasley@hogwarts.co.uk</Email>
      </Author>
      <Author>
        <Name>George</Name>
        <Email>gweasley@hogwarts.co.uk</Email>
      </Author>
    </Authors>
    <name>Book2</name>
  </book>
  <book year="2014" isbn="ISBN83763550019---11">
    <Authors>
      <Author>
        <Name>Fred</Name>
        <Email>fweasley@hogwarts.co.uk</Email>
      </Author>
      <Author>
        <Name>George</Name>
        <Email>gweasley@hogwarts.co.uk</Email>
      </Author>
    </Authors>
    <name>Book1</name>
  </book>
  <book year="2014" isbn="ISBN83763550019---11">
    <Authors>
      <Author>
        <Name>Fred</Name>
        <Email>fweasley@hogwarts.co.uk</Email>
      </Author>
      <Author>
        <Name>George</Name>
        <Email>gweasley@hogwarts.co.uk</Email>
      </Author>
    </Authors>
    <name>Book2</name>
  </book>
  <book year="2014" isbn="ISBN83763550019---11">
    <Authors>
      <Author>
        <Name>Fred</Name>
        <Email>fweasley@hogwarts.co.uk</Email>
      </Author>
      <Author>
        <Name>George</Name>
        <Email>gweasley@hogwarts.co.uk</Email>
      </Author>
    </Authors>
    <name>Book1</name>
  </book>
  <book year="2014" isbn="ISBN83763550019---11">
    <Authors>
      <Author>
        <Name>Fred</Name>
        <Email>fweasley@hogwarts.co.uk</Email>
      </Author>
      <Author>
        <Name>George</Name>
        <Email>gweasley@hogwarts.co.uk</Email>
      </Author>
    </Authors>
    <name>Book2</name>
  </book>
  <book year="2014" isbn="ISBN83763550019---11">
    <Authors>
      <Author>
        <Name>Fred</Name>
        <Email>fweasley@hogwarts.co.uk</Email>
      </Author>
      <Author>
        <Name>George</Name>
        <Email>gweasley@hogwarts.co.uk</Email>
      </Author>
    </Authors>
    <name>Book1</name>
  </book>
  <book year="2014" isbn="ISBN83763550019---11">
    <Authors>
      <Author>
        <Name>Fred</Name>
        <Email>fweasley@hogwarts.co.uk</Email>
      </Author>
      <Author>
        <Name>George</Name>
        <Email>gweasley@hogwarts.co.uk</Email>
      </Author>
    </Authors>
    <name>Book2</name>
  </book>
  <book year="2014" isbn="ISBN83763550019---11">
    <Authors>
      <Author>
        <Name>Fred</Name>
        <Email>fweasley@hogwarts.co.uk</Email>
      </Author>
      <Author>
        <Name>George</Name>
        <Email>gweasley@hogwarts.co.uk</Email>
      </Author>
    </Authors>
    <name>Book1</name>
  </book>
  <book year="2014" isbn="ISBN83763550019---11">
    <Authors>
      <Author>
        <Name>Fred</Name>
        <Email>fweasley@hogwarts.co.uk</Email>
      </Author>
      <Author>
        <Name>George</Name>
        <Email>gweasley@hogwarts.co.uk</Email>
      </Author>
    </Authors>
    <name>Book2</name>
  </book>
  <book year="2014" isbn="ISBN83763550019---11">
    <Authors>
      <Author>
        <Name>Fred</Name>
        <Email>fweasley@hogwarts.co.uk</Email>
      </Author>
      <Author>
        <Name>George</Name>
        <Email>gweasley@hogwarts.co.uk</Email>
      </Author>
    </Authors>
    <name>Book1</name>
  </book>
  <book year="2014" isbn="ISBN83763550019---11">
    <Authors>
      <Author>
        <Name>Fred</Name>
        <Email>fweasley@hogwarts.co.uk</Email>
      </Author>
      <Author>
        <Name>George</Name>
        <Email>gweasley@hogwarts.co.uk</Email>
      </Author>
    </Authors>
    <name>Book2</name>
  </book>
  <book year="2014" isbn="ISBN83763550019---11">
    <Authors>
      <Author>
        <Name>Fred</Name>
        <Email>fweasley@hogwarts.co.uk</Email>
      </Author>
      <Author>
        <Name>George</Name>
        <Email>gweasley@hogwarts.co.uk</Email>
      </Author>
    </Authors>
    <name>Book1</name>
  </book>
  <book year="2014" isbn="ISBN83763550019---11">
    <Authors>
      <Author>
        <Name>Fred</Name>
        <Email>fweasley@hogwarts.co.uk</Email>
      </Author>
      <Author>
        <Name>George</Name>
        <Email>gweasley@hogwarts.co.uk</Email>
      </Author>
    </Authors>
    <name>Book2</name>
  </book>
  <book year="2014" isbn="ISBN83763550019---11">
    <Authors>
      <Author>
        <Name>Fred</Name>
        <Email>fweasley@hogwarts.co.uk</Email>
      </Author>
      <Author>
        <Name>George</Name>
        <Email>gweasley@hogwarts.co.uk</Email>
      </Author>
    </Authors>
    <name>Book1</name>
  </book>
  <book year="2014" isbn="ISBN83763550019---11">
    <Authors>
      <Author>
        <Name>Fred</Name>
        <Email>fweasley@hogwarts.co.uk</Email>
      </Author>
      <Author>
        <Name>George</Name>
        <Email>gweasley@hogwarts.co.uk</Email>
      </Author>
    </Authors>
    <name>Book2</name>
  </book>
  <book year="2014" isbn="ISBN83763550019---11">
    <Authors>
      <Author>
        <Name>Fred</Name>
        <Email>fweasley@hogwarts.co.uk</Email>
      </Author>
      <Author>
        <Name>George</Name>
        <Email>gweasley@hogwarts.co.uk</Email>
      </Author>
    </Authors>
    <name>Book1</name>
  </book>
  <book year="2014" isbn="ISBN83763550019---11">
    <Authors>
      <Author>
        <Name>Fred</Name>
        <Email>fweasley@hogwarts.co.uk</Email>
      </Author>
      <Author>
        <Name>George</Name>
        <Email>gweasley@hogwarts.co.uk</Email>
      </Author>
    </Authors>
    <name>Book2</name>
  </book>
  <book year="2014" isbn="ISBN83763550019---11">
    <Authors>
      <Author>
        <Name>Fred</Name>
        <Email>fweasley@hogwarts.co.uk</Email>
      </Author>
      <Author>
        <Name>George</Name>
        <Email>gweasley@hogwarts.co.uk</Email>
      </Author>
    </Authors>
    <name>Book1</name>
  </book>
  <book year="2014" isbn="ISBN83763550019---11">
    <Authors>
      <Author>
        <Name>Fred</Name>
        <Email>fweasley@hogwarts.co.uk</Email>
      </Author>
      <Author>
        <Name>George</Name>
        <Email>gweasley@hogwarts.co.uk</Email>
      </Author>
    </Authors>
    <name>Book2</name>
  </book>
  <book year="2014" isbn="ISBN83763550019---11">
    <Authors>
      <Author>
        <Name>Fred</Name>
        <Email>fweasley@hogwarts.co.uk</Email>
      </Author>
      <Author>
        <Name>George</Name>
        <Email>gweasley@hogwarts.co.uk</Email>
      </Author>
    </Authors>
    <name>Book1</name>
  </book>
  <book year="2014" isbn="ISBN83763550019---11">
    <Authors>
      <Author>
        <Name>Fred</Name>
        <Email>fweasley@hogwarts.co.uk</Email>
      </Author>
      <Author>
        <Name>George</Name>
        <Email>gweasley@hogwarts.co.uk</Email>
      </Author>
    </Authors>
    <name>Book2</name>
  </book>
  <book year="2014" isbn="ISBN83763550019---11">
    <Authors>
      <Author>
        <Name>Fred</Name>
        <Email>fweasley@hogwarts.co.uk</Email>
      </Author>
      <Author>
        <Name>George</Name>
        <Email>gweasley@hogwarts.co.uk</Email>
      </Author>
    </Authors>
    <name>Book1</name>
  </book>
  <book year="2014" isbn="ISBN83763550019---11">
    <Authors>
      <Author>
        <Name>Fred</Name>
        <Email>fweasley@hogwarts.co.uk</Email>
      </Author>
      <Author>
        <Name>George</Name>
        <Email>gweasley@hogwarts.co.uk</Email>
      </Author>
    </Authors>
    <name>Book2</name>
  </book>
  <book year="2014" isbn="ISBN83763550019---11">
    <Authors>
      <Author>
        <Name>Fred</Name>
        <Email>fweasley@hogwarts.co.uk</Email>
      </Author>
      <Author>
        <Name>George</Name>
        <Email>gweasley@hogwarts.co.uk</Email>
      </Author>
    </Authors>
    <name>Book1</name>
  </book>
  <book year="2014" isbn="ISBN83763550019---11">
    <Authors>
      <Author>
        <Name>Fred</Name>
        <Email>fweasley@hogwarts.co.uk</Email>
      </Author>
      <Author>
        <Name>George</Name>
        <Email>gweasley@hogwarts.co.uk</Email>
      </Author>
    </Authors>
    <name>Book2</name>
  </book>
  <book year="2014" isbn="ISBN83763550019---11">
    <Authors>
      <Author>
        <Name>Fred</Name>
        <Email>fweasley@hogwarts.co.uk</Email>
      </Author>
      <Author>
        <Name>George</Name>
        <Email>gweasley@hogwarts.co.uk</Email>
      </Author>
    </Authors>
    <name>Book1</name>
  </book>
  <book year="2014" isbn="ISBN83763550019---11">
    <Authors>
      <Author>
        <Name>Fred</Name>
        <Email>fweasley@hogwarts.co.uk</Email>
      </Author>
      <Author>
        <Name>George</Name>
        <Email>gweasley@hogwarts.co.uk</Email>
      </Author>
    </Authors>
    <name>Book2</name>
  </book>
  <book year="2014" isbn="ISBN83763550019---11">
    <Authors>
      <Author>
        <Name>Fred</Name>
        <Email>fweasley@hogwarts.co.uk</Email>
      </Author>
      <Author>
        <Name>George</Name>
        <Email>gweasley@hogwarts.co.uk</Email>
      </Author>
    </Authors>
    <name>Book1</name>
  </book>
  <book year="2014" isbn="ISBN83763550019---11">
    <Authors>
      <Author>
        <Name>Fred</Name>
        <Email>fweasley@hogwarts.co.uk</Email>
      </Author>
      <Author>
        <Name>George</Name>
        <Email>gweasley@hogwarts.co.uk</Email>
      </Author>
    </Authors>
    <name>Book2</name>
  </book>
  <book year="2014" isbn="ISBN83763550019---11">
    <Authors>
      <Author>
        <Name>Fred</Name>
        <Email>fweasley@hogwarts.co.uk</Email>
      </Author>
      <Author>
        <Name>George</Name>
        <Email>gweasley@hogwarts.co.uk</Email>
      </Author>
    </Authors>
    <name>Book1</name>
  </book>
  <book year="2014" isbn="ISBN83763550019---11">
    <Authors>
      <Author>
        <Name>Fred</Name>
        <Email>fweasley@hogwarts.co.uk</Email>
      </Author>
      <Author>
        <Name>George</Name>
        <Email>gweasley@hogwarts.co.uk</Email>
      </Author>
    </Authors>
    <name>Book2</name>
  </book>
  <book year="2014" isbn="ISBN83763550019---11">
    <Authors>
      <Author>
        <Name>Fred</Name>
        <Email>fweasley@hogwarts.co.uk</Email>
      </Author>
      <Author>
        <Name>George</Name>
        <Email>gweasley@hogwarts.co.uk</Email>
      </Author>
    </Authors>
    <name>Book1</name>
  </book>
  <book year="2014" isbn="ISBN83763550019---11">
    <Authors>
      <Author>
        <Name>Fred</Name>
        <Email>fweasley@hogwarts.co.uk</Email>
      </Author>
      <Author>
        <Name>George</Name>
        <Email>gweasley@hogwarts.co.uk</Email>
      </Author>
    </Authors>
    <name>Book2</name>
  </book>
  <book year="2014" isbn="ISBN83763550019---11">
    <Authors>
      <Author>
        <Name>Fred</Name>
        <Email>fweasley@hogwarts.co.uk</Email>
      </Author>
      <Author>
        <Name>George</Name>
        <Email>gweasley@hogwarts.co.uk</Email>
      </Author>
    </Authors>
    <name>Book1</name>
  </book>
  <book year="2014" isbn="ISBN83763550019---11">
    <Authors>
      <Author>
        <Name>Fred</Name>
        <Email>fweasley@hogwarts.co.uk</Email>
      </Author>
      <Author>
        <Name>George</Name>
        <Email>gweasley@hogwarts.co.uk</Email>
      </Author>
    </Authors>
    <name>Book2</name>
  </book>
  <book year="2014" isbn="ISBN83763550019---11">
    <Authors>
      <Author>
        <Name>Fred</Name>
        <Email>fweasley@hogwarts.co.uk</Email>
      </Author>
      <Author>
        <Name>George</Name>
        <Email>gweasley@hogwarts.co.uk</Email>
      </Author>
    </Authors>
    <name>Book1</name>
  </book>
  <book year="2014" isbn="ISBN83763550019---11">
    <Authors>
      <Author>
        <Name>Fred</Name>
        <Email>fweasley@hogwarts.co.uk</Email>
      </Author>
      <Author>
        <Name>George</Name>
        <Email>gweasley@hogwarts.co.uk</Email>
      </Author>
    </Authors>
    <name>Book2</name>
  </book>
  <book year="2014" isbn="ISBN83763550019---11">
    <Authors>
      <Author>
        <Name>Fred</Name>
        <Email>fweasley@hogwarts.co.uk</Email>
      </Author>
      <Author>
        <Name>George</Name>
        <Email>gweasley@hogwarts.co.uk</Email>
      </Author>
    </Authors>
    <name>Book1</name>
  </book>
  <book year="2014" isbn="ISBN83763550019---11">
    <Authors>
      <Author>
        <Name>Fred</Name>
        <Email>fweasley@hogwarts.co.uk</Email>
      </Author>
      <Author>
        <Name>George</Name>
        <Email>gweasley@hogwarts.co.uk</Email>
      </Author>
    </Authors>
    <name>Book2</name>
  </book>
  <book year="2014" isbn="ISBN83763550019---11">
    <Authors>
      <Author>
        <Name>Fred</Name>
        <Email>fweasley@hogwarts.co.uk</Email>
      </Author>
      <Author>
        <Name>George</Name>
        <Email>gweasley@hogwarts.co.uk</Email>
      </Author>
    </Authors>
    <name>Book1</name>
  </book>
  <book year="2014" isbn="ISBN83763550019---11">
    <Authors>
      <Author>
        <Name>Fred</Name>
        <Email>fweasley@hogwarts.co.uk</Email>
      </Author>
      <Author>
        <Name>George</Name>
        <Email>gweasley@hogwarts.co.uk</Email>
      </Author>
    </Authors>
    <name>Book2</name>
  </book>
  <book year="2014" isbn="ISBN83763550019---11">
    <Authors>
      <Author>
        <Name>Fred</Name>
        <Email>fweasley@hogwarts.co.uk</Email>
      </Author>
      <Author>
        <Name>George</Name>
        <Email>gweasley@hogwarts.co.uk</Email>
      </Author>
    </Authors>
    <name>Book1</name>
  </book>
  <book year="2014" isbn="ISBN83763550019---11">
    <Authors>
      <Author>
        <Name>Fred</Name>
        <Email>fweasley@hogwarts.co.uk</Email>
      </Author>
      <Author>
        <Name>George</Name>
        <Email>gweasley@hogwarts.co.uk</Email>
      </Author>
    </Authors>
    <name>Book2</name>
  </book>
  <book year="2014" isbn="ISBN83763550019---11">
    <Authors>
      <Author>
        <Name>Fred</Name>
        <Email>fweasley@hogwarts.co.uk</Email>
      </Author>
      <Author>
        <Name>George</Name>
        <Email>gweasley@hogwarts.co.uk</Email>
      </Author>
    </Authors>
    <name>Book1</name>
  </book>
  <book year="2014" isbn="ISBN83763550019---11">
    <Authors>
      <Author>
        <Name>Fred</Name>
        <Email>fweasley@hogwarts.co.uk</Email>
      </Author>
      <Author>
        <Name>George</Name>
        <Email>gweasley@hogwarts.co.uk</Email>
      </Author>
    </Authors>
    <name>Book2</name>
  </book>
  <book year="2014" isbn="ISBN83763550019---11">
    <Authors>
      <Author>
        <Name>Fred</Name>
        <Email>fweasley@hogwarts.co.uk</Email>
      </Author>
      <Author>
        <Name>George</Name>
        <Email>gweasley@hogwarts.co.uk</Email>
      </Author>
    </Authors>
    <name>Book1</name>
  </book>
  <book year="2014" isbn="ISBN83763550019---11">
    <Authors>
      <Author>
        <Name>Fred</Name>
        <Email>fweasley@hogwarts.co.uk</Email>
      </Author>
      <Author>
        <Name>George</Name>
        <Email>gweasley@hogwarts.co.uk</Email>
      </Author>
    </Authors>
    <name>Book2</name>
  </book>
  <book year="2014" isbn="ISBN83763550019---11">
    <Authors>
      <Author>
        <Name>Fred</Name>
        <Email>fweasley@hogwarts.co.uk</Email>
      </Author>
      <Author>
        <Name>George</Name>
        <Email>gweasley@hogwarts.co.uk</Email>
      </Author>
    </Authors>
    <name>Book1</name>
  </book>
  <book year="2014" isbn="ISBN83763550019---11">
    <Authors>
      <Author>
        <Name>Fred</Name>
        <Email>fweasley@hogwarts.co.uk</Email>
      </Author>
      <Author>
        <Name>George</Name>
        <Email>gweasley@hogwarts.co.uk</Email>
      </Author>
    </Authors>
    <name>Book2</name>
  </book>
  <book year="2014" isbn="ISBN83763550019---11">
    <Authors>
      <Author>
        <Name>Fred</Name>
        <Email>fweasley@hogwarts.co.uk</Email>
      </Author>
      <Author>
        <Name>George</Name>
        <Email>gweasley@hogwarts.co.uk</Email>
      </Author>
    </Authors>
    <name>Book1</name>
  </book>
  <book year="2014" isbn="ISBN83763550019---11">
    <Authors>
      <Author>
        <Name>Fred</Name>
        <Email>fweasley@hogwarts.co.uk</Email>
      </Author>
      <Author>
        <Name>George</Name>
        <Email>gweasley@hogwarts.co.uk</Email>
      </Author>
    </Authors>
    <name>Book2</name>
  </book>
  <book year="2014" isbn="ISBN83763550019---11">
    <Authors>
      <Author>
        <Name>Fred</Name>
        <Email>fweasley@hogwarts.co.uk</Email>
      </Author>
      <Author>
        <Name>George</Name>
        <Email>gweasley@hogwarts.co.uk</Email>
      </Author>
    </Authors>
    <name>Book1</name>
  </book>
  <book year="2014" isbn="ISBN83763550019---11">
    <Authors>
      <Author>
        <Name>Fred</Name>
        <Email>fweasley@hogwarts.co.uk</Email>
      </Author>
      <Author>
        <Name>George</Name>
        <Email>gweasley@hogwarts.co.uk</Email>
      </Author>
    </Authors>
    <name>Book2</name>
  </book>
  <book year="2014" isbn="ISBN83763550019---11">
    <Authors>
      <Author>
        <Name>Fred</Name>
        <Email>fweasley@hogwarts.co.uk</Email>
      </Author>
      <Author>
        <Name>George</Name>
        <Email>gweasley@hogwarts.co.uk</Email>
      </Author>
    </Authors>
    <name>Book1</name>
  </book>
  <book year="2014" isbn="ISBN83763550019---11">
    <Authors>
      <Author>
        <Name>Fred</Name>
        <Email>fweasley@hogwarts.co.uk</Email>
      </Author>
      <Author>
        <Name>George</Name>
        <Email>gweasley@hogwarts.co.uk</Email>
      </Author>
    </Authors>
    <name>Book2</name>
  </book>
  <book year="2014" isbn="ISBN83763550019---11">
    <Authors>
      <Author>
        <Name>Fred</Name>
        <Email>fweasley@hogwarts.co.uk</Email>
      </Author>
      <Author>
        <Name>George</Name>
        <Email>gweasley@hogwarts.co.uk</Email>
      </Author>
    </Authors>
    <name>Book1</name>
  </book>
  <book year="2014" isbn="ISBN83763550019---11">
    <Authors>
      <Author>
        <Name>Fred</Name>
        <Email>fweasley@hogwarts.co.uk</Email>
      </Author>
      <Author>
        <Name>George</Name>
        <Email>gweasley@hogwarts.co.uk</Email>
      </Author>
    </Authors>
    <name>Book2</name>
  </book>
  <book year="2014" isbn="ISBN83763550019---11">
    <Authors>
      <Author>
        <Name>Fred</Name>
        <Email>fweasley@hogwarts.co.uk</Email>
      </Author>
      <Author>
        <Name>George</Name>
        <Email>gweasley@hogwarts.co.uk</Email>
      </Author>
    </Authors>
    <name>Book1</name>
  </book>
  <book year="2014" isbn="ISBN83763550019---11">
    <Authors>
      <Author>
        <Name>Fred</Name>
        <Email>fweasley@hogwarts.co.uk</Email>
      </Author>
      <Author>
        <Name>George</Name>
        <Email>gweasley@hogwarts.co.uk</Email>
      </Author>
    </Authors>
    <name>Book2</name>
  </book>
  <book year="2014" isbn="ISBN83763550019---11">
    <Authors>
      <Author>
        <Name>Fred</Name>
        <Email>fweasley@hogwarts.co.uk</Email>
      </Author>
      <Author>
        <Name>George</Name>
        <Email>gweasley@hogwarts.co.uk</Email>
      </Author>
    </Authors>
    <name>Book1</name>
  </book>
  <book year="2014" isbn="ISBN83763550019---11">
    <Authors>
      <Author>
        <Name>Fred</Name>
        <Email>fweasley@hogwarts.co.uk</Email>
      </Author>
      <Author>
        <Name>George</Name>
        <Email>gweasley@hogwarts.co.uk</Email>
      </Author>
    </Authors>
    <name>Book2</name>
  </book>
  <book year="2014" isbn="ISBN83763550019---11">
    <Authors>
      <Author>
        <Name>Fred</Name>
        <Email>fweasley@hogwarts.co.uk</Email>
      </Author>
      <Author>
        <Name>George</Name>
        <Email>gweasley@hogwarts.co.uk</Email>
      </Author>
    </Authors>
    <name>Book1</name>
  </book>
  <book year="2014" isbn="ISBN83763550019---11">
    <Authors>
      <Author>
        <Name>Fred</Name>
        <Email>fweasley@hogwarts.co.uk</Email>
      </Author>
      <Author>
        <Name>George</Name>
        <Email>gweasley@hogwarts.co.uk</Email>
      </Author>
    </Authors>
    <name>Book2</name>
  </book>
  <book year="2014" isbn="ISBN83763550019---11">
    <Authors>
      <Author>
        <Name>Fred</Name>
        <Email>fweasley@hogwarts.co.uk</Email>
      </Author>
      <Author>
        <Name>George</Name>
        <Email>gweasley@hogwarts.co.uk</Email>
      </Author>
    </Authors>
    <name>Book1</name>
  </book>
  <book year="2014" isbn="ISBN83763550019---11">
    <Authors>
      <Author>
        <Name>Fred</Name>
        <Email>fweasley@hogwarts.co.uk</Email>
      </Author>
      <Author>
        <Name>George</Name>
        <Email>gweasley@hogwarts.co.uk</Email>
      </Author>
    </Authors>
    <name>Book2</name>
  </book>
  <book year="2014" isbn="ISBN83763550019---11">
    <Authors>
      <Author>
        <Name>Fred</Name>
        <Email>fweasley@hogwarts.co.uk</Email>
      </Author>
      <Author>
        <Name>George</Name>
        <Email>gweasley@hogwarts.co.uk</Email>
      </Author>
    </Authors>
    <name>Book1</name>
  </book>
  <book year="2014" isbn="ISBN83763550019---11">
    <Authors>
      <Author>
        <Name>Fred</Name>
        <Email>fweasley@hogwarts.co.uk</Email>
      </Author>
      <Author>
        <Name>George</Name>
        <Email>gweasley@hogwarts.co.uk</Email>
      </Author>
    </Authors>
    <name>Book2</name>
  </book>
  <book year="2014" isbn="ISBN83763550019---11">
    <Authors>
      <Author>
        <Name>Fred</Name>
        <Email>fweasley@hogwarts.co.uk</Email>
      </Author>
      <Author>
        <Name>George</Name>
        <Email>gweasley@hogwarts.co.uk</Email>
      </Author>
    </Authors>
    <name>Book1</name>
  </book>
  <book year="2014" isbn="ISBN83763550019---11">
    <Authors>
      <Author>
        <Name>Fred</Name>
        <Email>fweasley@hogwarts.co.uk</Email>
      </Author>
      <Author>
        <Name>George</Name>
        <Email>gweasley@hogwarts.co.uk</Email>
      </Author>
    </Authors>
    <name>Book2</name>
  </book>
  <book year="2014" isbn="ISBN83763550019---11">
    <Authors>
      <Author>
        <Name>Fred</Name>
        <Email>fweasley@hogwarts.co.uk</Email>
      </Author>
      <Author>
        <Name>George</Name>
        <Email>gweasley@hogwarts.co.uk</Email>
      </Author>
    </Authors>
    <name>Book1</name>
  </book>
  <book year="2014" isbn="ISBN83763550019---11">
    <Authors>
      <Author>
        <Name>Fred</Name>
        <Email>fweasley@hogwarts.co.uk</Email>
      </Author>
      <Author>
        <Name>George</Name>
        <Email>gweasley@hogwarts.co.uk</Email>
      </Author>
    </Authors>
    <name>Book2</name>
  </book>
  <book year="2014" isbn="ISBN83763550019---11">
    <Authors>
      <Author>
        <Name>Fred</Name>
        <Email>fweasley@hogwarts.co.uk</Email>
      </Author>
      <Author>
        <Name>George</Name>
        <Email>gweasley@hogwarts.co.uk</Email>
      </Author>
    </Authors>
    <name>Book1</name>
  </book>
  <book year="2014" isbn="ISBN83763550019---11">
    <Authors>
      <Author>
        <Name>Fred</Name>
        <Email>fweasley@hogwarts.co.uk</Email>
      </Author>
      <Author>
        <Name>George</Name>
        <Email>gweasley@hogwarts.co.uk</Email>
      </Author>
    </Authors>
    <name>Book2</name>
  </book>
  <book year="2014" isbn="ISBN83763550019---11">
    <Authors>
      <Author>
        <Name>Fred</Name>
        <Email>fweasley@hogwarts.co.uk</Email>
      </Author>
      <Author>
        <Name>George</Name>
        <Email>gweasley@hogwarts.co.uk</Email>
      </Author>
    </Authors>
    <name>Book1</name>
  </book>
  <book year="2014" isbn="ISBN83763550019---11">
    <Authors>
      <Author>
        <Name>Fred</Name>
        <Email>fweasley@hogwarts.co.uk</Email>
      </Author>
      <Author>
        <Name>George</Name>
        <Email>gweasley@hogwarts.co.uk</Email>
      </Author>
    </Authors>
    <name>Book2</name>
  </book>
  <book year="2014" isbn="ISBN83763550019---11">
    <Authors>
      <Author>
        <Name>Fred</Name>
        <Email>fweasley@hogwarts.co.uk</Email>
      </Author>
      <Author>
        <Name>George</Name>
        <Email>gweasley@hogwarts.co.uk</Email>
      </Author>
    </Authors>
    <name>Book1</name>
  </book>
  <book year="2014" isbn="ISBN83763550019---11">
    <Authors>
      <Author>
        <Name>Fred</Name>
        <Email>fweasley@hogwarts.co.uk</Email>
      </Author>
      <Author>
        <Name>George</Name>
        <Email>gweasley@hogwarts.co.uk</Email>
      </Author>
    </Authors>
    <name>Book2</name>
  </book>
  <book year="2014" isbn="ISBN83763550019---11">
    <Authors>
      <Author>
        <Name>Fred</Name>
        <Email>fweasley@hogwarts.co.uk</Email>
      </Author>
      <Author>
        <Name>George</Name>
        <Email>gweasley@hogwarts.co.uk</Email>
      </Author>
    </Authors>
    <name>Book1</name>
  </book>
  <book year="2014" isbn="ISBN83763550019---11">
    <Authors>
      <Author>
        <Name>Fred</Name>
        <Email>fweasley@hogwarts.co.uk</Email>
      </Author>
      <Author>
        <Name>George</Name>
        <Email>gweasley@hogwarts.co.uk</Email>
      </Author>
    </Authors>
    <name>Book2</name>
  </book>
  <book year="2014" isbn="ISBN83763550019---11">
    <Authors>
      <Author>
        <Name>Fred</Name>
        <Email>fweasley@hogwarts.co.uk</Email>
      </Author>
      <Author>
        <Name>George</Name>
        <Email>gweasley@hogwarts.co.uk</Email>
      </Author>
    </Authors>
    <name>Book1</name>
  </book>
  <book year="2014" isbn="ISBN83763550019---11">
    <Authors>
      <Author>
        <Name>Fred</Name>
        <Email>fweasley@hogwarts.co.uk</Email>
      </Author>
      <Author>
        <Name>George</Name>
        <Email>gweasley@hogwarts.co.uk</Email>
      </Author>
    </Authors>
    <name>Book2</name>
  </book>
  <book year="2014" isbn="ISBN83763550019---11">
    <Authors>
      <Author>
        <Name>Fred</Name>
        <Email>fweasley@hogwarts.co.uk</Email>
      </Author>
      <Author>
        <Name>George</Name>
        <Email>gweasley@hogwarts.co.uk</Email>
      </Author>
    </Authors>
    <name>Book1</name>
  </book>
  <book year="2014" isbn="ISBN83763550019---11">
    <Authors>
      <Author>
        <Name>Fred</Name>
        <Email>fweasley@hogwarts.co.uk</Email>
      </Author>
      <Author>
        <Name>George</Name>
        <Email>gweasley@hogwarts.co.uk</Email>
      </Author>
    </Authors>
    <name>Book2</name>
  </book>
  <book year="2014" isbn="ISBN83763550019---11">
    <Authors>
      <Author>
        <Name>Fred</Name>
        <Email>fweasley@hogwarts.co.uk</Email>
      </Author>
      <Author>
        <Name>George</Name>
        <Email>gweasley@hogwarts.co.uk</Email>
      </Author>
    </Authors>
    <name>Book1</name>
  </book>
  <book year="2014" isbn="ISBN83763550019---11">
    <Authors>
      <Author>
        <Name>Fred</Name>
        <Email>fweasley@hogwarts.co.uk</Email>
      </Author>
      <Author>
        <Name>George</Name>
        <Email>gweasley@hogwarts.co.uk</Email>
      </Author>
    </Authors>
    <name>Book2</name>
  </book>
  <book year="2014" isbn="ISBN83763550019---11">
    <Authors>
      <Author>
        <Name>Fred</Name>
        <Email>fweasley@hogwarts.co.uk</Email>
      </Author>
      <Author>
        <Name>George</Name>
        <Email>gweasley@hogwarts.co.uk</Email>
      </Author>
    </Authors>
    <name>Book1</name>
  </book>
  <book year="2014" isbn="ISBN83763550019---11">
    <Authors>
      <Author>
        <Name>Fred</Name>
        <Email>fweasley@hogwarts.co.uk</Email>
      </Author>
      <Author>
        <Name>George</Name>
        <Email>gweasley@hogwarts.co.uk</Email>
      </Author>
    </Authors>
    <name>Book2</name>
  </book>
  <book year="2014" isbn="ISBN83763550019---11">
    <Authors>
      <Author>
        <Name>Fred</Name>
        <Email>fweasley@hogwarts.co.uk</Email>
      </Author>
      <Author>
        <Name>George</Name>
        <Email>gweasley@hogwarts.co.uk</Email>
      </Author>
    </Authors>
    <name>Book1</name>
  </book>
  <book year="2014" isbn="ISBN83763550019---11">
    <Authors>
      <Author>
        <Name>Fred</Name>
        <Email>fweasley@hogwarts.co.uk</Email>
      </Author>
      <Author>
        <Name>George</Name>
        <Email>gweasley@hogwarts.co.uk</Email>
      </Author>
    </Authors>
    <name>Book2</name>
  </book>
  <book year="2014" isbn="ISBN83763550019---11">
    <Authors>
      <Author>
        <Name>Fred</Name>
        <Email>fweasley@hogwarts.co.uk</Email>
      </Author>
      <Author>
        <Name>George</Name>
        <Email>gweasley@hogwarts.co.uk</Email>
      </Author>
    </Authors>
    <name>Book1</name>
  </book>
  <book year="2014" isbn="ISBN83763550019---11">
    <Authors>
      <Author>
        <Name>Fred</Name>
        <Email>fweasley@hogwarts.co.uk</Email>
      </Author>
      <Author>
        <Name>George</Name>
        <Email>gweasley@hogwarts.co.uk</Email>
      </Author>
    </Authors>
    <name>Book2</name>
  </book>
  <book year="2014" isbn="ISBN83763550019---11">
    <Authors>
      <Author>
        <Name>Fred</Name>
        <Email>fweasley@hogwarts.co.uk</Email>
      </Author>
      <Author>
        <Name>George</Name>
        <Email>gweasley@hogwarts.co.uk</Email>
      </Author>
    </Authors>
    <name>Book1</name>
  </book>
  <book year="2014" isbn="ISBN83763550019---11">
    <Authors>
      <Author>
        <Name>Fred</Name>
        <Email>fweasley@hogwarts.co.uk</Email>
      </Author>
      <Author>
        <Name>George</Name>
        <Email>gweasley@hogwarts.co.uk</Email>
      </Author>
    </Authors>
    <name>Book2</name>
  </book>
  <book year="2014" isbn="ISBN83763550019---11">
    <Authors>
      <Author>
        <Name>Fred</Name>
        <Email>fweasley@hogwarts.co.uk</Email>
      </Author>
      <Author>
        <Name>George</Name>
        <Email>gweasley@hogwarts.co.uk</Email>
      </Author>
    </Authors>
    <name>Book1</name>
  </book>
  <book year="2014" isbn="ISBN83763550019---11">
    <Authors>
      <Author>
        <Name>Fred</Name>
        <Email>fweasley@hogwarts.co.uk</Email>
      </Author>
      <Author>
        <Name>George</Name>
        <Email>gweasley@hogwarts.co.uk</Email>
      </Author>
    </Authors>
    <name>Book2</name>
  </book>
  <book year="2014" isbn="ISBN83763550019---11">
    <Authors>
      <Author>
        <Name>Fred</Name>
        <Email>fweasley@hogwarts.co.uk</Email>
      </Author>
      <Author>
        <Name>George</Name>
        <Email>gweasley@hogwarts.co.uk</Email>
      </Author>
    </Authors>
    <name>Book1</name>
  </book>
  <book year="2014" isbn="ISBN83763550019---11">
    <Authors>
      <Author>
        <Name>Fred</Name>
        <Email>fweasley@hogwarts.co.uk</Email>
      </Author>
      <Author>
        <Name>George</Name>
        <Email>gweasley@hogwarts.co.uk</Email>
      </Author>
    </Authors>
    <name>Book2</name>
  </book>
  <book year="2014" isbn="ISBN83763550019---11">
    <Authors>
      <Author>
        <Name>Fred</Name>
        <Email>fweasley@hogwarts.co.uk</Email>
      </Author>
      <Author>
        <Name>George</Name>
        <Email>gweasley@hogwarts.co.uk</Email>
      </Author>
    </Authors>
    <name>Book1</name>
  </book>
  <book year="2014" isbn="ISBN83763550019---11">
    <Authors>
      <Author>
        <Name>Fred</Name>
        <Email>fweasley@hogwarts.co.uk</Email>
      </Author>
      <Author>
        <Name>George</Name>
        <Email>gweasley@hogwarts.co.uk</Email>
      </Author>
    </Authors>
    <name>Book2</name>
  </book>
  <book year="2014" isbn="ISBN83763550019---11">
    <Authors>
      <Author>
        <Name>Fred</Name>
        <Email>fweasley@hogwarts.co.uk</Email>
      </Author>
      <Author>
        <Name>George</Name>
        <Email>gweasley@hogwarts.co.uk</Email>
      </Author>
    </Authors>
    <name>Book1</name>
  </book>
  <book year="2014" isbn="ISBN83763550019---11">
    <Authors>
      <Author>
        <Name>Fred</Name>
        <Email>fweasley@hogwarts.co.uk</Email>
      </Author>
      <Author>
        <Name>George</Name>
        <Email>gweasley@hogwarts.co.uk</Email>
      </Author>
    </Authors>
    <name>Book2</name>
  </book>
  <book year="2014" isbn="ISBN83763550019---11">
    <Authors>
      <Author>
        <Name>Fred</Name>
        <Email>fweasley@hogwarts.co.uk</Email>
      </Author>
      <Author>
        <Name>George</Name>
        <Email>gweasley@hogwarts.co.uk</Email>
      </Author>
    </Authors>
    <name>Book1</name>
  </book>
  <book year="2014" isbn="ISBN83763550019---11">
    <Authors>
      <Author>
        <Name>Fred</Name>
        <Email>fweasley@hogwarts.co.uk</Email>
      </Author>
      <Author>
        <Name>George</Name>
        <Email>gweasley@hogwarts.co.uk</Email>
      </Author>
    </Authors>
    <name>Book2</name>
  </book>
  <book year="2014" isbn="ISBN83763550019---11">
    <Authors>
      <Author>
        <Name>Fred</Name>
        <Email>fweasley@hogwarts.co.uk</Email>
      </Author>
      <Author>
        <Name>George</Name>
        <Email>gweasley@hogwarts.co.uk</Email>
      </Author>
    </Authors>
    <name>Book1</name>
  </book>
  <book year="2014" isbn="ISBN83763550019---11">
    <Authors>
      <Author>
        <Name>Fred</Name>
        <Email>fweasley@hogwarts.co.uk</Email>
      </Author>
      <Author>
        <Name>George</Name>
        <Email>gweasley@hogwarts.co.uk</Email>
      </Author>
    </Authors>
    <name>Book2</name>
  </book>
  <book year="2014" isbn="ISBN83763550019---11">
    <Authors>
      <Author>
        <Name>Fred</Name>
        <Email>fweasley@hogwarts.co.uk</Email>
      </Author>
      <Author>
        <Name>George</Name>
        <Email>gweasley@hogwarts.co.uk</Email>
      </Author>
    </Authors>
    <name>Book1</name>
  </book>
  <book year="2014" isbn="ISBN83763550019---11">
    <Authors>
      <Author>
        <Name>Fred</Name>
        <Email>fweasley@hogwarts.co.uk</Email>
      </Author>
      <Author>
        <Name>George</Name>
        <Email>gweasley@hogwarts.co.uk</Email>
      </Author>
    </Authors>
    <name>Book2</name>
  </book>
  <book year="2014" isbn="ISBN83763550019---11">
    <Authors>
      <Author>
        <Name>Fred</Name>
        <Email>fweasley@hogwarts.co.uk</Email>
      </Author>
      <Author>
        <Name>George</Name>
        <Email>gweasley@hogwarts.co.uk</Email>
      </Author>
    </Authors>
    <name>Book1</name>
  </book>
  <book year="2014" isbn="ISBN83763550019---11">
    <Authors>
      <Author>
        <Name>Fred</Name>
        <Email>fweasley@hogwarts.co.uk</Email>
      </Author>
      <Author>
        <Name>George</Name>
        <Email>gweasley@hogwarts.co.uk</Email>
      </Author>
    </Authors>
    <name>Book2</name>
  </book>
  <book year="2014" isbn="ISBN83763550019---11">
    <Authors>
      <Author>
        <Name>Fred</Name>
        <Email>fweasley@hogwarts.co.uk</Email>
      </Author>
      <Author>
        <Name>George</Name>
        <Email>gweasley@hogwarts.co.uk</Email>
      </Author>
    </Authors>
    <name>Book1</name>
  </book>
  <book year="2014" isbn="ISBN83763550019---11">
    <Authors>
      <Author>
        <Name>Fred</Name>
        <Email>fweasley@hogwarts.co.uk</Email>
      </Author>
      <Author>
        <Name>George</Name>
        <Email>gweasley@hogwarts.co.uk</Email>
      </Author>
    </Authors>
    <name>Book2</name>
  </book>
  <book year="2014" isbn="ISBN83763550019---11">
    <Authors>
      <Author>
        <Name>Fred</Name>
        <Email>fweasley@hogwarts.co.uk</Email>
      </Author>
      <Author>
        <Name>George</Name>
        <Email>gweasley@hogwarts.co.uk</Email>
      </Author>
    </Authors>
    <name>Book1</name>
  </book>
  <book year="2014" isbn="ISBN83763550019---11">
    <Authors>
      <Author>
        <Name>Fred</Name>
        <Email>fweasley@hogwarts.co.uk</Email>
      </Author>
      <Author>
        <Name>George</Name>
        <Email>gweasley@hogwarts.co.uk</Email>
      </Author>
    </Authors>
    <name>Book2</name>
  </book>
  <book year="2014" isbn="ISBN83763550019---11">
    <Authors>
      <Author>
        <Name>Fred</Name>
        <Email>fweasley@hogwarts.co.uk</Email>
      </Author>
      <Author>
        <Name>George</Name>
        <Email>gweasley@hogwarts.co.uk</Email>
      </Author>
    </Authors>
    <name>Book1</name>
  </book>
  <book year="2014" isbn="ISBN83763550019---11">
    <Authors>
      <Author>
        <Name>Fred</Name>
        <Email>fweasley@hogwarts.co.uk</Email>
      </Author>
      <Author>
        <Name>George</Name>
        <Email>gweasley@hogwarts.co.uk</Email>
      </Author>
    </Authors>
    <name>Book2</name>
  </book>
  <book year="2014" isbn="ISBN83763550019---11">
    <Authors>
      <Author>
        <Name>Fred</Name>
        <Email>fweasley@hogwarts.co.uk</Email>
      </Author>
      <Author>
        <Name>George</Name>
        <Email>gweasley@hogwarts.co.uk</Email>
      </Author>
    </Authors>
    <name>Book1</name>
  </book>
  <book year="2014" isbn="ISBN83763550019---11">
    <Authors>
      <Author>
        <Name>Fred</Name>
        <Email>fweasley@hogwarts.co.uk</Email>
      </Author>
      <Author>
        <Name>George</Name>
        <Email>gweasley@hogwarts.co.uk</Email>
      </Author>
    </Authors>
    <name>Book2</name>
  </book>
  <book year="2014" isbn="ISBN83763550019---11">
    <Authors>
      <Author>
        <Name>Fred</Name>
        <Email>fweasley@hogwarts.co.uk</Email>
      </Author>
      <Author>
        <Name>George</Name>
        <Email>gweasley@hogwarts.co.uk</Email>
      </Author>
    </Authors>
    <name>Book1</name>
  </book>
  <book year="2014" isbn="ISBN83763550019---11">
    <Authors>
      <Author>
        <Name>Fred</Name>
        <Email>fweasley@hogwarts.co.uk</Email>
      </Author>
      <Author>
        <Name>George</Name>
        <Email>gweasley@hogwarts.co.uk</Email>
      </Author>
    </Authors>
    <name>Book2</name>
  </book>
  <book year="2014" isbn="ISBN83763550019---11">
    <Authors>
      <Author>
        <Name>Fred</Name>
        <Email>fweasley@hogwarts.co.uk</Email>
      </Author>
      <Author>
        <Name>George</Name>
        <Email>gweasley@hogwarts.co.uk</Email>
      </Author>
    </Authors>
    <name>Book1</name>
  </book>
  <book year="2014" isbn="ISBN83763550019---11">
    <Authors>
      <Author>
        <Name>Fred</Name>
        <Email>fweasley@hogwarts.co.uk</Email>
      </Author>
      <Author>
        <Name>George</Name>
        <Email>gweasley@hogwarts.co.uk</Email>
      </Author>
    </Authors>
    <name>Book2</name>
  </book>
  <book year="2014" isbn="ISBN83763550019---11">
    <Authors>
      <Author>
        <Name>Fred</Name>
        <Email>fweasley@hogwarts.co.uk</Email>
      </Author>
      <Author>
        <Name>George</Name>
        <Email>gweasley@hogwarts.co.uk</Email>
      </Author>
    </Authors>
    <name>Book1</name>
  </book>
  <book year="2014" isbn="ISBN83763550019---11">
    <Authors>
      <Author>
        <Name>Fred</Name>
        <Email>fweasley@hogwarts.co.uk</Email>
      </Author>
      <Author>
        <Name>George</Name>
        <Email>gweasley@hogwarts.co.uk</Email>
      </Author>
    </Authors>
    <name>Book2</name>
  </book>
  <book year="2014" isbn="ISBN83763550019---11">
    <Authors>
      <Author>
        <Name>Fred</Name>
        <Email>fweasley@hogwarts.co.uk</Email>
      </Author>
      <Author>
        <Name>George</Name>
        <Email>gweasley@hogwarts.co.uk</Email>
      </Author>
    </Authors>
    <name>Book1</name>
  </book>
  <book year="2014" isbn="ISBN83763550019---11">
    <Authors>
      <Author>
        <Name>Fred</Name>
        <Email>fweasley@hogwarts.co.uk</Email>
      </Author>
      <Author>
        <Name>George</Name>
        <Email>gweasley@hogwarts.co.uk</Email>
      </Author>
    </Authors>
    <name>Book2</name>
  </book>
  <book year="2014" isbn="ISBN83763550019---11">
    <Authors>
      <Author>
        <Name>Fred</Name>
        <Email>fweasley@hogwarts.co.uk</Email>
      </Author>
      <Author>
        <Name>George</Name>
        <Email>gweasley@hogwarts.co.uk</Email>
      </Author>
    </Authors>
    <name>Book1</name>
  </book>
  <book year="2014" isbn="ISBN83763550019---11">
    <Authors>
      <Author>
        <Name>Fred</Name>
        <Email>fweasley@hogwarts.co.uk</Email>
      </Author>
      <Author>
        <Name>George</Name>
        <Email>gweasley@hogwarts.co.uk</Email>
      </Author>
    </Authors>
    <name>Book2</name>
  </book>
  <book year="2014" isbn="ISBN83763550019---11">
    <Authors>
      <Author>
        <Name>Fred</Name>
        <Email>fweasley@hogwarts.co.uk</Email>
      </Author>
      <Author>
        <Name>George</Name>
        <Email>gweasley@hogwarts.co.uk</Email>
      </Author>
    </Authors>
    <name>Book1</name>
  </book>
  <book year="2014" isbn="ISBN83763550019---11">
    <Authors>
      <Author>
        <Name>Fred</Name>
        <Email>fweasley@hogwarts.co.uk</Email>
      </Author>
      <Author>
        <Name>George</Name>
        <Email>gweasley@hogwarts.co.uk</Email>
      </Author>
    </Authors>
    <name>Book2</name>
  </book>
  <book year="2014" isbn="ISBN83763550019---11">
    <Authors>
      <Author>
        <Name>Fred</Name>
        <Email>fweasley@hogwarts.co.uk</Email>
      </Author>
      <Author>
        <Name>George</Name>
        <Email>gweasley@hogwarts.co.uk</Email>
      </Author>
    </Authors>
    <name>Book1</name>
  </book>
  <book year="2014" isbn="ISBN83763550019---11">
    <Authors>
      <Author>
        <Name>Fred</Name>
        <Email>fweasley@hogwarts.co.uk</Email>
      </Author>
      <Author>
        <Name>George</Name>
        <Email>gweasley@hogwarts.co.uk</Email>
      </Author>
    </Authors>
    <name>Book2</name>
  </book>
  <book year="2014" isbn="ISBN83763550019---11">
    <Authors>
      <Author>
        <Name>Fred</Name>
        <Email>fweasley@hogwarts.co.uk</Email>
      </Author>
      <Author>
        <Name>George</Name>
        <Email>gweasley@hogwarts.co.uk</Email>
      </Author>
    </Authors>
    <name>Book1</name>
  </book>
  <book year="2014" isbn="ISBN83763550019---11">
    <Authors>
      <Author>
        <Name>Fred</Name>
        <Email>fweasley@hogwarts.co.uk</Email>
      </Author>
      <Author>
        <Name>George</Name>
        <Email>gweasley@hogwarts.co.uk</Email>
      </Author>
    </Authors>
    <name>Book2</name>
  </book>
  <book year="2014" isbn="ISBN83763550019---11">
    <Authors>
      <Author>
        <Name>Fred</Name>
        <Email>fweasley@hogwarts.co.uk</Email>
      </Author>
      <Author>
        <Name>George</Name>
        <Email>gweasley@hogwarts.co.uk</Email>
      </Author>
    </Authors>
    <name>Book1</name>
  </book>
  <book year="2014" isbn="ISBN83763550019---11">
    <Authors>
      <Author>
        <Name>Fred</Name>
        <Email>fweasley@hogwarts.co.uk</Email>
      </Author>
      <Author>
        <Name>George</Name>
        <Email>gweasley@hogwarts.co.uk</Email>
      </Author>
    </Authors>
    <name>Book2</name>
  </book>
  <book year="2014" isbn="ISBN83763550019---11">
    <Authors>
      <Author>
        <Name>Fred</Name>
        <Email>fweasley@hogwarts.co.uk</Email>
      </Author>
      <Author>
        <Name>George</Name>
        <Email>gweasley@hogwarts.co.uk</Email>
      </Author>
    </Authors>
    <name>Book1</name>
  </book>
  <book year="2014" isbn="ISBN83763550019---11">
    <Authors>
      <Author>
        <Name>Fred</Name>
        <Email>fweasley@hogwarts.co.uk</Email>
      </Author>
      <Author>
        <Name>George</Name>
        <Email>gweasley@hogwarts.co.uk</Email>
      </Author>
    </Authors>
    <name>Book2</name>
  </book>
  <book year="2014" isbn="ISBN83763550019---11">
    <Authors>
      <Author>
        <Name>Fred</Name>
        <Email>fweasley@hogwarts.co.uk</Email>
      </Author>
      <Author>
        <Name>George</Name>
        <Email>gweasley@hogwarts.co.uk</Email>
      </Author>
    </Authors>
    <name>Book1</name>
  </book>
  <book year="2014" isbn="ISBN83763550019---11">
    <Authors>
      <Author>
        <Name>Fred</Name>
        <Email>fweasley@hogwarts.co.uk</Email>
      </Author>
      <Author>
        <Name>George</Name>
        <Email>gweasley@hogwarts.co.uk</Email>
      </Author>
    </Authors>
    <name>Book2</name>
  </book>
  <book year="2014" isbn="ISBN83763550019---11">
    <Authors>
      <Author>
        <Name>Fred</Name>
        <Email>fweasley@hogwarts.co.uk</Email>
      </Author>
      <Author>
        <Name>George</Name>
        <Email>gweasley@hogwarts.co.uk</Email>
      </Author>
    </Authors>
    <name>Book1</name>
  </book>
  <book year="2014" isbn="ISBN83763550019---11">
    <Authors>
      <Author>
        <Name>Fred</Name>
        <Email>fweasley@hogwarts.co.uk</Email>
      </Author>
      <Author>
        <Name>George</Name>
        <Email>gweasley@hogwarts.co.uk</Email>
      </Author>
    </Authors>
    <name>Book2</name>
  </book>
  <book year="2014" isbn="ISBN83763550019---11">
    <Authors>
      <Author>
        <Name>Fred</Name>
        <Email>fweasley@hogwarts.co.uk</Email>
      </Author>
      <Author>
        <Name>George</Name>
        <Email>gweasley@hogwarts.co.uk</Email>
      </Author>
    </Authors>
    <name>Book1</name>
  </book>
  <book year="2014" isbn="ISBN83763550019---11">
    <Authors>
      <Author>
        <Name>Fred</Name>
        <Email>fweasley@hogwarts.co.uk</Email>
      </Author>
      <Author>
        <Name>George</Name>
        <Email>gweasley@hogwarts.co.uk</Email>
      </Author>
    </Authors>
    <name>Book2</name>
  </book>
  <book year="2014" isbn="ISBN83763550019---11">
    <Authors>
      <Author>
        <Name>Fred</Name>
        <Email>fweasley@hogwarts.co.uk</Email>
      </Author>
      <Author>
        <Name>George</Name>
        <Email>gweasley@hogwarts.co.uk</Email>
      </Author>
    </Authors>
    <name>Book1</name>
  </book>
  <book year="2014" isbn="ISBN83763550019---11">
    <Authors>
      <Author>
        <Name>Fred</Name>
        <Email>fweasley@hogwarts.co.uk</Email>
      </Author>
      <Author>
        <Name>George</Name>
        <Email>gweasley@hogwarts.co.uk</Email>
      </Author>
    </Authors>
    <name>Book2</name>
  </book>
  <book year="2014" isbn="ISBN83763550019---11">
    <Authors>
      <Author>
        <Name>Fred</Name>
        <Email>fweasley@hogwarts.co.uk</Email>
      </Author>
      <Author>
        <Name>George</Name>
        <Email>gweasley@hogwarts.co.uk</Email>
      </Author>
    </Authors>
    <name>Book1</name>
  </book>
  <book year="2014" isbn="ISBN83763550019---11">
    <Authors>
      <Author>
        <Name>Fred</Name>
        <Email>fweasley@hogwarts.co.uk</Email>
      </Author>
      <Author>
        <Name>George</Name>
        <Email>gweasley@hogwarts.co.uk</Email>
      </Author>
    </Authors>
    <name>Book2</name>
  </book>
  <book year="2014" isbn="ISBN83763550019---11">
    <Authors>
      <Author>
        <Name>Fred</Name>
        <Email>fweasley@hogwarts.co.uk</Email>
      </Author>
      <Author>
        <Name>George</Name>
        <Email>gweasley@hogwarts.co.uk</Email>
      </Author>
    </Authors>
    <name>Book1</name>
  </book>
  <book year="2014" isbn="ISBN83763550019---11">
    <Authors>
      <Author>
        <Name>Fred</Name>
        <Email>fweasley@hogwarts.co.uk</Email>
      </Author>
      <Author>
        <Name>George</Name>
        <Email>gweasley@hogwarts.co.uk</Email>
      </Author>
    </Authors>
    <name>Book2</name>
  </book>
  <book year="2014" isbn="ISBN83763550019---11">
    <Authors>
      <Author>
        <Name>Fred</Name>
        <Email>fweasley@hogwarts.co.uk</Email>
      </Author>
      <Author>
        <Name>George</Name>
        <Email>gweasley@hogwarts.co.uk</Email>
      </Author>
    </Authors>
    <name>Book1</name>
  </book>
  <book year="2014" isbn="ISBN83763550019---11">
    <Authors>
      <Author>
        <Name>Fred</Name>
        <Email>fweasley@hogwarts.co.uk</Email>
      </Author>
      <Author>
        <Name>George</Name>
        <Email>gweasley@hogwarts.co.uk</Email>
      </Author>
    </Authors>
    <name>Book2</name>
  </book>
  <book year="2014" isbn="ISBN83763550019---11">
    <Authors>
      <Author>
        <Name>Fred</Name>
        <Email>fweasley@hogwarts.co.uk</Email>
      </Author>
      <Author>
        <Name>George</Name>
        <Email>gweasley@hogwarts.co.uk</Email>
      </Author>
    </Authors>
    <name>Book1</name>
  </book>
  <book year="2014" isbn="ISBN83763550019---11">
    <Authors>
      <Author>
        <Name>Fred</Name>
        <Email>fweasley@hogwarts.co.uk</Email>
      </Author>
      <Author>
        <Name>George</Name>
        <Email>gweasley@hogwarts.co.uk</Email>
      </Author>
    </Authors>
    <name>Book2</name>
  </book>
  <book year="2014" isbn="ISBN83763550019---11">
    <Authors>
      <Author>
        <Name>Fred</Name>
        <Email>fweasley@hogwarts.co.uk</Email>
      </Author>
      <Author>
        <Name>George</Name>
        <Email>gweasley@hogwarts.co.uk</Email>
      </Author>
    </Authors>
    <name>Book1</name>
  </book>
  <book year="2014" isbn="ISBN83763550019---11">
    <Authors>
      <Author>
        <Name>Fred</Name>
        <Email>fweasley@hogwarts.co.uk</Email>
      </Author>
      <Author>
        <Name>George</Name>
        <Email>gweasley@hogwarts.co.uk</Email>
      </Author>
    </Authors>
    <name>Book2</name>
  </book>
  <book year="2014" isbn="ISBN83763550019---11">
    <Authors>
      <Author>
        <Name>Fred</Name>
        <Email>fweasley@hogwarts.co.uk</Email>
      </Author>
      <Author>
        <Name>George</Name>
        <Email>gweasley@hogwarts.co.uk</Email>
      </Author>
    </Authors>
    <name>Book1</name>
  </book>
  <book year="2014" isbn="ISBN83763550019---11">
    <Authors>
      <Author>
        <Name>Fred</Name>
        <Email>fweasley@hogwarts.co.uk</Email>
      </Author>
      <Author>
        <Name>George</Name>
        <Email>gweasley@hogwarts.co.uk</Email>
      </Author>
    </Authors>
    <name>Book2</name>
  </book>
  <book year="2014" isbn="ISBN83763550019---11">
    <Authors>
      <Author>
        <Name>Fred</Name>
        <Email>fweasley@hogwarts.co.uk</Email>
      </Author>
      <Author>
        <Name>George</Name>
        <Email>gweasley@hogwarts.co.uk</Email>
      </Author>
    </Authors>
    <name>Book1</name>
  </book>
  <book year="2014" isbn="ISBN83763550019---11">
    <Authors>
      <Author>
        <Name>Fred</Name>
        <Email>fweasley@hogwarts.co.uk</Email>
      </Author>
      <Author>
        <Name>George</Name>
        <Email>gweasley@hogwarts.co.uk</Email>
      </Author>
    </Authors>
    <name>Book2</name>
  </book>
  <book year="2014" isbn="ISBN83763550019---11">
    <Authors>
      <Author>
        <Name>Fred</Name>
        <Email>fweasley@hogwarts.co.uk</Email>
      </Author>
      <Author>
        <Name>George</Name>
        <Email>gweasley@hogwarts.co.uk</Email>
      </Author>
    </Authors>
    <name>Book1</name>
  </book>
  <book year="2014" isbn="ISBN83763550019---11">
    <Authors>
      <Author>
        <Name>Fred</Name>
        <Email>fweasley@hogwarts.co.uk</Email>
      </Author>
      <Author>
        <Name>George</Name>
        <Email>gweasley@hogwarts.co.uk</Email>
      </Author>
    </Authors>
    <name>Book2</name>
  </book>
  <book year="2014" isbn="ISBN83763550019---11">
    <Authors>
      <Author>
        <Name>Fred</Name>
        <Email>fweasley@hogwarts.co.uk</Email>
      </Author>
      <Author>
        <Name>George</Name>
        <Email>gweasley@hogwarts.co.uk</Email>
      </Author>
    </Authors>
    <name>Book1</name>
  </book>
  <book year="2014" isbn="ISBN83763550019---11">
    <Authors>
      <Author>
        <Name>Fred</Name>
        <Email>fweasley@hogwarts.co.uk</Email>
      </Author>
      <Author>
        <Name>George</Name>
        <Email>gweasley@hogwarts.co.uk</Email>
      </Author>
    </Authors>
    <name>Book2</name>
  </book>
  <book year="2014" isbn="ISBN83763550019---11">
    <Authors>
      <Author>
        <Name>Fred</Name>
        <Email>fweasley@hogwarts.co.uk</Email>
      </Author>
      <Author>
        <Name>George</Name>
        <Email>gweasley@hogwarts.co.uk</Email>
      </Author>
    </Authors>
    <name>Book1</name>
  </book>
  <book year="2014" isbn="ISBN83763550019---11">
    <Authors>
      <Author>
        <Name>Fred</Name>
        <Email>fweasley@hogwarts.co.uk</Email>
      </Author>
      <Author>
        <Name>George</Name>
        <Email>gweasley@hogwarts.co.uk</Email>
      </Author>
    </Authors>
    <name>Book2</name>
  </book>
  <book year="2014" isbn="ISBN83763550019---11">
    <Authors>
      <Author>
        <Name>Fred</Name>
        <Email>fweasley@hogwarts.co.uk</Email>
      </Author>
      <Author>
        <Name>George</Name>
        <Email>gweasley@hogwarts.co.uk</Email>
      </Author>
    </Authors>
    <name>Book1</name>
  </book>
  <book year="2014" isbn="ISBN83763550019---11">
    <Authors>
      <Author>
        <Name>Fred</Name>
        <Email>fweasley@hogwarts.co.uk</Email>
      </Author>
      <Author>
        <Name>George</Name>
        <Email>gweasley@hogwarts.co.uk</Email>
      </Author>
    </Authors>
    <name>Book2</name>
  </book>
  <book year="2014" isbn="ISBN83763550019---11">
    <Authors>
      <Author>
        <Name>Fred</Name>
        <Email>fweasley@hogwarts.co.uk</Email>
      </Author>
      <Author>
        <Name>George</Name>
        <Email>gweasley@hogwarts.co.uk</Email>
      </Author>
    </Authors>
    <name>Book1</name>
  </book>
  <book year="2014" isbn="ISBN83763550019---11">
    <Authors>
      <Author>
        <Name>Fred</Name>
        <Email>fweasley@hogwarts.co.uk</Email>
      </Author>
      <Author>
        <Name>George</Name>
        <Email>gweasley@hogwarts.co.uk</Email>
      </Author>
    </Authors>
    <name>Book2</name>
  </book>
  <book year="2014" isbn="ISBN83763550019---11">
    <Authors>
      <Author>
        <Name>Fred</Name>
        <Email>fweasley@hogwarts.co.uk</Email>
      </Author>
      <Author>
        <Name>George</Name>
        <Email>gweasley@hogwarts.co.uk</Email>
      </Author>
    </Authors>
    <name>Book1</name>
  </book>
  <book year="2014" isbn="ISBN83763550019---11">
    <Authors>
      <Author>
        <Name>Fred</Name>
        <Email>fweasley@hogwarts.co.uk</Email>
      </Author>
      <Author>
        <Name>George</Name>
        <Email>gweasley@hogwarts.co.uk</Email>
      </Author>
    </Authors>
    <name>Book2</name>
  </book>
  <book year="2014" isbn="ISBN83763550019---11">
    <Authors>
      <Author>
        <Name>Fred</Name>
        <Email>fweasley@hogwarts.co.uk</Email>
      </Author>
      <Author>
        <Name>George</Name>
        <Email>gweasley@hogwarts.co.uk</Email>
      </Author>
    </Authors>
    <name>Book1</name>
  </book>
  <book year="2014" isbn="ISBN83763550019---11">
    <Authors>
      <Author>
        <Name>Fred</Name>
        <Email>fweasley@hogwarts.co.uk</Email>
      </Author>
      <Author>
        <Name>George</Name>
        <Email>gweasley@hogwarts.co.uk</Email>
      </Author>
    </Authors>
    <name>Book2</name>
  </book>
  <book year="2014" isbn="ISBN83763550019---11">
    <Authors>
      <Author>
        <Name>Fred</Name>
        <Email>fweasley@hogwarts.co.uk</Email>
      </Author>
      <Author>
        <Name>George</Name>
        <Email>gweasley@hogwarts.co.uk</Email>
      </Author>
    </Authors>
    <name>Book1</name>
  </book>
  <book year="2014" isbn="ISBN83763550019---11">
    <Authors>
      <Author>
        <Name>Fred</Name>
        <Email>fweasley@hogwarts.co.uk</Email>
      </Author>
      <Author>
        <Name>George</Name>
        <Email>gweasley@hogwarts.co.uk</Email>
      </Author>
    </Authors>
    <name>Book2</name>
  </book>
  <book year="2014" isbn="ISBN83763550019---11">
    <Authors>
      <Author>
        <Name>Fred</Name>
        <Email>fweasley@hogwarts.co.uk</Email>
      </Author>
      <Author>
        <Name>George</Name>
        <Email>gweasley@hogwarts.co.uk</Email>
      </Author>
    </Authors>
    <name>Book1</name>
  </book>
  <book year="2014" isbn="ISBN83763550019---11">
    <Authors>
      <Author>
        <Name>Fred</Name>
        <Email>fweasley@hogwarts.co.uk</Email>
      </Author>
      <Author>
        <Name>George</Name>
        <Email>gweasley@hogwarts.co.uk</Email>
      </Author>
    </Authors>
    <name>Book2</name>
  </book>
  <book year="2014" isbn="ISBN83763550019---11">
    <Authors>
      <Author>
        <Name>Fred</Name>
        <Email>fweasley@hogwarts.co.uk</Email>
      </Author>
      <Author>
        <Name>George</Name>
        <Email>gweasley@hogwarts.co.uk</Email>
      </Author>
    </Authors>
    <name>Book1</name>
  </book>
  <book year="2014" isbn="ISBN83763550019---11">
    <Authors>
      <Author>
        <Name>Fred</Name>
        <Email>fweasley@hogwarts.co.uk</Email>
      </Author>
      <Author>
        <Name>George</Name>
        <Email>gweasley@hogwarts.co.uk</Email>
      </Author>
    </Authors>
    <name>Book2</name>
  </book>
  <book year="2014" isbn="ISBN83763550019---11">
    <Authors>
      <Author>
        <Name>Fred</Name>
        <Email>fweasley@hogwarts.co.uk</Email>
      </Author>
      <Author>
        <Name>George</Name>
        <Email>gweasley@hogwarts.co.uk</Email>
      </Author>
    </Authors>
    <name>Book1</name>
  </book>
  <book year="2014" isbn="ISBN83763550019---11">
    <Authors>
      <Author>
        <Name>Fred</Name>
        <Email>fweasley@hogwarts.co.uk</Email>
      </Author>
      <Author>
        <Name>George</Name>
        <Email>gweasley@hogwarts.co.uk</Email>
      </Author>
    </Authors>
    <name>Book2</name>
  </book>
  <book year="2014" isbn="ISBN83763550019---11">
    <Authors>
      <Author>
        <Name>Fred</Name>
        <Email>fweasley@hogwarts.co.uk</Email>
      </Author>
      <Author>
        <Name>George</Name>
        <Email>gweasley@hogwarts.co.uk</Email>
      </Author>
    </Authors>
    <name>Book1</name>
  </book>
  <book year="2014" isbn="ISBN83763550019---11">
    <Authors>
      <Author>
        <Name>Fred</Name>
        <Email>fweasley@hogwarts.co.uk</Email>
      </Author>
      <Author>
        <Name>George</Name>
        <Email>gweasley@hogwarts.co.uk</Email>
      </Author>
    </Authors>
    <name>Book2</name>
  </book>
  <book year="2014" isbn="ISBN83763550019---11">
    <Authors>
      <Author>
        <Name>Fred</Name>
        <Email>fweasley@hogwarts.co.uk</Email>
      </Author>
      <Author>
        <Name>George</Name>
        <Email>gweasley@hogwarts.co.uk</Email>
      </Author>
    </Authors>
    <name>Book1</name>
  </book>
  <book year="2014" isbn="ISBN83763550019---11">
    <Authors>
      <Author>
        <Name>Fred</Name>
        <Email>fweasley@hogwarts.co.uk</Email>
      </Author>
      <Author>
        <Name>George</Name>
        <Email>gweasley@hogwarts.co.uk</Email>
      </Author>
    </Authors>
    <name>Book2</name>
  </book>
  <book year="2014" isbn="ISBN83763550019---11">
    <Authors>
      <Author>
        <Name>Fred</Name>
        <Email>fweasley@hogwarts.co.uk</Email>
      </Author>
      <Author>
        <Name>George</Name>
        <Email>gweasley@hogwarts.co.uk</Email>
      </Author>
    </Authors>
    <name>Book1</name>
  </book>
  <book year="2014" isbn="ISBN83763550019---11">
    <Authors>
      <Author>
        <Name>Fred</Name>
        <Email>fweasley@hogwarts.co.uk</Email>
      </Author>
      <Author>
        <Name>George</Name>
        <Email>gweasley@hogwarts.co.uk</Email>
      </Author>
    </Authors>
    <name>Book2</name>
  </book>
  <book year="2014" isbn="ISBN83763550019---11">
    <Authors>
      <Author>
        <Name>Fred</Name>
        <Email>fweasley@hogwarts.co.uk</Email>
      </Author>
      <Author>
        <Name>George</Name>
        <Email>gweasley@hogwarts.co.uk</Email>
      </Author>
    </Authors>
    <name>Book1</name>
  </book>
  <book year="2014" isbn="ISBN83763550019---11">
    <Authors>
      <Author>
        <Name>Fred</Name>
        <Email>fweasley@hogwarts.co.uk</Email>
      </Author>
      <Author>
        <Name>George</Name>
        <Email>gweasley@hogwarts.co.uk</Email>
      </Author>
    </Authors>
    <name>Book2</name>
  </book>
  <book year="2014" isbn="ISBN83763550019---11">
    <Authors>
      <Author>
        <Name>Fred</Name>
        <Email>fweasley@hogwarts.co.uk</Email>
      </Author>
      <Author>
        <Name>George</Name>
        <Email>gweasley@hogwarts.co.uk</Email>
      </Author>
    </Authors>
    <name>Book1</name>
  </book>
  <book year="2014" isbn="ISBN83763550019---11">
    <Authors>
      <Author>
        <Name>Fred</Name>
        <Email>fweasley@hogwarts.co.uk</Email>
      </Author>
      <Author>
        <Name>George</Name>
        <Email>gweasley@hogwarts.co.uk</Email>
      </Author>
    </Authors>
    <name>Book2</name>
  </book>
  <book year="2014" isbn="ISBN83763550019---11">
    <Authors>
      <Author>
        <Name>Fred</Name>
        <Email>fweasley@hogwarts.co.uk</Email>
      </Author>
      <Author>
        <Name>George</Name>
        <Email>gweasley@hogwarts.co.uk</Email>
      </Author>
    </Authors>
    <name>Book1</name>
  </book>
  <book year="2014" isbn="ISBN83763550019---11">
    <Authors>
      <Author>
        <Name>Fred</Name>
        <Email>fweasley@hogwarts.co.uk</Email>
      </Author>
      <Author>
        <Name>George</Name>
        <Email>gweasley@hogwarts.co.uk</Email>
      </Author>
    </Authors>
    <name>Book2</name>
  </book>
  <book year="2014" isbn="ISBN83763550019---11">
    <Authors>
      <Author>
        <Name>Fred</Name>
        <Email>fweasley@hogwarts.co.uk</Email>
      </Author>
      <Author>
        <Name>George</Name>
        <Email>gweasley@hogwarts.co.uk</Email>
      </Author>
    </Authors>
    <name>Book1</name>
  </book>
  <book year="2014" isbn="ISBN83763550019---11">
    <Authors>
      <Author>
        <Name>Fred</Name>
        <Email>fweasley@hogwarts.co.uk</Email>
      </Author>
      <Author>
        <Name>George</Name>
        <Email>gweasley@hogwarts.co.uk</Email>
      </Author>
    </Authors>
    <name>Book2</name>
  </book>
  <book year="2014" isbn="ISBN83763550019---11">
    <Authors>
      <Author>
        <Name>Fred</Name>
        <Email>fweasley@hogwarts.co.uk</Email>
      </Author>
      <Author>
        <Name>George</Name>
        <Email>gweasley@hogwarts.co.uk</Email>
      </Author>
    </Authors>
    <name>Book1</name>
  </book>
  <book year="2014" isbn="ISBN83763550019---11">
    <Authors>
      <Author>
        <Name>Fred</Name>
        <Email>fweasley@hogwarts.co.uk</Email>
      </Author>
      <Author>
        <Name>George</Name>
        <Email>gweasley@hogwarts.co.uk</Email>
      </Author>
    </Authors>
    <name>Book2</name>
  </book>
  <book year="2014" isbn="ISBN83763550019---11">
    <Authors>
      <Author>
        <Name>Fred</Name>
        <Email>fweasley@hogwarts.co.uk</Email>
      </Author>
      <Author>
        <Name>George</Name>
        <Email>gweasley@hogwarts.co.uk</Email>
      </Author>
    </Authors>
    <name>Book1</name>
  </book>
  <book year="2014" isbn="ISBN83763550019---11">
    <Authors>
      <Author>
        <Name>Fred</Name>
        <Email>fweasley@hogwarts.co.uk</Email>
      </Author>
      <Author>
        <Name>George</Name>
        <Email>gweasley@hogwarts.co.uk</Email>
      </Author>
    </Authors>
    <name>Book2</name>
  </book>
  <book year="2014" isbn="ISBN83763550019---11">
    <Authors>
      <Author>
        <Name>Fred</Name>
        <Email>fweasley@hogwarts.co.uk</Email>
      </Author>
      <Author>
        <Name>George</Name>
        <Email>gweasley@hogwarts.co.uk</Email>
      </Author>
    </Authors>
    <name>Book1</name>
  </book>
  <book year="2014" isbn="ISBN83763550019---11">
    <Authors>
      <Author>
        <Name>Fred</Name>
        <Email>fweasley@hogwarts.co.uk</Email>
      </Author>
      <Author>
        <Name>George</Name>
        <Email>gweasley@hogwarts.co.uk</Email>
      </Author>
    </Authors>
    <name>Book2</name>
  </book>
  <book year="2014" isbn="ISBN83763550019---11">
    <Authors>
      <Author>
        <Name>Fred</Name>
        <Email>fweasley@hogwarts.co.uk</Email>
      </Author>
      <Author>
        <Name>George</Name>
        <Email>gweasley@hogwarts.co.uk</Email>
      </Author>
    </Authors>
    <name>Book1</name>
  </book>
  <book year="2014" isbn="ISBN83763550019---11">
    <Authors>
      <Author>
        <Name>Fred</Name>
        <Email>fweasley@hogwarts.co.uk</Email>
      </Author>
      <Author>
        <Name>George</Name>
        <Email>gweasley@hogwarts.co.uk</Email>
      </Author>
    </Authors>
    <name>Book2</name>
  </book>
  <book year="2014" isbn="ISBN83763550019---11">
    <Authors>
      <Author>
        <Name>Fred</Name>
        <Email>fweasley@hogwarts.co.uk</Email>
      </Author>
      <Author>
        <Name>George</Name>
        <Email>gweasley@hogwarts.co.uk</Email>
      </Author>
    </Authors>
    <name>Book1</name>
  </book>
  <book year="2014" isbn="ISBN83763550019---11">
    <Authors>
      <Author>
        <Name>Fred</Name>
        <Email>fweasley@hogwarts.co.uk</Email>
      </Author>
      <Author>
        <Name>George</Name>
        <Email>gweasley@hogwarts.co.uk</Email>
      </Author>
    </Authors>
    <name>Book2</name>
  </book>
  <book year="2014" isbn="ISBN83763550019---11">
    <Authors>
      <Author>
        <Name>Fred</Name>
        <Email>fweasley@hogwarts.co.uk</Email>
      </Author>
      <Author>
        <Name>George</Name>
        <Email>gweasley@hogwarts.co.uk</Email>
      </Author>
    </Authors>
    <name>Book1</name>
  </book>
  <book year="2014" isbn="ISBN83763550019---11">
    <Authors>
      <Author>
        <Name>Fred</Name>
        <Email>fweasley@hogwarts.co.uk</Email>
      </Author>
      <Author>
        <Name>George</Name>
        <Email>gweasley@hogwarts.co.uk</Email>
      </Author>
    </Authors>
    <name>Book2</name>
  </book>
  <book year="2014" isbn="ISBN83763550019---11">
    <Authors>
      <Author>
        <Name>Fred</Name>
        <Email>fweasley@hogwarts.co.uk</Email>
      </Author>
      <Author>
        <Name>George</Name>
        <Email>gweasley@hogwarts.co.uk</Email>
      </Author>
    </Authors>
    <name>Book1</name>
  </book>
  <book year="2014" isbn="ISBN83763550019---11">
    <Authors>
      <Author>
        <Name>Fred</Name>
        <Email>fweasley@hogwarts.co.uk</Email>
      </Author>
      <Author>
        <Name>George</Name>
        <Email>gweasley@hogwarts.co.uk</Email>
      </Author>
    </Authors>
    <name>Book2</name>
  </book>
  <book year="2014" isbn="ISBN83763550019---11">
    <Authors>
      <Author>
        <Name>Fred</Name>
        <Email>fweasley@hogwarts.co.uk</Email>
      </Author>
      <Author>
        <Name>George</Name>
        <Email>gweasley@hogwarts.co.uk</Email>
      </Author>
    </Authors>
    <name>Book1</name>
  </book>
  <book year="2014" isbn="ISBN83763550019---11">
    <Authors>
      <Author>
        <Name>Fred</Name>
        <Email>fweasley@hogwarts.co.uk</Email>
      </Author>
      <Author>
        <Name>George</Name>
        <Email>gweasley@hogwarts.co.uk</Email>
      </Author>
    </Authors>
    <name>Book2</name>
  </book>
  <book year="2014" isbn="ISBN83763550019---11">
    <Authors>
      <Author>
        <Name>Fred</Name>
        <Email>fweasley@hogwarts.co.uk</Email>
      </Author>
      <Author>
        <Name>George</Name>
        <Email>gweasley@hogwarts.co.uk</Email>
      </Author>
    </Authors>
    <name>Book1</name>
  </book>
  <book year="2014" isbn="ISBN83763550019---11">
    <Authors>
      <Author>
        <Name>Fred</Name>
        <Email>fweasley@hogwarts.co.uk</Email>
      </Author>
      <Author>
        <Name>George</Name>
        <Email>gweasley@hogwarts.co.uk</Email>
      </Author>
    </Authors>
    <name>Book2</name>
  </book>
  <book year="2014" isbn="ISBN83763550019---11">
    <Authors>
      <Author>
        <Name>Fred</Name>
        <Email>fweasley@hogwarts.co.uk</Email>
      </Author>
      <Author>
        <Name>George</Name>
        <Email>gweasley@hogwarts.co.uk</Email>
      </Author>
    </Authors>
    <name>Book1</name>
  </book>
  <book year="2014" isbn="ISBN83763550019---11">
    <Authors>
      <Author>
        <Name>Fred</Name>
        <Email>fweasley@hogwarts.co.uk</Email>
      </Author>
      <Author>
        <Name>George</Name>
        <Email>gweasley@hogwarts.co.uk</Email>
      </Author>
    </Authors>
    <name>Book2</name>
  </book>
  <book year="2014" isbn="ISBN83763550019---11">
    <Authors>
      <Author>
        <Name>Fred</Name>
        <Email>fweasley@hogwarts.co.uk</Email>
      </Author>
      <Author>
        <Name>George</Name>
        <Email>gweasley@hogwarts.co.uk</Email>
      </Author>
    </Authors>
    <name>Book1</name>
  </book>
  <book year="2014" isbn="ISBN83763550019---11">
    <Authors>
      <Author>
        <Name>Fred</Name>
        <Email>fweasley@hogwarts.co.uk</Email>
      </Author>
      <Author>
        <Name>George</Name>
        <Email>gweasley@hogwarts.co.uk</Email>
      </Author>
    </Authors>
    <name>Book2</name>
  </book>
  <book year="2014" isbn="ISBN83763550019---11">
    <Authors>
      <Author>
        <Name>Fred</Name>
        <Email>fweasley@hogwarts.co.uk</Email>
      </Author>
      <Author>
        <Name>George</Name>
        <Email>gweasley@hogwarts.co.uk</Email>
      </Author>
    </Authors>
    <name>Book1</name>
  </book>
  <book year="2014" isbn="ISBN83763550019---11">
    <Authors>
      <Author>
        <Name>Fred</Name>
        <Email>fweasley@hogwarts.co.uk</Email>
      </Author>
      <Author>
        <Name>George</Name>
        <Email>gweasley@hogwarts.co.uk</Email>
      </Author>
    </Authors>
    <name>Book2</name>
  </book>
  <book year="2014" isbn="ISBN83763550019---11">
    <Authors>
      <Author>
        <Name>Fred</Name>
        <Email>fweasley@hogwarts.co.uk</Email>
      </Author>
      <Author>
        <Name>George</Name>
        <Email>gweasley@hogwarts.co.uk</Email>
      </Author>
    </Authors>
    <name>Book1</name>
  </book>
  <book year="2014" isbn="ISBN83763550019---11">
    <Authors>
      <Author>
        <Name>Fred</Name>
        <Email>fweasley@hogwarts.co.uk</Email>
      </Author>
      <Author>
        <Name>George</Name>
        <Email>gweasley@hogwarts.co.uk</Email>
      </Author>
    </Authors>
    <name>Book2</name>
  </book>
  <book year="2014" isbn="ISBN83763550019---11">
    <Authors>
      <Author>
        <Name>Fred</Name>
        <Email>fweasley@hogwarts.co.uk</Email>
      </Author>
      <Author>
        <Name>George</Name>
        <Email>gweasley@hogwarts.co.uk</Email>
      </Author>
    </Authors>
    <name>Book1</name>
  </book>
  <book year="2014" isbn="ISBN83763550019---11">
    <Authors>
      <Author>
        <Name>Fred</Name>
        <Email>fweasley@hogwarts.co.uk</Email>
      </Author>
      <Author>
        <Name>George</Name>
        <Email>gweasley@hogwarts.co.uk</Email>
      </Author>
    </Authors>
    <name>Book2</name>
  </book>
  <book year="2014" isbn="ISBN83763550019---11">
    <Authors>
      <Author>
        <Name>Fred</Name>
        <Email>fweasley@hogwarts.co.uk</Email>
      </Author>
      <Author>
        <Name>George</Name>
        <Email>gweasley@hogwarts.co.uk</Email>
      </Author>
    </Authors>
    <name>Book1</name>
  </book>
  <book year="2014" isbn="ISBN83763550019---11">
    <Authors>
      <Author>
        <Name>Fred</Name>
        <Email>fweasley@hogwarts.co.uk</Email>
      </Author>
      <Author>
        <Name>George</Name>
        <Email>gweasley@hogwarts.co.uk</Email>
      </Author>
    </Authors>
    <name>Book2</name>
  </book>
  <book year="2014" isbn="ISBN83763550019---11">
    <Authors>
      <Author>
        <Name>Fred</Name>
        <Email>fweasley@hogwarts.co.uk</Email>
      </Author>
      <Author>
        <Name>George</Name>
        <Email>gweasley@hogwarts.co.uk</Email>
      </Author>
    </Authors>
    <name>Book1</name>
  </book>
  <book year="2014" isbn="ISBN83763550019---11">
    <Authors>
      <Author>
        <Name>Fred</Name>
        <Email>fweasley@hogwarts.co.uk</Email>
      </Author>
      <Author>
        <Name>George</Name>
        <Email>gweasley@hogwarts.co.uk</Email>
      </Author>
    </Authors>
    <name>Book2</name>
  </book>
  <book year="2014" isbn="ISBN83763550019---11">
    <Authors>
      <Author>
        <Name>Fred</Name>
        <Email>fweasley@hogwarts.co.uk</Email>
      </Author>
      <Author>
        <Name>George</Name>
        <Email>gweasley@hogwarts.co.uk</Email>
      </Author>
    </Authors>
    <name>Book1</name>
  </book>
  <book year="2014" isbn="ISBN83763550019---11">
    <Authors>
      <Author>
        <Name>Fred</Name>
        <Email>fweasley@hogwarts.co.uk</Email>
      </Author>
      <Author>
        <Name>George</Name>
        <Email>gweasley@hogwarts.co.uk</Email>
      </Author>
    </Authors>
    <name>Book2</name>
  </book>
  <book year="2014" isbn="ISBN83763550019---11">
    <Authors>
      <Author>
        <Name>Fred</Name>
        <Email>fweasley@hogwarts.co.uk</Email>
      </Author>
      <Author>
        <Name>George</Name>
        <Email>gweasley@hogwarts.co.uk</Email>
      </Author>
    </Authors>
    <name>Book1</name>
  </book>
  <book year="2014" isbn="ISBN83763550019---11">
    <Authors>
      <Author>
        <Name>Fred</Name>
        <Email>fweasley@hogwarts.co.uk</Email>
      </Author>
      <Author>
        <Name>George</Name>
        <Email>gweasley@hogwarts.co.uk</Email>
      </Author>
    </Authors>
    <name>Book2</name>
  </book>
  <book year="2014" isbn="ISBN83763550019---11">
    <Authors>
      <Author>
        <Name>Fred</Name>
        <Email>fweasley@hogwarts.co.uk</Email>
      </Author>
      <Author>
        <Name>George</Name>
        <Email>gweasley@hogwarts.co.uk</Email>
      </Author>
    </Authors>
    <name>Book1</name>
  </book>
  <book year="2014" isbn="ISBN83763550019---11">
    <Authors>
      <Author>
        <Name>Fred</Name>
        <Email>fweasley@hogwarts.co.uk</Email>
      </Author>
      <Author>
        <Name>George</Name>
        <Email>gweasley@hogwarts.co.uk</Email>
      </Author>
    </Authors>
    <name>Book2</name>
  </book>
  <book year="2014" isbn="ISBN83763550019---11">
    <Authors>
      <Author>
        <Name>Fred</Name>
        <Email>fweasley@hogwarts.co.uk</Email>
      </Author>
      <Author>
        <Name>George</Name>
        <Email>gweasley@hogwarts.co.uk</Email>
      </Author>
    </Authors>
    <name>Book1</name>
  </book>
  <book year="2014" isbn="ISBN83763550019---11">
    <Authors>
      <Author>
        <Name>Fred</Name>
        <Email>fweasley@hogwarts.co.uk</Email>
      </Author>
      <Author>
        <Name>George</Name>
        <Email>gweasley@hogwarts.co.uk</Email>
      </Author>
    </Authors>
    <name>Book2</name>
  </book>
  <book year="2014" isbn="ISBN83763550019---11">
    <Authors>
      <Author>
        <Name>Fred</Name>
        <Email>fweasley@hogwarts.co.uk</Email>
      </Author>
      <Author>
        <Name>George</Name>
        <Email>gweasley@hogwarts.co.uk</Email>
      </Author>
    </Authors>
    <name>Book1</name>
  </book>
  <book year="2014" isbn="ISBN83763550019---11">
    <Authors>
      <Author>
        <Name>Fred</Name>
        <Email>fweasley@hogwarts.co.uk</Email>
      </Author>
      <Author>
        <Name>George</Name>
        <Email>gweasley@hogwarts.co.uk</Email>
      </Author>
    </Authors>
    <name>Book2</name>
  </book>
  <book year="2014" isbn="ISBN83763550019---11">
    <Authors>
      <Author>
        <Name>Fred</Name>
        <Email>fweasley@hogwarts.co.uk</Email>
      </Author>
      <Author>
        <Name>George</Name>
        <Email>gweasley@hogwarts.co.uk</Email>
      </Author>
    </Authors>
    <name>Book1</name>
  </book>
  <book year="2014" isbn="ISBN83763550019---11">
    <Authors>
      <Author>
        <Name>Fred</Name>
        <Email>fweasley@hogwarts.co.uk</Email>
      </Author>
      <Author>
        <Name>George</Name>
        <Email>gweasley@hogwarts.co.uk</Email>
      </Author>
    </Authors>
    <name>Book2</name>
  </book>
  <book year="2014" isbn="ISBN83763550019---11">
    <Authors>
      <Author>
        <Name>Fred</Name>
        <Email>fweasley@hogwarts.co.uk</Email>
      </Author>
      <Author>
        <Name>George</Name>
        <Email>gweasley@hogwarts.co.uk</Email>
      </Author>
    </Authors>
    <name>Book1</name>
  </book>
  <book year="2014" isbn="ISBN83763550019---11">
    <Authors>
      <Author>
        <Name>Fred</Name>
        <Email>fweasley@hogwarts.co.uk</Email>
      </Author>
      <Author>
        <Name>George</Name>
        <Email>gweasley@hogwarts.co.uk</Email>
      </Author>
    </Authors>
    <name>Book2</name>
  </book>
  <book year="2014" isbn="ISBN83763550019---11">
    <Authors>
      <Author>
        <Name>Fred</Name>
        <Email>fweasley@hogwarts.co.uk</Email>
      </Author>
      <Author>
        <Name>George</Name>
        <Email>gweasley@hogwarts.co.uk</Email>
      </Author>
    </Authors>
    <name>Book1</name>
  </book>
  <book year="2014" isbn="ISBN83763550019---11">
    <Authors>
      <Author>
        <Name>Fred</Name>
        <Email>fweasley@hogwarts.co.uk</Email>
      </Author>
      <Author>
        <Name>George</Name>
        <Email>gweasley@hogwarts.co.uk</Email>
      </Author>
    </Authors>
    <name>Book2</name>
  </book>
  <book year="2014" isbn="ISBN83763550019---11">
    <Authors>
      <Author>
        <Name>Fred</Name>
        <Email>fweasley@hogwarts.co.uk</Email>
      </Author>
      <Author>
        <Name>George</Name>
        <Email>gweasley@hogwarts.co.uk</Email>
      </Author>
    </Authors>
    <name>Book1</name>
  </book>
  <book year="2014" isbn="ISBN83763550019---11">
    <Authors>
      <Author>
        <Name>Fred</Name>
        <Email>fweasley@hogwarts.co.uk</Email>
      </Author>
      <Author>
        <Name>George</Name>
        <Email>gweasley@hogwarts.co.uk</Email>
      </Author>
    </Authors>
    <name>Book2</name>
  </book>
  <book year="2014" isbn="ISBN83763550019---11">
    <Authors>
      <Author>
        <Name>Fred</Name>
        <Email>fweasley@hogwarts.co.uk</Email>
      </Author>
      <Author>
        <Name>George</Name>
        <Email>gweasley@hogwarts.co.uk</Email>
      </Author>
    </Authors>
    <name>Book1</name>
  </book>
  <book year="2014" isbn="ISBN83763550019---11">
    <Authors>
      <Author>
        <Name>Fred</Name>
        <Email>fweasley@hogwarts.co.uk</Email>
      </Author>
      <Author>
        <Name>George</Name>
        <Email>gweasley@hogwarts.co.uk</Email>
      </Author>
    </Authors>
    <name>Book2</name>
  </book>
  <book year="2014" isbn="ISBN83763550019---11">
    <Authors>
      <Author>
        <Name>Fred</Name>
        <Email>fweasley@hogwarts.co.uk</Email>
      </Author>
      <Author>
        <Name>George</Name>
        <Email>gweasley@hogwarts.co.uk</Email>
      </Author>
    </Authors>
    <name>Book1</name>
  </book>
  <book year="2014" isbn="ISBN83763550019---11">
    <Authors>
      <Author>
        <Name>Fred</Name>
        <Email>fweasley@hogwarts.co.uk</Email>
      </Author>
      <Author>
        <Name>George</Name>
        <Email>gweasley@hogwarts.co.uk</Email>
      </Author>
    </Authors>
    <name>Book2</name>
  </book>
  <book year="2014" isbn="ISBN83763550019---11">
    <Authors>
      <Author>
        <Name>Fred</Name>
        <Email>fweasley@hogwarts.co.uk</Email>
      </Author>
      <Author>
        <Name>George</Name>
        <Email>gweasley@hogwarts.co.uk</Email>
      </Author>
    </Authors>
    <name>Book1</name>
  </book>
  <book year="2014" isbn="ISBN83763550019---11">
    <Authors>
      <Author>
        <Name>Fred</Name>
        <Email>fweasley@hogwarts.co.uk</Email>
      </Author>
      <Author>
        <Name>George</Name>
        <Email>gweasley@hogwarts.co.uk</Email>
      </Author>
    </Authors>
    <name>Book2</name>
  </book>
  <book year="2014" isbn="ISBN83763550019---11">
    <Authors>
      <Author>
        <Name>Fred</Name>
        <Email>fweasley@hogwarts.co.uk</Email>
      </Author>
      <Author>
        <Name>George</Name>
        <Email>gweasley@hogwarts.co.uk</Email>
      </Author>
    </Authors>
    <name>Book1</name>
  </book>
  <book year="2014" isbn="ISBN83763550019---11">
    <Authors>
      <Author>
        <Name>Fred</Name>
        <Email>fweasley@hogwarts.co.uk</Email>
      </Author>
      <Author>
        <Name>George</Name>
        <Email>gweasley@hogwarts.co.uk</Email>
      </Author>
    </Authors>
    <name>Book2</name>
  </book>
</bookstore>
